#
# There is insufficient memory for the Java Runtime Environment to continue.
# Native memory allocation (malloc) failed to allocate 1268816 bytes for Chunk::new
# Possible reasons:
#   The system is out of physical RAM or swap space
#   The process is running with CompressedOops enabled, and the Java Heap may be blocking the growth of the native heap
# Possible solutions:
#   Reduce memory load on the system
#   Increase physical memory or swap space
#   Check if swap backing store is full
#   Decrease Java heap size (-Xmx/-Xms)
#   Decrease number of Java threads
#   Decrease Java thread stack sizes (-Xss)
#   Set larger code cache with -XX:ReservedCodeCacheSize=
#   JVM is running with Unscaled Compressed Oops mode in which the Java heap is
#     placed in the first 4GB address space. The Java Heap base address is the
#     maximum limit for the native heap growth. Please use -XX:HeapBaseMinAddress
#     to set the Java Heap base and to place the Java Heap above 4GB virtual address.
# This output file may be truncated or incomplete.
#
#  Out of Memory Error (./src/hotspot/share/memory/arena.cpp:197), pid=10484, tid=1472
#
# JRE version: OpenJDK Runtime Environment (11.0.8+10) (build 11.0.8+10-b944.6842174)
# Java VM: OpenJDK 64-Bit Server VM (11.0.8+10-b944.6842174, mixed mode, tiered, compressed oops, g1 gc, windows-amd64)
# No core dump will be written. Minidumps are not enabled by default on client versions of Windows
#

---------------  S U M M A R Y ------------

Command Line: --add-opens=java.base/java.util=ALL-UNNAMED --add-opens=java.base/java.lang=ALL-UNNAMED --add-opens=java.base/java.lang.invoke=ALL-UNNAMED --add-opens=java.prefs/java.util.prefs=ALL-UNNAMED -Xmx2048m -Dfile.encoding=UTF-8 -Duser.country=US -Duser.language=en -Duser.variant org.gradle.launcher.daemon.bootstrap.GradleDaemon 6.7.1

Host: Intel(R) Core(TM) i5-7200U CPU @ 2.50GHz, 4 cores, 7G,  Windows 10 , 64 bit Build 18362 (10.0.18362.1110)
Time: Mon May 23 18:18:07 2022 Morocco Daylight Time elapsed time: 17 seconds (0d 0h 0m 17s)

---------------  T H R E A D  ---------------

Current thread (0x000002aa7e180000):  JavaThread "C2 CompilerThread1" daemon [_thread_in_native, id=1472, stack(0x000000d02e700000,0x000000d02e800000)]


Current CompileTask:
C2:  17743 5930 %     4       org.gradle.internal.instantiation.generator.AbstractClassGenerator::inspectType @ 77 (560 bytes)

Stack: [0x000000d02e700000,0x000000d02e800000]
Native frames: (J=compiled Java code, j=interpreted, Vv=VM code, C=native code)
V  [jvm.dll+0x5de50a]
V  [jvm.dll+0x7122f5]
V  [jvm.dll+0x71384d]
V  [jvm.dll+0x713f03]
V  [jvm.dll+0x23e728]
V  [jvm.dll+0xb899c]
V  [jvm.dll+0xb8e9c]
V  [jvm.dll+0x2b20e4]
V  [jvm.dll+0x502098]
V  [jvm.dll+0x1ff393]
V  [jvm.dll+0x1f917c]
V  [jvm.dll+0x1f685f]
V  [jvm.dll+0x17f32c]
V  [jvm.dll+0x205047]
V  [jvm.dll+0x203891]
V  [jvm.dll+0x6dad3f]
V  [jvm.dll+0x6d3895]
V  [jvm.dll+0x5dd4a6]
C  [ucrtbase.dll+0x210b2]
C  [KERNEL32.DLL+0x17c24]
C  [ntdll.dll+0x6d4d1]


---------------  P R O C E S S  ---------------

Threads class SMR info:
_java_thread_list=0x000002aa10917dd0, length=135, elements={
0x000002aa6cbaf800, 0x000002aa79587800, 0x000002aa79589800, 0x000002aa79f02800,
0x000002aa79f04000, 0x000002aa79f06800, 0x000002aa79f10000, 0x000002aa79f13000,
0x000002aa7a063800, 0x000002aa7a086000, 0x000002aa7c1f1800, 0x000002aa7c41b000,
0x000002aa7c953800, 0x000002aa7be19000, 0x000002aa7b10e000, 0x000002aa7b244000,
0x000002aa7c811800, 0x000002aa7b978800, 0x000002aa7c956800, 0x000002aa7c949800,
0x000002aa7be74800, 0x000002aa7be75800, 0x000002aa7be73000, 0x000002aa7be74000,
0x000002aa7c8c4000, 0x000002aa7c8c3800, 0x000002aa7c8c5000, 0x000002aa7c8c2800,
0x000002aa7c8ca000, 0x000002aa7c8cb800, 0x000002aa7c8c6000, 0x000002aa7c8c7800,
0x000002aa7c8c8000, 0x000002aa7c8c9000, 0x000002aa7c8cc800, 0x000002aa7c8ca800,
0x000002aa7c8c6800, 0x000002aa7c8cd000, 0x000002aa7c8ce000, 0x000002aa7c8d0800,
0x000002aa7c8cf000, 0x000002aa7c8cf800, 0x000002aa7c8d1000, 0x000002aa7dcd5000,
0x000002aa7dcd4800, 0x000002aa7dcd6000, 0x000002aa7dcd7000, 0x000002aa7dcd7800,
0x000002aa7dcd8800, 0x000002aa7e180000, 0x000002aa7dcd9800, 0x000002aa7dcde000,
0x000002aa7dcdb800, 0x000002aa7dcdb000, 0x000002aa7dcdc800, 0x000002aa7dcdd800,
0x000002aa7dcdf000, 0x000002aa7dce0000, 0x000002aa7dcda000, 0x000002aa7dce0800,
0x000002aa7dce1800, 0x000002aa7dce2000, 0x000002aa7f16b000, 0x000002aa7f16d800,
0x000002aa7f16f000, 0x000002aa7f16a800, 0x000002aa7f16c800, 0x000002aa7f16e800,
0x000002aa7f16c000, 0x000002aa7f169800, 0x000002aa7f175000, 0x000002aa7f172800,
0x000002aa7f170000, 0x000002aa7f176800, 0x000002aa7f175800, 0x000002aa7f171000,
0x000002aa7f174000, 0x000002aa7f177800, 0x000002aa7f173800, 0x000002aa7f171800,
0x000002aa7f178000, 0x000002aa7d55a000, 0x000002aa7d558800, 0x000002aa7d559800,
0x000002aa7d55c800, 0x000002aa7d55e000, 0x000002aa7d55d800, 0x000002aa7d55f000,
0x000002aa7d560000, 0x000002aa7d560800, 0x000002aa7d55b000, 0x000002aa7d55b800,
0x000002aa7d564000, 0x000002aa7d563000, 0x000002aa7d567000, 0x000002aa7d562800,
0x000002aa7d561800, 0x000002aa7d564800, 0x000002aa7d565800, 0x000002aa7d566800,
0x000002aa0ff95000, 0x000002aa0ff8f800, 0x000002aa0ff93800, 0x000002aa0ff90000,
0x000002aa0ff96000, 0x000002aa0ff92800, 0x000002aa0ff94000, 0x000002aa0ff96800,
0x000002aa0ff91000, 0x000002aa0ff92000, 0x000002aa0ff9b000, 0x000002aa0ff99000,
0x000002aa0ff98800, 0x000002aa0ff9a000, 0x000002aa0ff9b800, 0x000002aa0ff97800,
0x000002aa0ff9c800, 0x000002aa0ff9e000, 0x000002aa0ff9d000, 0x000002aa7df21000,
0x000002aa7df22800, 0x000002aa7df23800, 0x000002aa7df21800, 0x000002aa7df24000,
0x000002aa7df1f800, 0x000002aa7df25000, 0x000002aa7df26000, 0x000002aa7df20000,
0x000002aa7df28800, 0x000002aa7df29000, 0x000002aa7df2c800, 0x000002aa7df2a800,
0x000002aa7df27800, 0x000002aa7df2a000, 0x000002aa7df26800
}

Java Threads: ( => current thread )
  0x000002aa6cbaf800 JavaThread "main" [_thread_blocked, id=2772, stack(0x000000d02c300000,0x000000d02c400000)]
  0x000002aa79587800 JavaThread "Reference Handler" daemon [_thread_blocked, id=11664, stack(0x000000d02ca00000,0x000000d02cb00000)]
  0x000002aa79589800 JavaThread "Finalizer" daemon [_thread_blocked, id=4356, stack(0x000000d02cb00000,0x000000d02cc00000)]
  0x000002aa79f02800 JavaThread "Signal Dispatcher" daemon [_thread_blocked, id=1804, stack(0x000000d02cc00000,0x000000d02cd00000)]
  0x000002aa79f04000 JavaThread "Attach Listener" daemon [_thread_blocked, id=7392, stack(0x000000d02cd00000,0x000000d02ce00000)]
  0x000002aa79f06800 JavaThread "C2 CompilerThread0" daemon [_thread_blocked, id=8264, stack(0x000000d02ce00000,0x000000d02cf00000)]
  0x000002aa79f10000 JavaThread "C1 CompilerThread0" daemon [_thread_in_vm, id=7744, stack(0x000000d02cf00000,0x000000d02d000000)]
  0x000002aa79f13000 JavaThread "Sweeper thread" daemon [_thread_blocked, id=3808, stack(0x000000d02d000000,0x000000d02d100000)]
  0x000002aa7a063800 JavaThread "Common-Cleaner" daemon [_thread_blocked, id=11620, stack(0x000000d02d100000,0x000000d02d200000)]
  0x000002aa7a086000 JavaThread "Service Thread" daemon [_thread_blocked, id=5860, stack(0x000000d02d200000,0x000000d02d300000)]
  0x000002aa7c1f1800 JavaThread "Daemon health stats" [_thread_blocked, id=4036, stack(0x000000d02d700000,0x000000d02d800000)]
  0x000002aa7c41b000 JavaThread "Incoming local TCP Connector on port 51051" [_thread_in_native, id=716, stack(0x000000d02d900000,0x000000d02da00000)]
  0x000002aa7c953800 JavaThread "Daemon" [_thread_blocked, id=6448, stack(0x000000d02da00000,0x000000d02db00000)]
  0x000002aa7be19000 JavaThread "Handler for socket connection from /127.0.0.1:51051 to /127.0.0.1:51052" [_thread_in_native, id=4404, stack(0x000000d02db00000,0x000000d02dc00000)]
  0x000002aa7b10e000 JavaThread "Daemon periodic checks" [_thread_blocked, id=3056, stack(0x000000d02dc00000,0x000000d02dd00000)]
  0x000002aa7b244000 JavaThread "Cancel handler" [_thread_blocked, id=9412, stack(0x000000d02dd00000,0x000000d02de00000)]
  0x000002aa7c811800 JavaThread "Daemon worker" [_thread_in_Java, id=7796, stack(0x000000d02de00000,0x000000d02df00000)]
  0x000002aa7b978800 JavaThread "Asynchronous log dispatcher for DefaultDaemonConnection: socket connection from /127.0.0.1:51051 to /127.0.0.1:51052" [_thread_blocked, id=7764, stack(0x000000d02df00000,0x000000d02e000000)]
  0x000002aa7c956800 JavaThread "Stdin handler" [_thread_blocked, id=6400, stack(0x000000d02e000000,0x000000d02e100000)]
  0x000002aa7c949800 JavaThread "Thread-8" [_thread_blocked, id=11820, stack(0x000000d02e100000,0x000000d02e200000)]
  0x000002aa7be74800 JavaThread "Cache worker for file hash cache (C:\Users\hp\.gradle\caches\6.7.1\fileHashes)" [_thread_blocked, id=2904, stack(0x000000d02e300000,0x000000d02e400000)]
  0x000002aa7be75800 JavaThread "File lock request listener" [_thread_in_native, id=6240, stack(0x000000d02e400000,0x000000d02e500000)]
  0x000002aa7be73000 JavaThread "Cache worker for journal cache (C:\Users\hp\.gradle\caches\journal-1)" [_thread_blocked, id=4736, stack(0x000000d02e500000,0x000000d02e600000)]
  0x000002aa7be74000 JavaThread "Cache worker for file hash cache (C:\Users\hp\AndroidStudioProjects\myPharmacy\.gradle\6.7.1\fileHashes)" [_thread_blocked, id=10216, stack(0x000000d02e600000,0x000000d02e700000)]
  0x000002aa7c8c4000 JavaThread "jar transforms" [_thread_blocked, id=5704, stack(0x000000d02e800000,0x000000d02e900000)]
  0x000002aa7c8c3800 JavaThread "jar transforms Thread 2" [_thread_blocked, id=3704, stack(0x000000d02e900000,0x000000d02ea00000)]
  0x000002aa7c8c5000 JavaThread "jar transforms Thread 3" [_thread_blocked, id=4496, stack(0x000000d02ea00000,0x000000d02eb00000)]
  0x000002aa7c8c2800 JavaThread "jar transforms Thread 4" [_thread_blocked, id=7588, stack(0x000000d02eb00000,0x000000d02ec00000)]
  0x000002aa7c8ca000 JavaThread "jar transforms Thread 5" [_thread_blocked, id=4168, stack(0x000000d02ec00000,0x000000d02ed00000)]
  0x000002aa7c8cb800 JavaThread "jar transforms Thread 6" [_thread_blocked, id=6432, stack(0x000000d02ed00000,0x000000d02ee00000)]
  0x000002aa7c8c6000 JavaThread "jar transforms Thread 7" [_thread_blocked, id=3220, stack(0x000000d02ee00000,0x000000d02ef00000)]
  0x000002aa7c8c7800 JavaThread "jar transforms Thread 8" [_thread_blocked, id=12040, stack(0x000000d02ef00000,0x000000d02f000000)]
  0x000002aa7c8c8000 JavaThread "jar transforms Thread 9" [_thread_blocked, id=6184, stack(0x000000d02f000000,0x000000d02f100000)]
  0x000002aa7c8c9000 JavaThread "jar transforms Thread 10" [_thread_blocked, id=4492, stack(0x000000d02f100000,0x000000d02f200000)]
  0x000002aa7c8cc800 JavaThread "jar transforms Thread 11" [_thread_blocked, id=4976, stack(0x000000d02f200000,0x000000d02f300000)]
  0x000002aa7c8ca800 JavaThread "jar transforms Thread 12" [_thread_blocked, id=868, stack(0x000000d02f300000,0x000000d02f400000)]
  0x000002aa7c8c6800 JavaThread "jar transforms Thread 13" [_thread_blocked, id=4420, stack(0x000000d02f400000,0x000000d02f500000)]
  0x000002aa7c8cd000 JavaThread "jar transforms Thread 14" [_thread_blocked, id=3320, stack(0x000000d02f500000,0x000000d02f600000)]
  0x000002aa7c8ce000 JavaThread "jar transforms Thread 15" [_thread_blocked, id=5112, stack(0x000000d02f600000,0x000000d02f700000)]
  0x000002aa7c8d0800 JavaThread "jar transforms Thread 16" [_thread_blocked, id=1216, stack(0x000000d02f700000,0x000000d02f800000)]
  0x000002aa7c8cf000 JavaThread "jar transforms Thread 17" [_thread_blocked, id=9872, stack(0x000000d02f800000,0x000000d02f900000)]
  0x000002aa7c8cf800 JavaThread "jar transforms Thread 18" [_thread_blocked, id=7360, stack(0x000000d02f900000,0x000000d02fa00000)]
  0x000002aa7c8d1000 JavaThread "jar transforms Thread 19" [_thread_blocked, id=7228, stack(0x000000d02fa00000,0x000000d02fb00000)]
  0x000002aa7dcd5000 JavaThread "jar transforms Thread 20" [_thread_blocked, id=204, stack(0x000000d02fb00000,0x000000d02fc00000)]
  0x000002aa7dcd4800 JavaThread "jar transforms Thread 21" [_thread_blocked, id=7200, stack(0x000000d02fc00000,0x000000d02fd00000)]
  0x000002aa7dcd6000 JavaThread "Cache worker for checksums cache (C:\Users\hp\AndroidStudioProjects\myPharmacy\.gradle\checksums)" [_thread_blocked, id=7836, stack(0x000000d02fd00000,0x000000d02fe00000)]
  0x000002aa7dcd7000 JavaThread "Cache worker for cache directory md-supplier (C:\Users\hp\.gradle\caches\6.7.1\md-supplier)" [_thread_blocked, id=7096, stack(0x000000d02fe00000,0x000000d02ff00000)]
  0x000002aa7dcd7800 JavaThread "Cache worker for cache directory md-rule (C:\Users\hp\.gradle\caches\6.7.1\md-rule)" [_thread_blocked, id=5032, stack(0x000000d02ff00000,0x000000d030000000)]
  0x000002aa7dcd8800 JavaThread "Cache worker for execution history cache (C:\Users\hp\.gradle\caches\6.7.1\executionHistory)" [_thread_blocked, id=7880, stack(0x000000d030000000,0x000000d030100000)]
=>0x000002aa7e180000 JavaThread "C2 CompilerThread1" daemon [_thread_in_native, id=1472, stack(0x000000d02e700000,0x000000d02e800000)]
  0x000002aa7dcd9800 JavaThread "Cache worker for file content cache (C:\Users\hp\.gradle\caches\6.7.1\fileContent)" [_thread_blocked, id=3116, stack(0x000000d030100000,0x000000d030200000)]
  0x000002aa7dcde000 JavaThread "Cache worker for Build Output Cleanup Cache (C:\Users\hp\AndroidStudioProjects\myPharmacy\.gradle\buildOutputCleanup)" [_thread_blocked, id=4488, stack(0x000000d030200000,0x000000d030300000)]
  0x000002aa7dcdb800 JavaThread "Build operations" [_thread_blocked, id=8852, stack(0x000000d030300000,0x000000d030400000)]
  0x000002aa7dcdb000 JavaThread "Build operations Thread 2" [_thread_blocked, id=10068, stack(0x000000d030400000,0x000000d030500000)]
  0x000002aa7dcdc800 JavaThread "Build operations Thread 3" [_thread_blocked, id=2332, stack(0x000000d030500000,0x000000d030600000)]
  0x000002aa7dcdd800 JavaThread "Build operations Thread 4" [_thread_blocked, id=8820, stack(0x000000d030600000,0x000000d030700000)]
  0x000002aa7dcdf000 JavaThread "jar transforms Thread 22" [_thread_blocked, id=9908, stack(0x000000d030700000,0x000000d030800000)]
  0x000002aa7dce0000 JavaThread "jar transforms Thread 23" [_thread_blocked, id=8236, stack(0x000000d030800000,0x000000d030900000)]
  0x000002aa7dcda000 JavaThread "jar transforms Thread 24" [_thread_blocked, id=2608, stack(0x000000d030900000,0x000000d030a00000)]
  0x000002aa7dce0800 JavaThread "jar transforms Thread 25" [_thread_blocked, id=5888, stack(0x000000d030a00000,0x000000d030b00000)]
  0x000002aa7dce1800 JavaThread "jar transforms Thread 26" [_thread_blocked, id=9320, stack(0x000000d030b00000,0x000000d030c00000)]
  0x000002aa7dce2000 JavaThread "jar transforms Thread 27" [_thread_blocked, id=1720, stack(0x000000d030c00000,0x000000d030d00000)]
  0x000002aa7f16b000 JavaThread "jar transforms Thread 28" [_thread_blocked, id=10944, stack(0x000000d030d00000,0x000000d030e00000)]
  0x000002aa7f16d800 JavaThread "jar transforms Thread 29" [_thread_blocked, id=8808, stack(0x000000d030e00000,0x000000d030f00000)]
  0x000002aa7f16f000 JavaThread "jar transforms Thread 30" [_thread_blocked, id=9056, stack(0x000000d030f00000,0x000000d031000000)]
  0x000002aa7f16a800 JavaThread "jar transforms Thread 31" [_thread_blocked, id=10528, stack(0x000000d031000000,0x000000d031100000)]
  0x000002aa7f16c800 JavaThread "jar transforms Thread 32" [_thread_blocked, id=12136, stack(0x000000d031100000,0x000000d031200000)]
  0x000002aa7f16e800 JavaThread "jar transforms Thread 33" [_thread_blocked, id=2148, stack(0x000000d031200000,0x000000d031300000)]
  0x000002aa7f16c000 JavaThread "jar transforms Thread 34" [_thread_blocked, id=5064, stack(0x000000d031300000,0x000000d031400000)]
  0x000002aa7f169800 JavaThread "jar transforms Thread 35" [_thread_blocked, id=6540, stack(0x000000d031400000,0x000000d031500000)]
  0x000002aa7f175000 JavaThread "jar transforms Thread 36" [_thread_blocked, id=8068, stack(0x000000d031500000,0x000000d031600000)]
  0x000002aa7f172800 JavaThread "jar transforms Thread 37" [_thread_blocked, id=9464, stack(0x000000d031600000,0x000000d031700000)]
  0x000002aa7f170000 JavaThread "jar transforms Thread 38" [_thread_blocked, id=3792, stack(0x000000d031700000,0x000000d031800000)]
  0x000002aa7f176800 JavaThread "jar transforms Thread 39" [_thread_blocked, id=11052, stack(0x000000d031800000,0x000000d031900000)]
  0x000002aa7f175800 JavaThread "jar transforms Thread 40" [_thread_blocked, id=3712, stack(0x000000d031900000,0x000000d031a00000)]
  0x000002aa7f171000 JavaThread "jar transforms Thread 41" [_thread_blocked, id=4024, stack(0x000000d031a00000,0x000000d031b00000)]
  0x000002aa7f174000 JavaThread "jar transforms Thread 42" [_thread_blocked, id=6132, stack(0x000000d031b00000,0x000000d031c00000)]
  0x000002aa7f177800 JavaThread "jar transforms Thread 43" [_thread_blocked, id=1916, stack(0x000000d031c00000,0x000000d031d00000)]
  0x000002aa7f173800 JavaThread "jar transforms Thread 44" [_thread_blocked, id=6748, stack(0x000000d031d00000,0x000000d031e00000)]
  0x000002aa7f171800 JavaThread "jar transforms Thread 45" [_thread_blocked, id=2508, stack(0x000000d031e00000,0x000000d031f00000)]
  0x000002aa7f178000 JavaThread "jar transforms Thread 46" [_thread_blocked, id=1836, stack(0x000000d031f00000,0x000000d032000000)]
  0x000002aa7d55a000 JavaThread "jar transforms Thread 47" [_thread_blocked, id=7404, stack(0x000000d032000000,0x000000d032100000)]
  0x000002aa7d558800 JavaThread "jar transforms Thread 48" [_thread_blocked, id=9904, stack(0x000000d032100000,0x000000d032200000)]
  0x000002aa7d559800 JavaThread "jar transforms Thread 49" [_thread_blocked, id=828, stack(0x000000d032200000,0x000000d032300000)]
  0x000002aa7d55c800 JavaThread "jar transforms Thread 50" [_thread_blocked, id=10312, stack(0x000000d032300000,0x000000d032400000)]
  0x000002aa7d55e000 JavaThread "jar transforms Thread 51" [_thread_blocked, id=2952, stack(0x000000d032400000,0x000000d032500000)]
  0x000002aa7d55d800 JavaThread "jar transforms Thread 52" [_thread_blocked, id=1892, stack(0x000000d032500000,0x000000d032600000)]
  0x000002aa7d55f000 JavaThread "jar transforms Thread 53" [_thread_blocked, id=1956, stack(0x000000d032600000,0x000000d032700000)]
  0x000002aa7d560000 JavaThread "jar transforms Thread 54" [_thread_blocked, id=11516, stack(0x000000d032700000,0x000000d032800000)]
  0x000002aa7d560800 JavaThread "jar transforms Thread 55" [_thread_blocked, id=9944, stack(0x000000d032800000,0x000000d032900000)]
  0x000002aa7d55b000 JavaThread "jar transforms Thread 56" [_thread_blocked, id=2848, stack(0x000000d032900000,0x000000d032a00000)]
  0x000002aa7d55b800 JavaThread "jar transforms Thread 57" [_thread_blocked, id=11628, stack(0x000000d032a00000,0x000000d032b00000)]
  0x000002aa7d564000 JavaThread "jar transforms Thread 58" [_thread_blocked, id=3908, stack(0x000000d032b00000,0x000000d032c00000)]
  0x000002aa7d563000 JavaThread "jar transforms Thread 59" [_thread_blocked, id=5232, stack(0x000000d032c00000,0x000000d032d00000)]
  0x000002aa7d567000 JavaThread "jar transforms Thread 60" [_thread_blocked, id=6708, stack(0x000000d032d00000,0x000000d032e00000)]
  0x000002aa7d562800 JavaThread "jar transforms Thread 61" [_thread_blocked, id=4796, stack(0x000000d032e00000,0x000000d032f00000)]
  0x000002aa7d561800 JavaThread "jar transforms Thread 62" [_thread_blocked, id=8324, stack(0x000000d032f00000,0x000000d033000000)]
  0x000002aa7d564800 JavaThread "jar transforms Thread 63" [_thread_blocked, id=2976, stack(0x000000d033000000,0x000000d033100000)]
  0x000002aa7d565800 JavaThread "jar transforms Thread 64" [_thread_blocked, id=2804, stack(0x000000d033100000,0x000000d033200000)]
  0x000002aa7d566800 JavaThread "jar transforms Thread 65" [_thread_blocked, id=5156, stack(0x000000d033200000,0x000000d033300000)]
  0x000002aa0ff95000 JavaThread "jar transforms Thread 66" [_thread_blocked, id=6264, stack(0x000000d033300000,0x000000d033400000)]
  0x000002aa0ff8f800 JavaThread "jar transforms Thread 67" [_thread_blocked, id=7556, stack(0x000000d033400000,0x000000d033500000)]
  0x000002aa0ff93800 JavaThread "jar transforms Thread 68" [_thread_blocked, id=11520, stack(0x000000d033500000,0x000000d033600000)]
  0x000002aa0ff90000 JavaThread "jar transforms Thread 69" [_thread_blocked, id=9396, stack(0x000000d033600000,0x000000d033700000)]
  0x000002aa0ff96000 JavaThread "jar transforms Thread 70" [_thread_blocked, id=6668, stack(0x000000d033700000,0x000000d033800000)]
  0x000002aa0ff92800 JavaThread "jar transforms Thread 71" [_thread_blocked, id=3360, stack(0x000000d033800000,0x000000d033900000)]
  0x000002aa0ff94000 JavaThread "jar transforms Thread 72" [_thread_blocked, id=4568, stack(0x000000d033900000,0x000000d033a00000)]
  0x000002aa0ff96800 JavaThread "jar transforms Thread 73" [_thread_blocked, id=12076, stack(0x000000d033a00000,0x000000d033b00000)]
  0x000002aa0ff91000 JavaThread "jar transforms Thread 74" [_thread_blocked, id=4616, stack(0x000000d033b00000,0x000000d033c00000)]
  0x000002aa0ff92000 JavaThread "jar transforms Thread 75" [_thread_blocked, id=5148, stack(0x000000d033c00000,0x000000d033d00000)]
  0x000002aa0ff9b000 JavaThread "jar transforms Thread 76" [_thread_blocked, id=10496, stack(0x000000d033d00000,0x000000d033e00000)]
  0x000002aa0ff99000 JavaThread "jar transforms Thread 77" [_thread_blocked, id=3932, stack(0x000000d033e00000,0x000000d033f00000)]
  0x000002aa0ff98800 JavaThread "jar transforms Thread 78" [_thread_blocked, id=6868, stack(0x000000d033f00000,0x000000d034000000)]
  0x000002aa0ff9a000 JavaThread "jar transforms Thread 79" [_thread_blocked, id=4300, stack(0x000000d034000000,0x000000d034100000)]
  0x000002aa0ff9b800 JavaThread "jar transforms Thread 80" [_thread_blocked, id=5684, stack(0x000000d034100000,0x000000d034200000)]
  0x000002aa0ff97800 JavaThread "jar transforms Thread 81" [_thread_blocked, id=5724, stack(0x000000d034200000,0x000000d034300000)]
  0x000002aa0ff9c800 JavaThread "jar transforms Thread 82" [_thread_blocked, id=6068, stack(0x000000d034300000,0x000000d034400000)]
  0x000002aa0ff9e000 JavaThread "jar transforms Thread 83" [_thread_blocked, id=10200, stack(0x000000d034400000,0x000000d034500000)]
  0x000002aa0ff9d000 JavaThread "jar transforms Thread 84" [_thread_blocked, id=11424, stack(0x000000d034500000,0x000000d034600000)]
  0x000002aa7df21000 JavaThread "jar transforms Thread 85" [_thread_blocked, id=5448, stack(0x000000d034600000,0x000000d034700000)]
  0x000002aa7df22800 JavaThread "jar transforms Thread 86" [_thread_blocked, id=10188, stack(0x000000d034700000,0x000000d034800000)]
  0x000002aa7df23800 JavaThread "jar transforms Thread 87" [_thread_blocked, id=9452, stack(0x000000d034800000,0x000000d034900000)]
  0x000002aa7df21800 JavaThread "jar transforms Thread 88" [_thread_blocked, id=12264, stack(0x000000d034900000,0x000000d034a00000)]
  0x000002aa7df24000 JavaThread "jar transforms Thread 89" [_thread_blocked, id=4440, stack(0x000000d034a00000,0x000000d034b00000)]
  0x000002aa7df1f800 JavaThread "jar transforms Thread 90" [_thread_blocked, id=11624, stack(0x000000d034b00000,0x000000d034c00000)]
  0x000002aa7df25000 JavaThread "jar transforms Thread 91" [_thread_blocked, id=10884, stack(0x000000d034c00000,0x000000d034d00000)]
  0x000002aa7df26000 JavaThread "jar transforms Thread 92" [_thread_blocked, id=12020, stack(0x000000d034d00000,0x000000d034e00000)]
  0x000002aa7df20000 JavaThread "jar transforms Thread 93" [_thread_blocked, id=5416, stack(0x000000d034e00000,0x000000d034f00000)]
  0x000002aa7df28800 JavaThread "jar transforms Thread 94" [_thread_blocked, id=7960, stack(0x000000d034f00000,0x000000d035000000)]
  0x000002aa7df29000 JavaThread "jar transforms Thread 95" [_thread_blocked, id=4016, stack(0x000000d035000000,0x000000d035100000)]
  0x000002aa7df2c800 JavaThread "jar transforms Thread 96" [_thread_blocked, id=6760, stack(0x000000d035100000,0x000000d035200000)]
  0x000002aa7df2a800 JavaThread "jar transforms Thread 97" [_thread_blocked, id=3744, stack(0x000000d035200000,0x000000d035300000)]
  0x000002aa7df27800 JavaThread "jar transforms Thread 98" [_thread_blocked, id=1908, stack(0x000000d035300000,0x000000d035400000)]
  0x000002aa7df2a000 JavaThread "jar transforms Thread 99" [_thread_blocked, id=5364, stack(0x000000d035400000,0x000000d035500000)]
  0x000002aa7df26800 JavaThread "Memory manager" [_thread_blocked, id=2132, stack(0x000000d035500000,0x000000d035600000)]

Other Threads:
  0x000002aa79583000 VMThread "VM Thread" [stack: 0x000000d02c900000,0x000000d02ca00000] [id=9508]
  0x000002aa7a089800 WatcherThread [stack: 0x000000d02d300000,0x000000d02d400000] [id=8092]
  0x000002aa6cbc9000 GCTaskThread "GC Thread#0" [stack: 0x000000d02c400000,0x000000d02c500000] [id=4364]
  0x000002aa7a388000 GCTaskThread "GC Thread#1" [stack: 0x000000d02d500000,0x000000d02d600000] [id=9408]
  0x000002aa7a548000 GCTaskThread "GC Thread#2" [stack: 0x000000d02d600000,0x000000d02d700000] [id=6480]
  0x000002aa7d35d800 GCTaskThread "GC Thread#3" [stack: 0x000000d02e200000,0x000000d02e300000] [id=8444]
  0x000002aa6cbfc000 ConcurrentGCThread "G1 Main Marker" [stack: 0x000000d02c500000,0x000000d02c600000] [id=8920]
  0x000002aa6cbfe000 ConcurrentGCThread "G1 Conc#0" [stack: 0x000000d02c600000,0x000000d02c700000] [id=10988]
  0x000002aa793d2800 ConcurrentGCThread "G1 Refine#0" [stack: 0x000000d02c700000,0x000000d02c800000] [id=6632]
  0x000002aa793d3000 ConcurrentGCThread "G1 Young RemSet Sampling" [stack: 0x000000d02c800000,0x000000d02c900000] [id=6160]

Threads with active compile tasks:
C2 CompilerThread0  17781 6041       4       java.util.concurrent.atomic.AtomicReferenceArray::set (13 bytes)
C1 CompilerThread0  17781 6042       3       java.util.concurrent.atomic.AtomicBoolean::compareAndSet (26 bytes)
C2 CompilerThread1  17782 5930 %     4       org.gradle.internal.instantiation.generator.AbstractClassGenerator::inspectType @ 77 (560 bytes)

VM state:not at safepoint (normal execution)

VM Mutex/Monitor currently owned by a thread: None

Heap address: 0x0000000080000000, size: 2048 MB, Compressed Oops mode: 32-bit
Narrow klass base: 0x0000000000000000, Narrow klass shift: 3
Compressed class space size: 1073741824 Address: 0x0000000100000000

Heap:
 garbage-first heap   total 131072K, used 100271K [0x0000000080000000, 0x0000000100000000)
  region size 1024K, 35 young (35840K), 4 survivors (4096K)
 Metaspace       used 65068K, capacity 66760K, committed 67068K, reserved 1107968K
  class space    used 8439K, capacity 8997K, committed 9088K, reserved 1048576K
Heap Regions: E=young(eden), S=young(survivor), O=old, HS=humongous(starts), HC=humongous(continues), CS=collection set, F=free, A=archive, TAMS=top-at-mark-start (previous, next)
|   0|0x0000000080000000, 0x0000000080100000, 0x0000000080100000|100%| O|  |TAMS 0x0000000080100000, 0x0000000080000000| Untracked 
|   1|0x0000000080100000, 0x0000000080200000, 0x0000000080200000|100%| O|  |TAMS 0x0000000080200000, 0x0000000080100000| Untracked 
|   2|0x0000000080200000, 0x0000000080300000, 0x0000000080300000|100%| O|  |TAMS 0x0000000080300000, 0x0000000080200000| Untracked 
|   3|0x0000000080300000, 0x0000000080400000, 0x0000000080400000|100%|HS|  |TAMS 0x0000000080400000, 0x0000000080300000| Complete 
|   4|0x0000000080400000, 0x0000000080500000, 0x0000000080500000|100%|HC|  |TAMS 0x0000000080500000, 0x0000000080400000| Complete 
|   5|0x0000000080500000, 0x0000000080600000, 0x0000000080600000|100%|HC|  |TAMS 0x0000000080600000, 0x0000000080500000| Complete 
|   6|0x0000000080600000, 0x0000000080700000, 0x0000000080700000|100%| O|  |TAMS 0x0000000080700000, 0x0000000080600000| Untracked 
|   7|0x0000000080700000, 0x0000000080800000, 0x0000000080800000|100%| O|  |TAMS 0x0000000080800000, 0x0000000080700000| Untracked 
|   8|0x0000000080800000, 0x0000000080900000, 0x0000000080900000|100%| O|  |TAMS 0x0000000080900000, 0x0000000080800000| Untracked 
|   9|0x0000000080900000, 0x0000000080a00000, 0x0000000080a00000|100%| O|  |TAMS 0x0000000080a00000, 0x0000000080900000| Untracked 
|  10|0x0000000080a00000, 0x0000000080b00000, 0x0000000080b00000|100%| O|  |TAMS 0x0000000080b00000, 0x0000000080a00000| Untracked 
|  11|0x0000000080b00000, 0x0000000080c00000, 0x0000000080c00000|100%| O|  |TAMS 0x0000000080c00000, 0x0000000080b00000| Untracked 
|  12|0x0000000080c00000, 0x0000000080d00000, 0x0000000080d00000|100%| O|  |TAMS 0x0000000080d00000, 0x0000000080c00000| Untracked 
|  13|0x0000000080d00000, 0x0000000080e00000, 0x0000000080e00000|100%|HS|  |TAMS 0x0000000080e00000, 0x0000000080d00000| Complete 
|  14|0x0000000080e00000, 0x0000000080f00000, 0x0000000080f00000|100%|HC|  |TAMS 0x0000000080f00000, 0x0000000080e00000| Complete 
|  15|0x0000000080f00000, 0x0000000081000000, 0x0000000081000000|100%|HS|  |TAMS 0x0000000081000000, 0x0000000080f00000| Complete 
|  16|0x0000000081000000, 0x0000000081100000, 0x0000000081100000|100%|HC|  |TAMS 0x0000000081100000, 0x0000000081000000| Complete 
|  17|0x0000000081100000, 0x0000000081200000, 0x0000000081200000|100%|HC|  |TAMS 0x0000000081200000, 0x0000000081100000| Complete 
|  18|0x0000000081200000, 0x0000000081300000, 0x0000000081300000|100%|HS|  |TAMS 0x0000000081300000, 0x0000000081200000| Complete 
|  19|0x0000000081300000, 0x0000000081400000, 0x0000000081400000|100%|HC|  |TAMS 0x0000000081400000, 0x0000000081300000| Complete 
|  20|0x0000000081400000, 0x0000000081500000, 0x0000000081500000|100%|HC|  |TAMS 0x0000000081500000, 0x0000000081400000| Complete 
|  21|0x0000000081500000, 0x0000000081600000, 0x0000000081600000|100%|HC|  |TAMS 0x0000000081600000, 0x0000000081500000| Complete 
|  22|0x0000000081600000, 0x0000000081700000, 0x0000000081700000|100%| O|  |TAMS 0x0000000081700000, 0x0000000081600000| Untracked 
|  23|0x0000000081700000, 0x0000000081800000, 0x0000000081800000|100%| O|  |TAMS 0x0000000081800000, 0x0000000081700000| Untracked 
|  24|0x0000000081800000, 0x0000000081900000, 0x0000000081900000|100%| O|  |TAMS 0x0000000081900000, 0x0000000081800000| Untracked 
|  25|0x0000000081900000, 0x0000000081a00000, 0x0000000081a00000|100%| O|  |TAMS 0x0000000081a00000, 0x0000000081900000| Untracked 
|  26|0x0000000081a00000, 0x0000000081b00000, 0x0000000081b00000|100%| O|  |TAMS 0x0000000081b00000, 0x0000000081a00000| Untracked 
|  27|0x0000000081b00000, 0x0000000081c00000, 0x0000000081c00000|100%| O|  |TAMS 0x0000000081c00000, 0x0000000081b00000| Untracked 
|  28|0x0000000081c00000, 0x0000000081d00000, 0x0000000081d00000|100%| O|  |TAMS 0x0000000081d00000, 0x0000000081c00000| Untracked 
|  29|0x0000000081d00000, 0x0000000081e00000, 0x0000000081e00000|100%| O|  |TAMS 0x0000000081e00000, 0x0000000081d00000| Untracked 
|  30|0x0000000081e00000, 0x0000000081f00000, 0x0000000081f00000|100%| O|  |TAMS 0x0000000081f00000, 0x0000000081e00000| Untracked 
|  31|0x0000000081f00000, 0x0000000082000000, 0x0000000082000000|100%| O|  |TAMS 0x0000000082000000, 0x0000000081f00000| Untracked 
|  32|0x0000000082000000, 0x0000000082100000, 0x0000000082100000|100%| O|  |TAMS 0x0000000082100000, 0x0000000082000000| Untracked 
|  33|0x0000000082100000, 0x0000000082200000, 0x0000000082200000|100%|HS|  |TAMS 0x0000000082200000, 0x0000000082100000| Complete 
|  34|0x0000000082200000, 0x0000000082300000, 0x0000000082300000|100%|HC|  |TAMS 0x0000000082300000, 0x0000000082200000| Complete 
|  35|0x0000000082300000, 0x0000000082400000, 0x0000000082400000|100%|HC|  |TAMS 0x0000000082400000, 0x0000000082300000| Complete 
|  36|0x0000000082400000, 0x0000000082500000, 0x0000000082500000|100%|HC|  |TAMS 0x0000000082500000, 0x0000000082400000| Complete 
|  37|0x0000000082500000, 0x0000000082600000, 0x0000000082600000|100%|HS|  |TAMS 0x0000000082600000, 0x0000000082500000| Complete 
|  38|0x0000000082600000, 0x0000000082700000, 0x0000000082700000|100%|HC|  |TAMS 0x0000000082700000, 0x0000000082600000| Complete 
|  39|0x0000000082700000, 0x0000000082800000, 0x0000000082800000|100%|HC|  |TAMS 0x0000000082800000, 0x0000000082700000| Complete 
|  40|0x0000000082800000, 0x0000000082900000, 0x0000000082900000|100%| O|  |TAMS 0x0000000082900000, 0x0000000082800000| Untracked 
|  41|0x0000000082900000, 0x0000000082a00000, 0x0000000082a00000|100%| O|  |TAMS 0x0000000082a00000, 0x0000000082900000| Untracked 
|  42|0x0000000082a00000, 0x0000000082b00000, 0x0000000082b00000|100%| O|  |TAMS 0x0000000082b00000, 0x0000000082a00000| Untracked 
|  43|0x0000000082b00000, 0x0000000082c00000, 0x0000000082c00000|100%| O|  |TAMS 0x0000000082c00000, 0x0000000082b00000| Untracked 
|  44|0x0000000082c00000, 0x0000000082d00000, 0x0000000082d00000|100%| O|  |TAMS 0x0000000082d00000, 0x0000000082c00000| Untracked 
|  45|0x0000000082d00000, 0x0000000082e00000, 0x0000000082e00000|100%| O|  |TAMS 0x0000000082e00000, 0x0000000082d00000| Untracked 
|  46|0x0000000082e00000, 0x0000000082f00000, 0x0000000082f00000|100%| O|  |TAMS 0x0000000082f00000, 0x0000000082e00000| Untracked 
|  47|0x0000000082f00000, 0x0000000083000000, 0x0000000083000000|100%|HS|  |TAMS 0x0000000083000000, 0x0000000082f00000| Complete 
|  48|0x0000000083000000, 0x0000000083100000, 0x0000000083100000|100%|HS|  |TAMS 0x0000000083100000, 0x0000000083000000| Complete 
|  49|0x0000000083100000, 0x0000000083200000, 0x0000000083200000|100%|HC|  |TAMS 0x0000000083200000, 0x0000000083100000| Complete 
|  50|0x0000000083200000, 0x0000000083300000, 0x0000000083300000|100%| O|  |TAMS 0x0000000083300000, 0x0000000083200000| Untracked 
|  51|0x0000000083300000, 0x0000000083400000, 0x0000000083400000|100%| O|  |TAMS 0x0000000083400000, 0x0000000083300000| Untracked 
|  52|0x0000000083400000, 0x0000000083500000, 0x0000000083500000|100%| O|  |TAMS 0x0000000083500000, 0x0000000083400000| Untracked 
|  53|0x0000000083500000, 0x0000000083600000, 0x0000000083600000|100%| O|  |TAMS 0x0000000083600000, 0x0000000083500000| Untracked 
|  54|0x0000000083600000, 0x0000000083700000, 0x0000000083700000|100%| O|  |TAMS 0x0000000083700000, 0x0000000083600000| Untracked 
|  55|0x0000000083700000, 0x0000000083800000, 0x0000000083800000|100%| O|  |TAMS 0x0000000083800000, 0x0000000083700000| Untracked 
|  56|0x0000000083800000, 0x0000000083900000, 0x0000000083900000|100%| O|  |TAMS 0x0000000083900000, 0x0000000083800000| Untracked 
|  57|0x0000000083900000, 0x0000000083a00000, 0x0000000083a00000|100%| O|  |TAMS 0x0000000083a00000, 0x0000000083900000| Untracked 
|  58|0x0000000083a00000, 0x0000000083b00000, 0x0000000083b00000|100%| O|  |TAMS 0x0000000083b00000, 0x0000000083a00000| Untracked 
|  59|0x0000000083b00000, 0x0000000083c00000, 0x0000000083c00000|100%| O|  |TAMS 0x0000000083c00000, 0x0000000083b00000| Untracked 
|  60|0x0000000083c00000, 0x0000000083d00000, 0x0000000083d00000|100%| O|  |TAMS 0x0000000083c58200, 0x0000000083c00000| Untracked 
|  61|0x0000000083d00000, 0x0000000083d00000, 0x0000000083e00000|  0%| F|  |TAMS 0x0000000083d00000, 0x0000000083d00000| Untracked 
|  62|0x0000000083e00000, 0x0000000083f00000, 0x0000000083f00000|100%| O|  |TAMS 0x0000000083e00000, 0x0000000083e00000| Untracked 
|  63|0x0000000083f00000, 0x0000000084000000, 0x0000000084000000|100%| O|  |TAMS 0x0000000083f00000, 0x0000000083f00000| Untracked 
|  64|0x0000000084000000, 0x0000000084100000, 0x0000000084100000|100%| O|  |TAMS 0x0000000084000000, 0x0000000084000000| Untracked 
|  65|0x0000000084100000, 0x00000000841b9e00, 0x0000000084200000| 72%| O|  |TAMS 0x0000000084100000, 0x0000000084100000| Untracked 
|  66|0x0000000084200000, 0x0000000084200000, 0x0000000084300000|  0%| F|  |TAMS 0x0000000084200000, 0x0000000084200000| Untracked 
|  67|0x0000000084300000, 0x0000000084300000, 0x0000000084400000|  0%| F|  |TAMS 0x0000000084300000, 0x0000000084300000| Untracked 
|  68|0x0000000084400000, 0x0000000084400000, 0x0000000084500000|  0%| F|  |TAMS 0x0000000084400000, 0x0000000084400000| Untracked 
|  69|0x0000000084500000, 0x0000000084500000, 0x0000000084600000|  0%| F|  |TAMS 0x0000000084500000, 0x0000000084500000| Untracked 
|  70|0x0000000084600000, 0x0000000084600000, 0x0000000084700000|  0%| F|  |TAMS 0x0000000084600000, 0x0000000084600000| Untracked 
|  71|0x0000000084700000, 0x0000000084700000, 0x0000000084800000|  0%| F|  |TAMS 0x0000000084700000, 0x0000000084700000| Untracked 
|  72|0x0000000084800000, 0x0000000084800000, 0x0000000084900000|  0%| F|  |TAMS 0x0000000084800000, 0x0000000084800000| Untracked 
|  73|0x0000000084900000, 0x0000000084900000, 0x0000000084a00000|  0%| F|  |TAMS 0x0000000084900000, 0x0000000084900000| Untracked 
|  74|0x0000000084a00000, 0x0000000084a00000, 0x0000000084b00000|  0%| F|  |TAMS 0x0000000084a00000, 0x0000000084a00000| Untracked 
|  75|0x0000000084b00000, 0x0000000084b00000, 0x0000000084c00000|  0%| F|  |TAMS 0x0000000084b00000, 0x0000000084b00000| Untracked 
|  76|0x0000000084c00000, 0x0000000084c00000, 0x0000000084d00000|  0%| F|  |TAMS 0x0000000084c00000, 0x0000000084c00000| Untracked 
|  77|0x0000000084d00000, 0x0000000084d00000, 0x0000000084e00000|  0%| F|  |TAMS 0x0000000084d00000, 0x0000000084d00000| Untracked 
|  78|0x0000000084e00000, 0x0000000084e00000, 0x0000000084f00000|  0%| F|  |TAMS 0x0000000084e00000, 0x0000000084e00000| Untracked 
|  79|0x0000000084f00000, 0x0000000084f00000, 0x0000000085000000|  0%| F|  |TAMS 0x0000000084f00000, 0x0000000084f00000| Untracked 
|  80|0x0000000085000000, 0x0000000085000000, 0x0000000085100000|  0%| F|  |TAMS 0x0000000085000000, 0x0000000085000000| Untracked 
|  81|0x0000000085100000, 0x0000000085100000, 0x0000000085200000|  0%| F|  |TAMS 0x0000000085100000, 0x0000000085100000| Untracked 
|  82|0x0000000085200000, 0x0000000085200000, 0x0000000085300000|  0%| F|  |TAMS 0x0000000085200000, 0x0000000085200000| Untracked 
|  83|0x0000000085300000, 0x0000000085300000, 0x0000000085400000|  0%| F|  |TAMS 0x0000000085300000, 0x0000000085300000| Untracked 
|  84|0x0000000085400000, 0x0000000085400000, 0x0000000085500000|  0%| F|  |TAMS 0x0000000085400000, 0x0000000085400000| Untracked 
|  85|0x0000000085500000, 0x00000000855321c0, 0x0000000085600000| 19%| S|CS|TAMS 0x0000000085500000, 0x0000000085500000| Complete 
|  86|0x0000000085600000, 0x0000000085700000, 0x0000000085700000|100%| S|CS|TAMS 0x0000000085600000, 0x0000000085600000| Complete 
|  87|0x0000000085700000, 0x0000000085800000, 0x0000000085800000|100%| S|CS|TAMS 0x0000000085700000, 0x0000000085700000| Complete 
|  88|0x0000000085800000, 0x0000000085900000, 0x0000000085900000|100%| S|CS|TAMS 0x0000000085800000, 0x0000000085800000| Complete 
|  89|0x0000000085900000, 0x0000000085900000, 0x0000000085a00000|  0%| F|  |TAMS 0x0000000085900000, 0x0000000085900000| Untracked 
|  90|0x0000000085a00000, 0x0000000085a00000, 0x0000000085b00000|  0%| F|  |TAMS 0x0000000085a00000, 0x0000000085a00000| Untracked 
|  91|0x0000000085b00000, 0x0000000085b00000, 0x0000000085c00000|  0%| F|  |TAMS 0x0000000085b00000, 0x0000000085b00000| Untracked 
|  92|0x0000000085c00000, 0x0000000085c00000, 0x0000000085d00000|  0%| F|  |TAMS 0x0000000085c00000, 0x0000000085c00000| Untracked 
|  93|0x0000000085d00000, 0x0000000085d00000, 0x0000000085e00000|  0%| F|  |TAMS 0x0000000085d00000, 0x0000000085d00000| Untracked 
|  94|0x0000000085e00000, 0x0000000085e00000, 0x0000000085f00000|  0%| F|  |TAMS 0x0000000085e00000, 0x0000000085e00000| Untracked 
|  95|0x0000000085f00000, 0x0000000085f00000, 0x0000000086000000|  0%| F|  |TAMS 0x0000000085f00000, 0x0000000085f00000| Untracked 
|  96|0x0000000086000000, 0x0000000086080800, 0x0000000086100000| 50%| E|  |TAMS 0x0000000086000000, 0x0000000086000000| Complete 
|  97|0x0000000086100000, 0x0000000086200000, 0x0000000086200000|100%| E|CS|TAMS 0x0000000086100000, 0x0000000086100000| Complete 
|  98|0x0000000086200000, 0x0000000086300000, 0x0000000086300000|100%| E|CS|TAMS 0x0000000086200000, 0x0000000086200000| Complete 
|  99|0x0000000086300000, 0x0000000086400000, 0x0000000086400000|100%| E|CS|TAMS 0x0000000086300000, 0x0000000086300000| Complete 
| 100|0x0000000086400000, 0x0000000086500000, 0x0000000086500000|100%| E|CS|TAMS 0x0000000086400000, 0x0000000086400000| Complete 
| 101|0x0000000086500000, 0x0000000086600000, 0x0000000086600000|100%| E|CS|TAMS 0x0000000086500000, 0x0000000086500000| Complete 
| 102|0x0000000086600000, 0x0000000086700000, 0x0000000086700000|100%| E|CS|TAMS 0x0000000086600000, 0x0000000086600000| Complete 
| 103|0x0000000086700000, 0x0000000086800000, 0x0000000086800000|100%| E|CS|TAMS 0x0000000086700000, 0x0000000086700000| Complete 
| 104|0x0000000086800000, 0x0000000086900000, 0x0000000086900000|100%| E|CS|TAMS 0x0000000086800000, 0x0000000086800000| Complete 
| 105|0x0000000086900000, 0x0000000086a00000, 0x0000000086a00000|100%| E|CS|TAMS 0x0000000086900000, 0x0000000086900000| Complete 
| 106|0x0000000086a00000, 0x0000000086b00000, 0x0000000086b00000|100%| E|CS|TAMS 0x0000000086a00000, 0x0000000086a00000| Complete 
| 107|0x0000000086b00000, 0x0000000086c00000, 0x0000000086c00000|100%| E|CS|TAMS 0x0000000086b00000, 0x0000000086b00000| Complete 
| 108|0x0000000086c00000, 0x0000000086d00000, 0x0000000086d00000|100%| E|CS|TAMS 0x0000000086c00000, 0x0000000086c00000| Complete 
| 109|0x0000000086d00000, 0x0000000086e00000, 0x0000000086e00000|100%| E|CS|TAMS 0x0000000086d00000, 0x0000000086d00000| Complete 
| 110|0x0000000086e00000, 0x0000000086f00000, 0x0000000086f00000|100%| E|CS|TAMS 0x0000000086e00000, 0x0000000086e00000| Complete 
| 111|0x0000000086f00000, 0x0000000087000000, 0x0000000087000000|100%| E|CS|TAMS 0x0000000086f00000, 0x0000000086f00000| Complete 
| 112|0x0000000087000000, 0x0000000087100000, 0x0000000087100000|100%| E|CS|TAMS 0x0000000087000000, 0x0000000087000000| Complete 
| 113|0x0000000087100000, 0x0000000087200000, 0x0000000087200000|100%| E|CS|TAMS 0x0000000087100000, 0x0000000087100000| Complete 
| 114|0x0000000087200000, 0x0000000087300000, 0x0000000087300000|100%| E|CS|TAMS 0x0000000087200000, 0x0000000087200000| Complete 
| 115|0x0000000087300000, 0x0000000087400000, 0x0000000087400000|100%| E|CS|TAMS 0x0000000087300000, 0x0000000087300000| Complete 
| 116|0x0000000087400000, 0x0000000087500000, 0x0000000087500000|100%| E|CS|TAMS 0x0000000087400000, 0x0000000087400000| Complete 
| 117|0x0000000087500000, 0x0000000087600000, 0x0000000087600000|100%| E|CS|TAMS 0x0000000087500000, 0x0000000087500000| Complete 
| 118|0x0000000087600000, 0x0000000087700000, 0x0000000087700000|100%| E|CS|TAMS 0x0000000087600000, 0x0000000087600000| Complete 
| 119|0x0000000087700000, 0x0000000087800000, 0x0000000087800000|100%| E|CS|TAMS 0x0000000087700000, 0x0000000087700000| Complete 
| 120|0x0000000087800000, 0x0000000087900000, 0x0000000087900000|100%| E|CS|TAMS 0x0000000087800000, 0x0000000087800000| Complete 
| 121|0x0000000087900000, 0x0000000087a00000, 0x0000000087a00000|100%| E|CS|TAMS 0x0000000087900000, 0x0000000087900000| Complete 
| 122|0x0000000087a00000, 0x0000000087b00000, 0x0000000087b00000|100%| E|CS|TAMS 0x0000000087a00000, 0x0000000087a00000| Complete 
| 123|0x0000000087b00000, 0x0000000087c00000, 0x0000000087c00000|100%| E|CS|TAMS 0x0000000087b00000, 0x0000000087b00000| Complete 
| 124|0x0000000087c00000, 0x0000000087d00000, 0x0000000087d00000|100%| E|CS|TAMS 0x0000000087c00000, 0x0000000087c00000| Complete 
| 125|0x0000000087d00000, 0x0000000087e00000, 0x0000000087e00000|100%| E|CS|TAMS 0x0000000087d00000, 0x0000000087d00000| Complete 
| 126|0x0000000087e00000, 0x0000000087f00000, 0x0000000087f00000|100%| E|CS|TAMS 0x0000000087e00000, 0x0000000087e00000| Complete 
| 127|0x0000000087f00000, 0x0000000088000000, 0x0000000088000000|100%| E|CS|TAMS 0x0000000087f00000, 0x0000000087f00000| Complete 

Card table byte_map: [0x000002aa72770000,0x000002aa72b70000] _byte_map_base: 0x000002aa72370000

Marking Bits (Prev, Next): (CMBitMap*) 0x000002aa6cbf2f18, (CMBitMap*) 0x000002aa6cbf2f50
 Prev Bits: [0x000002aa72f70000, 0x000002aa74f70000)
 Next Bits: [0x000002aa74f70000, 0x000002aa76f70000)

Polling page: 0x000002aa6c960000

Metaspace:

Usage:
  Non-class:     56.41 MB capacity,    55.33 MB ( 98%) used,   967.56 KB (  2%) free+waste,   144.38 KB ( <1%) overhead. 
      Class:      8.82 MB capacity,     8.25 MB ( 94%) used,   509.05 KB (  6%) free+waste,    68.44 KB ( <1%) overhead. 
       Both:     65.23 MB capacity,    63.58 MB ( 97%) used,     1.44 MB (  2%) free+waste,   212.81 KB ( <1%) overhead. 

Virtual space:
  Non-class space:       58.00 MB reserved,      56.62 MB ( 98%) committed 
      Class space:        1.00 GB reserved,       8.88 MB ( <1%) committed 
             Both:        1.06 GB reserved,      65.50 MB (  6%) committed 

Chunk freelists:
   Non-Class:  23.00 KB
       Class:  26.00 KB
        Both:  49.00 KB

MaxMetaspaceSize: 17179869184.00 GB
CompressedClassSpaceSize: 1.00 GB

CodeHeap 'non-profiled nmethods': size=120064Kb used=3612Kb max_used=3612Kb free=116451Kb
 bounds [0x000002aa07ac0000, 0x000002aa07e50000, 0x000002aa0f000000]
CodeHeap 'profiled nmethods': size=120000Kb used=12865Kb max_used=12865Kb free=107134Kb
 bounds [0x000002aa00590000, 0x000002aa01230000, 0x000002aa07ac0000]
CodeHeap 'non-nmethods': size=5696Kb used=2241Kb max_used=2287Kb free=3454Kb
 bounds [0x000002aa00000000, 0x000002aa00270000, 0x000002aa00590000]
 total_blobs=6621 nmethods=5793 adapters=738
 compilation: enabled
              stopped_count=0, restarted_count=0
 full_count=0

Compilation events (20 events):
Event: 17.727 Thread 0x000002aa79f10000 nmethod 5993 0x000002aa0120d490 code [0x000002aa0120d780, 0x000002aa0120ea58]
Event: 17.727 Thread 0x000002aa79f10000 5994       3       org.gradle.api.internal.tasks.compile.tooling.JavaCompileTaskSuccessResultPostProcessor::started (72 bytes)
Event: 17.727 Thread 0x000002aa79f10000 nmethod 5994 0x000002aa0120f010 code [0x000002aa0120f220, 0x000002aa0120f808]
Event: 17.728 Thread 0x000002aa79f10000 5995       3       org.gradle.internal.logging.progress.DefaultProgressLoggerFactory::newOperation (107 bytes)
Event: 17.728 Thread 0x000002aa79f10000 nmethod 5995 0x000002aa0120f990 code [0x000002aa0120fba0, 0x000002aa01210168]
Event: 17.728 Thread 0x000002aa79f10000 5996       3       org.gradle.internal.logging.progress.DefaultProgressLoggerFactory$ProgressLoggerImpl::<init> (69 bytes)
Event: 17.728 Thread 0x000002aa79f10000 nmethod 5996 0x000002aa01210310 code [0x000002aa012104e0, 0x000002aa01210a18]
Event: 17.728 Thread 0x000002aa79f10000 5997       3       org.gradle.internal.logging.progress.DefaultProgressLoggerFactory$ProgressLoggerImpl::access$002 (7 bytes)
Event: 17.729 Thread 0x000002aa79f10000 nmethod 5997 0x000002aa01210b10 code [0x000002aa01210cc0, 0x000002aa01210db8]
Event: 17.729 Thread 0x000002aa79f10000 5998       3       org.gradle.internal.logging.progress.DefaultProgressLoggerFactory$ProgressLoggerImpl::start (13 bytes)
Event: 17.729 Thread 0x000002aa79f10000 nmethod 5998 0x000002aa01210e90 code [0x000002aa01211060, 0x000002aa01211318]
Event: 17.729 Thread 0x000002aa79f10000 6000       3       org.gradle.internal.operations.BuildOperationDescriptor$Builder::build (54 bytes)
Event: 17.729 Thread 0x000002aa79f06800 nmethod 5999 0x000002aa07e41d90 code [0x000002aa07e41f20, 0x000002aa07e42258]
Event: 17.729 Thread 0x000002aa79f10000 nmethod 6000 0x000002aa01211490 code [0x000002aa01211660, 0x000002aa01211a28]
Event: 17.729 Thread 0x000002aa79f10000 6001   !   3       org.gradle.internal.operations.DefaultBuildOperationRunner$3::execute (110 bytes)
Event: 17.730 Thread 0x000002aa79f10000 nmethod 6001 0x000002aa01211c10 code [0x000002aa01211e40, 0x000002aa01212658]
Event: 17.740 Thread 0x000002aa79f10000 6002       1       org.gradle.internal.operations.DefaultBuildOperationRunner$CallableBuildOperationWorker::getReturnValue (5 bytes)
Event: 17.741 Thread 0x000002aa79f10000 nmethod 6002 0x000002aa07e42390 code [0x000002aa07e42540, 0x000002aa07e425f8]
Event: 17.741 Thread 0x000002aa79f10000 6003       3       org.gradle.api.internal.project.DefaultProject::getProjectPath (10 bytes)
Event: 17.741 Thread 0x000002aa79f10000 nmethod 6003 0x000002aa01212a90 code [0x000002aa01212c40, 0x000002aa01212d98]

GC Heap History (20 events):
Event: 10.624 GC heap before
{Heap before GC invocations=7 (full 0):
 garbage-first heap   total 131072K, used 83390K [0x0000000080000000, 0x0000000100000000)
  region size 1024K, 61 young (62464K), 6 survivors (6144K)
 Metaspace       used 33068K, capacity 33806K, committed 34096K, reserved 1079296K
  class space    used 4327K, capacity 4633K, committed 4736K, reserved 1048576K
}
Event: 10.635 GC heap after
{Heap after GC invocations=8 (full 0):
 garbage-first heap   total 131072K, used 33490K [0x0000000080000000, 0x0000000100000000)
  region size 1024K, 8 young (8192K), 8 survivors (8192K)
 Metaspace       used 33068K, capacity 33806K, committed 34096K, reserved 1079296K
  class space    used 4327K, capacity 4633K, committed 4736K, reserved 1048576K
}
Event: 10.772 GC heap before
{Heap before GC invocations=8 (full 0):
 garbage-first heap   total 131072K, used 34514K [0x0000000080000000, 0x0000000100000000)
  region size 1024K, 10 young (10240K), 8 survivors (8192K)
 Metaspace       used 34823K, capacity 35580K, committed 35708K, reserved 1081344K
  class space    used 4504K, capacity 4799K, committed 4864K, reserved 1048576K
}
Event: 10.784 GC heap after
{Heap after GC invocations=9 (full 0):
 garbage-first heap   total 131072K, used 34411K [0x0000000080000000, 0x0000000100000000)
  region size 1024K, 2 young (2048K), 2 survivors (2048K)
 Metaspace       used 34823K, capacity 35580K, committed 35708K, reserved 1081344K
  class space    used 4504K, capacity 4799K, committed 4864K, reserved 1048576K
}
Event: 11.707 GC heap before
{Heap before GC invocations=10 (full 0):
 garbage-first heap   total 131072K, used 74347K [0x0000000080000000, 0x0000000100000000)
  region size 1024K, 39 young (39936K), 2 survivors (2048K)
 Metaspace       used 39718K, capacity 40649K, committed 40956K, reserved 1085440K
  class space    used 5078K, capacity 5426K, committed 5504K, reserved 1048576K
}
Event: 11.714 GC heap after
{Heap after GC invocations=11 (full 0):
 garbage-first heap   total 131072K, used 36043K [0x0000000080000000, 0x0000000100000000)
  region size 1024K, 3 young (3072K), 3 survivors (3072K)
 Metaspace       used 39718K, capacity 40649K, committed 40956K, reserved 1085440K
  class space    used 5078K, capacity 5426K, committed 5504K, reserved 1048576K
}
Event: 12.880 GC heap before
{Heap before GC invocations=11 (full 0):
 garbage-first heap   total 131072K, used 85195K [0x0000000080000000, 0x0000000100000000)
  region size 1024K, 44 young (45056K), 3 survivors (3072K)
 Metaspace       used 43013K, capacity 44169K, committed 44412K, reserved 1087488K
  class space    used 5451K, capacity 5843K, committed 5888K, reserved 1048576K
}
Event: 12.890 GC heap after
{Heap after GC invocations=12 (full 0):
 garbage-first heap   total 131072K, used 47678K [0x0000000080000000, 0x0000000100000000)
  region size 1024K, 6 young (6144K), 6 survivors (6144K)
 Metaspace       used 43013K, capacity 44169K, committed 44412K, reserved 1087488K
  class space    used 5451K, capacity 5843K, committed 5888K, reserved 1048576K
}
Event: 13.764 GC heap before
{Heap before GC invocations=12 (full 0):
 garbage-first heap   total 131072K, used 86590K [0x0000000080000000, 0x0000000100000000)
  region size 1024K, 44 young (45056K), 6 survivors (6144K)
 Metaspace       used 45430K, capacity 46684K, committed 46844K, reserved 1089536K
  class space    used 5848K, capacity 6235K, committed 6272K, reserved 1048576K
}
Event: 13.775 GC heap after
{Heap after GC invocations=13 (full 0):
 garbage-first heap   total 131072K, used 50395K [0x0000000080000000, 0x0000000100000000)
  region size 1024K, 3 young (3072K), 3 survivors (3072K)
 Metaspace       used 45430K, capacity 46684K, committed 46844K, reserved 1089536K
  class space    used 5848K, capacity 6235K, committed 6272K, reserved 1048576K
}
Event: 14.689 GC heap before
{Heap before GC invocations=13 (full 0):
 garbage-first heap   total 131072K, used 92379K [0x0000000080000000, 0x0000000100000000)
  region size 1024K, 42 young (43008K), 3 survivors (3072K)
 Metaspace       used 47136K, capacity 48475K, committed 48636K, reserved 1091584K
  class space    used 6018K, capacity 6441K, committed 6528K, reserved 1048576K
}
Event: 14.696 GC heap after
{Heap after GC invocations=14 (full 0):
 garbage-first heap   total 131072K, used 59781K [0x0000000080000000, 0x0000000100000000)
  region size 1024K, 6 young (6144K), 6 survivors (6144K)
 Metaspace       used 47136K, capacity 48475K, committed 48636K, reserved 1091584K
  class space    used 6018K, capacity 6441K, committed 6528K, reserved 1048576K
}
Event: 15.269 GC heap before
{Heap before GC invocations=14 (full 0):
 garbage-first heap   total 131072K, used 95621K [0x0000000080000000, 0x0000000100000000)
  region size 1024K, 41 young (41984K), 6 survivors (6144K)
 Metaspace       used 52084K, capacity 53554K, committed 53884K, reserved 1095680K
  class space    used 6615K, capacity 7091K, committed 7168K, reserved 1048576K
}
Event: 15.276 GC heap after
{Heap after GC invocations=15 (full 0):
 garbage-first heap   total 131072K, used 62140K [0x0000000080000000, 0x0000000100000000)
  region size 1024K, 2 young (2048K), 2 survivors (2048K)
 Metaspace       used 52084K, capacity 53554K, committed 53884K, reserved 1095680K
  class space    used 6615K, capacity 7091K, committed 7168K, reserved 1048576K
}
Event: 16.003 GC heap before
{Heap before GC invocations=15 (full 0):
 garbage-first heap   total 131072K, used 97980K [0x0000000080000000, 0x0000000100000000)
  region size 1024K, 37 young (37888K), 2 survivors (2048K)
 Metaspace       used 57814K, capacity 59405K, committed 59516K, reserved 1101824K
  class space    used 7349K, capacity 7863K, committed 7936K, reserved 1048576K
}
Event: 16.010 GC heap after
{Heap after GC invocations=16 (full 0):
 garbage-first heap   total 131072K, used 63928K [0x0000000080000000, 0x0000000100000000)
  region size 1024K, 4 young (4096K), 4 survivors (4096K)
 Metaspace       used 57814K, capacity 59405K, committed 59516K, reserved 1101824K
  class space    used 7349K, capacity 7863K, committed 7936K, reserved 1048576K
}
Event: 16.598 GC heap before
{Heap before GC invocations=17 (full 0):
 garbage-first heap   total 131072K, used 92600K [0x0000000080000000, 0x0000000100000000)
  region size 1024K, 33 young (33792K), 4 survivors (4096K)
 Metaspace       used 60027K, capacity 61611K, committed 61820K, reserved 1103872K
  class space    used 7624K, capacity 8164K, committed 8192K, reserved 1048576K
}
Event: 16.611 GC heap after
{Heap after GC invocations=18 (full 0):
 garbage-first heap   total 131072K, used 66618K [0x0000000080000000, 0x0000000100000000)
  region size 1024K, 5 young (5120K), 5 survivors (5120K)
 Metaspace       used 60027K, capacity 61611K, committed 61820K, reserved 1103872K
  class space    used 7624K, capacity 8164K, committed 8192K, reserved 1048576K
}
Event: 17.155 GC heap before
{Heap before GC invocations=19 (full 0):
 garbage-first heap   total 131072K, used 102458K [0x0000000080000000, 0x0000000100000000)
  region size 1024K, 39 young (39936K), 5 survivors (5120K)
 Metaspace       used 61199K, capacity 62957K, committed 63100K, reserved 1103872K
  class space    used 7790K, capacity 8348K, committed 8448K, reserved 1048576K
}
Event: 17.169 GC heap after
{Heap after GC invocations=20 (full 0):
 garbage-first heap   total 131072K, used 69551K [0x0000000080000000, 0x0000000100000000)
  region size 1024K, 4 young (4096K), 4 survivors (4096K)
 Metaspace       used 61199K, capacity 62957K, committed 63100K, reserved 1103872K
  class space    used 7790K, capacity 8348K, committed 8448K, reserved 1048576K
}

Deoptimization events (20 events):
Event: 16.864 Thread 0x000002aa7c811800 Uncommon trap: trap_request=0xffffff4d fr.pc=0x000002aa07d0ed00 relative=0x0000000000005660
Event: 16.864 Thread 0x000002aa7c811800 Uncommon trap: reason=unstable_if action=reinterpret pc=0x000002aa07d0ed00 method=groovy.lang.MetaClassImpl$1MOPIter.methodNameAction(Ljava/lang/Class;Lorg/codehaus/groovy/runtime/metaclass/MetaMethodIndex$Entry;)V @ 182 c2
Event: 16.864 Thread 0x000002aa7c811800 DEOPT PACKING pc=0x000002aa07d0ed00 sp=0x000000d02def6be0
Event: 16.864 Thread 0x000002aa7c811800 DEOPT UNPACKING pc=0x000002aa000274af sp=0x000000d02def6bc0 mode 2
Event: 16.889 Thread 0x000002aa7c811800 Uncommon trap: trap_request=0xffffff4d fr.pc=0x000002aa07d579bc relative=0x000000000000089c
Event: 16.889 Thread 0x000002aa7c811800 Uncommon trap: reason=unstable_if action=reinterpret pc=0x000002aa07d579bc method=com.sun.beans.introspect.MethodInfo$MethodOrder.compare(Ljava/lang/reflect/Method;Ljava/lang/reflect/Method;)I @ 124 c2
Event: 16.889 Thread 0x000002aa7c811800 DEOPT PACKING pc=0x000002aa07d579bc sp=0x000000d02def7150
Event: 16.889 Thread 0x000002aa7c811800 DEOPT UNPACKING pc=0x000002aa000274af sp=0x000000d02def7080 mode 2
Event: 17.116 Thread 0x000002aa7c811800 Uncommon trap: trap_request=0xffffffde fr.pc=0x000002aa07c14d8c relative=0x00000000000009ac
Event: 17.116 Thread 0x000002aa7c811800 Uncommon trap: reason=class_check action=maybe_recompile pc=0x000002aa07c14d8c method=java.util.WeakHashMap.eq(Ljava/lang/Object;Ljava/lang/Object;)Z @ 7 c2
Event: 17.116 Thread 0x000002aa7c811800 DEOPT PACKING pc=0x000002aa07c14d8c sp=0x000000d02def3c60
Event: 17.116 Thread 0x000002aa7c811800 DEOPT UNPACKING pc=0x000002aa000274af sp=0x000000d02def3bd0 mode 2
Event: 17.120 Thread 0x000002aa7c811800 Uncommon trap: trap_request=0xffffffde fr.pc=0x000002aa07c14d8c relative=0x00000000000009ac
Event: 17.120 Thread 0x000002aa7c811800 Uncommon trap: reason=class_check action=maybe_recompile pc=0x000002aa07c14d8c method=java.util.WeakHashMap.eq(Ljava/lang/Object;Ljava/lang/Object;)Z @ 7 c2
Event: 17.120 Thread 0x000002aa7c811800 DEOPT PACKING pc=0x000002aa07c14d8c sp=0x000000d02def3e00
Event: 17.120 Thread 0x000002aa7c811800 DEOPT UNPACKING pc=0x000002aa000274af sp=0x000000d02def3d70 mode 2
Event: 17.737 Thread 0x000002aa7c811800 Uncommon trap: trap_request=0xffffffdc fr.pc=0x000002aa07e41a6c relative=0x00000000000002ac
Event: 17.737 Thread 0x000002aa7c811800 Uncommon trap: reason=class_check action=make_not_entrant pc=0x000002aa07e41a6c method=java.util.ArrayList.toArray([Ljava/lang/Object;)[Ljava/lang/Object; @ 21 c2
Event: 17.737 Thread 0x000002aa7c811800 DEOPT PACKING pc=0x000002aa07e41a6c sp=0x000000d02def8dc0
Event: 17.737 Thread 0x000002aa7c811800 DEOPT UNPACKING pc=0x000002aa000274af sp=0x000000d02def8d90 mode 2

Classes redefined (0 events):
No events

Internal exceptions (20 events):
Event: 17.116 Thread 0x000002aa7c811800 Exception <a 'java/lang/ClassNotFoundException'{0x0000000085cb1638}: org/gradle/api/internal/DefaultNamedDomainObjectSetCustomizer> (0x0000000085cb1638) thrown at [./src/hotspot/share/classfile/systemDictionary.cpp, line 231]
Event: 17.120 Thread 0x000002aa7c811800 Exception <a 'java/lang/ClassNotFoundException'{0x0000000085cf3390}: org/gradle/api/internal/AbstractNamedDomainObjectContainerCustomizer> (0x0000000085cf3390) thrown at [./src/hotspot/share/classfile/systemDictionary.cpp, line 231]
Event: 17.122 Thread 0x000002aa7c811800 Exception <a 'java/lang/ClassNotFoundException'{0x0000000085b33ad8}: org/gradle/api/internal/FactoryNamedDomainObjectContainerCustomizer> (0x0000000085b33ad8) thrown at [./src/hotspot/share/classfile/systemDictionary.cpp, line 231]
Event: 17.123 Thread 0x000002aa7c811800 Exception <a 'java/lang/ClassNotFoundException'{0x0000000085b6bdb0}: org/gradle/api/internal/FactoryNamedDomainObjectContainer_DecoratedCustomizer> (0x0000000085b6bdb0) thrown at [./src/hotspot/share/classfile/systemDictionary.cpp, line 231]
Event: 17.143 Thread 0x000002aa7c811800 Exception <a 'java/lang/ClassNotFoundException'{0x0000000085ae5fe8}: com/android/build/gradle/internal/dsl/BuildType_DecoratedBeanInfo> (0x0000000085ae5fe8) thrown at [./src/hotspot/share/classfile/systemDictionary.cpp, line 231]
Event: 17.143 Thread 0x000002aa7c811800 Exception <a 'java/lang/ClassNotFoundException'{0x0000000085afdbe0}: com/android/build/gradle/internal/dsl/BuildTypeBeanInfo> (0x0000000085afdbe0) thrown at [./src/hotspot/share/classfile/systemDictionary.cpp, line 231]
Event: 17.144 Thread 0x000002aa7c811800 Exception <a 'java/lang/ClassNotFoundException'{0x00000000859152c0}: com/android/builder/core/AbstractBuildTypeBeanInfo> (0x00000000859152c0) thrown at [./src/hotspot/share/classfile/systemDictionary.cpp, line 231]
Event: 17.149 Thread 0x000002aa7c811800 Exception <a 'java/lang/ClassNotFoundException'{0x000000008592cab0}: com/android/builder/core/AbstractBuildTypeCustomizer> (0x000000008592cab0) thrown at [./src/hotspot/share/classfile/systemDictionary.cpp, line 231]
Event: 17.151 Thread 0x000002aa7c811800 Exception <a 'java/lang/ClassNotFoundException'{0x0000000085960c10}: com/android/build/gradle/internal/dsl/BuildTypeCustomizer> (0x0000000085960c10) thrown at [./src/hotspot/share/classfile/systemDictionary.cpp, line 231]
Event: 17.154 Thread 0x000002aa7c811800 Exception <a 'java/lang/ClassNotFoundException'{0x00000000859e7d68}: com/android/build/gradle/internal/dsl/BuildType_DecoratedCustomizer> (0x00000000859e7d68) thrown at [./src/hotspot/share/classfile/systemDictionary.cpp, line 231]
Event: 17.175 Thread 0x000002aa7c811800 Exception <a 'java/lang/ClassNotFoundException'{0x0000000087fa95c0}: build_eno2p63z4qkzy7o2fyg5xpjpk$_run_closure1$_closure4BeanInfo> (0x0000000087fa95c0) thrown at [./src/hotspot/share/classfile/systemDictionary.cpp, line 231]
Event: 17.175 Thread 0x000002aa7c811800 Exception <a 'java/lang/ClassNotFoundException'{0x0000000087fb99c8}: build_eno2p63z4qkzy7o2fyg5xpjpk$_run_closure1$_closure4Customizer> (0x0000000087fb99c8) thrown at [./src/hotspot/share/classfile/systemDictionary.cpp, line 231]
Event: 17.183 Thread 0x000002aa7c811800 Exception <a 'java/lang/ClassNotFoundException'{0x0000000087fe69e0}: build_eno2p63z4qkzy7o2fyg5xpjpk$_run_closure1BeanInfo> (0x0000000087fe69e0) thrown at [./src/hotspot/share/classfile/systemDictionary.cpp, line 231]
Event: 17.184 Thread 0x000002aa7c811800 Exception <a 'java/lang/ClassNotFoundException'{0x0000000087ff6548}: build_eno2p63z4qkzy7o2fyg5xpjpk$_run_closure1Customizer> (0x0000000087ff6548) thrown at [./src/hotspot/share/classfile/systemDictionary.cpp, line 231]
Event: 17.190 Thread 0x000002aa7c811800 Exception <a 'java/lang/ClassNotFoundException'{0x0000000087e475b0}: org/gradle/api/JavaVersionBeanInfo> (0x0000000087e475b0) thrown at [./src/hotspot/share/classfile/systemDictionary.cpp, line 231]
Event: 17.191 Thread 0x000002aa7c811800 Exception <a 'java/lang/ClassNotFoundException'{0x0000000087e6c230}: org/gradle/api/JavaVersionCustomizer> (0x0000000087e6c230) thrown at [./src/hotspot/share/classfile/systemDictionary.cpp, line 231]
Event: 17.198 Thread 0x000002aa7c811800 Exception <a 'java/lang/ClassNotFoundException'{0x0000000087ebf260}: com/android/build/gradle/internal/CompileOptions_DecoratedBeanInfo> (0x0000000087ebf260) thrown at [./src/hotspot/share/classfile/systemDictionary.cpp, line 231]
Event: 17.198 Thread 0x000002aa7c811800 Exception <a 'java/lang/ClassNotFoundException'{0x0000000087ed5bc8}: com/android/build/gradle/internal/CompileOptionsBeanInfo> (0x0000000087ed5bc8) thrown at [./src/hotspot/share/classfile/systemDictionary.cpp, line 231]
Event: 17.200 Thread 0x000002aa7c811800 Exception <a 'java/lang/ClassNotFoundException'{0x0000000087eecb90}: com/android/build/gradle/internal/CompileOptionsCustomizer> (0x0000000087eecb90) thrown at [./src/hotspot/share/classfile/systemDictionary.cpp, line 231]
Event: 17.201 Thread 0x000002aa7c811800 Exception <a 'java/lang/ClassNotFoundException'{0x0000000087d10760}: com/android/build/gradle/internal/CompileOptions_DecoratedCustomizer> (0x0000000087d10760) thrown at [./src/hotspot/share/classfile/systemDictionary.cpp, line 231]

Events (20 events):
Event: 17.736 loading class org/gradle/api/plugins/internal/DefaultAdhocSoftwareComponent
Event: 17.736 loading class org/gradle/api/plugins/internal/DefaultAdhocSoftwareComponent done
Event: 17.737 loading class org/gradle/api/component/AdhocComponentWithVariants
Event: 17.737 loading class org/gradle/api/component/AdhocComponentWithVariants done
Event: 17.738 loading class com/android/build/gradle/internal/tasks/ApplicationTaskManager$createSoftwareComponent$1
Event: 17.738 loading class com/android/build/gradle/internal/tasks/ApplicationTaskManager$createSoftwareComponent$1 done
Event: 17.739 loading class org/gradle/api/component/AdhocComponentWithVariants
Event: 17.739 loading class org/gradle/api/component/AdhocComponentWithVariants done
Event: 17.739 loading class org/gradle/api/internal/java/usagecontext/ConfigurationVariantMapping
Event: 17.739 loading class org/gradle/api/internal/java/usagecontext/ConfigurationVariantMapping done
Event: 17.739 loading class org/gradle/api/internal/java/usagecontext/ConfigurationVariantDetailsInternal
Event: 17.739 loading class org/gradle/api/internal/java/usagecontext/ConfigurationVariantDetailsInternal done
Event: 17.740 loading class org/gradle/api/component/ConfigurationVariantDetails
Event: 17.740 loading class org/gradle/api/component/ConfigurationVariantDetails done
Event: 17.740 loading class org/gradle/api/component/SoftwareComponentContainer
Event: 17.740 loading class org/gradle/api/component/SoftwareComponentContainer done
Event: 17.741 loading class com/android/build/gradle/internal/tasks/AnalyticsRecordingTask
Event: 17.741 loading class com/android/build/gradle/internal/tasks/AnalyticsRecordingTask done
Event: 17.741 loading class com/android/build/gradle/internal/tasks/UnsafeOutputsTask
Event: 17.741 loading class com/android/build/gradle/internal/tasks/UnsafeOutputsTask done


Dynamic libraries:
0x00007ff67d5b0000 - 0x00007ff67d5ba000 	E:\Program Files\Android\Android Studio\jre\bin\java.exe
0x00007fff18340000 - 0x00007fff18530000 	C:\Windows\SYSTEM32\ntdll.dll
0x00007ffecbad0000 - 0x00007ffecbb04000 	C:\Program Files\AVAST Software\Avast\x64\aswhooka.dll
0x00007fff16530000 - 0x00007fff165e2000 	C:\Windows\System32\KERNEL32.DLL
0x00007fff15490000 - 0x00007fff15735000 	C:\Windows\System32\KERNELBASE.dll
0x00007fff162f0000 - 0x00007fff163ea000 	C:\Windows\System32\ucrtbase.dll
0x00007ffefce20000 - 0x00007ffefce39000 	E:\Program Files\Android\Android Studio\jre\bin\jli.dll
0x00007fff165f0000 - 0x00007fff16784000 	C:\Windows\System32\USER32.dll
0x00007fff15a40000 - 0x00007fff15a61000 	C:\Windows\System32\win32u.dll
0x00007fff18130000 - 0x00007fff18156000 	C:\Windows\System32\GDI32.dll
0x00007fff15850000 - 0x00007fff159e6000 	C:\Windows\System32\gdi32full.dll
0x00007fff16200000 - 0x00007fff1629e000 	C:\Windows\System32\msvcp_win.dll
0x00007ffefb4a0000 - 0x00007ffefb4b7000 	E:\Program Files\Android\Android Studio\jre\bin\VCRUNTIME140.dll
0x00007fff02ec0000 - 0x00007fff03144000 	C:\Windows\WinSxS\amd64_microsoft.windows.common-controls_6595b64144ccf1df_6.0.18362.1256_none_9e7e379be45e40e2\COMCTL32.dll
0x00007fff167f0000 - 0x00007fff1688e000 	C:\Windows\System32\msvcrt.dll
0x00007fff179c0000 - 0x00007fff17cf6000 	C:\Windows\System32\combase.dll
0x00007fff17730000 - 0x00007fff17850000 	C:\Windows\System32\RPCRT4.dll
0x00007fff15400000 - 0x00007fff15481000 	C:\Windows\System32\bcryptPrimitives.dll
0x00007fff17d60000 - 0x00007fff17d8e000 	C:\Windows\System32\IMM32.DLL
0x00007ffef7030000 - 0x00007ffef70cd000 	E:\Program Files\Android\Android Studio\jre\bin\msvcp140.dll
0x00007ffeae6b0000 - 0x00007ffeaf16c000 	E:\Program Files\Android\Android Studio\jre\bin\server\jvm.dll
0x00007fff17ed0000 - 0x00007fff17f73000 	C:\Windows\System32\ADVAPI32.dll
0x00007fff17920000 - 0x00007fff179b7000 	C:\Windows\System32\sechost.dll
0x00007fff17230000 - 0x00007fff17238000 	C:\Windows\System32\PSAPI.DLL
0x00007ffee8170000 - 0x00007ffee8179000 	C:\Windows\SYSTEM32\WSOCK32.dll
0x00007fff17d90000 - 0x00007fff17dff000 	C:\Windows\System32\WS2_32.dll
0x00007fff12da0000 - 0x00007fff12dc4000 	C:\Windows\SYSTEM32\WINMM.dll
0x00007fff0d990000 - 0x00007fff0d99a000 	C:\Windows\SYSTEM32\VERSION.dll
0x00007fff12920000 - 0x00007fff1294d000 	C:\Windows\SYSTEM32\WINMMBASE.dll
0x00007fff159f0000 - 0x00007fff15a3a000 	C:\Windows\System32\cfgmgr32.dll
0x00007fff151f0000 - 0x00007fff15201000 	C:\Windows\System32\kernel.appcore.dll
0x00007fff12fb0000 - 0x00007fff12fc1000 	E:\Program Files\Android\Android Studio\jre\bin\verify.dll
0x00007fff13a80000 - 0x00007fff13c74000 	C:\Windows\SYSTEM32\DBGHELP.DLL
0x00007fff029b0000 - 0x00007fff029da000 	C:\Windows\SYSTEM32\dbgcore.DLL
0x00007fff12f80000 - 0x00007fff12fa9000 	E:\Program Files\Android\Android Studio\jre\bin\java.dll
0x00007fff12f70000 - 0x00007fff12f7b000 	E:\Program Files\Android\Android Studio\jre\bin\jimage.dll
0x00007fff12f50000 - 0x00007fff12f68000 	E:\Program Files\Android\Android Studio\jre\bin\zip.dll
0x00007fff169e0000 - 0x00007fff170c7000 	C:\Windows\System32\SHELL32.dll
0x00007fff18250000 - 0x00007fff182f9000 	C:\Windows\System32\shcore.dll
0x00007fff15a70000 - 0x00007fff161f1000 	C:\Windows\System32\windows.storage.dll
0x00007fff15230000 - 0x00007fff15253000 	C:\Windows\System32\profapi.dll
0x00007fff15260000 - 0x00007fff152aa000 	C:\Windows\System32\powrprof.dll
0x00007fff151e0000 - 0x00007fff151f0000 	C:\Windows\System32\UMPDC.dll
0x00007fff17d00000 - 0x00007fff17d52000 	C:\Windows\System32\shlwapi.dll
0x00007fff162d0000 - 0x00007fff162e7000 	C:\Windows\System32\cryptsp.dll
0x00007fff12f30000 - 0x00007fff12f4a000 	E:\Program Files\Android\Android Studio\jre\bin\net.dll
0x00007fff057a0000 - 0x00007fff05890000 	C:\Windows\SYSTEM32\WINHTTP.dll
0x00007fff149d0000 - 0x00007fff14a37000 	C:\Windows\system32\mswsock.dll
0x00007fff12f10000 - 0x00007fff12f24000 	E:\Program Files\Android\Android Studio\jre\bin\nio.dll
0x00007ffeff7c0000 - 0x00007ffeff7e7000 	C:\Users\hp\.gradle\native\fdc75f09e3144964f2cf3f50f0aa648679c211496f362492102eb8c894070792\windows-amd64\native-platform.dll
0x00007ffefa9c0000 - 0x00007ffefab56000 	C:\Users\hp\.gradle\native\12488b8bf47d2d4c9fbf2f6322a914ad602e24e48041cd04a747c6da556b65c4\windows-amd64\native-platform-file-events.dll
0x00007fff12f00000 - 0x00007fff12f0a000 	E:\Program Files\Android\Android Studio\jre\bin\management.dll
0x00007fff0f3e0000 - 0x00007fff0f3ec000 	E:\Program Files\Android\Android Studio\jre\bin\management_ext.dll
0x00007fff14540000 - 0x00007fff14573000 	C:\Windows\system32\rsaenh.dll
0x00007fff162a0000 - 0x00007fff162c6000 	C:\Windows\System32\bcrypt.dll
0x00007fff15100000 - 0x00007fff15125000 	C:\Windows\SYSTEM32\USERENV.dll
0x00007fff14ba0000 - 0x00007fff14bac000 	C:\Windows\SYSTEM32\CRYPTBASE.dll
0x00007fff146e0000 - 0x00007fff1471a000 	C:\Windows\SYSTEM32\IPHLPAPI.DLL
0x00007fff16520000 - 0x00007fff16528000 	C:\Windows\System32\NSI.dll
0x00007fff05f50000 - 0x00007fff05f66000 	C:\Windows\SYSTEM32\dhcpcsvc6.DLL
0x00007fff05fa0000 - 0x00007fff05fbc000 	C:\Windows\SYSTEM32\dhcpcsvc.DLL
0x00007fff14720000 - 0x00007fff147eb000 	C:\Windows\SYSTEM32\DNSAPI.dll
0x00007fff066d0000 - 0x00007fff066db000 	C:\Windows\SYSTEM32\WINNSI.DLL

dbghelp: loaded successfully - version: 4.0.5 - missing functions: none
symbol engine: initialized successfully - sym options: 0x614 - pdb path: .;E:\Program Files\Android\Android Studio\jre\bin;C:\Windows\SYSTEM32;C:\Program Files\AVAST Software\Avast\x64;C:\Windows\WinSxS\amd64_microsoft.windows.common-controls_6595b64144ccf1df_6.0.18362.1256_none_9e7e379be45e40e2;E:\Program Files\Android\Android Studio\jre\bin\server;C:\Users\hp\.gradle\native\fdc75f09e3144964f2cf3f50f0aa648679c211496f362492102eb8c894070792\windows-amd64;C:\Users\hp\.gradle\native\12488b8bf47d2d4c9fbf2f6322a914ad602e24e48041cd04a747c6da556b65c4\windows-amd64

VM Arguments:
jvm_args: --add-opens=java.base/java.util=ALL-UNNAMED --add-opens=java.base/java.lang=ALL-UNNAMED --add-opens=java.base/java.lang.invoke=ALL-UNNAMED --add-opens=java.prefs/java.util.prefs=ALL-UNNAMED -Xmx2048m -Dfile.encoding=UTF-8 -Duser.country=US -Duser.language=en -Duser.variant 
java_command: org.gradle.launcher.daemon.bootstrap.GradleDaemon 6.7.1
java_class_path (initial): C:\Users\hp\.gradle\wrapper\dists\gradle-6.7.1-bin\bwlcbys1h7rz3272sye1xwiv6\gradle-6.7.1\lib\gradle-launcher-6.7.1.jar
Launcher Type: SUN_STANDARD

[Global flags]
     intx CICompilerCount                          = 3                                         {product} {ergonomic}
     uint ConcGCThreads                            = 1                                         {product} {ergonomic}
     uint G1ConcRefinementThreads                  = 4                                         {product} {ergonomic}
   size_t G1HeapRegionSize                         = 1048576                                   {product} {ergonomic}
    uintx GCDrainStackTargetSize                   = 64                                        {product} {ergonomic}
   size_t InitialHeapSize                          = 134217728                                 {product} {ergonomic}
   size_t MarkStackSize                            = 4194304                                   {product} {ergonomic}
   size_t MaxHeapSize                              = 2147483648                                {product} {command line}
   size_t MaxNewSize                               = 1287651328                                {product} {ergonomic}
   size_t MinHeapDeltaBytes                        = 1048576                                   {product} {ergonomic}
    uintx NonNMethodCodeHeapSize                   = 5830732                                {pd product} {ergonomic}
    uintx NonProfiledCodeHeapSize                  = 122913754                              {pd product} {ergonomic}
    uintx ProfiledCodeHeapSize                     = 122913754                              {pd product} {ergonomic}
    uintx ReservedCodeCacheSize                    = 251658240                              {pd product} {ergonomic}
     bool SegmentedCodeCache                       = true                                      {product} {ergonomic}
     bool UseCompressedClassPointers               = true                                 {lp64_product} {ergonomic}
     bool UseCompressedOops                        = true                                 {lp64_product} {ergonomic}
     bool UseG1GC                                  = true                                      {product} {ergonomic}
     bool UseLargePagesIndividualAllocation        = false                                  {pd product} {ergonomic}

Logging:
Log output configuration:
 #0: stdout all=warning uptime,level,tags
 #1: stderr all=off uptime,level,tags

Environment Variables:
JAVA_HOME=C:\Program Files\Java\jdk-17.0.1
PATH=C:\ffmpeg\bin;C:\Program Files\Common Files\Oracle\Java\javapath;C:\Python310\Scripts\;C:\Python310\;C:\ProgramData\Oracle\Java\javapath;C:\Windows\system32;C:\Windows;C:\Windows\System32\Wbem;C:\Windows\System32\WindowsPowerShell\v1.0\;C:\Windows\System32\OpenSSH\;C:\Program Files\Java\jdk-17\bin;C:\Program Files\Microsoft SQL Server\Client SDK\ODBC\110\Tools\Binn\;C:\Program Files\Microsoft SQL Server\Client SDK\ODBC\170\Tools\Binn\;C:\ProgramData\chocolatey\bin;C:\Program Files\Java\jdk-17.0.1\bin;C:\Program Files\Azure Data Studio\bin;C:\Program Files\dotnet\;C:\Program Files\Git\cmd;C:\Program Files\nodejs\;C:\Users\hp\AppData\Local\Microsoft\WindowsApps;D:\Microsoft VS Code\bin;C:\Users\hp\AppData\Local\Android\Sdk\platform-tools;C:\Program Files (x86)\Microsoft SQL Server\150\DTS\Binn\;C:\Program Files (x86)\Microsoft SQL Server\150\Tools\Binn\;C:\Program Files\Microsoft SQL Server\150\Tools\Binn\;C:\Program Files\Microsoft SQL Server\150\DTS\Binn\;C:\Users\hp\AppData\Local\Microsoft\WindowsApps;D:\Microsoft VS Code\bin;C:\Program Files\Azure Data Studio\bin;C:\Users\hp\AppData\Local\Android\Sdk\platform-tools;;C:\Users\hp\AppData\Local\Programs\Microsoft VS Code\bin;C:\Users\hp\.dotnet\tools;C:\Users\hp\AppData\Roaming\npm
USERNAME=hp
OS=Windows_NT
PROCESSOR_IDENTIFIER=Intel64 Family 6 Model 142 Stepping 9, GenuineIntel



---------------  S Y S T E M  ---------------

OS: Windows 10 , 64 bit Build 18362 (10.0.18362.1110)
OS uptime: 0 days 0:33 hours

CPU:total 4 (initial active 4) (2 cores per cpu, 2 threads per core) family 6 model 142 stepping 9, cmov, cx8, fxsr, mmx, sse, sse2, sse3, ssse3, sse4.1, sse4.2, popcnt, avx, avx2, aes, clmul, erms, 3dnowpref, lzcnt, ht, tsc, tscinvbit, bmi1, bmi2, adx, fma

Memory: 4k page, system-wide physical 8078M (553M free)
TotalPageFile size 8078M (AvailPageFile size 5M)
current process WorkingSet (physical memory assigned to process): 331M, peak: 331M
current process commit charge ("private bytes"): 366M, peak: 367M

vm_info: OpenJDK 64-Bit Server VM (11.0.8+10-b944.6842174) for windows-amd64 JRE (11.0.8+10-b944.6842174), built on Sep 19 2020 01:11:42 by "builder" with MS VC++ 14.0 (VS2015)

END.
