#
# There is insufficient memory for the Java Runtime Environment to continue.
# Native memory allocation (malloc) failed to allocate 262160 bytes for Chunk::new
# Possible reasons:
#   The system is out of physical RAM or swap space
#   The process is running with CompressedOops enabled, and the Java Heap may be blocking the growth of the native heap
# Possible solutions:
#   Reduce memory load on the system
#   Increase physical memory or swap space
#   Check if swap backing store is full
#   Decrease Java heap size (-Xmx/-Xms)
#   Decrease number of Java threads
#   Decrease Java thread stack sizes (-Xss)
#   Set larger code cache with -XX:ReservedCodeCacheSize=
#   JVM is running with Unscaled Compressed Oops mode in which the Java heap is
#     placed in the first 4GB address space. The Java Heap base address is the
#     maximum limit for the native heap growth. Please use -XX:HeapBaseMinAddress
#     to set the Java Heap base and to place the Java Heap above 4GB virtual address.
# This output file may be truncated or incomplete.
#
#  Out of Memory Error (./src/hotspot/share/memory/arena.cpp:197), pid=9532, tid=1092
#
# JRE version: OpenJDK Runtime Environment (11.0.8+10) (build 11.0.8+10-b944.6842174)
# Java VM: OpenJDK 64-Bit Server VM (11.0.8+10-b944.6842174, mixed mode, tiered, compressed oops, g1 gc, windows-amd64)
# No core dump will be written. Minidumps are not enabled by default on client versions of Windows
#

---------------  S U M M A R Y ------------

Command Line: --add-opens=java.base/java.util=ALL-UNNAMED --add-opens=java.base/java.lang=ALL-UNNAMED --add-opens=java.base/java.lang.invoke=ALL-UNNAMED --add-opens=java.prefs/java.util.prefs=ALL-UNNAMED -Xmx2048m -Dfile.encoding=UTF-8 -Duser.country=US -Duser.language=en -Duser.variant org.gradle.launcher.daemon.bootstrap.GradleDaemon 6.7.1

Host: Intel(R) Core(TM) i5-7200U CPU @ 2.50GHz, 4 cores, 7G,  Windows 10 , 64 bit Build 18362 (10.0.18362.1110)
Time: Sun Jun  5 16:51:29 2022 Morocco Daylight Time elapsed time: 1154 seconds (0d 0h 19m 14s)

---------------  T H R E A D  ---------------

Current thread (0x000001ed60116800):  JavaThread "C2 CompilerThread0" daemon [_thread_in_native, id=1092, stack(0x0000005a33400000,0x0000005a33500000)]


Current CompileTask:
C2:1154249 17654       4       com.android.tools.r8.ir.conversion.o::a (1157 bytes)

Stack: [0x0000005a33400000,0x0000005a33500000]
Native frames: (J=compiled Java code, j=interpreted, Vv=VM code, C=native code)
V  [jvm.dll+0x5de50a]
V  [jvm.dll+0x7122f5]
V  [jvm.dll+0x71384d]
V  [jvm.dll+0x713f03]
V  [jvm.dll+0x23e728]
V  [jvm.dll+0xb899c]
V  [jvm.dll+0xb8e9c]
V  [jvm.dll+0xb8a98]
V  [jvm.dll+0x5be3b0]
V  [jvm.dll+0x4efb13]
V  [jvm.dll+0x4efd0e]
V  [jvm.dll+0x4efe67]
V  [jvm.dll+0x4fec39]
V  [jvm.dll+0x4fee6e]
V  [jvm.dll+0x4faa26]
V  [jvm.dll+0x4fa8eb]
V  [jvm.dll+0x4fa866]
V  [jvm.dll+0x4fa937]
V  [jvm.dll+0x4fa937]
V  [jvm.dll+0x4fa937]
V  [jvm.dll+0x4fa937]
V  [jvm.dll+0x502678]
V  [jvm.dll+0x1ff393]
V  [jvm.dll+0x1f917c]
V  [jvm.dll+0x1f685f]
V  [jvm.dll+0x17f32c]
V  [jvm.dll+0x205047]
V  [jvm.dll+0x203891]
V  [jvm.dll+0x6dad3f]
V  [jvm.dll+0x6d3895]
V  [jvm.dll+0x5dd4a6]
C  [ucrtbase.dll+0x210b2]
C  [KERNEL32.DLL+0x17c24]
C  [ntdll.dll+0x6d4d1]


---------------  P R O C E S S  ---------------

Threads class SMR info:
_java_thread_list=0x000001ed68295930, length=148, elements={
0x000001ed45d30000, 0x000001ed5f79c000, 0x000001ed5f79d800, 0x000001ed5f7a7000,
0x000001ed60113800, 0x000001ed60116800, 0x000001ed60122800, 0x000001ed5f7b2000,
0x000001ed6026a000, 0x000001ed60278800, 0x000001ed618c5800, 0x000001ed61b84000,
0x000001ed61a7e800, 0x000001ed61b9f000, 0x000001ed61b9f800, 0x000001ed61ba0800,
0x000001ed61ba3000, 0x000001ed64b7b800, 0x000001ed65b25800, 0x000001ed65b29000,
0x000001ed65b2a800, 0x000001ed65b25000, 0x000001ed65b26800, 0x000001ed65b21800,
0x000001ed65b22800, 0x000001ed65b23800, 0x000001ed65b27800, 0x000001ed65b2a000,
0x000001ed65b2b800, 0x000001ed65b2c800, 0x000001ed65b2d000, 0x000001ed65b28000,
0x000001ed65b2e800, 0x000001ed62afe000, 0x000001ed65b2e000, 0x000001ed65b2f800,
0x000001ed65b30800, 0x000001ed64b78800, 0x000001ed64b77000, 0x000001ed64b7a000,
0x000001ed64b7b000, 0x000001ed64b7d800, 0x000001ed64b77800, 0x000001ed64b79800,
0x000001ed61b9e000, 0x000001ed61ba1000, 0x000001ed61b9d000, 0x000001ed61ba2000,
0x000001ed61b9c800, 0x000001ed649ff800, 0x000001ed64a00800, 0x000001ed64a01800,
0x000001ed64a03000, 0x000001ed649ff000, 0x000001ed649fe000, 0x000001ed64a02000,
0x000001ed649fd800, 0x000001ed64a04000, 0x000001ed64a06000, 0x000001ed64a05800,
0x000001ed64a08000, 0x000001ed64a07000, 0x000001ed64a09800, 0x000001ed64a08800,
0x000001ed64a0a800, 0x000001ed64a04800, 0x000001ed64a0b000, 0x000001ed64a0c000,
0x000001ed62e3b000, 0x000001ed62e3f000, 0x000001ed62e3c000, 0x000001ed62e40000,
0x000001ed62e42800, 0x000001ed62e3d800, 0x000001ed62e3c800, 0x000001ed62e41000,
0x000001ed62e43000, 0x000001ed62e41800, 0x000001ed62e44000, 0x000001ed62e3e800,
0x000001ed62e49000, 0x000001ed62e45000, 0x000001ed62e49800, 0x000001ed62e48000,
0x000001ed62e45800, 0x000001ed62e47800, 0x000001ed62e46800, 0x000001ed659a1000,
0x000001ed659a1800, 0x000001ed659a4000, 0x000001ed659a2800, 0x000001ed659a5000,
0x000001ed6599f000, 0x000001ed659a3800, 0x000001ed659a5800, 0x000001ed659a0000,
0x000001ed659aa800, 0x000001ed659a9000, 0x000001ed659aa000, 0x000001ed659ab800,
0x000001ed659ac000, 0x000001ed659a7800, 0x000001ed659a6800, 0x000001ed659ad000,
0x000001ed659a8000, 0x000001ed659ae000, 0x000001ed64b8b000, 0x000001ed64b88800,
0x000001ed64b87800, 0x000001ed64b87000, 0x000001ed64b89800, 0x000001ed64b8d800,
0x000001ed64b8b800, 0x000001ed64b8c800, 0x000001ed64b8a000, 0x000001ed645b9000,
0x000001ed645bb800, 0x000001ed645ba800, 0x000001ed645bc800, 0x000001ed645bd000,
0x000001ed645be000, 0x000001ed645b8800, 0x000001ed645bf000, 0x000001ed645ba000,
0x000001ed65997000, 0x000001ed65999800, 0x000001ed6599d000, 0x000001ed65999000,
0x000001ed6599d800, 0x000001ed6599a800, 0x000001ed6599b800, 0x000001ed6599c000,
0x000001ed65998000, 0x000001ed69946800, 0x000001ed69943800, 0x000001ed69946000,
0x000001ed69944000, 0x000001ed69947800, 0x000001ed69945000, 0x000001ed69948000,
0x000001ed69942800, 0x000001ed6994a000, 0x000001ed6994e000, 0x000001ed6994d000,
0x000001ed6994f000, 0x000001ed69949000, 0x000001ed6994c800, 0x000001ed6994f800
}

Java Threads: ( => current thread )
  0x000001ed45d30000 JavaThread "main" [_thread_blocked, id=8928, stack(0x0000005a32900000,0x0000005a32a00000)]
  0x000001ed5f79c000 JavaThread "Reference Handler" daemon [_thread_blocked, id=1424, stack(0x0000005a33000000,0x0000005a33100000)]
  0x000001ed5f79d800 JavaThread "Finalizer" daemon [_thread_blocked, id=1672, stack(0x0000005a33100000,0x0000005a33200000)]
  0x000001ed5f7a7000 JavaThread "Signal Dispatcher" daemon [_thread_blocked, id=1644, stack(0x0000005a33200000,0x0000005a33300000)]
  0x000001ed60113800 JavaThread "Attach Listener" daemon [_thread_blocked, id=9104, stack(0x0000005a33300000,0x0000005a33400000)]
=>0x000001ed60116800 JavaThread "C2 CompilerThread0" daemon [_thread_in_native, id=1092, stack(0x0000005a33400000,0x0000005a33500000)]
  0x000001ed60122800 JavaThread "C1 CompilerThread0" daemon [_thread_blocked, id=7176, stack(0x0000005a33500000,0x0000005a33600000)]
  0x000001ed5f7b2000 JavaThread "Sweeper thread" daemon [_thread_blocked, id=4952, stack(0x0000005a33600000,0x0000005a33700000)]
  0x000001ed6026a000 JavaThread "Common-Cleaner" daemon [_thread_blocked, id=4744, stack(0x0000005a33700000,0x0000005a33800000)]
  0x000001ed60278800 JavaThread "Service Thread" daemon [_thread_blocked, id=6696, stack(0x0000005a33800000,0x0000005a33900000)]
  0x000001ed618c5800 JavaThread "Daemon health stats" [_thread_blocked, id=6736, stack(0x0000005a33d00000,0x0000005a33e00000)]
  0x000001ed61b84000 JavaThread "Incoming local TCP Connector on port 49836" [_thread_in_native, id=11844, stack(0x0000005a33f00000,0x0000005a34000000)]
  0x000001ed61a7e800 JavaThread "Daemon periodic checks" [_thread_blocked, id=9860, stack(0x0000005a34000000,0x0000005a34100000)]
  0x000001ed61b9f000 JavaThread "Cache worker for file hash cache (C:\Users\hp\.gradle\caches\6.7.1\fileHashes)" [_thread_blocked, id=6476, stack(0x0000005a34900000,0x0000005a34a00000)]
  0x000001ed61b9f800 JavaThread "File lock request listener" [_thread_in_native, id=12088, stack(0x0000005a34a00000,0x0000005a34b00000)]
  0x000001ed61ba0800 JavaThread "Cache worker for journal cache (C:\Users\hp\.gradle\caches\journal-1)" [_thread_blocked, id=5300, stack(0x0000005a34b00000,0x0000005a34c00000)]
  0x000001ed61ba3000 JavaThread "Cache worker for execution history cache (C:\Users\hp\.gradle\caches\6.7.1\executionHistory)" [_thread_blocked, id=888, stack(0x0000005a35100000,0x0000005a35200000)]
  0x000001ed64b7b800 JavaThread "Cache worker for file content cache (C:\Users\hp\.gradle\caches\6.7.1\fileContent)" [_thread_blocked, id=4028, stack(0x0000005a35300000,0x0000005a35400000)]
  0x000001ed65b25800 JavaThread "Memory manager" [_thread_blocked, id=11384, stack(0x0000005a3bb00000,0x0000005a3bc00000)]
  0x000001ed65b29000 JavaThread "Cache worker for Java compile cache (C:\Users\hp\.gradle\caches\6.7.1\javaCompile)" [_thread_blocked, id=2088, stack(0x0000005a3c200000,0x0000005a3c300000)]
  0x000001ed65b2a800 JavaThread "ForkJoinPool.commonPool-worker-3" daemon [_thread_blocked, id=6024, stack(0x0000005a3c900000,0x0000005a3ca00000)]
  0x000001ed65b25000 JavaThread "Daemon Thread 2" [_thread_blocked, id=1960, stack(0x0000005a33a00000,0x0000005a33b00000)]
  0x000001ed65b26800 JavaThread "Handler for socket connection from /127.0.0.1:49836 to /127.0.0.1:50387" [_thread_in_native, id=1224, stack(0x0000005a33e00000,0x0000005a33f00000)]
  0x000001ed65b21800 JavaThread "Cancel handler" [_thread_blocked, id=2172, stack(0x0000005a34100000,0x0000005a34200000)]
  0x000001ed65b22800 JavaThread "Daemon worker Thread 2" [_thread_blocked, id=12368, stack(0x0000005a34200000,0x0000005a34300000)]
  0x000001ed65b23800 JavaThread "Asynchronous log dispatcher for DefaultDaemonConnection: socket connection from /127.0.0.1:49836 to /127.0.0.1:50387" [_thread_blocked, id=9828, stack(0x0000005a34300000,0x0000005a34400000)]
  0x000001ed65b27800 JavaThread "Stdin handler" [_thread_blocked, id=11860, stack(0x0000005a34400000,0x0000005a34500000)]
  0x000001ed65b2a000 JavaThread "Thread-141" [_thread_blocked, id=13084, stack(0x0000005a34500000,0x0000005a34600000)]
  0x000001ed65b2b800 JavaThread "Cache worker for file hash cache (C:\Users\hp\AndroidStudioProjects\myPharmacy\.gradle\6.7.1\fileHashes)" [_thread_blocked, id=13180, stack(0x0000005a34600000,0x0000005a34700000)]
  0x000001ed65b2c800 JavaThread "Cache worker for checksums cache (C:\Users\hp\AndroidStudioProjects\myPharmacy\.gradle\checksums)" [_thread_blocked, id=2892, stack(0x0000005a34700000,0x0000005a34800000)]
  0x000001ed65b2d000 JavaThread "Cache worker for cache directory md-supplier (C:\Users\hp\.gradle\caches\6.7.1\md-supplier)" [_thread_blocked, id=8856, stack(0x0000005a34c00000,0x0000005a34d00000)]
  0x000001ed65b28000 JavaThread "Cache worker for cache directory md-rule (C:\Users\hp\.gradle\caches\6.7.1\md-rule)" [_thread_blocked, id=9876, stack(0x0000005a34d00000,0x0000005a34e00000)]
  0x000001ed65b2e800 JavaThread "Cache worker for Build Output Cleanup Cache (C:\Users\hp\AndroidStudioProjects\myPharmacy\.gradle\buildOutputCleanup)" [_thread_blocked, id=11276, stack(0x0000005a34e00000,0x0000005a34f00000)]
  0x000001ed62afe000 JavaThread "C2 CompilerThread1" daemon [_thread_in_native, id=2644, stack(0x0000005a34f00000,0x0000005a35000000)]
  0x000001ed65b2e000 JavaThread "Build operations" [_thread_in_Java, id=2240, stack(0x0000005a35000000,0x0000005a35100000)]
  0x000001ed65b2f800 JavaThread "Build operations Thread 2" [_thread_in_native, id=11532, stack(0x0000005a35200000,0x0000005a35300000)]
  0x000001ed65b30800 JavaThread "Build operations Thread 3" [_thread_blocked, id=11428, stack(0x0000005a35400000,0x0000005a35500000)]
  0x000001ed64b78800 JavaThread "Build operations Thread 4" [_thread_in_native, id=7296, stack(0x0000005a35500000,0x0000005a35600000)]
  0x000001ed64b77000 JavaThread "jar transforms Thread 100" [_thread_blocked, id=7892, stack(0x0000005a35600000,0x0000005a35700000)]
  0x000001ed64b7a000 JavaThread "jar transforms Thread 101" [_thread_blocked, id=4900, stack(0x0000005a35700000,0x0000005a35800000)]
  0x000001ed64b7b000 JavaThread "jar transforms Thread 102" [_thread_blocked, id=11760, stack(0x0000005a35800000,0x0000005a35900000)]
  0x000001ed64b7d800 JavaThread "jar transforms Thread 103" [_thread_blocked, id=848, stack(0x0000005a35900000,0x0000005a35a00000)]
  0x000001ed64b77800 JavaThread "jar transforms Thread 104" [_thread_blocked, id=8880, stack(0x0000005a35a00000,0x0000005a35b00000)]
  0x000001ed64b79800 JavaThread "jar transforms Thread 105" [_thread_blocked, id=4048, stack(0x0000005a35b00000,0x0000005a35c00000)]
  0x000001ed61b9e000 JavaThread "jar transforms Thread 106" [_thread_blocked, id=8992, stack(0x0000005a35c00000,0x0000005a35d00000)]
  0x000001ed61ba1000 JavaThread "jar transforms Thread 107" [_thread_blocked, id=9988, stack(0x0000005a35d00000,0x0000005a35e00000)]
  0x000001ed61b9d000 JavaThread "jar transforms Thread 108" [_thread_blocked, id=3112, stack(0x0000005a35e00000,0x0000005a35f00000)]
  0x000001ed61ba2000 JavaThread "jar transforms Thread 109" [_thread_blocked, id=4068, stack(0x0000005a35f00000,0x0000005a36000000)]
  0x000001ed61b9c800 JavaThread "jar transforms Thread 110" [_thread_blocked, id=3660, stack(0x0000005a36000000,0x0000005a36100000)]
  0x000001ed649ff800 JavaThread "jar transforms Thread 111" [_thread_blocked, id=13008, stack(0x0000005a36100000,0x0000005a36200000)]
  0x000001ed64a00800 JavaThread "jar transforms Thread 112" [_thread_blocked, id=2388, stack(0x0000005a36200000,0x0000005a36300000)]
  0x000001ed64a01800 JavaThread "jar transforms Thread 113" [_thread_blocked, id=2012, stack(0x0000005a36300000,0x0000005a36400000)]
  0x000001ed64a03000 JavaThread "jar transforms Thread 114" [_thread_blocked, id=10340, stack(0x0000005a36400000,0x0000005a36500000)]
  0x000001ed649ff000 JavaThread "jar transforms Thread 115" [_thread_blocked, id=4632, stack(0x0000005a36500000,0x0000005a36600000)]
  0x000001ed649fe000 JavaThread "jar transforms Thread 116" [_thread_blocked, id=5736, stack(0x0000005a36600000,0x0000005a36700000)]
  0x000001ed64a02000 JavaThread "jar transforms Thread 117" [_thread_blocked, id=1236, stack(0x0000005a36700000,0x0000005a36800000)]
  0x000001ed649fd800 JavaThread "jar transforms Thread 118" [_thread_blocked, id=9072, stack(0x0000005a36800000,0x0000005a36900000)]
  0x000001ed64a04000 JavaThread "jar transforms Thread 119" [_thread_blocked, id=1500, stack(0x0000005a36900000,0x0000005a36a00000)]
  0x000001ed64a06000 JavaThread "jar transforms Thread 120" [_thread_blocked, id=9068, stack(0x0000005a36a00000,0x0000005a36b00000)]
  0x000001ed64a05800 JavaThread "jar transforms Thread 121" [_thread_blocked, id=11448, stack(0x0000005a36b00000,0x0000005a36c00000)]
  0x000001ed64a08000 JavaThread "jar transforms Thread 122" [_thread_blocked, id=6548, stack(0x0000005a36c00000,0x0000005a36d00000)]
  0x000001ed64a07000 JavaThread "jar transforms Thread 123" [_thread_blocked, id=10692, stack(0x0000005a36d00000,0x0000005a36e00000)]
  0x000001ed64a09800 JavaThread "jar transforms Thread 124" [_thread_blocked, id=4316, stack(0x0000005a36e00000,0x0000005a36f00000)]
  0x000001ed64a08800 JavaThread "jar transforms Thread 125" [_thread_blocked, id=1388, stack(0x0000005a36f00000,0x0000005a37000000)]
  0x000001ed64a0a800 JavaThread "jar transforms Thread 126" [_thread_blocked, id=12096, stack(0x0000005a37000000,0x0000005a37100000)]
  0x000001ed64a04800 JavaThread "jar transforms Thread 127" [_thread_blocked, id=10196, stack(0x0000005a37100000,0x0000005a37200000)]
  0x000001ed64a0b000 JavaThread "jar transforms Thread 128" [_thread_blocked, id=4392, stack(0x0000005a37200000,0x0000005a37300000)]
  0x000001ed64a0c000 JavaThread "jar transforms Thread 129" [_thread_blocked, id=2856, stack(0x0000005a37300000,0x0000005a37400000)]
  0x000001ed62e3b000 JavaThread "jar transforms Thread 130" [_thread_blocked, id=10488, stack(0x0000005a37400000,0x0000005a37500000)]
  0x000001ed62e3f000 JavaThread "jar transforms Thread 131" [_thread_blocked, id=11324, stack(0x0000005a37500000,0x0000005a37600000)]
  0x000001ed62e3c000 JavaThread "jar transforms Thread 132" [_thread_blocked, id=9400, stack(0x0000005a37600000,0x0000005a37700000)]
  0x000001ed62e40000 JavaThread "jar transforms Thread 133" [_thread_blocked, id=4680, stack(0x0000005a37700000,0x0000005a37800000)]
  0x000001ed62e42800 JavaThread "jar transforms Thread 134" [_thread_blocked, id=3256, stack(0x0000005a37800000,0x0000005a37900000)]
  0x000001ed62e3d800 JavaThread "jar transforms Thread 135" [_thread_blocked, id=11852, stack(0x0000005a37900000,0x0000005a37a00000)]
  0x000001ed62e3c800 JavaThread "jar transforms Thread 136" [_thread_blocked, id=12596, stack(0x0000005a37a00000,0x0000005a37b00000)]
  0x000001ed62e41000 JavaThread "jar transforms Thread 137" [_thread_blocked, id=12976, stack(0x0000005a37b00000,0x0000005a37c00000)]
  0x000001ed62e43000 JavaThread "jar transforms Thread 138" [_thread_blocked, id=1320, stack(0x0000005a37c00000,0x0000005a37d00000)]
  0x000001ed62e41800 JavaThread "jar transforms Thread 139" [_thread_blocked, id=12428, stack(0x0000005a37d00000,0x0000005a37e00000)]
  0x000001ed62e44000 JavaThread "jar transforms Thread 140" [_thread_blocked, id=1288, stack(0x0000005a37e00000,0x0000005a37f00000)]
  0x000001ed62e3e800 JavaThread "jar transforms Thread 141" [_thread_blocked, id=904, stack(0x0000005a37f00000,0x0000005a38000000)]
  0x000001ed62e49000 JavaThread "jar transforms Thread 142" [_thread_blocked, id=13024, stack(0x0000005a38000000,0x0000005a38100000)]
  0x000001ed62e45000 JavaThread "jar transforms Thread 143" [_thread_blocked, id=8184, stack(0x0000005a38100000,0x0000005a38200000)]
  0x000001ed62e49800 JavaThread "jar transforms Thread 144" [_thread_blocked, id=2972, stack(0x0000005a38200000,0x0000005a38300000)]
  0x000001ed62e48000 JavaThread "jar transforms Thread 145" [_thread_blocked, id=12980, stack(0x0000005a38300000,0x0000005a38400000)]
  0x000001ed62e45800 JavaThread "jar transforms Thread 146" [_thread_blocked, id=6872, stack(0x0000005a38400000,0x0000005a38500000)]
  0x000001ed62e47800 JavaThread "jar transforms Thread 147" [_thread_blocked, id=3240, stack(0x0000005a38500000,0x0000005a38600000)]
  0x000001ed62e46800 JavaThread "jar transforms Thread 148" [_thread_blocked, id=5360, stack(0x0000005a38600000,0x0000005a38700000)]
  0x000001ed659a1000 JavaThread "jar transforms Thread 149" [_thread_blocked, id=13208, stack(0x0000005a38700000,0x0000005a38800000)]
  0x000001ed659a1800 JavaThread "jar transforms Thread 150" [_thread_blocked, id=12864, stack(0x0000005a38800000,0x0000005a38900000)]
  0x000001ed659a4000 JavaThread "jar transforms Thread 151" [_thread_blocked, id=7056, stack(0x0000005a38900000,0x0000005a38a00000)]
  0x000001ed659a2800 JavaThread "jar transforms Thread 152" [_thread_blocked, id=12352, stack(0x0000005a38a00000,0x0000005a38b00000)]
  0x000001ed659a5000 JavaThread "jar transforms Thread 153" [_thread_blocked, id=6740, stack(0x0000005a38b00000,0x0000005a38c00000)]
  0x000001ed6599f000 JavaThread "jar transforms Thread 154" [_thread_blocked, id=788, stack(0x0000005a38c00000,0x0000005a38d00000)]
  0x000001ed659a3800 JavaThread "jar transforms Thread 155" [_thread_blocked, id=3988, stack(0x0000005a38d00000,0x0000005a38e00000)]
  0x000001ed659a5800 JavaThread "jar transforms Thread 156" [_thread_blocked, id=2612, stack(0x0000005a38e00000,0x0000005a38f00000)]
  0x000001ed659a0000 JavaThread "jar transforms Thread 157" [_thread_blocked, id=4072, stack(0x0000005a38f00000,0x0000005a39000000)]
  0x000001ed659aa800 JavaThread "jar transforms Thread 158" [_thread_blocked, id=4076, stack(0x0000005a39000000,0x0000005a39100000)]
  0x000001ed659a9000 JavaThread "jar transforms Thread 159" [_thread_blocked, id=3824, stack(0x0000005a39100000,0x0000005a39200000)]
  0x000001ed659aa000 JavaThread "jar transforms Thread 160" [_thread_blocked, id=3944, stack(0x0000005a39200000,0x0000005a39300000)]
  0x000001ed659ab800 JavaThread "jar transforms Thread 161" [_thread_blocked, id=4888, stack(0x0000005a39300000,0x0000005a39400000)]
  0x000001ed659ac000 JavaThread "jar transforms Thread 162" [_thread_blocked, id=13204, stack(0x0000005a39400000,0x0000005a39500000)]
  0x000001ed659a7800 JavaThread "jar transforms Thread 163" [_thread_blocked, id=8872, stack(0x0000005a39500000,0x0000005a39600000)]
  0x000001ed659a6800 JavaThread "jar transforms Thread 164" [_thread_blocked, id=8876, stack(0x0000005a39600000,0x0000005a39700000)]
  0x000001ed659ad000 JavaThread "jar transforms Thread 165" [_thread_blocked, id=8536, stack(0x0000005a39700000,0x0000005a39800000)]
  0x000001ed659a8000 JavaThread "jar transforms Thread 166" [_thread_blocked, id=7120, stack(0x0000005a39800000,0x0000005a39900000)]
  0x000001ed659ae000 JavaThread "jar transforms Thread 167" [_thread_blocked, id=8676, stack(0x0000005a39900000,0x0000005a39a00000)]
  0x000001ed64b8b000 JavaThread "jar transforms Thread 168" [_thread_blocked, id=12836, stack(0x0000005a39a00000,0x0000005a39b00000)]
  0x000001ed64b88800 JavaThread "jar transforms Thread 169" [_thread_blocked, id=12852, stack(0x0000005a39b00000,0x0000005a39c00000)]
  0x000001ed64b87800 JavaThread "jar transforms Thread 170" [_thread_blocked, id=11660, stack(0x0000005a39c00000,0x0000005a39d00000)]
  0x000001ed64b87000 JavaThread "jar transforms Thread 171" [_thread_blocked, id=3084, stack(0x0000005a39d00000,0x0000005a39e00000)]
  0x000001ed64b89800 JavaThread "jar transforms Thread 172" [_thread_blocked, id=5456, stack(0x0000005a39e00000,0x0000005a39f00000)]
  0x000001ed64b8d800 JavaThread "jar transforms Thread 173" [_thread_blocked, id=9804, stack(0x0000005a39f00000,0x0000005a3a000000)]
  0x000001ed64b8b800 JavaThread "jar transforms Thread 174" [_thread_blocked, id=10464, stack(0x0000005a3a000000,0x0000005a3a100000)]
  0x000001ed64b8c800 JavaThread "jar transforms Thread 175" [_thread_blocked, id=13176, stack(0x0000005a3a100000,0x0000005a3a200000)]
  0x000001ed64b8a000 JavaThread "jar transforms Thread 176" [_thread_blocked, id=12468, stack(0x0000005a3a200000,0x0000005a3a300000)]
  0x000001ed645b9000 JavaThread "jar transforms Thread 177" [_thread_blocked, id=3912, stack(0x0000005a3a300000,0x0000005a3a400000)]
  0x000001ed645bb800 JavaThread "jar transforms Thread 178" [_thread_blocked, id=3908, stack(0x0000005a3a400000,0x0000005a3a500000)]
  0x000001ed645ba800 JavaThread "jar transforms Thread 179" [_thread_blocked, id=2076, stack(0x0000005a3a500000,0x0000005a3a600000)]
  0x000001ed645bc800 JavaThread "jar transforms Thread 180" [_thread_blocked, id=12968, stack(0x0000005a3a600000,0x0000005a3a700000)]
  0x000001ed645bd000 JavaThread "jar transforms Thread 181" [_thread_blocked, id=4976, stack(0x0000005a3a700000,0x0000005a3a800000)]
  0x000001ed645be000 JavaThread "jar transforms Thread 182" [_thread_blocked, id=6216, stack(0x0000005a3a800000,0x0000005a3a900000)]
  0x000001ed645b8800 JavaThread "jar transforms Thread 183" [_thread_blocked, id=5932, stack(0x0000005a3a900000,0x0000005a3aa00000)]
  0x000001ed645bf000 JavaThread "jar transforms Thread 184" [_thread_blocked, id=5096, stack(0x0000005a3aa00000,0x0000005a3ab00000)]
  0x000001ed645ba000 JavaThread "jar transforms Thread 185" [_thread_blocked, id=2396, stack(0x0000005a3ab00000,0x0000005a3ac00000)]
  0x000001ed65997000 JavaThread "jar transforms Thread 186" [_thread_blocked, id=12460, stack(0x0000005a3ac00000,0x0000005a3ad00000)]
  0x000001ed65999800 JavaThread "jar transforms Thread 187" [_thread_blocked, id=3396, stack(0x0000005a3ad00000,0x0000005a3ae00000)]
  0x000001ed6599d000 JavaThread "jar transforms Thread 188" [_thread_blocked, id=3964, stack(0x0000005a3ae00000,0x0000005a3af00000)]
  0x000001ed65999000 JavaThread "jar transforms Thread 189" [_thread_blocked, id=720, stack(0x0000005a3af00000,0x0000005a3b000000)]
  0x000001ed6599d800 JavaThread "jar transforms Thread 190" [_thread_blocked, id=2816, stack(0x0000005a3b000000,0x0000005a3b100000)]
  0x000001ed6599a800 JavaThread "jar transforms Thread 191" [_thread_blocked, id=324, stack(0x0000005a3b100000,0x0000005a3b200000)]
  0x000001ed6599b800 JavaThread "jar transforms Thread 192" [_thread_blocked, id=11912, stack(0x0000005a3b200000,0x0000005a3b300000)]
  0x000001ed6599c000 JavaThread "jar transforms Thread 193" [_thread_blocked, id=6228, stack(0x0000005a3b300000,0x0000005a3b400000)]
  0x000001ed65998000 JavaThread "jar transforms Thread 194" [_thread_blocked, id=5684, stack(0x0000005a3b400000,0x0000005a3b500000)]
  0x000001ed69946800 JavaThread "jar transforms Thread 195" [_thread_blocked, id=400, stack(0x0000005a3b500000,0x0000005a3b600000)]
  0x000001ed69943800 JavaThread "jar transforms Thread 196" [_thread_blocked, id=672, stack(0x0000005a3b600000,0x0000005a3b700000)]
  0x000001ed69946000 JavaThread "jar transforms Thread 197" [_thread_blocked, id=404, stack(0x0000005a3b700000,0x0000005a3b800000)]
  0x000001ed69944000 JavaThread "jar transforms Thread 198" [_thread_blocked, id=412, stack(0x0000005a3b800000,0x0000005a3b900000)]
  0x000001ed69947800 JavaThread "build event listener" [_thread_blocked, id=4336, stack(0x0000005a3b900000,0x0000005a3ba00000)]
  0x000001ed69945000 JavaThread "build event listener" [_thread_blocked, id=4608, stack(0x0000005a3ba00000,0x0000005a3bb00000)]
  0x000001ed69948000 JavaThread "Execution worker for ':'" [_thread_blocked, id=708, stack(0x0000005a3bc00000,0x0000005a3bd00000)]
  0x000001ed69942800 JavaThread "Cache worker for execution history cache (C:\Users\hp\AndroidStudioProjects\myPharmacy\.gradle\6.7.1\executionHistory)" [_thread_blocked, id=7544, stack(0x0000005a3bd00000,0x0000005a3be00000)]
  0x000001ed6994a000 JavaThread "Execution worker for ':' Thread 2" [_thread_blocked, id=12304, stack(0x0000005a3be00000,0x0000005a3bf00000)]
  0x000001ed6994e000 JavaThread "Execution worker for ':' Thread 3" [_thread_blocked, id=8492, stack(0x0000005a3bf00000,0x0000005a3c000000)]
  0x000001ed6994d000 JavaThread "WorkerExecutor Queue" [_thread_in_native, id=12332, stack(0x0000005a3c000000,0x0000005a3c100000)]
  0x000001ed6994f000 JavaThread "WorkerExecutor Queue Thread 2" [_thread_blocked, id=1660, stack(0x0000005a3c100000,0x0000005a3c200000)]
  0x000001ed69949000 JavaThread "pool-8-thread-1" [_thread_blocked, id=9924, stack(0x0000005a3c300000,0x0000005a3c400000)]
  0x000001ed6994c800 JavaThread "stderr" [_thread_in_native, id=9424, stack(0x0000005a3c400000,0x0000005a3c500000)]
  0x000001ed6994f800 JavaThread "stdout" [_thread_in_native, id=12540, stack(0x0000005a3c500000,0x0000005a3c600000)]

Other Threads:
  0x000001ed5f797800 VMThread "VM Thread" [stack: 0x0000005a32f00000,0x0000005a33000000] [id=11608]
  0x000001ed60294800 WatcherThread [stack: 0x0000005a33900000,0x0000005a33a00000] [id=1328]
  0x000001ed45d4b800 GCTaskThread "GC Thread#0" [stack: 0x0000005a32a00000,0x0000005a32b00000] [id=5100]
  0x000001ed6081b800 GCTaskThread "GC Thread#1" [stack: 0x0000005a33b00000,0x0000005a33c00000] [id=6560]
  0x000001ed60c7e800 GCTaskThread "GC Thread#2" [stack: 0x0000005a33c00000,0x0000005a33d00000] [id=4452]
  0x000001ed61bef800 GCTaskThread "GC Thread#3" [stack: 0x0000005a34800000,0x0000005a34900000] [id=12184]
  0x000001ed45d7d000 ConcurrentGCThread "G1 Main Marker" [stack: 0x0000005a32b00000,0x0000005a32c00000] [id=6156]
  0x000001ed45d7f800 ConcurrentGCThread "G1 Conc#0" [stack: 0x0000005a32c00000,0x0000005a32d00000] [id=6212]
  0x000001ed45dfe800 ConcurrentGCThread "G1 Refine#0" [stack: 0x0000005a32d00000,0x0000005a32e00000] [id=10368]
  0x000001ed5f5e4800 ConcurrentGCThread "G1 Young RemSet Sampling" [stack: 0x0000005a32e00000,0x0000005a32f00000] [id=9300]

Threads with active compile tasks:
C2 CompilerThread01154326 17654       4       com.android.tools.r8.ir.conversion.o::a (1157 bytes)
C2 CompilerThread11154326 17671       4       com.android.tools.r8.v.b.g::k (2 bytes)

VM state:not at safepoint (normal execution)

VM Mutex/Monitor currently owned by a thread: None

Heap address: 0x0000000080000000, size: 2048 MB, Compressed Oops mode: 32-bit
Narrow klass base: 0x0000000000000000, Narrow klass shift: 3
Compressed class space size: 1073741824 Address: 0x0000000100000000

Heap:
 garbage-first heap   total 227328K, used 131431K [0x0000000080000000, 0x0000000100000000)
  region size 1024K, 20 young (20480K), 4 survivors (4096K)
 Metaspace       used 112729K, capacity 115491K, committed 115584K, reserved 1148928K
  class space    used 14148K, capacity 15207K, committed 15232K, reserved 1048576K
Heap Regions: E=young(eden), S=young(survivor), O=old, HS=humongous(starts), HC=humongous(continues), CS=collection set, F=free, A=archive, TAMS=top-at-mark-start (previous, next)
|   0|0x0000000080000000, 0x0000000080100000, 0x0000000080100000|100%| O|  |TAMS 0x0000000080100000, 0x0000000080000000| Untracked 
|   1|0x0000000080100000, 0x0000000080200000, 0x0000000080200000|100%| O|  |TAMS 0x0000000080200000, 0x0000000080100000| Untracked 
|   2|0x0000000080200000, 0x0000000080300000, 0x0000000080300000|100%| O|  |TAMS 0x0000000080300000, 0x0000000080200000| Untracked 
|   3|0x0000000080300000, 0x0000000080400000, 0x0000000080400000|100%|HS|  |TAMS 0x0000000080400000, 0x0000000080300000| Complete 
|   4|0x0000000080400000, 0x0000000080500000, 0x0000000080500000|100%|HC|  |TAMS 0x0000000080500000, 0x0000000080400000| Complete 
|   5|0x0000000080500000, 0x0000000080600000, 0x0000000080600000|100%|HC|  |TAMS 0x0000000080600000, 0x0000000080500000| Complete 
|   6|0x0000000080600000, 0x0000000080700000, 0x0000000080700000|100%| O|  |TAMS 0x0000000080700000, 0x0000000080600000| Untracked 
|   7|0x0000000080700000, 0x0000000080800000, 0x0000000080800000|100%| O|  |TAMS 0x0000000080800000, 0x0000000080700000| Untracked 
|   8|0x0000000080800000, 0x0000000080900000, 0x0000000080900000|100%| O|  |TAMS 0x0000000080900000, 0x0000000080800000| Untracked 
|   9|0x0000000080900000, 0x0000000080a00000, 0x0000000080a00000|100%| O|  |TAMS 0x0000000080a00000, 0x0000000080900000| Untracked 
|  10|0x0000000080a00000, 0x0000000080b00000, 0x0000000080b00000|100%| O|  |TAMS 0x0000000080b00000, 0x0000000080a00000| Untracked 
|  11|0x0000000080b00000, 0x0000000080c00000, 0x0000000080c00000|100%| O|  |TAMS 0x0000000080c00000, 0x0000000080b00000| Untracked 
|  12|0x0000000080c00000, 0x0000000080d00000, 0x0000000080d00000|100%| O|  |TAMS 0x0000000080d00000, 0x0000000080c00000| Untracked 
|  13|0x0000000080d00000, 0x0000000080e00000, 0x0000000080e00000|100%| O|  |TAMS 0x0000000080e00000, 0x0000000080d00000| Untracked 
|  14|0x0000000080e00000, 0x0000000080f00000, 0x0000000080f00000|100%| O|  |TAMS 0x0000000080f00000, 0x0000000080e00000| Untracked 
|  15|0x0000000080f00000, 0x0000000081000000, 0x0000000081000000|100%| O|  |TAMS 0x0000000081000000, 0x0000000080f00000| Untracked 
|  16|0x0000000081000000, 0x0000000081100000, 0x0000000081100000|100%|HS|  |TAMS 0x0000000081100000, 0x0000000081000000| Complete 
|  17|0x0000000081100000, 0x0000000081200000, 0x0000000081200000|100%|HS|  |TAMS 0x0000000081200000, 0x0000000081100000| Complete 
|  18|0x0000000081200000, 0x0000000081300000, 0x0000000081300000|100%|HC|  |TAMS 0x0000000081300000, 0x0000000081200000| Complete 
|  19|0x0000000081300000, 0x0000000081400000, 0x0000000081400000|100%| O|  |TAMS 0x0000000081400000, 0x0000000081300000| Untracked 
|  20|0x0000000081400000, 0x0000000081500000, 0x0000000081500000|100%| O|  |TAMS 0x0000000081500000, 0x0000000081400000| Untracked 
|  21|0x0000000081500000, 0x0000000081600000, 0x0000000081600000|100%| O|  |TAMS 0x0000000081600000, 0x0000000081500000| Untracked 
|  22|0x0000000081600000, 0x0000000081700000, 0x0000000081700000|100%| O|  |TAMS 0x0000000081700000, 0x0000000081600000| Untracked 
|  23|0x0000000081700000, 0x0000000081800000, 0x0000000081800000|100%| O|  |TAMS 0x0000000081800000, 0x0000000081700000| Untracked 
|  24|0x0000000081800000, 0x0000000081900000, 0x0000000081900000|100%| O|  |TAMS 0x0000000081900000, 0x0000000081800000| Untracked 
|  25|0x0000000081900000, 0x0000000081a00000, 0x0000000081a00000|100%| O|  |TAMS 0x0000000081a00000, 0x0000000081900000| Untracked 
|  26|0x0000000081a00000, 0x0000000081b00000, 0x0000000081b00000|100%| O|  |TAMS 0x0000000081b00000, 0x0000000081a00000| Untracked 
|  27|0x0000000081b00000, 0x0000000081c00000, 0x0000000081c00000|100%| O|  |TAMS 0x0000000081c00000, 0x0000000081b00000| Untracked 
|  28|0x0000000081c00000, 0x0000000081d00000, 0x0000000081d00000|100%| O|  |TAMS 0x0000000081d00000, 0x0000000081c00000| Untracked 
|  29|0x0000000081d00000, 0x0000000081e00000, 0x0000000081e00000|100%| O|  |TAMS 0x0000000081e00000, 0x0000000081d00000| Untracked 
|  30|0x0000000081e00000, 0x0000000081f00000, 0x0000000081f00000|100%| O|  |TAMS 0x0000000081f00000, 0x0000000081e00000| Untracked 
|  31|0x0000000081f00000, 0x0000000082000000, 0x0000000082000000|100%| O|  |TAMS 0x0000000082000000, 0x0000000081f00000| Untracked 
|  32|0x0000000082000000, 0x0000000082100000, 0x0000000082100000|100%| O|  |TAMS 0x0000000082100000, 0x0000000082000000| Untracked 
|  33|0x0000000082100000, 0x0000000082200000, 0x0000000082200000|100%| O|  |TAMS 0x0000000082200000, 0x0000000082100000| Untracked 
|  34|0x0000000082200000, 0x0000000082300000, 0x0000000082300000|100%| O|  |TAMS 0x0000000082300000, 0x0000000082200000| Untracked 
|  35|0x0000000082300000, 0x0000000082400000, 0x0000000082400000|100%| O|  |TAMS 0x0000000082400000, 0x0000000082300000| Untracked 
|  36|0x0000000082400000, 0x0000000082500000, 0x0000000082500000|100%| O|  |TAMS 0x0000000082500000, 0x0000000082400000| Untracked 
|  37|0x0000000082500000, 0x0000000082600000, 0x0000000082600000|100%| O|  |TAMS 0x0000000082600000, 0x0000000082500000| Untracked 
|  38|0x0000000082600000, 0x0000000082700000, 0x0000000082700000|100%| O|  |TAMS 0x0000000082700000, 0x0000000082600000| Untracked 
|  39|0x0000000082700000, 0x0000000082800000, 0x0000000082800000|100%| O|  |TAMS 0x0000000082800000, 0x0000000082700000| Untracked 
|  40|0x0000000082800000, 0x0000000082900000, 0x0000000082900000|100%| O|  |TAMS 0x0000000082900000, 0x0000000082800000| Untracked 
|  41|0x0000000082900000, 0x0000000082a00000, 0x0000000082a00000|100%| O|  |TAMS 0x0000000082a00000, 0x0000000082900000| Untracked 
|  42|0x0000000082a00000, 0x0000000082b00000, 0x0000000082b00000|100%| O|  |TAMS 0x0000000082b00000, 0x0000000082a00000| Untracked 
|  43|0x0000000082b00000, 0x0000000082c00000, 0x0000000082c00000|100%| O|  |TAMS 0x0000000082c00000, 0x0000000082b00000| Untracked 
|  44|0x0000000082c00000, 0x0000000082d00000, 0x0000000082d00000|100%| O|  |TAMS 0x0000000082d00000, 0x0000000082c00000| Untracked 
|  45|0x0000000082d00000, 0x0000000082e00000, 0x0000000082e00000|100%| O|  |TAMS 0x0000000082e00000, 0x0000000082d00000| Untracked 
|  46|0x0000000082e00000, 0x0000000082f00000, 0x0000000082f00000|100%| O|  |TAMS 0x0000000082f00000, 0x0000000082e00000| Untracked 
|  47|0x0000000082f00000, 0x0000000083000000, 0x0000000083000000|100%| O|  |TAMS 0x0000000083000000, 0x0000000082f00000| Untracked 
|  48|0x0000000083000000, 0x0000000083100000, 0x0000000083100000|100%| O|  |TAMS 0x0000000083100000, 0x0000000083000000| Untracked 
|  49|0x0000000083100000, 0x0000000083100000, 0x0000000083200000|  0%| F|  |TAMS 0x0000000083100000, 0x0000000083100000| Untracked 
|  50|0x0000000083200000, 0x0000000083300000, 0x0000000083300000|100%| O|  |TAMS 0x0000000083300000, 0x0000000083200000| Untracked 
|  51|0x0000000083300000, 0x0000000083400000, 0x0000000083400000|100%| O|  |TAMS 0x0000000083400000, 0x0000000083300000| Untracked 
|  52|0x0000000083400000, 0x0000000083500000, 0x0000000083500000|100%| O|  |TAMS 0x0000000083500000, 0x0000000083400000| Untracked 
|  53|0x0000000083500000, 0x0000000083600000, 0x0000000083600000|100%| O|  |TAMS 0x0000000083600000, 0x0000000083500000| Untracked 
|  54|0x0000000083600000, 0x0000000083700000, 0x0000000083700000|100%| O|  |TAMS 0x0000000083700000, 0x0000000083600000| Untracked 
|  55|0x0000000083700000, 0x0000000083800000, 0x0000000083800000|100%| O|  |TAMS 0x0000000083800000, 0x0000000083700000| Untracked 
|  56|0x0000000083800000, 0x0000000083800000, 0x0000000083900000|  0%| F|  |TAMS 0x0000000083800000, 0x0000000083800000| Untracked 
|  57|0x0000000083900000, 0x0000000083900000, 0x0000000083a00000|  0%| F|  |TAMS 0x0000000083900000, 0x0000000083900000| Untracked 
|  58|0x0000000083a00000, 0x0000000083b00000, 0x0000000083b00000|100%| O|  |TAMS 0x0000000083b00000, 0x0000000083a00000| Untracked 
|  59|0x0000000083b00000, 0x0000000083c00000, 0x0000000083c00000|100%| O|  |TAMS 0x0000000083c00000, 0x0000000083b00000| Untracked 
|  60|0x0000000083c00000, 0x0000000083d00000, 0x0000000083d00000|100%| O|  |TAMS 0x0000000083d00000, 0x0000000083c00000| Untracked 
|  61|0x0000000083d00000, 0x0000000083e00000, 0x0000000083e00000|100%| O|  |TAMS 0x0000000083e00000, 0x0000000083d00000| Untracked 
|  62|0x0000000083e00000, 0x0000000083f00000, 0x0000000083f00000|100%| O|  |TAMS 0x0000000083f00000, 0x0000000083e00000| Untracked 
|  63|0x0000000083f00000, 0x0000000084000000, 0x0000000084000000|100%| O|  |TAMS 0x0000000084000000, 0x0000000083f00000| Untracked 
|  64|0x0000000084000000, 0x0000000084100000, 0x0000000084100000|100%| O|  |TAMS 0x0000000084100000, 0x0000000084000000| Untracked 
|  65|0x0000000084100000, 0x0000000084200000, 0x0000000084200000|100%| O|  |TAMS 0x0000000084200000, 0x0000000084100000| Untracked 
|  66|0x0000000084200000, 0x0000000084300000, 0x0000000084300000|100%| O|  |TAMS 0x0000000084300000, 0x0000000084200000| Untracked 
|  67|0x0000000084300000, 0x0000000084400000, 0x0000000084400000|100%| O|  |TAMS 0x0000000084400000, 0x0000000084300000| Untracked 
|  68|0x0000000084400000, 0x0000000084500000, 0x0000000084500000|100%| O|  |TAMS 0x0000000084500000, 0x0000000084400000| Untracked 
|  69|0x0000000084500000, 0x0000000084600000, 0x0000000084600000|100%| O|  |TAMS 0x0000000084600000, 0x0000000084500000| Untracked 
|  70|0x0000000084600000, 0x0000000084700000, 0x0000000084700000|100%| O|  |TAMS 0x0000000084700000, 0x0000000084600000| Untracked 
|  71|0x0000000084700000, 0x0000000084700000, 0x0000000084800000|  0%| F|  |TAMS 0x0000000084700000, 0x0000000084700000| Untracked 
|  72|0x0000000084800000, 0x0000000084900000, 0x0000000084900000|100%| O|  |TAMS 0x0000000084900000, 0x0000000084800000| Untracked 
|  73|0x0000000084900000, 0x0000000084a00000, 0x0000000084a00000|100%| O|  |TAMS 0x0000000084a00000, 0x0000000084900000| Untracked 
|  74|0x0000000084a00000, 0x0000000084b00000, 0x0000000084b00000|100%| O|  |TAMS 0x0000000084b00000, 0x0000000084a00000| Untracked 
|  75|0x0000000084b00000, 0x0000000084c00000, 0x0000000084c00000|100%| O|  |TAMS 0x0000000084c00000, 0x0000000084b00000| Untracked 
|  76|0x0000000084c00000, 0x0000000084d00000, 0x0000000084d00000|100%| O|  |TAMS 0x0000000084d00000, 0x0000000084c00000| Untracked 
|  77|0x0000000084d00000, 0x0000000084e00000, 0x0000000084e00000|100%| O|  |TAMS 0x0000000084e00000, 0x0000000084d00000| Untracked 
|  78|0x0000000084e00000, 0x0000000084f00000, 0x0000000084f00000|100%| O|  |TAMS 0x0000000084f00000, 0x0000000084e00000| Untracked 
|  79|0x0000000084f00000, 0x0000000085000000, 0x0000000085000000|100%| O|  |TAMS 0x0000000085000000, 0x0000000084f00000| Untracked 
|  80|0x0000000085000000, 0x0000000085100000, 0x0000000085100000|100%| O|  |TAMS 0x0000000085100000, 0x0000000085000000| Untracked 
|  81|0x0000000085100000, 0x0000000085200000, 0x0000000085200000|100%| O|  |TAMS 0x0000000085200000, 0x0000000085100000| Untracked 
|  82|0x0000000085200000, 0x0000000085300000, 0x0000000085300000|100%| O|  |TAMS 0x0000000085300000, 0x0000000085200000| Untracked 
|  83|0x0000000085300000, 0x0000000085400000, 0x0000000085400000|100%| O|  |TAMS 0x0000000085400000, 0x0000000085300000| Untracked 
|  84|0x0000000085400000, 0x0000000085500000, 0x0000000085500000|100%| O|  |TAMS 0x0000000085500000, 0x0000000085400000| Untracked 
|  85|0x0000000085500000, 0x0000000085600000, 0x0000000085600000|100%| O|  |TAMS 0x0000000085600000, 0x0000000085500000| Untracked 
|  86|0x0000000085600000, 0x0000000085700000, 0x0000000085700000|100%| O|  |TAMS 0x0000000085700000, 0x0000000085600000| Untracked 
|  87|0x0000000085700000, 0x0000000085800000, 0x0000000085800000|100%| O|  |TAMS 0x0000000085800000, 0x0000000085700000| Untracked 
|  88|0x0000000085800000, 0x0000000085900000, 0x0000000085900000|100%| O|  |TAMS 0x0000000085900000, 0x0000000085800000| Untracked 
|  89|0x0000000085900000, 0x0000000085a00000, 0x0000000085a00000|100%| O|  |TAMS 0x0000000085a00000, 0x0000000085900000| Untracked 
|  90|0x0000000085a00000, 0x0000000085b00000, 0x0000000085b00000|100%| O|  |TAMS 0x0000000085b00000, 0x0000000085a00000| Untracked 
|  91|0x0000000085b00000, 0x0000000085c00000, 0x0000000085c00000|100%| O|  |TAMS 0x0000000085c00000, 0x0000000085b00000| Untracked 
|  92|0x0000000085c00000, 0x0000000085d00000, 0x0000000085d00000|100%| O|  |TAMS 0x0000000085d00000, 0x0000000085c00000| Untracked 
|  93|0x0000000085d00000, 0x0000000085d1cc00, 0x0000000085e00000| 11%| O|  |TAMS 0x0000000085d1cc00, 0x0000000085d00000| Untracked 
|  94|0x0000000085e00000, 0x0000000085e00000, 0x0000000085f00000|  0%| F|  |TAMS 0x0000000085e00000, 0x0000000085e00000| Untracked 
|  95|0x0000000085f00000, 0x0000000086000000, 0x0000000086000000|100%| O|  |TAMS 0x0000000086000000, 0x0000000085f00000| Untracked 
|  96|0x0000000086000000, 0x0000000086100000, 0x0000000086100000|100%| O|  |TAMS 0x0000000086100000, 0x0000000086000000| Untracked 
|  97|0x0000000086100000, 0x0000000086100000, 0x0000000086200000|  0%| F|  |TAMS 0x0000000086100000, 0x0000000086100000| Untracked 
|  98|0x0000000086200000, 0x0000000086200000, 0x0000000086300000|  0%| F|  |TAMS 0x0000000086200000, 0x0000000086200000| Untracked 
|  99|0x0000000086300000, 0x0000000086300000, 0x0000000086400000|  0%| F|  |TAMS 0x0000000086300000, 0x0000000086300000| Untracked 
| 100|0x0000000086400000, 0x0000000086500000, 0x0000000086500000|100%| O|  |TAMS 0x0000000086500000, 0x0000000086400000| Untracked 
| 101|0x0000000086500000, 0x0000000086600000, 0x0000000086600000|100%| O|  |TAMS 0x0000000086600000, 0x0000000086500000| Untracked 
| 102|0x0000000086600000, 0x0000000086700000, 0x0000000086700000|100%| O|  |TAMS 0x0000000086700000, 0x0000000086600000| Untracked 
| 103|0x0000000086700000, 0x0000000086700000, 0x0000000086800000|  0%| F|  |TAMS 0x0000000086700000, 0x0000000086700000| Untracked 
| 104|0x0000000086800000, 0x0000000086800000, 0x0000000086900000|  0%| F|  |TAMS 0x0000000086800000, 0x0000000086800000| Untracked 
| 105|0x0000000086900000, 0x0000000086900000, 0x0000000086a00000|  0%| F|  |TAMS 0x0000000086900000, 0x0000000086900000| Untracked 
| 106|0x0000000086a00000, 0x0000000086b00000, 0x0000000086b00000|100%| O|  |TAMS 0x0000000086b00000, 0x0000000086a00000| Untracked 
| 107|0x0000000086b00000, 0x0000000086b00000, 0x0000000086c00000|  0%| F|  |TAMS 0x0000000086b00000, 0x0000000086b00000| Untracked 
| 108|0x0000000086c00000, 0x0000000086c00000, 0x0000000086d00000|  0%| F|  |TAMS 0x0000000086c00000, 0x0000000086c00000| Untracked 
| 109|0x0000000086d00000, 0x0000000086d00000, 0x0000000086e00000|  0%| F|  |TAMS 0x0000000086d00000, 0x0000000086d00000| Untracked 
| 110|0x0000000086e00000, 0x0000000086f00000, 0x0000000086f00000|100%| O|  |TAMS 0x0000000086f00000, 0x0000000086e00000| Untracked 
| 111|0x0000000086f00000, 0x0000000087000000, 0x0000000087000000|100%| O|  |TAMS 0x0000000087000000, 0x0000000086f00000| Untracked 
| 112|0x0000000087000000, 0x0000000087100000, 0x0000000087100000|100%| O|  |TAMS 0x0000000087100000, 0x0000000087000000| Untracked 
| 113|0x0000000087100000, 0x0000000087100000, 0x0000000087200000|  0%| F|  |TAMS 0x0000000087100000, 0x0000000087100000| Untracked 
| 114|0x0000000087200000, 0x0000000087300000, 0x0000000087300000|100%| O|  |TAMS 0x0000000087300000, 0x0000000087200000| Untracked 
| 115|0x0000000087300000, 0x0000000087400000, 0x0000000087400000|100%| O|  |TAMS 0x0000000087400000, 0x0000000087300000| Untracked 
| 116|0x0000000087400000, 0x0000000087500000, 0x0000000087500000|100%| O|  |TAMS 0x0000000087500000, 0x0000000087400000| Untracked 
| 117|0x0000000087500000, 0x0000000087600000, 0x0000000087600000|100%| O|  |TAMS 0x0000000087600000, 0x0000000087500000| Untracked 
| 118|0x0000000087600000, 0x0000000087600000, 0x0000000087700000|  0%| F|  |TAMS 0x0000000087600000, 0x0000000087600000| Untracked 
| 119|0x0000000087700000, 0x0000000087700000, 0x0000000087800000|  0%| F|  |TAMS 0x0000000087700000, 0x0000000087700000| Untracked 
| 120|0x0000000087800000, 0x0000000087800000, 0x0000000087900000|  0%| F|  |TAMS 0x0000000087800000, 0x0000000087800000| Untracked 
| 121|0x0000000087900000, 0x0000000087900000, 0x0000000087a00000|  0%| F|  |TAMS 0x0000000087900000, 0x0000000087900000| Untracked 
| 122|0x0000000087a00000, 0x0000000087a00000, 0x0000000087b00000|  0%| F|  |TAMS 0x0000000087a00000, 0x0000000087a00000| Untracked 
| 123|0x0000000087b00000, 0x0000000087b00000, 0x0000000087c00000|  0%| F|  |TAMS 0x0000000087b00000, 0x0000000087b00000| Untracked 
| 124|0x0000000087c00000, 0x0000000087c00000, 0x0000000087d00000|  0%| F|  |TAMS 0x0000000087c00000, 0x0000000087c00000| Untracked 
| 125|0x0000000087d00000, 0x0000000087d00000, 0x0000000087e00000|  0%| F|  |TAMS 0x0000000087d00000, 0x0000000087d00000| Untracked 
| 126|0x0000000087e00000, 0x0000000087e00000, 0x0000000087f00000|  0%| F|  |TAMS 0x0000000087e00000, 0x0000000087e00000| Untracked 
| 127|0x0000000087f00000, 0x0000000088000000, 0x0000000088000000|100%| O|  |TAMS 0x0000000088000000, 0x0000000087f00000| Untracked 
| 128|0x0000000088000000, 0x0000000088100000, 0x0000000088100000|100%| O|  |TAMS 0x0000000088100000, 0x0000000088000000| Untracked 
| 129|0x0000000088100000, 0x0000000088200000, 0x0000000088200000|100%| O|  |TAMS 0x0000000088200000, 0x0000000088100000| Untracked 
| 130|0x0000000088200000, 0x0000000088300000, 0x0000000088300000|100%| O|  |TAMS 0x0000000088300000, 0x0000000088200000| Untracked 
| 131|0x0000000088300000, 0x0000000088400000, 0x0000000088400000|100%| O|  |TAMS 0x0000000088400000, 0x0000000088300000| Untracked 
| 132|0x0000000088400000, 0x0000000088500000, 0x0000000088500000|100%| O|  |TAMS 0x0000000088500000, 0x0000000088400000| Untracked 
| 133|0x0000000088500000, 0x0000000088600000, 0x0000000088600000|100%| O|  |TAMS 0x0000000088600000, 0x0000000088500000| Untracked 
| 134|0x0000000088600000, 0x0000000088700000, 0x0000000088700000|100%| O|  |TAMS 0x0000000088700000, 0x0000000088600000| Untracked 
| 135|0x0000000088700000, 0x0000000088800000, 0x0000000088800000|100%| O|  |TAMS 0x0000000088800000, 0x0000000088700000| Untracked 
| 136|0x0000000088800000, 0x0000000088800000, 0x0000000088900000|  0%| F|  |TAMS 0x0000000088800000, 0x0000000088800000| Untracked 
| 137|0x0000000088900000, 0x0000000088900000, 0x0000000088a00000|  0%| F|  |TAMS 0x0000000088900000, 0x0000000088900000| Untracked 
| 138|0x0000000088a00000, 0x0000000088a00000, 0x0000000088b00000|  0%| F|  |TAMS 0x0000000088a00000, 0x0000000088a00000| Untracked 
| 139|0x0000000088b00000, 0x0000000088b00000, 0x0000000088c00000|  0%| F|  |TAMS 0x0000000088b00000, 0x0000000088b00000| Untracked 
| 140|0x0000000088c00000, 0x0000000088c00000, 0x0000000088d00000|  0%| F|  |TAMS 0x0000000088c00000, 0x0000000088c00000| Untracked 
| 141|0x0000000088d00000, 0x0000000088d00000, 0x0000000088e00000|  0%| F|  |TAMS 0x0000000088d00000, 0x0000000088d00000| Untracked 
| 142|0x0000000088e00000, 0x0000000088e00000, 0x0000000088f00000|  0%| F|  |TAMS 0x0000000088e00000, 0x0000000088e00000| Untracked 
| 143|0x0000000088f00000, 0x0000000088f00000, 0x0000000089000000|  0%| F|  |TAMS 0x0000000088f00000, 0x0000000088f00000| Untracked 
| 144|0x0000000089000000, 0x0000000089000000, 0x0000000089100000|  0%| F|  |TAMS 0x0000000089000000, 0x0000000089000000| Untracked 
| 145|0x0000000089100000, 0x0000000089100000, 0x0000000089200000|  0%| F|  |TAMS 0x0000000089100000, 0x0000000089100000| Untracked 
| 146|0x0000000089200000, 0x0000000089200000, 0x0000000089300000|  0%| F|  |TAMS 0x0000000089200000, 0x0000000089200000| Untracked 
| 147|0x0000000089300000, 0x0000000089300000, 0x0000000089400000|  0%| F|  |TAMS 0x0000000089300000, 0x0000000089300000| Untracked 
| 148|0x0000000089400000, 0x0000000089400000, 0x0000000089500000|  0%| F|  |TAMS 0x0000000089400000, 0x0000000089400000| Untracked 
| 149|0x0000000089500000, 0x0000000089500000, 0x0000000089600000|  0%| F|  |TAMS 0x0000000089500000, 0x0000000089500000| Untracked 
| 150|0x0000000089600000, 0x0000000089600000, 0x0000000089700000|  0%| F|  |TAMS 0x0000000089600000, 0x0000000089600000| Untracked 
| 151|0x0000000089700000, 0x0000000089700000, 0x0000000089800000|  0%| F|  |TAMS 0x0000000089700000, 0x0000000089700000| Untracked 
| 152|0x0000000089800000, 0x0000000089800000, 0x0000000089900000|  0%| F|  |TAMS 0x0000000089800000, 0x0000000089800000| Untracked 
| 153|0x0000000089900000, 0x0000000089900000, 0x0000000089a00000|  0%| F|  |TAMS 0x0000000089900000, 0x0000000089900000| Untracked 
| 154|0x0000000089a00000, 0x0000000089a00000, 0x0000000089b00000|  0%| F|  |TAMS 0x0000000089a00000, 0x0000000089a00000| Untracked 
| 155|0x0000000089b00000, 0x0000000089b00000, 0x0000000089c00000|  0%| F|  |TAMS 0x0000000089b00000, 0x0000000089b00000| Untracked 
| 156|0x0000000089c00000, 0x0000000089c00000, 0x0000000089d00000|  0%| F|  |TAMS 0x0000000089c00000, 0x0000000089c00000| Untracked 
| 157|0x0000000089d00000, 0x0000000089d00000, 0x0000000089e00000|  0%| F|  |TAMS 0x0000000089d00000, 0x0000000089d00000| Untracked 
| 158|0x0000000089e00000, 0x0000000089e3d340, 0x0000000089f00000| 23%| S|CS|TAMS 0x0000000089e00000, 0x0000000089e00000| Complete 
| 159|0x0000000089f00000, 0x000000008a000000, 0x000000008a000000|100%| S|CS|TAMS 0x0000000089f00000, 0x0000000089f00000| Complete 
| 160|0x000000008a000000, 0x000000008a100000, 0x000000008a100000|100%| S|CS|TAMS 0x000000008a000000, 0x000000008a000000| Complete 
| 161|0x000000008a100000, 0x000000008a200000, 0x000000008a200000|100%| S|CS|TAMS 0x000000008a100000, 0x000000008a100000| Complete 
| 162|0x000000008a200000, 0x000000008a200000, 0x000000008a300000|  0%| F|  |TAMS 0x000000008a200000, 0x000000008a200000| Untracked 
| 163|0x000000008a300000, 0x000000008a300000, 0x000000008a400000|  0%| F|  |TAMS 0x000000008a300000, 0x000000008a300000| Untracked 
| 164|0x000000008a400000, 0x000000008a400000, 0x000000008a500000|  0%| F|  |TAMS 0x000000008a400000, 0x000000008a400000| Untracked 
| 165|0x000000008a500000, 0x000000008a500000, 0x000000008a600000|  0%| F|  |TAMS 0x000000008a500000, 0x000000008a500000| Untracked 
| 166|0x000000008a600000, 0x000000008a600000, 0x000000008a700000|  0%| F|  |TAMS 0x000000008a600000, 0x000000008a600000| Untracked 
| 167|0x000000008a700000, 0x000000008a700000, 0x000000008a800000|  0%| F|  |TAMS 0x000000008a700000, 0x000000008a700000| Untracked 
| 168|0x000000008a800000, 0x000000008a800000, 0x000000008a900000|  0%| F|  |TAMS 0x000000008a800000, 0x000000008a800000| Untracked 
| 169|0x000000008a900000, 0x000000008a900000, 0x000000008aa00000|  0%| F|  |TAMS 0x000000008a900000, 0x000000008a900000| Untracked 
| 170|0x000000008aa00000, 0x000000008aa00000, 0x000000008ab00000|  0%| F|  |TAMS 0x000000008aa00000, 0x000000008aa00000| Untracked 
| 171|0x000000008ab00000, 0x000000008ab00000, 0x000000008ac00000|  0%| F|  |TAMS 0x000000008ab00000, 0x000000008ab00000| Untracked 
| 172|0x000000008ac00000, 0x000000008ac00000, 0x000000008ad00000|  0%| F|  |TAMS 0x000000008ac00000, 0x000000008ac00000| Untracked 
| 173|0x000000008ad00000, 0x000000008ad00000, 0x000000008ae00000|  0%| F|  |TAMS 0x000000008ad00000, 0x000000008ad00000| Untracked 
| 174|0x000000008ae00000, 0x000000008ae00000, 0x000000008af00000|  0%| F|  |TAMS 0x000000008ae00000, 0x000000008ae00000| Untracked 
| 175|0x000000008af00000, 0x000000008af00000, 0x000000008b000000|  0%| F|  |TAMS 0x000000008af00000, 0x000000008af00000| Untracked 
| 176|0x000000008b000000, 0x000000008b000000, 0x000000008b100000|  0%| F|  |TAMS 0x000000008b000000, 0x000000008b000000| Untracked 
| 177|0x000000008b100000, 0x000000008b100000, 0x000000008b200000|  0%| F|  |TAMS 0x000000008b100000, 0x000000008b100000| Untracked 
| 178|0x000000008b200000, 0x000000008b200000, 0x000000008b300000|  0%| F|  |TAMS 0x000000008b200000, 0x000000008b200000| Untracked 
| 179|0x000000008b300000, 0x000000008b300000, 0x000000008b400000|  0%| F|  |TAMS 0x000000008b300000, 0x000000008b300000| Untracked 
| 180|0x000000008b400000, 0x000000008b400000, 0x000000008b500000|  0%| F|  |TAMS 0x000000008b400000, 0x000000008b400000| Untracked 
| 181|0x000000008b500000, 0x000000008b500000, 0x000000008b600000|  0%| F|  |TAMS 0x000000008b500000, 0x000000008b500000| Untracked 
| 182|0x000000008b600000, 0x000000008b600000, 0x000000008b700000|  0%| F|  |TAMS 0x000000008b600000, 0x000000008b600000| Untracked 
| 183|0x000000008b700000, 0x000000008b700000, 0x000000008b800000|  0%| F|  |TAMS 0x000000008b700000, 0x000000008b700000| Untracked 
| 184|0x000000008b800000, 0x000000008b800000, 0x000000008b900000|  0%| F|  |TAMS 0x000000008b800000, 0x000000008b800000| Untracked 
| 185|0x000000008b900000, 0x000000008b900000, 0x000000008ba00000|  0%| F|  |TAMS 0x000000008b900000, 0x000000008b900000| Untracked 
| 186|0x000000008ba00000, 0x000000008ba00000, 0x000000008bb00000|  0%| F|  |TAMS 0x000000008ba00000, 0x000000008ba00000| Untracked 
| 187|0x000000008bb00000, 0x000000008bb00000, 0x000000008bc00000|  0%| F|  |TAMS 0x000000008bb00000, 0x000000008bb00000| Untracked 
| 188|0x000000008bc00000, 0x000000008bc00000, 0x000000008bd00000|  0%| F|  |TAMS 0x000000008bc00000, 0x000000008bc00000| Untracked 
| 189|0x000000008bd00000, 0x000000008bd00000, 0x000000008be00000|  0%| F|  |TAMS 0x000000008bd00000, 0x000000008bd00000| Untracked 
| 190|0x000000008be00000, 0x000000008be00000, 0x000000008bf00000|  0%| F|  |TAMS 0x000000008be00000, 0x000000008be00000| Untracked 
| 191|0x000000008bf00000, 0x000000008bf00000, 0x000000008c000000|  0%| F|  |TAMS 0x000000008bf00000, 0x000000008bf00000| Untracked 
| 192|0x000000008c000000, 0x000000008c000000, 0x000000008c100000|  0%| F|  |TAMS 0x000000008c000000, 0x000000008c000000| Untracked 
| 193|0x000000008c100000, 0x000000008c100000, 0x000000008c200000|  0%| F|  |TAMS 0x000000008c100000, 0x000000008c100000| Untracked 
| 194|0x000000008c200000, 0x000000008c200000, 0x000000008c300000|  0%| F|  |TAMS 0x000000008c200000, 0x000000008c200000| Untracked 
| 195|0x000000008c300000, 0x000000008c300000, 0x000000008c400000|  0%| F|  |TAMS 0x000000008c300000, 0x000000008c300000| Untracked 
| 196|0x000000008c400000, 0x000000008c400000, 0x000000008c500000|  0%| F|  |TAMS 0x000000008c400000, 0x000000008c400000| Untracked 
| 197|0x000000008c500000, 0x000000008c500000, 0x000000008c600000|  0%| F|  |TAMS 0x000000008c500000, 0x000000008c500000| Untracked 
| 198|0x000000008c600000, 0x000000008c600000, 0x000000008c700000|  0%| F|  |TAMS 0x000000008c600000, 0x000000008c600000| Untracked 
| 199|0x000000008c700000, 0x000000008c700000, 0x000000008c800000|  0%| F|  |TAMS 0x000000008c700000, 0x000000008c700000| Untracked 
| 200|0x000000008c800000, 0x000000008c800000, 0x000000008c900000|  0%| F|  |TAMS 0x000000008c800000, 0x000000008c800000| Untracked 
| 201|0x000000008c900000, 0x000000008c900000, 0x000000008ca00000|  0%| F|  |TAMS 0x000000008c900000, 0x000000008c900000| Untracked 
| 202|0x000000008ca00000, 0x000000008ca00000, 0x000000008cb00000|  0%| F|  |TAMS 0x000000008ca00000, 0x000000008ca00000| Untracked 
| 203|0x000000008cb00000, 0x000000008cb00000, 0x000000008cc00000|  0%| F|  |TAMS 0x000000008cb00000, 0x000000008cb00000| Untracked 
| 204|0x000000008cc00000, 0x000000008cc00000, 0x000000008cd00000|  0%| F|  |TAMS 0x000000008cc00000, 0x000000008cc00000| Untracked 
| 205|0x000000008cd00000, 0x000000008cd00000, 0x000000008ce00000|  0%| F|  |TAMS 0x000000008cd00000, 0x000000008cd00000| Untracked 
| 206|0x000000008ce00000, 0x000000008ceb8a00, 0x000000008cf00000| 72%| E|  |TAMS 0x000000008ce00000, 0x000000008ce00000| Complete 
| 207|0x000000008cf00000, 0x000000008d000000, 0x000000008d000000|100%| E|CS|TAMS 0x000000008cf00000, 0x000000008cf00000| Complete 
| 208|0x000000008d000000, 0x000000008d100000, 0x000000008d100000|100%| E|CS|TAMS 0x000000008d000000, 0x000000008d000000| Complete 
| 209|0x000000008d100000, 0x000000008d200000, 0x000000008d200000|100%| E|CS|TAMS 0x000000008d100000, 0x000000008d100000| Complete 
| 210|0x000000008d200000, 0x000000008d300000, 0x000000008d300000|100%| E|CS|TAMS 0x000000008d200000, 0x000000008d200000| Complete 
| 211|0x000000008d300000, 0x000000008d400000, 0x000000008d400000|100%| E|CS|TAMS 0x000000008d300000, 0x000000008d300000| Complete 
| 212|0x000000008d400000, 0x000000008d500000, 0x000000008d500000|100%| E|  |TAMS 0x000000008d400000, 0x000000008d400000| Complete 
| 213|0x000000008d500000, 0x000000008d600000, 0x000000008d600000|100%| E|CS|TAMS 0x000000008d500000, 0x000000008d500000| Complete 
| 214|0x000000008d600000, 0x000000008d700000, 0x000000008d700000|100%| E|CS|TAMS 0x000000008d600000, 0x000000008d600000| Complete 
| 215|0x000000008d700000, 0x000000008d800000, 0x000000008d800000|100%| E|CS|TAMS 0x000000008d700000, 0x000000008d700000| Complete 
| 216|0x000000008d800000, 0x000000008d900000, 0x000000008d900000|100%| E|CS|TAMS 0x000000008d800000, 0x000000008d800000| Complete 
| 217|0x000000008d900000, 0x000000008da00000, 0x000000008da00000|100%| E|CS|TAMS 0x000000008d900000, 0x000000008d900000| Complete 
| 218|0x000000008da00000, 0x000000008db00000, 0x000000008db00000|100%| E|CS|TAMS 0x000000008da00000, 0x000000008da00000| Complete 
| 219|0x000000008db00000, 0x000000008dc00000, 0x000000008dc00000|100%| E|CS|TAMS 0x000000008db00000, 0x000000008db00000| Complete 
| 220|0x000000008dc00000, 0x000000008dd00000, 0x000000008dd00000|100%| E|CS|TAMS 0x000000008dc00000, 0x000000008dc00000| Complete 
| 221|0x000000008dd00000, 0x000000008de00000, 0x000000008de00000|100%| E|CS|TAMS 0x000000008dd00000, 0x000000008dd00000| Complete 

Card table byte_map: [0x000001ed58aa0000,0x000001ed58ea0000] _byte_map_base: 0x000001ed586a0000

Marking Bits (Prev, Next): (CMBitMap*) 0x000001ed45d74478, (CMBitMap*) 0x000001ed45d744b0
 Prev Bits: [0x000001ed592a0000, 0x000001ed5b2a0000)
 Next Bits: [0x000001ed5b2a0000, 0x000001ed5d2a0000)

Polling page: 0x000001ed43be0000

Metaspace:

Usage:
  Non-class:     98.00 MB capacity,    96.31 MB ( 98%) used,     1.36 MB (  1%) free+waste,   331.75 KB ( <1%) overhead. 
      Class:     14.85 MB capacity,    13.83 MB ( 93%) used,   899.23 KB (  6%) free+waste,   147.50 KB ( <1%) overhead. 
       Both:    112.85 MB capacity,   110.14 MB ( 98%) used,     2.24 MB (  2%) free+waste,   479.25 KB ( <1%) overhead. 

Virtual space:
  Non-class space:       98.00 MB reserved,      98.00 MB (100%) committed 
      Class space:        1.00 GB reserved,      14.88 MB (  1%) committed 
             Both:        1.10 GB reserved,     112.88 MB ( 10%) committed 

Chunk freelists:
   Non-Class:  4.00 KB
       Class:  0 bytes
        Both:  4.00 KB

MaxMetaspaceSize: 17179869184.00 GB
CompressedClassSpaceSize: 1.00 GB

CodeHeap 'non-profiled nmethods': size=120064Kb used=11166Kb max_used=11734Kb free=108897Kb
 bounds [0x000001ed51160000, 0x000001ed51ce0000, 0x000001ed586a0000]
CodeHeap 'profiled nmethods': size=120000Kb used=32826Kb max_used=32826Kb free=87173Kb
 bounds [0x000001ed49c30000, 0x000001ed4bce0000, 0x000001ed51160000]
CodeHeap 'non-nmethods': size=5696Kb used=2316Kb max_used=2383Kb free=3379Kb
 bounds [0x000001ed496a0000, 0x000001ed49910000, 0x000001ed49c30000]
 total_blobs=15976 nmethods=15049 adapters=837
 compilation: enabled
              stopped_count=0, restarted_count=0
 full_count=0

Compilation events (20 events):
Event: 1153.970 Thread 0x000001ed60122800 17736       3       com.android.tools.r8.v.a.j.e$$Lambda$1204/0x0000000100ce3440::accept (20 bytes)
Event: 1153.970 Thread 0x000001ed60122800 nmethod 17736 0x000001ed4b15f290 code [0x000001ed4b15f460, 0x000001ed4b15f6a8]
Event: 1153.970 Thread 0x000001ed60122800 17737       3       com.android.tools.r8.w.a.a.a.h.a0$f::m (60 bytes)
Event: 1153.971 Thread 0x000001ed60122800 nmethod 17737 0x000001ed4b16ed90 code [0x000001ed4b16ef60, 0x000001ed4b16f328]
Event: 1153.971 Thread 0x000001ed60122800 17738       3       com.android.tools.r8.v.b.v::b (138 bytes)
Event: 1153.973 Thread 0x000001ed60122800 nmethod 17738 0x000001ed4b1fdd90 code [0x000001ed4b1fe100, 0x000001ed4b1ff738]
Event: 1153.976 Thread 0x000001ed60122800 17739       3       com.android.tools.r8.graph.l0::s (105 bytes)
Event: 1153.980 Thread 0x000001ed60122800 nmethod 17739 0x000001ed4bcce190 code [0x000001ed4bcce760, 0x000001ed4bcd15c8]
Event: 1153.980 Thread 0x000001ed60122800 17741       3       com.android.tools.r8.ir.optimize.d0::b (53 bytes)
Event: 1153.981 Thread 0x000001ed60122800 nmethod 17741 0x000001ed4b183f90 code [0x000001ed4b1841a0, 0x000001ed4b184748]
Event: 1153.981 Thread 0x000001ed60122800 17742       3       com.android.tools.r8.ir.optimize.c0::<init> (195 bytes)
Event: 1153.983 Thread 0x000001ed60122800 nmethod 17742 0x000001ed4b2d4e90 code [0x000001ed4b2d5220, 0x000001ed4b2d6ff8]
Event: 1153.983 Thread 0x000001ed60122800 17740       3       com.android.tools.r8.ir.conversion.S::b (112 bytes)
Event: 1153.985 Thread 0x000001ed60122800 nmethod 17740 0x000001ed4b1a1810 code [0x000001ed4b1a1b00, 0x000001ed4b1a2d18]
Event: 1153.985 Thread 0x000001ed60122800 17743       1       com.android.tools.r8.v.b.j1::T0 (2 bytes)
Event: 1153.985 Thread 0x000001ed60122800 nmethod 17743 0x000001ed516c0190 code [0x000001ed516c0340, 0x000001ed516c03f8]
Event: 1154.213 Thread 0x000001ed60122800 17744       3       com.android.tools.r8.s.a.a.b.T::toArray (53 bytes)
Event: 1154.215 Thread 0x000001ed60122800 nmethod 17744 0x000001ed4b1a5b10 code [0x000001ed4b1a5d40, 0x000001ed4b1a64b8]
Event: 1154.215 Thread 0x000001ed60122800 17745       3       com.android.tools.r8.v.b.O::d (27 bytes)
Event: 1154.215 Thread 0x000001ed60122800 nmethod 17745 0x000001ed4b16d110 code [0x000001ed4b16d2e0, 0x000001ed4b16d518]

GC Heap History (20 events):
Event: 1147.363 GC heap before
{Heap before GC invocations=44 (full 0):
 garbage-first heap   total 227328K, used 215040K [0x0000000080000000, 0x0000000100000000)
  region size 1024K, 43 young (44032K), 9 survivors (9216K)
 Metaspace       used 110639K, capacity 113358K, committed 113664K, reserved 1148928K
  class space    used 14009K, capacity 15022K, committed 15104K, reserved 1048576K
}
Event: 1147.387 GC heap after
{Heap after GC invocations=45 (full 0):
 garbage-first heap   total 227328K, used 149157K [0x0000000080000000, 0x0000000100000000)
  region size 1024K, 2 young (2048K), 2 survivors (2048K)
 Metaspace       used 110639K, capacity 113358K, committed 113664K, reserved 1148928K
  class space    used 14009K, capacity 15022K, committed 15104K, reserved 1048576K
}
Event: 1147.480 GC heap before
{Heap before GC invocations=45 (full 0):
 garbage-first heap   total 227328K, used 157349K [0x0000000080000000, 0x0000000100000000)
  region size 1024K, 11 young (11264K), 2 survivors (2048K)
 Metaspace       used 110645K, capacity 113358K, committed 113664K, reserved 1148928K
  class space    used 14009K, capacity 15022K, committed 15104K, reserved 1048576K
}
Event: 1147.492 GC heap after
{Heap after GC invocations=46 (full 0):
 garbage-first heap   total 227328K, used 148449K [0x0000000080000000, 0x0000000100000000)
  region size 1024K, 2 young (2048K), 2 survivors (2048K)
 Metaspace       used 110645K, capacity 113358K, committed 113664K, reserved 1148928K
  class space    used 14009K, capacity 15022K, committed 15104K, reserved 1048576K
}
Event: 1148.141 GC heap before
{Heap before GC invocations=46 (full 0):
 garbage-first heap   total 227328K, used 184289K [0x0000000080000000, 0x0000000100000000)
  region size 1024K, 38 young (38912K), 2 survivors (2048K)
 Metaspace       used 110658K, capacity 113358K, committed 113664K, reserved 1148928K
  class space    used 14009K, capacity 15022K, committed 15104K, reserved 1048576K
}
Event: 1148.150 GC heap after
{Heap after GC invocations=47 (full 0):
 garbage-first heap   total 227328K, used 149051K [0x0000000080000000, 0x0000000100000000)
  region size 1024K, 2 young (2048K), 2 survivors (2048K)
 Metaspace       used 110658K, capacity 113358K, committed 113664K, reserved 1148928K
  class space    used 14009K, capacity 15022K, committed 15104K, reserved 1048576K
}
Event: 1149.138 GC heap before
{Heap before GC invocations=48 (full 0):
 garbage-first heap   total 227328K, used 183867K [0x0000000080000000, 0x0000000100000000)
  region size 1024K, 40 young (40960K), 2 survivors (2048K)
 Metaspace       used 110658K, capacity 113358K, committed 113664K, reserved 1148928K
  class space    used 14009K, capacity 15022K, committed 15104K, reserved 1048576K
}
Event: 1149.147 GC heap after
{Heap after GC invocations=49 (full 0):
 garbage-first heap   total 227328K, used 146502K [0x0000000080000000, 0x0000000100000000)
  region size 1024K, 3 young (3072K), 3 survivors (3072K)
 Metaspace       used 110658K, capacity 113358K, committed 113664K, reserved 1148928K
  class space    used 14009K, capacity 15022K, committed 15104K, reserved 1048576K
}
Event: 1149.358 GC heap before
{Heap before GC invocations=49 (full 0):
 garbage-first heap   total 227328K, used 153670K [0x0000000080000000, 0x0000000100000000)
  region size 1024K, 11 young (11264K), 3 survivors (3072K)
 Metaspace       used 110864K, capacity 113533K, committed 113664K, reserved 1148928K
  class space    used 14025K, capacity 15057K, committed 15104K, reserved 1048576K
}
Event: 1149.378 GC heap after
{Heap after GC invocations=50 (full 0):
 garbage-first heap   total 227328K, used 130127K [0x0000000080000000, 0x0000000100000000)
  region size 1024K, 2 young (2048K), 2 survivors (2048K)
 Metaspace       used 110864K, capacity 113533K, committed 113664K, reserved 1148928K
  class space    used 14025K, capacity 15057K, committed 15104K, reserved 1048576K
}
Event: 1149.570 GC heap before
{Heap before GC invocations=50 (full 0):
 garbage-first heap   total 227328K, used 138319K [0x0000000080000000, 0x0000000100000000)
  region size 1024K, 11 young (11264K), 2 survivors (2048K)
 Metaspace       used 110935K, capacity 113661K, committed 113920K, reserved 1148928K
  class space    used 14031K, capacity 15057K, committed 15104K, reserved 1048576K
}
Event: 1149.586 GC heap after
{Heap after GC invocations=51 (full 0):
 garbage-first heap   total 227328K, used 127830K [0x0000000080000000, 0x0000000100000000)
  region size 1024K, 1 young (1024K), 1 survivors (1024K)
 Metaspace       used 110935K, capacity 113661K, committed 113920K, reserved 1148928K
  class space    used 14031K, capacity 15057K, committed 15104K, reserved 1048576K
}
Event: 1150.383 GC heap before
{Heap before GC invocations=51 (full 0):
 garbage-first heap   total 227328K, used 175958K [0x0000000080000000, 0x0000000100000000)
  region size 1024K, 49 young (50176K), 1 survivors (1024K)
 Metaspace       used 111130K, capacity 113874K, committed 113920K, reserved 1148928K
  class space    used 14062K, capacity 15066K, committed 15104K, reserved 1048576K
}
Event: 1150.392 GC heap after
{Heap after GC invocations=52 (full 0):
 garbage-first heap   total 227328K, used 128495K [0x0000000080000000, 0x0000000100000000)
  region size 1024K, 2 young (2048K), 2 survivors (2048K)
 Metaspace       used 111130K, capacity 113874K, committed 113920K, reserved 1148928K
  class space    used 14062K, capacity 15066K, committed 15104K, reserved 1048576K
}
Event: 1151.037 GC heap before
{Heap before GC invocations=53 (full 0):
 garbage-first heap   total 227328K, used 176623K [0x0000000080000000, 0x0000000100000000)
  region size 1024K, 52 young (53248K), 2 survivors (2048K)
 Metaspace       used 111168K, capacity 113908K, committed 114048K, reserved 1148928K
  class space    used 14066K, capacity 15099K, committed 15232K, reserved 1048576K
}
Event: 1151.045 GC heap after
{Heap after GC invocations=54 (full 0):
 garbage-first heap   total 227328K, used 127038K [0x0000000080000000, 0x0000000100000000)
  region size 1024K, 3 young (3072K), 3 survivors (3072K)
 Metaspace       used 111168K, capacity 113908K, committed 114048K, reserved 1148928K
  class space    used 14066K, capacity 15099K, committed 15232K, reserved 1048576K
}
Event: 1151.170 GC heap before
{Heap before GC invocations=54 (full 0):
 garbage-first heap   total 227328K, used 134206K [0x0000000080000000, 0x0000000100000000)
  region size 1024K, 11 young (11264K), 3 survivors (3072K)
 Metaspace       used 111168K, capacity 113908K, committed 114048K, reserved 1148928K
  class space    used 14066K, capacity 15099K, committed 15232K, reserved 1048576K
}
Event: 1151.187 GC heap after
{Heap after GC invocations=55 (full 0):
 garbage-first heap   total 227328K, used 115071K [0x0000000080000000, 0x0000000100000000)
  region size 1024K, 2 young (2048K), 2 survivors (2048K)
 Metaspace       used 111168K, capacity 113908K, committed 114048K, reserved 1148928K
  class space    used 14066K, capacity 15099K, committed 15232K, reserved 1048576K
}
Event: 1153.316 GC heap before
{Heap before GC invocations=55 (full 0):
 garbage-first heap   total 227328K, used 173439K [0x0000000080000000, 0x0000000100000000)
  region size 1024K, 60 young (61440K), 2 survivors (2048K)
 Metaspace       used 112452K, capacity 115259K, committed 115328K, reserved 1148928K
  class space    used 14145K, capacity 15202K, committed 15232K, reserved 1048576K
}
Event: 1153.332 GC heap after
{Heap after GC invocations=56 (full 0):
 garbage-first heap   total 227328K, used 117095K [0x0000000080000000, 0x0000000100000000)
  region size 1024K, 4 young (4096K), 4 survivors (4096K)
 Metaspace       used 112452K, capacity 115259K, committed 115328K, reserved 1148928K
  class space    used 14145K, capacity 15202K, committed 15232K, reserved 1048576K
}

Deoptimization events (20 events):
Event: 1153.526 Thread 0x000001ed64b78800 Uncommon trap: trap_request=0xffffff4d fr.pc=0x000001ed519a8e9c relative=0x00000000000002dc
Event: 1153.526 Thread 0x000001ed64b78800 Uncommon trap: reason=unstable_if action=reinterpret pc=0x000001ed519a8e9c method=com.android.tools.r8.graph.q0.b(Lcom/android/tools/r8/graph/q0;)I @ 83 c2
Event: 1153.526 Thread 0x000001ed64b78800 DEOPT PACKING pc=0x000001ed519a8e9c sp=0x0000005a355fb770
Event: 1153.526 Thread 0x000001ed64b78800 DEOPT UNPACKING pc=0x000001ed496c74af sp=0x0000005a355fb6f8 mode 2
Event: 1153.941 Thread 0x000001ed65b2e000 Uncommon trap: trap_request=0xffffffde fr.pc=0x000001ed515febe4 relative=0x0000000000003d84
Event: 1153.941 Thread 0x000001ed65b2e000 Uncommon trap: reason=class_check action=maybe_recompile pc=0x000001ed515febe4 method=com.android.tools.r8.ir.optimize.J.a(Lcom/android/tools/r8/v/b/o0;)Z @ 93 c2
Event: 1153.941 Thread 0x000001ed65b2e000 DEOPT PACKING pc=0x000001ed515febe4 sp=0x0000005a350fadd0
Event: 1153.941 Thread 0x000001ed65b2e000 DEOPT UNPACKING pc=0x000001ed496c74af sp=0x0000005a350fad98 mode 2
Event: 1153.941 Thread 0x000001ed65b2e000 Uncommon trap: trap_request=0xffffffde fr.pc=0x000001ed515febe4 relative=0x0000000000003d84
Event: 1153.941 Thread 0x000001ed65b2e000 Uncommon trap: reason=class_check action=maybe_recompile pc=0x000001ed515febe4 method=com.android.tools.r8.ir.optimize.J.a(Lcom/android/tools/r8/v/b/o0;)Z @ 93 c2
Event: 1153.941 Thread 0x000001ed65b2e000 DEOPT PACKING pc=0x000001ed515febe4 sp=0x0000005a350fadd0
Event: 1153.941 Thread 0x000001ed65b2e000 DEOPT UNPACKING pc=0x000001ed496c74af sp=0x0000005a350fad98 mode 2
Event: 1153.947 Thread 0x000001ed65b2e000 Uncommon trap: trap_request=0xffffffde fr.pc=0x000001ed515febe4 relative=0x0000000000003d84
Event: 1153.947 Thread 0x000001ed65b2e000 Uncommon trap: reason=class_check action=maybe_recompile pc=0x000001ed515febe4 method=com.android.tools.r8.ir.optimize.J.a(Lcom/android/tools/r8/v/b/o0;)Z @ 93 c2
Event: 1153.947 Thread 0x000001ed65b2e000 DEOPT PACKING pc=0x000001ed515febe4 sp=0x0000005a350fadd0
Event: 1153.947 Thread 0x000001ed65b2e000 DEOPT UNPACKING pc=0x000001ed496c74af sp=0x0000005a350fad98 mode 2
Event: 1153.948 Thread 0x000001ed65b2e000 Uncommon trap: trap_request=0xffffffde fr.pc=0x000001ed515febe4 relative=0x0000000000003d84
Event: 1153.948 Thread 0x000001ed65b2e000 Uncommon trap: reason=class_check action=maybe_recompile pc=0x000001ed515febe4 method=com.android.tools.r8.ir.optimize.J.a(Lcom/android/tools/r8/v/b/o0;)Z @ 93 c2
Event: 1153.948 Thread 0x000001ed65b2e000 DEOPT PACKING pc=0x000001ed515febe4 sp=0x0000005a350fadd0
Event: 1153.948 Thread 0x000001ed65b2e000 DEOPT UNPACKING pc=0x000001ed496c74af sp=0x0000005a350fad98 mode 2

Classes redefined (0 events):
No events

Internal exceptions (20 events):
Event: 1144.714 Thread 0x000001ed69948000 Implicit null exception at 0x000001ed51b6ee04 to 0x000001ed51b6effc
Event: 1146.837 Thread 0x000001ed69948000 Exception <a 'java/lang/NoSuchMethodError'{0x000000008da0a258}: <clinit>> (0x000000008da0a258) thrown at [./src/hotspot/share/prims/jni.cpp, line 1362]
Event: 1149.186 Thread 0x000001ed6994a000 Exception <a 'java/lang/NoSuchMethodError'{0x000000008dc86f88}: <clinit>> (0x000000008dc86f88) thrown at [./src/hotspot/share/prims/jni.cpp, line 1362]
Event: 1149.922 Thread 0x000001ed6994d000 Exception <a 'java/lang/NoSuchMethodError'{0x000000008db4b7a8}: 'void java.lang.invoke.DirectMethodHandle$Holder.invokeStatic(java.lang.Object, long)'> (0x000000008db4b7a8) thrown at [./src/hotspot/share/interpreter/linkResolver.cpp, line 773]
Event: 1149.925 Thread 0x000001ed6994d000 Exception <a 'java/lang/NoSuchMethodError'{0x000000008db56388}: 'java.lang.Object java.lang.invoke.DirectMethodHandle$Holder.invokeStaticInit(java.lang.Object, java.lang.Object, long, java.lang.Object)'> (0x000000008db56388) thrown at [./src/hotspot/share/interpreter/linkResolver.cpp, line 773]
Event: 1149.926 Thread 0x000001ed6994d000 Exception <a 'java/lang/NoSuchMethodError'{0x000000008db5c5c8}: 'java.lang.Object java.lang.invoke.DirectMethodHandle$Holder.invokeStatic(java.lang.Object, java.lang.Object, long)'> (0x000000008db5c5c8) thrown at [./src/hotspot/share/interpreter/linkResolver.cpp, line 773]
Event: 1149.926 Thread 0x000001ed6994d000 Exception <a 'java/lang/NoSuchMethodError'{0x000000008ccd5c70}: 'java.lang.Object java.lang.invoke.Invokers$Holder.linkToTargetMethod(java.lang.Object, long, java.lang.Object)'> (0x000000008ccd5c70) thrown at [./src/hotspot/share/interpreter/linkResolver.cpp, line 773]
Event: 1150.438 Thread 0x000001ed65b22800 Exception <a 'sun/nio/fs/WindowsException'{0x000000008d8bce58}> (0x000000008d8bce58) thrown at [./src/hotspot/share/prims/jni.cpp, line 615]
Event: 1150.439 Thread 0x000001ed65b22800 Exception <a 'sun/nio/fs/WindowsException'{0x000000008d8be2c0}> (0x000000008d8be2c0) thrown at [./src/hotspot/share/prims/jni.cpp, line 615]
Event: 1151.347 Thread 0x000001ed65b2f800 Exception <a 'sun/nio/fs/WindowsException'{0x000000008d3b4870}> (0x000000008d3b4870) thrown at [./src/hotspot/share/prims/jni.cpp, line 615]
Event: 1151.359 Thread 0x000001ed64b78800 Exception <a 'sun/nio/fs/WindowsException'{0x000000008d163a40}> (0x000000008d163a40) thrown at [./src/hotspot/share/prims/jni.cpp, line 615]
Event: 1151.455 Thread 0x000001ed65b2f800 Exception <a 'sun/nio/fs/WindowsException'{0x000000008d2a31c0}> (0x000000008d2a31c0) thrown at [./src/hotspot/share/prims/jni.cpp, line 615]
Event: 1151.459 Thread 0x000001ed65b2f800 Implicit null exception at 0x000001ed5117ff1b to 0x000001ed511806d0
Event: 1151.459 Thread 0x000001ed65b2f800 Implicit null exception at 0x000001ed5117f1a0 to 0x000001ed5117f960
Event: 1152.402 Thread 0x000001ed64b78800 Exception <a 'java/lang/NoSuchMethodError'{0x000000008b625b30}: 'java.lang.Object java.lang.invoke.DirectMethodHandle$Holder.invokeInterface(java.lang.Object, java.lang.Object, int)'> (0x000000008b625b30) thrown at [./src/hotspot/share/interpreter/linkResolver.cpp, line 773]
Event: 1153.140 Thread 0x000001ed64b78800 Exception <a 'java/lang/NoSuchMethodError'{0x000000008a42c088}: 'void java.lang.invoke.DirectMethodHandle$Holder.invokeStatic(java.lang.Object, int, java.lang.Object)'> (0x000000008a42c088) thrown at [./src/hotspot/share/interpreter/linkResolver.cpp, line 773]
Event: 1153.179 Thread 0x000001ed65b2f800 Exception <a 'sun/nio/fs/WindowsException'{0x000000008a3103f0}> (0x000000008a3103f0) thrown at [./src/hotspot/share/prims/jni.cpp, line 615]
Event: 1153.433 Thread 0x000001ed65b2e000 Exception <a 'sun/nio/fs/WindowsException'{0x000000008dbd7f90}> (0x000000008dbd7f90) thrown at [./src/hotspot/share/prims/jni.cpp, line 615]
Event: 1153.726 Thread 0x000001ed64b78800 Exception <a 'sun/nio/fs/WindowsException'{0x000000008d7b0bb0}> (0x000000008d7b0bb0) thrown at [./src/hotspot/share/prims/jni.cpp, line 615]
Event: 1153.934 Thread 0x000001ed65b2f800 Exception <a 'sun/nio/fs/WindowsException'{0x000000008d4d84e0}> (0x000000008d4d84e0) thrown at [./src/hotspot/share/prims/jni.cpp, line 615]

Events (20 events):
Event: 1153.225 Executing VM operation: BulkRevokeBias
Event: 1153.282 Executing VM operation: BulkRevokeBias done
Event: 1153.316 Executing VM operation: G1CollectForAllocation
Event: 1153.332 Executing VM operation: G1CollectForAllocation done
Event: 1153.452 loading class com/android/tools/r8/graph/v1
Event: 1153.452 loading class com/android/tools/r8/graph/v1 done
Event: 1153.452 loading class com/android/tools/r8/graph/e0
Event: 1153.452 loading class com/android/tools/r8/graph/e0 done
Event: 1153.452 loading class com/android/tools/r8/graph/v1
Event: 1153.452 loading class com/android/tools/r8/graph/v1 done
Event: 1153.461 loading class com/android/tools/r8/graph/a1$a
Event: 1153.461 loading class com/android/tools/r8/graph/a1$a done
Event: 1153.561 loading class com/android/tools/r8/graph/v1
Event: 1153.561 loading class com/android/tools/r8/graph/v1 done
Event: 1153.561 loading class com/android/tools/r8/graph/v1
Event: 1153.561 loading class com/android/tools/r8/graph/v1 done
Event: 1153.698 Executing VM operation: CGC_Operation
Event: 1153.725 Executing VM operation: CGC_Operation done
Event: 1153.914 Executing VM operation: CGC_Operation
Event: 1153.931 Executing VM operation: CGC_Operation done


Dynamic libraries:
0x00007ff788840000 - 0x00007ff78884a000 	E:\Program Files\Android\Android Studio\jre\bin\java.exe
0x00007ff928380000 - 0x00007ff928570000 	C:\Windows\SYSTEM32\ntdll.dll
0x00007ff907a90000 - 0x00007ff907ac4000 	C:\Program Files\AVAST Software\Avast\x64\aswhooka.dll
0x00007ff926860000 - 0x00007ff926912000 	C:\Windows\System32\KERNEL32.DLL
0x00007ff925f30000 - 0x00007ff9261d5000 	C:\Windows\System32\KERNELBASE.dll
0x00007ff925e00000 - 0x00007ff925efa000 	C:\Windows\System32\ucrtbase.dll
0x00007ff8ecc70000 - 0x00007ff8ecc89000 	E:\Program Files\Android\Android Studio\jre\bin\jli.dll
0x00007ff927cf0000 - 0x00007ff927e84000 	C:\Windows\System32\USER32.dll
0x00007ff925dd0000 - 0x00007ff925df1000 	C:\Windows\System32\win32u.dll
0x00007ff9273c0000 - 0x00007ff9273e6000 	C:\Windows\System32\GDI32.dll
0x00007ff9254a0000 - 0x00007ff925636000 	C:\Windows\System32\gdi32full.dll
0x00007ff925400000 - 0x00007ff92549e000 	C:\Windows\System32\msvcp_win.dll
0x00007ff8d49d0000 - 0x00007ff8d49e7000 	E:\Program Files\Android\Android Studio\jre\bin\VCRUNTIME140.dll
0x00007ff913a40000 - 0x00007ff913cc4000 	C:\Windows\WinSxS\amd64_microsoft.windows.common-controls_6595b64144ccf1df_6.0.18362.1256_none_9e7e379be45e40e2\COMCTL32.dll
0x00007ff926430000 - 0x00007ff9264ce000 	C:\Windows\System32\msvcrt.dll
0x00007ff926930000 - 0x00007ff926c66000 	C:\Windows\System32\combase.dll
0x00007ff927f10000 - 0x00007ff928030000 	C:\Windows\System32\RPCRT4.dll
0x00007ff925370000 - 0x00007ff9253f1000 	C:\Windows\System32\bcryptPrimitives.dll
0x00007ff926830000 - 0x00007ff92685e000 	C:\Windows\System32\IMM32.DLL
0x00007ff8ce270000 - 0x00007ff8ce30d000 	E:\Program Files\Android\Android Studio\jre\bin\msvcp140.dll
0x00007ff8d01e0000 - 0x00007ff8d0c9c000 	E:\Program Files\Android\Android Studio\jre\bin\server\jvm.dll
0x00007ff926530000 - 0x00007ff9265d3000 	C:\Windows\System32\ADVAPI32.dll
0x00007ff9272f0000 - 0x00007ff927387000 	C:\Windows\System32\sechost.dll
0x00007ff926740000 - 0x00007ff926748000 	C:\Windows\System32\PSAPI.DLL
0x00007ff9000b0000 - 0x00007ff9000b9000 	C:\Windows\SYSTEM32\WSOCK32.dll
0x00007ff928030000 - 0x00007ff92809f000 	C:\Windows\System32\WS2_32.dll
0x00007ff921a90000 - 0x00007ff921ab4000 	C:\Windows\SYSTEM32\WINMM.dll
0x00007ff91b2f0000 - 0x00007ff91b2fa000 	C:\Windows\SYSTEM32\VERSION.dll
0x00007ff921a60000 - 0x00007ff921a8d000 	C:\Windows\SYSTEM32\WINMMBASE.dll
0x00007ff926330000 - 0x00007ff92637a000 	C:\Windows\System32\cfgmgr32.dll
0x00007ff925230000 - 0x00007ff925241000 	C:\Windows\System32\kernel.appcore.dll
0x00007ff8d01c0000 - 0x00007ff8d01d1000 	E:\Program Files\Android\Android Studio\jre\bin\verify.dll
0x00007ff923ab0000 - 0x00007ff923ca4000 	C:\Windows\SYSTEM32\DBGHELP.DLL
0x00007ff911990000 - 0x00007ff9119ba000 	C:\Windows\SYSTEM32\dbgcore.DLL
0x00007ff8d0190000 - 0x00007ff8d01b9000 	E:\Program Files\Android\Android Studio\jre\bin\java.dll
0x00007ff8d0180000 - 0x00007ff8d018b000 	E:\Program Files\Android\Android Studio\jre\bin\jimage.dll
0x00007ff8d0160000 - 0x00007ff8d0178000 	E:\Program Files\Android\Android Studio\jre\bin\zip.dll
0x00007ff927600000 - 0x00007ff927ce7000 	C:\Windows\System32\SHELL32.dll
0x00007ff9280a0000 - 0x00007ff928149000 	C:\Windows\System32\shcore.dll
0x00007ff925640000 - 0x00007ff925dc1000 	C:\Windows\System32\windows.storage.dll
0x00007ff9252c0000 - 0x00007ff9252e3000 	C:\Windows\System32\profapi.dll
0x00007ff925270000 - 0x00007ff9252ba000 	C:\Windows\System32\powrprof.dll
0x00007ff925220000 - 0x00007ff925230000 	C:\Windows\System32\UMPDC.dll
0x00007ff9264d0000 - 0x00007ff926522000 	C:\Windows\System32\shlwapi.dll
0x00007ff9252f0000 - 0x00007ff925307000 	C:\Windows\System32\cryptsp.dll
0x00007ff8d0140000 - 0x00007ff8d015a000 	E:\Program Files\Android\Android Studio\jre\bin\net.dll
0x00007ff915850000 - 0x00007ff915940000 	C:\Windows\SYSTEM32\WINHTTP.dll
0x00007ff924a70000 - 0x00007ff924ad7000 	C:\Windows\system32\mswsock.dll
0x00007ff8d0120000 - 0x00007ff8d0134000 	E:\Program Files\Android\Android Studio\jre\bin\nio.dll
0x00007ff8ed350000 - 0x00007ff8ed377000 	C:\Users\hp\.gradle\native\fdc75f09e3144964f2cf3f50f0aa648679c211496f362492102eb8c894070792\windows-amd64\native-platform.dll
0x00007ff8cda30000 - 0x00007ff8cdbc6000 	C:\Users\hp\.gradle\native\12488b8bf47d2d4c9fbf2f6322a914ad602e24e48041cd04a747c6da556b65c4\windows-amd64\native-platform-file-events.dll
0x00007ff8cffd0000 - 0x00007ff8cffda000 	E:\Program Files\Android\Android Studio\jre\bin\management.dll
0x00007ff8cffc0000 - 0x00007ff8cffcc000 	E:\Program Files\Android\Android Studio\jre\bin\management_ext.dll
0x00007ff924580000 - 0x00007ff9245b3000 	C:\Windows\system32\rsaenh.dll
0x00007ff925f00000 - 0x00007ff925f26000 	C:\Windows\System32\bcrypt.dll
0x00007ff925140000 - 0x00007ff925165000 	C:\Windows\SYSTEM32\USERENV.dll
0x00007ff924c40000 - 0x00007ff924c4c000 	C:\Windows\SYSTEM32\CRYPTBASE.dll
0x00007ff924720000 - 0x00007ff92475a000 	C:\Windows\SYSTEM32\IPHLPAPI.DLL
0x00007ff9273b0000 - 0x00007ff9273b8000 	C:\Windows\System32\NSI.dll
0x00007ff916430000 - 0x00007ff916446000 	C:\Windows\SYSTEM32\dhcpcsvc6.DLL
0x00007ff916450000 - 0x00007ff91646c000 	C:\Windows\SYSTEM32\dhcpcsvc.DLL
0x00007ff924760000 - 0x00007ff92482b000 	C:\Windows\SYSTEM32\DNSAPI.dll
0x00007ff916760000 - 0x00007ff91676b000 	C:\Windows\SYSTEM32\WINNSI.DLL
0x00007ff8cfbe0000 - 0x00007ff8cfc07000 	E:\Program Files\Android\Android Studio\jre\bin\sunec.dll

dbghelp: loaded successfully - version: 4.0.5 - missing functions: none
symbol engine: initialized successfully - sym options: 0x614 - pdb path: .;E:\Program Files\Android\Android Studio\jre\bin;C:\Windows\SYSTEM32;C:\Program Files\AVAST Software\Avast\x64;C:\Windows\WinSxS\amd64_microsoft.windows.common-controls_6595b64144ccf1df_6.0.18362.1256_none_9e7e379be45e40e2;E:\Program Files\Android\Android Studio\jre\bin\server;C:\Users\hp\.gradle\native\fdc75f09e3144964f2cf3f50f0aa648679c211496f362492102eb8c894070792\windows-amd64;C:\Users\hp\.gradle\native\12488b8bf47d2d4c9fbf2f6322a914ad602e24e48041cd04a747c6da556b65c4\windows-amd64

VM Arguments:
jvm_args: --add-opens=java.base/java.util=ALL-UNNAMED --add-opens=java.base/java.lang=ALL-UNNAMED --add-opens=java.base/java.lang.invoke=ALL-UNNAMED --add-opens=java.prefs/java.util.prefs=ALL-UNNAMED -Xmx2048m -Dfile.encoding=UTF-8 -Duser.country=US -Duser.language=en -Duser.variant 
java_command: org.gradle.launcher.daemon.bootstrap.GradleDaemon 6.7.1
java_class_path (initial): C:\Users\hp\.gradle\wrapper\dists\gradle-6.7.1-bin\bwlcbys1h7rz3272sye1xwiv6\gradle-6.7.1\lib\gradle-launcher-6.7.1.jar
Launcher Type: SUN_STANDARD

[Global flags]
     intx CICompilerCount                          = 3                                         {product} {ergonomic}
     uint ConcGCThreads                            = 1                                         {product} {ergonomic}
     uint G1ConcRefinementThreads                  = 4                                         {product} {ergonomic}
   size_t G1HeapRegionSize                         = 1048576                                   {product} {ergonomic}
    uintx GCDrainStackTargetSize                   = 64                                        {product} {ergonomic}
   size_t InitialHeapSize                          = 134217728                                 {product} {ergonomic}
   size_t MarkStackSize                            = 4194304                                   {product} {ergonomic}
   size_t MaxHeapSize                              = 2147483648                                {product} {command line}
   size_t MaxNewSize                               = 1287651328                                {product} {ergonomic}
   size_t MinHeapDeltaBytes                        = 1048576                                   {product} {ergonomic}
    uintx NonNMethodCodeHeapSize                   = 5830732                                {pd product} {ergonomic}
    uintx NonProfiledCodeHeapSize                  = 122913754                              {pd product} {ergonomic}
    uintx ProfiledCodeHeapSize                     = 122913754                              {pd product} {ergonomic}
    uintx ReservedCodeCacheSize                    = 251658240                              {pd product} {ergonomic}
     bool SegmentedCodeCache                       = true                                      {product} {ergonomic}
     bool UseCompressedClassPointers               = true                                 {lp64_product} {ergonomic}
     bool UseCompressedOops                        = true                                 {lp64_product} {ergonomic}
     bool UseG1GC                                  = true                                      {product} {ergonomic}
     bool UseLargePagesIndividualAllocation        = false                                  {pd product} {ergonomic}

Logging:
Log output configuration:
 #0: stdout all=warning uptime,level,tags
 #1: stderr all=off uptime,level,tags

Environment Variables:
JAVA_HOME=C:\Program Files\Java\jdk-17.0.1
PATH=C:\ffmpeg\bin;C:\Program Files\Common Files\Oracle\Java\javapath;C:\Python310\Scripts\;C:\Python310\;C:\ProgramData\Oracle\Java\javapath;C:\Windows\system32;C:\Windows;C:\Windows\System32\Wbem;C:\Windows\System32\WindowsPowerShell\v1.0\;C:\Windows\System32\OpenSSH\;C:\Program Files\Java\jdk-17\bin;C:\Program Files\Microsoft SQL Server\Client SDK\ODBC\110\Tools\Binn\;C:\Program Files\Microsoft SQL Server\Client SDK\ODBC\170\Tools\Binn\;C:\ProgramData\chocolatey\bin;C:\Program Files\Java\jdk-17.0.1\bin;C:\Program Files\Azure Data Studio\bin;C:\Program Files\dotnet\;C:\Program Files\Git\cmd;C:\Program Files\nodejs\;C:\Users\hp\AppData\Local\Microsoft\WindowsApps;D:\Microsoft VS Code\bin;C:\Users\hp\AppData\Local\Android\Sdk\platform-tools;C:\Users\hp\AppData\Local\Microsoft\WindowsApps;D:\Microsoft VS Code\bin;C:\Program Files\Azure Data Studio\bin;C:\Users\hp\AppData\Local\Android\Sdk\platform-tools;;C:\Users\hp\AppData\Local\Programs\Microsoft VS Code\bin;C:\Users\hp\.dotnet\tools;C:\Users\hp\AppData\Roaming\npm
USERNAME=hp
OS=Windows_NT
PROCESSOR_IDENTIFIER=Intel64 Family 6 Model 142 Stepping 9, GenuineIntel



---------------  S Y S T E M  ---------------

OS: Windows 10 , 64 bit Build 18362 (10.0.18362.1110)
OS uptime: 0 days 0:21 hours

CPU:total 4 (initial active 4) (2 cores per cpu, 2 threads per core) family 6 model 142 stepping 9, cmov, cx8, fxsr, mmx, sse, sse2, sse3, ssse3, sse4.1, sse4.2, popcnt, avx, avx2, aes, clmul, erms, 3dnowpref, lzcnt, ht, tsc, tscinvbit, bmi1, bmi2, adx, fma

Memory: 4k page, system-wide physical 8078M (366M free)
TotalPageFile size 8078M (AvailPageFile size 1M)
current process WorkingSet (physical memory assigned to process): 401M, peak: 518M
current process commit charge ("private bytes"): 576M, peak: 586M

vm_info: OpenJDK 64-Bit Server VM (11.0.8+10-b944.6842174) for windows-amd64 JRE (11.0.8+10-b944.6842174), built on Sep 19 2020 01:11:42 by "builder" with MS VC++ 14.0 (VS2015)

END.
