#
# There is insufficient memory for the Java Runtime Environment to continue.
# Native memory allocation (malloc) failed to allocate 56560 bytes for Chunk::new
# Possible reasons:
#   The system is out of physical RAM or swap space
#   The process is running with CompressedOops enabled, and the Java Heap may be blocking the growth of the native heap
# Possible solutions:
#   Reduce memory load on the system
#   Increase physical memory or swap space
#   Check if swap backing store is full
#   Decrease Java heap size (-Xmx/-Xms)
#   Decrease number of Java threads
#   Decrease Java thread stack sizes (-Xss)
#   Set larger code cache with -XX:ReservedCodeCacheSize=
#   JVM is running with Unscaled Compressed Oops mode in which the Java heap is
#     placed in the first 4GB address space. The Java Heap base address is the
#     maximum limit for the native heap growth. Please use -XX:HeapBaseMinAddress
#     to set the Java Heap base and to place the Java Heap above 4GB virtual address.
# This output file may be truncated or incomplete.
#
#  Out of Memory Error (./src/hotspot/share/memory/arena.cpp:197), pid=9676, tid=1108
#
# JRE version: OpenJDK Runtime Environment (11.0.8+10) (build 11.0.8+10-b944.6842174)
# Java VM: OpenJDK 64-Bit Server VM (11.0.8+10-b944.6842174, mixed mode, tiered, compressed oops, g1 gc, windows-amd64)
# No core dump will be written. Minidumps are not enabled by default on client versions of Windows
#

---------------  S U M M A R Y ------------

Command Line: --add-opens=java.base/java.util=ALL-UNNAMED --add-opens=java.base/java.lang=ALL-UNNAMED --add-opens=java.base/java.lang.invoke=ALL-UNNAMED --add-opens=java.prefs/java.util.prefs=ALL-UNNAMED -Xmx2048m -Dfile.encoding=UTF-8 -Duser.country=US -Duser.language=en -Duser.variant org.gradle.launcher.daemon.bootstrap.GradleDaemon 6.7.1

Host: Intel(R) Core(TM) i5-7200U CPU @ 2.50GHz, 4 cores, 7G,  Windows 10 , 64 bit Build 18362 (10.0.18362.1110)
Time: Sat Jun  4 20:22:29 2022 Morocco Daylight Time elapsed time: 829 seconds (0d 0h 13m 49s)

---------------  T H R E A D  ---------------

Current thread (0x0000021bdb015800):  JavaThread "C2 CompilerThread0" daemon [_thread_in_native, id=1108, stack(0x0000004c0af00000,0x0000004c0b000000)]


Current CompileTask:
C2: 829160 17892       4       org.apache.xerces.dom.CoreDocumentImpl::setUserData (183 bytes)

Stack: [0x0000004c0af00000,0x0000004c0b000000]
Native frames: (J=compiled Java code, j=interpreted, Vv=VM code, C=native code)
V  [jvm.dll+0x5de50a]
V  [jvm.dll+0x7122f5]
V  [jvm.dll+0x71384d]
V  [jvm.dll+0x713f03]
V  [jvm.dll+0x23e728]
V  [jvm.dll+0xb899c]
V  [jvm.dll+0xb8e9c]
V  [jvm.dll+0x1f6f41]
V  [jvm.dll+0x571a4d]
V  [jvm.dll+0x57556b]
V  [jvm.dll+0x1f75a2]
V  [jvm.dll+0x1f68d4]
V  [jvm.dll+0x17f32c]
V  [jvm.dll+0x205047]
V  [jvm.dll+0x203891]
V  [jvm.dll+0x6dad3f]
V  [jvm.dll+0x6d3895]
V  [jvm.dll+0x5dd4a6]
C  [ucrtbase.dll+0x210b2]
C  [KERNEL32.DLL+0x17c24]
C  [ntdll.dll+0x6d4d1]


---------------  P R O C E S S  ---------------

Threads class SMR info:
_java_thread_list=0x0000021bddd66620, length=140, elements={
0x0000021bc0c20000, 0x0000021bda6a0000, 0x0000021bda6a1000, 0x0000021bda6a9800,
0x0000021bda6aa800, 0x0000021bdb015800, 0x0000021bda6b7800, 0x0000021bda6c1800,
0x0000021bdb182000, 0x0000021bdb1ae800, 0x0000021bdc08e800, 0x0000021bdbff3000,
0x0000021bdd001800, 0x0000021bdcb62800, 0x0000021bdcb63800, 0x0000021bdcb67800,
0x0000021bdff62000, 0x0000021bdff64800, 0x0000021be091b000, 0x0000021be091c000,
0x0000021be0920000, 0x0000021be091f000, 0x0000021be4ba5800, 0x0000021be4ba3800,
0x0000021be4ba7800, 0x0000021be4ba8000, 0x0000021be4ba5000, 0x0000021be4ba9000,
0x0000021be4ba4000, 0x0000021be4bac000, 0x0000021be4baa000, 0x0000021be4baa800,
0x0000021be4bab800, 0x0000021be4ba6800, 0x0000021be4bb2000, 0x0000021be4baf800,
0x0000021be4bad000, 0x0000021be4bb1000, 0x0000021be4bae000, 0x0000021be4bb0800,
0x0000021bdff68800, 0x0000021bdff63000, 0x0000021bdff6b000, 0x0000021bdff6a000,
0x0000021bdff6c000, 0x0000021bdff69800, 0x0000021bdff70000, 0x0000021bdff70800,
0x0000021bdff6d800, 0x0000021bdff6c800, 0x0000021bdff6f000, 0x0000021bdff6e800,
0x0000021bdf315800, 0x0000021bdf316000, 0x0000021bdf314000, 0x0000021bdf318000,
0x0000021bdf314800, 0x0000021bdf312000, 0x0000021bdf313000, 0x0000021bdcb66800,
0x0000021bdcb65000, 0x0000021bdcb66000, 0x0000021bdcb69000, 0x0000021bdcb68800,
0x0000021bdcb64000, 0x0000021be15ed800, 0x0000021be15ea000, 0x0000021be15e7800,
0x0000021be15e8800, 0x0000021be15ee000, 0x0000021be15ef000, 0x0000021be15e9000,
0x0000021be15eb800, 0x0000021be15ef800, 0x0000021be15ec800, 0x0000021be15f0800,
0x0000021be15eb000, 0x0000021be15f3000, 0x0000021be15f4800, 0x0000021be15f4000,
0x0000021be15f6000, 0x0000021be15f5800, 0x0000021be15f1800, 0x0000021be15f2000,
0x0000021bdd4dd000, 0x0000021bdd4de800, 0x0000021bdd4de000, 0x0000021bdd4df800,
0x0000021bdd4e0800, 0x0000021bdd4e1000, 0x0000021bdd4db800, 0x0000021bdd4dc000,
0x0000021bdd4e7000, 0x0000021bdd4e7800, 0x0000021bdd4e3000, 0x0000021bdd4e2000,
0x0000021bdd4e8800, 0x0000021bdd4e3800, 0x0000021bdd4ea000, 0x0000021bdd4e9800,
0x0000021bdd4e5000, 0x0000021bdd4e6000, 0x0000021bdd4e4800, 0x0000021be48e3800,
0x0000021be48e4800, 0x0000021be48e5800, 0x0000021be48e3000, 0x0000021be48e1000,
0x0000021be48df800, 0x0000021be48e6000, 0x0000021be48e0800, 0x0000021be48e7000,
0x0000021be48e8000, 0x0000021be48e2000, 0x0000021be48e9800, 0x0000021be48ea000,
0x0000021be48eb000, 0x0000021be48ed800, 0x0000021be48e8800, 0x0000021be48ec000,
0x0000021be091a800, 0x0000021be0921000, 0x0000021be0921800, 0x0000021be091d800,
0x0000021be0924000, 0x0000021be091e800, 0x0000021be0927800, 0x0000021be0928000,
0x0000021be0925000, 0x0000021be0922800, 0x0000021be0926800, 0x0000021be0925800,
0x0000021be0929000, 0x0000021be48ec800, 0x0000021be48ee800, 0x0000021bdbffd000,
0x0000021bdc002000, 0x0000021bdbffe800, 0x0000021bdc003800, 0x0000021bdc002800
}

Java Threads: ( => current thread )
  0x0000021bc0c20000 JavaThread "main" [_thread_blocked, id=12848, stack(0x0000004c0a400000,0x0000004c0a500000)]
  0x0000021bda6a0000 JavaThread "Reference Handler" daemon [_thread_blocked, id=12576, stack(0x0000004c0ab00000,0x0000004c0ac00000)]
  0x0000021bda6a1000 JavaThread "Finalizer" daemon [_thread_blocked, id=7888, stack(0x0000004c0ac00000,0x0000004c0ad00000)]
  0x0000021bda6a9800 JavaThread "Signal Dispatcher" daemon [_thread_blocked, id=10176, stack(0x0000004c0ad00000,0x0000004c0ae00000)]
  0x0000021bda6aa800 JavaThread "Attach Listener" daemon [_thread_blocked, id=9368, stack(0x0000004c0ae00000,0x0000004c0af00000)]
=>0x0000021bdb015800 JavaThread "C2 CompilerThread0" daemon [_thread_in_native, id=1108, stack(0x0000004c0af00000,0x0000004c0b000000)]
  0x0000021bda6b7800 JavaThread "C1 CompilerThread0" daemon [_thread_blocked, id=2172, stack(0x0000004c0b000000,0x0000004c0b100000)]
  0x0000021bda6c1800 JavaThread "Sweeper thread" daemon [_thread_blocked, id=6424, stack(0x0000004c0b100000,0x0000004c0b200000)]
  0x0000021bdb182000 JavaThread "Common-Cleaner" daemon [_thread_blocked, id=12108, stack(0x0000004c0b200000,0x0000004c0b300000)]
  0x0000021bdb1ae800 JavaThread "Service Thread" daemon [_thread_blocked, id=8780, stack(0x0000004c0b300000,0x0000004c0b400000)]
  0x0000021bdc08e800 JavaThread "Daemon health stats" [_thread_blocked, id=2612, stack(0x0000004c0b500000,0x0000004c0b600000)]
  0x0000021bdbff3000 JavaThread "Incoming local TCP Connector on port 50351" [_thread_in_native, id=7084, stack(0x0000004c0ba00000,0x0000004c0bb00000)]
  0x0000021bdd001800 JavaThread "Daemon periodic checks" [_thread_blocked, id=11508, stack(0x0000004c0bc00000,0x0000004c0bd00000)]
  0x0000021bdcb62800 JavaThread "Cache worker for file hash cache (C:\Users\hp\.gradle\caches\6.7.1\fileHashes)" [_thread_blocked, id=4668, stack(0x0000004c0c400000,0x0000004c0c500000)]
  0x0000021bdcb63800 JavaThread "File lock request listener" [_thread_in_native, id=9768, stack(0x0000004c0c500000,0x0000004c0c600000)]
  0x0000021bdcb67800 JavaThread "Cache worker for journal cache (C:\Users\hp\.gradle\caches\journal-1)" [_thread_blocked, id=1248, stack(0x0000004c0c600000,0x0000004c0c700000)]
  0x0000021bdff62000 JavaThread "Cache worker for execution history cache (C:\Users\hp\.gradle\caches\6.7.1\executionHistory)" [_thread_blocked, id=1956, stack(0x0000004c0e100000,0x0000004c0e200000)]
  0x0000021bdff64800 JavaThread "Cache worker for file content cache (C:\Users\hp\.gradle\caches\6.7.1\fileContent)" [_thread_blocked, id=3244, stack(0x0000004c0e000000,0x0000004c0e100000)]
  0x0000021be091b000 JavaThread "Memory manager" [_thread_blocked, id=3456, stack(0x0000004c13600000,0x0000004c13700000)]
  0x0000021be091c000 JavaThread "Daemon Thread 4" [_thread_blocked, id=8792, stack(0x0000004c0b800000,0x0000004c0b900000)]
  0x0000021be0920000 JavaThread "Daemon worker Thread 4" [_thread_blocked, id=7464, stack(0x0000004c0bd00000,0x0000004c0be00000)]
  0x0000021be091f000 JavaThread "jar transforms Thread 298" [_thread_blocked, id=10140, stack(0x0000004c0c900000,0x0000004c0ca00000)]
  0x0000021be4ba5800 JavaThread "jar transforms Thread 299" [_thread_blocked, id=13212, stack(0x0000004c0d000000,0x0000004c0d100000)]
  0x0000021be4ba3800 JavaThread "jar transforms Thread 300" [_thread_blocked, id=488, stack(0x0000004c0d100000,0x0000004c0d200000)]
  0x0000021be4ba7800 JavaThread "jar transforms Thread 301" [_thread_blocked, id=13184, stack(0x0000004c0d200000,0x0000004c0d300000)]
  0x0000021be4ba8000 JavaThread "jar transforms Thread 302" [_thread_blocked, id=10484, stack(0x0000004c0d300000,0x0000004c0d400000)]
  0x0000021be4ba5000 JavaThread "jar transforms Thread 303" [_thread_blocked, id=13004, stack(0x0000004c0d400000,0x0000004c0d500000)]
  0x0000021be4ba9000 JavaThread "jar transforms Thread 304" [_thread_blocked, id=11644, stack(0x0000004c0d500000,0x0000004c0d600000)]
  0x0000021be4ba4000 JavaThread "jar transforms Thread 305" [_thread_blocked, id=7584, stack(0x0000004c0d600000,0x0000004c0d700000)]
  0x0000021be4bac000 JavaThread "jar transforms Thread 306" [_thread_blocked, id=2840, stack(0x0000004c0d700000,0x0000004c0d800000)]
  0x0000021be4baa000 JavaThread "jar transforms Thread 307" [_thread_blocked, id=8404, stack(0x0000004c0d800000,0x0000004c0d900000)]
  0x0000021be4baa800 JavaThread "jar transforms Thread 308" [_thread_blocked, id=10900, stack(0x0000004c0d900000,0x0000004c0da00000)]
  0x0000021be4bab800 JavaThread "jar transforms Thread 309" [_thread_blocked, id=12544, stack(0x0000004c0da00000,0x0000004c0db00000)]
  0x0000021be4ba6800 JavaThread "jar transforms Thread 310" [_thread_blocked, id=852, stack(0x0000004c0db00000,0x0000004c0dc00000)]
  0x0000021be4bb2000 JavaThread "jar transforms Thread 311" [_thread_blocked, id=1612, stack(0x0000004c0dc00000,0x0000004c0dd00000)]
  0x0000021be4baf800 JavaThread "jar transforms Thread 312" [_thread_blocked, id=3352, stack(0x0000004c0dd00000,0x0000004c0de00000)]
  0x0000021be4bad000 JavaThread "jar transforms Thread 313" [_thread_blocked, id=6376, stack(0x0000004c0de00000,0x0000004c0df00000)]
  0x0000021be4bb1000 JavaThread "jar transforms Thread 314" [_thread_blocked, id=7504, stack(0x0000004c0df00000,0x0000004c0e000000)]
  0x0000021be4bae000 JavaThread "jar transforms Thread 315" [_thread_blocked, id=6448, stack(0x0000004c0e200000,0x0000004c0e300000)]
  0x0000021be4bb0800 JavaThread "jar transforms Thread 316" [_thread_blocked, id=3232, stack(0x0000004c0e300000,0x0000004c0e400000)]
  0x0000021bdff68800 JavaThread "jar transforms Thread 317" [_thread_blocked, id=3512, stack(0x0000004c0e400000,0x0000004c0e500000)]
  0x0000021bdff63000 JavaThread "jar transforms Thread 318" [_thread_blocked, id=4148, stack(0x0000004c0e500000,0x0000004c0e600000)]
  0x0000021bdff6b000 JavaThread "jar transforms Thread 319" [_thread_blocked, id=11192, stack(0x0000004c0e600000,0x0000004c0e700000)]
  0x0000021bdff6a000 JavaThread "jar transforms Thread 320" [_thread_blocked, id=12224, stack(0x0000004c0e700000,0x0000004c0e800000)]
  0x0000021bdff6c000 JavaThread "jar transforms Thread 321" [_thread_blocked, id=1740, stack(0x0000004c0e800000,0x0000004c0e900000)]
  0x0000021bdff69800 JavaThread "jar transforms Thread 322" [_thread_blocked, id=2896, stack(0x0000004c0e900000,0x0000004c0ea00000)]
  0x0000021bdff70000 JavaThread "jar transforms Thread 323" [_thread_blocked, id=6400, stack(0x0000004c0ea00000,0x0000004c0eb00000)]
  0x0000021bdff70800 JavaThread "jar transforms Thread 324" [_thread_blocked, id=3988, stack(0x0000004c0eb00000,0x0000004c0ec00000)]
  0x0000021bdff6d800 JavaThread "jar transforms Thread 325" [_thread_blocked, id=10524, stack(0x0000004c0ec00000,0x0000004c0ed00000)]
  0x0000021bdff6c800 JavaThread "jar transforms Thread 326" [_thread_blocked, id=9232, stack(0x0000004c0ed00000,0x0000004c0ee00000)]
  0x0000021bdff6f000 JavaThread "jar transforms Thread 327" [_thread_blocked, id=4060, stack(0x0000004c0ee00000,0x0000004c0ef00000)]
  0x0000021bdff6e800 JavaThread "jar transforms Thread 328" [_thread_blocked, id=3208, stack(0x0000004c0ef00000,0x0000004c0f000000)]
  0x0000021bdf315800 JavaThread "jar transforms Thread 329" [_thread_blocked, id=6348, stack(0x0000004c0f000000,0x0000004c0f100000)]
  0x0000021bdf316000 JavaThread "jar transforms Thread 330" [_thread_blocked, id=12472, stack(0x0000004c0f100000,0x0000004c0f200000)]
  0x0000021bdf314000 JavaThread "jar transforms Thread 331" [_thread_blocked, id=11196, stack(0x0000004c0f200000,0x0000004c0f300000)]
  0x0000021bdf318000 JavaThread "jar transforms Thread 332" [_thread_blocked, id=6816, stack(0x0000004c0f300000,0x0000004c0f400000)]
  0x0000021bdf314800 JavaThread "jar transforms Thread 333" [_thread_blocked, id=5688, stack(0x0000004c0f400000,0x0000004c0f500000)]
  0x0000021bdf312000 JavaThread "jar transforms Thread 334" [_thread_blocked, id=10036, stack(0x0000004c0f500000,0x0000004c0f600000)]
  0x0000021bdf313000 JavaThread "jar transforms Thread 335" [_thread_blocked, id=12172, stack(0x0000004c0f600000,0x0000004c0f700000)]
  0x0000021bdcb66800 JavaThread "jar transforms Thread 336" [_thread_blocked, id=2348, stack(0x0000004c0f700000,0x0000004c0f800000)]
  0x0000021bdcb65000 JavaThread "jar transforms Thread 337" [_thread_blocked, id=4476, stack(0x0000004c0f800000,0x0000004c0f900000)]
  0x0000021bdcb66000 JavaThread "jar transforms Thread 338" [_thread_blocked, id=4844, stack(0x0000004c0f900000,0x0000004c0fa00000)]
  0x0000021bdcb69000 JavaThread "jar transforms Thread 339" [_thread_blocked, id=2196, stack(0x0000004c0fa00000,0x0000004c0fb00000)]
  0x0000021bdcb68800 JavaThread "jar transforms Thread 340" [_thread_blocked, id=12468, stack(0x0000004c0fb00000,0x0000004c0fc00000)]
  0x0000021bdcb64000 JavaThread "jar transforms Thread 341" [_thread_blocked, id=12804, stack(0x0000004c0fc00000,0x0000004c0fd00000)]
  0x0000021be15ed800 JavaThread "jar transforms Thread 342" [_thread_blocked, id=3088, stack(0x0000004c0fd00000,0x0000004c0fe00000)]
  0x0000021be15ea000 JavaThread "jar transforms Thread 343" [_thread_blocked, id=13220, stack(0x0000004c0fe00000,0x0000004c0ff00000)]
  0x0000021be15e7800 JavaThread "jar transforms Thread 344" [_thread_blocked, id=1876, stack(0x0000004c0ff00000,0x0000004c10000000)]
  0x0000021be15e8800 JavaThread "jar transforms Thread 345" [_thread_blocked, id=1724, stack(0x0000004c10000000,0x0000004c10100000)]
  0x0000021be15ee000 JavaThread "jar transforms Thread 346" [_thread_blocked, id=9908, stack(0x0000004c10100000,0x0000004c10200000)]
  0x0000021be15ef000 JavaThread "jar transforms Thread 347" [_thread_blocked, id=10860, stack(0x0000004c10200000,0x0000004c10300000)]
  0x0000021be15e9000 JavaThread "jar transforms Thread 348" [_thread_blocked, id=11256, stack(0x0000004c10300000,0x0000004c10400000)]
  0x0000021be15eb800 JavaThread "jar transforms Thread 349" [_thread_blocked, id=11872, stack(0x0000004c10400000,0x0000004c10500000)]
  0x0000021be15ef800 JavaThread "jar transforms Thread 350" [_thread_blocked, id=13144, stack(0x0000004c10500000,0x0000004c10600000)]
  0x0000021be15ec800 JavaThread "jar transforms Thread 351" [_thread_blocked, id=13284, stack(0x0000004c10600000,0x0000004c10700000)]
  0x0000021be15f0800 JavaThread "jar transforms Thread 352" [_thread_blocked, id=1524, stack(0x0000004c10700000,0x0000004c10800000)]
  0x0000021be15eb000 JavaThread "jar transforms Thread 353" [_thread_blocked, id=1708, stack(0x0000004c10800000,0x0000004c10900000)]
  0x0000021be15f3000 JavaThread "jar transforms Thread 354" [_thread_blocked, id=792, stack(0x0000004c10900000,0x0000004c10a00000)]
  0x0000021be15f4800 JavaThread "jar transforms Thread 355" [_thread_blocked, id=3568, stack(0x0000004c10a00000,0x0000004c10b00000)]
  0x0000021be15f4000 JavaThread "jar transforms Thread 356" [_thread_blocked, id=8324, stack(0x0000004c10b00000,0x0000004c10c00000)]
  0x0000021be15f6000 JavaThread "jar transforms Thread 357" [_thread_blocked, id=1588, stack(0x0000004c10c00000,0x0000004c10d00000)]
  0x0000021be15f5800 JavaThread "jar transforms Thread 358" [_thread_blocked, id=4552, stack(0x0000004c10d00000,0x0000004c10e00000)]
  0x0000021be15f1800 JavaThread "jar transforms Thread 359" [_thread_blocked, id=9868, stack(0x0000004c10e00000,0x0000004c10f00000)]
  0x0000021be15f2000 JavaThread "jar transforms Thread 360" [_thread_blocked, id=10460, stack(0x0000004c10f00000,0x0000004c11000000)]
  0x0000021bdd4dd000 JavaThread "jar transforms Thread 361" [_thread_blocked, id=6140, stack(0x0000004c11000000,0x0000004c11100000)]
  0x0000021bdd4de800 JavaThread "jar transforms Thread 362" [_thread_blocked, id=4556, stack(0x0000004c11100000,0x0000004c11200000)]
  0x0000021bdd4de000 JavaThread "jar transforms Thread 363" [_thread_blocked, id=2480, stack(0x0000004c11200000,0x0000004c11300000)]
  0x0000021bdd4df800 JavaThread "jar transforms Thread 364" [_thread_blocked, id=3076, stack(0x0000004c11300000,0x0000004c11400000)]
  0x0000021bdd4e0800 JavaThread "jar transforms Thread 365" [_thread_blocked, id=4352, stack(0x0000004c11400000,0x0000004c11500000)]
  0x0000021bdd4e1000 JavaThread "jar transforms Thread 366" [_thread_blocked, id=3488, stack(0x0000004c11500000,0x0000004c11600000)]
  0x0000021bdd4db800 JavaThread "jar transforms Thread 367" [_thread_blocked, id=2524, stack(0x0000004c11600000,0x0000004c11700000)]
  0x0000021bdd4dc000 JavaThread "jar transforms Thread 368" [_thread_blocked, id=9988, stack(0x0000004c11700000,0x0000004c11800000)]
  0x0000021bdd4e7000 JavaThread "jar transforms Thread 369" [_thread_blocked, id=4116, stack(0x0000004c11800000,0x0000004c11900000)]
  0x0000021bdd4e7800 JavaThread "jar transforms Thread 370" [_thread_blocked, id=4628, stack(0x0000004c11900000,0x0000004c11a00000)]
  0x0000021bdd4e3000 JavaThread "jar transforms Thread 371" [_thread_blocked, id=11964, stack(0x0000004c11a00000,0x0000004c11b00000)]
  0x0000021bdd4e2000 JavaThread "jar transforms Thread 372" [_thread_blocked, id=3848, stack(0x0000004c11b00000,0x0000004c11c00000)]
  0x0000021bdd4e8800 JavaThread "jar transforms Thread 373" [_thread_blocked, id=9644, stack(0x0000004c11c00000,0x0000004c11d00000)]
  0x0000021bdd4e3800 JavaThread "jar transforms Thread 374" [_thread_blocked, id=1976, stack(0x0000004c11d00000,0x0000004c11e00000)]
  0x0000021bdd4ea000 JavaThread "jar transforms Thread 375" [_thread_blocked, id=4124, stack(0x0000004c11e00000,0x0000004c11f00000)]
  0x0000021bdd4e9800 JavaThread "jar transforms Thread 376" [_thread_blocked, id=9960, stack(0x0000004c11f00000,0x0000004c12000000)]
  0x0000021bdd4e5000 JavaThread "jar transforms Thread 377" [_thread_blocked, id=9436, stack(0x0000004c12000000,0x0000004c12100000)]
  0x0000021bdd4e6000 JavaThread "jar transforms Thread 378" [_thread_blocked, id=6824, stack(0x0000004c12100000,0x0000004c12200000)]
  0x0000021bdd4e4800 JavaThread "jar transforms Thread 379" [_thread_blocked, id=7592, stack(0x0000004c12200000,0x0000004c12300000)]
  0x0000021be48e3800 JavaThread "jar transforms Thread 380" [_thread_blocked, id=4812, stack(0x0000004c12300000,0x0000004c12400000)]
  0x0000021be48e4800 JavaThread "jar transforms Thread 381" [_thread_blocked, id=9432, stack(0x0000004c12400000,0x0000004c12500000)]
  0x0000021be48e5800 JavaThread "jar transforms Thread 382" [_thread_blocked, id=8564, stack(0x0000004c12500000,0x0000004c12600000)]
  0x0000021be48e3000 JavaThread "jar transforms Thread 383" [_thread_blocked, id=7524, stack(0x0000004c12600000,0x0000004c12700000)]
  0x0000021be48e1000 JavaThread "jar transforms Thread 384" [_thread_blocked, id=8452, stack(0x0000004c12700000,0x0000004c12800000)]
  0x0000021be48df800 JavaThread "jar transforms Thread 385" [_thread_blocked, id=6580, stack(0x0000004c12800000,0x0000004c12900000)]
  0x0000021be48e6000 JavaThread "jar transforms Thread 386" [_thread_blocked, id=3828, stack(0x0000004c12900000,0x0000004c12a00000)]
  0x0000021be48e0800 JavaThread "jar transforms Thread 387" [_thread_blocked, id=2816, stack(0x0000004c12a00000,0x0000004c12b00000)]
  0x0000021be48e7000 JavaThread "jar transforms Thread 388" [_thread_blocked, id=1352, stack(0x0000004c12b00000,0x0000004c12c00000)]
  0x0000021be48e8000 JavaThread "jar transforms Thread 389" [_thread_blocked, id=7284, stack(0x0000004c12c00000,0x0000004c12d00000)]
  0x0000021be48e2000 JavaThread "jar transforms Thread 390" [_thread_blocked, id=3336, stack(0x0000004c12d00000,0x0000004c12e00000)]
  0x0000021be48e9800 JavaThread "jar transforms Thread 391" [_thread_blocked, id=4316, stack(0x0000004c12e00000,0x0000004c12f00000)]
  0x0000021be48ea000 JavaThread "jar transforms Thread 392" [_thread_blocked, id=9180, stack(0x0000004c12f00000,0x0000004c13000000)]
  0x0000021be48eb000 JavaThread "jar transforms Thread 393" [_thread_blocked, id=684, stack(0x0000004c13000000,0x0000004c13100000)]
  0x0000021be48ed800 JavaThread "jar transforms Thread 394" [_thread_blocked, id=4396, stack(0x0000004c13100000,0x0000004c13200000)]
  0x0000021be48e8800 JavaThread "jar transforms Thread 395" [_thread_blocked, id=6684, stack(0x0000004c13200000,0x0000004c13300000)]
  0x0000021be48ec000 JavaThread "jar transforms Thread 396" [_thread_blocked, id=6128, stack(0x0000004c13300000,0x0000004c13400000)]
  0x0000021be091a800 JavaThread "Handler for socket connection from /127.0.0.1:50351 to /127.0.0.1:50757" [_thread_in_native, id=10972, stack(0x0000004c0b900000,0x0000004c0ba00000)]
  0x0000021be0921000 JavaThread "Cancel handler" [_thread_blocked, id=3368, stack(0x0000004c0bb00000,0x0000004c0bc00000)]
  0x0000021be0921800 JavaThread "Asynchronous log dispatcher for DefaultDaemonConnection: socket connection from /127.0.0.1:50351 to /127.0.0.1:50757" [_thread_blocked, id=6120, stack(0x0000004c0be00000,0x0000004c0bf00000)]
  0x0000021be091d800 JavaThread "Stdin handler" [_thread_blocked, id=4272, stack(0x0000004c0bf00000,0x0000004c0c000000)]
  0x0000021be0924000 JavaThread "Thread-537" [_thread_blocked, id=5420, stack(0x0000004c0c000000,0x0000004c0c100000)]
  0x0000021be091e800 JavaThread "Cache worker for file hash cache (C:\Users\hp\AndroidStudioProjects\myPharmacy\.gradle\6.7.1\fileHashes)" [_thread_blocked, id=4784, stack(0x0000004c0c100000,0x0000004c0c200000)]
  0x0000021be0927800 JavaThread "Cache worker for checksums cache (C:\Users\hp\AndroidStudioProjects\myPharmacy\.gradle\checksums)" [_thread_blocked, id=5484, stack(0x0000004c0c200000,0x0000004c0c300000)]
  0x0000021be0928000 JavaThread "Cache worker for cache directory md-supplier (C:\Users\hp\.gradle\caches\6.7.1\md-supplier)" [_thread_blocked, id=9932, stack(0x0000004c0c700000,0x0000004c0c800000)]
  0x0000021be0925000 JavaThread "Cache worker for cache directory md-rule (C:\Users\hp\.gradle\caches\6.7.1\md-rule)" [_thread_blocked, id=2568, stack(0x0000004c0c800000,0x0000004c0c900000)]
  0x0000021be0922800 JavaThread "Cache worker for Build Output Cleanup Cache (C:\Users\hp\AndroidStudioProjects\myPharmacy\.gradle\buildOutputCleanup)" [_thread_blocked, id=11672, stack(0x0000004c0ca00000,0x0000004c0cb00000)]
  0x0000021be0926800 JavaThread "Build operations" [_thread_blocked, id=2832, stack(0x0000004c0cc00000,0x0000004c0cd00000)]
  0x0000021be0925800 JavaThread "Build operations Thread 2" [_thread_blocked, id=8464, stack(0x0000004c0cd00000,0x0000004c0ce00000)]
  0x0000021be0929000 JavaThread "Build operations Thread 3" [_thread_blocked, id=6380, stack(0x0000004c0ce00000,0x0000004c0cf00000)]
  0x0000021be48ec800 JavaThread "Build operations Thread 4" [_thread_blocked, id=2780, stack(0x0000004c0cf00000,0x0000004c0d000000)]
  0x0000021be48ee800 JavaThread "build event listener" [_thread_blocked, id=13244, stack(0x0000004c13400000,0x0000004c13500000)]
  0x0000021bdbffd000 JavaThread "build event listener" [_thread_blocked, id=12184, stack(0x0000004c13500000,0x0000004c13600000)]
  0x0000021bdc002000 JavaThread "Execution worker for ':'" [_thread_in_Java, id=3928, stack(0x0000004c13700000,0x0000004c13800000)]
  0x0000021bdbffe800 JavaThread "Execution worker for ':' Thread 2" [_thread_blocked, id=12712, stack(0x0000004c13800000,0x0000004c13900000)]
  0x0000021bdc003800 JavaThread "Execution worker for ':' Thread 3" [_thread_blocked, id=4924, stack(0x0000004c13900000,0x0000004c13a00000)]
  0x0000021bdc002800 JavaThread "Cache worker for execution history cache (C:\Users\hp\AndroidStudioProjects\myPharmacy\.gradle\6.7.1\executionHistory)" [_thread_blocked, id=3660, stack(0x0000004c13a00000,0x0000004c13b00000)]

Other Threads:
  0x0000021bda663800 VMThread "VM Thread" [stack: 0x0000004c0aa00000,0x0000004c0ab00000] [id=6836]
  0x0000021bdb1b0000 WatcherThread [stack: 0x0000004c0b400000,0x0000004c0b500000] [id=10992]
  0x0000021bc0c3b800 GCTaskThread "GC Thread#0" [stack: 0x0000004c0a500000,0x0000004c0a600000] [id=1980]
  0x0000021bdb76c800 GCTaskThread "GC Thread#1" [stack: 0x0000004c0b600000,0x0000004c0b700000] [id=2276]
  0x0000021bdb511000 GCTaskThread "GC Thread#2" [stack: 0x0000004c0b700000,0x0000004c0b800000] [id=11784]
  0x0000021bdd275800 GCTaskThread "GC Thread#3" [stack: 0x0000004c0c300000,0x0000004c0c400000] [id=4672]
  0x0000021bc0c6f000 ConcurrentGCThread "G1 Main Marker" [stack: 0x0000004c0a600000,0x0000004c0a700000] [id=8556]
  0x0000021bc0c71800 ConcurrentGCThread "G1 Conc#0" [stack: 0x0000004c0a700000,0x0000004c0a800000] [id=9608]
  0x0000021bda4ea800 ConcurrentGCThread "G1 Refine#0" [stack: 0x0000004c0a800000,0x0000004c0a900000] [id=9732]
  0x0000021bc0ced800 ConcurrentGCThread "G1 Young RemSet Sampling" [stack: 0x0000004c0a900000,0x0000004c0aa00000] [id=3796]

Threads with active compile tasks:
C2 CompilerThread0 829226 17892       4       org.apache.xerces.dom.CoreDocumentImpl::setUserData (183 bytes)

VM state:not at safepoint (normal execution)

VM Mutex/Monitor currently owned by a thread: None

Heap address: 0x0000000080000000, size: 2048 MB, Compressed Oops mode: 32-bit
Narrow klass base: 0x0000000000000000, Narrow klass shift: 3
Compressed class space size: 1073741824 Address: 0x0000000100000000

Heap:
 garbage-first heap   total 227328K, used 176533K [0x0000000080000000, 0x0000000100000000)
  region size 1024K, 31 young (31744K), 1 survivors (1024K)
 Metaspace       used 115129K, capacity 118793K, committed 119152K, reserved 1153024K
  class space    used 14248K, capacity 15489K, committed 15616K, reserved 1048576K
Heap Regions: E=young(eden), S=young(survivor), O=old, HS=humongous(starts), HC=humongous(continues), CS=collection set, F=free, A=archive, TAMS=top-at-mark-start (previous, next)
|   0|0x0000000080000000, 0x0000000080100000, 0x0000000080100000|100%| O|  |TAMS 0x0000000080100000, 0x0000000080000000| Untracked 
|   1|0x0000000080100000, 0x0000000080200000, 0x0000000080200000|100%| O|  |TAMS 0x0000000080200000, 0x0000000080100000| Untracked 
|   2|0x0000000080200000, 0x0000000080300000, 0x0000000080300000|100%| O|  |TAMS 0x0000000080300000, 0x0000000080200000| Untracked 
|   3|0x0000000080300000, 0x0000000080400000, 0x0000000080400000|100%|HS|  |TAMS 0x0000000080400000, 0x0000000080300000| Complete 
|   4|0x0000000080400000, 0x0000000080500000, 0x0000000080500000|100%|HC|  |TAMS 0x0000000080500000, 0x0000000080400000| Complete 
|   5|0x0000000080500000, 0x0000000080600000, 0x0000000080600000|100%|HC|  |TAMS 0x0000000080600000, 0x0000000080500000| Complete 
|   6|0x0000000080600000, 0x0000000080700000, 0x0000000080700000|100%| O|  |TAMS 0x0000000080700000, 0x0000000080600000| Untracked 
|   7|0x0000000080700000, 0x0000000080800000, 0x0000000080800000|100%| O|  |TAMS 0x0000000080800000, 0x0000000080700000| Untracked 
|   8|0x0000000080800000, 0x0000000080900000, 0x0000000080900000|100%| O|  |TAMS 0x0000000080900000, 0x0000000080800000| Untracked 
|   9|0x0000000080900000, 0x0000000080a00000, 0x0000000080a00000|100%| O|  |TAMS 0x0000000080a00000, 0x0000000080900000| Untracked 
|  10|0x0000000080a00000, 0x0000000080b00000, 0x0000000080b00000|100%| O|  |TAMS 0x0000000080b00000, 0x0000000080a00000| Untracked 
|  11|0x0000000080b00000, 0x0000000080c00000, 0x0000000080c00000|100%| O|  |TAMS 0x0000000080c00000, 0x0000000080b00000| Untracked 
|  12|0x0000000080c00000, 0x0000000080d00000, 0x0000000080d00000|100%| O|  |TAMS 0x0000000080d00000, 0x0000000080c00000| Untracked 
|  13|0x0000000080d00000, 0x0000000080e00000, 0x0000000080e00000|100%|HS|  |TAMS 0x0000000080e00000, 0x0000000080d00000| Complete 
|  14|0x0000000080e00000, 0x0000000080f00000, 0x0000000080f00000|100%|HC|  |TAMS 0x0000000080f00000, 0x0000000080e00000| Complete 
|  15|0x0000000080f00000, 0x0000000081000000, 0x0000000081000000|100%|HS|  |TAMS 0x0000000081000000, 0x0000000080f00000| Complete 
|  16|0x0000000081000000, 0x0000000081100000, 0x0000000081100000|100%|HC|  |TAMS 0x0000000081100000, 0x0000000081000000| Complete 
|  17|0x0000000081100000, 0x0000000081200000, 0x0000000081200000|100%|HC|  |TAMS 0x0000000081200000, 0x0000000081100000| Complete 
|  18|0x0000000081200000, 0x0000000081300000, 0x0000000081300000|100%|HS|  |TAMS 0x0000000081300000, 0x0000000081200000| Complete 
|  19|0x0000000081300000, 0x0000000081400000, 0x0000000081400000|100%|HC|  |TAMS 0x0000000081400000, 0x0000000081300000| Complete 
|  20|0x0000000081400000, 0x0000000081500000, 0x0000000081500000|100%|HC|  |TAMS 0x0000000081500000, 0x0000000081400000| Complete 
|  21|0x0000000081500000, 0x0000000081600000, 0x0000000081600000|100%|HC|  |TAMS 0x0000000081600000, 0x0000000081500000| Complete 
|  22|0x0000000081600000, 0x0000000081700000, 0x0000000081700000|100%| O|  |TAMS 0x0000000081700000, 0x0000000081600000| Untracked 
|  23|0x0000000081700000, 0x0000000081800000, 0x0000000081800000|100%| O|  |TAMS 0x0000000081800000, 0x0000000081700000| Untracked 
|  24|0x0000000081800000, 0x0000000081900000, 0x0000000081900000|100%| O|  |TAMS 0x0000000081900000, 0x0000000081800000| Untracked 
|  25|0x0000000081900000, 0x0000000081a00000, 0x0000000081a00000|100%|HS|  |TAMS 0x0000000081a00000, 0x0000000081900000| Complete 
|  26|0x0000000081a00000, 0x0000000081b00000, 0x0000000081b00000|100%| O|  |TAMS 0x0000000081b00000, 0x0000000081a00000| Untracked 
|  27|0x0000000081b00000, 0x0000000081c00000, 0x0000000081c00000|100%| O|  |TAMS 0x0000000081c00000, 0x0000000081b00000| Untracked 
|  28|0x0000000081c00000, 0x0000000081d00000, 0x0000000081d00000|100%|HS|  |TAMS 0x0000000081d00000, 0x0000000081c00000| Complete 
|  29|0x0000000081d00000, 0x0000000081e00000, 0x0000000081e00000|100%|HC|  |TAMS 0x0000000081e00000, 0x0000000081d00000| Complete 
|  30|0x0000000081e00000, 0x0000000081f00000, 0x0000000081f00000|100%|HC|  |TAMS 0x0000000081f00000, 0x0000000081e00000| Complete 
|  31|0x0000000081f00000, 0x0000000082000000, 0x0000000082000000|100%|HC|  |TAMS 0x0000000082000000, 0x0000000081f00000| Complete 
|  32|0x0000000082000000, 0x0000000082100000, 0x0000000082100000|100%|HS|  |TAMS 0x0000000082100000, 0x0000000082000000| Complete 
|  33|0x0000000082100000, 0x0000000082200000, 0x0000000082200000|100%|HC|  |TAMS 0x0000000082200000, 0x0000000082100000| Complete 
|  34|0x0000000082200000, 0x0000000082300000, 0x0000000082300000|100%|HC|  |TAMS 0x0000000082300000, 0x0000000082200000| Complete 
|  35|0x0000000082300000, 0x0000000082400000, 0x0000000082400000|100%| O|  |TAMS 0x0000000082400000, 0x0000000082300000| Untracked 
|  36|0x0000000082400000, 0x0000000082500000, 0x0000000082500000|100%| O|  |TAMS 0x0000000082500000, 0x0000000082400000| Untracked 
|  37|0x0000000082500000, 0x0000000082600000, 0x0000000082600000|100%| O|  |TAMS 0x0000000082600000, 0x0000000082500000| Untracked 
|  38|0x0000000082600000, 0x0000000082700000, 0x0000000082700000|100%| O|  |TAMS 0x0000000082700000, 0x0000000082600000| Untracked 
|  39|0x0000000082700000, 0x0000000082800000, 0x0000000082800000|100%| O|  |TAMS 0x0000000082800000, 0x0000000082700000| Untracked 
|  40|0x0000000082800000, 0x0000000082900000, 0x0000000082900000|100%| O|  |TAMS 0x0000000082900000, 0x0000000082800000| Untracked 
|  41|0x0000000082900000, 0x0000000082a00000, 0x0000000082a00000|100%|HS|  |TAMS 0x0000000082a00000, 0x0000000082900000| Complete 
|  42|0x0000000082a00000, 0x0000000082b00000, 0x0000000082b00000|100%|HC|  |TAMS 0x0000000082b00000, 0x0000000082a00000| Complete 
|  43|0x0000000082b00000, 0x0000000082c00000, 0x0000000082c00000|100%| O|  |TAMS 0x0000000082c00000, 0x0000000082b00000| Untracked 
|  44|0x0000000082c00000, 0x0000000082d00000, 0x0000000082d00000|100%| O|  |TAMS 0x0000000082d00000, 0x0000000082c00000| Untracked 
|  45|0x0000000082d00000, 0x0000000082e00000, 0x0000000082e00000|100%| O|  |TAMS 0x0000000082e00000, 0x0000000082d00000| Untracked 
|  46|0x0000000082e00000, 0x0000000082f00000, 0x0000000082f00000|100%| O|  |TAMS 0x0000000082f00000, 0x0000000082e00000| Untracked 
|  47|0x0000000082f00000, 0x0000000083000000, 0x0000000083000000|100%| O|  |TAMS 0x0000000083000000, 0x0000000082f00000| Untracked 
|  48|0x0000000083000000, 0x0000000083100000, 0x0000000083100000|100%| O|  |TAMS 0x0000000083100000, 0x0000000083000000| Untracked 
|  49|0x0000000083100000, 0x0000000083200000, 0x0000000083200000|100%| O|  |TAMS 0x0000000083200000, 0x0000000083100000| Untracked 
|  50|0x0000000083200000, 0x0000000083300000, 0x0000000083300000|100%| O|  |TAMS 0x0000000083300000, 0x0000000083200000| Untracked 
|  51|0x0000000083300000, 0x0000000083400000, 0x0000000083400000|100%| O|  |TAMS 0x0000000083400000, 0x0000000083300000| Untracked 
|  52|0x0000000083400000, 0x0000000083500000, 0x0000000083500000|100%| O|  |TAMS 0x0000000083500000, 0x0000000083400000| Untracked 
|  53|0x0000000083500000, 0x0000000083600000, 0x0000000083600000|100%| O|  |TAMS 0x0000000083600000, 0x0000000083500000| Untracked 
|  54|0x0000000083600000, 0x0000000083700000, 0x0000000083700000|100%| O|  |TAMS 0x0000000083700000, 0x0000000083600000| Untracked 
|  55|0x0000000083700000, 0x0000000083800000, 0x0000000083800000|100%| O|  |TAMS 0x0000000083800000, 0x0000000083700000| Untracked 
|  56|0x0000000083800000, 0x0000000083900000, 0x0000000083900000|100%| O|  |TAMS 0x0000000083900000, 0x0000000083800000| Untracked 
|  57|0x0000000083900000, 0x0000000083a00000, 0x0000000083a00000|100%| O|  |TAMS 0x0000000083a00000, 0x0000000083900000| Untracked 
|  58|0x0000000083a00000, 0x0000000083b00000, 0x0000000083b00000|100%| O|  |TAMS 0x0000000083b00000, 0x0000000083a00000| Untracked 
|  59|0x0000000083b00000, 0x0000000083c00000, 0x0000000083c00000|100%| O|  |TAMS 0x0000000083c00000, 0x0000000083b00000| Untracked 
|  60|0x0000000083c00000, 0x0000000083d00000, 0x0000000083d00000|100%| O|  |TAMS 0x0000000083d00000, 0x0000000083c00000| Untracked 
|  61|0x0000000083d00000, 0x0000000083e00000, 0x0000000083e00000|100%| O|  |TAMS 0x0000000083e00000, 0x0000000083d00000| Untracked 
|  62|0x0000000083e00000, 0x0000000083f00000, 0x0000000083f00000|100%| O|  |TAMS 0x0000000083f00000, 0x0000000083e00000| Untracked 
|  63|0x0000000083f00000, 0x0000000084000000, 0x0000000084000000|100%| O|  |TAMS 0x0000000084000000, 0x0000000083f00000| Untracked 
|  64|0x0000000084000000, 0x0000000084100000, 0x0000000084100000|100%| O|  |TAMS 0x0000000084100000, 0x0000000084000000| Untracked 
|  65|0x0000000084100000, 0x0000000084200000, 0x0000000084200000|100%| O|  |TAMS 0x0000000084200000, 0x0000000084100000| Untracked 
|  66|0x0000000084200000, 0x0000000084300000, 0x0000000084300000|100%| O|  |TAMS 0x0000000084300000, 0x0000000084200000| Untracked 
|  67|0x0000000084300000, 0x0000000084400000, 0x0000000084400000|100%| O|  |TAMS 0x0000000084400000, 0x0000000084300000| Untracked 
|  68|0x0000000084400000, 0x0000000084500000, 0x0000000084500000|100%| O|  |TAMS 0x0000000084500000, 0x0000000084400000| Untracked 
|  69|0x0000000084500000, 0x0000000084600000, 0x0000000084600000|100%| O|  |TAMS 0x0000000084600000, 0x0000000084500000| Untracked 
|  70|0x0000000084600000, 0x0000000084700000, 0x0000000084700000|100%| O|  |TAMS 0x0000000084700000, 0x0000000084600000| Untracked 
|  71|0x0000000084700000, 0x0000000084800000, 0x0000000084800000|100%| O|  |TAMS 0x0000000084800000, 0x0000000084700000| Untracked 
|  72|0x0000000084800000, 0x0000000084900000, 0x0000000084900000|100%| O|  |TAMS 0x0000000084900000, 0x0000000084800000| Untracked 
|  73|0x0000000084900000, 0x0000000084a00000, 0x0000000084a00000|100%| O|  |TAMS 0x0000000084a00000, 0x0000000084900000| Untracked 
|  74|0x0000000084a00000, 0x0000000084b00000, 0x0000000084b00000|100%| O|  |TAMS 0x0000000084b00000, 0x0000000084a00000| Untracked 
|  75|0x0000000084b00000, 0x0000000084c00000, 0x0000000084c00000|100%| O|  |TAMS 0x0000000084c00000, 0x0000000084b00000| Untracked 
|  76|0x0000000084c00000, 0x0000000084d00000, 0x0000000084d00000|100%| O|  |TAMS 0x0000000084d00000, 0x0000000084c00000| Untracked 
|  77|0x0000000084d00000, 0x0000000084e00000, 0x0000000084e00000|100%| O|  |TAMS 0x0000000084e00000, 0x0000000084d00000| Untracked 
|  78|0x0000000084e00000, 0x0000000084f00000, 0x0000000084f00000|100%| O|  |TAMS 0x0000000084f00000, 0x0000000084e00000| Untracked 
|  79|0x0000000084f00000, 0x0000000085000000, 0x0000000085000000|100%| O|  |TAMS 0x0000000085000000, 0x0000000084f00000| Untracked 
|  80|0x0000000085000000, 0x0000000085100000, 0x0000000085100000|100%| O|  |TAMS 0x0000000085100000, 0x0000000085000000| Untracked 
|  81|0x0000000085100000, 0x0000000085200000, 0x0000000085200000|100%| O|  |TAMS 0x0000000085200000, 0x0000000085100000| Untracked 
|  82|0x0000000085200000, 0x0000000085300000, 0x0000000085300000|100%| O|  |TAMS 0x0000000085300000, 0x0000000085200000| Untracked 
|  83|0x0000000085300000, 0x0000000085400000, 0x0000000085400000|100%| O|  |TAMS 0x0000000085400000, 0x0000000085300000| Untracked 
|  84|0x0000000085400000, 0x0000000085500000, 0x0000000085500000|100%| O|  |TAMS 0x0000000085500000, 0x0000000085400000| Untracked 
|  85|0x0000000085500000, 0x0000000085600000, 0x0000000085600000|100%| O|  |TAMS 0x0000000085600000, 0x0000000085500000| Untracked 
|  86|0x0000000085600000, 0x0000000085700000, 0x0000000085700000|100%| O|  |TAMS 0x0000000085700000, 0x0000000085600000| Untracked 
|  87|0x0000000085700000, 0x0000000085800000, 0x0000000085800000|100%| O|  |TAMS 0x0000000085800000, 0x0000000085700000| Untracked 
|  88|0x0000000085800000, 0x0000000085900000, 0x0000000085900000|100%| O|  |TAMS 0x0000000085900000, 0x0000000085800000| Untracked 
|  89|0x0000000085900000, 0x0000000085a00000, 0x0000000085a00000|100%| O|  |TAMS 0x0000000085a00000, 0x0000000085900000| Untracked 
|  90|0x0000000085a00000, 0x0000000085b00000, 0x0000000085b00000|100%| O|  |TAMS 0x0000000085b00000, 0x0000000085a00000| Untracked 
|  91|0x0000000085b00000, 0x0000000085c00000, 0x0000000085c00000|100%| O|  |TAMS 0x0000000085c00000, 0x0000000085b00000| Untracked 
|  92|0x0000000085c00000, 0x0000000085d00000, 0x0000000085d00000|100%| O|  |TAMS 0x0000000085d00000, 0x0000000085c00000| Untracked 
|  93|0x0000000085d00000, 0x0000000085e00000, 0x0000000085e00000|100%| O|  |TAMS 0x0000000085e00000, 0x0000000085d00000| Untracked 
|  94|0x0000000085e00000, 0x0000000085f00000, 0x0000000085f00000|100%| O|  |TAMS 0x0000000085f00000, 0x0000000085e00000| Untracked 
|  95|0x0000000085f00000, 0x0000000086000000, 0x0000000086000000|100%| O|  |TAMS 0x0000000086000000, 0x0000000085f00000| Untracked 
|  96|0x0000000086000000, 0x0000000086100000, 0x0000000086100000|100%| O|  |TAMS 0x0000000086100000, 0x0000000086000000| Untracked 
|  97|0x0000000086100000, 0x0000000086200000, 0x0000000086200000|100%| O|  |TAMS 0x0000000086200000, 0x0000000086100000| Untracked 
|  98|0x0000000086200000, 0x0000000086300000, 0x0000000086300000|100%| O|  |TAMS 0x0000000086300000, 0x0000000086200000| Untracked 
|  99|0x0000000086300000, 0x0000000086400000, 0x0000000086400000|100%| O|  |TAMS 0x0000000086400000, 0x0000000086300000| Untracked 
| 100|0x0000000086400000, 0x0000000086500000, 0x0000000086500000|100%| O|  |TAMS 0x0000000086500000, 0x0000000086400000| Untracked 
| 101|0x0000000086500000, 0x0000000086600000, 0x0000000086600000|100%| O|  |TAMS 0x0000000086600000, 0x0000000086500000| Untracked 
| 102|0x0000000086600000, 0x0000000086700000, 0x0000000086700000|100%| O|  |TAMS 0x0000000086700000, 0x0000000086600000| Untracked 
| 103|0x0000000086700000, 0x0000000086800000, 0x0000000086800000|100%| O|  |TAMS 0x0000000086800000, 0x0000000086700000| Untracked 
| 104|0x0000000086800000, 0x0000000086900000, 0x0000000086900000|100%| O|  |TAMS 0x0000000086900000, 0x0000000086800000| Untracked 
| 105|0x0000000086900000, 0x0000000086a00000, 0x0000000086a00000|100%| O|  |TAMS 0x0000000086a00000, 0x0000000086900000| Untracked 
| 106|0x0000000086a00000, 0x0000000086b00000, 0x0000000086b00000|100%| O|  |TAMS 0x0000000086b00000, 0x0000000086a00000| Untracked 
| 107|0x0000000086b00000, 0x0000000086c00000, 0x0000000086c00000|100%| O|  |TAMS 0x0000000086c00000, 0x0000000086b00000| Untracked 
| 108|0x0000000086c00000, 0x0000000086d00000, 0x0000000086d00000|100%| O|  |TAMS 0x0000000086d00000, 0x0000000086c00000| Untracked 
| 109|0x0000000086d00000, 0x0000000086e00000, 0x0000000086e00000|100%| O|  |TAMS 0x0000000086e00000, 0x0000000086d00000| Untracked 
| 110|0x0000000086e00000, 0x0000000086f00000, 0x0000000086f00000|100%| O|  |TAMS 0x0000000086f00000, 0x0000000086e00000| Untracked 
| 111|0x0000000086f00000, 0x0000000087000000, 0x0000000087000000|100%| O|  |TAMS 0x0000000087000000, 0x0000000086f00000| Untracked 
| 112|0x0000000087000000, 0x0000000087100000, 0x0000000087100000|100%| O|  |TAMS 0x0000000087100000, 0x0000000087000000| Untracked 
| 113|0x0000000087100000, 0x0000000087200000, 0x0000000087200000|100%| O|  |TAMS 0x0000000087200000, 0x0000000087100000| Untracked 
| 114|0x0000000087200000, 0x0000000087300000, 0x0000000087300000|100%| O|  |TAMS 0x0000000087300000, 0x0000000087200000| Untracked 
| 115|0x0000000087300000, 0x0000000087400000, 0x0000000087400000|100%| O|  |TAMS 0x0000000087400000, 0x0000000087300000| Untracked 
| 116|0x0000000087400000, 0x0000000087500000, 0x0000000087500000|100%| O|  |TAMS 0x0000000087500000, 0x0000000087400000| Untracked 
| 117|0x0000000087500000, 0x0000000087600000, 0x0000000087600000|100%| O|  |TAMS 0x0000000087600000, 0x0000000087500000| Untracked 
| 118|0x0000000087600000, 0x0000000087700000, 0x0000000087700000|100%| O|  |TAMS 0x0000000087700000, 0x0000000087600000| Untracked 
| 119|0x0000000087700000, 0x0000000087800000, 0x0000000087800000|100%| O|  |TAMS 0x0000000087800000, 0x0000000087700000| Untracked 
| 120|0x0000000087800000, 0x0000000087900000, 0x0000000087900000|100%| O|  |TAMS 0x0000000087900000, 0x0000000087800000| Untracked 
| 121|0x0000000087900000, 0x0000000087a00000, 0x0000000087a00000|100%| O|  |TAMS 0x0000000087a00000, 0x0000000087900000| Untracked 
| 122|0x0000000087a00000, 0x0000000087b00000, 0x0000000087b00000|100%| O|  |TAMS 0x0000000087b00000, 0x0000000087a00000| Untracked 
| 123|0x0000000087b00000, 0x0000000087c00000, 0x0000000087c00000|100%| O|  |TAMS 0x0000000087c00000, 0x0000000087b00000| Untracked 
| 124|0x0000000087c00000, 0x0000000087d00000, 0x0000000087d00000|100%| O|  |TAMS 0x0000000087d00000, 0x0000000087c00000| Untracked 
| 125|0x0000000087d00000, 0x0000000087e00000, 0x0000000087e00000|100%| O|  |TAMS 0x0000000087e00000, 0x0000000087d00000| Untracked 
| 126|0x0000000087e00000, 0x0000000087f00000, 0x0000000087f00000|100%| O|  |TAMS 0x0000000087f00000, 0x0000000087e00000| Untracked 
| 127|0x0000000087f00000, 0x0000000088000000, 0x0000000088000000|100%| O|  |TAMS 0x0000000088000000, 0x0000000087f00000| Untracked 
| 128|0x0000000088000000, 0x0000000088100000, 0x0000000088100000|100%| O|  |TAMS 0x0000000088100000, 0x0000000088000000| Untracked 
| 129|0x0000000088100000, 0x0000000088200000, 0x0000000088200000|100%| O|  |TAMS 0x0000000088200000, 0x0000000088100000| Untracked 
| 130|0x0000000088200000, 0x0000000088300000, 0x0000000088300000|100%| O|  |TAMS 0x0000000088300000, 0x0000000088200000| Untracked 
| 131|0x0000000088300000, 0x0000000088400000, 0x0000000088400000|100%| O|  |TAMS 0x0000000088400000, 0x0000000088300000| Untracked 
| 132|0x0000000088400000, 0x0000000088500000, 0x0000000088500000|100%| O|  |TAMS 0x0000000088500000, 0x0000000088400000| Untracked 
| 133|0x0000000088500000, 0x0000000088600000, 0x0000000088600000|100%| O|  |TAMS 0x0000000088600000, 0x0000000088500000| Untracked 
| 134|0x0000000088600000, 0x0000000088700000, 0x0000000088700000|100%| O|  |TAMS 0x0000000088700000, 0x0000000088600000| Untracked 
| 135|0x0000000088700000, 0x0000000088800000, 0x0000000088800000|100%| O|  |TAMS 0x0000000088800000, 0x0000000088700000| Untracked 
| 136|0x0000000088800000, 0x0000000088900000, 0x0000000088900000|100%| O|  |TAMS 0x0000000088900000, 0x0000000088800000| Untracked 
| 137|0x0000000088900000, 0x0000000088a00000, 0x0000000088a00000|100%| O|  |TAMS 0x0000000088a00000, 0x0000000088900000| Untracked 
| 138|0x0000000088a00000, 0x0000000088b00000, 0x0000000088b00000|100%| O|  |TAMS 0x0000000088b00000, 0x0000000088a00000| Untracked 
| 139|0x0000000088b00000, 0x0000000088c00000, 0x0000000088c00000|100%| O|  |TAMS 0x0000000088c00000, 0x0000000088b00000| Untracked 
| 140|0x0000000088c00000, 0x0000000088d00000, 0x0000000088d00000|100%| O|  |TAMS 0x0000000088d00000, 0x0000000088c00000| Untracked 
| 141|0x0000000088d00000, 0x0000000088d70000, 0x0000000088e00000| 43%| O|  |TAMS 0x0000000088d70000, 0x0000000088d00000| Untracked 
| 142|0x0000000088e00000, 0x0000000088e00000, 0x0000000088f00000|  0%| F|  |TAMS 0x0000000088e00000, 0x0000000088e00000| Untracked 
| 143|0x0000000088f00000, 0x0000000088f00000, 0x0000000089000000|  0%| F|  |TAMS 0x0000000088f00000, 0x0000000088f00000| Untracked 
| 144|0x0000000089000000, 0x0000000089000000, 0x0000000089100000|  0%| F|  |TAMS 0x0000000089000000, 0x0000000089000000| Untracked 
| 145|0x0000000089100000, 0x0000000089200000, 0x0000000089200000|100%| O|  |TAMS 0x0000000089200000, 0x0000000089100000| Untracked 
| 146|0x0000000089200000, 0x0000000089200000, 0x0000000089300000|  0%| F|  |TAMS 0x0000000089200000, 0x0000000089200000| Untracked 
| 147|0x0000000089300000, 0x0000000089300000, 0x0000000089400000|  0%| F|  |TAMS 0x0000000089300000, 0x0000000089300000| Untracked 
| 148|0x0000000089400000, 0x0000000089400000, 0x0000000089500000|  0%| F|  |TAMS 0x0000000089400000, 0x0000000089400000| Untracked 
| 149|0x0000000089500000, 0x0000000089500000, 0x0000000089600000|  0%| F|  |TAMS 0x0000000089500000, 0x0000000089500000| Untracked 
| 150|0x0000000089600000, 0x0000000089600000, 0x0000000089700000|  0%| F|  |TAMS 0x0000000089600000, 0x0000000089600000| Untracked 
| 151|0x0000000089700000, 0x0000000089700000, 0x0000000089800000|  0%| F|  |TAMS 0x0000000089700000, 0x0000000089700000| Untracked 
| 152|0x0000000089800000, 0x0000000089800000, 0x0000000089900000|  0%| F|  |TAMS 0x0000000089800000, 0x0000000089800000| Untracked 
| 153|0x0000000089900000, 0x0000000089900000, 0x0000000089a00000|  0%| F|  |TAMS 0x0000000089900000, 0x0000000089900000| Untracked 
| 154|0x0000000089a00000, 0x0000000089a00000, 0x0000000089b00000|  0%| F|  |TAMS 0x0000000089a00000, 0x0000000089a00000| Untracked 
| 155|0x0000000089b00000, 0x0000000089b00000, 0x0000000089c00000|  0%| F|  |TAMS 0x0000000089b00000, 0x0000000089b00000| Untracked 
| 156|0x0000000089c00000, 0x0000000089c00000, 0x0000000089d00000|  0%| F|  |TAMS 0x0000000089c00000, 0x0000000089c00000| Untracked 
| 157|0x0000000089d00000, 0x0000000089d00000, 0x0000000089e00000|  0%| F|  |TAMS 0x0000000089d00000, 0x0000000089d00000| Untracked 
| 158|0x0000000089e00000, 0x0000000089e00000, 0x0000000089f00000|  0%| F|  |TAMS 0x0000000089e00000, 0x0000000089e00000| Untracked 
| 159|0x0000000089f00000, 0x0000000089f00000, 0x000000008a000000|  0%| F|  |TAMS 0x0000000089f00000, 0x0000000089f00000| Untracked 
| 160|0x000000008a000000, 0x000000008a000000, 0x000000008a100000|  0%| F|  |TAMS 0x000000008a000000, 0x000000008a000000| Untracked 
| 161|0x000000008a100000, 0x000000008a100000, 0x000000008a200000|  0%| F|  |TAMS 0x000000008a100000, 0x000000008a100000| Untracked 
| 162|0x000000008a200000, 0x000000008a200000, 0x000000008a300000|  0%| F|  |TAMS 0x000000008a200000, 0x000000008a200000| Untracked 
| 163|0x000000008a300000, 0x000000008a300000, 0x000000008a400000|  0%| F|  |TAMS 0x000000008a300000, 0x000000008a300000| Untracked 
| 164|0x000000008a400000, 0x000000008a400000, 0x000000008a500000|  0%| F|  |TAMS 0x000000008a400000, 0x000000008a400000| Untracked 
| 165|0x000000008a500000, 0x000000008a500000, 0x000000008a600000|  0%| F|  |TAMS 0x000000008a500000, 0x000000008a500000| Untracked 
| 166|0x000000008a600000, 0x000000008a600000, 0x000000008a700000|  0%| F|  |TAMS 0x000000008a600000, 0x000000008a600000| Untracked 
| 167|0x000000008a700000, 0x000000008a700000, 0x000000008a800000|  0%| F|  |TAMS 0x000000008a700000, 0x000000008a700000| Untracked 
| 168|0x000000008a800000, 0x000000008a8f5540, 0x000000008a900000| 95%| S|CS|TAMS 0x000000008a800000, 0x000000008a800000| Complete 
| 169|0x000000008a900000, 0x000000008a900000, 0x000000008aa00000|  0%| F|  |TAMS 0x000000008a900000, 0x000000008a900000| Untracked 
| 170|0x000000008aa00000, 0x000000008aa00000, 0x000000008ab00000|  0%| F|  |TAMS 0x000000008aa00000, 0x000000008aa00000| Untracked 
| 171|0x000000008ab00000, 0x000000008ab00000, 0x000000008ac00000|  0%| F|  |TAMS 0x000000008ab00000, 0x000000008ab00000| Untracked 
| 172|0x000000008ac00000, 0x000000008ac00000, 0x000000008ad00000|  0%| F|  |TAMS 0x000000008ac00000, 0x000000008ac00000| Untracked 
| 173|0x000000008ad00000, 0x000000008ad00000, 0x000000008ae00000|  0%| F|  |TAMS 0x000000008ad00000, 0x000000008ad00000| Untracked 
| 174|0x000000008ae00000, 0x000000008ae00000, 0x000000008af00000|  0%| F|  |TAMS 0x000000008ae00000, 0x000000008ae00000| Untracked 
| 175|0x000000008af00000, 0x000000008af00000, 0x000000008b000000|  0%| F|  |TAMS 0x000000008af00000, 0x000000008af00000| Untracked 
| 176|0x000000008b000000, 0x000000008b000000, 0x000000008b100000|  0%| F|  |TAMS 0x000000008b000000, 0x000000008b000000| Untracked 
| 177|0x000000008b100000, 0x000000008b100000, 0x000000008b200000|  0%| F|  |TAMS 0x000000008b100000, 0x000000008b100000| Untracked 
| 178|0x000000008b200000, 0x000000008b200000, 0x000000008b300000|  0%| F|  |TAMS 0x000000008b200000, 0x000000008b200000| Untracked 
| 179|0x000000008b300000, 0x000000008b300000, 0x000000008b400000|  0%| F|  |TAMS 0x000000008b300000, 0x000000008b300000| Untracked 
| 180|0x000000008b400000, 0x000000008b400000, 0x000000008b500000|  0%| F|  |TAMS 0x000000008b400000, 0x000000008b400000| Untracked 
| 181|0x000000008b500000, 0x000000008b500000, 0x000000008b600000|  0%| F|  |TAMS 0x000000008b500000, 0x000000008b500000| Untracked 
| 182|0x000000008b600000, 0x000000008b600000, 0x000000008b700000|  0%| F|  |TAMS 0x000000008b600000, 0x000000008b600000| Untracked 
| 183|0x000000008b700000, 0x000000008b700000, 0x000000008b800000|  0%| F|  |TAMS 0x000000008b700000, 0x000000008b700000| Untracked 
| 184|0x000000008b800000, 0x000000008b800000, 0x000000008b900000|  0%| F|  |TAMS 0x000000008b800000, 0x000000008b800000| Untracked 
| 185|0x000000008b900000, 0x000000008b900000, 0x000000008ba00000|  0%| F|  |TAMS 0x000000008b900000, 0x000000008b900000| Untracked 
| 186|0x000000008ba00000, 0x000000008ba00000, 0x000000008bb00000|  0%| F|  |TAMS 0x000000008ba00000, 0x000000008ba00000| Untracked 
| 187|0x000000008bb00000, 0x000000008bb00000, 0x000000008bc00000|  0%| F|  |TAMS 0x000000008bb00000, 0x000000008bb00000| Untracked 
| 188|0x000000008bc00000, 0x000000008bc00000, 0x000000008bd00000|  0%| F|  |TAMS 0x000000008bc00000, 0x000000008bc00000| Untracked 
| 189|0x000000008bd00000, 0x000000008bd00000, 0x000000008be00000|  0%| F|  |TAMS 0x000000008bd00000, 0x000000008bd00000| Untracked 
| 190|0x000000008be00000, 0x000000008be00000, 0x000000008bf00000|  0%| F|  |TAMS 0x000000008be00000, 0x000000008be00000| Untracked 
| 191|0x000000008bf00000, 0x000000008bf00000, 0x000000008c000000|  0%| F|  |TAMS 0x000000008bf00000, 0x000000008bf00000| Untracked 
| 192|0x000000008c000000, 0x000000008c100000, 0x000000008c100000|100%| E|  |TAMS 0x000000008c000000, 0x000000008c000000| Complete 
| 193|0x000000008c100000, 0x000000008c200000, 0x000000008c200000|100%| E|CS|TAMS 0x000000008c100000, 0x000000008c100000| Complete 
| 194|0x000000008c200000, 0x000000008c300000, 0x000000008c300000|100%| E|CS|TAMS 0x000000008c200000, 0x000000008c200000| Complete 
| 195|0x000000008c300000, 0x000000008c400000, 0x000000008c400000|100%| E|CS|TAMS 0x000000008c300000, 0x000000008c300000| Complete 
| 196|0x000000008c400000, 0x000000008c500000, 0x000000008c500000|100%| E|CS|TAMS 0x000000008c400000, 0x000000008c400000| Complete 
| 197|0x000000008c500000, 0x000000008c600000, 0x000000008c600000|100%| E|CS|TAMS 0x000000008c500000, 0x000000008c500000| Complete 
| 198|0x000000008c600000, 0x000000008c700000, 0x000000008c700000|100%| E|CS|TAMS 0x000000008c600000, 0x000000008c600000| Complete 
| 199|0x000000008c700000, 0x000000008c800000, 0x000000008c800000|100%| E|CS|TAMS 0x000000008c700000, 0x000000008c700000| Complete 
| 200|0x000000008c800000, 0x000000008c900000, 0x000000008c900000|100%| E|CS|TAMS 0x000000008c800000, 0x000000008c800000| Complete 
| 201|0x000000008c900000, 0x000000008ca00000, 0x000000008ca00000|100%| E|CS|TAMS 0x000000008c900000, 0x000000008c900000| Complete 
| 202|0x000000008ca00000, 0x000000008cb00000, 0x000000008cb00000|100%| E|CS|TAMS 0x000000008ca00000, 0x000000008ca00000| Complete 
| 203|0x000000008cb00000, 0x000000008cc00000, 0x000000008cc00000|100%| E|CS|TAMS 0x000000008cb00000, 0x000000008cb00000| Complete 
| 204|0x000000008cc00000, 0x000000008cd00000, 0x000000008cd00000|100%| E|CS|TAMS 0x000000008cc00000, 0x000000008cc00000| Complete 
| 205|0x000000008cd00000, 0x000000008ce00000, 0x000000008ce00000|100%| E|CS|TAMS 0x000000008cd00000, 0x000000008cd00000| Complete 
| 206|0x000000008ce00000, 0x000000008cf00000, 0x000000008cf00000|100%| E|CS|TAMS 0x000000008ce00000, 0x000000008ce00000| Complete 
| 207|0x000000008cf00000, 0x000000008d000000, 0x000000008d000000|100%| E|CS|TAMS 0x000000008cf00000, 0x000000008cf00000| Complete 
| 208|0x000000008d000000, 0x000000008d100000, 0x000000008d100000|100%| E|CS|TAMS 0x000000008d000000, 0x000000008d000000| Complete 
| 209|0x000000008d100000, 0x000000008d200000, 0x000000008d200000|100%| E|CS|TAMS 0x000000008d100000, 0x000000008d100000| Complete 
| 210|0x000000008d200000, 0x000000008d300000, 0x000000008d300000|100%| E|CS|TAMS 0x000000008d200000, 0x000000008d200000| Complete 
| 211|0x000000008d300000, 0x000000008d400000, 0x000000008d400000|100%| E|CS|TAMS 0x000000008d300000, 0x000000008d300000| Complete 
| 212|0x000000008d400000, 0x000000008d500000, 0x000000008d500000|100%| E|CS|TAMS 0x000000008d400000, 0x000000008d400000| Complete 
| 213|0x000000008d500000, 0x000000008d600000, 0x000000008d600000|100%| E|CS|TAMS 0x000000008d500000, 0x000000008d500000| Complete 
| 214|0x000000008d600000, 0x000000008d700000, 0x000000008d700000|100%| E|CS|TAMS 0x000000008d600000, 0x000000008d600000| Complete 
| 215|0x000000008d700000, 0x000000008d800000, 0x000000008d800000|100%| E|CS|TAMS 0x000000008d700000, 0x000000008d700000| Complete 
| 216|0x000000008d800000, 0x000000008d900000, 0x000000008d900000|100%| E|CS|TAMS 0x000000008d800000, 0x000000008d800000| Complete 
| 217|0x000000008d900000, 0x000000008da00000, 0x000000008da00000|100%| E|CS|TAMS 0x000000008d900000, 0x000000008d900000| Complete 
| 218|0x000000008da00000, 0x000000008db00000, 0x000000008db00000|100%| E|CS|TAMS 0x000000008da00000, 0x000000008da00000| Complete 
| 219|0x000000008db00000, 0x000000008dc00000, 0x000000008dc00000|100%| E|CS|TAMS 0x000000008db00000, 0x000000008db00000| Complete 
| 220|0x000000008dc00000, 0x000000008dd00000, 0x000000008dd00000|100%| E|CS|TAMS 0x000000008dc00000, 0x000000008dc00000| Complete 
| 221|0x000000008dd00000, 0x000000008de00000, 0x000000008de00000|100%| E|CS|TAMS 0x000000008dd00000, 0x000000008dd00000| Complete 

Card table byte_map: [0x0000021bd3990000,0x0000021bd3d90000] _byte_map_base: 0x0000021bd3590000

Marking Bits (Prev, Next): (CMBitMap*) 0x0000021bc0c66488, (CMBitMap*) 0x0000021bc0c664c0
 Prev Bits: [0x0000021bd4190000, 0x0000021bd6190000)
 Next Bits: [0x0000021bd6190000, 0x0000021bd8190000)

Polling page: 0x0000021bc03f0000

Metaspace:

Usage:
  Non-class:    100.88 MB capacity,    98.52 MB ( 98%) used,     2.05 MB (  2%) free+waste,   328.44 KB ( <1%) overhead. 
      Class:     15.13 MB capacity,    13.91 MB ( 92%) used,     1.07 MB (  7%) free+waste,   149.69 KB ( <1%) overhead. 
       Both:    116.01 MB capacity,   112.43 MB ( 97%) used,     3.11 MB (  3%) free+waste,   478.13 KB ( <1%) overhead. 

Virtual space:
  Non-class space:      102.00 MB reserved,     101.11 MB (>99%) committed 
      Class space:        1.00 GB reserved,      15.25 MB (  1%) committed 
             Both:        1.10 GB reserved,     116.36 MB ( 10%) committed 

Chunk freelists:
   Non-Class:  40.00 KB
       Class:  0 bytes
        Both:  40.00 KB

MaxMetaspaceSize: 17179869184.00 GB
CompressedClassSpaceSize: 1.00 GB

CodeHeap 'non-profiled nmethods': size=120064Kb used=12668Kb max_used=12668Kb free=107396Kb
 bounds [0x0000021bcc050000, 0x0000021bcccc0000, 0x0000021bd3590000]
CodeHeap 'profiled nmethods': size=120000Kb used=32276Kb max_used=32276Kb free=87723Kb
 bounds [0x0000021bc4b20000, 0x0000021bc6ad0000, 0x0000021bcc050000]
CodeHeap 'non-nmethods': size=5696Kb used=2339Kb max_used=2414Kb free=3356Kb
 bounds [0x0000021bc4590000, 0x0000021bc4800000, 0x0000021bc4b20000]
 total_blobs=15993 nmethods=15040 adapters=863
 compilation: enabled
              stopped_count=0, restarted_count=0
 full_count=0

Compilation events (20 events):
Event: 828.071 Thread 0x0000021bda6b7800 nmethod 17882 0x0000021bc6ac9690 code [0x0000021bc6ac9900, 0x0000021bc6acaaf8]
Event: 828.104 Thread 0x0000021bda6b7800 17883   !   3       com.android.utils.PositionXmlParser::parseInternal (61 bytes)
Event: 828.105 Thread 0x0000021bda6b7800 nmethod 17883 0x0000021bc6acb010 code [0x0000021bc6acb280, 0x0000021bc6acba38]
Event: 828.106 Thread 0x0000021bda6b7800 17884       3       org.xml.sax.ext.DefaultHandler2::<init> (5 bytes)
Event: 828.106 Thread 0x0000021bda6b7800 nmethod 17884 0x0000021bc6acbe10 code [0x0000021bc6acbfc0, 0x0000021bc6acc178]
Event: 828.109 Thread 0x0000021bda6b7800 17885       3       org.apache.xerces.parsers.AbstractSAXParser::reset (47 bytes)
Event: 828.109 Thread 0x0000021bda6b7800 nmethod 17885 0x0000021bc6acc290 code [0x0000021bc6acc460, 0x0000021bc6acc7c8]
Event: 828.109 Thread 0x0000021bda6b7800 17886   !   3       org.apache.xerces.parsers.AbstractSAXParser::startDocument (109 bytes)
Event: 828.110 Thread 0x0000021bda6b7800 nmethod 17886 0x0000021bc6acc910 code [0x0000021bc6accb60, 0x0000021bc6acd528]
Event: 828.110 Thread 0x0000021bda6b7800 17887       3       org.apache.xerces.impl.XMLDocumentFragmentScannerImpl::scanXMLDeclOrTextDecl (151 bytes)
Event: 828.111 Thread 0x0000021bda6b7800 nmethod 17887 0x0000021bc6acd910 code [0x0000021bc6acdb40, 0x0000021bc6ace248]
Event: 828.112 Thread 0x0000021bda6b7800 17888       3       org.apache.xerces.parsers.AbstractSAXParser::xmlDecl (16 bytes)
Event: 828.112 Thread 0x0000021bda6b7800 nmethod 17888 0x0000021bc6ace590 code [0x0000021bc6ace740, 0x0000021bc6ace8e8]
Event: 828.143 Thread 0x0000021bdb015800 17889       4       java.lang.reflect.AccessibleObject::checkAccess (40 bytes)
Event: 828.146 Thread 0x0000021bdb015800 nmethod 17889 0x0000021bcccb0490 code [0x0000021bcccb0660, 0x0000021bcccb0830]
Event: 828.792 Thread 0x0000021bdb015800 17890       4       org.apache.xerces.impl.dtd.XMLDTDValidator::<init> (226 bytes)
Event: 829.022 Thread 0x0000021bdb015800 nmethod 17890 0x0000021bcccb0a90 code [0x0000021bcccb0d20, 0x0000021bcccb2d58]
Event: 829.066 Thread 0x0000021bdb015800 17891   !   4       sun.net.www.ParseUtil::decode (316 bytes)
Event: 829.071 Thread 0x0000021bdb015800 nmethod 17891 0x0000021bcccb3490 code [0x0000021bcccb3620, 0x0000021bcccb37b8]
Event: 829.118 Thread 0x0000021bdb015800 17892       4       org.apache.xerces.dom.CoreDocumentImpl::setUserData (183 bytes)

GC Heap History (20 events):
Event: 823.382 GC heap before
{Heap before GC invocations=84 (full 0):
 garbage-first heap   total 189440K, used 156946K [0x0000000080000000, 0x0000000100000000)
  region size 1024K, 14 young (14336K), 1 survivors (1024K)
 Metaspace       used 114769K, capacity 118401K, committed 118512K, reserved 1153024K
  class space    used 14245K, capacity 15487K, committed 15488K, reserved 1048576K
}
Event: 823.391 GC heap after
{Heap after GC invocations=85 (full 0):
 garbage-first heap   total 189440K, used 144794K [0x0000000080000000, 0x0000000100000000)
  region size 1024K, 1 young (1024K), 1 survivors (1024K)
 Metaspace       used 114769K, capacity 118401K, committed 118512K, reserved 1153024K
  class space    used 14245K, capacity 15487K, committed 15488K, reserved 1048576K
}
Event: 824.007 GC heap before
{Heap before GC invocations=85 (full 0):
 garbage-first heap   total 189440K, used 159130K [0x0000000080000000, 0x0000000100000000)
  region size 1024K, 15 young (15360K), 1 survivors (1024K)
 Metaspace       used 114896K, capacity 118529K, committed 118768K, reserved 1153024K
  class space    used 14245K, capacity 15487K, committed 15488K, reserved 1048576K
}
Event: 824.011 GC heap after
{Heap after GC invocations=86 (full 0):
 garbage-first heap   total 189440K, used 144691K [0x0000000080000000, 0x0000000100000000)
  region size 1024K, 1 young (1024K), 1 survivors (1024K)
 Metaspace       used 114896K, capacity 118529K, committed 118768K, reserved 1153024K
  class space    used 14245K, capacity 15487K, committed 15488K, reserved 1048576K
}
Event: 824.539 GC heap before
{Heap before GC invocations=87 (full 0):
 garbage-first heap   total 189440K, used 160051K [0x0000000080000000, 0x0000000100000000)
  region size 1024K, 16 young (16384K), 1 survivors (1024K)
 Metaspace       used 114951K, capacity 118596K, committed 118768K, reserved 1153024K
  class space    used 14245K, capacity 15487K, committed 15488K, reserved 1048576K
}
Event: 824.543 GC heap after
{Heap after GC invocations=88 (full 0):
 garbage-first heap   total 189440K, used 145128K [0x0000000080000000, 0x0000000100000000)
  region size 1024K, 2 young (2048K), 2 survivors (2048K)
 Metaspace       used 114951K, capacity 118596K, committed 118768K, reserved 1153024K
  class space    used 14245K, capacity 15487K, committed 15488K, reserved 1048576K
}
Event: 824.960 GC heap before
{Heap before GC invocations=88 (full 0):
 garbage-first heap   total 189440K, used 152296K [0x0000000080000000, 0x0000000100000000)
  region size 1024K, 9 young (9216K), 2 survivors (2048K)
 Metaspace       used 114953K, capacity 118596K, committed 118768K, reserved 1153024K
  class space    used 14245K, capacity 15487K, committed 15488K, reserved 1048576K
}
Event: 824.969 GC heap after
{Heap after GC invocations=89 (full 0):
 garbage-first heap   total 189440K, used 143185K [0x0000000080000000, 0x0000000100000000)
  region size 1024K, 1 young (1024K), 1 survivors (1024K)
 Metaspace       used 114953K, capacity 118596K, committed 118768K, reserved 1153024K
  class space    used 14245K, capacity 15487K, committed 15488K, reserved 1048576K
}
Event: 825.476 GC heap before
{Heap before GC invocations=89 (full 0):
 garbage-first heap   total 189440K, used 160593K [0x0000000080000000, 0x0000000100000000)
  region size 1024K, 18 young (18432K), 1 survivors (1024K)
 Metaspace       used 114968K, capacity 118596K, committed 118768K, reserved 1153024K
  class space    used 14245K, capacity 15487K, committed 15488K, reserved 1048576K
}
Event: 825.481 GC heap after
{Heap after GC invocations=90 (full 0):
 garbage-first heap   total 189440K, used 143811K [0x0000000080000000, 0x0000000100000000)
  region size 1024K, 2 young (2048K), 2 survivors (2048K)
 Metaspace       used 114968K, capacity 118596K, committed 118768K, reserved 1153024K
  class space    used 14245K, capacity 15487K, committed 15488K, reserved 1048576K
}
Event: 826.085 GC heap before
{Heap before GC invocations=90 (full 0):
 garbage-first heap   total 189440K, used 160195K [0x0000000080000000, 0x0000000100000000)
  region size 1024K, 19 young (19456K), 2 survivors (2048K)
 Metaspace       used 115087K, capacity 118660K, committed 118768K, reserved 1153024K
  class space    used 14246K, capacity 15487K, committed 15488K, reserved 1048576K
}
Event: 826.091 GC heap after
{Heap after GC invocations=91 (full 0):
 garbage-first heap   total 189440K, used 144983K [0x0000000080000000, 0x0000000100000000)
  region size 1024K, 3 young (3072K), 3 survivors (3072K)
 Metaspace       used 115087K, capacity 118660K, committed 118768K, reserved 1153024K
  class space    used 14246K, capacity 15487K, committed 15488K, reserved 1048576K
}
Event: 826.964 GC heap before
{Heap before GC invocations=92 (full 0):
 garbage-first heap   total 189440K, used 161367K [0x0000000080000000, 0x0000000100000000)
  region size 1024K, 20 young (20480K), 3 survivors (3072K)
 Metaspace       used 115090K, capacity 118724K, committed 118768K, reserved 1153024K
  class space    used 14246K, capacity 15487K, committed 15488K, reserved 1048576K
}
Event: 826.972 GC heap after
{Heap after GC invocations=93 (full 0):
 garbage-first heap   total 189440K, used 146452K [0x0000000080000000, 0x0000000100000000)
  region size 1024K, 3 young (3072K), 3 survivors (3072K)
 Metaspace       used 115090K, capacity 118724K, committed 118768K, reserved 1153024K
  class space    used 14246K, capacity 15487K, committed 15488K, reserved 1048576K
}
Event: 827.066 GC heap before
{Heap before GC invocations=93 (full 0):
 garbage-first heap   total 189440K, used 152596K [0x0000000080000000, 0x0000000100000000)
  region size 1024K, 9 young (9216K), 3 survivors (3072K)
 Metaspace       used 115094K, capacity 118724K, committed 118768K, reserved 1153024K
  class space    used 14246K, capacity 15487K, committed 15488K, reserved 1048576K
}
Event: 827.076 GC heap after
{Heap after GC invocations=94 (full 0):
 garbage-first heap   total 189440K, used 146480K [0x0000000080000000, 0x0000000100000000)
  region size 1024K, 1 young (1024K), 1 survivors (1024K)
 Metaspace       used 115094K, capacity 118724K, committed 118768K, reserved 1153024K
  class space    used 14246K, capacity 15487K, committed 15488K, reserved 1048576K
}
Event: 827.375 GC heap before
{Heap before GC invocations=94 (full 0):
 garbage-first heap   total 189440K, used 162864K [0x0000000080000000, 0x0000000100000000)
  region size 1024K, 17 young (17408K), 1 survivors (1024K)
 Metaspace       used 115114K, capacity 118724K, committed 118768K, reserved 1153024K
  class space    used 14246K, capacity 15487K, committed 15488K, reserved 1048576K
}
Event: 827.383 GC heap after
{Heap after GC invocations=95 (full 0):
 garbage-first heap   total 189440K, used 146647K [0x0000000080000000, 0x0000000100000000)
  region size 1024K, 1 young (1024K), 1 survivors (1024K)
 Metaspace       used 115114K, capacity 118724K, committed 118768K, reserved 1153024K
  class space    used 14246K, capacity 15487K, committed 15488K, reserved 1048576K
}
Event: 827.895 GC heap before
{Heap before GC invocations=95 (full 0):
 garbage-first heap   total 189440K, used 162007K [0x0000000080000000, 0x0000000100000000)
  region size 1024K, 17 young (17408K), 1 survivors (1024K)
 Metaspace       used 115114K, capacity 118724K, committed 118768K, reserved 1153024K
  class space    used 14246K, capacity 15487K, committed 15488K, reserved 1048576K
}
Event: 827.901 GC heap after
{Heap after GC invocations=96 (full 0):
 garbage-first heap   total 227328K, used 146837K [0x0000000080000000, 0x0000000100000000)
  region size 1024K, 1 young (1024K), 1 survivors (1024K)
 Metaspace       used 115114K, capacity 118724K, committed 118768K, reserved 1153024K
  class space    used 14246K, capacity 15487K, committed 15488K, reserved 1048576K
}

Deoptimization events (20 events):
Event: 823.133 Thread 0x0000021bdc002000 DEOPT PACKING pc=0x0000021bcc065498 sp=0x0000004c137fa560
Event: 823.133 Thread 0x0000021bdc002000 DEOPT UNPACKING pc=0x0000021bc45b74af sp=0x0000004c137fa4f8 mode 2
Event: 823.172 Thread 0x0000021bdc002000 Uncommon trap: trap_request=0xffffff4d fr.pc=0x0000021bcc30202c relative=0x000000000000054c
Event: 823.172 Thread 0x0000021bdc002000 Uncommon trap: reason=unstable_if action=reinterpret pc=0x0000021bcc30202c method=java.lang.StringCoding.decodeUTF8([BIIZ)Ljava/lang/StringCoding$Result; @ 12 c2
Event: 823.172 Thread 0x0000021bdc002000 DEOPT PACKING pc=0x0000021bcc30202c sp=0x0000004c137fa840
Event: 823.172 Thread 0x0000021bdc002000 DEOPT UNPACKING pc=0x0000021bc45b74af sp=0x0000004c137fa800 mode 2
Event: 823.245 Thread 0x0000021bdc002000 DEOPT PACKING pc=0x0000021bc4b5f23c sp=0x0000004c137fa480
Event: 823.245 Thread 0x0000021bdc002000 DEOPT UNPACKING pc=0x0000021bc45b72ce sp=0x0000004c137f98e0 mode 0
Event: 824.203 Thread 0x0000021bdc002000 Uncommon trap: trap_request=0xffffff4d fr.pc=0x0000021bccc16af8 relative=0x0000000000001e98
Event: 824.203 Thread 0x0000021bdc002000 Uncommon trap: reason=unstable_if action=reinterpret pc=0x0000021bccc16af8 method=org.apache.xerces.impl.XMLNSDocumentScannerImpl.scanAttribute(Lorg/apache/xerces/util/XMLAttributesImpl;)V @ 268 c2
Event: 824.203 Thread 0x0000021bdc002000 DEOPT PACKING pc=0x0000021bccc16af8 sp=0x0000004c137fa360
Event: 824.203 Thread 0x0000021bdc002000 DEOPT UNPACKING pc=0x0000021bc45b74af sp=0x0000004c137fa338 mode 2
Event: 824.428 Thread 0x0000021bdc002000 DEOPT PACKING pc=0x0000021bc68f3aa2 sp=0x0000004c137fa0d0
Event: 824.428 Thread 0x0000021bdc002000 DEOPT UNPACKING pc=0x0000021bc45b72ce sp=0x0000004c137f9600 mode 0
Event: 825.646 Thread 0x0000021bdc002000 DEOPT PACKING pc=0x0000021bc6a07393 sp=0x0000004c137fa080
Event: 825.646 Thread 0x0000021bdc002000 DEOPT UNPACKING pc=0x0000021bc45b72ce sp=0x0000004c137f9558 mode 0
Event: 827.787 Thread 0x0000021bdc002000 DEOPT PACKING pc=0x0000021bc69ca907 sp=0x0000004c137fa1a0
Event: 827.787 Thread 0x0000021bdc002000 DEOPT UNPACKING pc=0x0000021bc45b72ce sp=0x0000004c137f96b0 mode 0
Event: 827.971 Thread 0x0000021bdc002000 DEOPT PACKING pc=0x0000021bc6872da0 sp=0x0000004c137fa420
Event: 827.971 Thread 0x0000021bdc002000 DEOPT UNPACKING pc=0x0000021bc45b72ce sp=0x0000004c137f99e8 mode 0

Classes redefined (0 events):
No events

Internal exceptions (20 events):
Event: 473.896 Thread 0x0000021be4ba6800 Exception <a 'sun/nio/fs/WindowsException'{0x000000008a329d60}> (0x000000008a329d60) thrown at [./src/hotspot/share/prims/jni.cpp, line 615]
Event: 473.903 Thread 0x0000021be091d800 Exception <a 'java/lang/ClassNotFoundException'{0x000000008a372038}: build_eno2p63z4qkzy7o2fyg5xpjpkBeanInfo> (0x000000008a372038) thrown at [./src/hotspot/share/classfile/systemDictionary.cpp, line 231]
Event: 473.903 Thread 0x0000021be091d800 Exception <a 'java/lang/ClassNotFoundException'{0x000000008a37ade0}: build_eno2p63z4qkzy7o2fyg5xpjpkCustomizer> (0x000000008a37ade0) thrown at [./src/hotspot/share/classfile/systemDictionary.cpp, line 231]
Event: 473.914 Thread 0x0000021be091d800 Exception <a 'java/lang/ClassNotFoundException'{0x000000008a3ea978}: build_eno2p63z4qkzy7o2fyg5xpjpk$_run_closure1$_closure4BeanInfo> (0x000000008a3ea978) thrown at [./src/hotspot/share/classfile/systemDictionary.cpp, line 231]
Event: 473.914 Thread 0x0000021be091d800 Exception <a 'java/lang/ClassNotFoundException'{0x000000008a3f6de0}: build_eno2p63z4qkzy7o2fyg5xpjpk$_run_closure1$_closure4Customizer> (0x000000008a3f6de0) thrown at [./src/hotspot/share/classfile/systemDictionary.cpp, line 231]
Event: 473.917 Thread 0x0000021be091d800 Exception <a 'java/lang/ClassNotFoundException'{0x000000008a2203c8}: build_eno2p63z4qkzy7o2fyg5xpjpk$_run_closure1BeanInfo> (0x000000008a2203c8) thrown at [./src/hotspot/share/classfile/systemDictionary.cpp, line 231]
Event: 473.917 Thread 0x0000021be091d800 Exception <a 'java/lang/ClassNotFoundException'{0x000000008a22c038}: build_eno2p63z4qkzy7o2fyg5xpjpk$_run_closure1Customizer> (0x000000008a22c038) thrown at [./src/hotspot/share/classfile/systemDictionary.cpp, line 231]
Event: 474.401 Thread 0x0000021be091d800 Exception <a 'sun/nio/fs/WindowsException'{0x000000008b85eab0}> (0x000000008b85eab0) thrown at [./src/hotspot/share/prims/jni.cpp, line 615]
Event: 474.671 Thread 0x0000021be091d800 Exception <a 'java/lang/reflect/InvocationTargetException'{0x000000008b37bfd8}> (0x000000008b37bfd8) thrown at [./src/hotspot/share/runtime/reflection.cpp, line 1247]
Event: 784.169 Thread 0x0000021be0920000 Exception <a 'java/lang/ClassNotFoundException'{0x0000000089ae81e8}: ijresolvers_dmdcmgzkya011ndsuj5xq5z0fBeanInfo> (0x0000000089ae81e8) thrown at [./src/hotspot/share/classfile/systemDictionary.cpp, line 231]
Event: 784.170 Thread 0x0000021be0920000 Exception <a 'java/lang/ClassNotFoundException'{0x0000000089af18b0}: ijresolvers_dmdcmgzkya011ndsuj5xq5z0fCustomizer> (0x0000000089af18b0) thrown at [./src/hotspot/share/classfile/systemDictionary.cpp, line 231]
Event: 784.176 Thread 0x0000021be0920000 Exception <a 'java/lang/ClassNotFoundException'{0x00000000899550d8}: org/gradle/execution/taskgraph/DefaultTaskExecutionGraphBeanInfo> (0x00000000899550d8) thrown at [./src/hotspot/share/classfile/systemDictionary.cpp, line 231]
Event: 784.177 Thread 0x0000021be0920000 Exception <a 'java/lang/ClassNotFoundException'{0x0000000089973018}: org/gradle/execution/taskgraph/DefaultTaskExecutionGraphCustomizer> (0x0000000089973018) thrown at [./src/hotspot/share/classfile/systemDictionary.cpp, line 231]
Event: 784.856 Thread 0x0000021be0920000 Exception <a 'java/lang/NoSuchMethodError'{0x000000008b0c7ce0}: 'void java.lang.invoke.DirectMethodHandle$Holder.invokeVirtual(java.lang.Object, java.lang.Object)'> (0x000000008b0c7ce0) thrown at [./src/hotspot/share/interpreter/linkResolver.cpp, line 773]
Event: 784.884 Thread 0x0000021be0920000 Exception <a 'java/lang/NoSuchMethodError'{0x000000008af72178}: 'void java.lang.invoke.DirectMethodHandle$Holder.invokeStatic(java.lang.Object, java.lang.Object, java.lang.Object, int)'> (0x000000008af72178) thrown at [./src/hotspot/share/interpreter/linkResolver.cpp, line 773]
Event: 784.885 Thread 0x0000021be0920000 Exception <a 'java/lang/NoSuchMethodError'{0x000000008af761c8}: 'void java.lang.invoke.DirectMethodHandle$Holder.invokeStaticInit(java.lang.Object, java.lang.Object, java.lang.Object, int)'> (0x000000008af761c8) thrown at [./src/hotspot/share/interpreter/linkResolver.cpp, line 773]
Event: 818.790 Thread 0x0000021be0920000 Exception <a 'sun/nio/fs/WindowsException'{0x000000008a96b128}> (0x000000008a96b128) thrown at [./src/hotspot/share/prims/jni.cpp, line 615]
Event: 821.302 Thread 0x0000021bdc002000 Exception <a 'java/lang/NoSuchMethodError'{0x000000008a703ca0}: 'java.lang.Object java.lang.invoke.DirectMethodHandle$Holder.invokeSpecial(java.lang.Object, java.lang.Object, int, java.lang.Object, java.lang.Object)'> (0x000000008a703ca0) thrown at [./src/hotspot/share/interpreter/linkResolver.cpp, line 773]
Event: 821.303 Thread 0x0000021bdc002000 Exception <a 'java/lang/NoSuchMethodError'{0x000000008a70c230}: 'java.lang.Object java.lang.invoke.DirectMethodHandle$Holder.invokeStatic(java.lang.Object, java.lang.Object, int, java.lang.Object)'> (0x000000008a70c230) thrown at [./src/hotspot/share/interpreter/linkResolver.cpp, line 773]
Event: 821.304 Thread 0x0000021bdc002000 Exception <a 'java/lang/NoSuchMethodError'{0x000000008a70ff28}: 'java.lang.Object java.lang.invoke.Invokers$Holder.linkToTargetMethod(java.lang.Object, int, java.lang.Object, java.lang.Object)'> (0x000000008a70ff28) thrown at [./src/hotspot/share/interpreter/linkResolver.cpp, line 773]

Events (20 events):
Event: 826.091 Executing VM operation: G1CollectForAllocation done
Event: 826.202 Executing VM operation: CGC_Operation
Event: 826.203 Executing VM operation: CGC_Operation done
Event: 826.349 Thread 0x0000021bdbfff800 Thread exited: 0x0000021bdbfff800
Event: 826.963 Executing VM operation: G1CollectForAllocation
Event: 826.972 Executing VM operation: G1CollectForAllocation done
Event: 827.065 Executing VM operation: G1CollectForAllocation
Event: 827.076 Executing VM operation: G1CollectForAllocation done
Event: 827.375 Executing VM operation: G1CollectForAllocation
Event: 827.383 Executing VM operation: G1CollectForAllocation done
Event: 827.839 Executing VM operation: CGC_Operation
Event: 827.860 Executing VM operation: CGC_Operation done
Event: 827.894 Executing VM operation: G1CollectForAllocation
Event: 827.901 Executing VM operation: G1CollectForAllocation done
Event: 827.947 loading class org/gradle/workers/internal/WorkerDaemonExpiration$SimpleMemoryExpirationSelector
Event: 827.947 loading class org/gradle/workers/internal/WorkerDaemonExpiration$SimpleMemoryExpirationSelector done
Event: 827.948 loading class org/gradle/workers/internal/WorkerDaemonClient
Event: 827.948 loading class org/gradle/workers/internal/WorkerDaemonClient done
Event: 828.102 Executing VM operation: CGC_Operation
Event: 828.104 Executing VM operation: CGC_Operation done


Dynamic libraries:
0x00007ff7299d0000 - 0x00007ff7299da000 	E:\Program Files\Android\Android Studio\jre\bin\java.exe
0x00007ff82e300000 - 0x00007ff82e4f0000 	C:\Windows\SYSTEM32\ntdll.dll
0x00007fffecd30000 - 0x00007fffecd64000 	C:\Program Files\AVAST Software\Avast\x64\aswhooka.dll
0x00007ff82d160000 - 0x00007ff82d212000 	C:\Windows\System32\KERNEL32.DLL
0x00007ff82b320000 - 0x00007ff82b5c5000 	C:\Windows\System32\KERNELBASE.dll
0x00007ff82b5d0000 - 0x00007ff82b6ca000 	C:\Windows\System32\ucrtbase.dll
0x00007ff8276a0000 - 0x00007ff8276b9000 	E:\Program Files\Android\Android Studio\jre\bin\jli.dll
0x00007ff82d2a0000 - 0x00007ff82d434000 	C:\Windows\System32\USER32.dll
0x00007ff82c1c0000 - 0x00007ff82c1e1000 	C:\Windows\System32\win32u.dll
0x00007ff82d440000 - 0x00007ff82d466000 	C:\Windows\System32\GDI32.dll
0x00007ff82c1f0000 - 0x00007ff82c386000 	C:\Windows\System32\gdi32full.dll
0x00007ff82b810000 - 0x00007ff82b8ae000 	C:\Windows\System32\msvcp_win.dll
0x00007ff827680000 - 0x00007ff827697000 	E:\Program Files\Android\Android Studio\jre\bin\VCRUNTIME140.dll
0x00007ff81a130000 - 0x00007ff81a3b4000 	C:\Windows\WinSxS\amd64_microsoft.windows.common-controls_6595b64144ccf1df_6.0.18362.1256_none_9e7e379be45e40e2\COMCTL32.dll
0x00007ff82d740000 - 0x00007ff82d7de000 	C:\Windows\System32\msvcrt.dll
0x00007ff82d7e0000 - 0x00007ff82db16000 	C:\Windows\System32\combase.dll
0x00007ff82dc50000 - 0x00007ff82dd70000 	C:\Windows\System32\RPCRT4.dll
0x00007ff82b6d0000 - 0x00007ff82b751000 	C:\Windows\System32\bcryptPrimitives.dll
0x00007ff82de20000 - 0x00007ff82de4e000 	C:\Windows\System32\IMM32.DLL
0x00007ff80c800000 - 0x00007ff80c89d000 	E:\Program Files\Android\Android Studio\jre\bin\msvcp140.dll
0x00007fffeb4a0000 - 0x00007fffebf5c000 	E:\Program Files\Android\Android Studio\jre\bin\server\jvm.dll
0x00007ff82c5b0000 - 0x00007ff82c653000 	C:\Windows\System32\ADVAPI32.dll
0x00007ff82c3b0000 - 0x00007ff82c447000 	C:\Windows\System32\sechost.dll
0x00007ff82d470000 - 0x00007ff82d478000 	C:\Windows\System32\PSAPI.DLL
0x00007ff805420000 - 0x00007ff805429000 	C:\Windows\SYSTEM32\WSOCK32.dll
0x00007ff82c750000 - 0x00007ff82c7bf000 	C:\Windows\System32\WS2_32.dll
0x00007ff828e10000 - 0x00007ff828e34000 	C:\Windows\SYSTEM32\WINMM.dll
0x00007ff8237f0000 - 0x00007ff8237fa000 	C:\Windows\SYSTEM32\VERSION.dll
0x00007ff828de0000 - 0x00007ff828e0d000 	C:\Windows\SYSTEM32\WINMMBASE.dll
0x00007ff82b760000 - 0x00007ff82b7aa000 	C:\Windows\System32\cfgmgr32.dll
0x00007ff82b1d0000 - 0x00007ff82b1e1000 	C:\Windows\System32\kernel.appcore.dll
0x00007fffee0a0000 - 0x00007fffee0b1000 	E:\Program Files\Android\Android Studio\jre\bin\verify.dll
0x00007ff829a40000 - 0x00007ff829c34000 	C:\Windows\SYSTEM32\DBGHELP.DLL
0x00007ff817ee0000 - 0x00007ff817f0a000 	C:\Windows\SYSTEM32\dbgcore.DLL
0x00007fffee020000 - 0x00007fffee049000 	E:\Program Files\Android\Android Studio\jre\bin\java.dll
0x00007fffee090000 - 0x00007fffee09b000 	E:\Program Files\Android\Android Studio\jre\bin\jimage.dll
0x00007fffeb480000 - 0x00007fffeb498000 	E:\Program Files\Android\Android Studio\jre\bin\zip.dll
0x00007ff82ca70000 - 0x00007ff82d157000 	C:\Windows\System32\SHELL32.dll
0x00007ff82dd70000 - 0x00007ff82de19000 	C:\Windows\System32\shcore.dll
0x00007ff82ba30000 - 0x00007ff82c1b1000 	C:\Windows\System32\windows.storage.dll
0x00007ff82b240000 - 0x00007ff82b263000 	C:\Windows\System32\profapi.dll
0x00007ff82b1f0000 - 0x00007ff82b23a000 	C:\Windows\System32\powrprof.dll
0x00007ff82b1a0000 - 0x00007ff82b1b0000 	C:\Windows\System32\UMPDC.dll
0x00007ff82d530000 - 0x00007ff82d582000 	C:\Windows\System32\shlwapi.dll
0x00007ff82c390000 - 0x00007ff82c3a7000 	C:\Windows\System32\cryptsp.dll
0x00007fffeb460000 - 0x00007fffeb47a000 	E:\Program Files\Android\Android Studio\jre\bin\net.dll
0x00007ff819c40000 - 0x00007ff819d30000 	C:\Windows\SYSTEM32\WINHTTP.dll
0x00007ff82a990000 - 0x00007ff82a9f7000 	C:\Windows\system32\mswsock.dll
0x00007fffeb440000 - 0x00007fffeb454000 	E:\Program Files\Android\Android Studio\jre\bin\nio.dll
0x00007ff8276f0000 - 0x00007ff827717000 	C:\Users\hp\.gradle\native\fdc75f09e3144964f2cf3f50f0aa648679c211496f362492102eb8c894070792\windows-amd64\native-platform.dll
0x00007ffff3890000 - 0x00007ffff3a26000 	C:\Users\hp\.gradle\native\12488b8bf47d2d4c9fbf2f6322a914ad602e24e48041cd04a747c6da556b65c4\windows-amd64\native-platform-file-events.dll
0x00007fffee060000 - 0x00007fffee06a000 	E:\Program Files\Android\Android Studio\jre\bin\management.dll
0x00007fffeb410000 - 0x00007fffeb41c000 	E:\Program Files\Android\Android Studio\jre\bin\management_ext.dll
0x00007ff82a500000 - 0x00007ff82a533000 	C:\Windows\system32\rsaenh.dll
0x00007ff82b8b0000 - 0x00007ff82b8d6000 	C:\Windows\System32\bcrypt.dll
0x00007ff82b0c0000 - 0x00007ff82b0e5000 	C:\Windows\SYSTEM32\USERENV.dll
0x00007ff82ab60000 - 0x00007ff82ab6c000 	C:\Windows\SYSTEM32\CRYPTBASE.dll
0x00007ff82a6a0000 - 0x00007ff82a6da000 	C:\Windows\SYSTEM32\IPHLPAPI.DLL
0x00007ff82d220000 - 0x00007ff82d228000 	C:\Windows\System32\NSI.dll
0x00007ff81c830000 - 0x00007ff81c846000 	C:\Windows\SYSTEM32\dhcpcsvc6.DLL
0x00007ff81c900000 - 0x00007ff81c91c000 	C:\Windows\SYSTEM32\dhcpcsvc.DLL
0x00007ff82a6f0000 - 0x00007ff82a7bb000 	C:\Windows\SYSTEM32\DNSAPI.dll
0x00007ff820a70000 - 0x00007ff820a7b000 	C:\Windows\SYSTEM32\WINNSI.DLL
0x00007fffdb8b0000 - 0x00007fffdb8d7000 	E:\Program Files\Android\Android Studio\jre\bin\sunec.dll
0x00007ff8179a0000 - 0x00007ff8179aa000 	C:\Windows\System32\rasadhlp.dll
0x00007ff81c690000 - 0x00007ff81c707000 	C:\Windows\System32\fwpuclnt.dll

dbghelp: loaded successfully - version: 4.0.5 - missing functions: none
symbol engine: initialized successfully - sym options: 0x614 - pdb path: .;E:\Program Files\Android\Android Studio\jre\bin;C:\Windows\SYSTEM32;C:\Program Files\AVAST Software\Avast\x64;C:\Windows\WinSxS\amd64_microsoft.windows.common-controls_6595b64144ccf1df_6.0.18362.1256_none_9e7e379be45e40e2;E:\Program Files\Android\Android Studio\jre\bin\server;C:\Users\hp\.gradle\native\fdc75f09e3144964f2cf3f50f0aa648679c211496f362492102eb8c894070792\windows-amd64;C:\Users\hp\.gradle\native\12488b8bf47d2d4c9fbf2f6322a914ad602e24e48041cd04a747c6da556b65c4\windows-amd64

VM Arguments:
jvm_args: --add-opens=java.base/java.util=ALL-UNNAMED --add-opens=java.base/java.lang=ALL-UNNAMED --add-opens=java.base/java.lang.invoke=ALL-UNNAMED --add-opens=java.prefs/java.util.prefs=ALL-UNNAMED -Xmx2048m -Dfile.encoding=UTF-8 -Duser.country=US -Duser.language=en -Duser.variant 
java_command: org.gradle.launcher.daemon.bootstrap.GradleDaemon 6.7.1
java_class_path (initial): C:\Users\hp\.gradle\wrapper\dists\gradle-6.7.1-bin\bwlcbys1h7rz3272sye1xwiv6\gradle-6.7.1\lib\gradle-launcher-6.7.1.jar
Launcher Type: SUN_STANDARD

[Global flags]
     intx CICompilerCount                          = 3                                         {product} {ergonomic}
     uint ConcGCThreads                            = 1                                         {product} {ergonomic}
     uint G1ConcRefinementThreads                  = 4                                         {product} {ergonomic}
   size_t G1HeapRegionSize                         = 1048576                                   {product} {ergonomic}
    uintx GCDrainStackTargetSize                   = 64                                        {product} {ergonomic}
   size_t InitialHeapSize                          = 134217728                                 {product} {ergonomic}
   size_t MarkStackSize                            = 4194304                                   {product} {ergonomic}
   size_t MaxHeapSize                              = 2147483648                                {product} {command line}
   size_t MaxNewSize                               = 1287651328                                {product} {ergonomic}
   size_t MinHeapDeltaBytes                        = 1048576                                   {product} {ergonomic}
    uintx NonNMethodCodeHeapSize                   = 5830732                                {pd product} {ergonomic}
    uintx NonProfiledCodeHeapSize                  = 122913754                              {pd product} {ergonomic}
    uintx ProfiledCodeHeapSize                     = 122913754                              {pd product} {ergonomic}
    uintx ReservedCodeCacheSize                    = 251658240                              {pd product} {ergonomic}
     bool SegmentedCodeCache                       = true                                      {product} {ergonomic}
     bool UseCompressedClassPointers               = true                                 {lp64_product} {ergonomic}
     bool UseCompressedOops                        = true                                 {lp64_product} {ergonomic}
     bool UseG1GC                                  = true                                      {product} {ergonomic}
     bool UseLargePagesIndividualAllocation        = false                                  {pd product} {ergonomic}

Logging:
Log output configuration:
 #0: stdout all=warning uptime,level,tags
 #1: stderr all=off uptime,level,tags

Environment Variables:
JAVA_HOME=C:\Program Files\Java\jdk-17.0.1
PATH=C:\ffmpeg\bin;C:\Program Files\Common Files\Oracle\Java\javapath;C:\Python310\Scripts\;C:\Python310\;C:\ProgramData\Oracle\Java\javapath;C:\Windows\system32;C:\Windows;C:\Windows\System32\Wbem;C:\Windows\System32\WindowsPowerShell\v1.0\;C:\Windows\System32\OpenSSH\;C:\Program Files\Java\jdk-17\bin;C:\Program Files\Microsoft SQL Server\Client SDK\ODBC\110\Tools\Binn\;C:\Program Files\Microsoft SQL Server\Client SDK\ODBC\170\Tools\Binn\;C:\ProgramData\chocolatey\bin;C:\Program Files\Java\jdk-17.0.1\bin;C:\Program Files\Azure Data Studio\bin;C:\Program Files\dotnet\;C:\Program Files\Git\cmd;C:\Program Files\nodejs\;C:\Users\hp\AppData\Local\Microsoft\WindowsApps;D:\Microsoft VS Code\bin;C:\Users\hp\AppData\Local\Android\Sdk\platform-tools;C:\Users\hp\AppData\Local\Microsoft\WindowsApps;D:\Microsoft VS Code\bin;C:\Program Files\Azure Data Studio\bin;C:\Users\hp\AppData\Local\Android\Sdk\platform-tools;;C:\Users\hp\AppData\Local\Programs\Microsoft VS Code\bin;C:\Users\hp\.dotnet\tools;C:\Users\hp\AppData\Roaming\npm
USERNAME=hp
OS=Windows_NT
PROCESSOR_IDENTIFIER=Intel64 Family 6 Model 142 Stepping 9, GenuineIntel



---------------  S Y S T E M  ---------------

OS: Windows 10 , 64 bit Build 18362 (10.0.18362.1110)
OS uptime: 0 days 0:26 hours

CPU:total 4 (initial active 4) (2 cores per cpu, 2 threads per core) family 6 model 142 stepping 9, cmov, cx8, fxsr, mmx, sse, sse2, sse3, ssse3, sse4.1, sse4.2, popcnt, avx, avx2, aes, clmul, erms, 3dnowpref, lzcnt, ht, tsc, tscinvbit, bmi1, bmi2, adx, fma

Memory: 4k page, system-wide physical 8078M (403M free)
TotalPageFile size 8078M (AvailPageFile size 0M)
current process WorkingSet (physical memory assigned to process): 415M, peak: 505M
current process commit charge ("private bytes"): 541M, peak: 572M

vm_info: OpenJDK 64-Bit Server VM (11.0.8+10-b944.6842174) for windows-amd64 JRE (11.0.8+10-b944.6842174), built on Sep 19 2020 01:11:42 by "builder" with MS VC++ 14.0 (VS2015)

END.
