#
# There is insufficient memory for the Java Runtime Environment to continue.
# Native memory allocation (mmap) failed to map 92274688 bytes for Failed to commit area from 0x0000000091a00000 to 0x0000000097200000 of length 92274688.
# Possible reasons:
#   The system is out of physical RAM or swap space
#   The process is running with CompressedOops enabled, and the Java Heap may be blocking the growth of the native heap
# Possible solutions:
#   Reduce memory load on the system
#   Increase physical memory or swap space
#   Check if swap backing store is full
#   Decrease Java heap size (-Xmx/-Xms)
#   Decrease number of Java threads
#   Decrease Java thread stack sizes (-Xss)
#   Set larger code cache with -XX:ReservedCodeCacheSize=
#   JVM is running with Unscaled Compressed Oops mode in which the Java heap is
#     placed in the first 4GB address space. The Java Heap base address is the
#     maximum limit for the native heap growth. Please use -XX:HeapBaseMinAddress
#     to set the Java Heap base and to place the Java Heap above 4GB virtual address.
# This output file may be truncated or incomplete.
#
#  Out of Memory Error (./src/hotspot/os/windows/os_windows.cpp:3303), pid=12172, tid=3792
#
# JRE version: OpenJDK Runtime Environment (11.0.8+10) (build 11.0.8+10-b944.6842174)
# Java VM: OpenJDK 64-Bit Server VM (11.0.8+10-b944.6842174, mixed mode, tiered, compressed oops, g1 gc, windows-amd64)
# No core dump will be written. Minidumps are not enabled by default on client versions of Windows
#

---------------  S U M M A R Y ------------

Command Line: --add-opens=java.base/java.util=ALL-UNNAMED --add-opens=java.base/java.lang=ALL-UNNAMED --add-opens=java.base/java.lang.invoke=ALL-UNNAMED --add-opens=java.prefs/java.util.prefs=ALL-UNNAMED -Xmx2048m -Dfile.encoding=UTF-8 -Duser.country=US -Duser.language=en -Duser.variant org.gradle.launcher.daemon.bootstrap.GradleDaemon 6.7.1

Host: Intel(R) Core(TM) i5-7200U CPU @ 2.50GHz, 4 cores, 7G,  Windows 10 , 64 bit Build 18362 (10.0.18362.1110)
Time: Mon May 23 18:12:06 2022 Morocco Daylight Time elapsed time: 36 seconds (0d 0h 0m 36s)

---------------  T H R E A D  ---------------

Current thread (0x000001ed5e6e9800):  VMThread "VM Thread" [stack: 0x00000060db000000,0x00000060db100000] [id=3792]

Stack: [0x00000060db000000,0x00000060db100000]
[error occurred during error reporting (printing stack bounds), id 0xc0000005, EXCEPTION_ACCESS_VIOLATION (0xc0000005) at pc=0x000001ed485f0dad]

Native frames: (J=compiled Java code, j=interpreted, Vv=VM code, C=native code)
V  [jvm.dll+0x5de50a]
V  [jvm.dll+0x7122f5]
V  [jvm.dll+0x71384d]
V  [jvm.dll+0x713e65]
V  [jvm.dll+0x713e1b]
V  [jvm.dll+0x5dd958]
V  [jvm.dll+0x5de0f8]
C  [ntdll.dll+0xa184f]
C  [ntdll.dll+0x6a889]
C  [ntdll.dll+0xa04be]
C  0x000001ed485f0dad

VM_Operation (0x00000060e4cfe2e0): G1CollectForAllocation, mode: safepoint, requested by thread 0x000001ed648ce000


---------------  P R O C E S S  ---------------

Threads class SMR info:
_java_thread_list=0x000001ed65318a00, length=151, elements={
0x000001ed44c7f800, 0x000001ed5e6ee000, 0x000001ed5e6ef000, 0x000001ed5f062800,
0x000001ed5f063800, 0x000001ed5f065800, 0x000001ed5f06f000, 0x000001ed5e704800,
0x000001ed5f1b7000, 0x000001ed5f1e9000, 0x000001ed603ef000, 0x000001ed607df800,
0x000001ed60a02000, 0x000001ed604e0800, 0x000001ed612ec000, 0x000001ed6085d000,
0x000001ed604ea000, 0x000001ed604f0800, 0x000001ed604eb000, 0x000001ed609dc000,
0x000001ed6087e800, 0x000001ed6087e000, 0x000001ed6087d000, 0x000001ed6087a800,
0x000001ed6087b800, 0x000001ed6087c000, 0x000001ed60879000, 0x000001ed6087f800,
0x000001ed63362000, 0x000001ed63364800, 0x000001ed63363800, 0x000001ed63361000,
0x000001ed63366000, 0x000001ed63360000, 0x000001ed6336a000, 0x000001ed63368800,
0x000001ed6336b800, 0x000001ed63369000, 0x000001ed6336b000, 0x000001ed6336c800,
0x000001ed63366800, 0x000001ed6336d000, 0x000001ed63367800, 0x000001ed6336f000,
0x000001ed6336e000, 0x000001ed5f425000, 0x000001ed5f422800, 0x000001ed5f426000,
0x000001ed5f422000, 0x000001ed5f424800, 0x000001ed5f420800, 0x000001ed5f423800,
0x000001ed5f427000, 0x000001ed5f421000, 0x000001ed5f428800, 0x000001ed5f42d800,
0x000001ed5f42b800, 0x000001ed5f42a000, 0x000001ed5f429800, 0x000001ed5f42b000,
0x000001ed5f42c800, 0x000001ed5f427800, 0x000001ed5f42e000, 0x000001ed5f42f000,
0x000001ed5fc96800, 0x000001ed5fc92000, 0x000001ed5fc94800, 0x000001ed5fc95800,
0x000001ed5fc90800, 0x000001ed5fc94000, 0x000001ed5fc91800, 0x000001ed5fc97000,
0x000001ed5fc98000, 0x000001ed5fc98800, 0x000001ed5fc93000, 0x000001ed5fc9c000,
0x000001ed5fc9f800, 0x000001ed5fc9d000, 0x000001ed5fc9a800, 0x000001ed5fc9b000,
0x000001ed5fc9d800, 0x000001ed5fc9e800, 0x000001ed5fc99800, 0x000001ed610f7000,
0x000001ed610fc000, 0x000001ed610fb000, 0x000001ed610f8000, 0x000001ed610f8800,
0x000001ed610fd000, 0x000001ed610f9800, 0x000001ed610ff800, 0x000001ed610fe800,
0x000001ed61100000, 0x000001ed610fd800, 0x000001ed610fa800, 0x000001ed61101000,
0x000001ed61104000, 0x000001ed61105000, 0x000001ed61106000, 0x000001ed61103800,
0x000001ed61101800, 0x000001ed61102800, 0x000001ed611f6800, 0x000001ed611fb800,
0x000001ed611f7800, 0x000001ed611f9000, 0x000001ed611fa000, 0x000001ed611fc800,
0x000001ed611fa800, 0x000001ed611f8000, 0x000001ed611fd000, 0x000001ed61684800,
0x000001ed61685800, 0x000001ed61686800, 0x000001ed61688000, 0x000001ed61687000,
0x000001ed61682800, 0x000001ed61684000, 0x000001ed61689000, 0x000001ed61683000,
0x000001ed6168f000, 0x000001ed61690000, 0x000001ed6168e800, 0x000001ed6168a800,
0x000001ed61691000, 0x000001ed6168d800, 0x000001ed6168b000, 0x000001ed6168c000,
0x000001ed6168c800, 0x000001ed60115800, 0x000001ed60113000, 0x000001ed60114000,
0x000001ed60116800, 0x000001ed60110800, 0x000001ed60115000, 0x000001ed60111800,
0x000001ed60118000, 0x000001ed60112800, 0x000001ed60119000, 0x000001ed6011d000,
0x000001ed60119800, 0x000001ed6011f800, 0x000001ed6011c000, 0x000001ed6011a800,
0x000001ed6011e800, 0x000001ed6011e000, 0x000001ed648c9000, 0x000001ed648c7000,
0x000001ed648c9800, 0x000001ed648ce000, 0x000001ed63413000
}

Java Threads: ( => current thread )
  0x000001ed44c7f800 JavaThread "main" [_thread_blocked, id=10044, stack(0x00000060daa00000,0x00000060dab00000)]
  0x000001ed5e6ee000 JavaThread "Reference Handler" daemon [_thread_blocked, id=1472, stack(0x00000060db100000,0x00000060db200000)]
  0x000001ed5e6ef000 JavaThread "Finalizer" daemon [_thread_blocked, id=9732, stack(0x00000060db200000,0x00000060db300000)]
  0x000001ed5f062800 JavaThread "Signal Dispatcher" daemon [_thread_blocked, id=9320, stack(0x00000060db300000,0x00000060db400000)]
  0x000001ed5f063800 JavaThread "Attach Listener" daemon [_thread_blocked, id=12084, stack(0x00000060db400000,0x00000060db500000)]
  0x000001ed5f065800 JavaThread "C2 CompilerThread0" daemon [_thread_in_native, id=10180, stack(0x00000060db500000,0x00000060db600000)]
  0x000001ed5f06f000 JavaThread "C1 CompilerThread0" daemon [_thread_blocked, id=10216, stack(0x00000060db600000,0x00000060db700000)]
  0x000001ed5e704800 JavaThread "Sweeper thread" daemon [_thread_blocked, id=6616, stack(0x00000060db700000,0x00000060db800000)]
  0x000001ed5f1b7000 JavaThread "Common-Cleaner" daemon [_thread_blocked, id=5704, stack(0x00000060db800000,0x00000060db900000)]
  0x000001ed5f1e9000 JavaThread "Service Thread" daemon [_thread_blocked, id=5032, stack(0x00000060db900000,0x00000060dba00000)]
  0x000001ed603ef000 JavaThread "Daemon health stats" [_thread_blocked, id=5468, stack(0x00000060dbe00000,0x00000060dbf00000)]
  0x000001ed607df800 JavaThread "Incoming local TCP Connector on port 50726" [_thread_in_native, id=4420, stack(0x00000060dc000000,0x00000060dc100000)]
  0x000001ed60a02000 JavaThread "Daemon periodic checks" [_thread_blocked, id=8112, stack(0x00000060dc100000,0x00000060dc200000)]
  0x000001ed604e0800 JavaThread "Daemon" [_thread_blocked, id=632, stack(0x00000060dc200000,0x00000060dc300000)]
  0x000001ed612ec000 JavaThread "Handler for socket connection from /127.0.0.1:50726 to /127.0.0.1:50727" [_thread_in_native, id=5112, stack(0x00000060dc300000,0x00000060dc400000)]
  0x000001ed6085d000 JavaThread "Cancel handler" [_thread_blocked, id=3932, stack(0x00000060dc400000,0x00000060dc500000)]
  0x000001ed604ea000 JavaThread "Daemon worker" [_thread_blocked, id=2676, stack(0x00000060dc500000,0x00000060dc600000)]
  0x000001ed604f0800 JavaThread "Asynchronous log dispatcher for DefaultDaemonConnection: socket connection from /127.0.0.1:50726 to /127.0.0.1:50727" [_thread_blocked, id=4496, stack(0x00000060dc600000,0x00000060dc700000)]
  0x000001ed604eb000 JavaThread "Stdin handler" [_thread_blocked, id=9408, stack(0x00000060dc700000,0x00000060dc800000)]
  0x000001ed609dc000 JavaThread "Thread-8" [_thread_blocked, id=3220, stack(0x00000060dc800000,0x00000060dc900000)]
  0x000001ed6087e800 JavaThread "Cache worker for file hash cache (C:\Users\hp\.gradle\caches\6.7.1\fileHashes)" [_thread_blocked, id=7880, stack(0x00000060dca00000,0x00000060dcb00000)]
  0x000001ed6087e000 JavaThread "File lock request listener" [_thread_in_native, id=6972, stack(0x00000060dcb00000,0x00000060dcc00000)]
  0x000001ed6087d000 JavaThread "Cache worker for journal cache (C:\Users\hp\.gradle\caches\journal-1)" [_thread_blocked, id=11316, stack(0x00000060dcc00000,0x00000060dcd00000)]
  0x000001ed6087a800 JavaThread "Cache worker for file hash cache (C:\Users\hp\AndroidStudioProjects\myPharmacy\.gradle\6.7.1\fileHashes)" [_thread_blocked, id=9856, stack(0x00000060dce00000,0x00000060dcf00000)]
  0x000001ed6087b800 JavaThread "Cache worker for checksums cache (C:\Users\hp\AndroidStudioProjects\myPharmacy\.gradle\checksums)" [_thread_blocked, id=7588, stack(0x00000060dcf00000,0x00000060dd000000)]
  0x000001ed6087c000 JavaThread "Cache worker for cache directory md-supplier (C:\Users\hp\.gradle\caches\6.7.1\md-supplier)" [_thread_blocked, id=7096, stack(0x00000060dd000000,0x00000060dd100000)]
  0x000001ed60879000 JavaThread "Cache worker for cache directory md-rule (C:\Users\hp\.gradle\caches\6.7.1\md-rule)" [_thread_blocked, id=4168, stack(0x00000060dd100000,0x00000060dd200000)]
  0x000001ed6087f800 JavaThread "Cache worker for execution history cache (C:\Users\hp\.gradle\caches\6.7.1\executionHistory)" [_thread_blocked, id=400, stack(0x00000060dd200000,0x00000060dd300000)]
  0x000001ed63362000 JavaThread "jar transforms" [_thread_blocked, id=6432, stack(0x00000060dd300000,0x00000060dd400000)]
  0x000001ed63364800 JavaThread "Cache worker for file content cache (C:\Users\hp\.gradle\caches\6.7.1\fileContent)" [_thread_blocked, id=396, stack(0x00000060dd400000,0x00000060dd500000)]
  0x000001ed63363800 JavaThread "Cache worker for Build Output Cleanup Cache (C:\Users\hp\AndroidStudioProjects\myPharmacy\.gradle\buildOutputCleanup)" [_thread_blocked, id=7200, stack(0x00000060dd500000,0x00000060dd600000)]
  0x000001ed63361000 JavaThread "Build operations" [_thread_blocked, id=324, stack(0x00000060dd600000,0x00000060dd700000)]
  0x000001ed63366000 JavaThread "Build operations Thread 2" [_thread_blocked, id=7228, stack(0x00000060dd700000,0x00000060dd800000)]
  0x000001ed63360000 JavaThread "Build operations Thread 3" [_thread_blocked, id=204, stack(0x00000060dd800000,0x00000060dd900000)]
  0x000001ed6336a000 JavaThread "Build operations Thread 4" [_thread_blocked, id=404, stack(0x00000060dd900000,0x00000060dda00000)]
  0x000001ed63368800 JavaThread "jar transforms Thread 2" [_thread_blocked, id=7180, stack(0x00000060dda00000,0x00000060ddb00000)]
  0x000001ed6336b800 JavaThread "jar transforms Thread 3" [_thread_blocked, id=7188, stack(0x00000060ddb00000,0x00000060ddc00000)]
  0x000001ed63369000 JavaThread "jar transforms Thread 4" [_thread_blocked, id=7208, stack(0x00000060ddc00000,0x00000060ddd00000)]
  0x000001ed6336b000 JavaThread "jar transforms Thread 5" [_thread_blocked, id=32, stack(0x00000060ddd00000,0x00000060dde00000)]
  0x000001ed6336c800 JavaThread "jar transforms Thread 6" [_thread_blocked, id=328, stack(0x00000060dde00000,0x00000060ddf00000)]
  0x000001ed63366800 JavaThread "jar transforms Thread 7" [_thread_blocked, id=7216, stack(0x00000060ddf00000,0x00000060de000000)]
  0x000001ed6336d000 JavaThread "jar transforms Thread 8" [_thread_blocked, id=232, stack(0x00000060de000000,0x00000060de100000)]
  0x000001ed63367800 JavaThread "jar transforms Thread 9" [_thread_blocked, id=7220, stack(0x00000060de100000,0x00000060de200000)]
  0x000001ed6336f000 JavaThread "jar transforms Thread 10" [_thread_blocked, id=308, stack(0x00000060de200000,0x00000060de300000)]
  0x000001ed6336e000 JavaThread "jar transforms Thread 11" [_thread_blocked, id=1644, stack(0x00000060de300000,0x00000060de400000)]
  0x000001ed5f425000 JavaThread "jar transforms Thread 12" [_thread_blocked, id=5132, stack(0x00000060de400000,0x00000060de500000)]
  0x000001ed5f422800 JavaThread "jar transforms Thread 13" [_thread_blocked, id=3368, stack(0x00000060de500000,0x00000060de600000)]
  0x000001ed5f426000 JavaThread "jar transforms Thread 14" [_thread_blocked, id=6800, stack(0x00000060de600000,0x00000060de700000)]
  0x000001ed5f422000 JavaThread "jar transforms Thread 15" [_thread_blocked, id=1424, stack(0x00000060de700000,0x00000060de800000)]
  0x000001ed5f424800 JavaThread "jar transforms Thread 16" [_thread_blocked, id=4356, stack(0x00000060de800000,0x00000060de900000)]
  0x000001ed5f420800 JavaThread "jar transforms Thread 17" [_thread_blocked, id=2980, stack(0x00000060de900000,0x00000060dea00000)]
  0x000001ed5f423800 JavaThread "jar transforms Thread 18" [_thread_blocked, id=8824, stack(0x00000060dea00000,0x00000060deb00000)]
  0x000001ed5f427000 JavaThread "jar transforms Thread 19" [_thread_blocked, id=3948, stack(0x00000060deb00000,0x00000060dec00000)]
  0x000001ed5f421000 JavaThread "jar transforms Thread 20" [_thread_blocked, id=3500, stack(0x00000060dec00000,0x00000060ded00000)]
  0x000001ed5f428800 JavaThread "jar transforms Thread 21" [_thread_blocked, id=3180, stack(0x00000060ded00000,0x00000060dee00000)]
  0x000001ed5f42d800 JavaThread "jar transforms Thread 22" [_thread_blocked, id=3492, stack(0x00000060dee00000,0x00000060def00000)]
  0x000001ed5f42b800 JavaThread "jar transforms Thread 23" [_thread_blocked, id=11688, stack(0x00000060def00000,0x00000060df000000)]
  0x000001ed5f42a000 JavaThread "jar transforms Thread 24" [_thread_blocked, id=9252, stack(0x00000060df000000,0x00000060df100000)]
  0x000001ed5f429800 JavaThread "jar transforms Thread 25" [_thread_blocked, id=7424, stack(0x00000060df100000,0x00000060df200000)]
  0x000001ed5f42b000 JavaThread "jar transforms Thread 26" [_thread_blocked, id=2132, stack(0x00000060df200000,0x00000060df300000)]
  0x000001ed5f42c800 JavaThread "jar transforms Thread 27" [_thread_blocked, id=1452, stack(0x00000060df300000,0x00000060df400000)]
  0x000001ed5f427800 JavaThread "jar transforms Thread 28" [_thread_blocked, id=8180, stack(0x00000060df400000,0x00000060df500000)]
  0x000001ed5f42e000 JavaThread "jar transforms Thread 29" [_thread_blocked, id=9028, stack(0x00000060df500000,0x00000060df600000)]
  0x000001ed5f42f000 JavaThread "jar transforms Thread 30" [_thread_blocked, id=6960, stack(0x00000060df600000,0x00000060df700000)]
  0x000001ed5fc96800 JavaThread "jar transforms Thread 31" [_thread_blocked, id=7192, stack(0x00000060df700000,0x00000060df800000)]
  0x000001ed5fc92000 JavaThread "jar transforms Thread 32" [_thread_blocked, id=8140, stack(0x00000060df800000,0x00000060df900000)]
  0x000001ed5fc94800 JavaThread "jar transforms Thread 33" [_thread_blocked, id=9152, stack(0x00000060df900000,0x00000060dfa00000)]
  0x000001ed5fc95800 JavaThread "jar transforms Thread 34" [_thread_blocked, id=1792, stack(0x00000060dfa00000,0x00000060dfb00000)]
  0x000001ed5fc90800 JavaThread "jar transforms Thread 35" [_thread_blocked, id=3504, stack(0x00000060dfb00000,0x00000060dfc00000)]
  0x000001ed5fc94000 JavaThread "jar transforms Thread 36" [_thread_blocked, id=7452, stack(0x00000060dfc00000,0x00000060dfd00000)]
  0x000001ed5fc91800 JavaThread "jar transforms Thread 37" [_thread_blocked, id=6828, stack(0x00000060dfd00000,0x00000060dfe00000)]
  0x000001ed5fc97000 JavaThread "jar transforms Thread 38" [_thread_blocked, id=5612, stack(0x00000060dfe00000,0x00000060dff00000)]
  0x000001ed5fc98000 JavaThread "jar transforms Thread 39" [_thread_blocked, id=5252, stack(0x00000060dff00000,0x00000060e0000000)]
  0x000001ed5fc98800 JavaThread "jar transforms Thread 40" [_thread_blocked, id=5524, stack(0x00000060e0000000,0x00000060e0100000)]
  0x000001ed5fc93000 JavaThread "jar transforms Thread 41" [_thread_blocked, id=11288, stack(0x00000060e0100000,0x00000060e0200000)]
  0x000001ed5fc9c000 JavaThread "jar transforms Thread 42" [_thread_blocked, id=5288, stack(0x00000060e0200000,0x00000060e0300000)]
  0x000001ed5fc9f800 JavaThread "jar transforms Thread 43" [_thread_blocked, id=7824, stack(0x00000060e0300000,0x00000060e0400000)]
  0x000001ed5fc9d000 JavaThread "jar transforms Thread 44" [_thread_blocked, id=6164, stack(0x00000060e0400000,0x00000060e0500000)]
  0x000001ed5fc9a800 JavaThread "jar transforms Thread 45" [_thread_blocked, id=10296, stack(0x00000060e0500000,0x00000060e0600000)]
  0x000001ed5fc9b000 JavaThread "jar transforms Thread 46" [_thread_blocked, id=816, stack(0x00000060e0600000,0x00000060e0700000)]
  0x000001ed5fc9d800 JavaThread "jar transforms Thread 47" [_thread_blocked, id=8240, stack(0x00000060e0700000,0x00000060e0800000)]
  0x000001ed5fc9e800 JavaThread "jar transforms Thread 48" [_thread_blocked, id=1156, stack(0x00000060e0800000,0x00000060e0900000)]
  0x000001ed5fc99800 JavaThread "jar transforms Thread 49" [_thread_blocked, id=4952, stack(0x00000060e0900000,0x00000060e0a00000)]
  0x000001ed610f7000 JavaThread "jar transforms Thread 50" [_thread_blocked, id=72, stack(0x00000060e0a00000,0x00000060e0b00000)]
  0x000001ed610fc000 JavaThread "jar transforms Thread 51" [_thread_blocked, id=7456, stack(0x00000060e0b00000,0x00000060e0c00000)]
  0x000001ed610fb000 JavaThread "jar transforms Thread 52" [_thread_blocked, id=12244, stack(0x00000060e0c00000,0x00000060e0d00000)]
  0x000001ed610f8000 JavaThread "jar transforms Thread 53" [_thread_blocked, id=1536, stack(0x00000060e0d00000,0x00000060e0e00000)]
  0x000001ed610f8800 JavaThread "jar transforms Thread 54" [_thread_blocked, id=4444, stack(0x00000060e0e00000,0x00000060e0f00000)]
  0x000001ed610fd000 JavaThread "jar transforms Thread 55" [_thread_blocked, id=11028, stack(0x00000060e0f00000,0x00000060e1000000)]
  0x000001ed610f9800 JavaThread "jar transforms Thread 56" [_thread_blocked, id=524, stack(0x00000060e1000000,0x00000060e1100000)]
  0x000001ed610ff800 JavaThread "jar transforms Thread 57" [_thread_blocked, id=8948, stack(0x00000060e1100000,0x00000060e1200000)]
  0x000001ed610fe800 JavaThread "jar transforms Thread 58" [_thread_blocked, id=4736, stack(0x00000060e1200000,0x00000060e1300000)]
  0x000001ed61100000 JavaThread "jar transforms Thread 59" [_thread_blocked, id=4200, stack(0x00000060e1300000,0x00000060e1400000)]
  0x000001ed610fd800 JavaThread "jar transforms Thread 60" [_thread_blocked, id=2844, stack(0x00000060e1400000,0x00000060e1500000)]
  0x000001ed610fa800 JavaThread "jar transforms Thread 61" [_thread_blocked, id=8832, stack(0x00000060e1500000,0x00000060e1600000)]
  0x000001ed61101000 JavaThread "jar transforms Thread 62" [_thread_blocked, id=7420, stack(0x00000060e1600000,0x00000060e1700000)]
  0x000001ed61104000 JavaThread "jar transforms Thread 63" [_thread_blocked, id=4428, stack(0x00000060e1700000,0x00000060e1800000)]
  0x000001ed61105000 JavaThread "jar transforms Thread 64" [_thread_blocked, id=2240, stack(0x00000060e1800000,0x00000060e1900000)]
  0x000001ed61106000 JavaThread "jar transforms Thread 65" [_thread_blocked, id=8380, stack(0x00000060e1900000,0x00000060e1a00000)]
  0x000001ed61103800 JavaThread "jar transforms Thread 66" [_thread_blocked, id=7028, stack(0x00000060e1a00000,0x00000060e1b00000)]
  0x000001ed61101800 JavaThread "jar transforms Thread 67" [_thread_blocked, id=12020, stack(0x00000060e1b00000,0x00000060e1c00000)]
  0x000001ed61102800 JavaThread "jar transforms Thread 68" [_thread_blocked, id=7864, stack(0x00000060e1c00000,0x00000060e1d00000)]
  0x000001ed611f6800 JavaThread "jar transforms Thread 69" [_thread_blocked, id=4656, stack(0x00000060e1d00000,0x00000060e1e00000)]
  0x000001ed611fb800 JavaThread "jar transforms Thread 70" [_thread_blocked, id=6520, stack(0x00000060e1e00000,0x00000060e1f00000)]
  0x000001ed611f7800 JavaThread "jar transforms Thread 71" [_thread_blocked, id=5576, stack(0x00000060e1f00000,0x00000060e2000000)]
  0x000001ed611f9000 JavaThread "jar transforms Thread 72" [_thread_blocked, id=6060, stack(0x00000060e2000000,0x00000060e2100000)]
  0x000001ed611fa000 JavaThread "jar transforms Thread 73" [_thread_blocked, id=7780, stack(0x00000060e2100000,0x00000060e2200000)]
  0x000001ed611fc800 JavaThread "jar transforms Thread 74" [_thread_blocked, id=7296, stack(0x00000060e2200000,0x00000060e2300000)]
  0x000001ed611fa800 JavaThread "jar transforms Thread 75" [_thread_blocked, id=4572, stack(0x00000060e2300000,0x00000060e2400000)]
  0x000001ed611f8000 JavaThread "jar transforms Thread 76" [_thread_blocked, id=7076, stack(0x00000060e2400000,0x00000060e2500000)]
  0x000001ed611fd000 JavaThread "jar transforms Thread 77" [_thread_blocked, id=9916, stack(0x00000060e2500000,0x00000060e2600000)]
  0x000001ed61684800 JavaThread "jar transforms Thread 78" [_thread_blocked, id=2380, stack(0x00000060e2600000,0x00000060e2700000)]
  0x000001ed61685800 JavaThread "jar transforms Thread 79" [_thread_blocked, id=2872, stack(0x00000060e2700000,0x00000060e2800000)]
  0x000001ed61686800 JavaThread "jar transforms Thread 80" [_thread_blocked, id=1236, stack(0x00000060e2800000,0x00000060e2900000)]
  0x000001ed61688000 JavaThread "jar transforms Thread 81" [_thread_blocked, id=4344, stack(0x00000060e2900000,0x00000060e2a00000)]
  0x000001ed61687000 JavaThread "jar transforms Thread 82" [_thread_blocked, id=3248, stack(0x00000060e2a00000,0x00000060e2b00000)]
  0x000001ed61682800 JavaThread "jar transforms Thread 83" [_thread_blocked, id=2940, stack(0x00000060e2b00000,0x00000060e2c00000)]
  0x000001ed61684000 JavaThread "jar transforms Thread 84" [_thread_blocked, id=3524, stack(0x00000060e2c00000,0x00000060e2d00000)]
  0x000001ed61689000 JavaThread "jar transforms Thread 85" [_thread_blocked, id=11816, stack(0x00000060e2d00000,0x00000060e2e00000)]
  0x000001ed61683000 JavaThread "jar transforms Thread 86" [_thread_blocked, id=4152, stack(0x00000060e2e00000,0x00000060e2f00000)]
  0x000001ed6168f000 JavaThread "jar transforms Thread 87" [_thread_blocked, id=12056, stack(0x00000060e2f00000,0x00000060e3000000)]
  0x000001ed61690000 JavaThread "jar transforms Thread 88" [_thread_blocked, id=8756, stack(0x00000060e3000000,0x00000060e3100000)]
  0x000001ed6168e800 JavaThread "jar transforms Thread 89" [_thread_blocked, id=9220, stack(0x00000060e3100000,0x00000060e3200000)]
  0x000001ed6168a800 JavaThread "jar transforms Thread 90" [_thread_blocked, id=3636, stack(0x00000060e3200000,0x00000060e3300000)]
  0x000001ed61691000 JavaThread "jar transforms Thread 91" [_thread_blocked, id=12076, stack(0x00000060e3300000,0x00000060e3400000)]
  0x000001ed6168d800 JavaThread "jar transforms Thread 92" [_thread_blocked, id=6264, stack(0x00000060e3400000,0x00000060e3500000)]
  0x000001ed6168b000 JavaThread "jar transforms Thread 93" [_thread_blocked, id=11628, stack(0x00000060e3500000,0x00000060e3600000)]
  0x000001ed6168c000 JavaThread "jar transforms Thread 94" [_thread_blocked, id=3908, stack(0x00000060e3600000,0x00000060e3700000)]
  0x000001ed6168c800 JavaThread "jar transforms Thread 95" [_thread_blocked, id=5232, stack(0x00000060e3700000,0x00000060e3800000)]
  0x000001ed60115800 JavaThread "jar transforms Thread 96" [_thread_blocked, id=6708, stack(0x00000060e3800000,0x00000060e3900000)]
  0x000001ed60113000 JavaThread "jar transforms Thread 97" [_thread_blocked, id=2976, stack(0x00000060e3900000,0x00000060e3a00000)]
  0x000001ed60114000 JavaThread "jar transforms Thread 98" [_thread_blocked, id=4796, stack(0x00000060e3a00000,0x00000060e3b00000)]
  0x000001ed60116800 JavaThread "jar transforms Thread 99" [_thread_blocked, id=8324, stack(0x00000060e3b00000,0x00000060e3c00000)]
  0x000001ed60110800 JavaThread "Memory manager" [_thread_blocked, id=2804, stack(0x00000060e3c00000,0x00000060e3d00000)]
  0x000001ed60115000 JavaThread "build event listener" [_thread_blocked, id=5156, stack(0x00000060e3d00000,0x00000060e3e00000)]
  0x000001ed60111800 JavaThread "build event listener" [_thread_blocked, id=7556, stack(0x00000060e3e00000,0x00000060e3f00000)]
  0x000001ed60118000 JavaThread "Execution worker for ':'" [_thread_blocked, id=11520, stack(0x00000060e3f00000,0x00000060e4000000)]
  0x000001ed60112800 JavaThread "Execution worker for ':' Thread 2" [_thread_blocked, id=9396, stack(0x00000060e4000000,0x00000060e4100000)]
  0x000001ed60119000 JavaThread "Execution worker for ':' Thread 3" [_thread_blocked, id=6668, stack(0x00000060e4100000,0x00000060e4200000)]
  0x000001ed6011d000 JavaThread "Cache worker for execution history cache (C:\Users\hp\AndroidStudioProjects\myPharmacy\.gradle\6.7.1\executionHistory)" [_thread_blocked, id=4568, stack(0x00000060e4200000,0x00000060e4300000)]
  0x000001ed60119800 JavaThread "Cache worker for Java compile cache (C:\Users\hp\.gradle\caches\6.7.1\javaCompile)" [_thread_blocked, id=1836, stack(0x00000060e4300000,0x00000060e4400000)]
  0x000001ed6011f800 JavaThread "Cache worker for Java compile cache (C:\Users\hp\AndroidStudioProjects\myPharmacy\.gradle\6.7.1\javaCompile)" [_thread_blocked, id=9056, stack(0x00000060e4400000,0x00000060e4500000)]
  0x000001ed6011c000 JavaThread "WorkerExecutor Queue" [_thread_blocked, id=9464, stack(0x00000060e4500000,0x00000060e4600000)]
  0x000001ed6011a800 JavaThread "WorkerExecutor Queue Thread 2" [_thread_blocked, id=10528, stack(0x00000060e4600000,0x00000060e4700000)]
  0x000001ed6011e800 JavaThread "WorkerExecutor Queue Thread 3" [_thread_blocked, id=6400, stack(0x00000060e4700000,0x00000060e4800000)]
  0x000001ed6011e000 JavaThread "WorkerExecutor Queue Thread 4" [_thread_blocked, id=8068, stack(0x00000060e4800000,0x00000060e4900000)]
  0x000001ed648c9000 JavaThread "ForkJoinPool-1-worker-3" daemon [_thread_blocked, id=12136, stack(0x00000060e4900000,0x00000060e4a00000)]
  0x000001ed648c7000 JavaThread "ForkJoinPool-1-worker-5" daemon [_thread_blocked, id=6748, stack(0x00000060e4a00000,0x00000060e4b00000)]
  0x000001ed648c9800 JavaThread "ForkJoinPool-1-worker-7" daemon [_thread_blocked, id=2148, stack(0x00000060e4b00000,0x00000060e4c00000)]
  0x000001ed648ce000 JavaThread "ForkJoinPool-1-worker-1" daemon [_thread_blocked, id=7144, stack(0x00000060e4c00000,0x00000060e4d00000)]
  0x000001ed63413000 JavaThread "C2 CompilerThread1" daemon [_thread_blocked, id=2508, stack(0x00000060dcd00000,0x00000060dce00000)]

Other Threads:
=>0x000001ed5e6e9800 VMThread "VM Thread" [stack: 0x00000060db000000,0x00000060db100000] [id=3792]
  0x000001ed5f1eb800 WatcherThread [stack: 0x00000060dba00000,0x00000060dbb00000] [id=9272]
  0x000001ed44c99000 GCTaskThread "GC Thread#0" [stack: 0x00000060dab00000,0x00000060dac00000] [id=9008]
  0x000001ed5f6cd000 GCTaskThread "GC Thread#1" [stack: 0x00000060dbc00000,0x00000060dbd00000] [id=12040]
  0x000001ed5f972000 GCTaskThread "GC Thread#2" [stack: 0x00000060dbd00000,0x00000060dbe00000] [id=3704]
  0x000001ed603ce800 GCTaskThread "GC Thread#3" [stack: 0x00000060dc900000,0x00000060dca00000] [id=2448]
  0x000001ed44cce000 ConcurrentGCThread "G1 Main Marker" [stack: 0x00000060dac00000,0x00000060dad00000] [id=8816]
  0x000001ed44cd0000 ConcurrentGCThread "G1 Conc#0" [stack: 0x00000060dad00000,0x00000060dae00000] [id=1220]
  0x000001ed44d4d800 ConcurrentGCThread "G1 Refine#0" [stack: 0x00000060dae00000,0x00000060daf00000] [id=9624]
  0x000001ed5e536800 ConcurrentGCThread "G1 Young RemSet Sampling" [stack: 0x00000060daf00000,0x00000060db000000] [id=5888]

Threads with active compile tasks:
C2 CompilerThread0  36818 13342 % !   4       com.android.tools.r8.dex.r::c @ 821 (2750 bytes)
C2 CompilerThread1  36818 13358       4       com.android.tools.r8.graph.S$j::a (58 bytes)

VM state:at safepoint (normal execution)

VM Mutex/Monitor currently owned by a thread:  ([mutex/lock_event])
[0x000001ed44c7e090] Threads_lock - owner thread: 0x000001ed5e6e9800
[0x000001ed44c7d160] Heap_lock - owner thread: 0x000001ed648ce000

Heap address: 0x0000000080000000, size: 2048 MB, Compressed Oops mode: 32-bit
Narrow klass base: 0x0000000000000000, Narrow klass shift: 3
Compressed class space size: 1073741824 Address: 0x0000000100000000

Heap:
 garbage-first heap   total 378880K, used 207203K [0x0000000080000000, 0x0000000100000000)
  region size 1024K, 4 young (4096K), 4 survivors (4096K)
 Metaspace       used 97608K, capacity 100107K, committed 100684K, reserved 1136640K
  class space    used 12707K, capacity 13652K, committed 13900K, reserved 1048576K
Heap Regions: E=young(eden), S=young(survivor), O=old, HS=humongous(starts), HC=humongous(continues), CS=collection set, F=free, A=archive, TAMS=top-at-mark-start (previous, next)
|   0|0x0000000080000000, 0x0000000080100000, 0x0000000080100000|100%| O|  |TAMS 0x0000000080100000, 0x0000000080000000| Untracked 
|   1|0x0000000080100000, 0x0000000080200000, 0x0000000080200000|100%| O|  |TAMS 0x0000000080200000, 0x0000000080100000| Untracked 
|   2|0x0000000080200000, 0x0000000080300000, 0x0000000080300000|100%| O|  |TAMS 0x0000000080300000, 0x0000000080200000| Complete 
|   3|0x0000000080300000, 0x0000000080400000, 0x0000000080400000|100%|HS|  |TAMS 0x0000000080400000, 0x0000000080300000| Complete 
|   4|0x0000000080400000, 0x0000000080500000, 0x0000000080500000|100%|HC|  |TAMS 0x0000000080500000, 0x0000000080400000| Complete 
|   5|0x0000000080500000, 0x0000000080600000, 0x0000000080600000|100%|HC|  |TAMS 0x0000000080600000, 0x0000000080500000| Complete 
|   6|0x0000000080600000, 0x0000000080700000, 0x0000000080700000|100%| O|  |TAMS 0x0000000080700000, 0x0000000080600000| Complete 
|   7|0x0000000080700000, 0x0000000080800000, 0x0000000080800000|100%| O|  |TAMS 0x0000000080800000, 0x0000000080700000| Untracked 
|   8|0x0000000080800000, 0x0000000080900000, 0x0000000080900000|100%| O|  |TAMS 0x0000000080900000, 0x0000000080800000| Untracked 
|   9|0x0000000080900000, 0x0000000080a00000, 0x0000000080a00000|100%| O|  |TAMS 0x0000000080a00000, 0x0000000080900000| Untracked 
|  10|0x0000000080a00000, 0x0000000080b00000, 0x0000000080b00000|100%| O|  |TAMS 0x0000000080b00000, 0x0000000080a00000| Untracked 
|  11|0x0000000080b00000, 0x0000000080c00000, 0x0000000080c00000|100%| O|  |TAMS 0x0000000080c00000, 0x0000000080b00000| Untracked 
|  12|0x0000000080c00000, 0x0000000080d00000, 0x0000000080d00000|100%| O|  |TAMS 0x0000000080d00000, 0x0000000080c00000| Untracked 
|  13|0x0000000080d00000, 0x0000000080e00000, 0x0000000080e00000|100%| O|  |TAMS 0x0000000080e00000, 0x0000000080d00000| Untracked 
|  14|0x0000000080e00000, 0x0000000080f00000, 0x0000000080f00000|100%| O|  |TAMS 0x0000000080f00000, 0x0000000080e00000| Untracked 
|  15|0x0000000080f00000, 0x0000000081000000, 0x0000000081000000|100%| O|  |TAMS 0x0000000081000000, 0x0000000080f00000| Untracked 
|  16|0x0000000081000000, 0x0000000081100000, 0x0000000081100000|100%|HS|  |TAMS 0x0000000081100000, 0x0000000081000000| Complete 
|  17|0x0000000081100000, 0x0000000081200000, 0x0000000081200000|100%|HS|  |TAMS 0x0000000081200000, 0x0000000081100000| Complete 
|  18|0x0000000081200000, 0x0000000081300000, 0x0000000081300000|100%|HC|  |TAMS 0x0000000081300000, 0x0000000081200000| Complete 
|  19|0x0000000081300000, 0x0000000081400000, 0x0000000081400000|100%| O|  |TAMS 0x0000000081400000, 0x0000000081300000| Untracked 
|  20|0x0000000081400000, 0x0000000081500000, 0x0000000081500000|100%| O|  |TAMS 0x0000000081500000, 0x0000000081400000| Untracked 
|  21|0x0000000081500000, 0x0000000081600000, 0x0000000081600000|100%| O|  |TAMS 0x0000000081600000, 0x0000000081500000| Untracked 
|  22|0x0000000081600000, 0x0000000081700000, 0x0000000081700000|100%| O|  |TAMS 0x0000000081700000, 0x0000000081600000| Untracked 
|  23|0x0000000081700000, 0x0000000081800000, 0x0000000081800000|100%| O|  |TAMS 0x0000000081800000, 0x0000000081700000| Untracked 
|  24|0x0000000081800000, 0x0000000081900000, 0x0000000081900000|100%| O|  |TAMS 0x0000000081900000, 0x0000000081800000| Untracked 
|  25|0x0000000081900000, 0x0000000081a00000, 0x0000000081a00000|100%| O|  |TAMS 0x0000000081a00000, 0x0000000081900000| Untracked 
|  26|0x0000000081a00000, 0x0000000081b00000, 0x0000000081b00000|100%| O|  |TAMS 0x0000000081b00000, 0x0000000081a00000| Untracked 
|  27|0x0000000081b00000, 0x0000000081c00000, 0x0000000081c00000|100%| O|  |TAMS 0x0000000081c00000, 0x0000000081b00000| Untracked 
|  28|0x0000000081c00000, 0x0000000081d00000, 0x0000000081d00000|100%| O|  |TAMS 0x0000000081d00000, 0x0000000081c00000| Untracked 
|  29|0x0000000081d00000, 0x0000000081e00000, 0x0000000081e00000|100%| O|  |TAMS 0x0000000081e00000, 0x0000000081d00000| Untracked 
|  30|0x0000000081e00000, 0x0000000081f00000, 0x0000000081f00000|100%| O|  |TAMS 0x0000000081f00000, 0x0000000081e00000| Untracked 
|  31|0x0000000081f00000, 0x0000000082000000, 0x0000000082000000|100%| O|  |TAMS 0x0000000082000000, 0x0000000081f00000| Untracked 
|  32|0x0000000082000000, 0x0000000082100000, 0x0000000082100000|100%| O|  |TAMS 0x0000000082100000, 0x0000000082000000| Complete 
|  33|0x0000000082100000, 0x0000000082200000, 0x0000000082200000|100%| O|  |TAMS 0x0000000082200000, 0x0000000082100000| Untracked 
|  34|0x0000000082200000, 0x0000000082300000, 0x0000000082300000|100%| O|  |TAMS 0x0000000082300000, 0x0000000082200000| Untracked 
|  35|0x0000000082300000, 0x0000000082400000, 0x0000000082400000|100%| O|  |TAMS 0x0000000082400000, 0x0000000082300000| Untracked 
|  36|0x0000000082400000, 0x0000000082500000, 0x0000000082500000|100%| O|  |TAMS 0x0000000082500000, 0x0000000082400000| Untracked 
|  37|0x0000000082500000, 0x0000000082600000, 0x0000000082600000|100%| O|  |TAMS 0x0000000082600000, 0x0000000082500000| Complete 
|  38|0x0000000082600000, 0x0000000082700000, 0x0000000082700000|100%| O|  |TAMS 0x0000000082700000, 0x0000000082600000| Untracked 
|  39|0x0000000082700000, 0x0000000082800000, 0x0000000082800000|100%| O|  |TAMS 0x0000000082800000, 0x0000000082700000| Untracked 
|  40|0x0000000082800000, 0x0000000082900000, 0x0000000082900000|100%| O|  |TAMS 0x0000000082900000, 0x0000000082800000| Untracked 
|  41|0x0000000082900000, 0x0000000082a00000, 0x0000000082a00000|100%| O|  |TAMS 0x0000000082a00000, 0x0000000082900000| Untracked 
|  42|0x0000000082a00000, 0x0000000082b00000, 0x0000000082b00000|100%| O|  |TAMS 0x0000000082b00000, 0x0000000082a00000| Untracked 
|  43|0x0000000082b00000, 0x0000000082c00000, 0x0000000082c00000|100%| O|  |TAMS 0x0000000082c00000, 0x0000000082b00000| Untracked 
|  44|0x0000000082c00000, 0x0000000082d00000, 0x0000000082d00000|100%| O|  |TAMS 0x0000000082d00000, 0x0000000082c00000| Untracked 
|  45|0x0000000082d00000, 0x0000000082e00000, 0x0000000082e00000|100%| O|  |TAMS 0x0000000082e00000, 0x0000000082d00000| Untracked 
|  46|0x0000000082e00000, 0x0000000082f00000, 0x0000000082f00000|100%| O|  |TAMS 0x0000000082f00000, 0x0000000082e00000| Untracked 
|  47|0x0000000082f00000, 0x0000000083000000, 0x0000000083000000|100%| O|  |TAMS 0x0000000083000000, 0x0000000082f00000| Untracked 
|  48|0x0000000083000000, 0x0000000083100000, 0x0000000083100000|100%| O|  |TAMS 0x0000000083100000, 0x0000000083000000| Untracked 
|  49|0x0000000083100000, 0x0000000083200000, 0x0000000083200000|100%| O|  |TAMS 0x0000000083200000, 0x0000000083100000| Untracked 
|  50|0x0000000083200000, 0x0000000083300000, 0x0000000083300000|100%| O|  |TAMS 0x0000000083300000, 0x0000000083200000| Untracked 
|  51|0x0000000083300000, 0x0000000083400000, 0x0000000083400000|100%| O|  |TAMS 0x0000000083400000, 0x0000000083300000| Untracked 
|  52|0x0000000083400000, 0x0000000083500000, 0x0000000083500000|100%| O|  |TAMS 0x0000000083500000, 0x0000000083400000| Untracked 
|  53|0x0000000083500000, 0x0000000083600000, 0x0000000083600000|100%|HS|  |TAMS 0x0000000083600000, 0x0000000083500000| Complete 
|  54|0x0000000083600000, 0x0000000083700000, 0x0000000083700000|100%| O|  |TAMS 0x0000000083700000, 0x0000000083600000| Complete 
|  55|0x0000000083700000, 0x0000000083800000, 0x0000000083800000|100%| O|  |TAMS 0x0000000083800000, 0x0000000083700000| Untracked 
|  56|0x0000000083800000, 0x0000000083900000, 0x0000000083900000|100%| O|  |TAMS 0x0000000083900000, 0x0000000083800000| Complete 
|  57|0x0000000083900000, 0x0000000083a00000, 0x0000000083a00000|100%| O|  |TAMS 0x0000000083a00000, 0x0000000083900000| Untracked 
|  58|0x0000000083a00000, 0x0000000083b00000, 0x0000000083b00000|100%| O|  |TAMS 0x0000000083b00000, 0x0000000083a00000| Untracked 
|  59|0x0000000083b00000, 0x0000000083c00000, 0x0000000083c00000|100%| O|  |TAMS 0x0000000083c00000, 0x0000000083b00000| Untracked 
|  60|0x0000000083c00000, 0x0000000083d00000, 0x0000000083d00000|100%| O|  |TAMS 0x0000000083d00000, 0x0000000083c00000| Untracked 
|  61|0x0000000083d00000, 0x0000000083e00000, 0x0000000083e00000|100%| O|  |TAMS 0x0000000083e00000, 0x0000000083d00000| Untracked 
|  62|0x0000000083e00000, 0x0000000083f00000, 0x0000000083f00000|100%| O|  |TAMS 0x0000000083f00000, 0x0000000083e00000| Untracked 
|  63|0x0000000083f00000, 0x0000000084000000, 0x0000000084000000|100%| O|  |TAMS 0x0000000084000000, 0x0000000083f00000| Untracked 
|  64|0x0000000084000000, 0x0000000084100000, 0x0000000084100000|100%| O|  |TAMS 0x0000000084100000, 0x0000000084000000| Untracked 
|  65|0x0000000084100000, 0x0000000084200000, 0x0000000084200000|100%| O|  |TAMS 0x0000000084200000, 0x0000000084100000| Untracked 
|  66|0x0000000084200000, 0x0000000084300000, 0x0000000084300000|100%| O|  |TAMS 0x0000000084300000, 0x0000000084200000| Untracked 
|  67|0x0000000084300000, 0x0000000084400000, 0x0000000084400000|100%| O|  |TAMS 0x0000000084400000, 0x0000000084300000| Untracked 
|  68|0x0000000084400000, 0x0000000084500000, 0x0000000084500000|100%| O|  |TAMS 0x0000000084500000, 0x0000000084400000| Untracked 
|  69|0x0000000084500000, 0x0000000084600000, 0x0000000084600000|100%| O|  |TAMS 0x0000000084600000, 0x0000000084500000| Complete 
|  70|0x0000000084600000, 0x0000000084700000, 0x0000000084700000|100%|HS|  |TAMS 0x0000000084700000, 0x0000000084600000| Complete 
|  71|0x0000000084700000, 0x0000000084800000, 0x0000000084800000|100%| O|  |TAMS 0x0000000084800000, 0x0000000084700000| Untracked 
|  72|0x0000000084800000, 0x0000000084900000, 0x0000000084900000|100%| O|  |TAMS 0x0000000084900000, 0x0000000084800000| Complete 
|  73|0x0000000084900000, 0x0000000084a00000, 0x0000000084a00000|100%| O|  |TAMS 0x0000000084a00000, 0x0000000084900000| Complete 
|  74|0x0000000084a00000, 0x0000000084b00000, 0x0000000084b00000|100%| O|  |TAMS 0x0000000084b00000, 0x0000000084a00000| Complete 
|  75|0x0000000084b00000, 0x0000000084c00000, 0x0000000084c00000|100%| O|  |TAMS 0x0000000084c00000, 0x0000000084b00000| Complete 
|  76|0x0000000084c00000, 0x0000000084d00000, 0x0000000084d00000|100%|HS|  |TAMS 0x0000000084d00000, 0x0000000084c00000| Complete 
|  77|0x0000000084d00000, 0x0000000084e00000, 0x0000000084e00000|100%|HS|  |TAMS 0x0000000084e00000, 0x0000000084d00000| Complete 
|  78|0x0000000084e00000, 0x0000000084f00000, 0x0000000084f00000|100%| O|  |TAMS 0x0000000084f00000, 0x0000000084e00000| Untracked 
|  79|0x0000000084f00000, 0x0000000085000000, 0x0000000085000000|100%|HS|  |TAMS 0x0000000085000000, 0x0000000084f00000| Complete 
|  80|0x0000000085000000, 0x0000000085100000, 0x0000000085100000|100%|HC|  |TAMS 0x0000000085100000, 0x0000000085000000| Complete 
|  81|0x0000000085100000, 0x0000000085200000, 0x0000000085200000|100%|HC|  |TAMS 0x0000000085200000, 0x0000000085100000| Complete 
|  82|0x0000000085200000, 0x0000000085300000, 0x0000000085300000|100%|HC|  |TAMS 0x0000000085300000, 0x0000000085200000| Complete 
|  83|0x0000000085300000, 0x0000000085400000, 0x0000000085400000|100%|HC|  |TAMS 0x0000000085400000, 0x0000000085300000| Complete 
|  84|0x0000000085400000, 0x0000000085500000, 0x0000000085500000|100%|HC|  |TAMS 0x0000000085500000, 0x0000000085400000| Complete 
|  85|0x0000000085500000, 0x0000000085600000, 0x0000000085600000|100%|HC|  |TAMS 0x0000000085600000, 0x0000000085500000| Complete 
|  86|0x0000000085600000, 0x0000000085700000, 0x0000000085700000|100%|HC|  |TAMS 0x0000000085700000, 0x0000000085600000| Complete 
|  87|0x0000000085700000, 0x0000000085800000, 0x0000000085800000|100%| O|  |TAMS 0x0000000085800000, 0x0000000085700000| Untracked 
|  88|0x0000000085800000, 0x0000000085900000, 0x0000000085900000|100%| O|  |TAMS 0x0000000085900000, 0x0000000085800000| Untracked 
|  89|0x0000000085900000, 0x0000000085a00000, 0x0000000085a00000|100%| O|  |TAMS 0x0000000085a00000, 0x0000000085900000| Untracked 
|  90|0x0000000085a00000, 0x0000000085b00000, 0x0000000085b00000|100%| O|  |TAMS 0x0000000085b00000, 0x0000000085a00000| Complete 
|  91|0x0000000085b00000, 0x0000000085c00000, 0x0000000085c00000|100%| O|  |TAMS 0x0000000085c00000, 0x0000000085b00000| Untracked 
|  92|0x0000000085c00000, 0x0000000085d00000, 0x0000000085d00000|100%| O|  |TAMS 0x0000000085d00000, 0x0000000085c00000| Complete 
|  93|0x0000000085d00000, 0x0000000085e00000, 0x0000000085e00000|100%| O|  |TAMS 0x0000000085e00000, 0x0000000085d00000| Untracked 
|  94|0x0000000085e00000, 0x0000000085f00000, 0x0000000085f00000|100%| O|  |TAMS 0x0000000085f00000, 0x0000000085e00000| Untracked 
|  95|0x0000000085f00000, 0x0000000086000000, 0x0000000086000000|100%| O|  |TAMS 0x0000000086000000, 0x0000000085f00000| Untracked 
|  96|0x0000000086000000, 0x0000000086100000, 0x0000000086100000|100%| O|  |TAMS 0x0000000086036a00, 0x0000000086000000| Untracked 
|  97|0x0000000086100000, 0x0000000086200000, 0x0000000086200000|100%| O|  |TAMS 0x0000000086100000, 0x0000000086100000| Untracked 
|  98|0x0000000086200000, 0x0000000086300000, 0x0000000086300000|100%|HS|  |TAMS 0x0000000086300000, 0x0000000086200000| Complete 
|  99|0x0000000086300000, 0x0000000086400000, 0x0000000086400000|100%|HS|  |TAMS 0x0000000086400000, 0x0000000086300000| Complete 
| 100|0x0000000086400000, 0x0000000086500000, 0x0000000086500000|100%|HS|  |TAMS 0x0000000086500000, 0x0000000086400000| Complete 
| 101|0x0000000086500000, 0x0000000086600000, 0x0000000086600000|100%| O|  |TAMS 0x0000000086600000, 0x0000000086500000| Complete 
| 102|0x0000000086600000, 0x0000000086700000, 0x0000000086700000|100%| O|  |TAMS 0x0000000086700000, 0x0000000086600000| Untracked 
| 103|0x0000000086700000, 0x0000000086800000, 0x0000000086800000|100%| O|  |TAMS 0x0000000086800000, 0x0000000086700000| Untracked 
| 104|0x0000000086800000, 0x0000000086900000, 0x0000000086900000|100%| O|  |TAMS 0x0000000086900000, 0x0000000086800000| Untracked 
| 105|0x0000000086900000, 0x0000000086a00000, 0x0000000086a00000|100%| O|  |TAMS 0x0000000086a00000, 0x0000000086900000| Complete 
| 106|0x0000000086a00000, 0x0000000086b00000, 0x0000000086b00000|100%|HS|  |TAMS 0x0000000086b00000, 0x0000000086a00000| Complete 
| 107|0x0000000086b00000, 0x0000000086c00000, 0x0000000086c00000|100%| O|  |TAMS 0x0000000086c00000, 0x0000000086b00000| Untracked 
| 108|0x0000000086c00000, 0x0000000086d00000, 0x0000000086d00000|100%| O|  |TAMS 0x0000000086d00000, 0x0000000086c00000| Complete 
| 109|0x0000000086d00000, 0x0000000086e00000, 0x0000000086e00000|100%| O|  |TAMS 0x0000000086e00000, 0x0000000086d00000| Complete 
| 110|0x0000000086e00000, 0x0000000086f00000, 0x0000000086f00000|100%| O|  |TAMS 0x0000000086f00000, 0x0000000086e00000| Complete 
| 111|0x0000000086f00000, 0x0000000087000000, 0x0000000087000000|100%| O|  |TAMS 0x0000000087000000, 0x0000000086f00000| Complete 
| 112|0x0000000087000000, 0x0000000087100000, 0x0000000087100000|100%| O|  |TAMS 0x0000000087100000, 0x0000000087000000| Complete 
| 113|0x0000000087100000, 0x0000000087200000, 0x0000000087200000|100%| O|  |TAMS 0x0000000087200000, 0x0000000087100000| Complete 
| 114|0x0000000087200000, 0x0000000087300000, 0x0000000087300000|100%| O|  |TAMS 0x0000000087300000, 0x0000000087200000| Untracked 
| 115|0x0000000087300000, 0x0000000087400000, 0x0000000087400000|100%| O|  |TAMS 0x0000000087400000, 0x0000000087300000| Untracked 
| 116|0x0000000087400000, 0x0000000087500000, 0x0000000087500000|100%| O|  |TAMS 0x0000000087500000, 0x0000000087400000| Untracked 
| 117|0x0000000087500000, 0x0000000087600000, 0x0000000087600000|100%| O|  |TAMS 0x0000000087600000, 0x0000000087500000| Untracked 
| 118|0x0000000087600000, 0x0000000087700000, 0x0000000087700000|100%| O|  |TAMS 0x0000000087700000, 0x0000000087600000| Complete 
| 119|0x0000000087700000, 0x0000000087800000, 0x0000000087800000|100%| O|  |TAMS 0x0000000087800000, 0x0000000087700000| Untracked 
| 120|0x0000000087800000, 0x0000000087900000, 0x0000000087900000|100%| O|  |TAMS 0x0000000087900000, 0x0000000087800000| Untracked 
| 121|0x0000000087900000, 0x0000000087a00000, 0x0000000087a00000|100%| O|  |TAMS 0x0000000087a00000, 0x0000000087900000| Untracked 
| 122|0x0000000087a00000, 0x0000000087b00000, 0x0000000087b00000|100%| O|  |TAMS 0x0000000087b00000, 0x0000000087a00000| Complete 
| 123|0x0000000087b00000, 0x0000000087c00000, 0x0000000087c00000|100%| O|  |TAMS 0x0000000087c00000, 0x0000000087b00000| Complete 
| 124|0x0000000087c00000, 0x0000000087d00000, 0x0000000087d00000|100%| O|  |TAMS 0x0000000087d00000, 0x0000000087c00000| Untracked 
| 125|0x0000000087d00000, 0x0000000087e00000, 0x0000000087e00000|100%| O|  |TAMS 0x0000000087e00000, 0x0000000087d00000| Untracked 
| 126|0x0000000087e00000, 0x0000000087f00000, 0x0000000087f00000|100%| O|  |TAMS 0x0000000087f00000, 0x0000000087e00000| Complete 
| 127|0x0000000087f00000, 0x0000000088000000, 0x0000000088000000|100%| O|  |TAMS 0x0000000088000000, 0x0000000087f00000| Untracked 
| 128|0x0000000088000000, 0x0000000088100000, 0x0000000088100000|100%| O|  |TAMS 0x0000000088100000, 0x0000000088000000| Complete 
| 129|0x0000000088100000, 0x0000000088200000, 0x0000000088200000|100%| O|  |TAMS 0x0000000088200000, 0x0000000088100000| Untracked 
| 130|0x0000000088200000, 0x0000000088300000, 0x0000000088300000|100%| O|  |TAMS 0x0000000088300000, 0x0000000088200000| Untracked 
| 131|0x0000000088300000, 0x0000000088400000, 0x0000000088400000|100%| O|  |TAMS 0x0000000088400000, 0x0000000088300000| Untracked 
| 132|0x0000000088400000, 0x0000000088500000, 0x0000000088500000|100%| O|  |TAMS 0x0000000088500000, 0x0000000088400000| Complete 
| 133|0x0000000088500000, 0x0000000088600000, 0x0000000088600000|100%| O|  |TAMS 0x0000000088600000, 0x0000000088500000| Untracked 
| 134|0x0000000088600000, 0x0000000088700000, 0x0000000088700000|100%| O|  |TAMS 0x0000000088700000, 0x0000000088600000| Untracked 
| 135|0x0000000088700000, 0x0000000088800000, 0x0000000088800000|100%| O|  |TAMS 0x0000000088800000, 0x0000000088700000| Untracked 
| 136|0x0000000088800000, 0x0000000088900000, 0x0000000088900000|100%| O|  |TAMS 0x0000000088900000, 0x0000000088800000| Untracked 
| 137|0x0000000088900000, 0x0000000088a00000, 0x0000000088a00000|100%| O|  |TAMS 0x0000000088a00000, 0x0000000088900000| Untracked 
| 138|0x0000000088a00000, 0x0000000088b00000, 0x0000000088b00000|100%| O|  |TAMS 0x0000000088b00000, 0x0000000088a00000| Untracked 
| 139|0x0000000088b00000, 0x0000000088c00000, 0x0000000088c00000|100%| O|  |TAMS 0x0000000088c00000, 0x0000000088b00000| Untracked 
| 140|0x0000000088c00000, 0x0000000088d00000, 0x0000000088d00000|100%| O|  |TAMS 0x0000000088d00000, 0x0000000088c00000| Complete 
| 141|0x0000000088d00000, 0x0000000088e00000, 0x0000000088e00000|100%| O|  |TAMS 0x0000000088e00000, 0x0000000088d00000| Complete 
| 142|0x0000000088e00000, 0x0000000088f00000, 0x0000000088f00000|100%| O|  |TAMS 0x0000000088f00000, 0x0000000088e00000| Untracked 
| 143|0x0000000088f00000, 0x0000000089000000, 0x0000000089000000|100%| O|  |TAMS 0x0000000089000000, 0x0000000088f00000| Untracked 
| 144|0x0000000089000000, 0x0000000089100000, 0x0000000089100000|100%| O|  |TAMS 0x0000000089100000, 0x0000000089000000| Complete 
| 145|0x0000000089100000, 0x0000000089200000, 0x0000000089200000|100%| O|  |TAMS 0x0000000089200000, 0x0000000089100000| Complete 
| 146|0x0000000089200000, 0x0000000089300000, 0x0000000089300000|100%| O|  |TAMS 0x0000000089300000, 0x0000000089200000| Complete 
| 147|0x0000000089300000, 0x0000000089400000, 0x0000000089400000|100%| O|  |TAMS 0x0000000089400000, 0x0000000089300000| Untracked 
| 148|0x0000000089400000, 0x0000000089500000, 0x0000000089500000|100%| O|  |TAMS 0x0000000089500000, 0x0000000089400000| Complete 
| 149|0x0000000089500000, 0x0000000089600000, 0x0000000089600000|100%| O|  |TAMS 0x0000000089600000, 0x0000000089500000| Complete 
| 150|0x0000000089600000, 0x0000000089700000, 0x0000000089700000|100%| O|  |TAMS 0x0000000089700000, 0x0000000089600000| Untracked 
| 151|0x0000000089700000, 0x0000000089800000, 0x0000000089800000|100%| O|  |TAMS 0x0000000089800000, 0x0000000089700000| Untracked 
| 152|0x0000000089800000, 0x0000000089900000, 0x0000000089900000|100%| O|  |TAMS 0x0000000089900000, 0x0000000089800000| Untracked 
| 153|0x0000000089900000, 0x0000000089a00000, 0x0000000089a00000|100%| O|  |TAMS 0x0000000089a00000, 0x0000000089900000| Untracked 
| 154|0x0000000089a00000, 0x0000000089b00000, 0x0000000089b00000|100%| O|  |TAMS 0x0000000089b00000, 0x0000000089a00000| Untracked 
| 155|0x0000000089b00000, 0x0000000089c00000, 0x0000000089c00000|100%| O|  |TAMS 0x0000000089c00000, 0x0000000089b00000| Untracked 
| 156|0x0000000089c00000, 0x0000000089d00000, 0x0000000089d00000|100%| O|  |TAMS 0x0000000089d00000, 0x0000000089c00000| Complete 
| 157|0x0000000089d00000, 0x0000000089e00000, 0x0000000089e00000|100%| O|  |TAMS 0x0000000089e00000, 0x0000000089d00000| Complete 
| 158|0x0000000089e00000, 0x0000000089f00000, 0x0000000089f00000|100%| O|  |TAMS 0x0000000089f00000, 0x0000000089e00000| Untracked 
| 159|0x0000000089f00000, 0x000000008a000000, 0x000000008a000000|100%| O|  |TAMS 0x000000008a000000, 0x0000000089f00000| Untracked 
| 160|0x000000008a000000, 0x000000008a100000, 0x000000008a100000|100%| O|  |TAMS 0x000000008a100000, 0x000000008a000000| Complete 
| 161|0x000000008a100000, 0x000000008a200000, 0x000000008a200000|100%| O|  |TAMS 0x000000008a200000, 0x000000008a100000| Complete 
| 162|0x000000008a200000, 0x000000008a300000, 0x000000008a300000|100%|HS|  |TAMS 0x000000008a300000, 0x000000008a200000| Complete 
| 163|0x000000008a300000, 0x000000008a400000, 0x000000008a400000|100%|HS|  |TAMS 0x000000008a400000, 0x000000008a300000| Complete 
| 164|0x000000008a400000, 0x000000008a500000, 0x000000008a500000|100%|HC|  |TAMS 0x000000008a500000, 0x000000008a400000| Complete 
| 165|0x000000008a500000, 0x000000008a600000, 0x000000008a600000|100%|HS|  |TAMS 0x000000008a600000, 0x000000008a500000| Complete 
| 166|0x000000008a600000, 0x000000008a700000, 0x000000008a700000|100%|HS|  |TAMS 0x000000008a700000, 0x000000008a600000| Complete 
| 167|0x000000008a700000, 0x000000008a800000, 0x000000008a800000|100%|HC|  |TAMS 0x000000008a800000, 0x000000008a700000| Complete 
| 168|0x000000008a800000, 0x000000008a900000, 0x000000008a900000|100%| O|  |TAMS 0x000000008a800000, 0x000000008a800000| Untracked 
| 169|0x000000008a900000, 0x000000008aa00000, 0x000000008aa00000|100%| O|  |TAMS 0x000000008a900000, 0x000000008a900000| Untracked 
| 170|0x000000008aa00000, 0x000000008ab00000, 0x000000008ab00000|100%|HS|  |TAMS 0x000000008ab00000, 0x000000008aa00000| Complete 
| 171|0x000000008ab00000, 0x000000008ac00000, 0x000000008ac00000|100%|HS|  |TAMS 0x000000008ac00000, 0x000000008ab00000| Complete 
| 172|0x000000008ac00000, 0x000000008ad00000, 0x000000008ad00000|100%| O|  |TAMS 0x000000008ad00000, 0x000000008ac00000| Complete 
| 173|0x000000008ad00000, 0x000000008ae00000, 0x000000008ae00000|100%| O|  |TAMS 0x000000008ae00000, 0x000000008ad00000| Complete 
| 174|0x000000008ae00000, 0x000000008af00000, 0x000000008af00000|100%|HS|  |TAMS 0x000000008af00000, 0x000000008ae00000| Complete 
| 175|0x000000008af00000, 0x000000008b000000, 0x000000008b000000|100%|HC|  |TAMS 0x000000008b000000, 0x000000008af00000| Complete 
| 176|0x000000008b000000, 0x000000008b100000, 0x000000008b100000|100%|HS|  |TAMS 0x000000008b100000, 0x000000008b000000| Complete 
| 177|0x000000008b100000, 0x000000008b200000, 0x000000008b200000|100%|HS|  |TAMS 0x000000008b200000, 0x000000008b100000| Complete 
| 178|0x000000008b200000, 0x000000008b300000, 0x000000008b300000|100%|HS|  |TAMS 0x000000008b300000, 0x000000008b200000| Complete 
| 179|0x000000008b300000, 0x000000008b400000, 0x000000008b400000|100%|HS|  |TAMS 0x000000008b400000, 0x000000008b300000| Complete 
| 180|0x000000008b400000, 0x000000008b500000, 0x000000008b500000|100%|HC|  |TAMS 0x000000008b500000, 0x000000008b400000| Complete 
| 181|0x000000008b500000, 0x000000008b600000, 0x000000008b600000|100%|HS|  |TAMS 0x000000008b600000, 0x000000008b500000| Complete 
| 182|0x000000008b600000, 0x000000008b700000, 0x000000008b700000|100%|HC|  |TAMS 0x000000008b700000, 0x000000008b600000| Complete 
| 183|0x000000008b700000, 0x000000008b800000, 0x000000008b800000|100%| O|  |TAMS 0x000000008b800000, 0x000000008b700000| Untracked 
| 184|0x000000008b800000, 0x000000008b900000, 0x000000008b900000|100%| O|  |TAMS 0x000000008b900000, 0x000000008b800000| Untracked 
| 185|0x000000008b900000, 0x000000008ba00000, 0x000000008ba00000|100%| O|  |TAMS 0x000000008ba00000, 0x000000008b900000| Untracked 
| 186|0x000000008ba00000, 0x000000008bb00000, 0x000000008bb00000|100%| O|  |TAMS 0x000000008bb00000, 0x000000008ba00000| Complete 
| 187|0x000000008bb00000, 0x000000008bc00000, 0x000000008bc00000|100%| O|  |TAMS 0x000000008bc00000, 0x000000008bb00000| Complete 
| 188|0x000000008bc00000, 0x000000008bd00000, 0x000000008bd00000|100%| O|  |TAMS 0x000000008bd00000, 0x000000008bc00000| Untracked 
| 189|0x000000008bd00000, 0x000000008be00000, 0x000000008be00000|100%|HS|  |TAMS 0x000000008bd00000, 0x000000008bd00000| Complete 
| 190|0x000000008be00000, 0x000000008bf00000, 0x000000008bf00000|100%|HC|  |TAMS 0x000000008be00000, 0x000000008be00000| Complete 
| 191|0x000000008bf00000, 0x000000008c000000, 0x000000008c000000|100%|HC|  |TAMS 0x000000008bf00000, 0x000000008bf00000| Complete 
| 192|0x000000008c000000, 0x000000008c100000, 0x000000008c100000|100%|HC|  |TAMS 0x000000008c000000, 0x000000008c000000| Complete 
| 193|0x000000008c100000, 0x000000008c200000, 0x000000008c200000|100%|HC|  |TAMS 0x000000008c100000, 0x000000008c100000| Complete 
| 194|0x000000008c200000, 0x000000008c300000, 0x000000008c300000|100%|HC|  |TAMS 0x000000008c200000, 0x000000008c200000| Complete 
| 195|0x000000008c300000, 0x000000008c400000, 0x000000008c400000|100%|HC|  |TAMS 0x000000008c300000, 0x000000008c300000| Complete 
| 196|0x000000008c400000, 0x000000008c500000, 0x000000008c500000|100%|HC|  |TAMS 0x000000008c400000, 0x000000008c400000| Complete 
| 197|0x000000008c500000, 0x000000008c600000, 0x000000008c600000|100%|HC|  |TAMS 0x000000008c500000, 0x000000008c500000| Complete 
| 198|0x000000008c600000, 0x000000008c678c00, 0x000000008c700000| 47%| O|  |TAMS 0x000000008c600000, 0x000000008c600000| Untracked 
| 199|0x000000008c700000, 0x000000008c700000, 0x000000008c800000|  0%| F|  |TAMS 0x000000008c700000, 0x000000008c700000| Untracked 
| 200|0x000000008c800000, 0x000000008c800000, 0x000000008c900000|  0%| F|  |TAMS 0x000000008c800000, 0x000000008c800000| Untracked 
| 201|0x000000008c900000, 0x000000008c900000, 0x000000008ca00000|  0%| F|  |TAMS 0x000000008c900000, 0x000000008c900000| Untracked 
| 202|0x000000008ca00000, 0x000000008ca00000, 0x000000008cb00000|  0%| F|  |TAMS 0x000000008ca00000, 0x000000008ca00000| Untracked 
| 203|0x000000008cb00000, 0x000000008cb00000, 0x000000008cc00000|  0%| F|  |TAMS 0x000000008cb00000, 0x000000008cb00000| Untracked 
| 204|0x000000008cc00000, 0x000000008cc00000, 0x000000008cd00000|  0%| F|  |TAMS 0x000000008cc00000, 0x000000008cc00000| Untracked 
| 205|0x000000008cd00000, 0x000000008cd00000, 0x000000008ce00000|  0%| F|  |TAMS 0x000000008cd00000, 0x000000008cd00000| Untracked 
| 206|0x000000008ce00000, 0x000000008ce00000, 0x000000008cf00000|  0%| F|  |TAMS 0x000000008ce00000, 0x000000008ce00000| Untracked 
| 207|0x000000008cf00000, 0x000000008cf00000, 0x000000008d000000|  0%| F|  |TAMS 0x000000008cf00000, 0x000000008cf00000| Untracked 
| 208|0x000000008d000000, 0x000000008d000000, 0x000000008d100000|  0%| F|  |TAMS 0x000000008d000000, 0x000000008d000000| Untracked 
| 209|0x000000008d100000, 0x000000008d100000, 0x000000008d200000|  0%| F|  |TAMS 0x000000008d100000, 0x000000008d100000| Untracked 
| 210|0x000000008d200000, 0x000000008d200000, 0x000000008d300000|  0%| F|  |TAMS 0x000000008d200000, 0x000000008d200000| Untracked 
| 211|0x000000008d300000, 0x000000008d300000, 0x000000008d400000|  0%| F|  |TAMS 0x000000008d300000, 0x000000008d300000| Untracked 
| 212|0x000000008d400000, 0x000000008d400000, 0x000000008d500000|  0%| F|  |TAMS 0x000000008d400000, 0x000000008d400000| Untracked 
| 213|0x000000008d500000, 0x000000008d500000, 0x000000008d600000|  0%| F|  |TAMS 0x000000008d500000, 0x000000008d500000| Untracked 
| 214|0x000000008d600000, 0x000000008d600000, 0x000000008d700000|  0%| F|  |TAMS 0x000000008d600000, 0x000000008d600000| Untracked 
| 215|0x000000008d700000, 0x000000008d700000, 0x000000008d800000|  0%| F|  |TAMS 0x000000008d700000, 0x000000008d700000| Untracked 
| 216|0x000000008d800000, 0x000000008d800000, 0x000000008d900000|  0%| F|  |TAMS 0x000000008d800000, 0x000000008d800000| Untracked 
| 217|0x000000008d900000, 0x000000008d900000, 0x000000008da00000|  0%| F|  |TAMS 0x000000008d900000, 0x000000008d900000| Untracked 
| 218|0x000000008da00000, 0x000000008da00000, 0x000000008db00000|  0%| F|  |TAMS 0x000000008da00000, 0x000000008da00000| Untracked 
| 219|0x000000008db00000, 0x000000008db00000, 0x000000008dc00000|  0%| F|  |TAMS 0x000000008db00000, 0x000000008db00000| Untracked 
| 220|0x000000008dc00000, 0x000000008dc00000, 0x000000008dd00000|  0%| F|  |TAMS 0x000000008dc00000, 0x000000008dc00000| Untracked 
| 221|0x000000008dd00000, 0x000000008dd00000, 0x000000008de00000|  0%| F|  |TAMS 0x000000008dd00000, 0x000000008dd00000| Untracked 
| 222|0x000000008de00000, 0x000000008de00000, 0x000000008df00000|  0%| F|  |TAMS 0x000000008de00000, 0x000000008de00000| Untracked 
| 223|0x000000008df00000, 0x000000008df00000, 0x000000008e000000|  0%| F|  |TAMS 0x000000008df00000, 0x000000008df00000| Untracked 
| 224|0x000000008e000000, 0x000000008e000000, 0x000000008e100000|  0%| F|  |TAMS 0x000000008e000000, 0x000000008e000000| Untracked 
| 225|0x000000008e100000, 0x000000008e100000, 0x000000008e200000|  0%| F|  |TAMS 0x000000008e100000, 0x000000008e100000| Untracked 
| 226|0x000000008e200000, 0x000000008e200000, 0x000000008e300000|  0%| F|  |TAMS 0x000000008e200000, 0x000000008e200000| Untracked 
| 227|0x000000008e300000, 0x000000008e300000, 0x000000008e400000|  0%| F|  |TAMS 0x000000008e300000, 0x000000008e300000| Untracked 
| 228|0x000000008e400000, 0x000000008e400000, 0x000000008e500000|  0%| F|  |TAMS 0x000000008e400000, 0x000000008e400000| Untracked 
| 229|0x000000008e500000, 0x000000008e500000, 0x000000008e600000|  0%| F|  |TAMS 0x000000008e500000, 0x000000008e500000| Untracked 
| 230|0x000000008e600000, 0x000000008e600000, 0x000000008e700000|  0%| F|  |TAMS 0x000000008e600000, 0x000000008e600000| Untracked 
| 231|0x000000008e700000, 0x000000008e700000, 0x000000008e800000|  0%| F|  |TAMS 0x000000008e700000, 0x000000008e700000| Untracked 
| 232|0x000000008e800000, 0x000000008e800000, 0x000000008e900000|  0%| F|  |TAMS 0x000000008e800000, 0x000000008e800000| Untracked 
| 233|0x000000008e900000, 0x000000008e900000, 0x000000008ea00000|  0%| F|  |TAMS 0x000000008e900000, 0x000000008e900000| Untracked 
| 234|0x000000008ea00000, 0x000000008ea00000, 0x000000008eb00000|  0%| F|  |TAMS 0x000000008ea00000, 0x000000008ea00000| Untracked 
| 235|0x000000008eb00000, 0x000000008eb00000, 0x000000008ec00000|  0%| F|  |TAMS 0x000000008eb00000, 0x000000008eb00000| Untracked 
| 236|0x000000008ec00000, 0x000000008ec00000, 0x000000008ed00000|  0%| F|  |TAMS 0x000000008ec00000, 0x000000008ec00000| Untracked 
| 237|0x000000008ed00000, 0x000000008ed00000, 0x000000008ee00000|  0%| F|  |TAMS 0x000000008ed00000, 0x000000008ed00000| Untracked 
| 238|0x000000008ee00000, 0x000000008ee00000, 0x000000008ef00000|  0%| F|  |TAMS 0x000000008ee00000, 0x000000008ee00000| Untracked 
| 239|0x000000008ef00000, 0x000000008ef00000, 0x000000008f000000|  0%| F|  |TAMS 0x000000008ef00000, 0x000000008ef00000| Untracked 
| 240|0x000000008f000000, 0x000000008f000000, 0x000000008f100000|  0%| F|  |TAMS 0x000000008f000000, 0x000000008f000000| Untracked 
| 241|0x000000008f100000, 0x000000008f100000, 0x000000008f200000|  0%| F|  |TAMS 0x000000008f100000, 0x000000008f100000| Untracked 
| 242|0x000000008f200000, 0x000000008f200000, 0x000000008f300000|  0%| F|  |TAMS 0x000000008f200000, 0x000000008f200000| Untracked 
| 243|0x000000008f300000, 0x000000008f300000, 0x000000008f400000|  0%| F|  |TAMS 0x000000008f300000, 0x000000008f300000| Untracked 
| 244|0x000000008f400000, 0x000000008f4e00a0, 0x000000008f500000| 87%| S|CS|TAMS 0x000000008f400000, 0x000000008f400000| Complete 
| 245|0x000000008f500000, 0x000000008f600000, 0x000000008f600000|100%| S|CS|TAMS 0x000000008f500000, 0x000000008f500000| Complete 
| 246|0x000000008f600000, 0x000000008f600000, 0x000000008f700000|  0%| F|  |TAMS 0x000000008f600000, 0x000000008f600000| Untracked 
| 247|0x000000008f700000, 0x000000008f700000, 0x000000008f800000|  0%| F|  |TAMS 0x000000008f700000, 0x000000008f700000| Untracked 
| 248|0x000000008f800000, 0x000000008f800000, 0x000000008f900000|  0%| F|  |TAMS 0x000000008f800000, 0x000000008f800000| Untracked 
| 249|0x000000008f900000, 0x000000008f900000, 0x000000008fa00000|  0%| F|  |TAMS 0x000000008f900000, 0x000000008f900000| Untracked 
| 250|0x000000008fa00000, 0x000000008fb00000, 0x000000008fb00000|100%| S|CS|TAMS 0x000000008fa00000, 0x000000008fa00000| Complete 
| 251|0x000000008fb00000, 0x000000008fc00000, 0x000000008fc00000|100%| S|CS|TAMS 0x000000008fb00000, 0x000000008fb00000| Complete 
| 252|0x000000008fc00000, 0x000000008fc00000, 0x000000008fd00000|  0%| F|  |TAMS 0x000000008fc00000, 0x000000008fc00000| Untracked 
| 253|0x000000008fd00000, 0x000000008fd00000, 0x000000008fe00000|  0%| F|  |TAMS 0x000000008fd00000, 0x000000008fd00000| Untracked 
| 254|0x000000008fe00000, 0x000000008fe00000, 0x000000008ff00000|  0%| F|  |TAMS 0x000000008fe00000, 0x000000008fe00000| Untracked 
| 255|0x000000008ff00000, 0x000000008ff00000, 0x0000000090000000|  0%| F|  |TAMS 0x000000008ff00000, 0x000000008ff00000| Untracked 
| 256|0x0000000090000000, 0x0000000090000000, 0x0000000090100000|  0%| F|  |TAMS 0x0000000090000000, 0x0000000090000000| Untracked 
| 257|0x0000000090100000, 0x0000000090100000, 0x0000000090200000|  0%| F|  |TAMS 0x0000000090100000, 0x0000000090100000| Untracked 
| 258|0x0000000090200000, 0x0000000090200000, 0x0000000090300000|  0%| F|  |TAMS 0x0000000090200000, 0x0000000090200000| Untracked 
| 259|0x0000000090300000, 0x0000000090300000, 0x0000000090400000|  0%| F|  |TAMS 0x0000000090300000, 0x0000000090300000| Untracked 
| 260|0x0000000090400000, 0x0000000090400000, 0x0000000090500000|  0%| F|  |TAMS 0x0000000090400000, 0x0000000090400000| Untracked 
| 261|0x0000000090500000, 0x0000000090500000, 0x0000000090600000|  0%| F|  |TAMS 0x0000000090500000, 0x0000000090500000| Untracked 
| 262|0x0000000090600000, 0x0000000090600000, 0x0000000090700000|  0%| F|  |TAMS 0x0000000090600000, 0x0000000090600000| Untracked 
| 263|0x0000000090700000, 0x0000000090700000, 0x0000000090800000|  0%| F|  |TAMS 0x0000000090700000, 0x0000000090700000| Untracked 
| 264|0x0000000090800000, 0x0000000090800000, 0x0000000090900000|  0%| F|  |TAMS 0x0000000090800000, 0x0000000090800000| Untracked 
| 265|0x0000000090900000, 0x0000000090900000, 0x0000000090a00000|  0%| F|  |TAMS 0x0000000090900000, 0x0000000090900000| Untracked 
| 266|0x0000000090a00000, 0x0000000090a00000, 0x0000000090b00000|  0%| F|  |TAMS 0x0000000090a00000, 0x0000000090a00000| Untracked 
| 267|0x0000000090b00000, 0x0000000090b00000, 0x0000000090c00000|  0%| F|  |TAMS 0x0000000090b00000, 0x0000000090b00000| Untracked 
| 268|0x0000000090c00000, 0x0000000090c00000, 0x0000000090d00000|  0%| F|  |TAMS 0x0000000090c00000, 0x0000000090c00000| Untracked 
| 269|0x0000000090d00000, 0x0000000090d00000, 0x0000000090e00000|  0%| F|  |TAMS 0x0000000090d00000, 0x0000000090d00000| Untracked 
| 270|0x0000000090e00000, 0x0000000090e00000, 0x0000000090f00000|  0%| F|  |TAMS 0x0000000090e00000, 0x0000000090e00000| Untracked 
| 271|0x0000000090f00000, 0x0000000090f00000, 0x0000000091000000|  0%| F|  |TAMS 0x0000000090f00000, 0x0000000090f00000| Untracked 
| 272|0x0000000091000000, 0x0000000091000000, 0x0000000091100000|  0%| F|  |TAMS 0x0000000091000000, 0x0000000091000000| Untracked 
| 273|0x0000000091100000, 0x0000000091100000, 0x0000000091200000|  0%| F|  |TAMS 0x0000000091100000, 0x0000000091100000| Untracked 
| 274|0x0000000091200000, 0x0000000091200000, 0x0000000091300000|  0%| F|  |TAMS 0x0000000091200000, 0x0000000091200000| Untracked 
| 275|0x0000000091300000, 0x0000000091300000, 0x0000000091400000|  0%| F|  |TAMS 0x0000000091300000, 0x0000000091300000| Untracked 
| 276|0x0000000091400000, 0x0000000091400000, 0x0000000091500000|  0%| F|  |TAMS 0x0000000091400000, 0x0000000091400000| Untracked 
| 277|0x0000000091500000, 0x0000000091500000, 0x0000000091600000|  0%| F|  |TAMS 0x0000000091500000, 0x0000000091500000| Untracked 
| 278|0x0000000091600000, 0x0000000091600000, 0x0000000091700000|  0%| F|  |TAMS 0x0000000091600000, 0x0000000091600000| Untracked 
| 279|0x0000000091700000, 0x0000000091700000, 0x0000000091800000|  0%| F|  |TAMS 0x0000000091700000, 0x0000000091700000| Untracked 
| 280|0x0000000091800000, 0x0000000091800000, 0x0000000091900000|  0%| F|  |TAMS 0x0000000091800000, 0x0000000091800000| Untracked 
| 281|0x0000000091900000, 0x0000000091900000, 0x0000000091a00000|  0%| F|  |TAMS 0x0000000091900000, 0x0000000091900000| Untracked 

Card table byte_map: [0x000001ed579f0000,0x000001ed57df0000] _byte_map_base: 0x000001ed575f0000

Marking Bits (Prev, Next): (CMBitMap*) 0x000001ed44cc4f28, (CMBitMap*) 0x000001ed44cc4f60
 Prev Bits: [0x000001ed581f0000, 0x000001ed5a1f0000)
 Next Bits: [0x000001ed5a1f0000, 0x000001ed5c1f0000)

Polling page: 0x000001ed44450000

Metaspace:

Usage:
  Non-class:     84.43 MB capacity,    82.91 MB ( 98%) used,     1.23 MB (  1%) free+waste,   291.63 KB ( <1%) overhead. 
      Class:     13.33 MB capacity,    12.41 MB ( 93%) used,   811.24 KB (  6%) free+waste,   133.63 KB ( <1%) overhead. 
       Both:     97.76 MB capacity,    95.32 MB ( 98%) used,     2.02 MB (  2%) free+waste,   425.25 KB ( <1%) overhead. 

Virtual space:
  Non-class space:       86.00 MB reserved,      84.75 MB ( 99%) committed 
      Class space:        1.00 GB reserved,      13.57 MB (  1%) committed 
             Both:        1.08 GB reserved,      98.32 MB (  9%) committed 

Chunk freelists:
   Non-Class:  201.00 KB
       Class:  204.00 KB
        Both:  405.00 KB

MaxMetaspaceSize: 17179869184.00 GB
CompressedClassSpaceSize: 1.00 GB

CodeHeap 'non-profiled nmethods': size=120064Kb used=9325Kb max_used=9325Kb free=110738Kb
 bounds [0x000001ed500b0000, 0x000001ed509d0000, 0x000001ed575f0000]
CodeHeap 'profiled nmethods': size=120000Kb used=27397Kb max_used=27397Kb free=92602Kb
 bounds [0x000001ed48b80000, 0x000001ed4a650000, 0x000001ed500b0000]
CodeHeap 'non-nmethods': size=5696Kb used=2279Kb max_used=2341Kb free=3417Kb
 bounds [0x000001ed485f0000, 0x000001ed48860000, 0x000001ed48b80000]
 total_blobs=13385 nmethods=12503 adapters=793
 compilation: enabled
              stopped_count=0, restarted_count=0
 full_count=0

Compilation events (20 events):
Event: 36.431 Thread 0x000001ed63413000 nmethod 13344 0x000001ed509bf290 code [0x000001ed509bf460, 0x000001ed509bfb58]
Event: 36.432 Thread 0x000001ed5f06f000 13345       3       com.android.tools.r8.graph.S$d::a (14 bytes)
Event: 36.432 Thread 0x000001ed5f06f000 nmethod 13345 0x000001ed4a648010 code [0x000001ed4a648220, 0x000001ed4a648668]
Event: 36.449 Thread 0x000001ed5f06f000 13346       3       com.android.tools.r8.graph.S$a::a (14 bytes)
Event: 36.449 Thread 0x000001ed5f06f000 nmethod 13346 0x000001ed4a648890 code [0x000001ed4a648aa0, 0x000001ed4a648ee8]
Event: 36.450 Thread 0x000001ed5f06f000 13347       3       com.android.tools.r8.graph.S$b::a (14 bytes)
Event: 36.450 Thread 0x000001ed63413000 13348       4       com.android.tools.r8.dex.l::a (111 bytes)
Event: 36.450 Thread 0x000001ed5f06f000 nmethod 13347 0x000001ed4a649110 code [0x000001ed4a649320, 0x000001ed4a649768]
Event: 36.451 Thread 0x000001ed5f06f000 13349       3       com.android.tools.r8.utils.u0::a (119 bytes)
Event: 36.452 Thread 0x000001ed5f06f000 nmethod 13349 0x000001ed4a649990 code [0x000001ed4a649b80, 0x000001ed4a64a1c8]
Event: 36.452 Thread 0x000001ed5f06f000 13350       3       com.android.tools.r8.graph.S$e::a (15 bytes)
Event: 36.452 Thread 0x000001ed5f06f000 nmethod 13350 0x000001ed4a64a390 code [0x000001ed4a64a5a0, 0x000001ed4a64a9e8]
Event: 36.616 Thread 0x000001ed63413000 nmethod 13348 0x000001ed509c0090 code [0x000001ed509c03e0, 0x000001ed509c4048]
Event: 36.616 Thread 0x000001ed63413000 13355       4       com.android.tools.r8.dex.m::c (117 bytes)
Event: 36.624 Thread 0x000001ed63413000 nmethod 13355 0x000001ed509c6390 code [0x000001ed509c6580, 0x000001ed509c6a08]
Event: 36.624 Thread 0x000001ed63413000 13353       4       com.android.tools.r8.graph.O::t (36 bytes)
Event: 36.718 Thread 0x000001ed63413000 nmethod 13353 0x000001ed509c6f10 code [0x000001ed509c71e0, 0x000001ed509c94c8]
Event: 36.744 Thread 0x000001ed63413000 13357       4       com.android.tools.r8.dex.t::a (32 bytes)
Event: 36.755 Thread 0x000001ed63413000 nmethod 13357 0x000001ed509cac90 code [0x000001ed509caea0, 0x000001ed509cb478]
Event: 36.755 Thread 0x000001ed63413000 13358       4       com.android.tools.r8.graph.S$j::a (58 bytes)

GC Heap History (20 events):
Event: 30.837 GC heap after
{Heap after GC invocations=36 (full 0):
 garbage-first heap   total 227328K, used 155380K [0x0000000080000000, 0x0000000100000000)
  region size 1024K, 3 young (3072K), 3 survivors (3072K)
 Metaspace       used 97093K, capacity 99534K, committed 100172K, reserved 1136640K
  class space    used 12700K, capacity 13617K, committed 13900K, reserved 1048576K
}
Event: 31.704 GC heap before
{Heap before GC invocations=37 (full 0):
 garbage-first heap   total 227328K, used 174836K [0x0000000080000000, 0x0000000100000000)
  region size 1024K, 20 young (20480K), 3 survivors (3072K)
 Metaspace       used 97213K, capacity 99711K, committed 100428K, reserved 1136640K
  class space    used 12703K, capacity 13647K, committed 13900K, reserved 1048576K
}
Event: 31.723 GC heap after
{Heap after GC invocations=38 (full 0):
 garbage-first heap   total 227328K, used 164251K [0x0000000080000000, 0x0000000100000000)
  region size 1024K, 3 young (3072K), 3 survivors (3072K)
 Metaspace       used 97213K, capacity 99711K, committed 100428K, reserved 1136640K
  class space    used 12703K, capacity 13647K, committed 13900K, reserved 1048576K
}
Event: 31.775 GC heap before
{Heap before GC invocations=38 (full 0):
 garbage-first heap   total 227328K, used 168347K [0x0000000080000000, 0x0000000100000000)
  region size 1024K, 8 young (8192K), 3 survivors (3072K)
 Metaspace       used 97223K, capacity 99782K, committed 100428K, reserved 1136640K
  class space    used 12704K, capacity 13649K, committed 13900K, reserved 1048576K
}
Event: 31.793 GC heap after
{Heap after GC invocations=39 (full 0):
 garbage-first heap   total 227328K, used 166399K [0x0000000080000000, 0x0000000100000000)
  region size 1024K, 2 young (2048K), 2 survivors (2048K)
 Metaspace       used 97223K, capacity 99782K, committed 100428K, reserved 1136640K
  class space    used 12704K, capacity 13649K, committed 13900K, reserved 1048576K
}
Event: 32.327 GC heap before
{Heap before GC invocations=39 (full 0):
 garbage-first heap   total 227328K, used 169471K [0x0000000080000000, 0x0000000100000000)
  region size 1024K, 15 young (15360K), 2 survivors (2048K)
 Metaspace       used 97345K, capacity 99858K, committed 100428K, reserved 1136640K
  class space    used 12705K, capacity 13650K, committed 13900K, reserved 1048576K
}
Event: 32.348 GC heap after
{Heap after GC invocations=40 (full 0):
 garbage-first heap   total 288768K, used 158909K [0x0000000080000000, 0x0000000100000000)
  region size 1024K, 2 young (2048K), 2 survivors (2048K)
 Metaspace       used 97345K, capacity 99858K, committed 100428K, reserved 1136640K
  class space    used 12705K, capacity 13650K, committed 13900K, reserved 1048576K
}
Event: 33.474 GC heap before
{Heap before GC invocations=41 (full 0):
 garbage-first heap   total 288768K, used 194749K [0x0000000080000000, 0x0000000100000000)
  region size 1024K, 35 young (35840K), 2 survivors (2048K)
 Metaspace       used 97371K, capacity 99861K, committed 100428K, reserved 1136640K
  class space    used 12705K, capacity 13650K, committed 13900K, reserved 1048576K
}
Event: 33.509 GC heap after
{Heap after GC invocations=42 (full 0):
 garbage-first heap   total 288768K, used 170824K [0x0000000080000000, 0x0000000100000000)
  region size 1024K, 5 young (5120K), 5 survivors (5120K)
 Metaspace       used 97371K, capacity 99861K, committed 100428K, reserved 1136640K
  class space    used 12705K, capacity 13650K, committed 13900K, reserved 1048576K
}
Event: 33.771 GC heap before
{Heap before GC invocations=42 (full 0):
 garbage-first heap   total 288768K, used 185160K [0x0000000080000000, 0x0000000100000000)
  region size 1024K, 14 young (14336K), 5 survivors (5120K)
 Metaspace       used 97439K, capacity 99934K, committed 100428K, reserved 1136640K
  class space    used 12705K, capacity 13650K, committed 13900K, reserved 1048576K
}
Event: 33.787 GC heap after
{Heap after GC invocations=43 (full 0):
 garbage-first heap   total 288768K, used 177479K [0x0000000080000000, 0x0000000100000000)
  region size 1024K, 2 young (2048K), 2 survivors (2048K)
 Metaspace       used 97439K, capacity 99934K, committed 100428K, reserved 1136640K
  class space    used 12705K, capacity 13650K, committed 13900K, reserved 1048576K
}
Event: 34.179 GC heap before
{Heap before GC invocations=43 (full 0):
 garbage-first heap   total 288768K, used 180551K [0x0000000080000000, 0x0000000100000000)
  region size 1024K, 7 young (7168K), 2 survivors (2048K)
 Metaspace       used 97448K, capacity 99935K, committed 100428K, reserved 1136640K
  class space    used 12705K, capacity 13650K, committed 13900K, reserved 1048576K
}
Event: 34.185 GC heap after
{Heap after GC invocations=44 (full 0):
 garbage-first heap   total 288768K, used 177515K [0x0000000080000000, 0x0000000100000000)
  region size 1024K, 2 young (2048K), 2 survivors (2048K)
 Metaspace       used 97448K, capacity 99935K, committed 100428K, reserved 1136640K
  class space    used 12705K, capacity 13650K, committed 13900K, reserved 1048576K
}
Event: 35.398 GC heap before
{Heap before GC invocations=45 (full 0):
 garbage-first heap   total 288768K, used 214379K [0x0000000080000000, 0x0000000100000000)
  region size 1024K, 33 young (33792K), 2 survivors (2048K)
 Metaspace       used 97490K, capacity 100007K, committed 100684K, reserved 1136640K
  class space    used 12706K, capacity 13651K, committed 13900K, reserved 1048576K
}
Event: 35.402 GC heap after
{Heap after GC invocations=46 (full 0):
 garbage-first heap   total 288768K, used 186283K [0x0000000080000000, 0x0000000100000000)
  region size 1024K, 5 young (5120K), 5 survivors (5120K)
 Metaspace       used 97490K, capacity 100007K, committed 100684K, reserved 1136640K
  class space    used 12706K, capacity 13651K, committed 13900K, reserved 1048576K
}
Event: 35.685 GC heap before
{Heap before GC invocations=46 (full 0):
 garbage-first heap   total 288768K, used 199595K [0x0000000080000000, 0x0000000100000000)
  region size 1024K, 14 young (14336K), 5 survivors (5120K)
 Metaspace       used 97530K, capacity 100015K, committed 100684K, reserved 1136640K
  class space    used 12707K, capacity 13652K, committed 13900K, reserved 1048576K
}
Event: 35.695 GC heap after
{Heap after GC invocations=47 (full 0):
 garbage-first heap   total 288768K, used 187121K [0x0000000080000000, 0x0000000100000000)
  region size 1024K, 2 young (2048K), 2 survivors (2048K)
 Metaspace       used 97530K, capacity 100015K, committed 100684K, reserved 1136640K
  class space    used 12707K, capacity 13652K, committed 13900K, reserved 1048576K
}
Event: 35.868 GC heap before
{Heap before GC invocations=47 (full 0):
 garbage-first heap   total 288768K, used 218865K [0x0000000080000000, 0x0000000100000000)
  region size 1024K, 32 young (32768K), 2 survivors (2048K)
 Metaspace       used 97530K, capacity 100016K, committed 100684K, reserved 1136640K
  class space    used 12707K, capacity 13652K, committed 13900K, reserved 1048576K
}
Event: 35.882 GC heap after
{Heap after GC invocations=48 (full 0):
 garbage-first heap   total 288768K, used 193754K [0x0000000080000000, 0x0000000100000000)
  region size 1024K, 4 young (4096K), 4 survivors (4096K)
 Metaspace       used 97530K, capacity 100016K, committed 100684K, reserved 1136640K
  class space    used 12707K, capacity 13652K, committed 13900K, reserved 1048576K
}
Event: 36.769 GC heap before
{Heap before GC invocations=49 (full 0):
 garbage-first heap   total 288768K, used 233690K [0x0000000080000000, 0x0000000100000000)
  region size 1024K, 34 young (34816K), 4 survivors (4096K)
 Metaspace       used 97608K, capacity 100107K, committed 100684K, reserved 1136640K
  class space    used 12707K, capacity 13652K, committed 13900K, reserved 1048576K
}

Deoptimization events (20 events):
Event: 36.206 Thread 0x000001ed648ce000 DEOPT PACKING pc=0x000001ed50939ec4 sp=0x00000060e4cfeb70
Event: 36.206 Thread 0x000001ed648ce000 DEOPT UNPACKING pc=0x000001ed486174af sp=0x00000060e4cfeaf8 mode 2
Event: 36.207 Thread 0x000001ed648ce000 Uncommon trap: trap_request=0xffffff4d fr.pc=0x000001ed509335e4 relative=0x0000000000001664
Event: 36.207 Thread 0x000001ed648ce000 Uncommon trap: reason=unstable_if action=reinterpret pc=0x000001ed509335e4 method=java.util.TimSort.mergeHi(IIII)V @ 131 c2
Event: 36.207 Thread 0x000001ed648ce000 DEOPT PACKING pc=0x000001ed509335e4 sp=0x00000060e4cfebe0
Event: 36.207 Thread 0x000001ed648ce000 DEOPT UNPACKING pc=0x000001ed486174af sp=0x00000060e4cfebd8 mode 2
Event: 36.207 Thread 0x000001ed648ce000 Uncommon trap: trap_request=0xffffff4d fr.pc=0x000001ed5092abf8 relative=0x00000000000015f8
Event: 36.207 Thread 0x000001ed648ce000 Uncommon trap: reason=unstable_if action=reinterpret pc=0x000001ed5092abf8 method=java.util.TimSort.mergeLo(IIII)V @ 105 c2
Event: 36.207 Thread 0x000001ed648ce000 DEOPT PACKING pc=0x000001ed5092abf8 sp=0x00000060e4cfebe0
Event: 36.207 Thread 0x000001ed648ce000 DEOPT UNPACKING pc=0x000001ed486174af sp=0x00000060e4cfebe0 mode 2
Event: 36.231 Thread 0x000001ed648ce000 DEOPT PACKING pc=0x000001ed4a5df6c8 sp=0x00000060e4cfec20
Event: 36.231 Thread 0x000001ed648ce000 DEOPT UNPACKING pc=0x000001ed486172ce sp=0x00000060e4cfe108 mode 0
Event: 36.355 Thread 0x000001ed648ce000 Uncommon trap: trap_request=0xffffff4d fr.pc=0x000001ed507a5b04 relative=0x0000000000000064
Event: 36.355 Thread 0x000001ed648ce000 Uncommon trap: reason=unstable_if action=reinterpret pc=0x000001ed507a5b04 method=com.android.tools.r8.dex.m.c(I)V @ 8 c2
Event: 36.355 Thread 0x000001ed648ce000 DEOPT PACKING pc=0x000001ed507a5b04 sp=0x00000060e4cfe9f0
Event: 36.355 Thread 0x000001ed648ce000 DEOPT UNPACKING pc=0x000001ed486174af sp=0x00000060e4cfe968 mode 2
Event: 36.366 Thread 0x000001ed648ce000 Uncommon trap: trap_request=0xffffff4d fr.pc=0x000001ed509214ac relative=0x0000000000001a4c
Event: 36.366 Thread 0x000001ed648ce000 Uncommon trap: reason=unstable_if action=reinterpret pc=0x000001ed509214ac method=com.android.tools.r8.graph.O.t()Lcom/android/tools/r8/graph/W; @ 4 c2
Event: 36.366 Thread 0x000001ed648ce000 DEOPT PACKING pc=0x000001ed509214ac sp=0x00000060e4cfe960
Event: 36.366 Thread 0x000001ed648ce000 DEOPT UNPACKING pc=0x000001ed486174af sp=0x00000060e4cfe988 mode 2

Classes redefined (0 events):
No events

Internal exceptions (20 events):
Event: 25.771 Thread 0x000001ed6011c000 Exception <a 'java/lang/NoSuchMethodError'{0x000000008aedf120}: 'void java.lang.invoke.DirectMethodHandle$Holder.invokeVirtual(java.lang.Object, java.lang.Object, int)'> (0x000000008aedf120) thrown at [./src/hotspot/share/interpreter/linkResolver.cpp, line 773]
Event: 25.790 Thread 0x000001ed6011c000 Exception <a 'sun/nio/fs/WindowsException'{0x000000008ad87160}> (0x000000008ad87160) thrown at [./src/hotspot/share/prims/jni.cpp, line 615]
Event: 25.796 Thread 0x000001ed6011c000 Exception <a 'sun/nio/fs/WindowsException'{0x000000008ad97690}> (0x000000008ad97690) thrown at [./src/hotspot/share/prims/jni.cpp, line 615]
Event: 25.817 Thread 0x000001ed6011a800 Exception <a 'sun/nio/fs/WindowsException'{0x000000008ad47840}> (0x000000008ad47840) thrown at [./src/hotspot/share/prims/jni.cpp, line 615]
Event: 25.823 Thread 0x000001ed6011c000 Exception <a 'sun/nio/fs/WindowsException'{0x000000008ad9dd18}> (0x000000008ad9dd18) thrown at [./src/hotspot/share/prims/jni.cpp, line 615]
Event: 25.828 Thread 0x000001ed6011a800 Exception <a 'sun/nio/fs/WindowsException'{0x000000008ad4d770}> (0x000000008ad4d770) thrown at [./src/hotspot/share/prims/jni.cpp, line 615]
Event: 25.834 Thread 0x000001ed6011a800 Exception <a 'sun/nio/fs/WindowsException'{0x000000008ad55000}> (0x000000008ad55000) thrown at [./src/hotspot/share/prims/jni.cpp, line 615]
Event: 25.837 Thread 0x000001ed6011c000 Exception <a 'sun/nio/fs/WindowsException'{0x000000008acc13b0}> (0x000000008acc13b0) thrown at [./src/hotspot/share/prims/jni.cpp, line 615]
Event: 25.838 Thread 0x000001ed6011a800 Exception <a 'sun/nio/fs/WindowsException'{0x000000008ad5c600}> (0x000000008ad5c600) thrown at [./src/hotspot/share/prims/jni.cpp, line 615]
Event: 25.841 Thread 0x000001ed6011c000 Exception <a 'sun/nio/fs/WindowsException'{0x000000008acc7698}> (0x000000008acc7698) thrown at [./src/hotspot/share/prims/jni.cpp, line 615]
Event: 25.843 Thread 0x000001ed6011a800 Exception <a 'sun/nio/fs/WindowsException'{0x000000008ad65fb8}> (0x000000008ad65fb8) thrown at [./src/hotspot/share/prims/jni.cpp, line 615]
Event: 25.846 Thread 0x000001ed6011a800 Exception <a 'sun/nio/fs/WindowsException'{0x000000008abc5568}> (0x000000008abc5568) thrown at [./src/hotspot/share/prims/jni.cpp, line 615]
Event: 25.849 Thread 0x000001ed6011a800 Exception <a 'sun/nio/fs/WindowsException'{0x000000008abcc4d0}> (0x000000008abcc4d0) thrown at [./src/hotspot/share/prims/jni.cpp, line 615]
Event: 25.850 Thread 0x000001ed6011c000 Exception <a 'sun/nio/fs/WindowsException'{0x000000008acce478}> (0x000000008acce478) thrown at [./src/hotspot/share/prims/jni.cpp, line 615]
Event: 25.853 Thread 0x000001ed6011c000 Exception <a 'sun/nio/fs/WindowsException'{0x000000008acd4470}> (0x000000008acd4470) thrown at [./src/hotspot/share/prims/jni.cpp, line 615]
Event: 25.856 Thread 0x000001ed6011a800 Exception <a 'sun/nio/fs/WindowsException'{0x000000008abd67f0}> (0x000000008abd67f0) thrown at [./src/hotspot/share/prims/jni.cpp, line 615]
Event: 27.106 Thread 0x000001ed60112800 Exception <a 'java/lang/NoSuchMethodError'{0x000000008b129768}: <clinit>> (0x000000008b129768) thrown at [./src/hotspot/share/prims/jni.cpp, line 1362]
Event: 27.669 Thread 0x000001ed6011e000 Exception <a 'sun/nio/fs/WindowsException'{0x000000008b5415b0}> (0x000000008b5415b0) thrown at [./src/hotspot/share/prims/jni.cpp, line 615]
Event: 28.878 Thread 0x000001ed6011e000 Implicit null exception at 0x000001ed50827e1c to 0x000001ed5082896c
Event: 31.756 Thread 0x000001ed6011e000 Implicit null exception at 0x000001ed501a857c to 0x000001ed501a94d8

Events (20 events):
Event: 35.488 Executing VM operation: RevokeBias done
Event: 35.488 Executing VM operation: RevokeBias
Event: 35.488 Executing VM operation: RevokeBias done
Event: 35.488 Executing VM operation: RevokeBias
Event: 35.488 Executing VM operation: RevokeBias done
Event: 35.488 Executing VM operation: RevokeBias
Event: 35.488 Executing VM operation: RevokeBias done
Event: 35.488 Executing VM operation: RevokeBias
Event: 35.488 Executing VM operation: RevokeBias done
Event: 35.488 Executing VM operation: BulkRevokeBias
Event: 35.491 Executing VM operation: BulkRevokeBias done
Event: 35.684 Executing VM operation: G1CollectForAllocation
Event: 35.695 Executing VM operation: G1CollectForAllocation done
Event: 35.868 Executing VM operation: G1CollectForAllocation
Event: 35.882 Executing VM operation: G1CollectForAllocation done
Event: 36.434 Executing VM operation: CGC_Operation
Event: 36.448 Executing VM operation: CGC_Operation done
Event: 36.752 Executing VM operation: CGC_Operation
Event: 36.752 Executing VM operation: CGC_Operation done
Event: 36.768 Executing VM operation: G1CollectForAllocation


Dynamic libraries:
0x00007ff67d5b0000 - 0x00007ff67d5ba000 	E:\Program Files\Android\Android Studio\jre\bin\java.exe
0x00007fff18340000 - 0x00007fff18530000 	C:\Windows\SYSTEM32\ntdll.dll
0x00007ffecbad0000 - 0x00007ffecbb04000 	C:\Program Files\AVAST Software\Avast\x64\aswhooka.dll
0x00007fff16530000 - 0x00007fff165e2000 	C:\Windows\System32\KERNEL32.DLL
0x00007fff15490000 - 0x00007fff15735000 	C:\Windows\System32\KERNELBASE.dll
0x00007fff162f0000 - 0x00007fff163ea000 	C:\Windows\System32\ucrtbase.dll
0x00007ffeff7a0000 - 0x00007ffeff7b9000 	E:\Program Files\Android\Android Studio\jre\bin\jli.dll
0x00007fff165f0000 - 0x00007fff16784000 	C:\Windows\System32\USER32.dll
0x00007fff15a40000 - 0x00007fff15a61000 	C:\Windows\System32\win32u.dll
0x00007fff18130000 - 0x00007fff18156000 	C:\Windows\System32\GDI32.dll
0x00007fff15850000 - 0x00007fff159e6000 	C:\Windows\System32\gdi32full.dll
0x00007fff16200000 - 0x00007fff1629e000 	C:\Windows\System32\msvcp_win.dll
0x00007ffefe8a0000 - 0x00007ffefe8b7000 	E:\Program Files\Android\Android Studio\jre\bin\VCRUNTIME140.dll
0x00007fff02ec0000 - 0x00007fff03144000 	C:\Windows\WinSxS\amd64_microsoft.windows.common-controls_6595b64144ccf1df_6.0.18362.1256_none_9e7e379be45e40e2\COMCTL32.dll
0x00007fff167f0000 - 0x00007fff1688e000 	C:\Windows\System32\msvcrt.dll
0x00007fff179c0000 - 0x00007fff17cf6000 	C:\Windows\System32\combase.dll
0x00007fff17730000 - 0x00007fff17850000 	C:\Windows\System32\RPCRT4.dll
0x00007fff15400000 - 0x00007fff15481000 	C:\Windows\System32\bcryptPrimitives.dll
0x00007fff17d60000 - 0x00007fff17d8e000 	C:\Windows\System32\IMM32.DLL
0x00007ffedece0000 - 0x00007ffeded7d000 	E:\Program Files\Android\Android Studio\jre\bin\msvcp140.dll
0x00007ffeae6b0000 - 0x00007ffeaf16c000 	E:\Program Files\Android\Android Studio\jre\bin\server\jvm.dll
0x00007fff17ed0000 - 0x00007fff17f73000 	C:\Windows\System32\ADVAPI32.dll
0x00007fff17920000 - 0x00007fff179b7000 	C:\Windows\System32\sechost.dll
0x00007fff17230000 - 0x00007fff17238000 	C:\Windows\System32\PSAPI.DLL
0x00007ffee8170000 - 0x00007ffee8179000 	C:\Windows\SYSTEM32\WSOCK32.dll
0x00007fff17d90000 - 0x00007fff17dff000 	C:\Windows\System32\WS2_32.dll
0x00007fff12da0000 - 0x00007fff12dc4000 	C:\Windows\SYSTEM32\WINMM.dll
0x00007fff0d990000 - 0x00007fff0d99a000 	C:\Windows\SYSTEM32\VERSION.dll
0x00007fff12920000 - 0x00007fff1294d000 	C:\Windows\SYSTEM32\WINMMBASE.dll
0x00007fff159f0000 - 0x00007fff15a3a000 	C:\Windows\System32\cfgmgr32.dll
0x00007fff151f0000 - 0x00007fff15201000 	C:\Windows\System32\kernel.appcore.dll
0x00007fff12fb0000 - 0x00007fff12fc1000 	E:\Program Files\Android\Android Studio\jre\bin\verify.dll
0x00007fff13a80000 - 0x00007fff13c74000 	C:\Windows\SYSTEM32\DBGHELP.DLL
0x00007fff029b0000 - 0x00007fff029da000 	C:\Windows\SYSTEM32\dbgcore.DLL
0x00007fff12f80000 - 0x00007fff12fa9000 	E:\Program Files\Android\Android Studio\jre\bin\java.dll
0x00007fff12f70000 - 0x00007fff12f7b000 	E:\Program Files\Android\Android Studio\jre\bin\jimage.dll
0x00007fff12f50000 - 0x00007fff12f68000 	E:\Program Files\Android\Android Studio\jre\bin\zip.dll
0x00007fff169e0000 - 0x00007fff170c7000 	C:\Windows\System32\SHELL32.dll
0x00007fff18250000 - 0x00007fff182f9000 	C:\Windows\System32\shcore.dll
0x00007fff15a70000 - 0x00007fff161f1000 	C:\Windows\System32\windows.storage.dll
0x00007fff15230000 - 0x00007fff15253000 	C:\Windows\System32\profapi.dll
0x00007fff15260000 - 0x00007fff152aa000 	C:\Windows\System32\powrprof.dll
0x00007fff151e0000 - 0x00007fff151f0000 	C:\Windows\System32\UMPDC.dll
0x00007fff17d00000 - 0x00007fff17d52000 	C:\Windows\System32\shlwapi.dll
0x00007fff162d0000 - 0x00007fff162e7000 	C:\Windows\System32\cryptsp.dll
0x00007fff12f30000 - 0x00007fff12f4a000 	E:\Program Files\Android\Android Studio\jre\bin\net.dll
0x00007fff057a0000 - 0x00007fff05890000 	C:\Windows\SYSTEM32\WINHTTP.dll
0x00007fff149d0000 - 0x00007fff14a37000 	C:\Windows\system32\mswsock.dll
0x00007fff12f10000 - 0x00007fff12f24000 	E:\Program Files\Android\Android Studio\jre\bin\nio.dll
0x00007ffeff7c0000 - 0x00007ffeff7e7000 	C:\Users\hp\.gradle\native\fdc75f09e3144964f2cf3f50f0aa648679c211496f362492102eb8c894070792\windows-amd64\native-platform.dll
0x00007ffefa9c0000 - 0x00007ffefab56000 	C:\Users\hp\.gradle\native\12488b8bf47d2d4c9fbf2f6322a914ad602e24e48041cd04a747c6da556b65c4\windows-amd64\native-platform-file-events.dll
0x00007fff12f00000 - 0x00007fff12f0a000 	E:\Program Files\Android\Android Studio\jre\bin\management.dll
0x00007fff0f3e0000 - 0x00007fff0f3ec000 	E:\Program Files\Android\Android Studio\jre\bin\management_ext.dll
0x00007fff14540000 - 0x00007fff14573000 	C:\Windows\system32\rsaenh.dll
0x00007fff162a0000 - 0x00007fff162c6000 	C:\Windows\System32\bcrypt.dll
0x00007fff15100000 - 0x00007fff15125000 	C:\Windows\SYSTEM32\USERENV.dll
0x00007fff14ba0000 - 0x00007fff14bac000 	C:\Windows\SYSTEM32\CRYPTBASE.dll
0x00007fff146e0000 - 0x00007fff1471a000 	C:\Windows\SYSTEM32\IPHLPAPI.DLL
0x00007fff16520000 - 0x00007fff16528000 	C:\Windows\System32\NSI.dll
0x00007fff05f50000 - 0x00007fff05f66000 	C:\Windows\SYSTEM32\dhcpcsvc6.DLL
0x00007fff05fa0000 - 0x00007fff05fbc000 	C:\Windows\SYSTEM32\dhcpcsvc.DLL
0x00007fff14720000 - 0x00007fff147eb000 	C:\Windows\SYSTEM32\DNSAPI.dll
0x00007fff066d0000 - 0x00007fff066db000 	C:\Windows\SYSTEM32\WINNSI.DLL

dbghelp: loaded successfully - version: 4.0.5 - missing functions: none
symbol engine: initialized successfully - sym options: 0x614 - pdb path: .;E:\Program Files\Android\Android Studio\jre\bin;C:\Windows\SYSTEM32;C:\Program Files\AVAST Software\Avast\x64;C:\Windows\WinSxS\amd64_microsoft.windows.common-controls_6595b64144ccf1df_6.0.18362.1256_none_9e7e379be45e40e2;E:\Program Files\Android\Android Studio\jre\bin\server;C:\Users\hp\.gradle\native\fdc75f09e3144964f2cf3f50f0aa648679c211496f362492102eb8c894070792\windows-amd64;C:\Users\hp\.gradle\native\12488b8bf47d2d4c9fbf2f6322a914ad602e24e48041cd04a747c6da556b65c4\windows-amd64

VM Arguments:
jvm_args: --add-opens=java.base/java.util=ALL-UNNAMED --add-opens=java.base/java.lang=ALL-UNNAMED --add-opens=java.base/java.lang.invoke=ALL-UNNAMED --add-opens=java.prefs/java.util.prefs=ALL-UNNAMED -Xmx2048m -Dfile.encoding=UTF-8 -Duser.country=US -Duser.language=en -Duser.variant 
java_command: org.gradle.launcher.daemon.bootstrap.GradleDaemon 6.7.1
java_class_path (initial): C:\Users\hp\.gradle\wrapper\dists\gradle-6.7.1-bin\bwlcbys1h7rz3272sye1xwiv6\gradle-6.7.1\lib\gradle-launcher-6.7.1.jar
Launcher Type: SUN_STANDARD

[Global flags]
     intx CICompilerCount                          = 3                                         {product} {ergonomic}
     uint ConcGCThreads                            = 1                                         {product} {ergonomic}
     uint G1ConcRefinementThreads                  = 4                                         {product} {ergonomic}
   size_t G1HeapRegionSize                         = 1048576                                   {product} {ergonomic}
    uintx GCDrainStackTargetSize                   = 64                                        {product} {ergonomic}
   size_t InitialHeapSize                          = 134217728                                 {product} {ergonomic}
   size_t MarkStackSize                            = 4194304                                   {product} {ergonomic}
   size_t MaxHeapSize                              = 2147483648                                {product} {command line}
   size_t MaxNewSize                               = 1287651328                                {product} {ergonomic}
   size_t MinHeapDeltaBytes                        = 1048576                                   {product} {ergonomic}
    uintx NonNMethodCodeHeapSize                   = 5830732                                {pd product} {ergonomic}
    uintx NonProfiledCodeHeapSize                  = 122913754                              {pd product} {ergonomic}
    uintx ProfiledCodeHeapSize                     = 122913754                              {pd product} {ergonomic}
    uintx ReservedCodeCacheSize                    = 251658240                              {pd product} {ergonomic}
     bool SegmentedCodeCache                       = true                                      {product} {ergonomic}
     bool UseCompressedClassPointers               = true                                 {lp64_product} {ergonomic}
     bool UseCompressedOops                        = true                                 {lp64_product} {ergonomic}
     bool UseG1GC                                  = true                                      {product} {ergonomic}
     bool UseLargePagesIndividualAllocation        = false                                  {pd product} {ergonomic}

Logging:
Log output configuration:
 #0: stdout all=warning uptime,level,tags
 #1: stderr all=off uptime,level,tags

Environment Variables:
JAVA_HOME=C:\Program Files\Java\jdk-17.0.1
PATH=C:\ffmpeg\bin;C:\Program Files\Common Files\Oracle\Java\javapath;C:\Python310\Scripts\;C:\Python310\;C:\ProgramData\Oracle\Java\javapath;C:\Windows\system32;C:\Windows;C:\Windows\System32\Wbem;C:\Windows\System32\WindowsPowerShell\v1.0\;C:\Windows\System32\OpenSSH\;C:\Program Files\Java\jdk-17\bin;C:\Program Files\Microsoft SQL Server\Client SDK\ODBC\110\Tools\Binn\;C:\Program Files\Microsoft SQL Server\Client SDK\ODBC\170\Tools\Binn\;C:\ProgramData\chocolatey\bin;C:\Program Files\Java\jdk-17.0.1\bin;C:\Program Files\Azure Data Studio\bin;C:\Program Files\dotnet\;C:\Program Files\Git\cmd;C:\Program Files\nodejs\;C:\Users\hp\AppData\Local\Microsoft\WindowsApps;D:\Microsoft VS Code\bin;C:\Users\hp\AppData\Local\Android\Sdk\platform-tools;C:\Program Files (x86)\Microsoft SQL Server\150\DTS\Binn\;C:\Program Files (x86)\Microsoft SQL Server\150\Tools\Binn\;C:\Program Files\Microsoft SQL Server\150\Tools\Binn\;C:\Program Files\Microsoft SQL Server\150\DTS\Binn\;C:\Users\hp\AppData\Local\Microsoft\WindowsApps;D:\Microsoft VS Code\bin;C:\Program Files\Azure Data Studio\bin;C:\Users\hp\AppData\Local\Android\Sdk\platform-tools;;C:\Users\hp\AppData\Local\Programs\Microsoft VS Code\bin;C:\Users\hp\.dotnet\tools;C:\Users\hp\AppData\Roaming\npm
USERNAME=hp
OS=Windows_NT
PROCESSOR_IDENTIFIER=Intel64 Family 6 Model 142 Stepping 9, GenuineIntel



---------------  S Y S T E M  ---------------

OS: Windows 10 , 64 bit Build 18362 (10.0.18362.1110)
OS uptime: 0 days 0:27 hours

CPU:total 4 (initial active 4) (2 cores per cpu, 2 threads per core) family 6 model 142 stepping 9, cmov, cx8, fxsr, mmx, sse, sse2, sse3, ssse3, sse4.1, sse4.2, popcnt, avx, avx2, aes, clmul, erms, 3dnowpref, lzcnt, ht, tsc, tscinvbit, bmi1, bmi2, adx, fma

Memory: 4k page, system-wide physical 8078M (412M free)
TotalPageFile size 8078M (AvailPageFile size 29M)
current process WorkingSet (physical memory assigned to process): 551M, peak: 551M
current process commit charge ("private bytes"): 604M, peak: 692M

vm_info: OpenJDK 64-Bit Server VM (11.0.8+10-b944.6842174) for windows-amd64 JRE (11.0.8+10-b944.6842174), built on Sep 19 2020 01:11:42 by "builder" with MS VC++ 14.0 (VS2015)

END.
