#
# There is insufficient memory for the Java Runtime Environment to continue.
# Native memory allocation (malloc) failed to allocate 1381296 bytes for Chunk::new
# Possible reasons:
#   The system is out of physical RAM or swap space
#   The process is running with CompressedOops enabled, and the Java Heap may be blocking the growth of the native heap
# Possible solutions:
#   Reduce memory load on the system
#   Increase physical memory or swap space
#   Check if swap backing store is full
#   Decrease Java heap size (-Xmx/-Xms)
#   Decrease number of Java threads
#   Decrease Java thread stack sizes (-Xss)
#   Set larger code cache with -XX:ReservedCodeCacheSize=
#   JVM is running with Unscaled Compressed Oops mode in which the Java heap is
#     placed in the first 4GB address space. The Java Heap base address is the
#     maximum limit for the native heap growth. Please use -XX:HeapBaseMinAddress
#     to set the Java Heap base and to place the Java Heap above 4GB virtual address.
# This output file may be truncated or incomplete.
#
#  Out of Memory Error (./src/hotspot/share/memory/arena.cpp:197), pid=3292, tid=14008
#
# JRE version: OpenJDK Runtime Environment (11.0.8+10) (build 11.0.8+10-b944.6842174)
# Java VM: OpenJDK 64-Bit Server VM (11.0.8+10-b944.6842174, mixed mode, tiered, compressed oops, g1 gc, windows-amd64)
# No core dump will be written. Minidumps are not enabled by default on client versions of Windows
#

---------------  S U M M A R Y ------------

Command Line: --add-opens=java.base/java.util=ALL-UNNAMED --add-opens=java.base/java.lang=ALL-UNNAMED --add-opens=java.base/java.lang.invoke=ALL-UNNAMED --add-opens=java.prefs/java.util.prefs=ALL-UNNAMED -Xmx2048m -Dfile.encoding=UTF-8 -Duser.country=US -Duser.language=en -Duser.variant org.gradle.launcher.daemon.bootstrap.GradleDaemon 6.7.1

Host: Intel(R) Core(TM) i5-7200U CPU @ 2.50GHz, 4 cores, 7G,  Windows 10 , 64 bit Build 18362 (10.0.18362.1110)
Time: Fri May 27 22:47:33 2022 Morocco Daylight Time elapsed time: 5 seconds (0d 0h 0m 5s)

---------------  T H R E A D  ---------------

Current thread (0x000001b2f18b7800):  JavaThread "C2 CompilerThread0" daemon [_thread_in_native, id=14008, stack(0x0000005304400000,0x0000005304500000)]


Current CompileTask:
C2:   5577 1956   !   4       java.lang.ClassLoader::loadClass (122 bytes)

Stack: [0x0000005304400000,0x0000005304500000]
Native frames: (J=compiled Java code, j=interpreted, Vv=VM code, C=native code)
V  [jvm.dll+0x5de50a]
V  [jvm.dll+0x7122f5]
V  [jvm.dll+0x71384d]
V  [jvm.dll+0x713f03]
V  [jvm.dll+0x23e728]
V  [jvm.dll+0xb899c]
V  [jvm.dll+0xb8e9c]
V  [jvm.dll+0x35020b]
V  [jvm.dll+0x31dea3]
V  [jvm.dll+0x31d39a]
V  [jvm.dll+0x1f7702]
V  [jvm.dll+0x1f68d4]
V  [jvm.dll+0x17f32c]
V  [jvm.dll+0x205047]
V  [jvm.dll+0x203891]
V  [jvm.dll+0x6dad3f]
V  [jvm.dll+0x6d3895]
V  [jvm.dll+0x5dd4a6]
C  [ucrtbase.dll+0x210b2]
C  [KERNEL32.DLL+0x17c24]
C  [ntdll.dll+0x6d4d1]


---------------  P R O C E S S  ---------------

Threads class SMR info:
_java_thread_list=0x000001b2f3c14810, length=24, elements={
0x000001b2d5550000, 0x000001b2f0f3c800, 0x000001b2f0f46800, 0x000001b2f18b4800,
0x000001b2f18b5800, 0x000001b2f18b7800, 0x000001b2f0f50800, 0x000001b2f0f52800,
0x000001b2f19ff800, 0x000001b2f1a22000, 0x000001b2f2b95000, 0x000001b2f2bd3800,
0x000001b2f3772800, 0x000001b2f2ca6800, 0x000001b2f3ade000, 0x000001b2f2e4a000,
0x000001b2f2bd0000, 0x000001b2f2bd0800, 0x000001b2f32ec800, 0x000001b2f36a2000,
0x000001b2f3693000, 0x000001b2f3692000, 0x000001b2f3698000, 0x000001b2f3969000
}

Java Threads: ( => current thread )
  0x000001b2d5550000 JavaThread "main" [_thread_blocked, id=5640, stack(0x0000005303900000,0x0000005303a00000)]
  0x000001b2f0f3c800 JavaThread "Reference Handler" daemon [_thread_blocked, id=1268, stack(0x0000005304000000,0x0000005304100000)]
  0x000001b2f0f46800 JavaThread "Finalizer" daemon [_thread_blocked, id=13748, stack(0x0000005304100000,0x0000005304200000)]
  0x000001b2f18b4800 JavaThread "Signal Dispatcher" daemon [_thread_blocked, id=544, stack(0x0000005304200000,0x0000005304300000)]
  0x000001b2f18b5800 JavaThread "Attach Listener" daemon [_thread_blocked, id=15628, stack(0x0000005304300000,0x0000005304400000)]
=>0x000001b2f18b7800 JavaThread "C2 CompilerThread0" daemon [_thread_in_native, id=14008, stack(0x0000005304400000,0x0000005304500000)]
  0x000001b2f0f50800 JavaThread "C1 CompilerThread0" daemon [_thread_blocked, id=1104, stack(0x0000005304500000,0x0000005304600000)]
  0x000001b2f0f52800 JavaThread "Sweeper thread" daemon [_thread_blocked, id=16276, stack(0x0000005304600000,0x0000005304700000)]
  0x000001b2f19ff800 JavaThread "Common-Cleaner" daemon [_thread_blocked, id=11780, stack(0x0000005304700000,0x0000005304800000)]
  0x000001b2f1a22000 JavaThread "Service Thread" daemon [_thread_blocked, id=15600, stack(0x0000005304800000,0x0000005304900000)]
  0x000001b2f2b95000 JavaThread "Daemon health stats" [_thread_blocked, id=3192, stack(0x0000005304d00000,0x0000005304e00000)]
  0x000001b2f2bd3800 JavaThread "Incoming local TCP Connector on port 65385" [_thread_in_native, id=10480, stack(0x0000005304f00000,0x0000005305000000)]
  0x000001b2f3772800 JavaThread "Daemon periodic checks" [_thread_blocked, id=4924, stack(0x0000005305000000,0x0000005305100000)]
  0x000001b2f2ca6800 JavaThread "Daemon" [_thread_blocked, id=14896, stack(0x0000005305100000,0x0000005305200000)]
  0x000001b2f3ade000 JavaThread "Handler for socket connection from /127.0.0.1:65385 to /127.0.0.1:65386" [_thread_in_native, id=12864, stack(0x0000005305200000,0x0000005305300000)]
  0x000001b2f2e4a000 JavaThread "Cancel handler" [_thread_blocked, id=14344, stack(0x0000005305300000,0x0000005305400000)]
  0x000001b2f2bd0000 JavaThread "Daemon worker" [_thread_in_vm, id=16220, stack(0x0000005305400000,0x0000005305500000)]
  0x000001b2f2bd0800 JavaThread "Asynchronous log dispatcher for DefaultDaemonConnection: socket connection from /127.0.0.1:65385 to /127.0.0.1:65386" [_thread_blocked, id=12424, stack(0x0000005305500000,0x0000005305600000)]
  0x000001b2f32ec800 JavaThread "Stdin handler" [_thread_blocked, id=6684, stack(0x0000005305600000,0x0000005305700000)]
  0x000001b2f36a2000 JavaThread "Thread-8" [_thread_blocked, id=14776, stack(0x0000005305700000,0x0000005305800000)]
  0x000001b2f3693000 JavaThread "Cache worker for file hash cache (C:\Users\hp\.gradle\caches\6.7.1\fileHashes)" [_thread_blocked, id=15976, stack(0x0000005305900000,0x0000005305a00000)]
  0x000001b2f3692000 JavaThread "File lock request listener" [_thread_in_native, id=15192, stack(0x0000005305a00000,0x0000005305b00000)]
  0x000001b2f3698000 JavaThread "Cache worker for journal cache (C:\Users\hp\.gradle\caches\journal-1)" [_thread_blocked, id=5872, stack(0x0000005305b00000,0x0000005305c00000)]
  0x000001b2f3969000 JavaThread "C2 CompilerThread1" daemon [_thread_in_native, id=14772, stack(0x0000005305c00000,0x0000005305d00000)]

Other Threads:
  0x000001b2f0f38800 VMThread "VM Thread" [stack: 0x0000005303f00000,0x0000005304000000] [id=16036]
  0x000001b2f1a25000 WatcherThread [stack: 0x0000005304900000,0x0000005304a00000] [id=8628]
  0x000001b2d556b800 GCTaskThread "GC Thread#0" [stack: 0x0000005303a00000,0x0000005303b00000] [id=7408]
  0x000001b2f1f9d000 GCTaskThread "GC Thread#1" [stack: 0x0000005304b00000,0x0000005304c00000] [id=252]
  0x000001b2f1c50800 GCTaskThread "GC Thread#2" [stack: 0x0000005304c00000,0x0000005304d00000] [id=16172]
  0x000001b2f33f0800 GCTaskThread "GC Thread#3" [stack: 0x0000005305800000,0x0000005305900000] [id=3212]
  0x000001b2d559d000 ConcurrentGCThread "G1 Main Marker" [stack: 0x0000005303b00000,0x0000005303c00000] [id=15068]
  0x000001b2d559f800 ConcurrentGCThread "G1 Conc#0" [stack: 0x0000005303c00000,0x0000005303d00000] [id=12496]
  0x000001b2d561e800 ConcurrentGCThread "G1 Refine#0" [stack: 0x0000005303d00000,0x0000005303e00000] [id=4124]
  0x000001b2f0d84800 ConcurrentGCThread "G1 Young RemSet Sampling" [stack: 0x0000005303e00000,0x0000005303f00000] [id=6584]

Threads with active compile tasks:
C2 CompilerThread0   5616 1956   !   4       java.lang.ClassLoader::loadClass (122 bytes)
C2 CompilerThread1   5616 2034 %     4       sun.nio.cs.UTF_8$Decoder::decodeArrayLoop @ 73 (691 bytes)

VM state:not at safepoint (normal execution)

VM Mutex/Monitor currently owned by a thread: None

Heap address: 0x0000000080000000, size: 2048 MB, Compressed Oops mode: 32-bit
Narrow klass base: 0x0000000000000000, Narrow klass shift: 3
Compressed class space size: 1073741824 Address: 0x0000000100000000

Heap:
 garbage-first heap   total 131072K, used 35866K [0x0000000080000000, 0x0000000100000000)
  region size 1024K, 24 young (24576K), 4 survivors (4096K)
 Metaspace       used 22388K, capacity 22952K, committed 23168K, reserved 1075200K
  class space    used 2869K, capacity 3076K, committed 3200K, reserved 1048576K
Heap Regions: E=young(eden), S=young(survivor), O=old, HS=humongous(starts), HC=humongous(continues), CS=collection set, F=free, A=archive, TAMS=top-at-mark-start (previous, next)
|   0|0x0000000080000000, 0x0000000080100000, 0x0000000080100000|100%| O|  |TAMS 0x0000000080100000, 0x0000000080000000| Untracked 
|   1|0x0000000080100000, 0x0000000080200000, 0x0000000080200000|100%| O|  |TAMS 0x0000000080200000, 0x0000000080100000| Untracked 
|   2|0x0000000080200000, 0x0000000080300000, 0x0000000080300000|100%| O|  |TAMS 0x0000000080300000, 0x0000000080200000| Untracked 
|   3|0x0000000080300000, 0x0000000080400000, 0x0000000080400000|100%|HS|  |TAMS 0x0000000080400000, 0x0000000080300000| Complete 
|   4|0x0000000080400000, 0x0000000080500000, 0x0000000080500000|100%|HC|  |TAMS 0x0000000080500000, 0x0000000080400000| Complete 
|   5|0x0000000080500000, 0x0000000080600000, 0x0000000080600000|100%|HC|  |TAMS 0x0000000080600000, 0x0000000080500000| Complete 
|   6|0x0000000080600000, 0x0000000080700000, 0x0000000080700000|100%| O|  |TAMS 0x0000000080700000, 0x0000000080600000| Untracked 
|   7|0x0000000080700000, 0x0000000080800000, 0x0000000080800000|100%| O|  |TAMS 0x0000000080800000, 0x0000000080700000| Untracked 
|   8|0x0000000080800000, 0x0000000080900000, 0x0000000080900000|100%| O|  |TAMS 0x0000000080900000, 0x0000000080800000| Untracked 
|   9|0x0000000080900000, 0x0000000080a00000, 0x0000000080a00000|100%| O|  |TAMS 0x0000000080a00000, 0x0000000080900000| Untracked 
|  10|0x0000000080a00000, 0x0000000080b00000, 0x0000000080b00000|100%| O|  |TAMS 0x0000000080b00000, 0x0000000080a00000| Untracked 
|  11|0x0000000080b00000, 0x0000000080c00000, 0x0000000080c00000|100%| O|  |TAMS 0x0000000080c00000, 0x0000000080b00000| Untracked 
|  12|0x0000000080c00000, 0x0000000080c66800, 0x0000000080d00000| 40%| O|  |TAMS 0x0000000080c66800, 0x0000000080c00000| Untracked 
|  13|0x0000000080d00000, 0x0000000080d00000, 0x0000000080e00000|  0%| F|  |TAMS 0x0000000080d00000, 0x0000000080d00000| Untracked 
|  14|0x0000000080e00000, 0x0000000080e00000, 0x0000000080f00000|  0%| F|  |TAMS 0x0000000080e00000, 0x0000000080e00000| Untracked 
|  15|0x0000000080f00000, 0x0000000080f00000, 0x0000000081000000|  0%| F|  |TAMS 0x0000000080f00000, 0x0000000080f00000| Untracked 
|  16|0x0000000081000000, 0x0000000081000000, 0x0000000081100000|  0%| F|  |TAMS 0x0000000081000000, 0x0000000081000000| Untracked 
|  17|0x0000000081100000, 0x0000000081100000, 0x0000000081200000|  0%| F|  |TAMS 0x0000000081100000, 0x0000000081100000| Untracked 
|  18|0x0000000081200000, 0x0000000081200000, 0x0000000081300000|  0%| F|  |TAMS 0x0000000081200000, 0x0000000081200000| Untracked 
|  19|0x0000000081300000, 0x0000000081300000, 0x0000000081400000|  0%| F|  |TAMS 0x0000000081300000, 0x0000000081300000| Untracked 
|  20|0x0000000081400000, 0x0000000081400000, 0x0000000081500000|  0%| F|  |TAMS 0x0000000081400000, 0x0000000081400000| Untracked 
|  21|0x0000000081500000, 0x0000000081500000, 0x0000000081600000|  0%| F|  |TAMS 0x0000000081500000, 0x0000000081500000| Untracked 
|  22|0x0000000081600000, 0x0000000081600000, 0x0000000081700000|  0%| F|  |TAMS 0x0000000081600000, 0x0000000081600000| Untracked 
|  23|0x0000000081700000, 0x0000000081700000, 0x0000000081800000|  0%| F|  |TAMS 0x0000000081700000, 0x0000000081700000| Untracked 
|  24|0x0000000081800000, 0x0000000081800000, 0x0000000081900000|  0%| F|  |TAMS 0x0000000081800000, 0x0000000081800000| Untracked 
|  25|0x0000000081900000, 0x0000000081900000, 0x0000000081a00000|  0%| F|  |TAMS 0x0000000081900000, 0x0000000081900000| Untracked 
|  26|0x0000000081a00000, 0x0000000081a00000, 0x0000000081b00000|  0%| F|  |TAMS 0x0000000081a00000, 0x0000000081a00000| Untracked 
|  27|0x0000000081b00000, 0x0000000081b00000, 0x0000000081c00000|  0%| F|  |TAMS 0x0000000081b00000, 0x0000000081b00000| Untracked 
|  28|0x0000000081c00000, 0x0000000081c00000, 0x0000000081d00000|  0%| F|  |TAMS 0x0000000081c00000, 0x0000000081c00000| Untracked 
|  29|0x0000000081d00000, 0x0000000081d00000, 0x0000000081e00000|  0%| F|  |TAMS 0x0000000081d00000, 0x0000000081d00000| Untracked 
|  30|0x0000000081e00000, 0x0000000081e00000, 0x0000000081f00000|  0%| F|  |TAMS 0x0000000081e00000, 0x0000000081e00000| Untracked 
|  31|0x0000000081f00000, 0x0000000081f00000, 0x0000000082000000|  0%| F|  |TAMS 0x0000000081f00000, 0x0000000081f00000| Untracked 
|  32|0x0000000082000000, 0x0000000082000000, 0x0000000082100000|  0%| F|  |TAMS 0x0000000082000000, 0x0000000082000000| Untracked 
|  33|0x0000000082100000, 0x0000000082100000, 0x0000000082200000|  0%| F|  |TAMS 0x0000000082100000, 0x0000000082100000| Untracked 
|  34|0x0000000082200000, 0x0000000082200000, 0x0000000082300000|  0%| F|  |TAMS 0x0000000082200000, 0x0000000082200000| Untracked 
|  35|0x0000000082300000, 0x0000000082300000, 0x0000000082400000|  0%| F|  |TAMS 0x0000000082300000, 0x0000000082300000| Untracked 
|  36|0x0000000082400000, 0x0000000082400000, 0x0000000082500000|  0%| F|  |TAMS 0x0000000082400000, 0x0000000082400000| Untracked 
|  37|0x0000000082500000, 0x0000000082500000, 0x0000000082600000|  0%| F|  |TAMS 0x0000000082500000, 0x0000000082500000| Untracked 
|  38|0x0000000082600000, 0x0000000082600000, 0x0000000082700000|  0%| F|  |TAMS 0x0000000082600000, 0x0000000082600000| Untracked 
|  39|0x0000000082700000, 0x0000000082700000, 0x0000000082800000|  0%| F|  |TAMS 0x0000000082700000, 0x0000000082700000| Untracked 
|  40|0x0000000082800000, 0x0000000082800000, 0x0000000082900000|  0%| F|  |TAMS 0x0000000082800000, 0x0000000082800000| Untracked 
|  41|0x0000000082900000, 0x0000000082900000, 0x0000000082a00000|  0%| F|  |TAMS 0x0000000082900000, 0x0000000082900000| Untracked 
|  42|0x0000000082a00000, 0x0000000082a00000, 0x0000000082b00000|  0%| F|  |TAMS 0x0000000082a00000, 0x0000000082a00000| Untracked 
|  43|0x0000000082b00000, 0x0000000082b00000, 0x0000000082c00000|  0%| F|  |TAMS 0x0000000082b00000, 0x0000000082b00000| Untracked 
|  44|0x0000000082c00000, 0x0000000082c00000, 0x0000000082d00000|  0%| F|  |TAMS 0x0000000082c00000, 0x0000000082c00000| Untracked 
|  45|0x0000000082d00000, 0x0000000082d00000, 0x0000000082e00000|  0%| F|  |TAMS 0x0000000082d00000, 0x0000000082d00000| Untracked 
|  46|0x0000000082e00000, 0x0000000082e00000, 0x0000000082f00000|  0%| F|  |TAMS 0x0000000082e00000, 0x0000000082e00000| Untracked 
|  47|0x0000000082f00000, 0x0000000082f00000, 0x0000000083000000|  0%| F|  |TAMS 0x0000000082f00000, 0x0000000082f00000| Untracked 
|  48|0x0000000083000000, 0x0000000083000000, 0x0000000083100000|  0%| F|  |TAMS 0x0000000083000000, 0x0000000083000000| Untracked 
|  49|0x0000000083100000, 0x0000000083100000, 0x0000000083200000|  0%| F|  |TAMS 0x0000000083100000, 0x0000000083100000| Untracked 
|  50|0x0000000083200000, 0x0000000083200000, 0x0000000083300000|  0%| F|  |TAMS 0x0000000083200000, 0x0000000083200000| Untracked 
|  51|0x0000000083300000, 0x0000000083300000, 0x0000000083400000|  0%| F|  |TAMS 0x0000000083300000, 0x0000000083300000| Untracked 
|  52|0x0000000083400000, 0x0000000083400000, 0x0000000083500000|  0%| F|  |TAMS 0x0000000083400000, 0x0000000083400000| Untracked 
|  53|0x0000000083500000, 0x0000000083500000, 0x0000000083600000|  0%| F|  |TAMS 0x0000000083500000, 0x0000000083500000| Untracked 
|  54|0x0000000083600000, 0x0000000083600000, 0x0000000083700000|  0%| F|  |TAMS 0x0000000083600000, 0x0000000083600000| Untracked 
|  55|0x0000000083700000, 0x0000000083700000, 0x0000000083800000|  0%| F|  |TAMS 0x0000000083700000, 0x0000000083700000| Untracked 
|  56|0x0000000083800000, 0x0000000083800000, 0x0000000083900000|  0%| F|  |TAMS 0x0000000083800000, 0x0000000083800000| Untracked 
|  57|0x0000000083900000, 0x0000000083900000, 0x0000000083a00000|  0%| F|  |TAMS 0x0000000083900000, 0x0000000083900000| Untracked 
|  58|0x0000000083a00000, 0x0000000083a00000, 0x0000000083b00000|  0%| F|  |TAMS 0x0000000083a00000, 0x0000000083a00000| Untracked 
|  59|0x0000000083b00000, 0x0000000083b00000, 0x0000000083c00000|  0%| F|  |TAMS 0x0000000083b00000, 0x0000000083b00000| Untracked 
|  60|0x0000000083c00000, 0x0000000083c00000, 0x0000000083d00000|  0%| F|  |TAMS 0x0000000083c00000, 0x0000000083c00000| Untracked 
|  61|0x0000000083d00000, 0x0000000083d00000, 0x0000000083e00000|  0%| F|  |TAMS 0x0000000083d00000, 0x0000000083d00000| Untracked 
|  62|0x0000000083e00000, 0x0000000083e00000, 0x0000000083f00000|  0%| F|  |TAMS 0x0000000083e00000, 0x0000000083e00000| Untracked 
|  63|0x0000000083f00000, 0x0000000083f00000, 0x0000000084000000|  0%| F|  |TAMS 0x0000000083f00000, 0x0000000083f00000| Untracked 
|  64|0x0000000084000000, 0x0000000084000000, 0x0000000084100000|  0%| F|  |TAMS 0x0000000084000000, 0x0000000084000000| Untracked 
|  65|0x0000000084100000, 0x0000000084100000, 0x0000000084200000|  0%| F|  |TAMS 0x0000000084100000, 0x0000000084100000| Untracked 
|  66|0x0000000084200000, 0x0000000084200000, 0x0000000084300000|  0%| F|  |TAMS 0x0000000084200000, 0x0000000084200000| Untracked 
|  67|0x0000000084300000, 0x0000000084300000, 0x0000000084400000|  0%| F|  |TAMS 0x0000000084300000, 0x0000000084300000| Untracked 
|  68|0x0000000084400000, 0x0000000084400000, 0x0000000084500000|  0%| F|  |TAMS 0x0000000084400000, 0x0000000084400000| Untracked 
|  69|0x0000000084500000, 0x0000000084500000, 0x0000000084600000|  0%| F|  |TAMS 0x0000000084500000, 0x0000000084500000| Untracked 
|  70|0x0000000084600000, 0x0000000084600000, 0x0000000084700000|  0%| F|  |TAMS 0x0000000084600000, 0x0000000084600000| Untracked 
|  71|0x0000000084700000, 0x0000000084700000, 0x0000000084800000|  0%| F|  |TAMS 0x0000000084700000, 0x0000000084700000| Untracked 
|  72|0x0000000084800000, 0x0000000084800000, 0x0000000084900000|  0%| F|  |TAMS 0x0000000084800000, 0x0000000084800000| Untracked 
|  73|0x0000000084900000, 0x0000000084900000, 0x0000000084a00000|  0%| F|  |TAMS 0x0000000084900000, 0x0000000084900000| Untracked 
|  74|0x0000000084a00000, 0x0000000084a00000, 0x0000000084b00000|  0%| F|  |TAMS 0x0000000084a00000, 0x0000000084a00000| Untracked 
|  75|0x0000000084b00000, 0x0000000084b00000, 0x0000000084c00000|  0%| F|  |TAMS 0x0000000084b00000, 0x0000000084b00000| Untracked 
|  76|0x0000000084c00000, 0x0000000084c00000, 0x0000000084d00000|  0%| F|  |TAMS 0x0000000084c00000, 0x0000000084c00000| Untracked 
|  77|0x0000000084d00000, 0x0000000084d00000, 0x0000000084e00000|  0%| F|  |TAMS 0x0000000084d00000, 0x0000000084d00000| Untracked 
|  78|0x0000000084e00000, 0x0000000084e00000, 0x0000000084f00000|  0%| F|  |TAMS 0x0000000084e00000, 0x0000000084e00000| Untracked 
|  79|0x0000000084f00000, 0x0000000084f00000, 0x0000000085000000|  0%| F|  |TAMS 0x0000000084f00000, 0x0000000084f00000| Untracked 
|  80|0x0000000085000000, 0x0000000085000000, 0x0000000085100000|  0%| F|  |TAMS 0x0000000085000000, 0x0000000085000000| Untracked 
|  81|0x0000000085100000, 0x0000000085100000, 0x0000000085200000|  0%| F|  |TAMS 0x0000000085100000, 0x0000000085100000| Untracked 
|  82|0x0000000085200000, 0x0000000085200000, 0x0000000085300000|  0%| F|  |TAMS 0x0000000085200000, 0x0000000085200000| Untracked 
|  83|0x0000000085300000, 0x0000000085300000, 0x0000000085400000|  0%| F|  |TAMS 0x0000000085300000, 0x0000000085300000| Untracked 
|  84|0x0000000085400000, 0x0000000085400000, 0x0000000085500000|  0%| F|  |TAMS 0x0000000085400000, 0x0000000085400000| Untracked 
|  85|0x0000000085500000, 0x0000000085500000, 0x0000000085600000|  0%| F|  |TAMS 0x0000000085500000, 0x0000000085500000| Untracked 
|  86|0x0000000085600000, 0x0000000085600000, 0x0000000085700000|  0%| F|  |TAMS 0x0000000085600000, 0x0000000085600000| Untracked 
|  87|0x0000000085700000, 0x0000000085700000, 0x0000000085800000|  0%| F|  |TAMS 0x0000000085700000, 0x0000000085700000| Untracked 
|  88|0x0000000085800000, 0x0000000085800000, 0x0000000085900000|  0%| F|  |TAMS 0x0000000085800000, 0x0000000085800000| Untracked 
|  89|0x0000000085900000, 0x0000000085900000, 0x0000000085a00000|  0%| F|  |TAMS 0x0000000085900000, 0x0000000085900000| Untracked 
|  90|0x0000000085a00000, 0x0000000085a00000, 0x0000000085b00000|  0%| F|  |TAMS 0x0000000085a00000, 0x0000000085a00000| Untracked 
|  91|0x0000000085b00000, 0x0000000085b00000, 0x0000000085c00000|  0%| F|  |TAMS 0x0000000085b00000, 0x0000000085b00000| Untracked 
|  92|0x0000000085c00000, 0x0000000085c00000, 0x0000000085d00000|  0%| F|  |TAMS 0x0000000085c00000, 0x0000000085c00000| Untracked 
|  93|0x0000000085d00000, 0x0000000085d00000, 0x0000000085e00000|  0%| F|  |TAMS 0x0000000085d00000, 0x0000000085d00000| Untracked 
|  94|0x0000000085e00000, 0x0000000085e00000, 0x0000000085f00000|  0%| F|  |TAMS 0x0000000085e00000, 0x0000000085e00000| Untracked 
|  95|0x0000000085f00000, 0x0000000085f00000, 0x0000000086000000|  0%| F|  |TAMS 0x0000000085f00000, 0x0000000085f00000| Untracked 
|  96|0x0000000086000000, 0x0000000086000000, 0x0000000086100000|  0%| F|  |TAMS 0x0000000086000000, 0x0000000086000000| Untracked 
|  97|0x0000000086100000, 0x0000000086100000, 0x0000000086200000|  0%| F|  |TAMS 0x0000000086100000, 0x0000000086100000| Untracked 
|  98|0x0000000086200000, 0x0000000086200000, 0x0000000086300000|  0%| F|  |TAMS 0x0000000086200000, 0x0000000086200000| Untracked 
|  99|0x0000000086300000, 0x0000000086300000, 0x0000000086400000|  0%| F|  |TAMS 0x0000000086300000, 0x0000000086300000| Untracked 
| 100|0x0000000086400000, 0x0000000086400000, 0x0000000086500000|  0%| F|  |TAMS 0x0000000086400000, 0x0000000086400000| Untracked 
| 101|0x0000000086500000, 0x0000000086500000, 0x0000000086600000|  0%| F|  |TAMS 0x0000000086500000, 0x0000000086500000| Untracked 
| 102|0x0000000086600000, 0x0000000086600000, 0x0000000086700000|  0%| F|  |TAMS 0x0000000086600000, 0x0000000086600000| Untracked 
| 103|0x0000000086700000, 0x0000000086700000, 0x0000000086800000|  0%| F|  |TAMS 0x0000000086700000, 0x0000000086700000| Untracked 
| 104|0x0000000086800000, 0x000000008685f030, 0x0000000086900000| 37%| E|  |TAMS 0x0000000086800000, 0x0000000086800000| Complete 
| 105|0x0000000086900000, 0x0000000086a00000, 0x0000000086a00000|100%| E|CS|TAMS 0x0000000086900000, 0x0000000086900000| Complete 
| 106|0x0000000086a00000, 0x0000000086b00000, 0x0000000086b00000|100%| E|CS|TAMS 0x0000000086a00000, 0x0000000086a00000| Complete 
| 107|0x0000000086b00000, 0x0000000086ba02d0, 0x0000000086c00000| 62%| S|CS|TAMS 0x0000000086b00000, 0x0000000086b00000| Complete 
| 108|0x0000000086c00000, 0x0000000086d00000, 0x0000000086d00000|100%| S|CS|TAMS 0x0000000086c00000, 0x0000000086c00000| Complete 
| 109|0x0000000086d00000, 0x0000000086e00000, 0x0000000086e00000|100%| S|CS|TAMS 0x0000000086d00000, 0x0000000086d00000| Complete 
| 110|0x0000000086e00000, 0x0000000086f00000, 0x0000000086f00000|100%| S|CS|TAMS 0x0000000086e00000, 0x0000000086e00000| Complete 
| 111|0x0000000086f00000, 0x0000000087000000, 0x0000000087000000|100%| E|CS|TAMS 0x0000000086f00000, 0x0000000086f00000| Complete 
| 112|0x0000000087000000, 0x0000000087100000, 0x0000000087100000|100%| E|CS|TAMS 0x0000000087000000, 0x0000000087000000| Complete 
| 113|0x0000000087100000, 0x0000000087200000, 0x0000000087200000|100%| E|CS|TAMS 0x0000000087100000, 0x0000000087100000| Complete 
| 114|0x0000000087200000, 0x0000000087300000, 0x0000000087300000|100%| E|CS|TAMS 0x0000000087200000, 0x0000000087200000| Complete 
| 115|0x0000000087300000, 0x0000000087400000, 0x0000000087400000|100%| E|CS|TAMS 0x0000000087300000, 0x0000000087300000| Complete 
| 116|0x0000000087400000, 0x0000000087500000, 0x0000000087500000|100%| E|CS|TAMS 0x0000000087400000, 0x0000000087400000| Complete 
| 117|0x0000000087500000, 0x0000000087600000, 0x0000000087600000|100%| E|CS|TAMS 0x0000000087500000, 0x0000000087500000| Complete 
| 118|0x0000000087600000, 0x0000000087700000, 0x0000000087700000|100%| E|CS|TAMS 0x0000000087600000, 0x0000000087600000| Complete 
| 119|0x0000000087700000, 0x0000000087800000, 0x0000000087800000|100%| E|CS|TAMS 0x0000000087700000, 0x0000000087700000| Complete 
| 120|0x0000000087800000, 0x0000000087900000, 0x0000000087900000|100%| E|CS|TAMS 0x0000000087800000, 0x0000000087800000| Complete 
| 121|0x0000000087900000, 0x0000000087a00000, 0x0000000087a00000|100%| E|CS|TAMS 0x0000000087900000, 0x0000000087900000| Complete 
| 122|0x0000000087a00000, 0x0000000087b00000, 0x0000000087b00000|100%| E|CS|TAMS 0x0000000087a00000, 0x0000000087a00000| Complete 
| 123|0x0000000087b00000, 0x0000000087c00000, 0x0000000087c00000|100%| E|CS|TAMS 0x0000000087b00000, 0x0000000087b00000| Complete 
| 124|0x0000000087c00000, 0x0000000087d00000, 0x0000000087d00000|100%| E|CS|TAMS 0x0000000087c00000, 0x0000000087c00000| Complete 
| 125|0x0000000087d00000, 0x0000000087e00000, 0x0000000087e00000|100%| E|CS|TAMS 0x0000000087d00000, 0x0000000087d00000| Complete 
| 126|0x0000000087e00000, 0x0000000087f00000, 0x0000000087f00000|100%| E|CS|TAMS 0x0000000087e00000, 0x0000000087e00000| Complete 
| 127|0x0000000087f00000, 0x0000000088000000, 0x0000000088000000|100%| E|CS|TAMS 0x0000000087f00000, 0x0000000087f00000| Complete 

Card table byte_map: [0x000001b2ea0d0000,0x000001b2ea4d0000] _byte_map_base: 0x000001b2e9cd0000

Marking Bits (Prev, Next): (CMBitMap*) 0x000001b2d55944b0, (CMBitMap*) 0x000001b2d5594478
 Prev Bits: [0x000001b2ec8d0000, 0x000001b2ee8d0000)
 Next Bits: [0x000001b2ea8d0000, 0x000001b2ec8d0000)

Polling page: 0x000001b2d5620000

Metaspace:

Usage:
  Non-class:     19.41 MB capacity,    19.09 MB ( 98%) used,   292.93 KB (  1%) free+waste,    39.25 KB ( <1%) overhead. 
      Class:      3.00 MB capacity,     2.81 MB ( 93%) used,   181.46 KB (  6%) free+waste,    19.75 KB ( <1%) overhead. 
       Both:     22.41 MB capacity,    21.89 MB ( 98%) used,   474.39 KB (  2%) free+waste,    59.00 KB ( <1%) overhead. 

Virtual space:
  Non-class space:       26.00 MB reserved,      19.50 MB ( 75%) committed 
      Class space:        1.00 GB reserved,       3.13 MB ( <1%) committed 
             Both:        1.03 GB reserved,      22.63 MB (  2%) committed 

Chunk freelists:
   Non-Class:  28.00 KB
       Class:  28.00 KB
        Both:  56.00 KB

MaxMetaspaceSize: 17179869184.00 GB
CompressedClassSpaceSize: 1.00 GB

CodeHeap 'non-profiled nmethods': size=120064Kb used=773Kb max_used=773Kb free=119291Kb
 bounds [0x000001b2e2170000, 0x000001b2e23e0000, 0x000001b2e96b0000]
CodeHeap 'profiled nmethods': size=120000Kb used=3725Kb max_used=3725Kb free=116275Kb
 bounds [0x000001b2dac40000, 0x000001b2daff0000, 0x000001b2e2170000]
CodeHeap 'non-nmethods': size=5696Kb used=1129Kb max_used=1143Kb free=4566Kb
 bounds [0x000001b2da6b0000, 0x000001b2da920000, 0x000001b2dac40000]
 total_blobs=2275 nmethods=1813 adapters=373
 compilation: enabled
              stopped_count=0, restarted_count=0
 full_count=0

Compilation events (20 events):
Event: 5.504 Thread 0x000001b2f0f50800 nmethod 1976 0x000001b2daf65890 code [0x000001b2daf65a40, 0x000001b2daf65b48]
Event: 5.505 Thread 0x000001b2f0f50800 1977       3       org.gradle.internal.service.DefaultServiceRegistry$ManagedObjectServiceProvider::requiredBy (20 bytes)
Event: 5.505 Thread 0x000001b2f0f50800 nmethod 1977 0x000001b2dafc8f10 code [0x000001b2dafc9100, 0x000001b2dafc95c8]
Event: 5.505 Thread 0x000001b2f0f50800 1978       1       java.util.Collections$EmptyIterator::hasNext (2 bytes)
Event: 5.505 Thread 0x000001b2f0f50800 nmethod 1978 0x000001b2e222f590 code [0x000001b2e222f740, 0x000001b2e222f7f8]
Event: 5.541 Thread 0x000001b2f0f50800 1979       2       java.lang.Throwable::<init> (39 bytes)
Event: 5.542 Thread 0x000001b2f0f50800 nmethod 1979 0x000001b2dafc9710 code [0x000001b2dafc98e0, 0x000001b2dafc9c08]
Event: 5.542 Thread 0x000001b2f0f50800 1980       3       java.lang.invoke.VarHandleObjects$FieldInstanceReadWrite::compareAndSet (38 bytes)
Event: 5.543 Thread 0x000001b2f0f50800 nmethod 1980 0x000001b2dafc9c90 code [0x000001b2dafc9f00, 0x000001b2dafca868]
Event: 5.543 Thread 0x000001b2f0f50800 1981       3       org.gradle.internal.service.DefaultServiceRegistry$ParentServices::getService (11 bytes)
Event: 5.543 Thread 0x000001b2f0f50800 nmethod 1981 0x000001b2dafcac10 code [0x000001b2dafcadc0, 0x000001b2dafcaf88]
Event: 5.553 Thread 0x000001b2f0f50800 1982       1       com.google.common.io.LineReader::access$000 (5 bytes)
Event: 5.553 Thread 0x000001b2f0f50800 nmethod 1982 0x000001b2e222f890 code [0x000001b2e222fa40, 0x000001b2e222fad8]
Event: 5.556 Thread 0x000001b2f0f50800 1983       3       java.net.URLConnection::<init> (62 bytes)
Event: 5.557 Thread 0x000001b2f0f50800 nmethod 1983 0x000001b2dafcb090 code [0x000001b2dafcb2c0, 0x000001b2dafcb988]
Event: 5.557 Thread 0x000001b2f0f50800 1984       3       java.net.URLConnection::getDefaultUseCaches (30 bytes)
Event: 5.557 Thread 0x000001b2f0f50800 nmethod 1984 0x000001b2dafcbb90 code [0x000001b2dafcbda0, 0x000001b2dafcc248]
Event: 5.575 Thread 0x000001b2f0f50800 1985       3       com.google.common.base.CharMatcher$Is::matches (14 bytes)
Event: 5.575 Thread 0x000001b2f0f50800 nmethod 1985 0x000001b2daf66110 code [0x000001b2daf662c0, 0x000001b2daf66418]
Event: 5.575 Thread 0x000001b2f0f50800 1986       3       java.lang.String::subSequence (7 bytes)

GC Heap History (10 events):
Event: 0.905 GC heap before
{Heap before GC invocations=0 (full 0):
 garbage-first heap   total 131072K, used 19456K [0x0000000080000000, 0x0000000100000000)
  region size 1024K, 14 young (14336K), 0 survivors (0K)
 Metaspace       used 7457K, capacity 7663K, committed 7936K, reserved 1056768K
  class space    used 687K, capacity 748K, committed 768K, reserved 1048576K
}
Event: 0.909 GC heap after
{Heap after GC invocations=1 (full 0):
 garbage-first heap   total 131072K, used 7936K [0x0000000080000000, 0x0000000100000000)
  region size 1024K, 2 young (2048K), 2 survivors (2048K)
 Metaspace       used 7457K, capacity 7663K, committed 7936K, reserved 1056768K
  class space    used 687K, capacity 748K, committed 768K, reserved 1048576K
}
Event: 1.455 GC heap before
{Heap before GC invocations=1 (full 0):
 garbage-first heap   total 131072K, used 19200K [0x0000000080000000, 0x0000000100000000)
  region size 1024K, 13 young (13312K), 2 survivors (2048K)
 Metaspace       used 10451K, capacity 10628K, committed 10752K, reserved 1058816K
  class space    used 1100K, capacity 1164K, committed 1280K, reserved 1048576K
}
Event: 1.460 GC heap after
{Heap after GC invocations=2 (full 0):
 garbage-first heap   total 131072K, used 8718K [0x0000000080000000, 0x0000000100000000)
  region size 1024K, 1 young (1024K), 1 survivors (1024K)
 Metaspace       used 10451K, capacity 10628K, committed 10752K, reserved 1058816K
  class space    used 1100K, capacity 1164K, committed 1280K, reserved 1048576K
}
Event: 2.287 GC heap before
{Heap before GC invocations=2 (full 0):
 garbage-first heap   total 131072K, used 35342K [0x0000000080000000, 0x0000000100000000)
  region size 1024K, 28 young (28672K), 1 survivors (1024K)
 Metaspace       used 10623K, capacity 10821K, committed 11008K, reserved 1058816K
  class space    used 1101K, capacity 1164K, committed 1280K, reserved 1048576K
}
Event: 2.292 GC heap after
{Heap after GC invocations=3 (full 0):
 garbage-first heap   total 131072K, used 12759K [0x0000000080000000, 0x0000000100000000)
  region size 1024K, 4 young (4096K), 4 survivors (4096K)
 Metaspace       used 10623K, capacity 10821K, committed 11008K, reserved 1058816K
  class space    used 1101K, capacity 1164K, committed 1280K, reserved 1048576K
}
Event: 4.338 GC heap before
{Heap before GC invocations=3 (full 0):
 garbage-first heap   total 131072K, used 52695K [0x0000000080000000, 0x0000000100000000)
  region size 1024K, 43 young (44032K), 4 survivors (4096K)
 Metaspace       used 18492K, capacity 18905K, committed 19072K, reserved 1067008K
  class space    used 2213K, capacity 2359K, committed 2432K, reserved 1048576K
}
Event: 4.346 GC heap after
{Heap after GC invocations=4 (full 0):
 garbage-first heap   total 131072K, used 15770K [0x0000000080000000, 0x0000000100000000)
  region size 1024K, 3 young (3072K), 3 survivors (3072K)
 Metaspace       used 18492K, capacity 18905K, committed 19072K, reserved 1067008K
  class space    used 2213K, capacity 2359K, committed 2432K, reserved 1048576K
}
Event: 4.905 GC heap before
{Heap before GC invocations=4 (full 0):
 garbage-first heap   total 131072K, used 32154K [0x0000000080000000, 0x0000000100000000)
  region size 1024K, 20 young (20480K), 3 survivors (3072K)
 Metaspace       used 20654K, capacity 21093K, committed 21248K, reserved 1067008K
  class space    used 2532K, capacity 2710K, committed 2816K, reserved 1048576K
}
Event: 4.911 GC heap after
{Heap after GC invocations=5 (full 0):
 garbage-first heap   total 131072K, used 16410K [0x0000000080000000, 0x0000000100000000)
  region size 1024K, 4 young (4096K), 4 survivors (4096K)
 Metaspace       used 20654K, capacity 21093K, committed 21248K, reserved 1067008K
  class space    used 2532K, capacity 2710K, committed 2816K, reserved 1048576K
}

Deoptimization events (20 events):
Event: 5.470 Thread 0x000001b2f2bd0000 Uncommon trap: trap_request=0xffffff4d fr.pc=0x000001b2e21b65e0 relative=0x00000000000001a0
Event: 5.470 Thread 0x000001b2f2bd0000 Uncommon trap: reason=unstable_if action=reinterpret pc=0x000001b2e21b65e0 method=java.util.HashMap.getNode(ILjava/lang/Object;)Ljava/util/HashMap$Node; @ 129 c2
Event: 5.470 Thread 0x000001b2f2bd0000 DEOPT PACKING pc=0x000001b2e21b65e0 sp=0x00000053054f9bb0
Event: 5.470 Thread 0x000001b2f2bd0000 DEOPT UNPACKING pc=0x000001b2da6d74af sp=0x00000053054f9ab0 mode 2
Event: 5.470 Thread 0x000001b2f2bd0000 Uncommon trap: trap_request=0xffffffc6 fr.pc=0x000001b2e2224cb8 relative=0x00000000000011f8
Event: 5.470 Thread 0x000001b2f2bd0000 Uncommon trap: reason=bimorphic_or_optimized_type_check action=maybe_recompile pc=0x000001b2e2224cb8 method=java.util.HashMap.putVal(ILjava/lang/Object;Ljava/lang/Object;ZZ)Ljava/lang/Object; @ 203 c2
Event: 5.470 Thread 0x000001b2f2bd0000 DEOPT PACKING pc=0x000001b2e2224cb8 sp=0x00000053054f9ae0
Event: 5.470 Thread 0x000001b2f2bd0000 DEOPT UNPACKING pc=0x000001b2da6d74af sp=0x00000053054f9ab0 mode 2
Event: 5.470 Thread 0x000001b2f2bd0000 Uncommon trap: trap_request=0xffffff4d fr.pc=0x000001b2e21a0eac relative=0x00000000000001ec
Event: 5.470 Thread 0x000001b2f2bd0000 Uncommon trap: reason=unstable_if action=reinterpret pc=0x000001b2e21a0eac method=java.util.HashMap.getNode(ILjava/lang/Object;)Ljava/util/HashMap$Node; @ 129 c2
Event: 5.470 Thread 0x000001b2f2bd0000 DEOPT PACKING pc=0x000001b2e21a0eac sp=0x00000053054f9b10
Event: 5.471 Thread 0x000001b2f2bd0000 DEOPT UNPACKING pc=0x000001b2da6d74af sp=0x00000053054f9a98 mode 2
Event: 5.474 Thread 0x000001b2f2bd0000 Uncommon trap: trap_request=0xffffffc6 fr.pc=0x000001b2e2224cb8 relative=0x00000000000011f8
Event: 5.474 Thread 0x000001b2f2bd0000 Uncommon trap: reason=bimorphic_or_optimized_type_check action=maybe_recompile pc=0x000001b2e2224cb8 method=java.util.HashMap.putVal(ILjava/lang/Object;Ljava/lang/Object;ZZ)Ljava/lang/Object; @ 203 c2
Event: 5.474 Thread 0x000001b2f2bd0000 DEOPT PACKING pc=0x000001b2e2224cb8 sp=0x00000053054f9ac0
Event: 5.474 Thread 0x000001b2f2bd0000 DEOPT UNPACKING pc=0x000001b2da6d74af sp=0x00000053054f9a90 mode 2
Event: 5.475 Thread 0x000001b2f2bd0000 Uncommon trap: trap_request=0xffffffcc fr.pc=0x000001b2e222ecf8 relative=0x00000000000002b8
Event: 5.475 Thread 0x000001b2f2bd0000 Uncommon trap: reason=intrinsic_or_type_checked_inlining action=make_not_entrant pc=0x000001b2e222ecf8 method=java.util.Arrays.copyOf([Ljava/lang/Object;ILjava/lang/Class;)[Ljava/lang/Object; @ 35 c2
Event: 5.475 Thread 0x000001b2f2bd0000 DEOPT PACKING pc=0x000001b2e222ecf8 sp=0x00000053054fbed0
Event: 5.475 Thread 0x000001b2f2bd0000 DEOPT UNPACKING pc=0x000001b2da6d74af sp=0x00000053054fbe60 mode 2

Classes redefined (0 events):
No events

Internal exceptions (20 events):
Event: 2.953 Thread 0x000001b2d5550000 Exception <a 'java/lang/NoSuchMethodError'{0x0000000086b04648}: 'void java.lang.invoke.DelegatingMethodHandle$Holder.delegate(java.lang.Object, java.lang.Object, int, java.lang.Object)'> (0x0000000086b04648) thrown at [./src/hotspot/share/interpreter/linkResolver.cpp, line 773]
Event: 2.976 Thread 0x000001b2d5550000 Exception <a 'java/lang/NoSuchMethodError'{0x0000000086bbf838}: 'java.lang.Object java.lang.invoke.DirectMethodHandle$Holder.invokeStaticInit(java.lang.Object, int, int, int, int)'> (0x0000000086bbf838) thrown at [./src/hotspot/share/interpreter/linkResolver.cpp, line 773]
Event: 3.281 Thread 0x000001b2d5550000 Exception <a 'java/lang/NoSuchMethodError'{0x0000000086a2b8b8}: 'java.lang.Object java.lang.invoke.DirectMethodHandle$Holder.invokeStaticInit(java.lang.Object, java.lang.Object, int, int, int, int)'> (0x0000000086a2b8b8) thrown at [./src/hotspot/share/interpreter/linkResolver.cpp, line 773]
Event: 3.732 Thread 0x000001b2d5550000 Exception <a 'java/io/IOException'{0x00000000869dc238}> (0x00000000869dc238) thrown at [./src/hotspot/share/prims/jni.cpp, line 615]
Event: 3.802 Thread 0x000001b2f3ade000 Exception <a 'java/lang/NoSuchMethodError'{0x00000000867e9490}: <clinit>> (0x00000000867e9490) thrown at [./src/hotspot/share/prims/jni.cpp, line 1362]
Event: 3.804 Thread 0x000001b2f3ade000 Exception <a 'java/lang/NoSuchMethodError'{0x00000000867f1d28}: <clinit>> (0x00000000867f1d28) thrown at [./src/hotspot/share/prims/jni.cpp, line 1362]
Event: 3.808 Thread 0x000001b2f3ade000 Exception <a 'java/lang/NoSuchMethodError'{0x0000000086605398}: <clinit>> (0x0000000086605398) thrown at [./src/hotspot/share/prims/jni.cpp, line 1362]
Event: 3.823 Thread 0x000001b2f3ade000 Exception <a 'java/lang/NoSuchMethodError'{0x0000000086653128}: <clinit>> (0x0000000086653128) thrown at [./src/hotspot/share/prims/jni.cpp, line 1362]
Event: 3.831 Thread 0x000001b2f3ade000 Exception <a 'java/lang/NoSuchMethodError'{0x000000008668e870}: <clinit>> (0x000000008668e870) thrown at [./src/hotspot/share/prims/jni.cpp, line 1362]
Event: 3.841 Thread 0x000001b2f3ade000 Exception <a 'java/lang/NoSuchMethodError'{0x00000000866c11a8}: <clinit>> (0x00000000866c11a8) thrown at [./src/hotspot/share/prims/jni.cpp, line 1362]
Event: 3.952 Thread 0x000001b2f2bd0000 Exception <a 'java/lang/NoSuchMethodError'{0x0000000085fc7368}: 'void java.lang.invoke.DelegatingMethodHandle$Holder.reinvoke_L(java.lang.Object, java.lang.Object, java.lang.Object, java.lang.Object)'> (0x0000000085fc7368) thrown at [./src/hotspot/share/interpreter/linkResolver.cpp, line 773]
Event: 3.961 Thread 0x000001b2f2bd0000 Exception <a 'java/lang/NoSuchMethodError'{0x0000000085ffe3f8}: 'long java.lang.invoke.DirectMethodHandle$Holder.invokeInterface(java.lang.Object, java.lang.Object)'> (0x0000000085ffe3f8) thrown at [./src/hotspot/share/interpreter/linkResolver.cpp, line 773]
Event: 3.964 Thread 0x000001b2f2bd0000 Exception <a 'java/lang/NoSuchMethodError'{0x0000000085e201d8}: 'void java.lang.invoke.DelegatingMethodHandle$Holder.reinvoke_L(java.lang.Object, java.lang.Object, java.lang.Object, java.lang.Object, java.lang.Object, java.lang.Object, java.lang.Object)'> (0x0000000085e201d8) thrown at [./src/hotspot/share/interpreter/linkResolver.cpp, line 773]
Event: 4.464 Thread 0x000001b2f2bd0000 Exception <a 'java/lang/NoSuchMethodError'{0x0000000087ba7c48}: 'java.lang.Object java.lang.invoke.DirectMethodHandle$Holder.invokeVirtual(java.lang.Object, java.lang.Object, java.lang.Object)'> (0x0000000087ba7c48) thrown at [./src/hotspot/share/interpreter/linkResolver.cpp, line 773]
Event: 4.625 Thread 0x000001b2f2bd0000 Exception <a 'java/lang/NoSuchMethodError'{0x0000000087724e58}: 'void java.lang.invoke.DirectMethodHandle$Holder.invokeStaticInit(java.lang.Object)'> (0x0000000087724e58) thrown at [./src/hotspot/share/interpreter/linkResolver.cpp, line 773]
Event: 4.874 Thread 0x000001b2f2bd0000 Exception <a 'java/lang/NoSuchMethodError'{0x0000000087191618}: 'int java.lang.invoke.DirectMethodHandle$Holder.invokeSpecialIFC(java.lang.Object, java.lang.Object, java.lang.Object, java.lang.Object)'> (0x0000000087191618) thrown at [./src/hotspot/share/interpreter/linkResolver.cpp, line 773]
Event: 4.875 Thread 0x000001b2f2bd0000 Exception <a 'java/lang/NoSuchMethodError'{0x000000008719f3d8}: 'java.lang.Object java.lang.invoke.DirectMethodHandle$Holder.invokeInterface(java.lang.Object, java.lang.Object, java.lang.Object)'> (0x000000008719f3d8) thrown at [./src/hotspot/share/interpreter/linkResolver.cpp, line 773]
Event: 4.876 Thread 0x000001b2f2bd0000 Exception <a 'java/lang/IncompatibleClassChangeError'{0x00000000871a28b0}: Found class java.lang.Object, but interface was expected> (0x00000000871a28b0) thrown at [./src/hotspot/share/interpreter/linkResolver.cpp, line 839]
Event: 5.006 Thread 0x000001b2f2bd0000 Exception <a 'java/lang/NoSuchMethodError'{0x0000000087c05b08}: 'void java.lang.invoke.DirectMethodHandle$Holder.invokeSpecial(java.lang.Object, java.lang.Object)'> (0x0000000087c05b08) thrown at [./src/hotspot/share/interpreter/linkResolver.cpp, line 773]
Event: 5.371 Thread 0x000001b2f2bd0000 Exception <a 'java/lang/NoSuchMethodError'{0x00000000873d5e20}: 'java.lang.Object java.lang.invoke.DirectMethodHandle$Holder.invokeVirtual(java.lang.Object, java.lang.Object, java.lang.Object, java.lang.Object)'> (0x00000000873d5e20) thrown at [./src/hotspot/share/interpreter/linkResolver.cpp, line 773]

Events (20 events):
Event: 5.570 loading class com/google/common/base/CharMatcher$None
Event: 5.570 loading class com/google/common/base/CharMatcher$None done
Event: 5.571 loading class com/google/common/base/CharMatcher$1
Event: 5.571 loading class com/google/common/base/CharMatcher$1 done
Event: 5.571 loading class com/google/common/base/CharMatcher$NegatedFastMatcher
Event: 5.571 loading class com/google/common/base/CharMatcher$NegatedFastMatcher done
Event: 5.571 loading class com/google/common/base/CharMatcher$BitSetMatcher
Event: 5.571 loading class com/google/common/base/CharMatcher$BitSetMatcher done
Event: 5.572 loading class com/google/common/base/Splitter$1
Event: 5.572 loading class com/google/common/base/Splitter$1 done
Event: 5.572 loading class com/google/common/base/Splitter$SplittingIterator
Event: 5.572 loading class com/google/common/base/Splitter$SplittingIterator done
Event: 5.573 loading class com/google/common/base/AbstractIterator
Event: 5.573 loading class com/google/common/base/AbstractIterator done
Event: 5.573 loading class com/google/common/base/Splitter$1$1
Event: 5.573 loading class com/google/common/base/Splitter$1$1 done
Event: 5.574 loading class com/google/common/base/AbstractIterator$State
Event: 5.574 loading class com/google/common/base/AbstractIterator$State done
Event: 5.574 loading class com/google/common/base/AbstractIterator$1
Event: 5.574 loading class com/google/common/base/AbstractIterator$1 done


Dynamic libraries:
0x00007ff74a8a0000 - 0x00007ff74a8aa000 	E:\Program Files\Android\Android Studio\jre\bin\java.exe
0x00007ffb887e0000 - 0x00007ffb889d0000 	C:\Windows\SYSTEM32\ntdll.dll
0x00007ffb59080000 - 0x00007ffb590b4000 	C:\Program Files\AVAST Software\Avast\x64\aswhooka.dll
0x00007ffb87160000 - 0x00007ffb87212000 	C:\Windows\System32\KERNEL32.DLL
0x00007ffb85b80000 - 0x00007ffb85e25000 	C:\Windows\System32\KERNELBASE.dll
0x00007ffb86650000 - 0x00007ffb8674a000 	C:\Windows\System32\ucrtbase.dll
0x00007ffb74950000 - 0x00007ffb74969000 	E:\Program Files\Android\Android Studio\jre\bin\jli.dll
0x00007ffb88190000 - 0x00007ffb88324000 	C:\Windows\System32\USER32.dll
0x00007ffb85b00000 - 0x00007ffb85b21000 	C:\Windows\System32\win32u.dll
0x00007ffb87e70000 - 0x00007ffb87e96000 	C:\Windows\System32\GDI32.dll
0x00007ffb85750000 - 0x00007ffb858e6000 	C:\Windows\System32\gdi32full.dll
0x00007ffb85a60000 - 0x00007ffb85afe000 	C:\Windows\System32\msvcp_win.dll
0x00007ffb6cac0000 - 0x00007ffb6cad7000 	E:\Program Files\Android\Android Studio\jre\bin\VCRUNTIME140.dll
0x00007ffb750a0000 - 0x00007ffb75324000 	C:\Windows\WinSxS\amd64_microsoft.windows.common-controls_6595b64144ccf1df_6.0.18362.1256_none_9e7e379be45e40e2\COMCTL32.dll
0x00007ffb86930000 - 0x00007ffb869ce000 	C:\Windows\System32\msvcrt.dll
0x00007ffb86ae0000 - 0x00007ffb86e16000 	C:\Windows\System32\combase.dll
0x00007ffb87c10000 - 0x00007ffb87d30000 	C:\Windows\System32\RPCRT4.dll
0x00007ffb85e30000 - 0x00007ffb85eb1000 	C:\Windows\System32\bcryptPrimitives.dll
0x00007ffb87bd0000 - 0x00007ffb87bfe000 	C:\Windows\System32\IMM32.DLL
0x00007ffb4b7a0000 - 0x00007ffb4b83d000 	E:\Program Files\Android\Android Studio\jre\bin\msvcp140.dll
0x00007ffb2fe80000 - 0x00007ffb3093c000 	E:\Program Files\Android\Android Studio\jre\bin\server\jvm.dll
0x00007ffb86e20000 - 0x00007ffb86ec3000 	C:\Windows\System32\ADVAPI32.dll
0x00007ffb86890000 - 0x00007ffb86927000 	C:\Windows\System32\sechost.dll
0x00007ffb88180000 - 0x00007ffb88188000 	C:\Windows\System32\PSAPI.DLL
0x00007ffb63df0000 - 0x00007ffb63df9000 	C:\Windows\SYSTEM32\WSOCK32.dll
0x00007ffb87d30000 - 0x00007ffb87d9f000 	C:\Windows\System32\WS2_32.dll
0x00007ffb832f0000 - 0x00007ffb83314000 	C:\Windows\SYSTEM32\WINMM.dll
0x00007ffb7d9a0000 - 0x00007ffb7d9aa000 	C:\Windows\SYSTEM32\VERSION.dll
0x00007ffb831c0000 - 0x00007ffb831ed000 	C:\Windows\SYSTEM32\WINMMBASE.dll
0x00007ffb85b30000 - 0x00007ffb85b7a000 	C:\Windows\System32\cfgmgr32.dll
0x00007ffb85690000 - 0x00007ffb856a1000 	C:\Windows\System32\kernel.appcore.dll
0x00007ffb7e080000 - 0x00007ffb7e091000 	E:\Program Files\Android\Android Studio\jre\bin\verify.dll
0x00007ffb83f20000 - 0x00007ffb84114000 	C:\Windows\SYSTEM32\DBGHELP.DLL
0x00007ffb74720000 - 0x00007ffb7474a000 	C:\Windows\SYSTEM32\dbgcore.DLL
0x00007ffb7dfe0000 - 0x00007ffb7e009000 	E:\Program Files\Android\Android Studio\jre\bin\java.dll
0x00007ffb7f750000 - 0x00007ffb7f75b000 	E:\Program Files\Android\Android Studio\jre\bin\jimage.dll
0x00007ffb7d0f0000 - 0x00007ffb7d108000 	E:\Program Files\Android\Android Studio\jre\bin\zip.dll
0x00007ffb87220000 - 0x00007ffb87907000 	C:\Windows\System32\SHELL32.dll
0x00007ffb87ea0000 - 0x00007ffb87f49000 	C:\Windows\System32\shcore.dll
0x00007ffb85ec0000 - 0x00007ffb86641000 	C:\Windows\System32\windows.storage.dll
0x00007ffb85720000 - 0x00007ffb85743000 	C:\Windows\System32\profapi.dll
0x00007ffb856d0000 - 0x00007ffb8571a000 	C:\Windows\System32\powrprof.dll
0x00007ffb85680000 - 0x00007ffb85690000 	C:\Windows\System32\UMPDC.dll
0x00007ffb88100000 - 0x00007ffb88152000 	C:\Windows\System32\shlwapi.dll
0x00007ffb858f0000 - 0x00007ffb85907000 	C:\Windows\System32\cryptsp.dll
0x00007ffb6cd50000 - 0x00007ffb6cd6a000 	E:\Program Files\Android\Android Studio\jre\bin\net.dll
0x00007ffb74b20000 - 0x00007ffb74c10000 	C:\Windows\SYSTEM32\WINHTTP.dll
0x00007ffb84ed0000 - 0x00007ffb84f37000 	C:\Windows\system32\mswsock.dll
0x00007ffb6cd30000 - 0x00007ffb6cd44000 	E:\Program Files\Android\Android Studio\jre\bin\nio.dll
0x00007ffb743a0000 - 0x00007ffb743c7000 	C:\Users\hp\.gradle\native\fdc75f09e3144964f2cf3f50f0aa648679c211496f362492102eb8c894070792\windows-amd64\native-platform.dll
0x00007ffb4b840000 - 0x00007ffb4b9d6000 	C:\Users\hp\.gradle\native\12488b8bf47d2d4c9fbf2f6322a914ad602e24e48041cd04a747c6da556b65c4\windows-amd64\native-platform-file-events.dll
0x00007ffb6cd20000 - 0x00007ffb6cd2a000 	E:\Program Files\Android\Android Studio\jre\bin\management.dll
0x00007ffb6cd10000 - 0x00007ffb6cd1c000 	E:\Program Files\Android\Android Studio\jre\bin\management_ext.dll
0x00007ffb849e0000 - 0x00007ffb84a13000 	C:\Windows\system32\rsaenh.dll
0x00007ffb86860000 - 0x00007ffb86886000 	C:\Windows\System32\bcrypt.dll
0x00007ffb855a0000 - 0x00007ffb855c5000 	C:\Windows\SYSTEM32\USERENV.dll
0x00007ffb850a0000 - 0x00007ffb850ac000 	C:\Windows\SYSTEM32\CRYPTBASE.dll
0x00007ffb84b80000 - 0x00007ffb84bba000 	C:\Windows\SYSTEM32\IPHLPAPI.DLL
0x00007ffb87b60000 - 0x00007ffb87b68000 	C:\Windows\System32\NSI.dll
0x00007ffb76d10000 - 0x00007ffb76d26000 	C:\Windows\SYSTEM32\dhcpcsvc6.DLL
0x00007ffb76f00000 - 0x00007ffb76f1c000 	C:\Windows\SYSTEM32\dhcpcsvc.DLL
0x00007ffb84c30000 - 0x00007ffb84cfb000 	C:\Windows\SYSTEM32\DNSAPI.dll
0x00007ffb77420000 - 0x00007ffb7742b000 	C:\Windows\SYSTEM32\WINNSI.DLL

dbghelp: loaded successfully - version: 4.0.5 - missing functions: none
symbol engine: initialized successfully - sym options: 0x614 - pdb path: .;E:\Program Files\Android\Android Studio\jre\bin;C:\Windows\SYSTEM32;C:\Program Files\AVAST Software\Avast\x64;C:\Windows\WinSxS\amd64_microsoft.windows.common-controls_6595b64144ccf1df_6.0.18362.1256_none_9e7e379be45e40e2;E:\Program Files\Android\Android Studio\jre\bin\server;C:\Users\hp\.gradle\native\fdc75f09e3144964f2cf3f50f0aa648679c211496f362492102eb8c894070792\windows-amd64;C:\Users\hp\.gradle\native\12488b8bf47d2d4c9fbf2f6322a914ad602e24e48041cd04a747c6da556b65c4\windows-amd64

VM Arguments:
jvm_args: --add-opens=java.base/java.util=ALL-UNNAMED --add-opens=java.base/java.lang=ALL-UNNAMED --add-opens=java.base/java.lang.invoke=ALL-UNNAMED --add-opens=java.prefs/java.util.prefs=ALL-UNNAMED -Xmx2048m -Dfile.encoding=UTF-8 -Duser.country=US -Duser.language=en -Duser.variant 
java_command: org.gradle.launcher.daemon.bootstrap.GradleDaemon 6.7.1
java_class_path (initial): C:\Users\hp\.gradle\wrapper\dists\gradle-6.7.1-bin\bwlcbys1h7rz3272sye1xwiv6\gradle-6.7.1\lib\gradle-launcher-6.7.1.jar
Launcher Type: SUN_STANDARD

[Global flags]
     intx CICompilerCount                          = 3                                         {product} {ergonomic}
     uint ConcGCThreads                            = 1                                         {product} {ergonomic}
     uint G1ConcRefinementThreads                  = 4                                         {product} {ergonomic}
   size_t G1HeapRegionSize                         = 1048576                                   {product} {ergonomic}
    uintx GCDrainStackTargetSize                   = 64                                        {product} {ergonomic}
   size_t InitialHeapSize                          = 134217728                                 {product} {ergonomic}
   size_t MarkStackSize                            = 4194304                                   {product} {ergonomic}
   size_t MaxHeapSize                              = 2147483648                                {product} {command line}
   size_t MaxNewSize                               = 1287651328                                {product} {ergonomic}
   size_t MinHeapDeltaBytes                        = 1048576                                   {product} {ergonomic}
    uintx NonNMethodCodeHeapSize                   = 5830732                                {pd product} {ergonomic}
    uintx NonProfiledCodeHeapSize                  = 122913754                              {pd product} {ergonomic}
    uintx ProfiledCodeHeapSize                     = 122913754                              {pd product} {ergonomic}
    uintx ReservedCodeCacheSize                    = 251658240                              {pd product} {ergonomic}
     bool SegmentedCodeCache                       = true                                      {product} {ergonomic}
     bool UseCompressedClassPointers               = true                                 {lp64_product} {ergonomic}
     bool UseCompressedOops                        = true                                 {lp64_product} {ergonomic}
     bool UseG1GC                                  = true                                      {product} {ergonomic}
     bool UseLargePagesIndividualAllocation        = false                                  {pd product} {ergonomic}

Logging:
Log output configuration:
 #0: stdout all=warning uptime,level,tags
 #1: stderr all=off uptime,level,tags

Environment Variables:
JAVA_HOME=C:\Program Files\Java\jdk-17.0.1
PATH=C:\ffmpeg\bin;C:\Program Files\Common Files\Oracle\Java\javapath;C:\Python310\Scripts\;C:\Python310\;C:\ProgramData\Oracle\Java\javapath;C:\Windows\system32;C:\Windows;C:\Windows\System32\Wbem;C:\Windows\System32\WindowsPowerShell\v1.0\;C:\Windows\System32\OpenSSH\;C:\Program Files\Java\jdk-17\bin;C:\Program Files\Microsoft SQL Server\Client SDK\ODBC\110\Tools\Binn\;C:\Program Files\Microsoft SQL Server\Client SDK\ODBC\170\Tools\Binn\;C:\ProgramData\chocolatey\bin;C:\Program Files\Java\jdk-17.0.1\bin;C:\Program Files\Azure Data Studio\bin;C:\Program Files\dotnet\;C:\Program Files\Git\cmd;C:\Program Files\nodejs\;C:\Users\hp\AppData\Local\Microsoft\WindowsApps;D:\Microsoft VS Code\bin;C:\Users\hp\AppData\Local\Android\Sdk\platform-tools;C:\Users\hp\AppData\Local\Microsoft\WindowsApps;D:\Microsoft VS Code\bin;C:\Program Files\Azure Data Studio\bin;C:\Users\hp\AppData\Local\Android\Sdk\platform-tools;;C:\Users\hp\AppData\Local\Programs\Microsoft VS Code\bin;C:\Users\hp\.dotnet\tools;C:\Users\hp\AppData\Roaming\npm
USERNAME=hp
OS=Windows_NT
PROCESSOR_IDENTIFIER=Intel64 Family 6 Model 142 Stepping 9, GenuineIntel



---------------  S Y S T E M  ---------------

OS: Windows 10 , 64 bit Build 18362 (10.0.18362.1110)
OS uptime: 0 days 10:36 hours

CPU:total 4 (initial active 4) (2 cores per cpu, 2 threads per core) family 6 model 142 stepping 9, cmov, cx8, fxsr, mmx, sse, sse2, sse3, ssse3, sse4.1, sse4.2, popcnt, avx, avx2, aes, clmul, erms, 3dnowpref, lzcnt, ht, tsc, tscinvbit, bmi1, bmi2, adx, fma

Memory: 4k page, system-wide physical 8078M (639M free)
TotalPageFile size 8078M (AvailPageFile size 0M)
current process WorkingSet (physical memory assigned to process): 150M, peak: 151M
current process commit charge ("private bytes"): 250M, peak: 251M

vm_info: OpenJDK 64-Bit Server VM (11.0.8+10-b944.6842174) for windows-amd64 JRE (11.0.8+10-b944.6842174), built on Sep 19 2020 01:11:42 by "builder" with MS VC++ 14.0 (VS2015)

END.
