#
# There is insufficient memory for the Java Runtime Environment to continue.
# Native memory allocation (mmap) failed to map 61865984 bytes for Failed to commit area from 0x000000008e400000 to 0x0000000091f00000 of length 61865984.
# Possible reasons:
#   The system is out of physical RAM or swap space
#   The process is running with CompressedOops enabled, and the Java Heap may be blocking the growth of the native heap
# Possible solutions:
#   Reduce memory load on the system
#   Increase physical memory or swap space
#   Check if swap backing store is full
#   Decrease Java heap size (-Xmx/-Xms)
#   Decrease number of Java threads
#   Decrease Java thread stack sizes (-Xss)
#   Set larger code cache with -XX:ReservedCodeCacheSize=
#   JVM is running with Unscaled Compressed Oops mode in which the Java heap is
#     placed in the first 4GB address space. The Java Heap base address is the
#     maximum limit for the native heap growth. Please use -XX:HeapBaseMinAddress
#     to set the Java Heap base and to place the Java Heap above 4GB virtual address.
# This output file may be truncated or incomplete.
#
#  Out of Memory Error (./src/hotspot/os/windows/os_windows.cpp:3303), pid=4592, tid=7392
#
# JRE version: OpenJDK Runtime Environment (11.0.8+10) (build 11.0.8+10-b944.6842174)
# Java VM: OpenJDK 64-Bit Server VM (11.0.8+10-b944.6842174, mixed mode, tiered, compressed oops, g1 gc, windows-amd64)
# No core dump will be written. Minidumps are not enabled by default on client versions of Windows
#

---------------  S U M M A R Y ------------

Command Line: --add-opens=java.base/java.util=ALL-UNNAMED --add-opens=java.base/java.lang=ALL-UNNAMED --add-opens=java.base/java.lang.invoke=ALL-UNNAMED --add-opens=java.prefs/java.util.prefs=ALL-UNNAMED -Xmx2048m -Dfile.encoding=UTF-8 -Duser.country=US -Duser.language=en -Duser.variant org.gradle.launcher.daemon.bootstrap.GradleDaemon 6.7.1

Host: Intel(R) Core(TM) i5-7200U CPU @ 2.50GHz, 4 cores, 7G,  Windows 10 , 64 bit Build 18362 (10.0.18362.1110)
Time: Mon May 23 18:13:10 2022 Morocco Daylight Time elapsed time: 35 seconds (0d 0h 0m 35s)

---------------  T H R E A D  ---------------

Current thread (0x00000278abb78000):  VMThread "VM Thread" [stack: 0x000000d8b6c00000,0x000000d8b6d00000] [id=7392]

Stack: [0x000000d8b6c00000,0x000000d8b6d00000]
[error occurred during error reporting (printing stack bounds), id 0xc0000005, EXCEPTION_ACCESS_VIOLATION (0xc0000005) at pc=0x0000027895340dad]

Native frames: (J=compiled Java code, j=interpreted, Vv=VM code, C=native code)
V  [jvm.dll+0x5de50a]
V  [jvm.dll+0x7122f5]
V  [jvm.dll+0x71384d]
V  [jvm.dll+0x713e65]
V  [jvm.dll+0x713e1b]
V  [jvm.dll+0x5dd958]
V  [jvm.dll+0x5de0f8]
C  [ntdll.dll+0xa184f]
C  [ntdll.dll+0x6a889]
C  [ntdll.dll+0xa04be]
C  0x0000027895340dad

VM_Operation (0x000000d8c01fd050): G1CollectForAllocation, mode: safepoint, requested by thread 0x00000278b2fae800


---------------  P R O C E S S  ---------------

Threads class SMR info:
_java_thread_list=0x00000278ac899f30, length=154, elements={
0x00000278901cf800, 0x00000278abb7c000, 0x00000278abb7d000, 0x00000278ac4f4800,
0x00000278ac4f5000, 0x00000278ac4f7000, 0x00000278ac503800, 0x00000278abba1000,
0x00000278ac64a800, 0x00000278ac67d800, 0x00000278adfab000, 0x00000278af024000,
0x00000278af064800, 0x00000278ae78e800, 0x00000278aea34800, 0x00000278ad6f7800,
0x00000278aebca800, 0x00000278ae2bb800, 0x00000278addbc000, 0x00000278ade0a000,
0x00000278aebc3800, 0x00000278aebbe800, 0x00000278aebc1800, 0x00000278aebbf800,
0x00000278aebbd800, 0x00000278aebc0000, 0x00000278aebc1000, 0x00000278aebc4000,
0x00000278aebc2800, 0x00000278afc38000, 0x00000278afc37800, 0x00000278afc3f800,
0x00000278afc3c000, 0x00000278afc3d000, 0x00000278afc3e000, 0x00000278afc39800,
0x00000278afc40000, 0x00000278afc3e800, 0x00000278afc3a800, 0x00000278afc41000,
0x00000278afc3b800, 0x00000278afc43800, 0x00000278afc44800, 0x00000278afc45000,
0x00000278afc42000, 0x00000278afc42800, 0x00000278afc46000, 0x00000278b2c9f800,
0x00000278b2ca1000, 0x00000278b2ca2000, 0x00000278b2c9e000, 0x00000278b2c9d000,
0x00000278b2c9e800, 0x00000278b2c9c800, 0x00000278b2ca5800, 0x00000278b2ca3000,
0x00000278b2ca6000, 0x00000278b2ca0800, 0x00000278b2ca4800, 0x00000278b2ca7800,
0x00000278b2ca7000, 0x00000278b2ca8800, 0x00000278b2ca9800, 0x00000278b2ca3800,
0x00000278b2caa000, 0x00000278b2cab000, 0x00000278afd37800, 0x00000278afd33000,
0x00000278afd34000, 0x00000278afd35000, 0x00000278afd35800, 0x00000278afd36800,
0x00000278afd31800, 0x00000278afd38000, 0x00000278afd32800, 0x00000278afd3b800,
0x00000278afd3e000, 0x00000278afd3c000, 0x00000278afd3d000, 0x00000278afd3e800,
0x00000278afd39000, 0x00000278afd3f800, 0x00000278afd3a800, 0x00000278afd3a000,
0x00000278afd40800, 0x00000278b1455000, 0x00000278b1457800, 0x00000278b1455800,
0x00000278b1456800, 0x00000278b1458000, 0x00000278b1454000, 0x00000278b145e000,
0x00000278b145d000, 0x00000278b145e800, 0x00000278b145a800, 0x00000278b145b800,
0x00000278b145c000, 0x00000278b1459000, 0x00000278b145f800, 0x00000278b145a000,
0x00000278b1460800, 0x00000278b1462000, 0x00000278b1462800, 0x00000278b1461000,
0x00000278af4b2800, 0x00000278af4b5000, 0x00000278af4b4000, 0x00000278af4b1000,
0x00000278af4b3800, 0x00000278af4b6000, 0x00000278af4b1800, 0x00000278af4b0000,
0x00000278af4b6800, 0x00000278af4ba800, 0x00000278af4bb800, 0x00000278af4bc800,
0x00000278af4b8000, 0x00000278af4bd000, 0x00000278af4b7800, 0x00000278af4be000,
0x00000278af4bf000, 0x00000278af4b9000, 0x00000278af4ba000, 0x00000278b2938800,
0x00000278b2939000, 0x00000278b2937800, 0x00000278b293b000, 0x00000278b2935000,
0x00000278b293a000, 0x00000278b293b800, 0x00000278b2936000, 0x00000278b293c800,
0x00000278b2937000, 0x00000278b293d800, 0x00000278b2940800, 0x00000278b293e000,
0x00000278b2943000, 0x00000278b293f000, 0x00000278b2944000, 0x00000278b2941800,
0x00000278b293f800, 0x00000278b2fb4000, 0x00000278b2fae800, 0x00000278b2fb5000,
0x00000278b2fb0000, 0x00000278b2fb3000, 0x00000278ae90b000, 0x00000278b2faf000,
0x00000278b2fb6800, 0x00000278b2fb0800, 0x00000278b2fb1800, 0x00000278b2fb8000,
0x00000278b2fb2800, 0x00000278b2fbb800
}

Java Threads: ( => current thread )
  0x00000278901cf800 JavaThread "main" [_thread_blocked, id=4336, stack(0x000000d8b6600000,0x000000d8b6700000)]
  0x00000278abb7c000 JavaThread "Reference Handler" daemon [_thread_blocked, id=10028, stack(0x000000d8b6d00000,0x000000d8b6e00000)]
  0x00000278abb7d000 JavaThread "Finalizer" daemon [_thread_blocked, id=6272, stack(0x000000d8b6e00000,0x000000d8b6f00000)]
  0x00000278ac4f4800 JavaThread "Signal Dispatcher" daemon [_thread_blocked, id=7716, stack(0x000000d8b6f00000,0x000000d8b7000000)]
  0x00000278ac4f5000 JavaThread "Attach Listener" daemon [_thread_blocked, id=12228, stack(0x000000d8b7000000,0x000000d8b7100000)]
  0x00000278ac4f7000 JavaThread "C2 CompilerThread0" daemon [_thread_blocked, id=10136, stack(0x000000d8b7100000,0x000000d8b7200000)]
  0x00000278ac503800 JavaThread "C1 CompilerThread0" daemon [_thread_blocked, id=6892, stack(0x000000d8b7200000,0x000000d8b7300000)]
  0x00000278abba1000 JavaThread "Sweeper thread" daemon [_thread_blocked, id=1372, stack(0x000000d8b7300000,0x000000d8b7400000)]
  0x00000278ac64a800 JavaThread "Common-Cleaner" daemon [_thread_blocked, id=11440, stack(0x000000d8b7400000,0x000000d8b7500000)]
  0x00000278ac67d800 JavaThread "Service Thread" daemon [_thread_blocked, id=9764, stack(0x000000d8b7500000,0x000000d8b7600000)]
  0x00000278adfab000 JavaThread "Daemon health stats" [_thread_blocked, id=9448, stack(0x000000d8b7a00000,0x000000d8b7b00000)]
  0x00000278af024000 JavaThread "Incoming local TCP Connector on port 50762" [_thread_in_native, id=7160, stack(0x000000d8b7c00000,0x000000d8b7d00000)]
  0x00000278af064800 JavaThread "Daemon periodic checks" [_thread_blocked, id=5000, stack(0x000000d8b7d00000,0x000000d8b7e00000)]
  0x00000278ae78e800 JavaThread "Daemon" [_thread_blocked, id=5100, stack(0x000000d8b7e00000,0x000000d8b7f00000)]
  0x00000278aea34800 JavaThread "Handler for socket connection from /127.0.0.1:50762 to /127.0.0.1:50763" [_thread_in_native, id=9108, stack(0x000000d8b7f00000,0x000000d8b8000000)]
  0x00000278ad6f7800 JavaThread "Cancel handler" [_thread_blocked, id=1076, stack(0x000000d8b8000000,0x000000d8b8100000)]
  0x00000278aebca800 JavaThread "Daemon worker" [_thread_blocked, id=8396, stack(0x000000d8b8100000,0x000000d8b8200000)]
  0x00000278ae2bb800 JavaThread "Asynchronous log dispatcher for DefaultDaemonConnection: socket connection from /127.0.0.1:50762 to /127.0.0.1:50763" [_thread_blocked, id=1840, stack(0x000000d8b8200000,0x000000d8b8300000)]
  0x00000278addbc000 JavaThread "Stdin handler" [_thread_blocked, id=2376, stack(0x000000d8b8300000,0x000000d8b8400000)]
  0x00000278ade0a000 JavaThread "Thread-8" [_thread_blocked, id=9404, stack(0x000000d8b8400000,0x000000d8b8500000)]
  0x00000278aebc3800 JavaThread "Cache worker for file hash cache (C:\Users\hp\.gradle\caches\6.7.1\fileHashes)" [_thread_blocked, id=6984, stack(0x000000d8b8600000,0x000000d8b8700000)]
  0x00000278aebbe800 JavaThread "File lock request listener" [_thread_in_native, id=6160, stack(0x000000d8b8700000,0x000000d8b8800000)]
  0x00000278aebc1800 JavaThread "Cache worker for journal cache (C:\Users\hp\.gradle\caches\journal-1)" [_thread_blocked, id=2824, stack(0x000000d8b8800000,0x000000d8b8900000)]
  0x00000278aebbf800 JavaThread "Cache worker for file hash cache (C:\Users\hp\AndroidStudioProjects\myPharmacy\.gradle\6.7.1\fileHashes)" [_thread_blocked, id=9900, stack(0x000000d8b8a00000,0x000000d8b8b00000)]
  0x00000278aebbd800 JavaThread "Cache worker for checksums cache (C:\Users\hp\AndroidStudioProjects\myPharmacy\.gradle\checksums)" [_thread_blocked, id=7476, stack(0x000000d8b8b00000,0x000000d8b8c00000)]
  0x00000278aebc0000 JavaThread "Cache worker for cache directory md-supplier (C:\Users\hp\.gradle\caches\6.7.1\md-supplier)" [_thread_blocked, id=3760, stack(0x000000d8b8c00000,0x000000d8b8d00000)]
  0x00000278aebc1000 JavaThread "Cache worker for cache directory md-rule (C:\Users\hp\.gradle\caches\6.7.1\md-rule)" [_thread_blocked, id=3184, stack(0x000000d8b8d00000,0x000000d8b8e00000)]
  0x00000278aebc4000 JavaThread "Cache worker for execution history cache (C:\Users\hp\.gradle\caches\6.7.1\executionHistory)" [_thread_blocked, id=4324, stack(0x000000d8b8e00000,0x000000d8b8f00000)]
  0x00000278aebc2800 JavaThread "jar transforms" [_thread_blocked, id=7640, stack(0x000000d8b8f00000,0x000000d8b9000000)]
  0x00000278afc38000 JavaThread "Cache worker for file content cache (C:\Users\hp\.gradle\caches\6.7.1\fileContent)" [_thread_blocked, id=11224, stack(0x000000d8b9000000,0x000000d8b9100000)]
  0x00000278afc37800 JavaThread "Cache worker for Build Output Cleanup Cache (C:\Users\hp\AndroidStudioProjects\myPharmacy\.gradle\buildOutputCleanup)" [_thread_blocked, id=8088, stack(0x000000d8b9100000,0x000000d8b9200000)]
  0x00000278afc3f800 JavaThread "Build operations" [_thread_blocked, id=5180, stack(0x000000d8b9200000,0x000000d8b9300000)]
  0x00000278afc3c000 JavaThread "Build operations Thread 2" [_thread_blocked, id=4624, stack(0x000000d8b9300000,0x000000d8b9400000)]
  0x00000278afc3d000 JavaThread "Build operations Thread 3" [_thread_blocked, id=4612, stack(0x000000d8b9400000,0x000000d8b9500000)]
  0x00000278afc3e000 JavaThread "Build operations Thread 4" [_thread_blocked, id=10956, stack(0x000000d8b9500000,0x000000d8b9600000)]
  0x00000278afc39800 JavaThread "jar transforms Thread 2" [_thread_blocked, id=3548, stack(0x000000d8b9600000,0x000000d8b9700000)]
  0x00000278afc40000 JavaThread "jar transforms Thread 3" [_thread_blocked, id=8880, stack(0x000000d8b9700000,0x000000d8b9800000)]
  0x00000278afc3e800 JavaThread "jar transforms Thread 4" [_thread_blocked, id=12088, stack(0x000000d8b9800000,0x000000d8b9900000)]
  0x00000278afc3a800 JavaThread "jar transforms Thread 5" [_thread_blocked, id=5504, stack(0x000000d8b9900000,0x000000d8b9a00000)]
  0x00000278afc41000 JavaThread "jar transforms Thread 6" [_thread_blocked, id=1368, stack(0x000000d8b9a00000,0x000000d8b9b00000)]
  0x00000278afc3b800 JavaThread "jar transforms Thread 7" [_thread_blocked, id=5268, stack(0x000000d8b9b00000,0x000000d8b9c00000)]
  0x00000278afc43800 JavaThread "jar transforms Thread 8" [_thread_blocked, id=7320, stack(0x000000d8b9c00000,0x000000d8b9d00000)]
  0x00000278afc44800 JavaThread "jar transforms Thread 9" [_thread_blocked, id=4548, stack(0x000000d8b9d00000,0x000000d8b9e00000)]
  0x00000278afc45000 JavaThread "jar transforms Thread 10" [_thread_blocked, id=4924, stack(0x000000d8b9e00000,0x000000d8b9f00000)]
  0x00000278afc42000 JavaThread "jar transforms Thread 11" [_thread_blocked, id=4196, stack(0x000000d8b9f00000,0x000000d8ba000000)]
  0x00000278afc42800 JavaThread "jar transforms Thread 12" [_thread_blocked, id=2656, stack(0x000000d8ba000000,0x000000d8ba100000)]
  0x00000278afc46000 JavaThread "jar transforms Thread 13" [_thread_blocked, id=2972, stack(0x000000d8ba100000,0x000000d8ba200000)]
  0x00000278b2c9f800 JavaThread "jar transforms Thread 14" [_thread_blocked, id=1940, stack(0x000000d8ba200000,0x000000d8ba300000)]
  0x00000278b2ca1000 JavaThread "jar transforms Thread 15" [_thread_blocked, id=4500, stack(0x000000d8ba300000,0x000000d8ba400000)]
  0x00000278b2ca2000 JavaThread "jar transforms Thread 16" [_thread_blocked, id=6588, stack(0x000000d8ba400000,0x000000d8ba500000)]
  0x00000278b2c9e000 JavaThread "jar transforms Thread 17" [_thread_blocked, id=4752, stack(0x000000d8ba500000,0x000000d8ba600000)]
  0x00000278b2c9d000 JavaThread "jar transforms Thread 18" [_thread_blocked, id=9552, stack(0x000000d8ba600000,0x000000d8ba700000)]
  0x00000278b2c9e800 JavaThread "jar transforms Thread 19" [_thread_blocked, id=9284, stack(0x000000d8ba700000,0x000000d8ba800000)]
  0x00000278b2c9c800 JavaThread "jar transforms Thread 20" [_thread_blocked, id=1180, stack(0x000000d8ba800000,0x000000d8ba900000)]
  0x00000278b2ca5800 JavaThread "jar transforms Thread 21" [_thread_blocked, id=8364, stack(0x000000d8ba900000,0x000000d8baa00000)]
  0x00000278b2ca3000 JavaThread "jar transforms Thread 22" [_thread_blocked, id=9912, stack(0x000000d8baa00000,0x000000d8bab00000)]
  0x00000278b2ca6000 JavaThread "jar transforms Thread 23" [_thread_blocked, id=8400, stack(0x000000d8bab00000,0x000000d8bac00000)]
  0x00000278b2ca0800 JavaThread "jar transforms Thread 24" [_thread_blocked, id=12080, stack(0x000000d8bac00000,0x000000d8bad00000)]
  0x00000278b2ca4800 JavaThread "jar transforms Thread 25" [_thread_blocked, id=2748, stack(0x000000d8bad00000,0x000000d8bae00000)]
  0x00000278b2ca7800 JavaThread "jar transforms Thread 26" [_thread_blocked, id=2000, stack(0x000000d8bae00000,0x000000d8baf00000)]
  0x00000278b2ca7000 JavaThread "jar transforms Thread 27" [_thread_blocked, id=612, stack(0x000000d8baf00000,0x000000d8bb000000)]
  0x00000278b2ca8800 JavaThread "jar transforms Thread 28" [_thread_blocked, id=4372, stack(0x000000d8bb000000,0x000000d8bb100000)]
  0x00000278b2ca9800 JavaThread "jar transforms Thread 29" [_thread_blocked, id=2636, stack(0x000000d8bb100000,0x000000d8bb200000)]
  0x00000278b2ca3800 JavaThread "jar transforms Thread 30" [_thread_blocked, id=8168, stack(0x000000d8bb200000,0x000000d8bb300000)]
  0x00000278b2caa000 JavaThread "jar transforms Thread 31" [_thread_blocked, id=7316, stack(0x000000d8bb300000,0x000000d8bb400000)]
  0x00000278b2cab000 JavaThread "jar transforms Thread 32" [_thread_blocked, id=11796, stack(0x000000d8bb400000,0x000000d8bb500000)]
  0x00000278afd37800 JavaThread "jar transforms Thread 33" [_thread_blocked, id=3848, stack(0x000000d8bb500000,0x000000d8bb600000)]
  0x00000278afd33000 JavaThread "jar transforms Thread 34" [_thread_blocked, id=12208, stack(0x000000d8bb600000,0x000000d8bb700000)]
  0x00000278afd34000 JavaThread "jar transforms Thread 35" [_thread_blocked, id=7388, stack(0x000000d8bb700000,0x000000d8bb800000)]
  0x00000278afd35000 JavaThread "jar transforms Thread 36" [_thread_blocked, id=5444, stack(0x000000d8bb800000,0x000000d8bb900000)]
  0x00000278afd35800 JavaThread "jar transforms Thread 37" [_thread_blocked, id=4012, stack(0x000000d8bb900000,0x000000d8bba00000)]
  0x00000278afd36800 JavaThread "jar transforms Thread 38" [_thread_blocked, id=7308, stack(0x000000d8bba00000,0x000000d8bbb00000)]
  0x00000278afd31800 JavaThread "jar transforms Thread 39" [_thread_blocked, id=8016, stack(0x000000d8bbb00000,0x000000d8bbc00000)]
  0x00000278afd38000 JavaThread "jar transforms Thread 40" [_thread_blocked, id=10332, stack(0x000000d8bbc00000,0x000000d8bbd00000)]
  0x00000278afd32800 JavaThread "jar transforms Thread 41" [_thread_blocked, id=12240, stack(0x000000d8bbd00000,0x000000d8bbe00000)]
  0x00000278afd3b800 JavaThread "jar transforms Thread 42" [_thread_blocked, id=7804, stack(0x000000d8bbe00000,0x000000d8bbf00000)]
  0x00000278afd3e000 JavaThread "jar transforms Thread 43" [_thread_blocked, id=996, stack(0x000000d8bbf00000,0x000000d8bc000000)]
  0x00000278afd3c000 JavaThread "jar transforms Thread 44" [_thread_blocked, id=5436, stack(0x000000d8bc000000,0x000000d8bc100000)]
  0x00000278afd3d000 JavaThread "jar transforms Thread 45" [_thread_blocked, id=5712, stack(0x000000d8bc100000,0x000000d8bc200000)]
  0x00000278afd3e800 JavaThread "jar transforms Thread 46" [_thread_blocked, id=10568, stack(0x000000d8bc200000,0x000000d8bc300000)]
  0x00000278afd39000 JavaThread "jar transforms Thread 47" [_thread_blocked, id=3540, stack(0x000000d8bc300000,0x000000d8bc400000)]
  0x00000278afd3f800 JavaThread "jar transforms Thread 48" [_thread_blocked, id=11624, stack(0x000000d8bc400000,0x000000d8bc500000)]
  0x00000278afd3a800 JavaThread "jar transforms Thread 49" [_thread_blocked, id=11068, stack(0x000000d8bc500000,0x000000d8bc600000)]
  0x00000278afd3a000 JavaThread "jar transforms Thread 50" [_thread_blocked, id=5040, stack(0x000000d8bc600000,0x000000d8bc700000)]
  0x00000278afd40800 JavaThread "jar transforms Thread 51" [_thread_blocked, id=5996, stack(0x000000d8bc700000,0x000000d8bc800000)]
  0x00000278b1455000 JavaThread "jar transforms Thread 52" [_thread_blocked, id=11420, stack(0x000000d8bc800000,0x000000d8bc900000)]
  0x00000278b1457800 JavaThread "jar transforms Thread 53" [_thread_blocked, id=1260, stack(0x000000d8bc900000,0x000000d8bca00000)]
  0x00000278b1455800 JavaThread "jar transforms Thread 54" [_thread_blocked, id=8888, stack(0x000000d8bca00000,0x000000d8bcb00000)]
  0x00000278b1456800 JavaThread "jar transforms Thread 55" [_thread_blocked, id=1528, stack(0x000000d8bcb00000,0x000000d8bcc00000)]
  0x00000278b1458000 JavaThread "jar transforms Thread 56" [_thread_blocked, id=5636, stack(0x000000d8bcc00000,0x000000d8bcd00000)]
  0x00000278b1454000 JavaThread "jar transforms Thread 57" [_thread_blocked, id=10444, stack(0x000000d8bcd00000,0x000000d8bce00000)]
  0x00000278b145e000 JavaThread "jar transforms Thread 58" [_thread_blocked, id=6412, stack(0x000000d8bce00000,0x000000d8bcf00000)]
  0x00000278b145d000 JavaThread "jar transforms Thread 59" [_thread_blocked, id=11232, stack(0x000000d8bcf00000,0x000000d8bd000000)]
  0x00000278b145e800 JavaThread "jar transforms Thread 60" [_thread_blocked, id=7416, stack(0x000000d8bd000000,0x000000d8bd100000)]
  0x00000278b145a800 JavaThread "jar transforms Thread 61" [_thread_blocked, id=4256, stack(0x000000d8bd100000,0x000000d8bd200000)]
  0x00000278b145b800 JavaThread "jar transforms Thread 62" [_thread_blocked, id=1436, stack(0x000000d8bd200000,0x000000d8bd300000)]
  0x00000278b145c000 JavaThread "jar transforms Thread 63" [_thread_blocked, id=9948, stack(0x000000d8bd300000,0x000000d8bd400000)]
  0x00000278b1459000 JavaThread "jar transforms Thread 64" [_thread_blocked, id=8672, stack(0x000000d8bd400000,0x000000d8bd500000)]
  0x00000278b145f800 JavaThread "jar transforms Thread 65" [_thread_blocked, id=4636, stack(0x000000d8bd500000,0x000000d8bd600000)]
  0x00000278b145a000 JavaThread "jar transforms Thread 66" [_thread_blocked, id=3912, stack(0x000000d8bd600000,0x000000d8bd700000)]
  0x00000278b1460800 JavaThread "jar transforms Thread 67" [_thread_blocked, id=1868, stack(0x000000d8bd700000,0x000000d8bd800000)]
  0x00000278b1462000 JavaThread "jar transforms Thread 68" [_thread_blocked, id=7052, stack(0x000000d8bd800000,0x000000d8bd900000)]
  0x00000278b1462800 JavaThread "jar transforms Thread 69" [_thread_blocked, id=6200, stack(0x000000d8bd900000,0x000000d8bda00000)]
  0x00000278b1461000 JavaThread "jar transforms Thread 70" [_thread_blocked, id=5864, stack(0x000000d8bda00000,0x000000d8bdb00000)]
  0x00000278af4b2800 JavaThread "jar transforms Thread 71" [_thread_blocked, id=9508, stack(0x000000d8bdb00000,0x000000d8bdc00000)]
  0x00000278af4b5000 JavaThread "jar transforms Thread 72" [_thread_blocked, id=1712, stack(0x000000d8bdc00000,0x000000d8bdd00000)]
  0x00000278af4b4000 JavaThread "jar transforms Thread 73" [_thread_blocked, id=11664, stack(0x000000d8bdd00000,0x000000d8bde00000)]
  0x00000278af4b1000 JavaThread "jar transforms Thread 74" [_thread_blocked, id=10592, stack(0x000000d8bde00000,0x000000d8bdf00000)]
  0x00000278af4b3800 JavaThread "jar transforms Thread 75" [_thread_blocked, id=10460, stack(0x000000d8bdf00000,0x000000d8be000000)]
  0x00000278af4b6000 JavaThread "jar transforms Thread 76" [_thread_blocked, id=2896, stack(0x000000d8be000000,0x000000d8be100000)]
  0x00000278af4b1800 JavaThread "jar transforms Thread 77" [_thread_blocked, id=11444, stack(0x000000d8be100000,0x000000d8be200000)]
  0x00000278af4b0000 JavaThread "jar transforms Thread 78" [_thread_blocked, id=5072, stack(0x000000d8be200000,0x000000d8be300000)]
  0x00000278af4b6800 JavaThread "jar transforms Thread 79" [_thread_blocked, id=3856, stack(0x000000d8be300000,0x000000d8be400000)]
  0x00000278af4ba800 JavaThread "jar transforms Thread 80" [_thread_blocked, id=4800, stack(0x000000d8be400000,0x000000d8be500000)]
  0x00000278af4bb800 JavaThread "jar transforms Thread 81" [_thread_blocked, id=4320, stack(0x000000d8be500000,0x000000d8be600000)]
  0x00000278af4bc800 JavaThread "jar transforms Thread 82" [_thread_blocked, id=6456, stack(0x000000d8be600000,0x000000d8be700000)]
  0x00000278af4b8000 JavaThread "jar transforms Thread 83" [_thread_blocked, id=5824, stack(0x000000d8be700000,0x000000d8be800000)]
  0x00000278af4bd000 JavaThread "jar transforms Thread 84" [_thread_blocked, id=7544, stack(0x000000d8be800000,0x000000d8be900000)]
  0x00000278af4b7800 JavaThread "jar transforms Thread 85" [_thread_blocked, id=7376, stack(0x000000d8be900000,0x000000d8bea00000)]
  0x00000278af4be000 JavaThread "jar transforms Thread 86" [_thread_blocked, id=10116, stack(0x000000d8bea00000,0x000000d8beb00000)]
  0x00000278af4bf000 JavaThread "jar transforms Thread 87" [_thread_blocked, id=1144, stack(0x000000d8beb00000,0x000000d8bec00000)]
  0x00000278af4b9000 JavaThread "jar transforms Thread 88" [_thread_blocked, id=8104, stack(0x000000d8bec00000,0x000000d8bed00000)]
  0x00000278af4ba000 JavaThread "jar transforms Thread 89" [_thread_blocked, id=2216, stack(0x000000d8bed00000,0x000000d8bee00000)]
  0x00000278b2938800 JavaThread "jar transforms Thread 90" [_thread_blocked, id=9536, stack(0x000000d8bee00000,0x000000d8bef00000)]
  0x00000278b2939000 JavaThread "jar transforms Thread 91" [_thread_blocked, id=3928, stack(0x000000d8bef00000,0x000000d8bf000000)]
  0x00000278b2937800 JavaThread "jar transforms Thread 92" [_thread_blocked, id=10220, stack(0x000000d8bf000000,0x000000d8bf100000)]
  0x00000278b293b000 JavaThread "jar transforms Thread 93" [_thread_blocked, id=9044, stack(0x000000d8bf100000,0x000000d8bf200000)]
  0x00000278b2935000 JavaThread "jar transforms Thread 94" [_thread_blocked, id=5852, stack(0x000000d8bf200000,0x000000d8bf300000)]
  0x00000278b293a000 JavaThread "jar transforms Thread 95" [_thread_blocked, id=7680, stack(0x000000d8bf300000,0x000000d8bf400000)]
  0x00000278b293b800 JavaThread "jar transforms Thread 96" [_thread_blocked, id=5352, stack(0x000000d8bf400000,0x000000d8bf500000)]
  0x00000278b2936000 JavaThread "jar transforms Thread 97" [_thread_blocked, id=3268, stack(0x000000d8bf500000,0x000000d8bf600000)]
  0x00000278b293c800 JavaThread "jar transforms Thread 98" [_thread_blocked, id=10212, stack(0x000000d8bf600000,0x000000d8bf700000)]
  0x00000278b2937000 JavaThread "jar transforms Thread 99" [_thread_blocked, id=12092, stack(0x000000d8bf700000,0x000000d8bf800000)]
  0x00000278b293d800 JavaThread "Memory manager" [_thread_blocked, id=236, stack(0x000000d8bf800000,0x000000d8bf900000)]
  0x00000278b2940800 JavaThread "build event listener" [_thread_blocked, id=12152, stack(0x000000d8bf900000,0x000000d8bfa00000)]
  0x00000278b293e000 JavaThread "build event listener" [_thread_blocked, id=9520, stack(0x000000d8bfa00000,0x000000d8bfb00000)]
  0x00000278b2943000 JavaThread "Execution worker for ':'" [_thread_blocked, id=12144, stack(0x000000d8bfb00000,0x000000d8bfc00000)]
  0x00000278b293f000 JavaThread "Execution worker for ':' Thread 2" [_thread_blocked, id=3640, stack(0x000000d8bfc00000,0x000000d8bfd00000)]
  0x00000278b2944000 JavaThread "Execution worker for ':' Thread 3" [_thread_blocked, id=5084, stack(0x000000d8bfd00000,0x000000d8bfe00000)]
  0x00000278b2941800 JavaThread "Cache worker for execution history cache (C:\Users\hp\AndroidStudioProjects\myPharmacy\.gradle\6.7.1\executionHistory)" [_thread_blocked, id=11024, stack(0x000000d8bfe00000,0x000000d8bff00000)]
  0x00000278b293f800 JavaThread "WorkerExecutor Queue" [_thread_blocked, id=9132, stack(0x000000d8bff00000,0x000000d8c0000000)]
  0x00000278b2fb4000 JavaThread "WorkerExecutor Queue Thread 2" [_thread_blocked, id=4072, stack(0x000000d8c0000000,0x000000d8c0100000)]
  0x00000278b2fae800 JavaThread "WorkerExecutor Queue Thread 3" [_thread_blocked, id=3260, stack(0x000000d8c0100000,0x000000d8c0200000)]
  0x00000278b2fb5000 JavaThread "pool-4-thread-1" [_thread_blocked, id=10984, stack(0x000000d8c0200000,0x000000d8c0300000)]
  0x00000278b2fb0000 JavaThread "stderr" [_thread_in_native, id=4948, stack(0x000000d8c0300000,0x000000d8c0400000)]
  0x00000278b2fb3000 JavaThread "stdout" [_thread_in_native, id=5012, stack(0x000000d8c0400000,0x000000d8c0500000)]
  0x00000278ae90b000 JavaThread "C2 CompilerThread1" daemon [_thread_blocked, id=9428, stack(0x000000d8b8900000,0x000000d8b8a00000)]
  0x00000278b2faf000 JavaThread "Cache worker for Java compile cache (C:\Users\hp\.gradle\caches\6.7.1\javaCompile)" [_thread_blocked, id=9052, stack(0x000000d8c0500000,0x000000d8c0600000)]
  0x00000278b2fb6800 JavaThread "Cache worker for Java compile cache (C:\Users\hp\AndroidStudioProjects\myPharmacy\.gradle\6.7.1\javaCompile)" [_thread_blocked, id=11636, stack(0x000000d8c0600000,0x000000d8c0700000)]
  0x00000278b2fb0800 JavaThread "WorkerExecutor Queue Thread 4" [_thread_blocked, id=9456, stack(0x000000d8c0700000,0x000000d8c0800000)]
  0x00000278b2fb1800 JavaThread "ForkJoinPool-1-worker-3" daemon [_thread_blocked, id=12280, stack(0x000000d8c0900000,0x000000d8c0a00000)]
  0x00000278b2fb8000 JavaThread "ForkJoinPool-1-worker-5" daemon [_thread_blocked, id=5068, stack(0x000000d8c0a00000,0x000000d8c0b00000)]
  0x00000278b2fb2800 JavaThread "ForkJoinPool-1-worker-7" daemon [_thread_blocked, id=2432, stack(0x000000d8c0b00000,0x000000d8c0c00000)]
  0x00000278b2fbb800 JavaThread "ForkJoinPool-1-worker-1" daemon [_thread_blocked, id=7876, stack(0x000000d8c0c00000,0x000000d8c0d00000)]

Other Threads:
=>0x00000278abb78000 VMThread "VM Thread" [stack: 0x000000d8b6c00000,0x000000d8b6d00000] [id=7392]
  0x00000278ac680800 WatcherThread [stack: 0x000000d8b7600000,0x000000d8b7700000] [id=8552]
  0x00000278901e9000 GCTaskThread "GC Thread#0" [stack: 0x000000d8b6700000,0x000000d8b6800000] [id=3328]
  0x00000278acbcb800 GCTaskThread "GC Thread#1" [stack: 0x000000d8b7800000,0x000000d8b7900000] [id=8308]
  0x00000278acff3800 GCTaskThread "GC Thread#2" [stack: 0x000000d8b7900000,0x000000d8b7a00000] [id=8184]
  0x00000278ad87f800 GCTaskThread "GC Thread#3" [stack: 0x000000d8b8500000,0x000000d8b8600000] [id=5380]
  0x000002789021e000 ConcurrentGCThread "G1 Main Marker" [stack: 0x000000d8b6800000,0x000000d8b6900000] [id=7536]
  0x0000027890220000 ConcurrentGCThread "G1 Conc#0" [stack: 0x000000d8b6900000,0x000000d8b6a00000] [id=2024]
  0x000002789029e000 ConcurrentGCThread "G1 Refine#0" [stack: 0x000000d8b6a00000,0x000000d8b6b00000] [id=11356]
  0x00000278b35ff800 ConcurrentGCThread "G1 Refine#1" [stack: 0x000000d8c0800000,0x000000d8c0900000] [id=7692]
  0x00000278ab9c8800 ConcurrentGCThread "G1 Young RemSet Sampling" [stack: 0x000000d8b6b00000,0x000000d8b6c00000] [id=2500]

Threads with active compile tasks:
C2 CompilerThread1  35473 15918       4       com.android.tools.r8.graph.n0$$Lambda$1195/0x0000000100d50040::accept (16 bytes)

VM state:at safepoint (normal execution)

VM Mutex/Monitor currently owned by a thread:  ([mutex/lock_event])
[0x00000278901ce5a0] Threads_lock - owner thread: 0x00000278abb78000
[0x00000278901ceab0] Heap_lock - owner thread: 0x00000278b2fae800

Heap address: 0x0000000080000000, size: 2048 MB, Compressed Oops mode: 32-bit
Narrow klass base: 0x0000000000000000, Narrow klass shift: 3
Compressed class space size: 1073741824 Address: 0x0000000100000000

Heap:
 garbage-first heap   total 293888K, used 185179K [0x0000000080000000, 0x0000000100000000)
  region size 1024K, 3 young (3072K), 3 survivors (3072K)
 Metaspace       used 106046K, capacity 108713K, committed 109004K, reserved 1144832K
  class space    used 13493K, capacity 14439K, committed 14592K, reserved 1048576K
Heap Regions: E=young(eden), S=young(survivor), O=old, HS=humongous(starts), HC=humongous(continues), CS=collection set, F=free, A=archive, TAMS=top-at-mark-start (previous, next)
|   0|0x0000000080000000, 0x0000000080100000, 0x0000000080100000|100%| O|  |TAMS 0x0000000080100000, 0x0000000080100000| Untracked 
|   1|0x0000000080100000, 0x0000000080200000, 0x0000000080200000|100%| O|  |TAMS 0x0000000080200000, 0x0000000080200000| Untracked 
|   2|0x0000000080200000, 0x0000000080300000, 0x0000000080300000|100%| O|  |TAMS 0x0000000080300000, 0x0000000080300000| Untracked 
|   3|0x0000000080300000, 0x0000000080400000, 0x0000000080400000|100%|HS|  |TAMS 0x0000000080400000, 0x0000000080400000| Complete 
|   4|0x0000000080400000, 0x0000000080500000, 0x0000000080500000|100%|HC|  |TAMS 0x0000000080500000, 0x0000000080500000| Complete 
|   5|0x0000000080500000, 0x0000000080600000, 0x0000000080600000|100%|HC|  |TAMS 0x0000000080600000, 0x0000000080600000| Complete 
|   6|0x0000000080600000, 0x0000000080700000, 0x0000000080700000|100%| O|  |TAMS 0x0000000080700000, 0x0000000080700000| Untracked 
|   7|0x0000000080700000, 0x0000000080800000, 0x0000000080800000|100%| O|  |TAMS 0x0000000080800000, 0x0000000080800000| Untracked 
|   8|0x0000000080800000, 0x0000000080900000, 0x0000000080900000|100%| O|  |TAMS 0x0000000080900000, 0x0000000080900000| Untracked 
|   9|0x0000000080900000, 0x0000000080a00000, 0x0000000080a00000|100%| O|  |TAMS 0x0000000080a00000, 0x0000000080a00000| Untracked 
|  10|0x0000000080a00000, 0x0000000080b00000, 0x0000000080b00000|100%| O|  |TAMS 0x0000000080b00000, 0x0000000080b00000| Untracked 
|  11|0x0000000080b00000, 0x0000000080c00000, 0x0000000080c00000|100%| O|  |TAMS 0x0000000080c00000, 0x0000000080c00000| Untracked 
|  12|0x0000000080c00000, 0x0000000080d00000, 0x0000000080d00000|100%| O|  |TAMS 0x0000000080d00000, 0x0000000080d00000| Untracked 
|  13|0x0000000080d00000, 0x0000000080e00000, 0x0000000080e00000|100%| O|  |TAMS 0x0000000080e00000, 0x0000000080e00000| Untracked 
|  14|0x0000000080e00000, 0x0000000080f00000, 0x0000000080f00000|100%| O|  |TAMS 0x0000000080f00000, 0x0000000080f00000| Untracked 
|  15|0x0000000080f00000, 0x0000000081000000, 0x0000000081000000|100%| O|  |TAMS 0x0000000081000000, 0x0000000081000000| Untracked 
|  16|0x0000000081000000, 0x0000000081100000, 0x0000000081100000|100%|HS|  |TAMS 0x0000000081100000, 0x0000000081100000| Complete 
|  17|0x0000000081100000, 0x0000000081200000, 0x0000000081200000|100%|HS|  |TAMS 0x0000000081200000, 0x0000000081200000| Complete 
|  18|0x0000000081200000, 0x0000000081300000, 0x0000000081300000|100%|HC|  |TAMS 0x0000000081300000, 0x0000000081300000| Complete 
|  19|0x0000000081300000, 0x0000000081400000, 0x0000000081400000|100%| O|  |TAMS 0x0000000081400000, 0x0000000081400000| Untracked 
|  20|0x0000000081400000, 0x0000000081500000, 0x0000000081500000|100%| O|  |TAMS 0x0000000081500000, 0x0000000081500000| Untracked 
|  21|0x0000000081500000, 0x0000000081600000, 0x0000000081600000|100%| O|  |TAMS 0x0000000081600000, 0x0000000081600000| Untracked 
|  22|0x0000000081600000, 0x0000000081700000, 0x0000000081700000|100%| O|  |TAMS 0x0000000081700000, 0x0000000081700000| Untracked 
|  23|0x0000000081700000, 0x0000000081800000, 0x0000000081800000|100%| O|  |TAMS 0x0000000081800000, 0x0000000081800000| Untracked 
|  24|0x0000000081800000, 0x0000000081900000, 0x0000000081900000|100%| O|  |TAMS 0x0000000081900000, 0x0000000081900000| Untracked 
|  25|0x0000000081900000, 0x0000000081a00000, 0x0000000081a00000|100%| O|  |TAMS 0x0000000081a00000, 0x0000000081a00000| Untracked 
|  26|0x0000000081a00000, 0x0000000081b00000, 0x0000000081b00000|100%| O|  |TAMS 0x0000000081b00000, 0x0000000081b00000| Untracked 
|  27|0x0000000081b00000, 0x0000000081c00000, 0x0000000081c00000|100%| O|  |TAMS 0x0000000081c00000, 0x0000000081c00000| Untracked 
|  28|0x0000000081c00000, 0x0000000081d00000, 0x0000000081d00000|100%| O|  |TAMS 0x0000000081d00000, 0x0000000081d00000| Untracked 
|  29|0x0000000081d00000, 0x0000000081e00000, 0x0000000081e00000|100%| O|  |TAMS 0x0000000081e00000, 0x0000000081e00000| Untracked 
|  30|0x0000000081e00000, 0x0000000081f00000, 0x0000000081f00000|100%| O|  |TAMS 0x0000000081f00000, 0x0000000081f00000| Untracked 
|  31|0x0000000081f00000, 0x0000000082000000, 0x0000000082000000|100%| O|  |TAMS 0x0000000082000000, 0x0000000082000000| Untracked 
|  32|0x0000000082000000, 0x0000000082100000, 0x0000000082100000|100%| O|  |TAMS 0x0000000082100000, 0x0000000082100000| Untracked 
|  33|0x0000000082100000, 0x0000000082200000, 0x0000000082200000|100%| O|  |TAMS 0x0000000082200000, 0x0000000082200000| Untracked 
|  34|0x0000000082200000, 0x0000000082300000, 0x0000000082300000|100%| O|  |TAMS 0x0000000082300000, 0x0000000082300000| Untracked 
|  35|0x0000000082300000, 0x0000000082400000, 0x0000000082400000|100%| O|  |TAMS 0x0000000082400000, 0x0000000082400000| Untracked 
|  36|0x0000000082400000, 0x0000000082500000, 0x0000000082500000|100%| O|  |TAMS 0x0000000082500000, 0x0000000082500000| Untracked 
|  37|0x0000000082500000, 0x0000000082600000, 0x0000000082600000|100%| O|  |TAMS 0x0000000082600000, 0x0000000082600000| Untracked 
|  38|0x0000000082600000, 0x0000000082700000, 0x0000000082700000|100%| O|  |TAMS 0x0000000082700000, 0x0000000082700000| Untracked 
|  39|0x0000000082700000, 0x0000000082800000, 0x0000000082800000|100%| O|  |TAMS 0x0000000082800000, 0x0000000082800000| Untracked 
|  40|0x0000000082800000, 0x0000000082900000, 0x0000000082900000|100%| O|  |TAMS 0x0000000082900000, 0x0000000082900000| Untracked 
|  41|0x0000000082900000, 0x0000000082a00000, 0x0000000082a00000|100%| O|  |TAMS 0x0000000082a00000, 0x0000000082a00000| Untracked 
|  42|0x0000000082a00000, 0x0000000082b00000, 0x0000000082b00000|100%| O|  |TAMS 0x0000000082b00000, 0x0000000082b00000| Untracked 
|  43|0x0000000082b00000, 0x0000000082c00000, 0x0000000082c00000|100%| O|  |TAMS 0x0000000082c00000, 0x0000000082c00000| Untracked 
|  44|0x0000000082c00000, 0x0000000082d00000, 0x0000000082d00000|100%| O|  |TAMS 0x0000000082d00000, 0x0000000082d00000| Untracked 
|  45|0x0000000082d00000, 0x0000000082e00000, 0x0000000082e00000|100%| O|  |TAMS 0x0000000082e00000, 0x0000000082e00000| Untracked 
|  46|0x0000000082e00000, 0x0000000082f00000, 0x0000000082f00000|100%| O|  |TAMS 0x0000000082f00000, 0x0000000082f00000| Untracked 
|  47|0x0000000082f00000, 0x0000000083000000, 0x0000000083000000|100%| O|  |TAMS 0x0000000083000000, 0x0000000083000000| Untracked 
|  48|0x0000000083000000, 0x0000000083100000, 0x0000000083100000|100%| O|  |TAMS 0x0000000083100000, 0x0000000083100000| Untracked 
|  49|0x0000000083100000, 0x0000000083200000, 0x0000000083200000|100%| O|  |TAMS 0x0000000083200000, 0x0000000083200000| Untracked 
|  50|0x0000000083200000, 0x0000000083300000, 0x0000000083300000|100%| O|  |TAMS 0x0000000083300000, 0x0000000083300000| Untracked 
|  51|0x0000000083300000, 0x0000000083400000, 0x0000000083400000|100%| O|  |TAMS 0x0000000083400000, 0x0000000083400000| Untracked 
|  52|0x0000000083400000, 0x0000000083500000, 0x0000000083500000|100%| O|  |TAMS 0x0000000083500000, 0x0000000083500000| Untracked 
|  53|0x0000000083500000, 0x0000000083600000, 0x0000000083600000|100%| O|  |TAMS 0x0000000083600000, 0x0000000083600000| Untracked 
|  54|0x0000000083600000, 0x0000000083700000, 0x0000000083700000|100%| O|  |TAMS 0x0000000083700000, 0x0000000083700000| Untracked 
|  55|0x0000000083700000, 0x0000000083800000, 0x0000000083800000|100%| O|  |TAMS 0x0000000083800000, 0x0000000083800000| Untracked 
|  56|0x0000000083800000, 0x0000000083900000, 0x0000000083900000|100%| O|  |TAMS 0x0000000083900000, 0x0000000083900000| Untracked 
|  57|0x0000000083900000, 0x0000000083a00000, 0x0000000083a00000|100%| O|  |TAMS 0x0000000083a00000, 0x0000000083a00000| Untracked 
|  58|0x0000000083a00000, 0x0000000083b00000, 0x0000000083b00000|100%| O|  |TAMS 0x0000000083b00000, 0x0000000083b00000| Untracked 
|  59|0x0000000083b00000, 0x0000000083c00000, 0x0000000083c00000|100%| O|  |TAMS 0x0000000083c00000, 0x0000000083c00000| Untracked 
|  60|0x0000000083c00000, 0x0000000083d00000, 0x0000000083d00000|100%| O|  |TAMS 0x0000000083d00000, 0x0000000083d00000| Untracked 
|  61|0x0000000083d00000, 0x0000000083e00000, 0x0000000083e00000|100%| O|  |TAMS 0x0000000083e00000, 0x0000000083e00000| Untracked 
|  62|0x0000000083e00000, 0x0000000083f00000, 0x0000000083f00000|100%| O|  |TAMS 0x0000000083f00000, 0x0000000083f00000| Untracked 
|  63|0x0000000083f00000, 0x0000000084000000, 0x0000000084000000|100%| O|  |TAMS 0x0000000084000000, 0x0000000084000000| Untracked 
|  64|0x0000000084000000, 0x0000000084100000, 0x0000000084100000|100%| O|  |TAMS 0x0000000084100000, 0x0000000084100000| Untracked 
|  65|0x0000000084100000, 0x0000000084200000, 0x0000000084200000|100%| O|  |TAMS 0x0000000084200000, 0x0000000084200000| Untracked 
|  66|0x0000000084200000, 0x0000000084300000, 0x0000000084300000|100%| O|  |TAMS 0x0000000084300000, 0x0000000084300000| Untracked 
|  67|0x0000000084300000, 0x0000000084400000, 0x0000000084400000|100%| O|  |TAMS 0x0000000084400000, 0x0000000084400000| Untracked 
|  68|0x0000000084400000, 0x0000000084500000, 0x0000000084500000|100%| O|  |TAMS 0x0000000084500000, 0x0000000084500000| Untracked 
|  69|0x0000000084500000, 0x0000000084600000, 0x0000000084600000|100%| O|  |TAMS 0x0000000084600000, 0x0000000084600000| Untracked 
|  70|0x0000000084600000, 0x0000000084700000, 0x0000000084700000|100%| O|  |TAMS 0x0000000084700000, 0x0000000084700000| Untracked 
|  71|0x0000000084700000, 0x0000000084800000, 0x0000000084800000|100%| O|  |TAMS 0x0000000084800000, 0x0000000084800000| Untracked 
|  72|0x0000000084800000, 0x0000000084900000, 0x0000000084900000|100%| O|  |TAMS 0x0000000084900000, 0x0000000084900000| Untracked 
|  73|0x0000000084900000, 0x0000000084a00000, 0x0000000084a00000|100%|HS|  |TAMS 0x0000000084a00000, 0x0000000084a00000| Complete 
|  74|0x0000000084a00000, 0x0000000084b00000, 0x0000000084b00000|100%| O|  |TAMS 0x0000000084b00000, 0x0000000084b00000| Untracked 
|  75|0x0000000084b00000, 0x0000000084c00000, 0x0000000084c00000|100%| O|  |TAMS 0x0000000084c00000, 0x0000000084c00000| Untracked 
|  76|0x0000000084c00000, 0x0000000084d00000, 0x0000000084d00000|100%| O|  |TAMS 0x0000000084d00000, 0x0000000084d00000| Untracked 
|  77|0x0000000084d00000, 0x0000000084e00000, 0x0000000084e00000|100%| O|  |TAMS 0x0000000084e00000, 0x0000000084e00000| Untracked 
|  78|0x0000000084e00000, 0x0000000084f00000, 0x0000000084f00000|100%| O|  |TAMS 0x0000000084f00000, 0x0000000084f00000| Untracked 
|  79|0x0000000084f00000, 0x0000000085000000, 0x0000000085000000|100%| O|  |TAMS 0x0000000085000000, 0x0000000085000000| Untracked 
|  80|0x0000000085000000, 0x0000000085100000, 0x0000000085100000|100%| O|  |TAMS 0x0000000085100000, 0x0000000085100000| Untracked 
|  81|0x0000000085100000, 0x0000000085200000, 0x0000000085200000|100%| O|  |TAMS 0x0000000085200000, 0x0000000085200000| Untracked 
|  82|0x0000000085200000, 0x0000000085300000, 0x0000000085300000|100%| O|  |TAMS 0x0000000085300000, 0x0000000085300000| Untracked 
|  83|0x0000000085300000, 0x0000000085400000, 0x0000000085400000|100%| O|  |TAMS 0x0000000085400000, 0x0000000085400000| Untracked 
|  84|0x0000000085400000, 0x0000000085500000, 0x0000000085500000|100%| O|  |TAMS 0x0000000085500000, 0x0000000085500000| Untracked 
|  85|0x0000000085500000, 0x0000000085600000, 0x0000000085600000|100%| O|  |TAMS 0x0000000085600000, 0x0000000085600000| Untracked 
|  86|0x0000000085600000, 0x0000000085700000, 0x0000000085700000|100%| O|  |TAMS 0x0000000085700000, 0x0000000085700000| Untracked 
|  87|0x0000000085700000, 0x0000000085800000, 0x0000000085800000|100%| O|  |TAMS 0x0000000085800000, 0x0000000085800000| Untracked 
|  88|0x0000000085800000, 0x0000000085900000, 0x0000000085900000|100%| O|  |TAMS 0x0000000085900000, 0x0000000085900000| Untracked 
|  89|0x0000000085900000, 0x0000000085a00000, 0x0000000085a00000|100%|HS|  |TAMS 0x0000000085a00000, 0x0000000085a00000| Complete 
|  90|0x0000000085a00000, 0x0000000085b00000, 0x0000000085b00000|100%| O|  |TAMS 0x0000000085b00000, 0x0000000085b00000| Untracked 
|  91|0x0000000085b00000, 0x0000000085c00000, 0x0000000085c00000|100%| O|  |TAMS 0x0000000085c00000, 0x0000000085c00000| Untracked 
|  92|0x0000000085c00000, 0x0000000085d00000, 0x0000000085d00000|100%| O|  |TAMS 0x0000000085d00000, 0x0000000085d00000| Untracked 
|  93|0x0000000085d00000, 0x0000000085e00000, 0x0000000085e00000|100%| O|  |TAMS 0x0000000085e00000, 0x0000000085e00000| Untracked 
|  94|0x0000000085e00000, 0x0000000085f00000, 0x0000000085f00000|100%| O|  |TAMS 0x0000000085f00000, 0x0000000085f00000| Untracked 
|  95|0x0000000085f00000, 0x0000000086000000, 0x0000000086000000|100%| O|  |TAMS 0x0000000086000000, 0x0000000086000000| Untracked 
|  96|0x0000000086000000, 0x0000000086100000, 0x0000000086100000|100%| O|  |TAMS 0x0000000086000000, 0x0000000086100000| Untracked 
|  97|0x0000000086100000, 0x0000000086200000, 0x0000000086200000|100%| O|  |TAMS 0x0000000086200000, 0x0000000086200000| Untracked 
|  98|0x0000000086200000, 0x0000000086300000, 0x0000000086300000|100%| O|  |TAMS 0x0000000086300000, 0x0000000086300000| Untracked 
|  99|0x0000000086300000, 0x0000000086400000, 0x0000000086400000|100%| O|  |TAMS 0x0000000086400000, 0x0000000086400000| Untracked 
| 100|0x0000000086400000, 0x0000000086500000, 0x0000000086500000|100%| O|  |TAMS 0x0000000086400000, 0x0000000086500000| Untracked 
| 101|0x0000000086500000, 0x0000000086600000, 0x0000000086600000|100%| O|  |TAMS 0x0000000086600000, 0x0000000086600000| Untracked 
| 102|0x0000000086600000, 0x0000000086700000, 0x0000000086700000|100%| O|  |TAMS 0x0000000086700000, 0x0000000086700000| Untracked 
| 103|0x0000000086700000, 0x0000000086800000, 0x0000000086800000|100%| O|  |TAMS 0x0000000086800000, 0x0000000086800000| Untracked 
| 104|0x0000000086800000, 0x0000000086900000, 0x0000000086900000|100%|HS|  |TAMS 0x0000000086900000, 0x0000000086900000| Complete 
| 105|0x0000000086900000, 0x0000000086a00000, 0x0000000086a00000|100%|HC|  |TAMS 0x0000000086a00000, 0x0000000086a00000| Complete 
| 106|0x0000000086a00000, 0x0000000086b00000, 0x0000000086b00000|100%|HC|  |TAMS 0x0000000086b00000, 0x0000000086b00000| Complete 
| 107|0x0000000086b00000, 0x0000000086c00000, 0x0000000086c00000|100%|HC|  |TAMS 0x0000000086c00000, 0x0000000086c00000| Complete 
| 108|0x0000000086c00000, 0x0000000086d00000, 0x0000000086d00000|100%|HC|  |TAMS 0x0000000086d00000, 0x0000000086d00000| Complete 
| 109|0x0000000086d00000, 0x0000000086e00000, 0x0000000086e00000|100%|HC|  |TAMS 0x0000000086e00000, 0x0000000086e00000| Complete 
| 110|0x0000000086e00000, 0x0000000086f00000, 0x0000000086f00000|100%|HC|  |TAMS 0x0000000086f00000, 0x0000000086f00000| Complete 
| 111|0x0000000086f00000, 0x0000000087000000, 0x0000000087000000|100%|HC|  |TAMS 0x0000000087000000, 0x0000000087000000| Complete 
| 112|0x0000000087000000, 0x0000000087100000, 0x0000000087100000|100%| O|  |TAMS 0x0000000087100000, 0x0000000087100000| Untracked 
| 113|0x0000000087100000, 0x0000000087200000, 0x0000000087200000|100%| O|  |TAMS 0x0000000087200000, 0x0000000087200000| Untracked 
| 114|0x0000000087200000, 0x0000000087300000, 0x0000000087300000|100%| O|  |TAMS 0x0000000087300000, 0x0000000087300000| Untracked 
| 115|0x0000000087300000, 0x0000000087400000, 0x0000000087400000|100%| O|  |TAMS 0x0000000087400000, 0x0000000087400000| Untracked 
| 116|0x0000000087400000, 0x0000000087500000, 0x0000000087500000|100%| O|  |TAMS 0x0000000087500000, 0x0000000087500000| Untracked 
| 117|0x0000000087500000, 0x0000000087600000, 0x0000000087600000|100%| O|  |TAMS 0x0000000087600000, 0x0000000087600000| Untracked 
| 118|0x0000000087600000, 0x0000000087700000, 0x0000000087700000|100%| O|  |TAMS 0x0000000087700000, 0x0000000087700000| Untracked 
| 119|0x0000000087700000, 0x0000000087800000, 0x0000000087800000|100%| O|  |TAMS 0x0000000087700000, 0x0000000087800000| Untracked 
| 120|0x0000000087800000, 0x0000000087900000, 0x0000000087900000|100%|HS|  |TAMS 0x0000000087900000, 0x0000000087900000| Complete 
| 121|0x0000000087900000, 0x0000000087a00000, 0x0000000087a00000|100%|HC|  |TAMS 0x0000000087a00000, 0x0000000087a00000| Complete 
| 122|0x0000000087a00000, 0x0000000087b00000, 0x0000000087b00000|100%|HC|  |TAMS 0x0000000087b00000, 0x0000000087b00000| Complete 
| 123|0x0000000087b00000, 0x0000000087c00000, 0x0000000087c00000|100%|HC|  |TAMS 0x0000000087c00000, 0x0000000087c00000| Complete 
| 124|0x0000000087c00000, 0x0000000087d00000, 0x0000000087d00000|100%|HC|  |TAMS 0x0000000087d00000, 0x0000000087d00000| Complete 
| 125|0x0000000087d00000, 0x0000000087e00000, 0x0000000087e00000|100%|HC|  |TAMS 0x0000000087e00000, 0x0000000087e00000| Complete 
| 126|0x0000000087e00000, 0x0000000087f00000, 0x0000000087f00000|100%|HC|  |TAMS 0x0000000087f00000, 0x0000000087f00000| Complete 
| 127|0x0000000087f00000, 0x0000000088000000, 0x0000000088000000|100%|HC|  |TAMS 0x0000000088000000, 0x0000000088000000| Complete 
| 128|0x0000000088000000, 0x0000000088100000, 0x0000000088100000|100%| O|  |TAMS 0x0000000088100000, 0x0000000088100000| Untracked 
| 129|0x0000000088100000, 0x0000000088200000, 0x0000000088200000|100%| O|  |TAMS 0x0000000088200000, 0x0000000088200000| Untracked 
| 130|0x0000000088200000, 0x0000000088300000, 0x0000000088300000|100%| O|  |TAMS 0x0000000088300000, 0x0000000088300000| Untracked 
| 131|0x0000000088300000, 0x0000000088400000, 0x0000000088400000|100%| O|  |TAMS 0x0000000088400000, 0x0000000088400000| Untracked 
| 132|0x0000000088400000, 0x0000000088500000, 0x0000000088500000|100%| O|  |TAMS 0x0000000088500000, 0x0000000088500000| Untracked 
| 133|0x0000000088500000, 0x0000000088600000, 0x0000000088600000|100%| O|  |TAMS 0x0000000088600000, 0x0000000088600000| Untracked 
| 134|0x0000000088600000, 0x0000000088700000, 0x0000000088700000|100%| O|  |TAMS 0x0000000088600000, 0x0000000088700000| Untracked 
| 135|0x0000000088700000, 0x0000000088800000, 0x0000000088800000|100%| O|  |TAMS 0x0000000088700000, 0x0000000088800000| Untracked 
| 136|0x0000000088800000, 0x0000000088900000, 0x0000000088900000|100%| O|  |TAMS 0x0000000088800000, 0x0000000088900000| Untracked 
| 137|0x0000000088900000, 0x0000000088a00000, 0x0000000088a00000|100%| O|  |TAMS 0x0000000088900000, 0x0000000088a00000| Untracked 
| 138|0x0000000088a00000, 0x0000000088b00000, 0x0000000088b00000|100%| O|  |TAMS 0x0000000088a00000, 0x0000000088b00000| Untracked 
| 139|0x0000000088b00000, 0x0000000088c00000, 0x0000000088c00000|100%| O|  |TAMS 0x0000000088b00000, 0x0000000088c00000| Untracked 
| 140|0x0000000088c00000, 0x0000000088d00000, 0x0000000088d00000|100%| O|  |TAMS 0x0000000088c00000, 0x0000000088d00000| Untracked 
| 141|0x0000000088d00000, 0x0000000088e00000, 0x0000000088e00000|100%| O|  |TAMS 0x0000000088d00000, 0x0000000088e00000| Untracked 
| 142|0x0000000088e00000, 0x0000000088f00000, 0x0000000088f00000|100%| O|  |TAMS 0x0000000088e00000, 0x0000000088f00000| Untracked 
| 143|0x0000000088f00000, 0x0000000089000000, 0x0000000089000000|100%| O|  |TAMS 0x0000000088f00000, 0x0000000089000000| Untracked 
| 144|0x0000000089000000, 0x0000000089100000, 0x0000000089100000|100%| O|  |TAMS 0x0000000089000000, 0x0000000089100000| Untracked 
| 145|0x0000000089100000, 0x0000000089200000, 0x0000000089200000|100%| O|  |TAMS 0x0000000089100000, 0x0000000089200000| Untracked 
| 146|0x0000000089200000, 0x0000000089300000, 0x0000000089300000|100%| O|  |TAMS 0x0000000089200000, 0x0000000089300000| Untracked 
| 147|0x0000000089300000, 0x0000000089400000, 0x0000000089400000|100%| O|  |TAMS 0x0000000089300000, 0x0000000089400000| Untracked 
| 148|0x0000000089400000, 0x0000000089500000, 0x0000000089500000|100%| O|  |TAMS 0x0000000089400000, 0x0000000089500000| Untracked 
| 149|0x0000000089500000, 0x0000000089600000, 0x0000000089600000|100%| O|  |TAMS 0x0000000089500000, 0x0000000089600000| Untracked 
| 150|0x0000000089600000, 0x0000000089700000, 0x0000000089700000|100%| O|  |TAMS 0x0000000089600000, 0x0000000089700000| Untracked 
| 151|0x0000000089700000, 0x0000000089800000, 0x0000000089800000|100%|HS|  |TAMS 0x0000000089700000, 0x0000000089800000| Complete 
| 152|0x0000000089800000, 0x0000000089900000, 0x0000000089900000|100%|HS|  |TAMS 0x0000000089800000, 0x0000000089900000| Complete 
| 153|0x0000000089900000, 0x0000000089a00000, 0x0000000089a00000|100%| O|  |TAMS 0x0000000089900000, 0x0000000089a00000| Untracked 
| 154|0x0000000089a00000, 0x0000000089b00000, 0x0000000089b00000|100%| O|  |TAMS 0x0000000089a00000, 0x0000000089b00000| Untracked 
| 155|0x0000000089b00000, 0x0000000089c00000, 0x0000000089c00000|100%| O|  |TAMS 0x0000000089b00000, 0x0000000089c00000| Untracked 
| 156|0x0000000089c00000, 0x0000000089d00000, 0x0000000089d00000|100%| O|  |TAMS 0x0000000089c00000, 0x0000000089d00000| Untracked 
| 157|0x0000000089d00000, 0x0000000089e00000, 0x0000000089e00000|100%| O|  |TAMS 0x0000000089d00000, 0x0000000089e00000| Untracked 
| 158|0x0000000089e00000, 0x0000000089f00000, 0x0000000089f00000|100%| O|  |TAMS 0x0000000089e00000, 0x0000000089f00000| Untracked 
| 159|0x0000000089f00000, 0x000000008a000000, 0x000000008a000000|100%| O|  |TAMS 0x0000000089f00000, 0x000000008a000000| Untracked 
| 160|0x000000008a000000, 0x000000008a100000, 0x000000008a100000|100%| O|  |TAMS 0x000000008a000000, 0x000000008a100000| Untracked 
| 161|0x000000008a100000, 0x000000008a200000, 0x000000008a200000|100%| O|  |TAMS 0x000000008a100000, 0x000000008a200000| Untracked 
| 162|0x000000008a200000, 0x000000008a300000, 0x000000008a300000|100%| O|  |TAMS 0x000000008a200000, 0x000000008a300000| Untracked 
| 163|0x000000008a300000, 0x000000008a400000, 0x000000008a400000|100%| O|  |TAMS 0x000000008a300000, 0x000000008a400000| Untracked 
| 164|0x000000008a400000, 0x000000008a500000, 0x000000008a500000|100%| O|  |TAMS 0x000000008a400000, 0x000000008a500000| Untracked 
| 165|0x000000008a500000, 0x000000008a600000, 0x000000008a600000|100%| O|  |TAMS 0x000000008a500000, 0x000000008a600000| Untracked 
| 166|0x000000008a600000, 0x000000008a700000, 0x000000008a700000|100%| O|  |TAMS 0x000000008a600000, 0x000000008a700000| Untracked 
| 167|0x000000008a700000, 0x000000008a800000, 0x000000008a800000|100%| O|  |TAMS 0x000000008a700000, 0x000000008a7efc00| Untracked 
| 168|0x000000008a800000, 0x000000008a900000, 0x000000008a900000|100%| O|  |TAMS 0x000000008a800000, 0x000000008a800000| Untracked 
| 169|0x000000008a900000, 0x000000008aa00000, 0x000000008aa00000|100%| O|  |TAMS 0x000000008a900000, 0x000000008a900000| Untracked 
| 170|0x000000008aa00000, 0x000000008ab00000, 0x000000008ab00000|100%| O|  |TAMS 0x000000008aa00000, 0x000000008aa00000| Untracked 
| 171|0x000000008ab00000, 0x000000008ac00000, 0x000000008ac00000|100%| O|  |TAMS 0x000000008ab00000, 0x000000008ab00000| Untracked 
| 172|0x000000008ac00000, 0x000000008acd6c00, 0x000000008ad00000| 83%| O|  |TAMS 0x000000008ac00000, 0x000000008ac00000| Untracked 
| 173|0x000000008ad00000, 0x000000008ad00000, 0x000000008ae00000|  0%| F|  |TAMS 0x000000008ad00000, 0x000000008ad00000| Untracked 
| 174|0x000000008ae00000, 0x000000008ae00000, 0x000000008af00000|  0%| F|  |TAMS 0x000000008ae00000, 0x000000008ae00000| Untracked 
| 175|0x000000008af00000, 0x000000008af00000, 0x000000008b000000|  0%| F|  |TAMS 0x000000008af00000, 0x000000008af00000| Untracked 
| 176|0x000000008b000000, 0x000000008b000000, 0x000000008b100000|  0%| F|  |TAMS 0x000000008b000000, 0x000000008b000000| Untracked 
| 177|0x000000008b100000, 0x000000008b100000, 0x000000008b200000|  0%| F|  |TAMS 0x000000008b100000, 0x000000008b100000| Untracked 
| 178|0x000000008b200000, 0x000000008b200000, 0x000000008b300000|  0%| F|  |TAMS 0x000000008b200000, 0x000000008b200000| Untracked 
| 179|0x000000008b300000, 0x000000008b300000, 0x000000008b400000|  0%| F|  |TAMS 0x000000008b300000, 0x000000008b300000| Untracked 
| 180|0x000000008b400000, 0x000000008b400000, 0x000000008b500000|  0%| F|  |TAMS 0x000000008b400000, 0x000000008b400000| Untracked 
| 181|0x000000008b500000, 0x000000008b500000, 0x000000008b600000|  0%| F|  |TAMS 0x000000008b500000, 0x000000008b500000| Untracked 
| 182|0x000000008b600000, 0x000000008b600000, 0x000000008b700000|  0%| F|  |TAMS 0x000000008b600000, 0x000000008b600000| Untracked 
| 183|0x000000008b700000, 0x000000008b700000, 0x000000008b800000|  0%| F|  |TAMS 0x000000008b700000, 0x000000008b700000| Untracked 
| 184|0x000000008b800000, 0x000000008b800000, 0x000000008b900000|  0%| F|  |TAMS 0x000000008b800000, 0x000000008b800000| Untracked 
| 185|0x000000008b900000, 0x000000008ba00000, 0x000000008ba00000|100%| O|  |TAMS 0x000000008ba00000, 0x000000008ba00000| Untracked 
| 186|0x000000008ba00000, 0x000000008bb00000, 0x000000008bb00000|100%| O|  |TAMS 0x000000008bb00000, 0x000000008bb00000| Untracked 
| 187|0x000000008bb00000, 0x000000008bc00000, 0x000000008bc00000|100%| O|  |TAMS 0x000000008bc00000, 0x000000008bc00000| Untracked 
| 188|0x000000008bc00000, 0x000000008bd00000, 0x000000008bd00000|100%| O|  |TAMS 0x000000008bd00000, 0x000000008bd00000| Untracked 
| 189|0x000000008bd00000, 0x000000008be00000, 0x000000008be00000|100%| O|  |TAMS 0x000000008be00000, 0x000000008be00000| Untracked 
| 190|0x000000008be00000, 0x000000008be00000, 0x000000008bf00000|  0%| F|  |TAMS 0x000000008be00000, 0x000000008be00000| Untracked 
| 191|0x000000008bf00000, 0x000000008bf00000, 0x000000008c000000|  0%| F|  |TAMS 0x000000008bf00000, 0x000000008bf00000| Untracked 
| 192|0x000000008c000000, 0x000000008c000000, 0x000000008c100000|  0%| F|  |TAMS 0x000000008c000000, 0x000000008c000000| Untracked 
| 193|0x000000008c100000, 0x000000008c100000, 0x000000008c200000|  0%| F|  |TAMS 0x000000008c100000, 0x000000008c100000| Untracked 
| 194|0x000000008c200000, 0x000000008c200000, 0x000000008c300000|  0%| F|  |TAMS 0x000000008c200000, 0x000000008c200000| Untracked 
| 195|0x000000008c300000, 0x000000008c300000, 0x000000008c400000|  0%| F|  |TAMS 0x000000008c300000, 0x000000008c300000| Untracked 
| 196|0x000000008c400000, 0x000000008c400000, 0x000000008c500000|  0%| F|  |TAMS 0x000000008c400000, 0x000000008c400000| Untracked 
| 197|0x000000008c500000, 0x000000008c500000, 0x000000008c600000|  0%| F|  |TAMS 0x000000008c500000, 0x000000008c500000| Untracked 
| 198|0x000000008c600000, 0x000000008c600000, 0x000000008c700000|  0%| F|  |TAMS 0x000000008c600000, 0x000000008c600000| Untracked 
| 199|0x000000008c700000, 0x000000008c700000, 0x000000008c800000|  0%| F|  |TAMS 0x000000008c700000, 0x000000008c700000| Untracked 
| 200|0x000000008c800000, 0x000000008c800000, 0x000000008c900000|  0%| F|  |TAMS 0x000000008c800000, 0x000000008c800000| Untracked 
| 201|0x000000008c900000, 0x000000008c900000, 0x000000008ca00000|  0%| F|  |TAMS 0x000000008c900000, 0x000000008c900000| Untracked 
| 202|0x000000008ca00000, 0x000000008ca00000, 0x000000008cb00000|  0%| F|  |TAMS 0x000000008ca00000, 0x000000008ca00000| Untracked 
| 203|0x000000008cb00000, 0x000000008cb00000, 0x000000008cc00000|  0%| F|  |TAMS 0x000000008cb00000, 0x000000008cb00000| Untracked 
| 204|0x000000008cc00000, 0x000000008cc00000, 0x000000008cd00000|  0%| F|  |TAMS 0x000000008cc00000, 0x000000008cc00000| Untracked 
| 205|0x000000008cd00000, 0x000000008cd00000, 0x000000008ce00000|  0%| F|  |TAMS 0x000000008cd00000, 0x000000008cd00000| Untracked 
| 206|0x000000008ce00000, 0x000000008ce00000, 0x000000008cf00000|  0%| F|  |TAMS 0x000000008ce00000, 0x000000008ce00000| Untracked 
| 207|0x000000008cf00000, 0x000000008cf00000, 0x000000008d000000|  0%| F|  |TAMS 0x000000008cf00000, 0x000000008cf00000| Untracked 
| 208|0x000000008d000000, 0x000000008d000000, 0x000000008d100000|  0%| F|  |TAMS 0x000000008d000000, 0x000000008d000000| Untracked 
| 209|0x000000008d100000, 0x000000008d100000, 0x000000008d200000|  0%| F|  |TAMS 0x000000008d100000, 0x000000008d100000| Untracked 
| 210|0x000000008d200000, 0x000000008d200000, 0x000000008d300000|  0%| F|  |TAMS 0x000000008d200000, 0x000000008d200000| Untracked 
| 211|0x000000008d300000, 0x000000008d400000, 0x000000008d400000|100%| S|CS|TAMS 0x000000008d300000, 0x000000008d300000| Complete 
| 212|0x000000008d400000, 0x000000008d500000, 0x000000008d500000|100%| S|CS|TAMS 0x000000008d400000, 0x000000008d400000| Complete 
| 213|0x000000008d500000, 0x000000008d600000, 0x000000008d600000|100%| S|CS|TAMS 0x000000008d500000, 0x000000008d500000| Complete 
| 214|0x000000008d600000, 0x000000008d600000, 0x000000008d700000|  0%| F|  |TAMS 0x000000008d600000, 0x000000008d600000| Untracked 
| 215|0x000000008d700000, 0x000000008d700000, 0x000000008d800000|  0%| F|  |TAMS 0x000000008d700000, 0x000000008d700000| Untracked 
| 216|0x000000008d800000, 0x000000008d800000, 0x000000008d900000|  0%| F|  |TAMS 0x000000008d800000, 0x000000008d800000| Untracked 
| 217|0x000000008d900000, 0x000000008d900000, 0x000000008da00000|  0%| F|  |TAMS 0x000000008d900000, 0x000000008d900000| Untracked 
| 218|0x000000008da00000, 0x000000008da00000, 0x000000008db00000|  0%| F|  |TAMS 0x000000008da00000, 0x000000008da00000| Untracked 
| 219|0x000000008db00000, 0x000000008db00000, 0x000000008dc00000|  0%| F|  |TAMS 0x000000008db00000, 0x000000008db00000| Untracked 
| 220|0x000000008dc00000, 0x000000008dc00000, 0x000000008dd00000|  0%| F|  |TAMS 0x000000008dc00000, 0x000000008dc00000| Untracked 
| 221|0x000000008dd00000, 0x000000008dd00000, 0x000000008de00000|  0%| F|  |TAMS 0x000000008dd00000, 0x000000008dd00000| Untracked 
| 222|0x000000008de00000, 0x000000008de00000, 0x000000008df00000|  0%| F|  |TAMS 0x000000008de00000, 0x000000008de00000| Untracked 
| 223|0x000000008df00000, 0x000000008df00000, 0x000000008e000000|  0%| F|  |TAMS 0x000000008df00000, 0x000000008df00000| Untracked 
| 224|0x000000008e000000, 0x000000008e000000, 0x000000008e100000|  0%| F|  |TAMS 0x000000008e000000, 0x000000008e000000| Untracked 
| 225|0x000000008e100000, 0x000000008e100000, 0x000000008e200000|  0%| F|  |TAMS 0x000000008e100000, 0x000000008e100000| Untracked 
| 226|0x000000008e200000, 0x000000008e200000, 0x000000008e300000|  0%| F|  |TAMS 0x000000008e200000, 0x000000008e200000| Untracked 
| 227|0x000000008e300000, 0x000000008e300000, 0x000000008e400000|  0%| F|  |TAMS 0x000000008e300000, 0x000000008e300000| Untracked 

Card table byte_map: [0x00000278a4d60000,0x00000278a5160000] _byte_map_base: 0x00000278a4960000

Marking Bits (Prev, Next): (CMBitMap*) 0x0000027890214f28, (CMBitMap*) 0x0000027890214f60
 Prev Bits: [0x00000278a5560000, 0x00000278a7560000)
 Next Bits: [0x00000278a7560000, 0x00000278a9560000)

Polling page: 0x000002788fff0000

Metaspace:

Usage:
  Non-class:     92.06 MB capacity,    90.38 MB ( 98%) used,     1.38 MB (  2%) free+waste,   306.69 KB ( <1%) overhead. 
      Class:     14.10 MB capacity,    13.18 MB ( 93%) used,   807.70 KB (  6%) free+waste,   138.25 KB ( <1%) overhead. 
       Both:    106.17 MB capacity,   103.56 MB ( 98%) used,     2.17 MB (  2%) free+waste,   444.94 KB ( <1%) overhead. 

Virtual space:
  Non-class space:       94.00 MB reserved,      92.20 MB ( 98%) committed 
      Class space:        1.00 GB reserved,      14.25 MB (  1%) committed 
             Both:        1.09 GB reserved,     106.45 MB ( 10%) committed 

Chunk freelists:
   Non-Class:  138.00 KB
       Class:  89.00 KB
        Both:  227.00 KB

MaxMetaspaceSize: 17179869184.00 GB
CompressedClassSpaceSize: 1.00 GB

CodeHeap 'non-profiled nmethods': size=120064Kb used=9497Kb max_used=9497Kb free=110566Kb
 bounds [0x000002789ce00000, 0x000002789d750000, 0x00000278a4340000]
CodeHeap 'profiled nmethods': size=120000Kb used=34589Kb max_used=34589Kb free=85411Kb
 bounds [0x00000278958d0000, 0x0000027897aa0000, 0x000002789ce00000]
CodeHeap 'non-nmethods': size=5696Kb used=2302Kb max_used=2379Kb free=3393Kb
 bounds [0x0000027895340000, 0x00000278955b0000, 0x00000278958d0000]
 total_blobs=16037 nmethods=15123 adapters=824
 compilation: enabled
              stopped_count=0, restarted_count=0
 full_count=0

Compilation events (20 events):
Event: 35.388 Thread 0x00000278ac503800 nmethod 15912 0x0000027897a9a910 code [0x0000027897a9aac0, 0x0000027897a9abb8]
Event: 35.389 Thread 0x00000278ae90b000 nmethod 15909 0x000002789d741e10 code [0x000002789d741fa0, 0x000002789d742198]
Event: 35.389 Thread 0x00000278ae90b000 15903       4       com.android.tools.r8.code.j2::a (1 bytes)
Event: 35.389 Thread 0x00000278ae90b000 nmethod 15903 0x000002789d742210 code [0x000002789d7423a0, 0x000002789d7423f8]
Event: 35.392 Thread 0x00000278ac503800 15913       3       com.android.tools.r8.graph.J::m0 (49 bytes)
Event: 35.392 Thread 0x00000278ac503800 nmethod 15913 0x0000027897a9ac90 code [0x0000027897a9aea0, 0x0000027897a9b428]
Event: 35.393 Thread 0x00000278ac503800 15914       3       com.android.tools.r8.graph.J::W (49 bytes)
Event: 35.394 Thread 0x00000278ac503800 nmethod 15914 0x0000027897a9b610 code [0x0000027897a9b820, 0x0000027897a9bda8]
Event: 35.396 Thread 0x00000278ae90b000 15915       4       com.android.tools.r8.graph.f0::c (62 bytes)
Event: 35.401 Thread 0x00000278ae90b000 nmethod 15915 0x000002789d742490 code [0x000002789d742640, 0x000002789d742b38]
Event: 35.401 Thread 0x00000278ae90b000 15916       4       java.util.stream.Nodes::builder (8 bytes)
Event: 35.403 Thread 0x00000278ac503800 15917       3       com.android.tools.r8.code.f::a (1 bytes)
Event: 35.403 Thread 0x00000278ac503800 nmethod 15917 0x0000027897a9bf90 code [0x0000027897a9c140, 0x0000027897a9c238]
Event: 35.404 Thread 0x00000278ae90b000 nmethod 15916 0x000002789d742e10 code [0x000002789d742fc0, 0x000002789d743198]
Event: 35.405 Thread 0x00000278ac4f7000 nmethod 15895 0x000002789d743290 code [0x000002789d7435c0, 0x000002789d744668]
Event: 35.408 Thread 0x00000278ae90b000 15918       4       com.android.tools.r8.graph.n0$$Lambda$1195/0x0000000100d50040::accept (16 bytes)
Event: 35.409 Thread 0x00000278ac503800 15919       3       com.android.tools.r8.graph.t0$i::a (12 bytes)
Event: 35.409 Thread 0x00000278ac503800 nmethod 15919 0x0000027897a9c310 code [0x0000027897a9c4e0, 0x0000027897a9c708]
Event: 35.414 Thread 0x00000278ac503800 15920       3       com.android.tools.r8.code.M2::a (1 bytes)
Event: 35.415 Thread 0x00000278ac503800 nmethod 15920 0x0000027897a9c810 code [0x0000027897a9c9c0, 0x0000027897a9cab8]

GC Heap History (20 events):
Event: 31.710 GC heap after
{Heap after GC invocations=27 (full 0):
 garbage-first heap   total 189440K, used 111561K [0x0000000080000000, 0x0000000100000000)
  region size 1024K, 6 young (6144K), 6 survivors (6144K)
 Metaspace       used 104559K, capacity 107258K, committed 107468K, reserved 1142784K
  class space    used 13329K, capacity 14325K, committed 14336K, reserved 1048576K
}
Event: 32.328 GC heap before
{Heap before GC invocations=28 (full 0):
 garbage-first heap   total 189440K, used 115657K [0x0000000080000000, 0x0000000100000000)
  region size 1024K, 11 young (11264K), 6 survivors (6144K)
 Metaspace       used 104817K, capacity 107489K, committed 107852K, reserved 1142784K
  class space    used 13336K, capacity 14327K, committed 14464K, reserved 1048576K
}
Event: 32.338 GC heap after
{Heap after GC invocations=29 (full 0):
 garbage-first heap   total 189440K, used 104675K [0x0000000080000000, 0x0000000100000000)
  region size 1024K, 1 young (1024K), 1 survivors (1024K)
 Metaspace       used 104817K, capacity 107489K, committed 107852K, reserved 1142784K
  class space    used 13336K, capacity 14327K, committed 14464K, reserved 1048576K
}
Event: 32.975 GC heap before
{Heap before GC invocations=30 (full 0):
 garbage-first heap   total 189440K, used 174307K [0x0000000080000000, 0x0000000100000000)
  region size 1024K, 45 young (46080K), 1 survivors (1024K)
 Metaspace       used 105118K, capacity 107817K, committed 108108K, reserved 1142784K
  class space    used 13372K, capacity 14372K, committed 14464K, reserved 1048576K
}
Event: 33.013 GC heap after
{Heap after GC invocations=31 (full 0):
 garbage-first heap   total 194560K, used 137712K [0x0000000080000000, 0x0000000100000000)
  region size 1024K, 6 young (6144K), 6 survivors (6144K)
 Metaspace       used 105118K, capacity 107817K, committed 108108K, reserved 1142784K
  class space    used 13372K, capacity 14372K, committed 14464K, reserved 1048576K
}
Event: 33.077 GC heap before
{Heap before GC invocations=31 (full 0):
 garbage-first heap   total 194560K, used 140784K [0x0000000080000000, 0x0000000100000000)
  region size 1024K, 9 young (9216K), 6 survivors (6144K)
 Metaspace       used 105686K, capacity 108432K, committed 108748K, reserved 1142784K
  class space    used 13526K, capacity 14514K, committed 14592K, reserved 1048576K
}
Event: 33.102 GC heap after
{Heap after GC invocations=32 (full 0):
 garbage-first heap   total 194560K, used 129125K [0x0000000080000000, 0x0000000100000000)
  region size 1024K, 2 young (2048K), 2 survivors (2048K)
 Metaspace       used 105686K, capacity 108432K, committed 108748K, reserved 1142784K
  class space    used 13526K, capacity 14514K, committed 14592K, reserved 1048576K
}
Event: 33.562 GC heap before
{Heap before GC invocations=32 (full 0):
 garbage-first heap   total 194560K, used 156773K [0x0000000080000000, 0x0000000100000000)
  region size 1024K, 30 young (30720K), 2 survivors (2048K)
 Metaspace       used 105995K, capacity 108704K, committed 109004K, reserved 1144832K
  class space    used 13531K, capacity 14515K, committed 14592K, reserved 1048576K
}
Event: 33.587 GC heap after
{Heap after GC invocations=33 (full 0):
 garbage-first heap   total 194560K, used 145408K [0x0000000080000000, 0x0000000100000000)
  region size 1024K, 4 young (4096K), 4 survivors (4096K)
 Metaspace       used 105995K, capacity 108704K, committed 109004K, reserved 1144832K
  class space    used 13531K, capacity 14515K, committed 14592K, reserved 1048576K
}
Event: 33.981 GC heap before
{Heap before GC invocations=33 (full 0):
 garbage-first heap   total 194560K, used 160768K [0x0000000080000000, 0x0000000100000000)
  region size 1024K, 19 young (19456K), 4 survivors (4096K)
 Metaspace       used 106001K, capacity 108704K, committed 109004K, reserved 1144832K
  class space    used 13531K, capacity 14515K, committed 14592K, reserved 1048576K
}
Event: 34.005 GC heap after
{Heap after GC invocations=34 (full 0):
 garbage-first heap   total 194560K, used 154624K [0x0000000080000000, 0x0000000100000000)
  region size 1024K, 3 young (3072K), 3 survivors (3072K)
 Metaspace       used 106001K, capacity 108704K, committed 109004K, reserved 1144832K
  class space    used 13531K, capacity 14515K, committed 14592K, reserved 1048576K
}
Event: 34.197 GC heap before
{Heap before GC invocations=34 (full 0):
 garbage-first heap   total 194560K, used 162816K [0x0000000080000000, 0x0000000100000000)
  region size 1024K, 12 young (12288K), 3 survivors (3072K)
 Metaspace       used 105888K, capacity 108497K, committed 109004K, reserved 1144832K
  class space    used 13486K, capacity 14435K, committed 14592K, reserved 1048576K
}
Event: 34.214 GC heap after
{Heap after GC invocations=35 (full 0):
 garbage-first heap   total 233472K, used 161769K [0x0000000080000000, 0x0000000100000000)
  region size 1024K, 2 young (2048K), 2 survivors (2048K)
 Metaspace       used 105888K, capacity 108497K, committed 109004K, reserved 1144832K
  class space    used 13486K, capacity 14435K, committed 14592K, reserved 1048576K
}
Event: 34.468 GC heap before
{Heap before GC invocations=36 (full 0):
 garbage-first heap   total 233472K, used 186345K [0x0000000080000000, 0x0000000100000000)
  region size 1024K, 24 young (24576K), 2 survivors (2048K)
 Metaspace       used 105972K, capacity 108577K, committed 109004K, reserved 1144832K
  class space    used 13491K, capacity 14437K, committed 14592K, reserved 1048576K
}
Event: 34.490 GC heap after
{Heap after GC invocations=37 (full 0):
 garbage-first heap   total 233472K, used 174777K [0x0000000080000000, 0x0000000100000000)
  region size 1024K, 3 young (3072K), 3 survivors (3072K)
 Metaspace       used 105972K, capacity 108577K, committed 109004K, reserved 1144832K
  class space    used 13491K, capacity 14437K, committed 14592K, reserved 1048576K
}
Event: 34.691 GC heap before
{Heap before GC invocations=37 (full 0):
 garbage-first heap   total 233472K, used 182969K [0x0000000080000000, 0x0000000100000000)
  region size 1024K, 11 young (11264K), 3 survivors (3072K)
 Metaspace       used 105983K, capacity 108584K, committed 109004K, reserved 1144832K
  class space    used 13492K, capacity 14439K, committed 14592K, reserved 1048576K
}
Event: 34.714 GC heap after
{Heap after GC invocations=38 (full 0):
 garbage-first heap   total 233472K, used 175104K [0x0000000080000000, 0x0000000100000000)
  region size 1024K, 2 young (2048K), 2 survivors (2048K)
 Metaspace       used 105983K, capacity 108584K, committed 109004K, reserved 1144832K
  class space    used 13492K, capacity 14439K, committed 14592K, reserved 1048576K
}
Event: 35.087 GC heap before
{Heap before GC invocations=38 (full 0):
 garbage-first heap   total 233472K, used 189440K [0x0000000080000000, 0x0000000100000000)
  region size 1024K, 17 young (17408K), 2 survivors (2048K)
 Metaspace       used 106031K, capacity 108649K, committed 109004K, reserved 1144832K
  class space    used 13492K, capacity 14439K, committed 14592K, reserved 1048576K
}
Event: 35.106 GC heap after
{Heap after GC invocations=39 (full 0):
 garbage-first heap   total 233472K, used 180159K [0x0000000080000000, 0x0000000100000000)
  region size 1024K, 3 young (3072K), 3 survivors (3072K)
 Metaspace       used 106031K, capacity 108649K, committed 109004K, reserved 1144832K
  class space    used 13492K, capacity 14439K, committed 14592K, reserved 1048576K
}
Event: 35.417 GC heap before
{Heap before GC invocations=39 (full 0):
 garbage-first heap   total 233472K, used 194495K [0x0000000080000000, 0x0000000100000000)
  region size 1024K, 17 young (17408K), 3 survivors (3072K)
 Metaspace       used 106046K, capacity 108713K, committed 109004K, reserved 1144832K
  class space    used 13493K, capacity 14439K, committed 14592K, reserved 1048576K
}

Deoptimization events (20 events):
Event: 34.884 Thread 0x00000278b2fbb800 DEOPT PACKING pc=0x0000027897a5f8ce sp=0x000000d8c0cfec50
Event: 34.884 Thread 0x00000278b2fbb800 DEOPT UNPACKING pc=0x00000278953672ce sp=0x000000d8c0cfe110 mode 0
Event: 34.886 Thread 0x00000278b2fb2800 DEOPT PACKING pc=0x0000027897a5f8ce sp=0x000000d8c0bfeb00
Event: 34.886 Thread 0x00000278b2fb2800 DEOPT UNPACKING pc=0x00000278953672ce sp=0x000000d8c0bfdfc0 mode 0
Event: 34.889 Thread 0x00000278b2fb2800 DEOPT PACKING pc=0x0000027897a5f8ce sp=0x000000d8c0bfeb00
Event: 34.889 Thread 0x00000278b2fb2800 DEOPT UNPACKING pc=0x00000278953672ce sp=0x000000d8c0bfdfc0 mode 0
Event: 34.890 Thread 0x00000278b2fb2800 DEOPT PACKING pc=0x0000027897a5f8ce sp=0x000000d8c0bfeb00
Event: 34.890 Thread 0x00000278b2fb2800 DEOPT UNPACKING pc=0x00000278953672ce sp=0x000000d8c0bfdfc0 mode 0
Event: 34.892 Thread 0x00000278b2fb2800 DEOPT PACKING pc=0x0000027897a5f8ce sp=0x000000d8c0bfeb00
Event: 34.892 Thread 0x00000278b2fb2800 DEOPT UNPACKING pc=0x00000278953672ce sp=0x000000d8c0bfdfc0 mode 0
Event: 34.940 Thread 0x00000278b2fae800 Uncommon trap: trap_request=0xffffffe4 fr.pc=0x000002789d648c4c relative=0x000000000000020c
Event: 34.940 Thread 0x00000278b2fae800 Uncommon trap: reason=range_check action=make_not_entrant pc=0x000002789d648c4c method=com.android.tools.r8.graph.q0.b(Lcom/android/tools/r8/graph/q0;)I @ 9 c2
Event: 34.940 Thread 0x00000278b2fae800 DEOPT PACKING pc=0x000002789d648c4c sp=0x000000d8c01fd200
Event: 34.940 Thread 0x00000278b2fae800 DEOPT UNPACKING pc=0x00000278953674af sp=0x000000d8c01fd188 mode 2
Event: 34.946 Thread 0x00000278b2fae800 DEOPT PACKING pc=0x000002789779525a sp=0x000000d8c01fd2e0
Event: 34.946 Thread 0x00000278b2fae800 DEOPT UNPACKING pc=0x00000278953672ce sp=0x000000d8c01fc7f0 mode 0
Event: 35.018 Thread 0x00000278b2fae800 DEOPT PACKING pc=0x00000278970bd5e6 sp=0x000000d8c01fcf60
Event: 35.018 Thread 0x00000278b2fae800 DEOPT UNPACKING pc=0x00000278953672ce sp=0x000000d8c01fc3f0 mode 0
Event: 35.320 Thread 0x00000278b2fae800 DEOPT PACKING pc=0x00000278979de629 sp=0x000000d8c01fd650
Event: 35.320 Thread 0x00000278b2fae800 DEOPT UNPACKING pc=0x00000278953672ce sp=0x000000d8c01fcaf8 mode 0

Classes redefined (0 events):
No events

Internal exceptions (20 events):
Event: 28.998 Thread 0x00000278b2fb0800 Exception <a 'java/lang/NoSuchMethodError'{0x000000008880c608}: 'java.lang.Object java.lang.invoke.DirectMethodHandle$Holder.newInvokeSpecial(java.lang.Object, int)'> (0x000000008880c608) thrown at [./src/hotspot/share/interpreter/linkResolver.cpp, line 773]
Event: 29.087 Thread 0x00000278b2fae800 Exception <a 'java/lang/NoSuchMethodError'{0x000000008831e0f0}: 'void java.lang.invoke.DirectMethodHandle$Holder.invokeStatic(java.lang.Object, java.lang.Object, java.lang.Object, int)'> (0x000000008831e0f0) thrown at [./src/hotspot/share/interpreter/linkResolver.cpp, line 773]
Event: 29.093 Thread 0x00000278b2fae800 Exception <a 'java/lang/IncompatibleClassChangeError'{0x00000000883262a0}: Found class java.lang.Object, but interface was expected> (0x00000000883262a0) thrown at [./src/hotspot/share/interpreter/linkResolver.cpp, line 839]
Event: 29.552 Thread 0x00000278b2fb4000 Exception <a 'java/lang/NoSuchMethodError'{0x000000008b8ff1e0}: 'void java.lang.invoke.DirectMethodHandle$Holder.invokeStaticInit(java.lang.Object, java.lang.Object, java.lang.Object, java.lang.Object, java.lang.Object)'> (0x000000008b8ff1e0) thrown at [./src/hotspot/share/interpreter/linkResolver.cpp, line 773]
Event: 29.555 Thread 0x00000278b293f800 Exception <a 'java/lang/NoSuchMethodError'{0x000000008b749040}: 'void java.lang.invoke.DirectMethodHandle$Holder.invokeStaticInit(java.lang.Object, java.lang.Object, java.lang.Object, java.lang.Object, java.lang.Object)'> (0x000000008b749040) thrown at [./src/hotspot/share/interpreter/linkResolver.cpp, line 773]
Event: 29.647 Thread 0x00000278b2fb0800 Exception <a 'java/lang/NoSuchMethodError'{0x000000008b813408}: 'java.lang.Object java.lang.invoke.DirectMethodHandle$Holder.invokeStatic(java.lang.Object, int, java.lang.Object, java.lang.Object)'> (0x000000008b813408) thrown at [./src/hotspot/share/interpreter/linkResolver.cpp, line 773]
Event: 29.673 Thread 0x00000278b293f800 Exception <a 'java/lang/NoSuchMethodError'{0x000000008b535268}: 'void java.lang.invoke.DirectMethodHandle$Holder.invokeSpecial(java.lang.Object, java.lang.Object, int, java.lang.Object)'> (0x000000008b535268) thrown at [./src/hotspot/share/interpreter/linkResolver.cpp, line 773]
Event: 29.895 Thread 0x00000278b2fb0800 Exception <a 'java/lang/NoSuchMethodError'{0x000000008b22ba48}: 'java.lang.Object java.lang.invoke.DirectMethodHandle$Holder.invokeVirtual(java.lang.Object, java.lang.Object, int, java.lang.Object)'> (0x000000008b22ba48) thrown at [./src/hotspot/share/interpreter/linkResolver.cpp, line 773]
Event: 30.016 Thread 0x00000278b2fb0800 Exception <a 'java/lang/NoSuchMethodError'{0x000000008b2c6978}: 'void java.lang.invoke.DirectMethodHandle$Holder.invokeVirtual(java.lang.Object, java.lang.Object, int, java.lang.Object)'> (0x000000008b2c6978) thrown at [./src/hotspot/share/interpreter/linkResolver.cpp, line 773]
Event: 30.473 Thread 0x00000278b293f800 Exception <a 'java/lang/NoSuchMethodError'{0x0000000089dc8780}: 'java.lang.Object java.lang.invoke.DirectMethodHandle$Holder.invokeSpecial(java.lang.Object, java.lang.Object, java.lang.Object, java.lang.Object, java.lang.Object, java.lang.Object, java.lang.Object, java.lang.Object, java.lang.Object, java.lang.Object)'> (0x0000000089dc8780) thrown at [./src/hotspot/share/interpreter/linkResolver.cpp, line 773]
Event: 30.475 Thread 0x00000278b293f800 Exception <a 'java/lang/NoSuchMethodError'{0x0000000089dcc870}: 'java.lang.Object java.lang.invoke.Invokers$Holder.linkToTargetMethod(java.lang.Object, java.lang.Object, java.lang.Object, java.lang.Object, java.lang.Object, java.lang.Object, java.lang.Object, java.lang.Object, java.lang.Object)'> (0x0000000089dcc870) thrown at [./src/hotspot/share/interpreter/linkResolver.cpp, line 773]
Event: 30.738 Thread 0x00000278b293f800 Exception <a 'java/lang/NoSuchMethodError'{0x0000000089795658}: 'void java.lang.invoke.DirectMethodHandle$Holder.invokeVirtual(java.lang.Object, java.lang.Object, int)'> (0x0000000089795658) thrown at [./src/hotspot/share/interpreter/linkResolver.cpp, line 773]
Event: 30.792 Thread 0x00000278b2fae800 Exception <a 'sun/nio/fs/WindowsException'{0x00000000894526e0}> (0x00000000894526e0) thrown at [./src/hotspot/share/prims/jni.cpp, line 615]
Event: 30.857 Thread 0x00000278b293f800 Exception <a 'sun/nio/fs/WindowsException'{0x00000000897c2ef0}> (0x00000000897c2ef0) thrown at [./src/hotspot/share/prims/jni.cpp, line 615]
Event: 31.069 Thread 0x00000278b2fae800 Exception <a 'sun/nio/fs/WindowsException'{0x0000000088edc9e0}> (0x0000000088edc9e0) thrown at [./src/hotspot/share/prims/jni.cpp, line 615]
Event: 31.168 Thread 0x00000278b2fae800 Exception <a 'sun/nio/fs/WindowsException'{0x000000008b6bf910}> (0x000000008b6bf910) thrown at [./src/hotspot/share/prims/jni.cpp, line 615]
Event: 31.179 Thread 0x00000278b2fae800 Exception <a 'sun/nio/fs/WindowsException'{0x000000008b6c9c28}> (0x000000008b6c9c28) thrown at [./src/hotspot/share/prims/jni.cpp, line 615]
Event: 32.523 Thread 0x00000278b2fae800 Exception <a 'sun/nio/fs/WindowsException'{0x000000008b61d8d0}> (0x000000008b61d8d0) thrown at [./src/hotspot/share/prims/jni.cpp, line 615]
Event: 33.065 Thread 0x00000278b2fb2800 Exception <a 'java/lang/NoSuchMethodError'{0x000000008b63c028}: 'long java.lang.invoke.DirectMethodHandle$Holder.invokeStatic(java.lang.Object, java.lang.Object, java.lang.Object)'> (0x000000008b63c028) thrown at [./src/hotspot/share/interpreter/linkResolver.cpp, line 773]
Event: 33.065 Thread 0x00000278b2fb1800 Exception <a 'java/lang/NoSuchMethodError'{0x000000008b643290}: 'long java.lang.invoke.DirectMethodHandle$Holder.invokeStatic(java.lang.Object, java.lang.Object, java.lang.Object)'> (0x000000008b643290) thrown at [./src/hotspot/share/interpreter/linkResolver.cpp, line 773]

Events (20 events):
Event: 34.452 Executing coalesced safepoint VM operation: RevokeBias
Event: 34.452 Executing coalesced safepoint VM operation: RevokeBias done
Event: 34.452 Executing VM operation: BulkRevokeBias done
Event: 34.468 Executing VM operation: G1CollectForAllocation
Event: 34.490 Executing VM operation: G1CollectForAllocation done
Event: 34.614 loading class com/android/tools/r8/graph/v1
Event: 34.614 loading class com/android/tools/r8/graph/v1 done
Event: 34.614 loading class com/android/tools/r8/graph/e0
Event: 34.614 loading class com/android/tools/r8/graph/e0 done
Event: 34.614 loading class com/android/tools/r8/graph/v1
Event: 34.614 loading class com/android/tools/r8/graph/v1 done
Event: 34.668 Executing VM operation: RevokeBias
Event: 34.670 Executing VM operation: RevokeBias done
Event: 34.678 Executing VM operation: G1CollectForAllocation
Event: 34.714 Executing VM operation: G1CollectForAllocation done
Event: 35.087 Executing VM operation: G1CollectForAllocation
Event: 35.106 Executing VM operation: G1CollectForAllocation done
Event: 35.136 loading class com/android/tools/r8/graph/R0$a
Event: 35.136 loading class com/android/tools/r8/graph/R0$a done
Event: 35.416 Executing VM operation: G1CollectForAllocation


Dynamic libraries:
0x00007ff67d5b0000 - 0x00007ff67d5ba000 	E:\Program Files\Android\Android Studio\jre\bin\java.exe
0x00007fff18340000 - 0x00007fff18530000 	C:\Windows\SYSTEM32\ntdll.dll
0x00007ffecbad0000 - 0x00007ffecbb04000 	C:\Program Files\AVAST Software\Avast\x64\aswhooka.dll
0x00007fff16530000 - 0x00007fff165e2000 	C:\Windows\System32\KERNEL32.DLL
0x00007fff15490000 - 0x00007fff15735000 	C:\Windows\System32\KERNELBASE.dll
0x00007fff162f0000 - 0x00007fff163ea000 	C:\Windows\System32\ucrtbase.dll
0x00007ffeff7a0000 - 0x00007ffeff7b9000 	E:\Program Files\Android\Android Studio\jre\bin\jli.dll
0x00007fff165f0000 - 0x00007fff16784000 	C:\Windows\System32\USER32.dll
0x00007fff15a40000 - 0x00007fff15a61000 	C:\Windows\System32\win32u.dll
0x00007fff18130000 - 0x00007fff18156000 	C:\Windows\System32\GDI32.dll
0x00007fff15850000 - 0x00007fff159e6000 	C:\Windows\System32\gdi32full.dll
0x00007fff16200000 - 0x00007fff1629e000 	C:\Windows\System32\msvcp_win.dll
0x00007ffefe8a0000 - 0x00007ffefe8b7000 	E:\Program Files\Android\Android Studio\jre\bin\VCRUNTIME140.dll
0x00007fff02ec0000 - 0x00007fff03144000 	C:\Windows\WinSxS\amd64_microsoft.windows.common-controls_6595b64144ccf1df_6.0.18362.1256_none_9e7e379be45e40e2\COMCTL32.dll
0x00007fff167f0000 - 0x00007fff1688e000 	C:\Windows\System32\msvcrt.dll
0x00007fff179c0000 - 0x00007fff17cf6000 	C:\Windows\System32\combase.dll
0x00007fff17730000 - 0x00007fff17850000 	C:\Windows\System32\RPCRT4.dll
0x00007fff15400000 - 0x00007fff15481000 	C:\Windows\System32\bcryptPrimitives.dll
0x00007fff17d60000 - 0x00007fff17d8e000 	C:\Windows\System32\IMM32.DLL
0x00007ffedece0000 - 0x00007ffeded7d000 	E:\Program Files\Android\Android Studio\jre\bin\msvcp140.dll
0x00007ffeae6b0000 - 0x00007ffeaf16c000 	E:\Program Files\Android\Android Studio\jre\bin\server\jvm.dll
0x00007fff17ed0000 - 0x00007fff17f73000 	C:\Windows\System32\ADVAPI32.dll
0x00007fff17920000 - 0x00007fff179b7000 	C:\Windows\System32\sechost.dll
0x00007fff17230000 - 0x00007fff17238000 	C:\Windows\System32\PSAPI.DLL
0x00007ffee8170000 - 0x00007ffee8179000 	C:\Windows\SYSTEM32\WSOCK32.dll
0x00007fff17d90000 - 0x00007fff17dff000 	C:\Windows\System32\WS2_32.dll
0x00007fff12da0000 - 0x00007fff12dc4000 	C:\Windows\SYSTEM32\WINMM.dll
0x00007fff0d990000 - 0x00007fff0d99a000 	C:\Windows\SYSTEM32\VERSION.dll
0x00007fff12920000 - 0x00007fff1294d000 	C:\Windows\SYSTEM32\WINMMBASE.dll
0x00007fff159f0000 - 0x00007fff15a3a000 	C:\Windows\System32\cfgmgr32.dll
0x00007fff151f0000 - 0x00007fff15201000 	C:\Windows\System32\kernel.appcore.dll
0x00007fff12fb0000 - 0x00007fff12fc1000 	E:\Program Files\Android\Android Studio\jre\bin\verify.dll
0x00007fff13a80000 - 0x00007fff13c74000 	C:\Windows\SYSTEM32\DBGHELP.DLL
0x00007fff029b0000 - 0x00007fff029da000 	C:\Windows\SYSTEM32\dbgcore.DLL
0x00007fff12f80000 - 0x00007fff12fa9000 	E:\Program Files\Android\Android Studio\jre\bin\java.dll
0x00007fff12f70000 - 0x00007fff12f7b000 	E:\Program Files\Android\Android Studio\jre\bin\jimage.dll
0x00007fff12f50000 - 0x00007fff12f68000 	E:\Program Files\Android\Android Studio\jre\bin\zip.dll
0x00007fff169e0000 - 0x00007fff170c7000 	C:\Windows\System32\SHELL32.dll
0x00007fff18250000 - 0x00007fff182f9000 	C:\Windows\System32\shcore.dll
0x00007fff15a70000 - 0x00007fff161f1000 	C:\Windows\System32\windows.storage.dll
0x00007fff15230000 - 0x00007fff15253000 	C:\Windows\System32\profapi.dll
0x00007fff15260000 - 0x00007fff152aa000 	C:\Windows\System32\powrprof.dll
0x00007fff151e0000 - 0x00007fff151f0000 	C:\Windows\System32\UMPDC.dll
0x00007fff17d00000 - 0x00007fff17d52000 	C:\Windows\System32\shlwapi.dll
0x00007fff162d0000 - 0x00007fff162e7000 	C:\Windows\System32\cryptsp.dll
0x00007fff12f30000 - 0x00007fff12f4a000 	E:\Program Files\Android\Android Studio\jre\bin\net.dll
0x00007fff057a0000 - 0x00007fff05890000 	C:\Windows\SYSTEM32\WINHTTP.dll
0x00007fff149d0000 - 0x00007fff14a37000 	C:\Windows\system32\mswsock.dll
0x00007fff12f10000 - 0x00007fff12f24000 	E:\Program Files\Android\Android Studio\jre\bin\nio.dll
0x00007ffeff7c0000 - 0x00007ffeff7e7000 	C:\Users\hp\.gradle\native\fdc75f09e3144964f2cf3f50f0aa648679c211496f362492102eb8c894070792\windows-amd64\native-platform.dll
0x00007ffefa9c0000 - 0x00007ffefab56000 	C:\Users\hp\.gradle\native\12488b8bf47d2d4c9fbf2f6322a914ad602e24e48041cd04a747c6da556b65c4\windows-amd64\native-platform-file-events.dll
0x00007fff12f00000 - 0x00007fff12f0a000 	E:\Program Files\Android\Android Studio\jre\bin\management.dll
0x00007fff0f3e0000 - 0x00007fff0f3ec000 	E:\Program Files\Android\Android Studio\jre\bin\management_ext.dll
0x00007fff14540000 - 0x00007fff14573000 	C:\Windows\system32\rsaenh.dll
0x00007fff162a0000 - 0x00007fff162c6000 	C:\Windows\System32\bcrypt.dll
0x00007fff15100000 - 0x00007fff15125000 	C:\Windows\SYSTEM32\USERENV.dll
0x00007fff14ba0000 - 0x00007fff14bac000 	C:\Windows\SYSTEM32\CRYPTBASE.dll
0x00007fff146e0000 - 0x00007fff1471a000 	C:\Windows\SYSTEM32\IPHLPAPI.DLL
0x00007fff16520000 - 0x00007fff16528000 	C:\Windows\System32\NSI.dll
0x00007fff05f50000 - 0x00007fff05f66000 	C:\Windows\SYSTEM32\dhcpcsvc6.DLL
0x00007fff05fa0000 - 0x00007fff05fbc000 	C:\Windows\SYSTEM32\dhcpcsvc.DLL
0x00007fff14720000 - 0x00007fff147eb000 	C:\Windows\SYSTEM32\DNSAPI.dll
0x00007fff066d0000 - 0x00007fff066db000 	C:\Windows\SYSTEM32\WINNSI.DLL

dbghelp: loaded successfully - version: 4.0.5 - missing functions: none
symbol engine: initialized successfully - sym options: 0x614 - pdb path: .;E:\Program Files\Android\Android Studio\jre\bin;C:\Windows\SYSTEM32;C:\Program Files\AVAST Software\Avast\x64;C:\Windows\WinSxS\amd64_microsoft.windows.common-controls_6595b64144ccf1df_6.0.18362.1256_none_9e7e379be45e40e2;E:\Program Files\Android\Android Studio\jre\bin\server;C:\Users\hp\.gradle\native\fdc75f09e3144964f2cf3f50f0aa648679c211496f362492102eb8c894070792\windows-amd64;C:\Users\hp\.gradle\native\12488b8bf47d2d4c9fbf2f6322a914ad602e24e48041cd04a747c6da556b65c4\windows-amd64

VM Arguments:
jvm_args: --add-opens=java.base/java.util=ALL-UNNAMED --add-opens=java.base/java.lang=ALL-UNNAMED --add-opens=java.base/java.lang.invoke=ALL-UNNAMED --add-opens=java.prefs/java.util.prefs=ALL-UNNAMED -Xmx2048m -Dfile.encoding=UTF-8 -Duser.country=US -Duser.language=en -Duser.variant 
java_command: org.gradle.launcher.daemon.bootstrap.GradleDaemon 6.7.1
java_class_path (initial): C:\Users\hp\.gradle\wrapper\dists\gradle-6.7.1-bin\bwlcbys1h7rz3272sye1xwiv6\gradle-6.7.1\lib\gradle-launcher-6.7.1.jar
Launcher Type: SUN_STANDARD

[Global flags]
     intx CICompilerCount                          = 3                                         {product} {ergonomic}
     uint ConcGCThreads                            = 1                                         {product} {ergonomic}
     uint G1ConcRefinementThreads                  = 4                                         {product} {ergonomic}
   size_t G1HeapRegionSize                         = 1048576                                   {product} {ergonomic}
    uintx GCDrainStackTargetSize                   = 64                                        {product} {ergonomic}
   size_t InitialHeapSize                          = 134217728                                 {product} {ergonomic}
   size_t MarkStackSize                            = 4194304                                   {product} {ergonomic}
   size_t MaxHeapSize                              = 2147483648                                {product} {command line}
   size_t MaxNewSize                               = 1287651328                                {product} {ergonomic}
   size_t MinHeapDeltaBytes                        = 1048576                                   {product} {ergonomic}
    uintx NonNMethodCodeHeapSize                   = 5830732                                {pd product} {ergonomic}
    uintx NonProfiledCodeHeapSize                  = 122913754                              {pd product} {ergonomic}
    uintx ProfiledCodeHeapSize                     = 122913754                              {pd product} {ergonomic}
    uintx ReservedCodeCacheSize                    = 251658240                              {pd product} {ergonomic}
     bool SegmentedCodeCache                       = true                                      {product} {ergonomic}
     bool UseCompressedClassPointers               = true                                 {lp64_product} {ergonomic}
     bool UseCompressedOops                        = true                                 {lp64_product} {ergonomic}
     bool UseG1GC                                  = true                                      {product} {ergonomic}
     bool UseLargePagesIndividualAllocation        = false                                  {pd product} {ergonomic}

Logging:
Log output configuration:
 #0: stdout all=warning uptime,level,tags
 #1: stderr all=off uptime,level,tags

Environment Variables:
JAVA_HOME=C:\Program Files\Java\jdk-17.0.1
PATH=C:\ffmpeg\bin;C:\Program Files\Common Files\Oracle\Java\javapath;C:\Python310\Scripts\;C:\Python310\;C:\ProgramData\Oracle\Java\javapath;C:\Windows\system32;C:\Windows;C:\Windows\System32\Wbem;C:\Windows\System32\WindowsPowerShell\v1.0\;C:\Windows\System32\OpenSSH\;C:\Program Files\Java\jdk-17\bin;C:\Program Files\Microsoft SQL Server\Client SDK\ODBC\110\Tools\Binn\;C:\Program Files\Microsoft SQL Server\Client SDK\ODBC\170\Tools\Binn\;C:\ProgramData\chocolatey\bin;C:\Program Files\Java\jdk-17.0.1\bin;C:\Program Files\Azure Data Studio\bin;C:\Program Files\dotnet\;C:\Program Files\Git\cmd;C:\Program Files\nodejs\;C:\Users\hp\AppData\Local\Microsoft\WindowsApps;D:\Microsoft VS Code\bin;C:\Users\hp\AppData\Local\Android\Sdk\platform-tools;C:\Program Files (x86)\Microsoft SQL Server\150\DTS\Binn\;C:\Program Files (x86)\Microsoft SQL Server\150\Tools\Binn\;C:\Program Files\Microsoft SQL Server\150\Tools\Binn\;C:\Program Files\Microsoft SQL Server\150\DTS\Binn\;C:\Users\hp\AppData\Local\Microsoft\WindowsApps;D:\Microsoft VS Code\bin;C:\Program Files\Azure Data Studio\bin;C:\Users\hp\AppData\Local\Android\Sdk\platform-tools;;C:\Users\hp\AppData\Local\Programs\Microsoft VS Code\bin;C:\Users\hp\.dotnet\tools;C:\Users\hp\AppData\Roaming\npm
USERNAME=hp
OS=Windows_NT
PROCESSOR_IDENTIFIER=Intel64 Family 6 Model 142 Stepping 9, GenuineIntel



---------------  S Y S T E M  ---------------

OS: Windows 10 , 64 bit Build 18362 (10.0.18362.1110)
OS uptime: 0 days 0:28 hours

CPU:total 4 (initial active 4) (2 cores per cpu, 2 threads per core) family 6 model 142 stepping 9, cmov, cx8, fxsr, mmx, sse, sse2, sse3, ssse3, sse4.1, sse4.2, popcnt, avx, avx2, aes, clmul, erms, 3dnowpref, lzcnt, ht, tsc, tscinvbit, bmi1, bmi2, adx, fma

Memory: 4k page, system-wide physical 8078M (471M free)
TotalPageFile size 8078M (AvailPageFile size 41M)
current process WorkingSet (physical memory assigned to process): 526M, peak: 536M
current process commit charge ("private bytes"): 568M, peak: 627M

vm_info: OpenJDK 64-Bit Server VM (11.0.8+10-b944.6842174) for windows-amd64 JRE (11.0.8+10-b944.6842174), built on Sep 19 2020 01:11:42 by "builder" with MS VC++ 14.0 (VS2015)

END.
