#
# There is insufficient memory for the Java Runtime Environment to continue.
# Native memory allocation (malloc) failed to allocate 32744 bytes for ChunkPool::allocate
# Possible reasons:
#   The system is out of physical RAM or swap space
#   The process is running with CompressedOops enabled, and the Java Heap may be blocking the growth of the native heap
# Possible solutions:
#   Reduce memory load on the system
#   Increase physical memory or swap space
#   Check if swap backing store is full
#   Decrease Java heap size (-Xmx/-Xms)
#   Decrease number of Java threads
#   Decrease Java thread stack sizes (-Xss)
#   Set larger code cache with -XX:ReservedCodeCacheSize=
#   JVM is running with Unscaled Compressed Oops mode in which the Java heap is
#     placed in the first 4GB address space. The Java Heap base address is the
#     maximum limit for the native heap growth. Please use -XX:HeapBaseMinAddress
#     to set the Java Heap base and to place the Java Heap above 4GB virtual address.
# This output file may be truncated or incomplete.
#
#  Out of Memory Error (./src/hotspot/share/memory/arena.cpp:81), pid=3524, tid=3840
#
# JRE version: OpenJDK Runtime Environment (11.0.8+10) (build 11.0.8+10-b944.6842174)
# Java VM: OpenJDK 64-Bit Server VM (11.0.8+10-b944.6842174, mixed mode, tiered, compressed oops, g1 gc, windows-amd64)
# No core dump will be written. Minidumps are not enabled by default on client versions of Windows
#

---------------  S U M M A R Y ------------

Command Line: --add-opens=java.base/java.util=ALL-UNNAMED --add-opens=java.base/java.lang=ALL-UNNAMED --add-opens=java.base/java.lang.invoke=ALL-UNNAMED --add-opens=java.prefs/java.util.prefs=ALL-UNNAMED -Xmx2048m -Dfile.encoding=UTF-8 -Duser.country=US -Duser.language=en -Duser.variant org.gradle.launcher.daemon.bootstrap.GradleDaemon 6.7.1

Host: Intel(R) Core(TM) i5-7200U CPU @ 2.50GHz, 4 cores, 7G,  Windows 10 , 64 bit Build 18362 (10.0.18362.1110)
Time: Mon May 23 18:17:43 2022 Morocco Daylight Time elapsed time: 10 seconds (0d 0h 0m 10s)

---------------  T H R E A D  ---------------

Current thread (0x000001629686d000):  JavaThread "C2 CompilerThread1" daemon [_thread_in_native, id=3840, stack(0x000000063d100000,0x000000063d200000)]


Current CompileTask:
C2:  10997 5896       4       org.objectweb.asm.MethodWriter::computeAllFrames (510 bytes)

Stack: [0x000000063d100000,0x000000063d200000]
Native frames: (J=compiled Java code, j=interpreted, Vv=VM code, C=native code)
V  [jvm.dll+0x5de50a]
V  [jvm.dll+0x7122f5]
V  [jvm.dll+0x71384d]
V  [jvm.dll+0x713f03]
V  [jvm.dll+0x23e728]
V  [jvm.dll+0xb8beb]
V  [jvm.dll+0xb8e9c]
V  [jvm.dll+0x6e54a4]
V  [jvm.dll+0x6ec973]
V  [jvm.dll+0x6e978d]
V  [jvm.dll+0x60c2d8]
V  [jvm.dll+0x5fb1c1]
V  [jvm.dll+0x5f364a]
V  [jvm.dll+0x5f2cb8]
V  [jvm.dll+0x5f0cb2]
V  [jvm.dll+0x181b0c]
V  [jvm.dll+0x1f65f5]
V  [jvm.dll+0x17f32c]
V  [jvm.dll+0x205047]
V  [jvm.dll+0x203891]
V  [jvm.dll+0x6dad3f]
V  [jvm.dll+0x6d3895]
V  [jvm.dll+0x5dd4a6]
C  [ucrtbase.dll+0x210b2]
C  [KERNEL32.DLL+0x17c24]
C  [ntdll.dll+0x6d4d1]


---------------  P R O C E S S  ---------------

Threads class SMR info:
_java_thread_list=0x000001629b9538a0, length=135, elements={
0x00000162fa63f800, 0x00000162ff0bb000, 0x00000162ff0c4800, 0x00000162ffa32800,
0x00000162ffa34000, 0x00000162ffa36000, 0x00000162ffa3f800, 0x00000162ffa41800,
0x00000162ffb90000, 0x00000162ffbbd000, 0x0000016296cb7800, 0x0000016295d55000,
0x00000162960e5000, 0x0000016296a16800, 0x0000016296440800, 0x000001629666e800,
0x0000016296300800, 0x000001629686d000, 0x0000016296303000, 0x0000016296302800,
0x0000016296301800, 0x0000016296304000, 0x00000162962ff000, 0x00000162962fe800,
0x0000016296300000, 0x0000016296305000, 0x0000016299365800, 0x0000016299369800,
0x000001629936a800, 0x000001629936b800, 0x000001629936c000, 0x0000016299366800,
0x0000016299369000, 0x000001629936d000, 0x0000016299367000, 0x000001629936d800,
0x0000016299368000, 0x0000016299373800, 0x0000016299374800, 0x0000016299372800,
0x000001629936f800, 0x0000016299371000, 0x0000016299372000, 0x0000016299370000,
0x000001629936e800, 0x0000016298d31800, 0x0000016298d32800, 0x0000016298d30000,
0x0000016298d30800, 0x0000016298d34000, 0x0000016298d2e800, 0x0000016298d35800,
0x0000016298d38000, 0x0000016298d3a800, 0x0000016298d39800, 0x0000016298d39000,
0x0000016298d3b800, 0x0000016298d3c000, 0x0000016298d36800, 0x0000016298d3d000,
0x0000016298d37800, 0x000001629b662800, 0x000001629b661800, 0x000001629b65f800,
0x000001629b664000, 0x000001629b665000, 0x000001629b663800, 0x000001629b666000,
0x000001629b660000, 0x000001629b666800, 0x000001629b661000, 0x000001629b66c800,
0x000001629b66b800, 0x000001629b66a000, 0x000001629b668800, 0x000001629b66a800,
0x000001629b66d000, 0x000001629b667800, 0x000001629b66e000, 0x000001629b669000,
0x000001629a5f3800, 0x000001629a5f9000, 0x000001629a5f5000, 0x000001629a5f5800,
0x000001629a5fa000, 0x000001629a5f6800, 0x000001629a5f7800, 0x000001629a5f8000,
0x000001629a5f4000, 0x000001629a5fd000, 0x000001629a5fe800, 0x000001629a5fa800,
0x000001629a5ff800, 0x000001629a600800, 0x000001629a601000, 0x000001629a5fb800,
0x000001629a602000, 0x000001629a5fc800, 0x000001629a5fe000, 0x0000016299b40000,
0x0000016299b41800, 0x0000016299b3e800, 0x0000016299b41000, 0x0000016299b3d000,
0x0000016299b3f000, 0x0000016299b42800, 0x0000016299b43800, 0x0000016299b3d800,
0x0000016299b49000, 0x0000016299b4a000, 0x0000016299b44000, 0x0000016299b47800,
0x0000016299b4a800, 0x0000016299b48000, 0x0000016299b45000, 0x0000016299b4b800,
0x0000016299b46000, 0x0000016299b46800, 0x000001629ad27000, 0x000001629ad26000,
0x000001629ad2c800, 0x000001629ad29800, 0x000001629ad2b000, 0x000001629ad2c000,
0x000001629ad2d800, 0x000001629ad27800, 0x000001629ad2e800, 0x000001629ad2a000,
0x000001629ad28800, 0x000001629ad33000, 0x000001629ad2f000, 0x000001629ad30000,
0x000001629ad35000, 0x000001629ad30800, 0x000001629ad34000
}

Java Threads: ( => current thread )
  0x00000162fa63f800 JavaThread "main" [_thread_blocked, id=4436, stack(0x000000063b500000,0x000000063b600000)]
  0x00000162ff0bb000 JavaThread "Reference Handler" daemon [_thread_blocked, id=2168, stack(0x000000063bc00000,0x000000063bd00000)]
  0x00000162ff0c4800 JavaThread "Finalizer" daemon [_thread_blocked, id=9732, stack(0x000000063bd00000,0x000000063be00000)]
  0x00000162ffa32800 JavaThread "Signal Dispatcher" daemon [_thread_blocked, id=632, stack(0x000000063be00000,0x000000063bf00000)]
  0x00000162ffa34000 JavaThread "Attach Listener" daemon [_thread_blocked, id=824, stack(0x000000063bf00000,0x000000063c000000)]
  0x00000162ffa36000 JavaThread "C2 CompilerThread0" daemon [_thread_in_native, id=3180, stack(0x000000063c000000,0x000000063c100000)]
  0x00000162ffa3f800 JavaThread "C1 CompilerThread0" daemon [_thread_blocked, id=5468, stack(0x000000063c100000,0x000000063c200000)]
  0x00000162ffa41800 JavaThread "Sweeper thread" daemon [_thread_blocked, id=10252, stack(0x000000063c200000,0x000000063c300000)]
  0x00000162ffb90000 JavaThread "Common-Cleaner" daemon [_thread_blocked, id=6972, stack(0x000000063c300000,0x000000063c400000)]
  0x00000162ffbbd000 JavaThread "Service Thread" daemon [_thread_blocked, id=324, stack(0x000000063c400000,0x000000063c500000)]
  0x0000016296cb7800 JavaThread "Daemon health stats" [_thread_blocked, id=1968, stack(0x000000063c900000,0x000000063ca00000)]
  0x0000016295d55000 JavaThread "Incoming local TCP Connector on port 51036" [_thread_in_native, id=5092, stack(0x000000063cb00000,0x000000063cc00000)]
  0x00000162960e5000 JavaThread "Daemon periodic checks" [_thread_blocked, id=1196, stack(0x000000063cc00000,0x000000063cd00000)]
  0x0000016296a16800 JavaThread "Daemon" [_thread_blocked, id=4172, stack(0x000000063cd00000,0x000000063ce00000)]
  0x0000016296440800 JavaThread "Handler for socket connection from /127.0.0.1:51036 to /127.0.0.1:51037" [_thread_in_native, id=12028, stack(0x000000063ce00000,0x000000063cf00000)]
  0x000001629666e800 JavaThread "Cancel handler" [_thread_blocked, id=2448, stack(0x000000063cf00000,0x000000063d000000)]
  0x0000016296300800 JavaThread "Daemon worker" [_thread_in_vm, id=9420, stack(0x000000063d000000,0x000000063d100000)]
=>0x000001629686d000 JavaThread "C2 CompilerThread1" daemon [_thread_in_native, id=3840, stack(0x000000063d100000,0x000000063d200000)]
  0x0000016296303000 JavaThread "Asynchronous log dispatcher for DefaultDaemonConnection: socket connection from /127.0.0.1:51036 to /127.0.0.1:51037" [_thread_blocked, id=2380, stack(0x000000063d200000,0x000000063d300000)]
  0x0000016296302800 JavaThread "Stdin handler" [_thread_blocked, id=5252, stack(0x000000063d300000,0x000000063d400000)]
  0x0000016296301800 JavaThread "Thread-8" [_thread_blocked, id=2796, stack(0x000000063d400000,0x000000063d500000)]
  0x0000016296304000 JavaThread "Cache worker for file hash cache (C:\Users\hp\.gradle\caches\6.7.1\fileHashes)" [_thread_blocked, id=4716, stack(0x000000063d600000,0x000000063d700000)]
  0x00000162962ff000 JavaThread "File lock request listener" [_thread_in_native, id=2692, stack(0x000000063d700000,0x000000063d800000)]
  0x00000162962fe800 JavaThread "Cache worker for journal cache (C:\Users\hp\.gradle\caches\journal-1)" [_thread_blocked, id=8504, stack(0x000000063d800000,0x000000063d900000)]
  0x0000016296300000 JavaThread "Cache worker for file hash cache (C:\Users\hp\AndroidStudioProjects\myPharmacy\.gradle\6.7.1\fileHashes)" [_thread_blocked, id=9288, stack(0x000000063d900000,0x000000063da00000)]
  0x0000016296305000 JavaThread "jar transforms" [_thread_blocked, id=6060, stack(0x000000063da00000,0x000000063db00000)]
  0x0000016299365800 JavaThread "jar transforms Thread 2" [_thread_blocked, id=7972, stack(0x000000063db00000,0x000000063dc00000)]
  0x0000016299369800 JavaThread "jar transforms Thread 3" [_thread_blocked, id=7892, stack(0x000000063dc00000,0x000000063dd00000)]
  0x000001629936a800 JavaThread "jar transforms Thread 4" [_thread_blocked, id=2060, stack(0x000000063dd00000,0x000000063de00000)]
  0x000001629936b800 JavaThread "jar transforms Thread 5" [_thread_blocked, id=9992, stack(0x000000063de00000,0x000000063df00000)]
  0x000001629936c000 JavaThread "jar transforms Thread 6" [_thread_blocked, id=3980, stack(0x000000063df00000,0x000000063e000000)]
  0x0000016299366800 JavaThread "jar transforms Thread 7" [_thread_blocked, id=12180, stack(0x000000063e000000,0x000000063e100000)]
  0x0000016299369000 JavaThread "jar transforms Thread 8" [_thread_blocked, id=3348, stack(0x000000063e100000,0x000000063e200000)]
  0x000001629936d000 JavaThread "jar transforms Thread 9" [_thread_blocked, id=9936, stack(0x000000063e200000,0x000000063e300000)]
  0x0000016299367000 JavaThread "jar transforms Thread 10" [_thread_blocked, id=8832, stack(0x000000063e300000,0x000000063e400000)]
  0x000001629936d800 JavaThread "jar transforms Thread 11" [_thread_blocked, id=7420, stack(0x000000063e400000,0x000000063e500000)]
  0x0000016299368000 JavaThread "jar transforms Thread 12" [_thread_blocked, id=5768, stack(0x000000063e500000,0x000000063e600000)]
  0x0000016299373800 JavaThread "jar transforms Thread 13" [_thread_blocked, id=8796, stack(0x000000063e600000,0x000000063e700000)]
  0x0000016299374800 JavaThread "jar transforms Thread 14" [_thread_blocked, id=4640, stack(0x000000063e700000,0x000000063e800000)]
  0x0000016299372800 JavaThread "jar transforms Thread 15" [_thread_blocked, id=2272, stack(0x000000063e800000,0x000000063e900000)]
  0x000001629936f800 JavaThread "jar transforms Thread 16" [_thread_blocked, id=12128, stack(0x000000063e900000,0x000000063ea00000)]
  0x0000016299371000 JavaThread "jar transforms Thread 17" [_thread_blocked, id=9108, stack(0x000000063ea00000,0x000000063eb00000)]
  0x0000016299372000 JavaThread "jar transforms Thread 18" [_thread_blocked, id=9028, stack(0x000000063eb00000,0x000000063ec00000)]
  0x0000016299370000 JavaThread "jar transforms Thread 19" [_thread_blocked, id=6960, stack(0x000000063ec00000,0x000000063ed00000)]
  0x000001629936e800 JavaThread "jar transforms Thread 20" [_thread_blocked, id=3492, stack(0x000000063ed00000,0x000000063ee00000)]
  0x0000016298d31800 JavaThread "jar transforms Thread 21" [_thread_blocked, id=1424, stack(0x000000063ee00000,0x000000063ef00000)]
  0x0000016298d32800 JavaThread "Cache worker for checksums cache (C:\Users\hp\AndroidStudioProjects\myPharmacy\.gradle\checksums)" [_thread_blocked, id=8140, stack(0x000000063ef00000,0x000000063f000000)]
  0x0000016298d30000 JavaThread "Cache worker for cache directory md-supplier (C:\Users\hp\.gradle\caches\6.7.1\md-supplier)" [_thread_blocked, id=1452, stack(0x000000063f000000,0x000000063f100000)]
  0x0000016298d30800 JavaThread "Cache worker for cache directory md-rule (C:\Users\hp\.gradle\caches\6.7.1\md-rule)" [_thread_blocked, id=9008, stack(0x000000063f100000,0x000000063f200000)]
  0x0000016298d34000 JavaThread "Cache worker for execution history cache (C:\Users\hp\.gradle\caches\6.7.1\executionHistory)" [_thread_blocked, id=8816, stack(0x000000063f200000,0x000000063f300000)]
  0x0000016298d2e800 JavaThread "Cache worker for file content cache (C:\Users\hp\.gradle\caches\6.7.1\fileContent)" [_thread_blocked, id=4572, stack(0x000000063f300000,0x000000063f400000)]
  0x0000016298d35800 JavaThread "Cache worker for Build Output Cleanup Cache (C:\Users\hp\AndroidStudioProjects\myPharmacy\.gradle\buildOutputCleanup)" [_thread_blocked, id=11032, stack(0x000000063f400000,0x000000063f500000)]
  0x0000016298d38000 JavaThread "Build operations" [_thread_blocked, id=5612, stack(0x000000063f500000,0x000000063f600000)]
  0x0000016298d3a800 JavaThread "Build operations Thread 2" [_thread_blocked, id=3184, stack(0x000000063f600000,0x000000063f700000)]
  0x0000016298d39800 JavaThread "Build operations Thread 3" [_thread_blocked, id=8312, stack(0x000000063f700000,0x000000063f800000)]
  0x0000016298d39000 JavaThread "Build operations Thread 4" [_thread_blocked, id=5384, stack(0x000000063f800000,0x000000063f900000)]
  0x0000016298d3b800 JavaThread "jar transforms Thread 22" [_thread_blocked, id=9972, stack(0x000000063f900000,0x000000063fa00000)]
  0x0000016298d3c000 JavaThread "jar transforms Thread 23" [_thread_blocked, id=4324, stack(0x000000063fa00000,0x000000063fb00000)]
  0x0000016298d36800 JavaThread "jar transforms Thread 24" [_thread_blocked, id=1076, stack(0x000000063fb00000,0x000000063fc00000)]
  0x0000016298d3d000 JavaThread "jar transforms Thread 25" [_thread_blocked, id=10996, stack(0x000000063fc00000,0x000000063fd00000)]
  0x0000016298d37800 JavaThread "jar transforms Thread 26" [_thread_blocked, id=8880, stack(0x000000063fd00000,0x000000063fe00000)]
  0x000001629b662800 JavaThread "jar transforms Thread 27" [_thread_blocked, id=5504, stack(0x000000063fe00000,0x000000063ff00000)]
  0x000001629b661800 JavaThread "jar transforms Thread 28" [_thread_blocked, id=4548, stack(0x000000063ff00000,0x0000000640000000)]
  0x000001629b65f800 JavaThread "jar transforms Thread 29" [_thread_blocked, id=7320, stack(0x0000000640000000,0x0000000640100000)]
  0x000001629b664000 JavaThread "jar transforms Thread 30" [_thread_blocked, id=4924, stack(0x0000000640100000,0x0000000640200000)]
  0x000001629b665000 JavaThread "jar transforms Thread 31" [_thread_blocked, id=2656, stack(0x0000000640200000,0x0000000640300000)]
  0x000001629b663800 JavaThread "jar transforms Thread 32" [_thread_blocked, id=6588, stack(0x0000000640300000,0x0000000640400000)]
  0x000001629b666000 JavaThread "jar transforms Thread 33" [_thread_blocked, id=12208, stack(0x0000000640400000,0x0000000640500000)]
  0x000001629b660000 JavaThread "jar transforms Thread 34" [_thread_blocked, id=1368, stack(0x0000000640500000,0x0000000640600000)]
  0x000001629b666800 JavaThread "jar transforms Thread 35" [_thread_blocked, id=8016, stack(0x0000000640600000,0x0000000640700000)]
  0x000001629b661000 JavaThread "jar transforms Thread 36" [_thread_blocked, id=1180, stack(0x0000000640700000,0x0000000640800000)]
  0x000001629b66c800 JavaThread "jar transforms Thread 37" [_thread_blocked, id=4012, stack(0x0000000640800000,0x0000000640900000)]
  0x000001629b66b800 JavaThread "jar transforms Thread 38" [_thread_blocked, id=2748, stack(0x0000000640900000,0x0000000640a00000)]
  0x000001629b66a000 JavaThread "jar transforms Thread 39" [_thread_blocked, id=11576, stack(0x0000000640a00000,0x0000000640b00000)]
  0x000001629b668800 JavaThread "jar transforms Thread 40" [_thread_blocked, id=4372, stack(0x0000000640b00000,0x0000000640c00000)]
  0x000001629b66a800 JavaThread "jar transforms Thread 41" [_thread_blocked, id=2056, stack(0x0000000640c00000,0x0000000640d00000)]
  0x000001629b66d000 JavaThread "jar transforms Thread 42" [_thread_blocked, id=10332, stack(0x0000000640d00000,0x0000000640e00000)]
  0x000001629b667800 JavaThread "jar transforms Thread 43" [_thread_blocked, id=7884, stack(0x0000000640e00000,0x0000000640f00000)]
  0x000001629b66e000 JavaThread "jar transforms Thread 44" [_thread_blocked, id=5936, stack(0x0000000640f00000,0x0000000641000000)]
  0x000001629b669000 JavaThread "jar transforms Thread 45" [_thread_blocked, id=2700, stack(0x0000000641000000,0x0000000641100000)]
  0x000001629a5f3800 JavaThread "jar transforms Thread 46" [_thread_blocked, id=4196, stack(0x0000000641100000,0x0000000641200000)]
  0x000001629a5f9000 JavaThread "jar transforms Thread 47" [_thread_blocked, id=3376, stack(0x0000000641200000,0x0000000641300000)]
  0x000001629a5f5000 JavaThread "jar transforms Thread 48" [_thread_blocked, id=6408, stack(0x0000000641300000,0x0000000641400000)]
  0x000001629a5f5800 JavaThread "jar transforms Thread 49" [_thread_blocked, id=8200, stack(0x0000000641400000,0x0000000641500000)]
  0x000001629a5fa000 JavaThread "jar transforms Thread 50" [_thread_blocked, id=7364, stack(0x0000000641500000,0x0000000641600000)]
  0x000001629a5f6800 JavaThread "jar transforms Thread 51" [_thread_blocked, id=10344, stack(0x0000000641600000,0x0000000641700000)]
  0x000001629a5f7800 JavaThread "jar transforms Thread 52" [_thread_blocked, id=1516, stack(0x0000000641700000,0x0000000641800000)]
  0x000001629a5f8000 JavaThread "jar transforms Thread 53" [_thread_blocked, id=11884, stack(0x0000000641800000,0x0000000641900000)]
  0x000001629a5f4000 JavaThread "jar transforms Thread 54" [_thread_blocked, id=5864, stack(0x0000000641900000,0x0000000641a00000)]
  0x000001629a5fd000 JavaThread "jar transforms Thread 55" [_thread_blocked, id=1360, stack(0x0000000641a00000,0x0000000641b00000)]
  0x000001629a5fe800 JavaThread "jar transforms Thread 56" [_thread_blocked, id=7416, stack(0x0000000641b00000,0x0000000641c00000)]
  0x000001629a5fa800 JavaThread "jar transforms Thread 57" [_thread_blocked, id=3064, stack(0x0000000641c00000,0x0000000641d00000)]
  0x000001629a5ff800 JavaThread "jar transforms Thread 58" [_thread_blocked, id=3540, stack(0x0000000641d00000,0x0000000641e00000)]
  0x000001629a600800 JavaThread "jar transforms Thread 59" [_thread_blocked, id=5380, stack(0x0000000641e00000,0x0000000641f00000)]
  0x000001629a601000 JavaThread "jar transforms Thread 60" [_thread_blocked, id=7952, stack(0x0000000641f00000,0x0000000642000000)]
  0x000001629a5fb800 JavaThread "jar transforms Thread 61" [_thread_blocked, id=5996, stack(0x0000000642000000,0x0000000642100000)]
  0x000001629a602000 JavaThread "jar transforms Thread 62" [_thread_blocked, id=8472, stack(0x0000000642100000,0x0000000642200000)]
  0x000001629a5fc800 JavaThread "jar transforms Thread 63" [_thread_blocked, id=5076, stack(0x0000000642200000,0x0000000642300000)]
  0x000001629a5fe000 JavaThread "jar transforms Thread 64" [_thread_blocked, id=736, stack(0x0000000642300000,0x0000000642400000)]
  0x0000016299b40000 JavaThread "jar transforms Thread 65" [_thread_blocked, id=4452, stack(0x0000000642400000,0x0000000642500000)]
  0x0000016299b41800 JavaThread "jar transforms Thread 66" [_thread_blocked, id=7296, stack(0x0000000642500000,0x0000000642600000)]
  0x0000016299b3e800 JavaThread "jar transforms Thread 67" [_thread_blocked, id=1440, stack(0x0000000642600000,0x0000000642700000)]
  0x0000016299b41000 JavaThread "jar transforms Thread 68" [_thread_blocked, id=4900, stack(0x0000000642700000,0x0000000642800000)]
  0x0000016299b3d000 JavaThread "jar transforms Thread 69" [_thread_blocked, id=1608, stack(0x0000000642800000,0x0000000642900000)]
  0x0000016299b3f000 JavaThread "jar transforms Thread 70" [_thread_blocked, id=4960, stack(0x0000000642900000,0x0000000642a00000)]
  0x0000016299b42800 JavaThread "jar transforms Thread 71" [_thread_blocked, id=11192, stack(0x0000000642a00000,0x0000000642b00000)]
  0x0000016299b43800 JavaThread "jar transforms Thread 72" [_thread_blocked, id=8996, stack(0x0000000642b00000,0x0000000642c00000)]
  0x0000016299b3d800 JavaThread "jar transforms Thread 73" [_thread_blocked, id=8096, stack(0x0000000642c00000,0x0000000642d00000)]
  0x0000016299b49000 JavaThread "jar transforms Thread 74" [_thread_blocked, id=9424, stack(0x0000000642d00000,0x0000000642e00000)]
  0x0000016299b4a000 JavaThread "jar transforms Thread 75" [_thread_blocked, id=7888, stack(0x0000000642e00000,0x0000000642f00000)]
  0x0000016299b44000 JavaThread "jar transforms Thread 76" [_thread_blocked, id=9952, stack(0x0000000642f00000,0x0000000643000000)]
  0x0000016299b47800 JavaThread "jar transforms Thread 77" [_thread_blocked, id=3416, stack(0x0000000643000000,0x0000000643100000)]
  0x0000016299b4a800 JavaThread "jar transforms Thread 78" [_thread_blocked, id=3716, stack(0x0000000643100000,0x0000000643200000)]
  0x0000016299b48000 JavaThread "jar transforms Thread 79" [_thread_blocked, id=5184, stack(0x0000000643200000,0x0000000643300000)]
  0x0000016299b45000 JavaThread "jar transforms Thread 80" [_thread_blocked, id=7192, stack(0x0000000643300000,0x0000000643400000)]
  0x0000016299b4b800 JavaThread "jar transforms Thread 81" [_thread_blocked, id=9784, stack(0x0000000643400000,0x0000000643500000)]
  0x0000016299b46000 JavaThread "jar transforms Thread 82" [_thread_blocked, id=6884, stack(0x0000000643500000,0x0000000643600000)]
  0x0000016299b46800 JavaThread "jar transforms Thread 83" [_thread_blocked, id=10648, stack(0x0000000643600000,0x0000000643700000)]
  0x000001629ad27000 JavaThread "jar transforms Thread 84" [_thread_blocked, id=4360, stack(0x0000000643700000,0x0000000643800000)]
  0x000001629ad26000 JavaThread "jar transforms Thread 85" [_thread_blocked, id=7668, stack(0x0000000643800000,0x0000000643900000)]
  0x000001629ad2c800 JavaThread "jar transforms Thread 86" [_thread_blocked, id=6524, stack(0x0000000643900000,0x0000000643a00000)]
  0x000001629ad29800 JavaThread "jar transforms Thread 87" [_thread_blocked, id=1940, stack(0x0000000643a00000,0x0000000643b00000)]
  0x000001629ad2b000 JavaThread "jar transforms Thread 88" [_thread_blocked, id=4044, stack(0x0000000643b00000,0x0000000643c00000)]
  0x000001629ad2c000 JavaThread "jar transforms Thread 89" [_thread_blocked, id=3988, stack(0x0000000643c00000,0x0000000643d00000)]
  0x000001629ad2d800 JavaThread "jar transforms Thread 90" [_thread_blocked, id=2896, stack(0x0000000643d00000,0x0000000643e00000)]
  0x000001629ad27800 JavaThread "jar transforms Thread 91" [_thread_blocked, id=6648, stack(0x0000000643e00000,0x0000000643f00000)]
  0x000001629ad2e800 JavaThread "jar transforms Thread 92" [_thread_blocked, id=6984, stack(0x0000000643f00000,0x0000000644000000)]
  0x000001629ad2a000 JavaThread "jar transforms Thread 93" [_thread_blocked, id=8964, stack(0x0000000644000000,0x0000000644100000)]
  0x000001629ad28800 JavaThread "jar transforms Thread 94" [_thread_blocked, id=976, stack(0x0000000644100000,0x0000000644200000)]
  0x000001629ad33000 JavaThread "jar transforms Thread 95" [_thread_blocked, id=8468, stack(0x0000000644200000,0x0000000644300000)]
  0x000001629ad2f000 JavaThread "jar transforms Thread 96" [_thread_blocked, id=4344, stack(0x0000000644300000,0x0000000644400000)]
  0x000001629ad30000 JavaThread "jar transforms Thread 97" [_thread_blocked, id=10224, stack(0x0000000644400000,0x0000000644500000)]
  0x000001629ad35000 JavaThread "jar transforms Thread 98" [_thread_blocked, id=2940, stack(0x0000000644500000,0x0000000644600000)]
  0x000001629ad30800 JavaThread "jar transforms Thread 99" [_thread_blocked, id=1200, stack(0x0000000644600000,0x0000000644700000)]
  0x000001629ad34000 JavaThread "Memory manager" [_thread_blocked, id=2460, stack(0x0000000644700000,0x0000000644800000)]

Other Threads:
  0x00000162ff0b7000 VMThread "VM Thread" [stack: 0x000000063bb00000,0x000000063bc00000] [id=9240]
  0x00000162ffbad000 WatcherThread [stack: 0x000000063c500000,0x000000063c600000] [id=396]
  0x00000162fa659000 GCTaskThread "GC Thread#0" [stack: 0x000000063b600000,0x000000063b700000] [id=11232]
  0x0000016295735000 GCTaskThread "GC Thread#1" [stack: 0x000000063c700000,0x000000063c800000] [id=7216]
  0x000001629525a000 GCTaskThread "GC Thread#2" [stack: 0x000000063c800000,0x000000063c900000] [id=7180]
  0x000001629623a800 GCTaskThread "GC Thread#3" [stack: 0x000000063d500000,0x000000063d600000] [id=11580]
  0x00000162fa68b000 ConcurrentGCThread "G1 Main Marker" [stack: 0x000000063b700000,0x000000063b800000] [id=9392]
  0x00000162fa68d800 ConcurrentGCThread "G1 Conc#0" [stack: 0x000000063b800000,0x000000063b900000] [id=11384]
  0x00000162fef04800 ConcurrentGCThread "G1 Refine#0" [stack: 0x000000063b900000,0x000000063ba00000] [id=5788]
  0x00000162fa70d800 ConcurrentGCThread "G1 Young RemSet Sampling" [stack: 0x000000063ba00000,0x000000063bb00000] [id=5288]

Threads with active compile tasks:
C2 CompilerThread0  11042 5860       4       com.sun.beans.TypeResolver::resolve (37 bytes)
C2 CompilerThread1  11042 5896       4       org.objectweb.asm.MethodWriter::computeAllFrames (510 bytes)

VM state:not at safepoint (normal execution)

VM Mutex/Monitor currently owned by a thread: None

Heap address: 0x0000000080000000, size: 2048 MB, Compressed Oops mode: 32-bit
Narrow klass base: 0x0000000000000000, Narrow klass shift: 3
Compressed class space size: 1073741824 Address: 0x0000000100000000

Heap:
 garbage-first heap   total 189440K, used 79165K [0x0000000080000000, 0x0000000100000000)
  region size 1024K, 18 young (18432K), 7 survivors (7168K)
 Metaspace       used 62535K, capacity 64294K, committed 64496K, reserved 1105920K
  class space    used 7960K, capacity 8543K, committed 8600K, reserved 1048576K
Heap Regions: E=young(eden), S=young(survivor), O=old, HS=humongous(starts), HC=humongous(continues), CS=collection set, F=free, A=archive, TAMS=top-at-mark-start (previous, next)
|   0|0x0000000080000000, 0x0000000080100000, 0x0000000080100000|100%| O|  |TAMS 0x0000000080100000, 0x0000000080000000| Untracked 
|   1|0x0000000080100000, 0x0000000080200000, 0x0000000080200000|100%| O|  |TAMS 0x0000000080200000, 0x0000000080100000| Untracked 
|   2|0x0000000080200000, 0x0000000080300000, 0x0000000080300000|100%| O|  |TAMS 0x0000000080300000, 0x0000000080200000| Untracked 
|   3|0x0000000080300000, 0x0000000080400000, 0x0000000080400000|100%|HS|  |TAMS 0x0000000080400000, 0x0000000080300000| Complete 
|   4|0x0000000080400000, 0x0000000080500000, 0x0000000080500000|100%|HC|  |TAMS 0x0000000080500000, 0x0000000080400000| Complete 
|   5|0x0000000080500000, 0x0000000080600000, 0x0000000080600000|100%|HC|  |TAMS 0x0000000080600000, 0x0000000080500000| Complete 
|   6|0x0000000080600000, 0x0000000080700000, 0x0000000080700000|100%| O|  |TAMS 0x0000000080700000, 0x0000000080600000| Untracked 
|   7|0x0000000080700000, 0x0000000080800000, 0x0000000080800000|100%| O|  |TAMS 0x0000000080800000, 0x0000000080700000| Untracked 
|   8|0x0000000080800000, 0x0000000080900000, 0x0000000080900000|100%| O|  |TAMS 0x0000000080900000, 0x0000000080800000| Untracked 
|   9|0x0000000080900000, 0x0000000080a00000, 0x0000000080a00000|100%| O|  |TAMS 0x0000000080a00000, 0x0000000080900000| Untracked 
|  10|0x0000000080a00000, 0x0000000080b00000, 0x0000000080b00000|100%| O|  |TAMS 0x0000000080b00000, 0x0000000080a00000| Untracked 
|  11|0x0000000080b00000, 0x0000000080c00000, 0x0000000080c00000|100%| O|  |TAMS 0x0000000080c00000, 0x0000000080b00000| Untracked 
|  12|0x0000000080c00000, 0x0000000080d00000, 0x0000000080d00000|100%| O|  |TAMS 0x0000000080d00000, 0x0000000080c00000| Untracked 
|  13|0x0000000080d00000, 0x0000000080e00000, 0x0000000080e00000|100%|HS|  |TAMS 0x0000000080e00000, 0x0000000080d00000| Complete 
|  14|0x0000000080e00000, 0x0000000080f00000, 0x0000000080f00000|100%|HC|  |TAMS 0x0000000080f00000, 0x0000000080e00000| Complete 
|  15|0x0000000080f00000, 0x0000000081000000, 0x0000000081000000|100%|HS|  |TAMS 0x0000000081000000, 0x0000000080f00000| Complete 
|  16|0x0000000081000000, 0x0000000081100000, 0x0000000081100000|100%|HC|  |TAMS 0x0000000081100000, 0x0000000081000000| Complete 
|  17|0x0000000081100000, 0x0000000081200000, 0x0000000081200000|100%|HC|  |TAMS 0x0000000081200000, 0x0000000081100000| Complete 
|  18|0x0000000081200000, 0x0000000081300000, 0x0000000081300000|100%|HS|  |TAMS 0x0000000081300000, 0x0000000081200000| Complete 
|  19|0x0000000081300000, 0x0000000081400000, 0x0000000081400000|100%|HC|  |TAMS 0x0000000081400000, 0x0000000081300000| Complete 
|  20|0x0000000081400000, 0x0000000081500000, 0x0000000081500000|100%|HC|  |TAMS 0x0000000081500000, 0x0000000081400000| Complete 
|  21|0x0000000081500000, 0x0000000081600000, 0x0000000081600000|100%|HC|  |TAMS 0x0000000081600000, 0x0000000081500000| Complete 
|  22|0x0000000081600000, 0x0000000081700000, 0x0000000081700000|100%| O|  |TAMS 0x0000000081700000, 0x0000000081600000| Untracked 
|  23|0x0000000081700000, 0x0000000081800000, 0x0000000081800000|100%| O|  |TAMS 0x0000000081800000, 0x0000000081700000| Untracked 
|  24|0x0000000081800000, 0x0000000081900000, 0x0000000081900000|100%| O|  |TAMS 0x0000000081900000, 0x0000000081800000| Untracked 
|  25|0x0000000081900000, 0x0000000081a00000, 0x0000000081a00000|100%| O|  |TAMS 0x0000000081a00000, 0x0000000081900000| Untracked 
|  26|0x0000000081a00000, 0x0000000081b00000, 0x0000000081b00000|100%| O|  |TAMS 0x0000000081b00000, 0x0000000081a00000| Untracked 
|  27|0x0000000081b00000, 0x0000000081c00000, 0x0000000081c00000|100%| O|  |TAMS 0x0000000081c00000, 0x0000000081b00000| Untracked 
|  28|0x0000000081c00000, 0x0000000081d00000, 0x0000000081d00000|100%| O|  |TAMS 0x0000000081d00000, 0x0000000081c00000| Untracked 
|  29|0x0000000081d00000, 0x0000000081e00000, 0x0000000081e00000|100%| O|  |TAMS 0x0000000081e00000, 0x0000000081d00000| Untracked 
|  30|0x0000000081e00000, 0x0000000081f00000, 0x0000000081f00000|100%|HS|  |TAMS 0x0000000081f00000, 0x0000000081e00000| Complete 
|  31|0x0000000081f00000, 0x0000000082000000, 0x0000000082000000|100%| O|  |TAMS 0x0000000082000000, 0x0000000081f00000| Untracked 
|  32|0x0000000082000000, 0x0000000082100000, 0x0000000082100000|100%| O|  |TAMS 0x0000000082100000, 0x0000000082000000| Untracked 
|  33|0x0000000082100000, 0x0000000082200000, 0x0000000082200000|100%|HS|  |TAMS 0x0000000082200000, 0x0000000082100000| Complete 
|  34|0x0000000082200000, 0x0000000082300000, 0x0000000082300000|100%|HC|  |TAMS 0x0000000082300000, 0x0000000082200000| Complete 
|  35|0x0000000082300000, 0x0000000082400000, 0x0000000082400000|100%|HC|  |TAMS 0x0000000082400000, 0x0000000082300000| Complete 
|  36|0x0000000082400000, 0x0000000082500000, 0x0000000082500000|100%|HC|  |TAMS 0x0000000082500000, 0x0000000082400000| Complete 
|  37|0x0000000082500000, 0x0000000082600000, 0x0000000082600000|100%|HS|  |TAMS 0x0000000082600000, 0x0000000082500000| Complete 
|  38|0x0000000082600000, 0x0000000082700000, 0x0000000082700000|100%|HC|  |TAMS 0x0000000082700000, 0x0000000082600000| Complete 
|  39|0x0000000082700000, 0x0000000082800000, 0x0000000082800000|100%|HC|  |TAMS 0x0000000082800000, 0x0000000082700000| Complete 
|  40|0x0000000082800000, 0x0000000082900000, 0x0000000082900000|100%| O|  |TAMS 0x0000000082900000, 0x0000000082800000| Untracked 
|  41|0x0000000082900000, 0x0000000082a00000, 0x0000000082a00000|100%|HS|  |TAMS 0x0000000082a00000, 0x0000000082900000| Complete 
|  42|0x0000000082a00000, 0x0000000082b00000, 0x0000000082b00000|100%|HC|  |TAMS 0x0000000082b00000, 0x0000000082a00000| Complete 
|  43|0x0000000082b00000, 0x0000000082c00000, 0x0000000082c00000|100%| O|  |TAMS 0x0000000082c00000, 0x0000000082b00000| Untracked 
|  44|0x0000000082c00000, 0x0000000082d00000, 0x0000000082d00000|100%| O|  |TAMS 0x0000000082d00000, 0x0000000082c00000| Untracked 
|  45|0x0000000082d00000, 0x0000000082e00000, 0x0000000082e00000|100%| O|  |TAMS 0x0000000082e00000, 0x0000000082d00000| Untracked 
|  46|0x0000000082e00000, 0x0000000082f00000, 0x0000000082f00000|100%| O|  |TAMS 0x0000000082f00000, 0x0000000082e00000| Untracked 
|  47|0x0000000082f00000, 0x0000000083000000, 0x0000000083000000|100%| O|  |TAMS 0x0000000083000000, 0x0000000082f00000| Untracked 
|  48|0x0000000083000000, 0x0000000083100000, 0x0000000083100000|100%| O|  |TAMS 0x0000000083100000, 0x0000000083000000| Untracked 
|  49|0x0000000083100000, 0x0000000083200000, 0x0000000083200000|100%| O|  |TAMS 0x0000000083200000, 0x0000000083100000| Untracked 
|  50|0x0000000083200000, 0x0000000083300000, 0x0000000083300000|100%| O|  |TAMS 0x0000000083300000, 0x0000000083200000| Untracked 
|  51|0x0000000083300000, 0x0000000083400000, 0x0000000083400000|100%| O|  |TAMS 0x0000000083400000, 0x0000000083300000| Untracked 
|  52|0x0000000083400000, 0x0000000083500000, 0x0000000083500000|100%| O|  |TAMS 0x0000000083500000, 0x0000000083400000| Untracked 
|  53|0x0000000083500000, 0x0000000083600000, 0x0000000083600000|100%| O|  |TAMS 0x0000000083600000, 0x0000000083500000| Untracked 
|  54|0x0000000083600000, 0x0000000083700000, 0x0000000083700000|100%| O|  |TAMS 0x0000000083700000, 0x0000000083600000| Untracked 
|  55|0x0000000083700000, 0x0000000083800000, 0x0000000083800000|100%| O|  |TAMS 0x0000000083800000, 0x0000000083700000| Untracked 
|  56|0x0000000083800000, 0x0000000083900000, 0x0000000083900000|100%| O|  |TAMS 0x0000000083900000, 0x0000000083800000| Untracked 
|  57|0x0000000083900000, 0x0000000083a00000, 0x0000000083a00000|100%| O|  |TAMS 0x0000000083a00000, 0x0000000083900000| Untracked 
|  58|0x0000000083a00000, 0x0000000083b00000, 0x0000000083b00000|100%| O|  |TAMS 0x0000000083b00000, 0x0000000083a00000| Untracked 
|  59|0x0000000083b00000, 0x0000000083c00000, 0x0000000083c00000|100%| O|  |TAMS 0x0000000083c00000, 0x0000000083b00000| Untracked 
|  60|0x0000000083c00000, 0x0000000083c00000, 0x0000000083d00000|  0%| F|  |TAMS 0x0000000083c00000, 0x0000000083c00000| Untracked 
|  61|0x0000000083d00000, 0x0000000083d4f600, 0x0000000083e00000| 31%| O|  |TAMS 0x0000000083d4f600, 0x0000000083d00000| Untracked 
|  62|0x0000000083e00000, 0x0000000083e00000, 0x0000000083f00000|  0%| F|  |TAMS 0x0000000083e00000, 0x0000000083e00000| Untracked 
|  63|0x0000000083f00000, 0x0000000083f00000, 0x0000000084000000|  0%| F|  |TAMS 0x0000000083f00000, 0x0000000083f00000| Untracked 
|  64|0x0000000084000000, 0x0000000084000000, 0x0000000084100000|  0%| F|  |TAMS 0x0000000084000000, 0x0000000084000000| Untracked 
|  65|0x0000000084100000, 0x0000000084100000, 0x0000000084200000|  0%| F|  |TAMS 0x0000000084100000, 0x0000000084100000| Untracked 
|  66|0x0000000084200000, 0x0000000084200000, 0x0000000084300000|  0%| F|  |TAMS 0x0000000084200000, 0x0000000084200000| Untracked 
|  67|0x0000000084300000, 0x0000000084300000, 0x0000000084400000|  0%| F|  |TAMS 0x0000000084300000, 0x0000000084300000| Untracked 
|  68|0x0000000084400000, 0x0000000084400000, 0x0000000084500000|  0%| F|  |TAMS 0x0000000084400000, 0x0000000084400000| Untracked 
|  69|0x0000000084500000, 0x0000000084500000, 0x0000000084600000|  0%| F|  |TAMS 0x0000000084500000, 0x0000000084500000| Untracked 
|  70|0x0000000084600000, 0x0000000084600000, 0x0000000084700000|  0%| F|  |TAMS 0x0000000084600000, 0x0000000084600000| Untracked 
|  71|0x0000000084700000, 0x0000000084700000, 0x0000000084800000|  0%| F|  |TAMS 0x0000000084700000, 0x0000000084700000| Untracked 
|  72|0x0000000084800000, 0x0000000084800000, 0x0000000084900000|  0%| F|  |TAMS 0x0000000084800000, 0x0000000084800000| Untracked 
|  73|0x0000000084900000, 0x0000000084900000, 0x0000000084a00000|  0%| F|  |TAMS 0x0000000084900000, 0x0000000084900000| Untracked 
|  74|0x0000000084a00000, 0x0000000084a00000, 0x0000000084b00000|  0%| F|  |TAMS 0x0000000084a00000, 0x0000000084a00000| Untracked 
|  75|0x0000000084b00000, 0x0000000084b00000, 0x0000000084c00000|  0%| F|  |TAMS 0x0000000084b00000, 0x0000000084b00000| Untracked 
|  76|0x0000000084c00000, 0x0000000084c00000, 0x0000000084d00000|  0%| F|  |TAMS 0x0000000084c00000, 0x0000000084c00000| Untracked 
|  77|0x0000000084d00000, 0x0000000084d00000, 0x0000000084e00000|  0%| F|  |TAMS 0x0000000084d00000, 0x0000000084d00000| Untracked 
|  78|0x0000000084e00000, 0x0000000084e00000, 0x0000000084f00000|  0%| F|  |TAMS 0x0000000084e00000, 0x0000000084e00000| Untracked 
|  79|0x0000000084f00000, 0x0000000084f00000, 0x0000000085000000|  0%| F|  |TAMS 0x0000000084f00000, 0x0000000084f00000| Untracked 
|  80|0x0000000085000000, 0x0000000085000000, 0x0000000085100000|  0%| F|  |TAMS 0x0000000085000000, 0x0000000085000000| Untracked 
|  81|0x0000000085100000, 0x0000000085100000, 0x0000000085200000|  0%| F|  |TAMS 0x0000000085100000, 0x0000000085100000| Untracked 
|  82|0x0000000085200000, 0x0000000085200000, 0x0000000085300000|  0%| F|  |TAMS 0x0000000085200000, 0x0000000085200000| Untracked 
|  83|0x0000000085300000, 0x0000000085300000, 0x0000000085400000|  0%| F|  |TAMS 0x0000000085300000, 0x0000000085300000| Untracked 
|  84|0x0000000085400000, 0x0000000085400000, 0x0000000085500000|  0%| F|  |TAMS 0x0000000085400000, 0x0000000085400000| Untracked 
|  85|0x0000000085500000, 0x0000000085500000, 0x0000000085600000|  0%| F|  |TAMS 0x0000000085500000, 0x0000000085500000| Untracked 
|  86|0x0000000085600000, 0x0000000085600000, 0x0000000085700000|  0%| F|  |TAMS 0x0000000085600000, 0x0000000085600000| Untracked 
|  87|0x0000000085700000, 0x0000000085700000, 0x0000000085800000|  0%| F|  |TAMS 0x0000000085700000, 0x0000000085700000| Untracked 
|  88|0x0000000085800000, 0x0000000085800000, 0x0000000085900000|  0%| F|  |TAMS 0x0000000085800000, 0x0000000085800000| Untracked 
|  89|0x0000000085900000, 0x0000000085900000, 0x0000000085a00000|  0%| F|  |TAMS 0x0000000085900000, 0x0000000085900000| Untracked 
|  90|0x0000000085a00000, 0x0000000085a00000, 0x0000000085b00000|  0%| F|  |TAMS 0x0000000085a00000, 0x0000000085a00000| Untracked 
|  91|0x0000000085b00000, 0x0000000085c00000, 0x0000000085c00000|100%| S|CS|TAMS 0x0000000085b00000, 0x0000000085b00000| Complete 
|  92|0x0000000085c00000, 0x0000000085d00000, 0x0000000085d00000|100%| S|CS|TAMS 0x0000000085c00000, 0x0000000085c00000| Complete 
|  93|0x0000000085d00000, 0x0000000085e00000, 0x0000000085e00000|100%| S|CS|TAMS 0x0000000085d00000, 0x0000000085d00000| Complete 
|  94|0x0000000085e00000, 0x0000000085f00000, 0x0000000085f00000|100%| S|CS|TAMS 0x0000000085e00000, 0x0000000085e00000| Complete 
|  95|0x0000000085f00000, 0x0000000086000000, 0x0000000086000000|100%| S|CS|TAMS 0x0000000085f00000, 0x0000000085f00000| Complete 
|  96|0x0000000086000000, 0x0000000086100000, 0x0000000086100000|100%| S|CS|TAMS 0x0000000086000000, 0x0000000086000000| Complete 
|  97|0x0000000086100000, 0x0000000086200000, 0x0000000086200000|100%| S|CS|TAMS 0x0000000086100000, 0x0000000086100000| Complete 
|  98|0x0000000086200000, 0x0000000086200000, 0x0000000086300000|  0%| F|  |TAMS 0x0000000086200000, 0x0000000086200000| Untracked 
|  99|0x0000000086300000, 0x0000000086300000, 0x0000000086400000|  0%| F|  |TAMS 0x0000000086300000, 0x0000000086300000| Untracked 
| 100|0x0000000086400000, 0x0000000086400000, 0x0000000086500000|  0%| F|  |TAMS 0x0000000086400000, 0x0000000086400000| Untracked 
| 101|0x0000000086500000, 0x0000000086500000, 0x0000000086600000|  0%| F|  |TAMS 0x0000000086500000, 0x0000000086500000| Untracked 
| 102|0x0000000086600000, 0x0000000086600000, 0x0000000086700000|  0%| F|  |TAMS 0x0000000086600000, 0x0000000086600000| Untracked 
| 103|0x0000000086700000, 0x0000000086700000, 0x0000000086800000|  0%| F|  |TAMS 0x0000000086700000, 0x0000000086700000| Untracked 
| 104|0x0000000086800000, 0x0000000086800000, 0x0000000086900000|  0%| F|  |TAMS 0x0000000086800000, 0x0000000086800000| Untracked 
| 105|0x0000000086900000, 0x0000000086900000, 0x0000000086a00000|  0%| F|  |TAMS 0x0000000086900000, 0x0000000086900000| Untracked 
| 106|0x0000000086a00000, 0x0000000086a00000, 0x0000000086b00000|  0%| F|  |TAMS 0x0000000086a00000, 0x0000000086a00000| Untracked 
| 107|0x0000000086b00000, 0x0000000086b00000, 0x0000000086c00000|  0%| F|  |TAMS 0x0000000086b00000, 0x0000000086b00000| Untracked 
| 108|0x0000000086c00000, 0x0000000086c00000, 0x0000000086d00000|  0%| F|  |TAMS 0x0000000086c00000, 0x0000000086c00000| Untracked 
| 109|0x0000000086d00000, 0x0000000086d00000, 0x0000000086e00000|  0%| F|  |TAMS 0x0000000086d00000, 0x0000000086d00000| Untracked 
| 110|0x0000000086e00000, 0x0000000086e00000, 0x0000000086f00000|  0%| F|  |TAMS 0x0000000086e00000, 0x0000000086e00000| Untracked 
| 111|0x0000000086f00000, 0x0000000086f00000, 0x0000000087000000|  0%| F|  |TAMS 0x0000000086f00000, 0x0000000086f00000| Untracked 
| 112|0x0000000087000000, 0x0000000087000000, 0x0000000087100000|  0%| F|  |TAMS 0x0000000087000000, 0x0000000087000000| Untracked 
| 113|0x0000000087100000, 0x0000000087100000, 0x0000000087200000|  0%| F|  |TAMS 0x0000000087100000, 0x0000000087100000| Untracked 
| 114|0x0000000087200000, 0x0000000087200000, 0x0000000087300000|  0%| F|  |TAMS 0x0000000087200000, 0x0000000087200000| Untracked 
| 115|0x0000000087300000, 0x0000000087300000, 0x0000000087400000|  0%| F|  |TAMS 0x0000000087300000, 0x0000000087300000| Untracked 
| 116|0x0000000087400000, 0x0000000087400000, 0x0000000087500000|  0%| F|  |TAMS 0x0000000087400000, 0x0000000087400000| Untracked 
| 117|0x0000000087500000, 0x0000000087500000, 0x0000000087600000|  0%| F|  |TAMS 0x0000000087500000, 0x0000000087500000| Untracked 
| 118|0x0000000087600000, 0x0000000087600000, 0x0000000087700000|  0%| F|  |TAMS 0x0000000087600000, 0x0000000087600000| Untracked 
| 119|0x0000000087700000, 0x0000000087700000, 0x0000000087800000|  0%| F|  |TAMS 0x0000000087700000, 0x0000000087700000| Untracked 
| 120|0x0000000087800000, 0x0000000087800000, 0x0000000087900000|  0%| F|  |TAMS 0x0000000087800000, 0x0000000087800000| Untracked 
| 121|0x0000000087900000, 0x0000000087900000, 0x0000000087a00000|  0%| F|  |TAMS 0x0000000087900000, 0x0000000087900000| Untracked 
| 122|0x0000000087a00000, 0x0000000087a00000, 0x0000000087b00000|  0%| F|  |TAMS 0x0000000087a00000, 0x0000000087a00000| Untracked 
| 123|0x0000000087b00000, 0x0000000087b00000, 0x0000000087c00000|  0%| F|  |TAMS 0x0000000087b00000, 0x0000000087b00000| Untracked 
| 124|0x0000000087c00000, 0x0000000087c00000, 0x0000000087d00000|  0%| F|  |TAMS 0x0000000087c00000, 0x0000000087c00000| Untracked 
| 125|0x0000000087d00000, 0x0000000087d00000, 0x0000000087e00000|  0%| F|  |TAMS 0x0000000087d00000, 0x0000000087d00000| Untracked 
| 126|0x0000000087e00000, 0x0000000087e00000, 0x0000000087f00000|  0%| F|  |TAMS 0x0000000087e00000, 0x0000000087e00000| Untracked 
| 127|0x0000000087f00000, 0x0000000087f00000, 0x0000000088000000|  0%| F|  |TAMS 0x0000000087f00000, 0x0000000087f00000| Untracked 
| 128|0x0000000088000000, 0x0000000088000000, 0x0000000088100000|  0%| F|  |TAMS 0x0000000088000000, 0x0000000088000000| Untracked 
| 129|0x0000000088100000, 0x0000000088100000, 0x0000000088200000|  0%| F|  |TAMS 0x0000000088100000, 0x0000000088100000| Untracked 
| 130|0x0000000088200000, 0x0000000088200000, 0x0000000088300000|  0%| F|  |TAMS 0x0000000088200000, 0x0000000088200000| Untracked 
| 131|0x0000000088300000, 0x0000000088300000, 0x0000000088400000|  0%| F|  |TAMS 0x0000000088300000, 0x0000000088300000| Untracked 
| 132|0x0000000088400000, 0x0000000088400000, 0x0000000088500000|  0%| F|  |TAMS 0x0000000088400000, 0x0000000088400000| Untracked 
| 133|0x0000000088500000, 0x0000000088500000, 0x0000000088600000|  0%| F|  |TAMS 0x0000000088500000, 0x0000000088500000| Untracked 
| 134|0x0000000088600000, 0x0000000088600000, 0x0000000088700000|  0%| F|  |TAMS 0x0000000088600000, 0x0000000088600000| Untracked 
| 135|0x0000000088700000, 0x0000000088700000, 0x0000000088800000|  0%| F|  |TAMS 0x0000000088700000, 0x0000000088700000| Untracked 
| 136|0x0000000088800000, 0x0000000088800000, 0x0000000088900000|  0%| F|  |TAMS 0x0000000088800000, 0x0000000088800000| Untracked 
| 137|0x0000000088900000, 0x0000000088900000, 0x0000000088a00000|  0%| F|  |TAMS 0x0000000088900000, 0x0000000088900000| Untracked 
| 138|0x0000000088a00000, 0x0000000088a00000, 0x0000000088b00000|  0%| F|  |TAMS 0x0000000088a00000, 0x0000000088a00000| Untracked 
| 139|0x0000000088b00000, 0x0000000088b00000, 0x0000000088c00000|  0%| F|  |TAMS 0x0000000088b00000, 0x0000000088b00000| Untracked 
| 140|0x0000000088c00000, 0x0000000088c00000, 0x0000000088d00000|  0%| F|  |TAMS 0x0000000088c00000, 0x0000000088c00000| Untracked 
| 141|0x0000000088d00000, 0x0000000088d00000, 0x0000000088e00000|  0%| F|  |TAMS 0x0000000088d00000, 0x0000000088d00000| Untracked 
| 142|0x0000000088e00000, 0x0000000088e00000, 0x0000000088f00000|  0%| F|  |TAMS 0x0000000088e00000, 0x0000000088e00000| Untracked 
| 143|0x0000000088f00000, 0x0000000088f00000, 0x0000000089000000|  0%| F|  |TAMS 0x0000000088f00000, 0x0000000088f00000| Untracked 
| 144|0x0000000089000000, 0x0000000089000000, 0x0000000089100000|  0%| F|  |TAMS 0x0000000089000000, 0x0000000089000000| Untracked 
| 145|0x0000000089100000, 0x0000000089100000, 0x0000000089200000|  0%| F|  |TAMS 0x0000000089100000, 0x0000000089100000| Untracked 
| 146|0x0000000089200000, 0x0000000089200000, 0x0000000089300000|  0%| F|  |TAMS 0x0000000089200000, 0x0000000089200000| Untracked 
| 147|0x0000000089300000, 0x0000000089300000, 0x0000000089400000|  0%| F|  |TAMS 0x0000000089300000, 0x0000000089300000| Untracked 
| 148|0x0000000089400000, 0x0000000089400000, 0x0000000089500000|  0%| F|  |TAMS 0x0000000089400000, 0x0000000089400000| Untracked 
| 149|0x0000000089500000, 0x0000000089500000, 0x0000000089600000|  0%| F|  |TAMS 0x0000000089500000, 0x0000000089500000| Untracked 
| 150|0x0000000089600000, 0x0000000089600000, 0x0000000089700000|  0%| F|  |TAMS 0x0000000089600000, 0x0000000089600000| Untracked 
| 151|0x0000000089700000, 0x0000000089700000, 0x0000000089800000|  0%| F|  |TAMS 0x0000000089700000, 0x0000000089700000| Untracked 
| 152|0x0000000089800000, 0x0000000089800000, 0x0000000089900000|  0%| F|  |TAMS 0x0000000089800000, 0x0000000089800000| Untracked 
| 153|0x0000000089900000, 0x0000000089900000, 0x0000000089a00000|  0%| F|  |TAMS 0x0000000089900000, 0x0000000089900000| Untracked 
| 154|0x0000000089a00000, 0x0000000089a00000, 0x0000000089b00000|  0%| F|  |TAMS 0x0000000089a00000, 0x0000000089a00000| Untracked 
| 155|0x0000000089b00000, 0x0000000089b00000, 0x0000000089c00000|  0%| F|  |TAMS 0x0000000089b00000, 0x0000000089b00000| Untracked 
| 156|0x0000000089c00000, 0x0000000089c00000, 0x0000000089d00000|  0%| F|  |TAMS 0x0000000089c00000, 0x0000000089c00000| Untracked 
| 157|0x0000000089d00000, 0x0000000089d00000, 0x0000000089e00000|  0%| F|  |TAMS 0x0000000089d00000, 0x0000000089d00000| Untracked 
| 158|0x0000000089e00000, 0x0000000089e00000, 0x0000000089f00000|  0%| F|  |TAMS 0x0000000089e00000, 0x0000000089e00000| Untracked 
| 159|0x0000000089f00000, 0x0000000089f00000, 0x000000008a000000|  0%| F|  |TAMS 0x0000000089f00000, 0x0000000089f00000| Untracked 
| 160|0x000000008a000000, 0x000000008a000000, 0x000000008a100000|  0%| F|  |TAMS 0x000000008a000000, 0x000000008a000000| Untracked 
| 161|0x000000008a100000, 0x000000008a100000, 0x000000008a200000|  0%| F|  |TAMS 0x000000008a100000, 0x000000008a100000| Untracked 
| 162|0x000000008a200000, 0x000000008a200000, 0x000000008a300000|  0%| F|  |TAMS 0x000000008a200000, 0x000000008a200000| Untracked 
| 163|0x000000008a300000, 0x000000008a300000, 0x000000008a400000|  0%| F|  |TAMS 0x000000008a300000, 0x000000008a300000| Untracked 
| 164|0x000000008a400000, 0x000000008a400000, 0x000000008a500000|  0%| F|  |TAMS 0x000000008a400000, 0x000000008a400000| Untracked 
| 165|0x000000008a500000, 0x000000008a500000, 0x000000008a600000|  0%| F|  |TAMS 0x000000008a500000, 0x000000008a500000| Untracked 
| 166|0x000000008a600000, 0x000000008a600000, 0x000000008a700000|  0%| F|  |TAMS 0x000000008a600000, 0x000000008a600000| Untracked 
| 167|0x000000008a700000, 0x000000008a700000, 0x000000008a800000|  0%| F|  |TAMS 0x000000008a700000, 0x000000008a700000| Untracked 
| 168|0x000000008a800000, 0x000000008a800000, 0x000000008a900000|  0%| F|  |TAMS 0x000000008a800000, 0x000000008a800000| Untracked 
| 169|0x000000008a900000, 0x000000008a900000, 0x000000008aa00000|  0%| F|  |TAMS 0x000000008a900000, 0x000000008a900000| Untracked 
| 170|0x000000008aa00000, 0x000000008aa00000, 0x000000008ab00000|  0%| F|  |TAMS 0x000000008aa00000, 0x000000008aa00000| Untracked 
| 171|0x000000008ab00000, 0x000000008ab00000, 0x000000008ac00000|  0%| F|  |TAMS 0x000000008ab00000, 0x000000008ab00000| Untracked 
| 172|0x000000008ac00000, 0x000000008ac00000, 0x000000008ad00000|  0%| F|  |TAMS 0x000000008ac00000, 0x000000008ac00000| Untracked 
| 173|0x000000008ad00000, 0x000000008ad86be8, 0x000000008ae00000| 52%| E|  |TAMS 0x000000008ad00000, 0x000000008ad00000| Complete 
| 174|0x000000008ae00000, 0x000000008af00000, 0x000000008af00000|100%| E|CS|TAMS 0x000000008ae00000, 0x000000008ae00000| Complete 
| 175|0x000000008af00000, 0x000000008b000000, 0x000000008b000000|100%| E|CS|TAMS 0x000000008af00000, 0x000000008af00000| Complete 
| 176|0x000000008b000000, 0x000000008b100000, 0x000000008b100000|100%| E|CS|TAMS 0x000000008b000000, 0x000000008b000000| Complete 
| 177|0x000000008b100000, 0x000000008b200000, 0x000000008b200000|100%| E|CS|TAMS 0x000000008b100000, 0x000000008b100000| Complete 
| 178|0x000000008b200000, 0x000000008b300000, 0x000000008b300000|100%| E|CS|TAMS 0x000000008b200000, 0x000000008b200000| Complete 
| 179|0x000000008b300000, 0x000000008b400000, 0x000000008b400000|100%| E|CS|TAMS 0x000000008b300000, 0x000000008b300000| Complete 
| 180|0x000000008b400000, 0x000000008b500000, 0x000000008b500000|100%| E|CS|TAMS 0x000000008b400000, 0x000000008b400000| Complete 
| 181|0x000000008b500000, 0x000000008b600000, 0x000000008b600000|100%| E|CS|TAMS 0x000000008b500000, 0x000000008b500000| Complete 
| 182|0x000000008b600000, 0x000000008b700000, 0x000000008b700000|100%| E|CS|TAMS 0x000000008b600000, 0x000000008b600000| Complete 
| 183|0x000000008b700000, 0x000000008b800000, 0x000000008b800000|100%| E|CS|TAMS 0x000000008b700000, 0x000000008b700000| Complete 
| 184|0x000000008b800000, 0x000000008b900000, 0x000000008b900000|100%| E|CS|TAMS 0x000000008b800000, 0x000000008b800000| Complete 

Card table byte_map: [0x00000162fe3b0000,0x00000162fe7b0000] _byte_map_base: 0x00000162fdfb0000

Marking Bits (Prev, Next): (CMBitMap*) 0x00000162fa682318, (CMBitMap*) 0x00000162fa682350
 Prev Bits: [0x000001628f000000, 0x0000016291000000)
 Next Bits: [0x0000016291000000, 0x0000016293000000)

Polling page: 0x00000162f84e0000

Metaspace:

Usage:
  Non-class:     54.51 MB capacity,    53.34 MB ( 98%) used,     1.02 MB (  2%) free+waste,   141.38 KB ( <1%) overhead. 
      Class:      8.34 MB capacity,     7.79 MB ( 93%) used,   502.72 KB (  6%) free+waste,    67.06 KB ( <1%) overhead. 
       Both:     62.85 MB capacity,    61.13 MB ( 97%) used,     1.52 MB (  2%) free+waste,   208.44 KB ( <1%) overhead. 

Virtual space:
  Non-class space:       56.00 MB reserved,      54.59 MB ( 97%) committed 
      Class space:        1.00 GB reserved,       8.40 MB ( <1%) committed 
             Both:        1.05 GB reserved,      62.98 MB (  6%) committed 

Chunk freelists:
   Non-Class:  17.00 KB
       Class:  1.00 KB
        Both:  18.00 KB

MaxMetaspaceSize: 17179869184.00 GB
CompressedClassSpaceSize: 1.00 GB

CodeHeap 'non-profiled nmethods': size=120064Kb used=3293Kb max_used=3293Kb free=116770Kb
 bounds [0x0000016287ac0000, 0x0000016287e00000, 0x000001628f000000]
CodeHeap 'profiled nmethods': size=120000Kb used=12255Kb max_used=12255Kb free=107744Kb
 bounds [0x0000016280590000, 0x0000016281190000, 0x0000016287ac0000]
CodeHeap 'non-nmethods': size=5696Kb used=2239Kb max_used=2281Kb free=3457Kb
 bounds [0x0000016280000000, 0x0000016280270000, 0x0000016280590000]
 total_blobs=6461 nmethods=5637 adapters=735
 compilation: enabled
              stopped_count=0, restarted_count=0
 full_count=0

Compilation events (20 events):
Event: 10.925 Thread 0x00000162ffa3f800 5890       3       org.gradle.internal.operations.DefaultBuildOperationExecutor::run (19 bytes)
Event: 10.926 Thread 0x00000162ffa3f800 nmethod 5890 0x0000016281186110 code [0x00000162811863a0, 0x0000016281187048]
Event: 10.949 Thread 0x000001629686d000 nmethod 5885 0x0000016287df3710 code [0x0000016287df3920, 0x0000016287df4720]
Event: 10.949 Thread 0x000001629686d000 5884       4       java.util.concurrent.ConcurrentHashMap::put (8 bytes)
Event: 10.949 Thread 0x000001629686d000 nmethod 5884 0x0000016287df4e10 code [0x0000016287df4fa0, 0x0000016287df5028]
Event: 10.949 Thread 0x000001629686d000 5886       4       org.objectweb.asm.ByteVector::putInt (74 bytes)
Event: 10.951 Thread 0x000001629686d000 nmethod 5886 0x0000016287df5110 code [0x0000016287df52c0, 0x0000016287df5468]
Event: 10.951 Thread 0x000001629686d000 5883       4       org.objectweb.asm.Type::getDescriptor (93 bytes)
Event: 10.955 Thread 0x00000162ffa3f800 5891       3       com.google.common.base.Preconditions::checkNotNull (14 bytes)
Event: 10.956 Thread 0x00000162ffa3f800 nmethod 5891 0x0000016281187510 code [0x00000162811876e0, 0x00000162811878a8]
Event: 10.966 Thread 0x00000162ffa3f800 5892       1       com.android.build.gradle.internal.publishing.OutputSpecImpl::getOutputType (5 bytes)
Event: 10.966 Thread 0x00000162ffa3f800 nmethod 5892 0x0000016287df5590 code [0x0000016287df5740, 0x0000016287df57f8]
Event: 10.968 Thread 0x00000162ffa3f800 5893       1       com.android.build.gradle.internal.publishing.OutputSpecImpl::getArtifactType (5 bytes)
Event: 10.968 Thread 0x00000162ffa3f800 nmethod 5893 0x0000016287df5890 code [0x0000016287df5a40, 0x0000016287df5af8]
Event: 10.968 Thread 0x00000162ffa3f800 5894       1       com.android.build.gradle.internal.publishing.OutputSpecImpl::getPublishedConfigTypes (5 bytes)
Event: 10.968 Thread 0x00000162ffa3f800 nmethod 5894 0x0000016287df5b90 code [0x0000016287df5d40, 0x0000016287df5df8]
Event: 10.968 Thread 0x00000162ffa3f800 5895       1       com.android.build.gradle.internal.publishing.OutputSpecImpl::getLibraryElements (5 bytes)
Event: 10.968 Thread 0x00000162ffa3f800 nmethod 5895 0x0000016287df5e90 code [0x0000016287df6040, 0x0000016287df60f8]
Event: 10.969 Thread 0x000001629686d000 nmethod 5883 0x0000016287df6190 code [0x0000016287df63e0, 0x0000016287df7040]
Event: 10.981 Thread 0x000001629686d000 5896       4       org.objectweb.asm.MethodWriter::computeAllFrames (510 bytes)

GC Heap History (20 events):
Event: 1.660 GC heap before
{Heap before GC invocations=2 (full 0):
 garbage-first heap   total 131072K, used 37216K [0x0000000080000000, 0x0000000100000000)
  region size 1024K, 30 young (30720K), 1 survivors (1024K)
 Metaspace       used 10626K, capacity 10821K, committed 11008K, reserved 1058816K
  class space    used 1102K, capacity 1164K, committed 1280K, reserved 1048576K
}
Event: 1.664 GC heap after
{Heap after GC invocations=3 (full 0):
 garbage-first heap   total 131072K, used 12746K [0x0000000080000000, 0x0000000100000000)
  region size 1024K, 4 young (4096K), 4 survivors (4096K)
 Metaspace       used 10626K, capacity 10821K, committed 11008K, reserved 1058816K
  class space    used 1102K, capacity 1164K, committed 1280K, reserved 1048576K
}
Event: 3.186 GC heap before
{Heap before GC invocations=3 (full 0):
 garbage-first heap   total 131072K, used 55754K [0x0000000080000000, 0x0000000100000000)
  region size 1024K, 46 young (47104K), 4 survivors (4096K)
 Metaspace       used 19141K, capacity 19581K, committed 19712K, reserved 1067008K
  class space    used 2323K, capacity 2468K, committed 2560K, reserved 1048576K
}
Event: 3.194 GC heap after
{Heap after GC invocations=4 (full 0):
 garbage-first heap   total 131072K, used 15807K [0x0000000080000000, 0x0000000100000000)
  region size 1024K, 4 young (4096K), 4 survivors (4096K)
 Metaspace       used 19141K, capacity 19581K, committed 19712K, reserved 1067008K
  class space    used 2323K, capacity 2468K, committed 2560K, reserved 1048576K
}
Event: 3.306 GC heap before
{Heap before GC invocations=4 (full 0):
 garbage-first heap   total 131072K, used 25023K [0x0000000080000000, 0x0000000100000000)
  region size 1024K, 14 young (14336K), 4 survivors (4096K)
 Metaspace       used 20573K, capacity 21123K, committed 21296K, reserved 1069056K
  class space    used 2513K, capacity 2688K, committed 2688K, reserved 1048576K
}
Event: 3.311 GC heap after
{Heap after GC invocations=5 (full 0):
 garbage-first heap   total 131072K, used 16118K [0x0000000080000000, 0x0000000100000000)
  region size 1024K, 4 young (4096K), 4 survivors (4096K)
 Metaspace       used 20573K, capacity 21123K, committed 21296K, reserved 1069056K
  class space    used 2513K, capacity 2688K, committed 2688K, reserved 1048576K
}
Event: 4.143 GC heap before
{Heap before GC invocations=6 (full 0):
 garbage-first heap   total 131072K, used 79606K [0x0000000080000000, 0x0000000100000000)
  region size 1024K, 58 young (59392K), 4 survivors (4096K)
 Metaspace       used 26184K, capacity 26993K, committed 27184K, reserved 1073152K
  class space    used 3417K, capacity 3652K, committed 3712K, reserved 1048576K
}
Event: 4.152 GC heap after
{Heap after GC invocations=7 (full 0):
 garbage-first heap   total 131072K, used 30380K [0x0000000080000000, 0x0000000100000000)
  region size 1024K, 8 young (8192K), 8 survivors (8192K)
 Metaspace       used 26184K, capacity 26993K, committed 27184K, reserved 1073152K
  class space    used 3417K, capacity 3652K, committed 3712K, reserved 1048576K
}
Event: 4.952 GC heap before
{Heap before GC invocations=7 (full 0):
 garbage-first heap   total 131072K, used 79532K [0x0000000080000000, 0x0000000100000000)
  region size 1024K, 58 young (59392K), 8 survivors (8192K)
 Metaspace       used 34888K, capacity 35660K, committed 35708K, reserved 1081344K
  class space    used 4522K, capacity 4831K, committed 4864K, reserved 1048576K
}
Event: 4.966 GC heap after
{Heap after GC invocations=8 (full 0):
 garbage-first heap   total 131072K, used 34028K [0x0000000080000000, 0x0000000100000000)
  region size 1024K, 4 young (4096K), 4 survivors (4096K)
 Metaspace       used 34888K, capacity 35660K, committed 35708K, reserved 1081344K
  class space    used 4522K, capacity 4831K, committed 4864K, reserved 1048576K
}
Event: 6.043 GC heap before
{Heap before GC invocations=9 (full 0):
 garbage-first heap   total 131072K, used 100588K [0x0000000080000000, 0x0000000100000000)
  region size 1024K, 60 young (61440K), 4 survivors (4096K)
 Metaspace       used 40710K, capacity 41766K, committed 41800K, reserved 1085440K
  class space    used 5214K, capacity 5565K, committed 5580K, reserved 1048576K
}
Event: 6.054 GC heap after
{Heap after GC invocations=10 (full 0):
 garbage-first heap   total 157696K, used 46012K [0x0000000080000000, 0x0000000100000000)
  region size 1024K, 8 young (8192K), 8 survivors (8192K)
 Metaspace       used 40710K, capacity 41766K, committed 41800K, reserved 1085440K
  class space    used 5214K, capacity 5565K, committed 5580K, reserved 1048576K
}
Event: 7.274 GC heap before
{Heap before GC invocations=10 (full 0):
 garbage-first heap   total 157696K, used 118716K [0x0000000080000000, 0x0000000100000000)
  region size 1024K, 79 young (80896K), 8 survivors (8192K)
 Metaspace       used 46345K, capacity 47661K, committed 47816K, reserved 1091584K
  class space    used 5948K, capacity 6349K, committed 6476K, reserved 1048576K
}
Event: 7.291 GC heap after
{Heap after GC invocations=11 (full 0):
 garbage-first heap   total 157696K, used 51040K [0x0000000080000000, 0x0000000100000000)
  region size 1024K, 10 young (10240K), 10 survivors (10240K)
 Metaspace       used 46345K, capacity 47661K, committed 47816K, reserved 1091584K
  class space    used 5948K, capacity 6349K, committed 6476K, reserved 1048576K
}
Event: 8.405 GC heap before
{Heap before GC invocations=11 (full 0):
 garbage-first heap   total 157696K, used 121696K [0x0000000080000000, 0x0000000100000000)
  region size 1024K, 77 young (78848K), 10 survivors (10240K)
 Metaspace       used 52039K, capacity 53430K, committed 53576K, reserved 1095680K
  class space    used 6611K, capacity 7055K, committed 7116K, reserved 1048576K
}
Event: 8.420 GC heap after
{Heap after GC invocations=12 (full 0):
 garbage-first heap   total 157696K, used 60770K [0x0000000080000000, 0x0000000100000000)
  region size 1024K, 10 young (10240K), 10 survivors (10240K)
 Metaspace       used 52039K, capacity 53430K, committed 53576K, reserved 1095680K
  class space    used 6611K, capacity 7055K, committed 7116K, reserved 1048576K
}
Event: 9.427 GC heap before
{Heap before GC invocations=12 (full 0):
 garbage-first heap   total 157696K, used 106850K [0x0000000080000000, 0x0000000100000000)
  region size 1024K, 57 young (58368K), 10 survivors (10240K)
 Metaspace       used 58287K, capacity 59928K, committed 60068K, reserved 1101824K
  class space    used 7417K, capacity 7957K, committed 8012K, reserved 1048576K
}
Event: 9.449 GC heap after
{Heap after GC invocations=13 (full 0):
 garbage-first heap   total 157696K, used 64930K [0x0000000080000000, 0x0000000100000000)
  region size 1024K, 4 young (4096K), 4 survivors (4096K)
 Metaspace       used 58287K, capacity 59928K, committed 60068K, reserved 1101824K
  class space    used 7417K, capacity 7957K, committed 8012K, reserved 1048576K
}
Event: 10.693 GC heap before
{Heap before GC invocations=14 (full 0):
 garbage-first heap   total 157696K, used 118178K [0x0000000080000000, 0x0000000100000000)
  region size 1024K, 56 young (57344K), 4 survivors (4096K)
 Metaspace       used 61130K, capacity 62878K, committed 63088K, reserved 1103872K
  class space    used 7779K, capacity 8349K, committed 8472K, reserved 1048576K
}
Event: 10.713 GC heap after
{Heap after GC invocations=15 (full 0):
 garbage-first heap   total 189440K, used 68925K [0x0000000080000000, 0x0000000100000000)
  region size 1024K, 7 young (7168K), 7 survivors (7168K)
 Metaspace       used 61130K, capacity 62878K, committed 63088K, reserved 1103872K
  class space    used 7779K, capacity 8349K, committed 8472K, reserved 1048576K
}

Deoptimization events (20 events):
Event: 10.201 Thread 0x0000016296300800 Uncommon trap: trap_request=0xffffff4d fr.pc=0x0000016287aca654 relative=0x0000000000000034
Event: 10.201 Thread 0x0000016296300800 Uncommon trap: reason=unstable_if action=reinterpret pc=0x0000016287aca654 method=java.lang.StringLatin1.canEncode(I)Z @ 4 c2
Event: 10.201 Thread 0x0000016296300800 DEOPT PACKING pc=0x0000016287aca654 sp=0x000000063d0f6710
Event: 10.201 Thread 0x0000016296300800 DEOPT UNPACKING pc=0x00000162800274af sp=0x000000063d0f66a0 mode 2
Event: 10.320 Thread 0x0000016296300800 Uncommon trap: trap_request=0xffffff4d fr.pc=0x0000016287ccdaf0 relative=0x00000000000056d0
Event: 10.320 Thread 0x0000016296300800 Uncommon trap: reason=unstable_if action=reinterpret pc=0x0000016287ccdaf0 method=groovy.lang.MetaClassImpl$1MOPIter.methodNameAction(Ljava/lang/Class;Lorg/codehaus/groovy/runtime/metaclass/MetaMethodIndex$Entry;)V @ 182 c2
Event: 10.320 Thread 0x0000016296300800 DEOPT PACKING pc=0x0000016287ccdaf0 sp=0x000000063d0f6bd0
Event: 10.320 Thread 0x0000016296300800 DEOPT UNPACKING pc=0x00000162800274af sp=0x000000063d0f6bd0 mode 2
Event: 10.354 Thread 0x0000016296300800 Uncommon trap: trap_request=0xffffffde fr.pc=0x0000016287bfb800 relative=0x00000000000009a0
Event: 10.354 Thread 0x0000016296300800 Uncommon trap: reason=class_check action=maybe_recompile pc=0x0000016287bfb800 method=java.util.WeakHashMap.eq(Ljava/lang/Object;Ljava/lang/Object;)Z @ 7 c2
Event: 10.354 Thread 0x0000016296300800 DEOPT PACKING pc=0x0000016287bfb800 sp=0x000000063d0f6c10
Event: 10.354 Thread 0x0000016296300800 DEOPT UNPACKING pc=0x00000162800274af sp=0x000000063d0f6b80 mode 2
Event: 10.562 Thread 0x0000016296300800 Uncommon trap: trap_request=0xfffffff4 fr.pc=0x0000016287dd787c relative=0x000000000000095c
Event: 10.562 Thread 0x0000016296300800 Uncommon trap: reason=null_check action=make_not_entrant pc=0x0000016287dd787c method=com.sun.beans.introspect.MethodInfo$MethodOrder.compare(Ljava/lang/reflect/Method;Ljava/lang/reflect/Method;)I @ 133 c2
Event: 10.562 Thread 0x0000016296300800 DEOPT PACKING pc=0x0000016287dd787c sp=0x000000063d0f2bb0
Event: 10.562 Thread 0x0000016296300800 DEOPT UNPACKING pc=0x00000162800274af sp=0x000000063d0f2b50 mode 2
Event: 10.913 Thread 0x0000016296300800 Uncommon trap: trap_request=0xfffffff4 fr.pc=0x0000016287db31c0 relative=0x0000000000000d20
Event: 10.913 Thread 0x0000016296300800 Uncommon trap: reason=null_check action=make_not_entrant pc=0x0000016287db31c0 method=java.lang.ThreadLocal$ThreadLocalMap.getEntryAfterMiss(Ljava/lang/ThreadLocal;ILjava/lang/ThreadLocal$ThreadLocalMap$Entry;)Ljava/lang/ThreadLocal$ThreadLocalMap$Entry; 
Event: 10.913 Thread 0x0000016296300800 DEOPT PACKING pc=0x0000016287db31c0 sp=0x000000063d0f9040
Event: 10.913 Thread 0x0000016296300800 DEOPT UNPACKING pc=0x00000162800274af sp=0x000000063d0f8f10 mode 2

Classes redefined (0 events):
No events

Internal exceptions (20 events):
Event: 10.524 Thread 0x0000016296300800 Exception <a 'java/lang/ClassNotFoundException'{0x000000008661f038}: org/gradle/api/internal/FactoryNamedDomainObjectContainerCustomizer> (0x000000008661f038) thrown at [./src/hotspot/share/classfile/systemDictionary.cpp, line 231]
Event: 10.527 Thread 0x0000016296300800 Exception <a 'java/lang/ClassNotFoundException'{0x0000000086657310}: org/gradle/api/internal/FactoryNamedDomainObjectContainer_DecoratedCustomizer> (0x0000000086657310) thrown at [./src/hotspot/share/classfile/systemDictionary.cpp, line 231]
Event: 10.560 Thread 0x0000016296300800 Exception <a 'java/lang/ClassNotFoundException'{0x00000000865d11e8}: com/android/build/gradle/internal/dsl/BuildType_DecoratedBeanInfo> (0x00000000865d11e8) thrown at [./src/hotspot/share/classfile/systemDictionary.cpp, line 231]
Event: 10.561 Thread 0x0000016296300800 Exception <a 'java/lang/ClassNotFoundException'{0x00000000865e8de0}: com/android/build/gradle/internal/dsl/BuildTypeBeanInfo> (0x00000000865e8de0) thrown at [./src/hotspot/share/classfile/systemDictionary.cpp, line 231]
Event: 10.561 Thread 0x0000016296300800 Exception <a 'java/lang/ClassNotFoundException'{0x0000000086400200}: com/android/builder/core/AbstractBuildTypeBeanInfo> (0x0000000086400200) thrown at [./src/hotspot/share/classfile/systemDictionary.cpp, line 231]
Event: 10.562 Thread 0x0000016296300800 Exception <a 'java/lang/ClassNotFoundException'{0x0000000086417ca8}: com/android/builder/core/AbstractBuildTypeCustomizer> (0x0000000086417ca8) thrown at [./src/hotspot/share/classfile/systemDictionary.cpp, line 231]
Event: 10.562 Thread 0x0000016296300800 Implicit null exception at 0x0000016287dd7243 to 0x0000016287dd7868
Event: 10.564 Thread 0x0000016296300800 Exception <a 'java/lang/ClassNotFoundException'{0x000000008644bdd8}: com/android/build/gradle/internal/dsl/BuildTypeCustomizer> (0x000000008644bdd8) thrown at [./src/hotspot/share/classfile/systemDictionary.cpp, line 231]
Event: 10.568 Thread 0x0000016296300800 Exception <a 'java/lang/ClassNotFoundException'{0x00000000864d2eb8}: com/android/build/gradle/internal/dsl/BuildType_DecoratedCustomizer> (0x00000000864d2eb8) thrown at [./src/hotspot/share/classfile/systemDictionary.cpp, line 231]
Event: 10.623 Thread 0x0000016296300800 Exception <a 'java/lang/ClassNotFoundException'{0x0000000086393c00}: build_eno2p63z4qkzy7o2fyg5xpjpk$_run_closure1$_closure4BeanInfo> (0x0000000086393c00) thrown at [./src/hotspot/share/classfile/systemDictionary.cpp, line 231]
Event: 10.624 Thread 0x0000016296300800 Exception <a 'java/lang/ClassNotFoundException'{0x00000000863a4008}: build_eno2p63z4qkzy7o2fyg5xpjpk$_run_closure1$_closure4Customizer> (0x00000000863a4008) thrown at [./src/hotspot/share/classfile/systemDictionary.cpp, line 231]
Event: 10.631 Thread 0x0000016296300800 Exception <a 'java/lang/ClassNotFoundException'{0x00000000863d1020}: build_eno2p63z4qkzy7o2fyg5xpjpk$_run_closure1BeanInfo> (0x00000000863d1020) thrown at [./src/hotspot/share/classfile/systemDictionary.cpp, line 231]
Event: 10.632 Thread 0x0000016296300800 Exception <a 'java/lang/ClassNotFoundException'{0x00000000863e0b88}: build_eno2p63z4qkzy7o2fyg5xpjpk$_run_closure1Customizer> (0x00000000863e0b88) thrown at [./src/hotspot/share/classfile/systemDictionary.cpp, line 231]
Event: 10.684 Thread 0x0000016296300800 Exception <a 'java/lang/ClassNotFoundException'{0x0000000086231a98}: org/gradle/api/JavaVersionBeanInfo> (0x0000000086231a98) thrown at [./src/hotspot/share/classfile/systemDictionary.cpp, line 231]
Event: 10.685 Thread 0x0000016296300800 Exception <a 'java/lang/ClassNotFoundException'{0x0000000086256718}: org/gradle/api/JavaVersionCustomizer> (0x0000000086256718) thrown at [./src/hotspot/share/classfile/systemDictionary.cpp, line 231]
Event: 10.690 Thread 0x0000016296300800 Exception <a 'java/lang/ClassNotFoundException'{0x00000000862a9818}: com/android/build/gradle/internal/CompileOptions_DecoratedBeanInfo> (0x00000000862a9818) thrown at [./src/hotspot/share/classfile/systemDictionary.cpp, line 231]
Event: 10.691 Thread 0x0000016296300800 Exception <a 'java/lang/ClassNotFoundException'{0x00000000862c0180}: com/android/build/gradle/internal/CompileOptionsBeanInfo> (0x00000000862c0180) thrown at [./src/hotspot/share/classfile/systemDictionary.cpp, line 231]
Event: 10.692 Thread 0x0000016296300800 Exception <a 'java/lang/ClassNotFoundException'{0x00000000862d7148}: com/android/build/gradle/internal/CompileOptionsCustomizer> (0x00000000862d7148) thrown at [./src/hotspot/share/classfile/systemDictionary.cpp, line 231]
Event: 10.693 Thread 0x0000016296300800 Exception <a 'java/lang/ClassNotFoundException'{0x00000000862fa8d0}: com/android/build/gradle/internal/CompileOptions_DecoratedCustomizer> (0x00000000862fa8d0) thrown at [./src/hotspot/share/classfile/systemDictionary.cpp, line 231]
Event: 10.913 Thread 0x0000016296300800 Implicit null exception at 0x0000016287db257f to 0x0000016287db31a0

Events (20 events):
Event: 10.975 loading class org/gradle/api/resources/TextResourceFactory
Event: 10.975 loading class org/gradle/api/resources/TextResourceFactory done
Event: 10.975 loading class org/gradle/api/internal/resources/StringBackedTextResource
Event: 10.976 loading class org/gradle/api/internal/resources/StringBackedTextResource done
Event: 10.976 loading class org/gradle/api/resources/internal/TextResourceInternal
Event: 10.976 loading class org/gradle/api/resources/internal/TextResourceInternal done
Event: 10.978 loading class com/android/build/gradle/internal/variant/BaseVariantData$allRawAndroidResources$2
Event: 10.978 loading class com/android/build/gradle/internal/variant/BaseVariantData$allRawAndroidResources$2 done
Event: 10.979 loading class com/android/build/api/variant/impl/MutableDependenciesInfoImpl
Event: 10.979 loading class com/android/build/api/variant/impl/MutableDependenciesInfoImpl done
Event: 10.980 loading class com/android/build/gradle/internal/services/VariantApiServices$Value
Event: 10.980 loading class com/android/build/gradle/internal/services/VariantApiServices$Value done
Event: 10.983 loading class com/android/build/gradle/internal/services/VariantApiServicesImpl$ValueImpl
Event: 10.983 loading class com/android/build/gradle/internal/services/VariantApiServicesImpl$ValueImpl done
Event: 10.988 loading class com/android/build/api/component/impl/ApkCreationConfigImpl
Event: 10.988 loading class com/android/build/api/component/impl/ApkCreationConfigImpl done
Event: 10.988 loading class com/android/build/api/component/impl/ConsumableCreationConfigImpl
Event: 10.988 loading class com/android/build/api/component/impl/ConsumableCreationConfigImpl done
Event: 10.989 loading class com/android/build/api/variant/AaptOptions
Event: 10.989 loading class com/android/build/api/variant/AaptOptions done


Dynamic libraries:
0x00007ff67d5b0000 - 0x00007ff67d5ba000 	E:\Program Files\Android\Android Studio\jre\bin\java.exe
0x00007fff18340000 - 0x00007fff18530000 	C:\Windows\SYSTEM32\ntdll.dll
0x00007ffecbad0000 - 0x00007ffecbb04000 	C:\Program Files\AVAST Software\Avast\x64\aswhooka.dll
0x00007fff16530000 - 0x00007fff165e2000 	C:\Windows\System32\KERNEL32.DLL
0x00007fff15490000 - 0x00007fff15735000 	C:\Windows\System32\KERNELBASE.dll
0x00007fff162f0000 - 0x00007fff163ea000 	C:\Windows\System32\ucrtbase.dll
0x00007ffefce20000 - 0x00007ffefce39000 	E:\Program Files\Android\Android Studio\jre\bin\jli.dll
0x00007fff165f0000 - 0x00007fff16784000 	C:\Windows\System32\USER32.dll
0x00007fff15a40000 - 0x00007fff15a61000 	C:\Windows\System32\win32u.dll
0x00007fff18130000 - 0x00007fff18156000 	C:\Windows\System32\GDI32.dll
0x00007fff15850000 - 0x00007fff159e6000 	C:\Windows\System32\gdi32full.dll
0x00007fff16200000 - 0x00007fff1629e000 	C:\Windows\System32\msvcp_win.dll
0x00007ffefb4a0000 - 0x00007ffefb4b7000 	E:\Program Files\Android\Android Studio\jre\bin\VCRUNTIME140.dll
0x00007fff02ec0000 - 0x00007fff03144000 	C:\Windows\WinSxS\amd64_microsoft.windows.common-controls_6595b64144ccf1df_6.0.18362.1256_none_9e7e379be45e40e2\COMCTL32.dll
0x00007fff167f0000 - 0x00007fff1688e000 	C:\Windows\System32\msvcrt.dll
0x00007fff179c0000 - 0x00007fff17cf6000 	C:\Windows\System32\combase.dll
0x00007fff17730000 - 0x00007fff17850000 	C:\Windows\System32\RPCRT4.dll
0x00007fff15400000 - 0x00007fff15481000 	C:\Windows\System32\bcryptPrimitives.dll
0x00007fff17d60000 - 0x00007fff17d8e000 	C:\Windows\System32\IMM32.DLL
0x00007ffef7030000 - 0x00007ffef70cd000 	E:\Program Files\Android\Android Studio\jre\bin\msvcp140.dll
0x00007ffeae6b0000 - 0x00007ffeaf16c000 	E:\Program Files\Android\Android Studio\jre\bin\server\jvm.dll
0x00007fff17ed0000 - 0x00007fff17f73000 	C:\Windows\System32\ADVAPI32.dll
0x00007fff17920000 - 0x00007fff179b7000 	C:\Windows\System32\sechost.dll
0x00007fff17230000 - 0x00007fff17238000 	C:\Windows\System32\PSAPI.DLL
0x00007ffee8170000 - 0x00007ffee8179000 	C:\Windows\SYSTEM32\WSOCK32.dll
0x00007fff17d90000 - 0x00007fff17dff000 	C:\Windows\System32\WS2_32.dll
0x00007fff12da0000 - 0x00007fff12dc4000 	C:\Windows\SYSTEM32\WINMM.dll
0x00007fff0d990000 - 0x00007fff0d99a000 	C:\Windows\SYSTEM32\VERSION.dll
0x00007fff12920000 - 0x00007fff1294d000 	C:\Windows\SYSTEM32\WINMMBASE.dll
0x00007fff159f0000 - 0x00007fff15a3a000 	C:\Windows\System32\cfgmgr32.dll
0x00007fff151f0000 - 0x00007fff15201000 	C:\Windows\System32\kernel.appcore.dll
0x00007fff12fb0000 - 0x00007fff12fc1000 	E:\Program Files\Android\Android Studio\jre\bin\verify.dll
0x00007fff13a80000 - 0x00007fff13c74000 	C:\Windows\SYSTEM32\DBGHELP.DLL
0x00007fff029b0000 - 0x00007fff029da000 	C:\Windows\SYSTEM32\dbgcore.DLL
0x00007fff12f80000 - 0x00007fff12fa9000 	E:\Program Files\Android\Android Studio\jre\bin\java.dll
0x00007fff12f70000 - 0x00007fff12f7b000 	E:\Program Files\Android\Android Studio\jre\bin\jimage.dll
0x00007fff12f50000 - 0x00007fff12f68000 	E:\Program Files\Android\Android Studio\jre\bin\zip.dll
0x00007fff169e0000 - 0x00007fff170c7000 	C:\Windows\System32\SHELL32.dll
0x00007fff18250000 - 0x00007fff182f9000 	C:\Windows\System32\shcore.dll
0x00007fff15a70000 - 0x00007fff161f1000 	C:\Windows\System32\windows.storage.dll
0x00007fff15230000 - 0x00007fff15253000 	C:\Windows\System32\profapi.dll
0x00007fff15260000 - 0x00007fff152aa000 	C:\Windows\System32\powrprof.dll
0x00007fff151e0000 - 0x00007fff151f0000 	C:\Windows\System32\UMPDC.dll
0x00007fff17d00000 - 0x00007fff17d52000 	C:\Windows\System32\shlwapi.dll
0x00007fff162d0000 - 0x00007fff162e7000 	C:\Windows\System32\cryptsp.dll
0x00007fff12f30000 - 0x00007fff12f4a000 	E:\Program Files\Android\Android Studio\jre\bin\net.dll
0x00007fff057a0000 - 0x00007fff05890000 	C:\Windows\SYSTEM32\WINHTTP.dll
0x00007fff149d0000 - 0x00007fff14a37000 	C:\Windows\system32\mswsock.dll
0x00007fff12f10000 - 0x00007fff12f24000 	E:\Program Files\Android\Android Studio\jre\bin\nio.dll
0x00007ffeff7c0000 - 0x00007ffeff7e7000 	C:\Users\hp\.gradle\native\fdc75f09e3144964f2cf3f50f0aa648679c211496f362492102eb8c894070792\windows-amd64\native-platform.dll
0x00007ffefa9c0000 - 0x00007ffefab56000 	C:\Users\hp\.gradle\native\12488b8bf47d2d4c9fbf2f6322a914ad602e24e48041cd04a747c6da556b65c4\windows-amd64\native-platform-file-events.dll
0x00007fff12f00000 - 0x00007fff12f0a000 	E:\Program Files\Android\Android Studio\jre\bin\management.dll
0x00007fff0f3e0000 - 0x00007fff0f3ec000 	E:\Program Files\Android\Android Studio\jre\bin\management_ext.dll
0x00007fff14540000 - 0x00007fff14573000 	C:\Windows\system32\rsaenh.dll
0x00007fff162a0000 - 0x00007fff162c6000 	C:\Windows\System32\bcrypt.dll
0x00007fff15100000 - 0x00007fff15125000 	C:\Windows\SYSTEM32\USERENV.dll
0x00007fff14ba0000 - 0x00007fff14bac000 	C:\Windows\SYSTEM32\CRYPTBASE.dll
0x00007fff146e0000 - 0x00007fff1471a000 	C:\Windows\SYSTEM32\IPHLPAPI.DLL
0x00007fff16520000 - 0x00007fff16528000 	C:\Windows\System32\NSI.dll
0x00007fff05f50000 - 0x00007fff05f66000 	C:\Windows\SYSTEM32\dhcpcsvc6.DLL
0x00007fff05fa0000 - 0x00007fff05fbc000 	C:\Windows\SYSTEM32\dhcpcsvc.DLL
0x00007fff14720000 - 0x00007fff147eb000 	C:\Windows\SYSTEM32\DNSAPI.dll
0x00007fff066d0000 - 0x00007fff066db000 	C:\Windows\SYSTEM32\WINNSI.DLL

dbghelp: loaded successfully - version: 4.0.5 - missing functions: none
symbol engine: initialized successfully - sym options: 0x614 - pdb path: .;E:\Program Files\Android\Android Studio\jre\bin;C:\Windows\SYSTEM32;C:\Program Files\AVAST Software\Avast\x64;C:\Windows\WinSxS\amd64_microsoft.windows.common-controls_6595b64144ccf1df_6.0.18362.1256_none_9e7e379be45e40e2;E:\Program Files\Android\Android Studio\jre\bin\server;C:\Users\hp\.gradle\native\fdc75f09e3144964f2cf3f50f0aa648679c211496f362492102eb8c894070792\windows-amd64;C:\Users\hp\.gradle\native\12488b8bf47d2d4c9fbf2f6322a914ad602e24e48041cd04a747c6da556b65c4\windows-amd64

VM Arguments:
jvm_args: --add-opens=java.base/java.util=ALL-UNNAMED --add-opens=java.base/java.lang=ALL-UNNAMED --add-opens=java.base/java.lang.invoke=ALL-UNNAMED --add-opens=java.prefs/java.util.prefs=ALL-UNNAMED -Xmx2048m -Dfile.encoding=UTF-8 -Duser.country=US -Duser.language=en -Duser.variant 
java_command: org.gradle.launcher.daemon.bootstrap.GradleDaemon 6.7.1
java_class_path (initial): C:\Users\hp\.gradle\wrapper\dists\gradle-6.7.1-bin\bwlcbys1h7rz3272sye1xwiv6\gradle-6.7.1\lib\gradle-launcher-6.7.1.jar
Launcher Type: SUN_STANDARD

[Global flags]
     intx CICompilerCount                          = 3                                         {product} {ergonomic}
     uint ConcGCThreads                            = 1                                         {product} {ergonomic}
     uint G1ConcRefinementThreads                  = 4                                         {product} {ergonomic}
   size_t G1HeapRegionSize                         = 1048576                                   {product} {ergonomic}
    uintx GCDrainStackTargetSize                   = 64                                        {product} {ergonomic}
   size_t InitialHeapSize                          = 134217728                                 {product} {ergonomic}
   size_t MarkStackSize                            = 4194304                                   {product} {ergonomic}
   size_t MaxHeapSize                              = 2147483648                                {product} {command line}
   size_t MaxNewSize                               = 1287651328                                {product} {ergonomic}
   size_t MinHeapDeltaBytes                        = 1048576                                   {product} {ergonomic}
    uintx NonNMethodCodeHeapSize                   = 5830732                                {pd product} {ergonomic}
    uintx NonProfiledCodeHeapSize                  = 122913754                              {pd product} {ergonomic}
    uintx ProfiledCodeHeapSize                     = 122913754                              {pd product} {ergonomic}
    uintx ReservedCodeCacheSize                    = 251658240                              {pd product} {ergonomic}
     bool SegmentedCodeCache                       = true                                      {product} {ergonomic}
     bool UseCompressedClassPointers               = true                                 {lp64_product} {ergonomic}
     bool UseCompressedOops                        = true                                 {lp64_product} {ergonomic}
     bool UseG1GC                                  = true                                      {product} {ergonomic}
     bool UseLargePagesIndividualAllocation        = false                                  {pd product} {ergonomic}

Logging:
Log output configuration:
 #0: stdout all=warning uptime,level,tags
 #1: stderr all=off uptime,level,tags

Environment Variables:
JAVA_HOME=C:\Program Files\Java\jdk-17.0.1
PATH=C:\ffmpeg\bin;C:\Program Files\Common Files\Oracle\Java\javapath;C:\Python310\Scripts\;C:\Python310\;C:\ProgramData\Oracle\Java\javapath;C:\Windows\system32;C:\Windows;C:\Windows\System32\Wbem;C:\Windows\System32\WindowsPowerShell\v1.0\;C:\Windows\System32\OpenSSH\;C:\Program Files\Java\jdk-17\bin;C:\Program Files\Microsoft SQL Server\Client SDK\ODBC\110\Tools\Binn\;C:\Program Files\Microsoft SQL Server\Client SDK\ODBC\170\Tools\Binn\;C:\ProgramData\chocolatey\bin;C:\Program Files\Java\jdk-17.0.1\bin;C:\Program Files\Azure Data Studio\bin;C:\Program Files\dotnet\;C:\Program Files\Git\cmd;C:\Program Files\nodejs\;C:\Users\hp\AppData\Local\Microsoft\WindowsApps;D:\Microsoft VS Code\bin;C:\Users\hp\AppData\Local\Android\Sdk\platform-tools;C:\Program Files (x86)\Microsoft SQL Server\150\DTS\Binn\;C:\Program Files (x86)\Microsoft SQL Server\150\Tools\Binn\;C:\Program Files\Microsoft SQL Server\150\Tools\Binn\;C:\Program Files\Microsoft SQL Server\150\DTS\Binn\;C:\Users\hp\AppData\Local\Microsoft\WindowsApps;D:\Microsoft VS Code\bin;C:\Program Files\Azure Data Studio\bin;C:\Users\hp\AppData\Local\Android\Sdk\platform-tools;;C:\Users\hp\AppData\Local\Programs\Microsoft VS Code\bin;C:\Users\hp\.dotnet\tools;C:\Users\hp\AppData\Roaming\npm
USERNAME=hp
OS=Windows_NT
PROCESSOR_IDENTIFIER=Intel64 Family 6 Model 142 Stepping 9, GenuineIntel



---------------  S Y S T E M  ---------------

OS: Windows 10 , 64 bit Build 18362 (10.0.18362.1110)
OS uptime: 0 days 0:32 hours

CPU:total 4 (initial active 4) (2 cores per cpu, 2 threads per core) family 6 model 142 stepping 9, cmov, cx8, fxsr, mmx, sse, sse2, sse3, ssse3, sse4.1, sse4.2, popcnt, avx, avx2, aes, clmul, erms, 3dnowpref, lzcnt, ht, tsc, tscinvbit, bmi1, bmi2, adx, fma

Memory: 4k page, system-wide physical 8078M (532M free)
TotalPageFile size 8078M (AvailPageFile size 4M)
current process WorkingSet (physical memory assigned to process): 369M, peak: 369M
current process commit charge ("private bytes"): 422M, peak: 422M

vm_info: OpenJDK 64-Bit Server VM (11.0.8+10-b944.6842174) for windows-amd64 JRE (11.0.8+10-b944.6842174), built on Sep 19 2020 01:11:42 by "builder" with MS VC++ 14.0 (VS2015)

END.
