#
# There is insufficient memory for the Java Runtime Environment to continue.
# Native memory allocation (malloc) failed to allocate 1829456 bytes for Chunk::new
# Possible reasons:
#   The system is out of physical RAM or swap space
#   The process is running with CompressedOops enabled, and the Java Heap may be blocking the growth of the native heap
# Possible solutions:
#   Reduce memory load on the system
#   Increase physical memory or swap space
#   Check if swap backing store is full
#   Decrease Java heap size (-Xmx/-Xms)
#   Decrease number of Java threads
#   Decrease Java thread stack sizes (-Xss)
#   Set larger code cache with -XX:ReservedCodeCacheSize=
#   JVM is running with Unscaled Compressed Oops mode in which the Java heap is
#     placed in the first 4GB address space. The Java Heap base address is the
#     maximum limit for the native heap growth. Please use -XX:HeapBaseMinAddress
#     to set the Java Heap base and to place the Java Heap above 4GB virtual address.
# This output file may be truncated or incomplete.
#
#  Out of Memory Error (./src/hotspot/share/memory/arena.cpp:197), pid=4948, tid=11636
#
# JRE version: OpenJDK Runtime Environment (11.0.8+10) (build 11.0.8+10-b944.6842174)
# Java VM: OpenJDK 64-Bit Server VM (11.0.8+10-b944.6842174, mixed mode, tiered, compressed oops, g1 gc, windows-amd64)
# No core dump will be written. Minidumps are not enabled by default on client versions of Windows
#

---------------  S U M M A R Y ------------

Command Line: --add-opens=java.base/java.util=ALL-UNNAMED --add-opens=java.base/java.lang=ALL-UNNAMED --add-opens=java.base/java.lang.invoke=ALL-UNNAMED --add-opens=java.prefs/java.util.prefs=ALL-UNNAMED -Xmx2048m -Dfile.encoding=UTF-8 -Duser.country=US -Duser.language=en -Duser.variant org.gradle.launcher.daemon.bootstrap.GradleDaemon 6.7.1

Host: Intel(R) Core(TM) i5-7200U CPU @ 2.50GHz, 4 cores, 7G,  Windows 10 , 64 bit Build 18362 (10.0.18362.1110)
Time: Mon May 23 18:17:15 2022 Morocco Daylight Time elapsed time: 9 seconds (0d 0h 0m 9s)

---------------  T H R E A D  ---------------

Current thread (0x0000024eee172000):  JavaThread "C2 CompilerThread1" daemon [_thread_in_native, id=11636, stack(0x000000d22b600000,0x000000d22b700000)]


Current CompileTask:
C2:   9452 5202   !   4       java.net.URLClassLoader$1::run (63 bytes)

Stack: [0x000000d22b600000,0x000000d22b700000]
Native frames: (J=compiled Java code, j=interpreted, Vv=VM code, C=native code)
V  [jvm.dll+0x5de50a]
V  [jvm.dll+0x7122f5]
V  [jvm.dll+0x71384d]
V  [jvm.dll+0x713f03]
V  [jvm.dll+0x23e728]
V  [jvm.dll+0xb899c]
V  [jvm.dll+0xb8e9c]
V  [jvm.dll+0x35020b]
V  [jvm.dll+0x31dea3]
V  [jvm.dll+0x31d39a]
V  [jvm.dll+0x1f7702]
V  [jvm.dll+0x1f68d4]
V  [jvm.dll+0x17f32c]
V  [jvm.dll+0x205047]
V  [jvm.dll+0x203891]
V  [jvm.dll+0x6dad3f]
V  [jvm.dll+0x6d3895]
V  [jvm.dll+0x5dd4a6]
C  [ucrtbase.dll+0x210b2]
C  [KERNEL32.DLL+0x17c24]
C  [ntdll.dll+0x6d4d1]


---------------  P R O C E S S  ---------------

Threads class SMR info:
_java_thread_list=0x0000024ef30ca940, length=134, elements={
0x0000024ed041f800, 0x0000024eebe0b800, 0x0000024eebe0d000, 0x0000024eec782800,
0x0000024eec783800, 0x0000024eec785800, 0x0000024eec7d3000, 0x0000024eec7e7800,
0x0000024eec8d6000, 0x0000024eec8e8000, 0x0000024eee118000, 0x0000024eed9c9000,
0x0000024eecb4c800, 0x0000024eee273800, 0x0000024eed5fe000, 0x0000024eed71e800,
0x0000024eedc01800, 0x0000024eee172000, 0x0000024eee0db000, 0x0000024eee5d0800,
0x0000024eede07800, 0x0000024eee16d000, 0x0000024eee16c000, 0x0000024eee16f800,
0x0000024eee16e000, 0x0000024eee171000, 0x0000024eee172800, 0x0000024eee16e800,
0x0000024eee170000, 0x0000024ef0b88000, 0x0000024ef0b89000, 0x0000024ef0b8a000,
0x0000024ef0b87800, 0x0000024ef0b8a800, 0x0000024ef0b8b800, 0x0000024ef0b85800,
0x0000024ef0b8c800, 0x0000024ef0b86800, 0x0000024ef0b8f800, 0x0000024ef0b93000,
0x0000024ef0b8e800, 0x0000024ef0b92000, 0x0000024ef0b8e000, 0x0000024ef0b8d000,
0x0000024ef0b90800, 0x0000024ef0b93800, 0x0000024ef0b91000, 0x0000024ef0b94800,
0x0000024ef1254800, 0x0000024ef1250800, 0x0000024ef1252000, 0x0000024ef1253800,
0x0000024ef124f800, 0x0000024ef124e800, 0x0000024ef1257000, 0x0000024ef125b000,
0x0000024ef1259000, 0x0000024ef1256000, 0x0000024ef1255000, 0x0000024ef125a000,
0x0000024ef125b800, 0x0000024ef125c800, 0x0000024ef1258800, 0x0000024ef125d800,
0x0000024ef1257800, 0x0000024ef154a800, 0x0000024ef154a000, 0x0000024ef154b800,
0x0000024ef1549000, 0x0000024ef1545800, 0x0000024ef1547800, 0x0000024ef154c000,
0x0000024ef1548000, 0x0000024ef1546800, 0x0000024ef30a6000, 0x0000024ef30a8800,
0x0000024ef30a2800, 0x0000024ef30a4000, 0x0000024ef30a9000, 0x0000024ef30a6800,
0x0000024ef30a3800, 0x0000024ef30a5000, 0x0000024ef30ad000, 0x0000024ef30aa000,
0x0000024ef30a7800, 0x0000024ef30ae000, 0x0000024ef30af000, 0x0000024ef30af800,
0x0000024ef30b0800, 0x0000024ef30aa800, 0x0000024ef30b1800, 0x0000024ef30ab800,
0x0000024ef30ac800, 0x0000024ef169d800, 0x0000024ef16a0000, 0x0000024ef16a1800,
0x0000024ef169c800, 0x0000024ef16a2800, 0x0000024ef16a3800, 0x0000024ef16a4000,
0x0000024ef169e800, 0x0000024ef16a5000, 0x0000024ef169f000, 0x0000024ef16a1000,
0x0000024ef16a7800, 0x0000024ef16a6800, 0x0000024ef16aa800, 0x0000024ef16a9000,
0x0000024ef16a8000, 0x0000024ef16aa000, 0x0000024ef16ab800, 0x0000024ef16a5800,
0x0000024ef314a800, 0x0000024ef314a000, 0x0000024ef314b800, 0x0000024ef314c800,
0x0000024ef314d000, 0x0000024ef314e000, 0x0000024ef3148000, 0x0000024ef314e800,
0x0000024ef3149000, 0x0000024ef3151000, 0x0000024ef3152000, 0x0000024ef3150800,
0x0000024ef3153800, 0x0000024ef314f800, 0x0000024ef3153000, 0x0000024ef3154800,
0x0000024ef3155000, 0x0000024ef3156000, 0x0000024ef3157000, 0x0000024ef287a800,
0x0000024ef287f800, 0x0000024ef2879800
}

Java Threads: ( => current thread )
  0x0000024ed041f800 JavaThread "main" [_thread_blocked, id=3328, stack(0x000000d229900000,0x000000d229a00000)]
  0x0000024eebe0b800 JavaThread "Reference Handler" daemon [_thread_blocked, id=12228, stack(0x000000d22a000000,0x000000d22a100000)]
  0x0000024eebe0d000 JavaThread "Finalizer" daemon [_thread_blocked, id=10136, stack(0x000000d22a100000,0x000000d22a200000)]
  0x0000024eec782800 JavaThread "Signal Dispatcher" daemon [_thread_blocked, id=6892, stack(0x000000d22a200000,0x000000d22a300000)]
  0x0000024eec783800 JavaThread "Attach Listener" daemon [_thread_blocked, id=1372, stack(0x000000d22a300000,0x000000d22a400000)]
  0x0000024eec785800 JavaThread "C2 CompilerThread0" daemon [_thread_in_native, id=11440, stack(0x000000d22a400000,0x000000d22a500000)]
  0x0000024eec7d3000 JavaThread "C1 CompilerThread0" daemon [_thread_blocked, id=5100, stack(0x000000d22a500000,0x000000d22a600000)]
  0x0000024eec7e7800 JavaThread "Sweeper thread" daemon [_thread_blocked, id=2024, stack(0x000000d22a600000,0x000000d22a700000)]
  0x0000024eec8d6000 JavaThread "Common-Cleaner" daemon [_thread_blocked, id=7400, stack(0x000000d22a700000,0x000000d22a800000)]
  0x0000024eec8e8000 JavaThread "Service Thread" daemon [_thread_blocked, id=3672, stack(0x000000d22a800000,0x000000d22a900000)]
  0x0000024eee118000 JavaThread "Daemon health stats" [_thread_blocked, id=11404, stack(0x000000d22ad00000,0x000000d22ae00000)]
  0x0000024eed9c9000 JavaThread "Incoming local TCP Connector on port 51019" [_thread_in_native, id=10212, stack(0x000000d22af00000,0x000000d22b000000)]
  0x0000024eecb4c800 JavaThread "Daemon periodic checks" [_thread_blocked, id=3928, stack(0x000000d22b000000,0x000000d22b100000)]
  0x0000024eee273800 JavaThread "Daemon" [_thread_blocked, id=12144, stack(0x000000d22b100000,0x000000d22b200000)]
  0x0000024eed5fe000 JavaThread "Handler for socket connection from /127.0.0.1:51019 to /127.0.0.1:51020" [_thread_in_native, id=3784, stack(0x000000d22b200000,0x000000d22b300000)]
  0x0000024eed71e800 JavaThread "Cancel handler" [_thread_blocked, id=3900, stack(0x000000d22b400000,0x000000d22b500000)]
  0x0000024eedc01800 JavaThread "Daemon worker" [_thread_in_vm, id=5012, stack(0x000000d22b500000,0x000000d22b600000)]
=>0x0000024eee172000 JavaThread "C2 CompilerThread1" daemon [_thread_in_native, id=11636, stack(0x000000d22b600000,0x000000d22b700000)]
  0x0000024eee0db000 JavaThread "Asynchronous log dispatcher for DefaultDaemonConnection: socket connection from /127.0.0.1:51019 to /127.0.0.1:51020" [_thread_blocked, id=6456, stack(0x000000d22b700000,0x000000d22b800000)]
  0x0000024eee5d0800 JavaThread "Stdin handler" [_thread_blocked, id=10592, stack(0x000000d22b800000,0x000000d22b900000)]
  0x0000024eede07800 JavaThread "Thread-8" [_thread_blocked, id=4260, stack(0x000000d22b900000,0x000000d22ba00000)]
  0x0000024eee16d000 JavaThread "Cache worker for file hash cache (C:\Users\hp\.gradle\caches\6.7.1\fileHashes)" [_thread_blocked, id=8840, stack(0x000000d22ba00000,0x000000d22bb00000)]
  0x0000024eee16c000 JavaThread "File lock request listener" [_thread_in_native, id=1924, stack(0x000000d22bb00000,0x000000d22bc00000)]
  0x0000024eee16f800 JavaThread "Cache worker for journal cache (C:\Users\hp\.gradle\caches\journal-1)" [_thread_blocked, id=8360, stack(0x000000d22bc00000,0x000000d22bd00000)]
  0x0000024eee16e000 JavaThread "Cache worker for file hash cache (C:\Users\hp\AndroidStudioProjects\myPharmacy\.gradle\6.7.1\fileHashes)" [_thread_blocked, id=2096, stack(0x000000d22bd00000,0x000000d22be00000)]
  0x0000024eee171000 JavaThread "jar transforms" [_thread_blocked, id=6584, stack(0x000000d22be00000,0x000000d22bf00000)]
  0x0000024eee172800 JavaThread "jar transforms Thread 2" [_thread_blocked, id=10184, stack(0x000000d22bf00000,0x000000d22c000000)]
  0x0000024eee16e800 JavaThread "jar transforms Thread 3" [_thread_blocked, id=9100, stack(0x000000d22c000000,0x000000d22c100000)]
  0x0000024eee170000 JavaThread "jar transforms Thread 4" [_thread_blocked, id=6804, stack(0x000000d22c100000,0x000000d22c200000)]
  0x0000024ef0b88000 JavaThread "jar transforms Thread 5" [_thread_blocked, id=5592, stack(0x000000d22c200000,0x000000d22c300000)]
  0x0000024ef0b89000 JavaThread "jar transforms Thread 6" [_thread_blocked, id=7584, stack(0x000000d22c300000,0x000000d22c400000)]
  0x0000024ef0b8a000 JavaThread "jar transforms Thread 7" [_thread_blocked, id=1964, stack(0x000000d22c400000,0x000000d22c500000)]
  0x0000024ef0b87800 JavaThread "jar transforms Thread 8" [_thread_blocked, id=5036, stack(0x000000d22c500000,0x000000d22c600000)]
  0x0000024ef0b8a800 JavaThread "jar transforms Thread 9" [_thread_blocked, id=12112, stack(0x000000d22c600000,0x000000d22c700000)]
  0x0000024ef0b8b800 JavaThread "jar transforms Thread 10" [_thread_blocked, id=12176, stack(0x000000d22c700000,0x000000d22c800000)]
  0x0000024ef0b85800 JavaThread "jar transforms Thread 11" [_thread_blocked, id=5824, stack(0x000000d22c800000,0x000000d22c900000)]
  0x0000024ef0b8c800 JavaThread "jar transforms Thread 12" [_thread_blocked, id=8616, stack(0x000000d22c900000,0x000000d22ca00000)]
  0x0000024ef0b86800 JavaThread "jar transforms Thread 13" [_thread_blocked, id=3476, stack(0x000000d22ca00000,0x000000d22cb00000)]
  0x0000024ef0b8f800 JavaThread "jar transforms Thread 14" [_thread_blocked, id=8316, stack(0x000000d22cb00000,0x000000d22cc00000)]
  0x0000024ef0b93000 JavaThread "jar transforms Thread 15" [_thread_blocked, id=7504, stack(0x000000d22cc00000,0x000000d22cd00000)]
  0x0000024ef0b8e800 JavaThread "jar transforms Thread 16" [_thread_blocked, id=7240, stack(0x000000d22cd00000,0x000000d22ce00000)]
  0x0000024ef0b92000 JavaThread "jar transforms Thread 17" [_thread_blocked, id=3884, stack(0x000000d22ce00000,0x000000d22cf00000)]
  0x0000024ef0b8e000 JavaThread "jar transforms Thread 18" [_thread_blocked, id=12148, stack(0x000000d22cf00000,0x000000d22d000000)]
  0x0000024ef0b8d000 JavaThread "jar transforms Thread 19" [_thread_blocked, id=4732, stack(0x000000d22d000000,0x000000d22d100000)]
  0x0000024ef0b90800 JavaThread "jar transforms Thread 20" [_thread_blocked, id=8524, stack(0x000000d22d100000,0x000000d22d200000)]
  0x0000024ef0b93800 JavaThread "jar transforms Thread 21" [_thread_blocked, id=6136, stack(0x000000d22d200000,0x000000d22d300000)]
  0x0000024ef0b91000 JavaThread "Cache worker for checksums cache (C:\Users\hp\AndroidStudioProjects\myPharmacy\.gradle\checksums)" [_thread_blocked, id=1464, stack(0x000000d22d300000,0x000000d22d400000)]
  0x0000024ef0b94800 JavaThread "Cache worker for cache directory md-supplier (C:\Users\hp\.gradle\caches\6.7.1\md-supplier)" [_thread_blocked, id=9460, stack(0x000000d22d400000,0x000000d22d500000)]
  0x0000024ef1254800 JavaThread "Cache worker for cache directory md-rule (C:\Users\hp\.gradle\caches\6.7.1\md-rule)" [_thread_blocked, id=4828, stack(0x000000d22d500000,0x000000d22d600000)]
  0x0000024ef1250800 JavaThread "Cache worker for execution history cache (C:\Users\hp\.gradle\caches\6.7.1\executionHistory)" [_thread_blocked, id=7984, stack(0x000000d22d600000,0x000000d22d700000)]
  0x0000024ef1252000 JavaThread "Cache worker for file content cache (C:\Users\hp\.gradle\caches\6.7.1\fileContent)" [_thread_blocked, id=9548, stack(0x000000d22d700000,0x000000d22d800000)]
  0x0000024ef1253800 JavaThread "Cache worker for Build Output Cleanup Cache (C:\Users\hp\AndroidStudioProjects\myPharmacy\.gradle\buildOutputCleanup)" [_thread_blocked, id=5700, stack(0x000000d22d800000,0x000000d22d900000)]
  0x0000024ef124f800 JavaThread "Build operations" [_thread_blocked, id=5548, stack(0x000000d22d900000,0x000000d22da00000)]
  0x0000024ef124e800 JavaThread "Build operations Thread 2" [_thread_blocked, id=8404, stack(0x000000d22da00000,0x000000d22db00000)]
  0x0000024ef1257000 JavaThread "Build operations Thread 3" [_thread_blocked, id=12196, stack(0x000000d22db00000,0x000000d22dc00000)]
  0x0000024ef125b000 JavaThread "Build operations Thread 4" [_thread_blocked, id=776, stack(0x000000d22dc00000,0x000000d22dd00000)]
  0x0000024ef1259000 JavaThread "jar transforms Thread 22" [_thread_blocked, id=2776, stack(0x000000d22dd00000,0x000000d22de00000)]
  0x0000024ef1256000 JavaThread "jar transforms Thread 23" [_thread_blocked, id=2336, stack(0x000000d22de00000,0x000000d22df00000)]
  0x0000024ef1255000 JavaThread "jar transforms Thread 24" [_thread_blocked, id=1096, stack(0x000000d22df00000,0x000000d22e000000)]
  0x0000024ef125a000 JavaThread "jar transforms Thread 25" [_thread_blocked, id=6288, stack(0x000000d22e000000,0x000000d22e100000)]
  0x0000024ef125b800 JavaThread "jar transforms Thread 26" [_thread_blocked, id=5688, stack(0x000000d22e100000,0x000000d22e200000)]
  0x0000024ef125c800 JavaThread "jar transforms Thread 27" [_thread_blocked, id=4788, stack(0x000000d22e200000,0x000000d22e300000)]
  0x0000024ef1258800 JavaThread "jar transforms Thread 28" [_thread_blocked, id=3936, stack(0x000000d22e300000,0x000000d22e400000)]
  0x0000024ef125d800 JavaThread "jar transforms Thread 29" [_thread_blocked, id=9980, stack(0x000000d22e400000,0x000000d22e500000)]
  0x0000024ef1257800 JavaThread "jar transforms Thread 30" [_thread_blocked, id=11376, stack(0x000000d22e500000,0x000000d22e600000)]
  0x0000024ef154a800 JavaThread "jar transforms Thread 31" [_thread_blocked, id=10192, stack(0x000000d22e600000,0x000000d22e700000)]
  0x0000024ef154a000 JavaThread "jar transforms Thread 32" [_thread_blocked, id=6716, stack(0x000000d22e700000,0x000000d22e800000)]
  0x0000024ef154b800 JavaThread "jar transforms Thread 33" [_thread_blocked, id=10576, stack(0x000000d22e800000,0x000000d22e900000)]
  0x0000024ef1549000 JavaThread "jar transforms Thread 34" [_thread_blocked, id=3352, stack(0x000000d22e900000,0x000000d22ea00000)]
  0x0000024ef1545800 JavaThread "jar transforms Thread 35" [_thread_blocked, id=7256, stack(0x000000d22ea00000,0x000000d22eb00000)]
  0x0000024ef1547800 JavaThread "jar transforms Thread 36" [_thread_blocked, id=4020, stack(0x000000d22eb00000,0x000000d22ec00000)]
  0x0000024ef154c000 JavaThread "jar transforms Thread 37" [_thread_blocked, id=9624, stack(0x000000d22ec00000,0x000000d22ed00000)]
  0x0000024ef1548000 JavaThread "jar transforms Thread 38" [_thread_blocked, id=32, stack(0x000000d22ed00000,0x000000d22ee00000)]
  0x0000024ef1546800 JavaThread "jar transforms Thread 39" [_thread_blocked, id=328, stack(0x000000d22ee00000,0x000000d22ef00000)]
  0x0000024ef30a6000 JavaThread "jar transforms Thread 40" [_thread_blocked, id=9764, stack(0x000000d22ef00000,0x000000d22f000000)]
  0x0000024ef30a8800 JavaThread "jar transforms Thread 41" [_thread_blocked, id=8168, stack(0x000000d22f000000,0x000000d22f100000)]
  0x0000024ef30a2800 JavaThread "jar transforms Thread 42" [_thread_blocked, id=996, stack(0x000000d22f100000,0x000000d22f200000)]
  0x0000024ef30a4000 JavaThread "jar transforms Thread 43" [_thread_blocked, id=12240, stack(0x000000d22f200000,0x000000d22f300000)]
  0x0000024ef30a9000 JavaThread "jar transforms Thread 44" [_thread_blocked, id=612, stack(0x000000d22f300000,0x000000d22f400000)]
  0x0000024ef30a6800 JavaThread "jar transforms Thread 45" [_thread_blocked, id=9900, stack(0x000000d22f400000,0x000000d22f500000)]
  0x0000024ef30a3800 JavaThread "jar transforms Thread 46" [_thread_blocked, id=7476, stack(0x000000d22f500000,0x000000d22f600000)]
  0x0000024ef30a5000 JavaThread "jar transforms Thread 47" [_thread_blocked, id=3760, stack(0x000000d22f600000,0x000000d22f700000)]
  0x0000024ef30ad000 JavaThread "jar transforms Thread 48" [_thread_blocked, id=12080, stack(0x000000d22f700000,0x000000d22f800000)]
  0x0000024ef30aa000 JavaThread "jar transforms Thread 49" [_thread_blocked, id=3628, stack(0x000000d22f800000,0x000000d22f900000)]
  0x0000024ef30a7800 JavaThread "jar transforms Thread 50" [_thread_blocked, id=8400, stack(0x000000d22f900000,0x000000d22fa00000)]
  0x0000024ef30ae000 JavaThread "jar transforms Thread 51" [_thread_blocked, id=9284, stack(0x000000d22fa00000,0x000000d22fb00000)]
  0x0000024ef30af000 JavaThread "jar transforms Thread 52" [_thread_blocked, id=11224, stack(0x000000d22fb00000,0x000000d22fc00000)]
  0x0000024ef30af800 JavaThread "jar transforms Thread 53" [_thread_blocked, id=2972, stack(0x000000d22fc00000,0x000000d22fd00000)]
  0x0000024ef30b0800 JavaThread "jar transforms Thread 54" [_thread_blocked, id=8088, stack(0x000000d22fd00000,0x000000d22fe00000)]
  0x0000024ef30aa800 JavaThread "jar transforms Thread 55" [_thread_blocked, id=9552, stack(0x000000d22fe00000,0x000000d22ff00000)]
  0x0000024ef30b1800 JavaThread "jar transforms Thread 56" [_thread_blocked, id=8364, stack(0x000000d22ff00000,0x000000d230000000)]
  0x0000024ef30ab800 JavaThread "jar transforms Thread 57" [_thread_blocked, id=2000, stack(0x000000d230000000,0x000000d230100000)]
  0x0000024ef30ac800 JavaThread "jar transforms Thread 58" [_thread_blocked, id=9912, stack(0x000000d230100000,0x000000d230200000)]
  0x0000024ef169d800 JavaThread "jar transforms Thread 59" [_thread_blocked, id=9476, stack(0x000000d230200000,0x000000d230300000)]
  0x0000024ef16a0000 JavaThread "jar transforms Thread 60" [_thread_blocked, id=1840, stack(0x000000d230300000,0x000000d230400000)]
  0x0000024ef16a1800 JavaThread "jar transforms Thread 61" [_thread_blocked, id=7640, stack(0x000000d230400000,0x000000d230500000)]
  0x0000024ef169c800 JavaThread "jar transforms Thread 62" [_thread_blocked, id=2824, stack(0x000000d230500000,0x000000d230600000)]
  0x0000024ef16a2800 JavaThread "jar transforms Thread 63" [_thread_blocked, id=6092, stack(0x000000d230600000,0x000000d230700000)]
  0x0000024ef16a3800 JavaThread "jar transforms Thread 64" [_thread_blocked, id=2892, stack(0x000000d230700000,0x000000d230800000)]
  0x0000024ef16a4000 JavaThread "jar transforms Thread 65" [_thread_blocked, id=4804, stack(0x000000d230800000,0x000000d230900000)]
  0x0000024ef169e800 JavaThread "jar transforms Thread 66" [_thread_blocked, id=11688, stack(0x000000d230900000,0x000000d230a00000)]
  0x0000024ef16a5000 JavaThread "jar transforms Thread 67" [_thread_blocked, id=3964, stack(0x000000d230a00000,0x000000d230b00000)]
  0x0000024ef169f000 JavaThread "jar transforms Thread 68" [_thread_blocked, id=9252, stack(0x000000d230b00000,0x000000d230c00000)]
  0x0000024ef16a1000 JavaThread "jar transforms Thread 69" [_thread_blocked, id=6412, stack(0x000000d230c00000,0x000000d230d00000)]
  0x0000024ef16a7800 JavaThread "jar transforms Thread 70" [_thread_blocked, id=3632, stack(0x000000d230d00000,0x000000d230e00000)]
  0x0000024ef16a6800 JavaThread "jar transforms Thread 71" [_thread_blocked, id=4872, stack(0x000000d230e00000,0x000000d230f00000)]
  0x0000024ef16aa800 JavaThread "jar transforms Thread 72" [_thread_blocked, id=7224, stack(0x000000d230f00000,0x000000d231000000)]
  0x0000024ef16a9000 JavaThread "jar transforms Thread 73" [_thread_blocked, id=11284, stack(0x000000d231000000,0x000000d231100000)]
  0x0000024ef16a8000 JavaThread "jar transforms Thread 74" [_thread_blocked, id=5920, stack(0x000000d231100000,0x000000d231200000)]
  0x0000024ef16aa000 JavaThread "jar transforms Thread 75" [_thread_blocked, id=2304, stack(0x000000d231200000,0x000000d231300000)]
  0x0000024ef16ab800 JavaThread "jar transforms Thread 76" [_thread_blocked, id=2620, stack(0x000000d231300000,0x000000d231400000)]
  0x0000024ef16a5800 JavaThread "jar transforms Thread 77" [_thread_blocked, id=9544, stack(0x000000d231400000,0x000000d231500000)]
  0x0000024ef314a800 JavaThread "jar transforms Thread 78" [_thread_blocked, id=8580, stack(0x000000d231500000,0x000000d231600000)]
  0x0000024ef314a000 JavaThread "jar transforms Thread 79" [_thread_blocked, id=6028, stack(0x000000d231600000,0x000000d231700000)]
  0x0000024ef314b800 JavaThread "jar transforms Thread 80" [_thread_blocked, id=11068, stack(0x000000d231700000,0x000000d231800000)]
  0x0000024ef314c800 JavaThread "jar transforms Thread 81" [_thread_blocked, id=2092, stack(0x000000d231800000,0x000000d231900000)]
  0x0000024ef314d000 JavaThread "jar transforms Thread 82" [_thread_blocked, id=412, stack(0x000000d231900000,0x000000d231a00000)]
  0x0000024ef314e000 JavaThread "jar transforms Thread 83" [_thread_blocked, id=12140, stack(0x000000d231a00000,0x000000d231b00000)]
  0x0000024ef3148000 JavaThread "jar transforms Thread 84" [_thread_blocked, id=5576, stack(0x000000d231b00000,0x000000d231c00000)]
  0x0000024ef314e800 JavaThread "jar transforms Thread 85" [_thread_blocked, id=10560, stack(0x000000d231c00000,0x000000d231d00000)]
  0x0000024ef3149000 JavaThread "jar transforms Thread 86" [_thread_blocked, id=3460, stack(0x000000d231d00000,0x000000d231e00000)]
  0x0000024ef3151000 JavaThread "jar transforms Thread 87" [_thread_blocked, id=5904, stack(0x000000d231e00000,0x000000d231f00000)]
  0x0000024ef3152000 JavaThread "jar transforms Thread 88" [_thread_blocked, id=7576, stack(0x000000d231f00000,0x000000d232000000)]
  0x0000024ef3150800 JavaThread "jar transforms Thread 89" [_thread_blocked, id=5456, stack(0x000000d232000000,0x000000d232100000)]
  0x0000024ef3153800 JavaThread "jar transforms Thread 90" [_thread_blocked, id=11244, stack(0x000000d232100000,0x000000d232200000)]
  0x0000024ef314f800 JavaThread "jar transforms Thread 91" [_thread_blocked, id=3048, stack(0x000000d232200000,0x000000d232300000)]
  0x0000024ef3153000 JavaThread "jar transforms Thread 92" [_thread_blocked, id=8800, stack(0x000000d232300000,0x000000d232400000)]
  0x0000024ef3154800 JavaThread "jar transforms Thread 93" [_thread_blocked, id=3344, stack(0x000000d232400000,0x000000d232500000)]
  0x0000024ef3155000 JavaThread "jar transforms Thread 94" [_thread_blocked, id=8956, stack(0x000000d232500000,0x000000d232600000)]
  0x0000024ef3156000 JavaThread "jar transforms Thread 95" [_thread_blocked, id=2528, stack(0x000000d232600000,0x000000d232700000)]
  0x0000024ef3157000 JavaThread "jar transforms Thread 96" [_thread_blocked, id=1236, stack(0x000000d232700000,0x000000d232800000)]
  0x0000024ef287a800 JavaThread "jar transforms Thread 97" [_thread_blocked, id=7864, stack(0x000000d232800000,0x000000d232900000)]
  0x0000024ef287f800 JavaThread "jar transforms Thread 98" [_thread_blocked, id=9916, stack(0x000000d232900000,0x000000d232a00000)]
  0x0000024ef2879800 JavaThread "jar transforms Thread 99" [_thread_blocked, id=7328, stack(0x000000d232a00000,0x000000d232b00000)]

Other Threads:
  0x0000024eebe07000 VMThread "VM Thread" [stack: 0x000000d229f00000,0x000000d22a000000] [id=6968]
  0x0000024eec8ef000 WatcherThread [stack: 0x000000d22a900000,0x000000d22aa00000] [id=10208]
  0x0000024ed0439000 GCTaskThread "GC Thread#0" [stack: 0x000000d229a00000,0x000000d229b00000] [id=7536]
  0x0000024eed220000 GCTaskThread "GC Thread#1" [stack: 0x000000d22ab00000,0x000000d22ac00000] [id=9536]
  0x0000024eecffa800 GCTaskThread "GC Thread#2" [stack: 0x000000d22ac00000,0x000000d22ad00000] [id=7688]
  0x0000024eee28c800 GCTaskThread "GC Thread#3" [stack: 0x000000d22b300000,0x000000d22b400000] [id=11708]
  0x0000024ed046e000 ConcurrentGCThread "G1 Main Marker" [stack: 0x000000d229b00000,0x000000d229c00000] [id=2500]
  0x0000024ed0470000 ConcurrentGCThread "G1 Conc#0" [stack: 0x000000d229c00000,0x000000d229d00000] [id=10028]
  0x0000024ed04ee000 ConcurrentGCThread "G1 Refine#0" [stack: 0x000000d229d00000,0x000000d229e00000] [id=6272]
  0x0000024eebc58800 ConcurrentGCThread "G1 Young RemSet Sampling" [stack: 0x000000d229e00000,0x000000d229f00000] [id=7716]

Threads with active compile tasks:
C2 CompilerThread0   9488 5214       4       java.lang.invoke.LambdaForm$Name::replaceNames (174 bytes)
C2 CompilerThread1   9488 5202   !   4       java.net.URLClassLoader$1::run (63 bytes)

VM state:not at safepoint (normal execution)

VM Mutex/Monitor currently owned by a thread: None

Heap address: 0x0000000080000000, size: 2048 MB, Compressed Oops mode: 32-bit
Narrow klass base: 0x0000000000000000, Narrow klass shift: 3
Compressed class space size: 1073741824 Address: 0x0000000100000000

Heap:
 garbage-first heap   total 189440K, used 89738K [0x0000000080000000, 0x0000000100000000)
  region size 1024K, 37 young (37888K), 9 survivors (9216K)
 Metaspace       used 55764K, capacity 57208K, committed 57472K, reserved 1099776K
  class space    used 7011K, capacity 7456K, committed 7552K, reserved 1048576K
Heap Regions: E=young(eden), S=young(survivor), O=old, HS=humongous(starts), HC=humongous(continues), CS=collection set, F=free, A=archive, TAMS=top-at-mark-start (previous, next)
|   0|0x0000000080000000, 0x0000000080100000, 0x0000000080100000|100%| O|  |TAMS 0x0000000080100000, 0x0000000080000000| Untracked 
|   1|0x0000000080100000, 0x0000000080200000, 0x0000000080200000|100%| O|  |TAMS 0x0000000080200000, 0x0000000080100000| Untracked 
|   2|0x0000000080200000, 0x0000000080300000, 0x0000000080300000|100%| O|  |TAMS 0x0000000080300000, 0x0000000080200000| Untracked 
|   3|0x0000000080300000, 0x0000000080400000, 0x0000000080400000|100%|HS|  |TAMS 0x0000000080400000, 0x0000000080300000| Complete 
|   4|0x0000000080400000, 0x0000000080500000, 0x0000000080500000|100%|HC|  |TAMS 0x0000000080500000, 0x0000000080400000| Complete 
|   5|0x0000000080500000, 0x0000000080600000, 0x0000000080600000|100%|HC|  |TAMS 0x0000000080600000, 0x0000000080500000| Complete 
|   6|0x0000000080600000, 0x0000000080700000, 0x0000000080700000|100%| O|  |TAMS 0x0000000080700000, 0x0000000080600000| Untracked 
|   7|0x0000000080700000, 0x0000000080800000, 0x0000000080800000|100%| O|  |TAMS 0x0000000080800000, 0x0000000080700000| Untracked 
|   8|0x0000000080800000, 0x0000000080900000, 0x0000000080900000|100%| O|  |TAMS 0x0000000080900000, 0x0000000080800000| Untracked 
|   9|0x0000000080900000, 0x0000000080a00000, 0x0000000080a00000|100%| O|  |TAMS 0x0000000080a00000, 0x0000000080900000| Untracked 
|  10|0x0000000080a00000, 0x0000000080b00000, 0x0000000080b00000|100%| O|  |TAMS 0x0000000080b00000, 0x0000000080a00000| Untracked 
|  11|0x0000000080b00000, 0x0000000080c00000, 0x0000000080c00000|100%| O|  |TAMS 0x0000000080c00000, 0x0000000080b00000| Untracked 
|  12|0x0000000080c00000, 0x0000000080d00000, 0x0000000080d00000|100%| O|  |TAMS 0x0000000080d00000, 0x0000000080c00000| Untracked 
|  13|0x0000000080d00000, 0x0000000080e00000, 0x0000000080e00000|100%| O|  |TAMS 0x0000000080e00000, 0x0000000080d00000| Untracked 
|  14|0x0000000080e00000, 0x0000000080f00000, 0x0000000080f00000|100%| O|  |TAMS 0x0000000080edbe00, 0x0000000080e00000| Untracked 
|  15|0x0000000080f00000, 0x0000000081000000, 0x0000000081000000|100%|HS|  |TAMS 0x0000000081000000, 0x0000000080f00000| Complete 
|  16|0x0000000081000000, 0x0000000081100000, 0x0000000081100000|100%|HC|  |TAMS 0x0000000081100000, 0x0000000081000000| Complete 
|  17|0x0000000081100000, 0x0000000081200000, 0x0000000081200000|100%|HS|  |TAMS 0x0000000081200000, 0x0000000081100000| Complete 
|  18|0x0000000081200000, 0x0000000081300000, 0x0000000081300000|100%|HC|  |TAMS 0x0000000081300000, 0x0000000081200000| Complete 
|  19|0x0000000081300000, 0x0000000081400000, 0x0000000081400000|100%|HC|  |TAMS 0x0000000081400000, 0x0000000081300000| Complete 
|  20|0x0000000081400000, 0x0000000081500000, 0x0000000081500000|100%|HS|  |TAMS 0x0000000081500000, 0x0000000081400000| Complete 
|  21|0x0000000081500000, 0x0000000081600000, 0x0000000081600000|100%|HC|  |TAMS 0x0000000081600000, 0x0000000081500000| Complete 
|  22|0x0000000081600000, 0x0000000081700000, 0x0000000081700000|100%|HC|  |TAMS 0x0000000081700000, 0x0000000081600000| Complete 
|  23|0x0000000081700000, 0x0000000081800000, 0x0000000081800000|100%|HC|  |TAMS 0x0000000081800000, 0x0000000081700000| Complete 
|  24|0x0000000081800000, 0x0000000081900000, 0x0000000081900000|100%| O|  |TAMS 0x0000000081800000, 0x0000000081800000| Untracked 
|  25|0x0000000081900000, 0x0000000081a00000, 0x0000000081a00000|100%| O|  |TAMS 0x0000000081900000, 0x0000000081900000| Untracked 
|  26|0x0000000081a00000, 0x0000000081b00000, 0x0000000081b00000|100%| O|  |TAMS 0x0000000081a00000, 0x0000000081a00000| Untracked 
|  27|0x0000000081b00000, 0x0000000081c00000, 0x0000000081c00000|100%|HS|  |TAMS 0x0000000081b00000, 0x0000000081b00000| Complete 
|  28|0x0000000081c00000, 0x0000000081d00000, 0x0000000081d00000|100%|HC|  |TAMS 0x0000000081c00000, 0x0000000081c00000| Complete 
|  29|0x0000000081d00000, 0x0000000081e00000, 0x0000000081e00000|100%|HC|  |TAMS 0x0000000081d00000, 0x0000000081d00000| Complete 
|  30|0x0000000081e00000, 0x0000000081f00000, 0x0000000081f00000|100%|HC|  |TAMS 0x0000000081e00000, 0x0000000081e00000| Complete 
|  31|0x0000000081f00000, 0x0000000082000000, 0x0000000082000000|100%|HS|  |TAMS 0x0000000081f00000, 0x0000000081f00000| Complete 
|  32|0x0000000082000000, 0x0000000082100000, 0x0000000082100000|100%|HC|  |TAMS 0x0000000082000000, 0x0000000082000000| Complete 
|  33|0x0000000082100000, 0x0000000082200000, 0x0000000082200000|100%|HC|  |TAMS 0x0000000082100000, 0x0000000082100000| Complete 
|  34|0x0000000082200000, 0x0000000082300000, 0x0000000082300000|100%| O|  |TAMS 0x0000000082200000, 0x0000000082200000| Untracked 
|  35|0x0000000082300000, 0x0000000082400000, 0x0000000082400000|100%| O|  |TAMS 0x0000000082300000, 0x0000000082300000| Untracked 
|  36|0x0000000082400000, 0x0000000082500000, 0x0000000082500000|100%| O|  |TAMS 0x0000000082400000, 0x0000000082400000| Untracked 
|  37|0x0000000082500000, 0x0000000082600000, 0x0000000082600000|100%| O|  |TAMS 0x0000000082500000, 0x0000000082500000| Untracked 
|  38|0x0000000082600000, 0x0000000082700000, 0x0000000082700000|100%| O|  |TAMS 0x0000000082600000, 0x0000000082600000| Untracked 
|  39|0x0000000082700000, 0x0000000082800000, 0x0000000082800000|100%| O|  |TAMS 0x0000000082700000, 0x0000000082700000| Untracked 
|  40|0x0000000082800000, 0x0000000082900000, 0x0000000082900000|100%| O|  |TAMS 0x0000000082800000, 0x0000000082800000| Untracked 
|  41|0x0000000082900000, 0x0000000082a00000, 0x0000000082a00000|100%| O|  |TAMS 0x0000000082900000, 0x0000000082900000| Untracked 
|  42|0x0000000082a00000, 0x0000000082b00000, 0x0000000082b00000|100%| O|  |TAMS 0x0000000082a00000, 0x0000000082a00000| Untracked 
|  43|0x0000000082b00000, 0x0000000082c00000, 0x0000000082c00000|100%| O|  |TAMS 0x0000000082b00000, 0x0000000082b00000| Untracked 
|  44|0x0000000082c00000, 0x0000000082d00000, 0x0000000082d00000|100%| O|  |TAMS 0x0000000082c00000, 0x0000000082c00000| Untracked 
|  45|0x0000000082d00000, 0x0000000082e00000, 0x0000000082e00000|100%| O|  |TAMS 0x0000000082d00000, 0x0000000082d00000| Untracked 
|  46|0x0000000082e00000, 0x0000000082f00000, 0x0000000082f00000|100%|HS|  |TAMS 0x0000000082e00000, 0x0000000082e00000| Complete 
|  47|0x0000000082f00000, 0x0000000083000000, 0x0000000083000000|100%|HS|  |TAMS 0x0000000082f00000, 0x0000000082f00000| Complete 
|  48|0x0000000083000000, 0x0000000083100000, 0x0000000083100000|100%|HC|  |TAMS 0x0000000083000000, 0x0000000083000000| Complete 
|  49|0x0000000083100000, 0x0000000083200000, 0x0000000083200000|100%| O|  |TAMS 0x0000000083100000, 0x0000000083100000| Untracked 
|  50|0x0000000083200000, 0x0000000083300000, 0x0000000083300000|100%| O|  |TAMS 0x0000000083200000, 0x0000000083200000| Untracked 
|  51|0x0000000083300000, 0x00000000833a2800, 0x0000000083400000| 63%| O|  |TAMS 0x0000000083300000, 0x0000000083300000| Untracked 
|  52|0x0000000083400000, 0x0000000083400000, 0x0000000083500000|  0%| F|  |TAMS 0x0000000083400000, 0x0000000083400000| Untracked 
|  53|0x0000000083500000, 0x0000000083500000, 0x0000000083600000|  0%| F|  |TAMS 0x0000000083500000, 0x0000000083500000| Untracked 
|  54|0x0000000083600000, 0x0000000083600000, 0x0000000083700000|  0%| F|  |TAMS 0x0000000083600000, 0x0000000083600000| Untracked 
|  55|0x0000000083700000, 0x0000000083700000, 0x0000000083800000|  0%| F|  |TAMS 0x0000000083700000, 0x0000000083700000| Untracked 
|  56|0x0000000083800000, 0x0000000083800000, 0x0000000083900000|  0%| F|  |TAMS 0x0000000083800000, 0x0000000083800000| Untracked 
|  57|0x0000000083900000, 0x0000000083900000, 0x0000000083a00000|  0%| F|  |TAMS 0x0000000083900000, 0x0000000083900000| Untracked 
|  58|0x0000000083a00000, 0x0000000083a00000, 0x0000000083b00000|  0%| F|  |TAMS 0x0000000083a00000, 0x0000000083a00000| Untracked 
|  59|0x0000000083b00000, 0x0000000083b00000, 0x0000000083c00000|  0%| F|  |TAMS 0x0000000083b00000, 0x0000000083b00000| Untracked 
|  60|0x0000000083c00000, 0x0000000083c00000, 0x0000000083d00000|  0%| F|  |TAMS 0x0000000083c00000, 0x0000000083c00000| Untracked 
|  61|0x0000000083d00000, 0x0000000083d00000, 0x0000000083e00000|  0%| F|  |TAMS 0x0000000083d00000, 0x0000000083d00000| Untracked 
|  62|0x0000000083e00000, 0x0000000083e00000, 0x0000000083f00000|  0%| F|  |TAMS 0x0000000083e00000, 0x0000000083e00000| Untracked 
|  63|0x0000000083f00000, 0x0000000083f00000, 0x0000000084000000|  0%| F|  |TAMS 0x0000000083f00000, 0x0000000083f00000| Untracked 
|  64|0x0000000084000000, 0x0000000084000000, 0x0000000084100000|  0%| F|  |TAMS 0x0000000084000000, 0x0000000084000000| Untracked 
|  65|0x0000000084100000, 0x0000000084100000, 0x0000000084200000|  0%| F|  |TAMS 0x0000000084100000, 0x0000000084100000| Untracked 
|  66|0x0000000084200000, 0x0000000084200000, 0x0000000084300000|  0%| F|  |TAMS 0x0000000084200000, 0x0000000084200000| Untracked 
|  67|0x0000000084300000, 0x0000000084300000, 0x0000000084400000|  0%| F|  |TAMS 0x0000000084300000, 0x0000000084300000| Untracked 
|  68|0x0000000084400000, 0x0000000084400000, 0x0000000084500000|  0%| F|  |TAMS 0x0000000084400000, 0x0000000084400000| Untracked 
|  69|0x0000000084500000, 0x0000000084500000, 0x0000000084600000|  0%| F|  |TAMS 0x0000000084500000, 0x0000000084500000| Untracked 
|  70|0x0000000084600000, 0x0000000084600000, 0x0000000084700000|  0%| F|  |TAMS 0x0000000084600000, 0x0000000084600000| Untracked 
|  71|0x0000000084700000, 0x0000000084700000, 0x0000000084800000|  0%| F|  |TAMS 0x0000000084700000, 0x0000000084700000| Untracked 
|  72|0x0000000084800000, 0x0000000084800000, 0x0000000084900000|  0%| F|  |TAMS 0x0000000084800000, 0x0000000084800000| Untracked 
|  73|0x0000000084900000, 0x0000000084900000, 0x0000000084a00000|  0%| F|  |TAMS 0x0000000084900000, 0x0000000084900000| Untracked 
|  74|0x0000000084a00000, 0x0000000084a00000, 0x0000000084b00000|  0%| F|  |TAMS 0x0000000084a00000, 0x0000000084a00000| Untracked 
|  75|0x0000000084b00000, 0x0000000084b00000, 0x0000000084c00000|  0%| F|  |TAMS 0x0000000084b00000, 0x0000000084b00000| Untracked 
|  76|0x0000000084c00000, 0x0000000084c00000, 0x0000000084d00000|  0%| F|  |TAMS 0x0000000084c00000, 0x0000000084c00000| Untracked 
|  77|0x0000000084d00000, 0x0000000084e00000, 0x0000000084e00000|100%| S|CS|TAMS 0x0000000084d00000, 0x0000000084d00000| Complete 
|  78|0x0000000084e00000, 0x0000000084f00000, 0x0000000084f00000|100%| S|CS|TAMS 0x0000000084e00000, 0x0000000084e00000| Complete 
|  79|0x0000000084f00000, 0x0000000085000000, 0x0000000085000000|100%| S|CS|TAMS 0x0000000084f00000, 0x0000000084f00000| Complete 
|  80|0x0000000085000000, 0x0000000085100000, 0x0000000085100000|100%| S|CS|TAMS 0x0000000085000000, 0x0000000085000000| Complete 
|  81|0x0000000085100000, 0x0000000085200000, 0x0000000085200000|100%| S|CS|TAMS 0x0000000085100000, 0x0000000085100000| Complete 
|  82|0x0000000085200000, 0x0000000085300000, 0x0000000085300000|100%| S|CS|TAMS 0x0000000085200000, 0x0000000085200000| Complete 
|  83|0x0000000085300000, 0x0000000085400000, 0x0000000085400000|100%| S|CS|TAMS 0x0000000085300000, 0x0000000085300000| Complete 
|  84|0x0000000085400000, 0x0000000085500000, 0x0000000085500000|100%| S|CS|TAMS 0x0000000085400000, 0x0000000085400000| Complete 
|  85|0x0000000085500000, 0x0000000085500000, 0x0000000085600000|  0%| F|  |TAMS 0x0000000085500000, 0x0000000085500000| Untracked 
|  86|0x0000000085600000, 0x0000000085600000, 0x0000000085700000|  0%| F|  |TAMS 0x0000000085600000, 0x0000000085600000| Untracked 
|  87|0x0000000085700000, 0x0000000085700000, 0x0000000085800000|  0%| F|  |TAMS 0x0000000085700000, 0x0000000085700000| Untracked 
|  88|0x0000000085800000, 0x0000000085800000, 0x0000000085900000|  0%| F|  |TAMS 0x0000000085800000, 0x0000000085800000| Untracked 
|  89|0x0000000085900000, 0x0000000085900000, 0x0000000085a00000|  0%| F|  |TAMS 0x0000000085900000, 0x0000000085900000| Untracked 
|  90|0x0000000085a00000, 0x0000000085b00000, 0x0000000085b00000|100%| S|CS|TAMS 0x0000000085a00000, 0x0000000085a00000| Complete 
|  91|0x0000000085b00000, 0x0000000085b00000, 0x0000000085c00000|  0%| F|  |TAMS 0x0000000085b00000, 0x0000000085b00000| Untracked 
|  92|0x0000000085c00000, 0x0000000085c00000, 0x0000000085d00000|  0%| F|  |TAMS 0x0000000085c00000, 0x0000000085c00000| Untracked 
|  93|0x0000000085d00000, 0x0000000085d00000, 0x0000000085e00000|  0%| F|  |TAMS 0x0000000085d00000, 0x0000000085d00000| Untracked 
|  94|0x0000000085e00000, 0x0000000085e00000, 0x0000000085f00000|  0%| F|  |TAMS 0x0000000085e00000, 0x0000000085e00000| Untracked 
|  95|0x0000000085f00000, 0x0000000085f00000, 0x0000000086000000|  0%| F|  |TAMS 0x0000000085f00000, 0x0000000085f00000| Untracked 
|  96|0x0000000086000000, 0x0000000086000000, 0x0000000086100000|  0%| F|  |TAMS 0x0000000086000000, 0x0000000086000000| Untracked 
|  97|0x0000000086100000, 0x0000000086100000, 0x0000000086200000|  0%| F|  |TAMS 0x0000000086100000, 0x0000000086100000| Untracked 
|  98|0x0000000086200000, 0x0000000086200000, 0x0000000086300000|  0%| F|  |TAMS 0x0000000086200000, 0x0000000086200000| Untracked 
|  99|0x0000000086300000, 0x0000000086300000, 0x0000000086400000|  0%| F|  |TAMS 0x0000000086300000, 0x0000000086300000| Untracked 
| 100|0x0000000086400000, 0x0000000086400000, 0x0000000086500000|  0%| F|  |TAMS 0x0000000086400000, 0x0000000086400000| Untracked 
| 101|0x0000000086500000, 0x0000000086500000, 0x0000000086600000|  0%| F|  |TAMS 0x0000000086500000, 0x0000000086500000| Untracked 
| 102|0x0000000086600000, 0x0000000086600000, 0x0000000086700000|  0%| F|  |TAMS 0x0000000086600000, 0x0000000086600000| Untracked 
| 103|0x0000000086700000, 0x0000000086700000, 0x0000000086800000|  0%| F|  |TAMS 0x0000000086700000, 0x0000000086700000| Untracked 
| 104|0x0000000086800000, 0x0000000086800000, 0x0000000086900000|  0%| F|  |TAMS 0x0000000086800000, 0x0000000086800000| Untracked 
| 105|0x0000000086900000, 0x0000000086900000, 0x0000000086a00000|  0%| F|  |TAMS 0x0000000086900000, 0x0000000086900000| Untracked 
| 106|0x0000000086a00000, 0x0000000086a00000, 0x0000000086b00000|  0%| F|  |TAMS 0x0000000086a00000, 0x0000000086a00000| Untracked 
| 107|0x0000000086b00000, 0x0000000086b00000, 0x0000000086c00000|  0%| F|  |TAMS 0x0000000086b00000, 0x0000000086b00000| Untracked 
| 108|0x0000000086c00000, 0x0000000086c00000, 0x0000000086d00000|  0%| F|  |TAMS 0x0000000086c00000, 0x0000000086c00000| Untracked 
| 109|0x0000000086d00000, 0x0000000086d00000, 0x0000000086e00000|  0%| F|  |TAMS 0x0000000086d00000, 0x0000000086d00000| Untracked 
| 110|0x0000000086e00000, 0x0000000086e00000, 0x0000000086f00000|  0%| F|  |TAMS 0x0000000086e00000, 0x0000000086e00000| Untracked 
| 111|0x0000000086f00000, 0x0000000086f00000, 0x0000000087000000|  0%| F|  |TAMS 0x0000000086f00000, 0x0000000086f00000| Untracked 
| 112|0x0000000087000000, 0x0000000087000000, 0x0000000087100000|  0%| F|  |TAMS 0x0000000087000000, 0x0000000087000000| Untracked 
| 113|0x0000000087100000, 0x0000000087100000, 0x0000000087200000|  0%| F|  |TAMS 0x0000000087100000, 0x0000000087100000| Untracked 
| 114|0x0000000087200000, 0x0000000087200000, 0x0000000087300000|  0%| F|  |TAMS 0x0000000087200000, 0x0000000087200000| Untracked 
| 115|0x0000000087300000, 0x0000000087300000, 0x0000000087400000|  0%| F|  |TAMS 0x0000000087300000, 0x0000000087300000| Untracked 
| 116|0x0000000087400000, 0x0000000087400000, 0x0000000087500000|  0%| F|  |TAMS 0x0000000087400000, 0x0000000087400000| Untracked 
| 117|0x0000000087500000, 0x0000000087500000, 0x0000000087600000|  0%| F|  |TAMS 0x0000000087500000, 0x0000000087500000| Untracked 
| 118|0x0000000087600000, 0x0000000087600000, 0x0000000087700000|  0%| F|  |TAMS 0x0000000087600000, 0x0000000087600000| Untracked 
| 119|0x0000000087700000, 0x0000000087700000, 0x0000000087800000|  0%| F|  |TAMS 0x0000000087700000, 0x0000000087700000| Untracked 
| 120|0x0000000087800000, 0x0000000087800000, 0x0000000087900000|  0%| F|  |TAMS 0x0000000087800000, 0x0000000087800000| Untracked 
| 121|0x0000000087900000, 0x0000000087900000, 0x0000000087a00000|  0%| F|  |TAMS 0x0000000087900000, 0x0000000087900000| Untracked 
| 122|0x0000000087a00000, 0x0000000087a00000, 0x0000000087b00000|  0%| F|  |TAMS 0x0000000087a00000, 0x0000000087a00000| Untracked 
| 123|0x0000000087b00000, 0x0000000087b00000, 0x0000000087c00000|  0%| F|  |TAMS 0x0000000087b00000, 0x0000000087b00000| Untracked 
| 124|0x0000000087c00000, 0x0000000087c00000, 0x0000000087d00000|  0%| F|  |TAMS 0x0000000087c00000, 0x0000000087c00000| Untracked 
| 125|0x0000000087d00000, 0x0000000087d00000, 0x0000000087e00000|  0%| F|  |TAMS 0x0000000087d00000, 0x0000000087d00000| Untracked 
| 126|0x0000000087e00000, 0x0000000087e00000, 0x0000000087f00000|  0%| F|  |TAMS 0x0000000087e00000, 0x0000000087e00000| Untracked 
| 127|0x0000000087f00000, 0x0000000087f00000, 0x0000000088000000|  0%| F|  |TAMS 0x0000000087f00000, 0x0000000087f00000| Untracked 
| 128|0x0000000088000000, 0x0000000088000000, 0x0000000088100000|  0%| F|  |TAMS 0x0000000088000000, 0x0000000088000000| Untracked 
| 129|0x0000000088100000, 0x0000000088100000, 0x0000000088200000|  0%| F|  |TAMS 0x0000000088100000, 0x0000000088100000| Untracked 
| 130|0x0000000088200000, 0x0000000088200000, 0x0000000088300000|  0%| F|  |TAMS 0x0000000088200000, 0x0000000088200000| Untracked 
| 131|0x0000000088300000, 0x0000000088300000, 0x0000000088400000|  0%| F|  |TAMS 0x0000000088300000, 0x0000000088300000| Untracked 
| 132|0x0000000088400000, 0x0000000088400000, 0x0000000088500000|  0%| F|  |TAMS 0x0000000088400000, 0x0000000088400000| Untracked 
| 133|0x0000000088500000, 0x0000000088500000, 0x0000000088600000|  0%| F|  |TAMS 0x0000000088500000, 0x0000000088500000| Untracked 
| 134|0x0000000088600000, 0x0000000088600000, 0x0000000088700000|  0%| F|  |TAMS 0x0000000088600000, 0x0000000088600000| Untracked 
| 135|0x0000000088700000, 0x0000000088700000, 0x0000000088800000|  0%| F|  |TAMS 0x0000000088700000, 0x0000000088700000| Untracked 
| 136|0x0000000088800000, 0x0000000088800000, 0x0000000088900000|  0%| F|  |TAMS 0x0000000088800000, 0x0000000088800000| Untracked 
| 137|0x0000000088900000, 0x0000000088900000, 0x0000000088a00000|  0%| F|  |TAMS 0x0000000088900000, 0x0000000088900000| Untracked 
| 138|0x0000000088a00000, 0x0000000088a00000, 0x0000000088b00000|  0%| F|  |TAMS 0x0000000088a00000, 0x0000000088a00000| Untracked 
| 139|0x0000000088b00000, 0x0000000088b00000, 0x0000000088c00000|  0%| F|  |TAMS 0x0000000088b00000, 0x0000000088b00000| Untracked 
| 140|0x0000000088c00000, 0x0000000088c00000, 0x0000000088d00000|  0%| F|  |TAMS 0x0000000088c00000, 0x0000000088c00000| Untracked 
| 141|0x0000000088d00000, 0x0000000088d00000, 0x0000000088e00000|  0%| F|  |TAMS 0x0000000088d00000, 0x0000000088d00000| Untracked 
| 142|0x0000000088e00000, 0x0000000088e00000, 0x0000000088f00000|  0%| F|  |TAMS 0x0000000088e00000, 0x0000000088e00000| Untracked 
| 143|0x0000000088f00000, 0x0000000088f00000, 0x0000000089000000|  0%| F|  |TAMS 0x0000000088f00000, 0x0000000088f00000| Untracked 
| 144|0x0000000089000000, 0x0000000089000000, 0x0000000089100000|  0%| F|  |TAMS 0x0000000089000000, 0x0000000089000000| Untracked 
| 145|0x0000000089100000, 0x0000000089100000, 0x0000000089200000|  0%| F|  |TAMS 0x0000000089100000, 0x0000000089100000| Untracked 
| 146|0x0000000089200000, 0x0000000089200000, 0x0000000089300000|  0%| F|  |TAMS 0x0000000089200000, 0x0000000089200000| Untracked 
| 147|0x0000000089300000, 0x0000000089300000, 0x0000000089400000|  0%| F|  |TAMS 0x0000000089300000, 0x0000000089300000| Untracked 
| 148|0x0000000089400000, 0x0000000089400000, 0x0000000089500000|  0%| F|  |TAMS 0x0000000089400000, 0x0000000089400000| Untracked 
| 149|0x0000000089500000, 0x0000000089500000, 0x0000000089600000|  0%| F|  |TAMS 0x0000000089500000, 0x0000000089500000| Untracked 
| 150|0x0000000089600000, 0x0000000089600000, 0x0000000089700000|  0%| F|  |TAMS 0x0000000089600000, 0x0000000089600000| Untracked 
| 151|0x0000000089700000, 0x0000000089700000, 0x0000000089800000|  0%| F|  |TAMS 0x0000000089700000, 0x0000000089700000| Untracked 
| 152|0x0000000089800000, 0x0000000089800000, 0x0000000089900000|  0%| F|  |TAMS 0x0000000089800000, 0x0000000089800000| Untracked 
| 153|0x0000000089900000, 0x0000000089900000, 0x0000000089a00000|  0%| F|  |TAMS 0x0000000089900000, 0x0000000089900000| Untracked 
| 154|0x0000000089a00000, 0x0000000089a00000, 0x0000000089b00000|  0%| F|  |TAMS 0x0000000089a00000, 0x0000000089a00000| Untracked 
| 155|0x0000000089b00000, 0x0000000089b00000, 0x0000000089c00000|  0%| F|  |TAMS 0x0000000089b00000, 0x0000000089b00000| Untracked 
| 156|0x0000000089c00000, 0x0000000089c820c0, 0x0000000089d00000| 50%| E|  |TAMS 0x0000000089c00000, 0x0000000089c00000| Complete 
| 157|0x0000000089d00000, 0x0000000089e00000, 0x0000000089e00000|100%| E|CS|TAMS 0x0000000089d00000, 0x0000000089d00000| Complete 
| 158|0x0000000089e00000, 0x0000000089f00000, 0x0000000089f00000|100%| E|CS|TAMS 0x0000000089e00000, 0x0000000089e00000| Complete 
| 159|0x0000000089f00000, 0x000000008a000000, 0x000000008a000000|100%| E|CS|TAMS 0x0000000089f00000, 0x0000000089f00000| Complete 
| 160|0x000000008a000000, 0x000000008a100000, 0x000000008a100000|100%| E|CS|TAMS 0x000000008a000000, 0x000000008a000000| Complete 
| 161|0x000000008a100000, 0x000000008a200000, 0x000000008a200000|100%| E|CS|TAMS 0x000000008a100000, 0x000000008a100000| Complete 
| 162|0x000000008a200000, 0x000000008a300000, 0x000000008a300000|100%| E|CS|TAMS 0x000000008a200000, 0x000000008a200000| Complete 
| 163|0x000000008a300000, 0x000000008a400000, 0x000000008a400000|100%| E|CS|TAMS 0x000000008a300000, 0x000000008a300000| Complete 
| 164|0x000000008a400000, 0x000000008a500000, 0x000000008a500000|100%| E|CS|TAMS 0x000000008a400000, 0x000000008a400000| Complete 
| 165|0x000000008a500000, 0x000000008a600000, 0x000000008a600000|100%| E|CS|TAMS 0x000000008a500000, 0x000000008a500000| Complete 
| 166|0x000000008a600000, 0x000000008a700000, 0x000000008a700000|100%| E|CS|TAMS 0x000000008a600000, 0x000000008a600000| Complete 
| 167|0x000000008a700000, 0x000000008a800000, 0x000000008a800000|100%| E|CS|TAMS 0x000000008a700000, 0x000000008a700000| Complete 
| 168|0x000000008a800000, 0x000000008a900000, 0x000000008a900000|100%| E|CS|TAMS 0x000000008a800000, 0x000000008a800000| Complete 
| 169|0x000000008a900000, 0x000000008aa00000, 0x000000008aa00000|100%| E|CS|TAMS 0x000000008a900000, 0x000000008a900000| Complete 
| 170|0x000000008aa00000, 0x000000008ab00000, 0x000000008ab00000|100%| E|CS|TAMS 0x000000008aa00000, 0x000000008aa00000| Complete 
| 171|0x000000008ab00000, 0x000000008ac00000, 0x000000008ac00000|100%| E|CS|TAMS 0x000000008ab00000, 0x000000008ab00000| Complete 
| 172|0x000000008ac00000, 0x000000008ad00000, 0x000000008ad00000|100%| E|CS|TAMS 0x000000008ac00000, 0x000000008ac00000| Complete 
| 173|0x000000008ad00000, 0x000000008ae00000, 0x000000008ae00000|100%| E|CS|TAMS 0x000000008ad00000, 0x000000008ad00000| Complete 
| 174|0x000000008ae00000, 0x000000008af00000, 0x000000008af00000|100%| E|CS|TAMS 0x000000008ae00000, 0x000000008ae00000| Complete 
| 175|0x000000008af00000, 0x000000008b000000, 0x000000008b000000|100%| E|CS|TAMS 0x000000008af00000, 0x000000008af00000| Complete 
| 176|0x000000008b000000, 0x000000008b100000, 0x000000008b100000|100%| E|CS|TAMS 0x000000008b000000, 0x000000008b000000| Complete 
| 177|0x000000008b100000, 0x000000008b200000, 0x000000008b200000|100%| E|CS|TAMS 0x000000008b100000, 0x000000008b100000| Complete 
| 178|0x000000008b200000, 0x000000008b300000, 0x000000008b300000|100%| E|CS|TAMS 0x000000008b200000, 0x000000008b200000| Complete 
| 179|0x000000008b300000, 0x000000008b400000, 0x000000008b400000|100%| E|CS|TAMS 0x000000008b300000, 0x000000008b300000| Complete 
| 180|0x000000008b400000, 0x000000008b500000, 0x000000008b500000|100%| E|CS|TAMS 0x000000008b400000, 0x000000008b400000| Complete 
| 181|0x000000008b500000, 0x000000008b600000, 0x000000008b600000|100%| E|CS|TAMS 0x000000008b500000, 0x000000008b500000| Complete 
| 182|0x000000008b600000, 0x000000008b700000, 0x000000008b700000|100%| E|CS|TAMS 0x000000008b600000, 0x000000008b600000| Complete 
| 183|0x000000008b700000, 0x000000008b800000, 0x000000008b800000|100%| E|CS|TAMS 0x000000008b700000, 0x000000008b700000| Complete 
| 184|0x000000008b800000, 0x000000008b900000, 0x000000008b900000|100%| E|CS|TAMS 0x000000008b800000, 0x000000008b800000| Complete 

Card table byte_map: [0x0000024ee4fb0000,0x0000024ee53b0000] _byte_map_base: 0x0000024ee4bb0000

Marking Bits (Prev, Next): (CMBitMap*) 0x0000024ed0464f28, (CMBitMap*) 0x0000024ed0464f60
 Prev Bits: [0x0000024ee57b0000, 0x0000024ee77b0000)
 Next Bits: [0x0000024ee77b0000, 0x0000024ee97b0000)

Polling page: 0x0000024ed04f0000

Metaspace:

Usage:
  Non-class:     48.71 MB capacity,    47.72 MB ( 98%) used,   892.85 KB (  2%) free+waste,   120.31 KB ( <1%) overhead. 
      Class:      7.34 MB capacity,     6.88 MB ( 94%) used,   422.21 KB (  6%) free+waste,    57.50 KB ( <1%) overhead. 
       Both:     56.05 MB capacity,    54.60 MB ( 97%) used,     1.28 MB (  2%) free+waste,   177.81 KB ( <1%) overhead. 

Virtual space:
  Non-class space:       50.00 MB reserved,      48.75 MB ( 98%) committed 
      Class space:        1.00 GB reserved,       7.38 MB ( <1%) committed 
             Both:        1.05 GB reserved,      56.13 MB (  5%) committed 

Chunk freelists:
   Non-Class:  40.00 KB
       Class:  0 bytes
        Both:  40.00 KB

MaxMetaspaceSize: 17179869184.00 GB
CompressedClassSpaceSize: 1.00 GB

CodeHeap 'non-profiled nmethods': size=120064Kb used=2776Kb max_used=2776Kb free=117287Kb
 bounds [0x0000024edd040000, 0x0000024edd300000, 0x0000024ee4580000]
CodeHeap 'profiled nmethods': size=120000Kb used=10548Kb max_used=10548Kb free=109451Kb
 bounds [0x0000024ed5b10000, 0x0000024ed6560000, 0x0000024edd040000]
CodeHeap 'non-nmethods': size=5696Kb used=2233Kb max_used=2287Kb free=3462Kb
 bounds [0x0000024ed5580000, 0x0000024ed57f0000, 0x0000024ed5b10000]
 total_blobs=5805 nmethods=4989 adapters=727
 compilation: enabled
              stopped_count=0, restarted_count=0
 full_count=0

Compilation events (20 events):
Event: 9.337 Thread 0x0000024eec7d3000 5216       3       java.lang.invoke.LambdaFormBuffer::endEdit (308 bytes)
Event: 9.338 Thread 0x0000024eec7d3000 nmethod 5216 0x0000024ed6553d10 code [0x0000024ed6553fa0, 0x0000024ed6554d18]
Event: 9.339 Thread 0x0000024eec7d3000 5218       3       jdk.internal.org.objectweb.asm.Frame::initInputFrame (158 bytes)
Event: 9.339 Thread 0x0000024eec7d3000 nmethod 5218 0x0000024ed6555110 code [0x0000024ed6555360, 0x0000024ed6555c88]
Event: 9.340 Thread 0x0000024eec7d3000 5220       3       java.lang.invoke.LambdaFormBuffer::insertName (106 bytes)
Event: 9.341 Thread 0x0000024eec7d3000 nmethod 5220 0x0000024ed6556110 code [0x0000024ed65562e0, 0x0000024ed65564f8]
Event: 9.344 Thread 0x0000024eec7d3000 5224       3       java.lang.invoke.ClassSpecializer$Factory$1Var::nextIndex (18 bytes)
Event: 9.345 Thread 0x0000024eec7d3000 nmethod 5224 0x0000024ed6556610 code [0x0000024ed65567e0, 0x0000024ed6556a98]
Event: 9.345 Thread 0x0000024eec7d3000 5225       3       java.lang.invoke.MethodTypeForm::<init> (687 bytes)
Event: 9.348 Thread 0x0000024eec7d3000 nmethod 5225 0x0000024ed6556c10 code [0x0000024ed6556fe0, 0x0000024ed6559428]
Event: 9.349 Thread 0x0000024eec7d3000 5226       3       java.util.Arrays$ArrayList::size (6 bytes)
Event: 9.349 Thread 0x0000024eec7d3000 nmethod 5226 0x0000024ed655a010 code [0x0000024ed655a1c0, 0x0000024ed655a2d8]
Event: 9.351 Thread 0x0000024eec7d3000 5229       3       java.lang.invoke.ClassSpecializer$Factory$1Var::<init> (146 bytes)
Event: 9.353 Thread 0x0000024eec7d3000 nmethod 5229 0x0000024ed655a390 code [0x0000024ed655a7a0, 0x0000024ed655c098]
Event: 9.356 Thread 0x0000024eec7d3000 5233       3       java.lang.invoke.DirectMethodHandle::preparedFieldLambdaForm (183 bytes)
Event: 9.356 Thread 0x0000024eec7d3000 nmethod 5233 0x0000024ed655ca90 code [0x0000024ed655cd00, 0x0000024ed655d458]
Event: 9.357 Thread 0x0000024eec7d3000 5235       3       java.lang.invoke.ClassSpecializer$Factory$1Var::emitVarInstruction (73 bytes)
Event: 9.358 Thread 0x0000024eec7d3000 nmethod 5235 0x0000024ed655d790 code [0x0000024ed655da40, 0x0000024ed655e578]
Event: 9.359 Thread 0x0000024eec7d3000 5237       3       java.lang.invoke.LambdaFormBuffer::indexOf (25 bytes)
Event: 9.360 Thread 0x0000024eec7d3000 nmethod 5237 0x0000024ed655ea10 code [0x0000024ed655ebc0, 0x0000024ed655edb8]

GC Heap History (20 events):
Event: 0.617 GC heap before
{Heap before GC invocations=0 (full 0):
 garbage-first heap   total 131072K, used 19456K [0x0000000080000000, 0x0000000100000000)
  region size 1024K, 14 young (14336K), 0 survivors (0K)
 Metaspace       used 7467K, capacity 7615K, committed 7680K, reserved 1056768K
  class space    used 688K, capacity 748K, committed 768K, reserved 1048576K
}
Event: 0.621 GC heap after
{Heap after GC invocations=1 (full 0):
 garbage-first heap   total 131072K, used 7979K [0x0000000080000000, 0x0000000100000000)
  region size 1024K, 2 young (2048K), 2 survivors (2048K)
 Metaspace       used 7467K, capacity 7615K, committed 7680K, reserved 1056768K
  class space    used 688K, capacity 748K, committed 768K, reserved 1048576K
}
Event: 0.810 GC heap before
{Heap before GC invocations=1 (full 0):
 garbage-first heap   total 131072K, used 14123K [0x0000000080000000, 0x0000000100000000)
  region size 1024K, 8 young (8192K), 2 survivors (2048K)
 Metaspace       used 9603K, capacity 9820K, committed 10112K, reserved 1058816K
  class space    used 997K, capacity 1060K, committed 1152K, reserved 1048576K
}
Event: 0.813 GC heap after
{Heap after GC invocations=2 (full 0):
 garbage-first heap   total 131072K, used 8409K [0x0000000080000000, 0x0000000100000000)
  region size 1024K, 1 young (1024K), 1 survivors (1024K)
 Metaspace       used 9603K, capacity 9820K, committed 10112K, reserved 1058816K
  class space    used 997K, capacity 1060K, committed 1152K, reserved 1048576K
}
Event: 1.468 GC heap before
{Heap before GC invocations=2 (full 0):
 garbage-first heap   total 131072K, used 31961K [0x0000000080000000, 0x0000000100000000)
  region size 1024K, 24 young (24576K), 1 survivors (1024K)
 Metaspace       used 10580K, capacity 10773K, committed 11008K, reserved 1058816K
  class space    used 1100K, capacity 1164K, committed 1280K, reserved 1048576K
}
Event: 1.471 GC heap after
{Heap after GC invocations=3 (full 0):
 garbage-first heap   total 131072K, used 9741K [0x0000000080000000, 0x0000000100000000)
  region size 1024K, 2 young (2048K), 2 survivors (2048K)
 Metaspace       used 10580K, capacity 10773K, committed 11008K, reserved 1058816K
  class space    used 1100K, capacity 1164K, committed 1280K, reserved 1048576K
}
Event: 2.923 GC heap before
{Heap before GC invocations=3 (full 0):
 garbage-first heap   total 131072K, used 44557K [0x0000000080000000, 0x0000000100000000)
  region size 1024K, 37 young (37888K), 2 survivors (2048K)
 Metaspace       used 16704K, capacity 17073K, committed 17280K, reserved 1064960K
  class space    used 1914K, capacity 2051K, committed 2176K, reserved 1048576K
}
Event: 2.931 GC heap after
{Heap after GC invocations=4 (full 0):
 garbage-first heap   total 131072K, used 15008K [0x0000000080000000, 0x0000000100000000)
  region size 1024K, 5 young (5120K), 5 survivors (5120K)
 Metaspace       used 16704K, capacity 17073K, committed 17280K, reserved 1064960K
  class space    used 1914K, capacity 2051K, committed 2176K, reserved 1048576K
}
Event: 3.371 GC heap before
{Heap before GC invocations=4 (full 0):
 garbage-first heap   total 131072K, used 44704K [0x0000000080000000, 0x0000000100000000)
  region size 1024K, 35 young (35840K), 5 survivors (5120K)
 Metaspace       used 20628K, capacity 21108K, committed 21248K, reserved 1067008K
  class space    used 2528K, capacity 2721K, committed 2816K, reserved 1048576K
}
Event: 3.378 GC heap after
{Heap after GC invocations=5 (full 0):
 garbage-first heap   total 131072K, used 16586K [0x0000000080000000, 0x0000000100000000)
  region size 1024K, 2 young (2048K), 2 survivors (2048K)
 Metaspace       used 20628K, capacity 21108K, committed 21248K, reserved 1067008K
  class space    used 2528K, capacity 2721K, committed 2816K, reserved 1048576K
}
Event: 4.218 GC heap before
{Heap before GC invocations=6 (full 0):
 garbage-first heap   total 131072K, used 63690K [0x0000000080000000, 0x0000000100000000)
  region size 1024K, 48 young (49152K), 2 survivors (2048K)
 Metaspace       used 25897K, capacity 26588K, committed 26752K, reserved 1073152K
  class space    used 3365K, capacity 3593K, committed 3712K, reserved 1048576K
}
Event: 4.226 GC heap after
{Heap after GC invocations=7 (full 0):
 garbage-first heap   total 157696K, used 18962K [0x0000000080000000, 0x0000000100000000)
  region size 1024K, 4 young (4096K), 4 survivors (4096K)
 Metaspace       used 25897K, capacity 26588K, committed 26752K, reserved 1073152K
  class space    used 3365K, capacity 3593K, committed 3712K, reserved 1048576K
}
Event: 5.254 GC heap before
{Heap before GC invocations=7 (full 0):
 garbage-first heap   total 157696K, used 83474K [0x0000000080000000, 0x0000000100000000)
  region size 1024K, 60 young (61440K), 4 survivors (4096K)
 Metaspace       used 35072K, capacity 35835K, committed 35840K, reserved 1081344K
  class space    used 4553K, capacity 4862K, committed 4864K, reserved 1048576K
}
Event: 5.271 GC heap after
{Heap after GC invocations=8 (full 0):
 garbage-first heap   total 157696K, used 33944K [0x0000000080000000, 0x0000000100000000)
  region size 1024K, 10 young (10240K), 10 survivors (10240K)
 Metaspace       used 35072K, capacity 35835K, committed 35840K, reserved 1081344K
  class space    used 4553K, capacity 4862K, committed 4864K, reserved 1048576K
}
Event: 6.499 GC heap before
{Heap before GC invocations=9 (full 0):
 garbage-first heap   total 157696K, used 107672K [0x0000000080000000, 0x0000000100000000)
  region size 1024K, 72 young (73728K), 10 survivors (10240K)
 Metaspace       used 41873K, capacity 42901K, committed 43136K, reserved 1087488K
  class space    used 5284K, capacity 5660K, committed 5760K, reserved 1048576K
}
Event: 6.514 GC heap after
{Heap after GC invocations=10 (full 0):
 garbage-first heap   total 157696K, used 46639K [0x0000000080000000, 0x0000000100000000)
  region size 1024K, 6 young (6144K), 6 survivors (6144K)
 Metaspace       used 41873K, capacity 42901K, committed 43136K, reserved 1087488K
  class space    used 5284K, capacity 5660K, committed 5760K, reserved 1048576K
}
Event: 7.608 GC heap before
{Heap before GC invocations=10 (full 0):
 garbage-first heap   total 157696K, used 112175K [0x0000000080000000, 0x0000000100000000)
  region size 1024K, 70 young (71680K), 6 survivors (6144K)
 Metaspace       used 47878K, capacity 49137K, committed 49280K, reserved 1091584K
  class space    used 6081K, capacity 6496K, committed 6528K, reserved 1048576K
}
Event: 7.626 GC heap after
{Heap after GC invocations=11 (full 0):
 garbage-first heap   total 157696K, used 51984K [0x0000000080000000, 0x0000000100000000)
  region size 1024K, 5 young (5120K), 5 survivors (5120K)
 Metaspace       used 47878K, capacity 49137K, committed 49280K, reserved 1091584K
  class space    used 6081K, capacity 6496K, committed 6528K, reserved 1048576K
}
Event: 8.961 GC heap before
{Heap before GC invocations=11 (full 0):
 garbage-first heap   total 157696K, used 118544K [0x0000000080000000, 0x0000000100000000)
  region size 1024K, 68 young (69632K), 5 survivors (5120K)
 Metaspace       used 51573K, capacity 53018K, committed 53120K, reserved 1095680K
  class space    used 6530K, capacity 6992K, committed 7040K, reserved 1048576K
}
Event: 8.974 GC heap after
{Heap after GC invocations=12 (full 0):
 garbage-first heap   total 189440K, used 62090K [0x0000000080000000, 0x0000000100000000)
  region size 1024K, 9 young (9216K), 9 survivors (9216K)
 Metaspace       used 51573K, capacity 53018K, committed 53120K, reserved 1095680K
  class space    used 6530K, capacity 6992K, committed 7040K, reserved 1048576K
}

Deoptimization events (20 events):
Event: 8.762 Thread 0x0000024eedc01800 DEOPT PACKING pc=0x0000024edd146278 sp=0x000000d22b5f9f80
Event: 8.762 Thread 0x0000024eedc01800 DEOPT UNPACKING pc=0x0000024ed55a74af sp=0x000000d22b5f9f28 mode 2
Event: 8.789 Thread 0x0000024eedc01800 DEOPT PACKING pc=0x0000024ed605c2f9 sp=0x000000d22b5f9690
Event: 8.789 Thread 0x0000024eedc01800 DEOPT UNPACKING pc=0x0000024ed55a72ce sp=0x000000d22b5f8bd8 mode 0
Event: 8.799 Thread 0x0000024eedc01800 DEOPT PACKING pc=0x0000024ed60303f9 sp=0x000000d22b5f8cd0
Event: 8.799 Thread 0x0000024eedc01800 DEOPT UNPACKING pc=0x0000024ed55a72ce sp=0x000000d22b5f81a0 mode 0
Event: 8.942 Thread 0x0000024eedc01800 Uncommon trap: trap_request=0xffffff4d fr.pc=0x0000024edd0a23f4 relative=0x0000000000000054
Event: 8.942 Thread 0x0000024eedc01800 Uncommon trap: reason=unstable_if action=reinterpret pc=0x0000024edd0a23f4 method=java.util.regex.Pattern.has(I)Z @ 6 c2
Event: 8.942 Thread 0x0000024eedc01800 DEOPT PACKING pc=0x0000024edd0a23f4 sp=0x000000d22b5f6790
Event: 8.942 Thread 0x0000024eedc01800 DEOPT UNPACKING pc=0x0000024ed55a74af sp=0x000000d22b5f6720 mode 2
Event: 8.975 Thread 0x0000024eedc01800 Uncommon trap: trap_request=0xffffff45 fr.pc=0x0000024edd1af9a0 relative=0x0000000000000d60
Event: 8.975 Thread 0x0000024eedc01800 Uncommon trap: reason=unstable_fused_if action=reinterpret pc=0x0000024edd1af9a0 method=org.objectweb.asm.ByteVector.putUTF8(Ljava/lang/String;)Lorg/objectweb/asm/ByteVector; @ 93 c2
Event: 8.975 Thread 0x0000024eedc01800 DEOPT PACKING pc=0x0000024edd1af9a0 sp=0x000000d22b5f8160
Event: 8.975 Thread 0x0000024eedc01800 DEOPT UNPACKING pc=0x0000024ed55a74af sp=0x000000d22b5f80b8 mode 2
Event: 9.008 Thread 0x0000024eedc01800 Uncommon trap: trap_request=0xffffff45 fr.pc=0x0000024edd151bf4 relative=0x0000000000000214
Event: 9.008 Thread 0x0000024eedc01800 Uncommon trap: reason=unstable_fused_if action=reinterpret pc=0x0000024edd151bf4 method=org.objectweb.asm.ByteVector.putUTF8(Ljava/lang/String;)Lorg/objectweb/asm/ByteVector; @ 93 c2
Event: 9.008 Thread 0x0000024eedc01800 DEOPT PACKING pc=0x0000024edd151bf4 sp=0x000000d22b5f80b0
Event: 9.008 Thread 0x0000024eedc01800 DEOPT UNPACKING pc=0x0000024ed55a74af sp=0x000000d22b5f8030 mode 2
Event: 9.364 Thread 0x0000024eedc01800 DEOPT PACKING pc=0x0000024ed5d3b3e2 sp=0x000000d22b5f2ea0
Event: 9.364 Thread 0x0000024eedc01800 DEOPT UNPACKING pc=0x0000024ed55a72ce sp=0x000000d22b5f2330 mode 0

Classes redefined (0 events):
No events

Internal exceptions (20 events):
Event: 8.700 Thread 0x0000024eedc01800 Exception <a 'java/lang/ClassNotFoundException'{0x00000000869a3450}: org/gradle/api/tasks/Delete_DecoratedBeanInfo> (0x00000000869a3450) thrown at [./src/hotspot/share/classfile/systemDictionary.cpp, line 231]
Event: 8.702 Thread 0x0000024eedc01800 Exception <a 'java/lang/ClassNotFoundException'{0x00000000869c61a0}: org/gradle/api/tasks/DeleteBeanInfo> (0x00000000869c61a0) thrown at [./src/hotspot/share/classfile/systemDictionary.cpp, line 231]
Event: 8.703 Thread 0x0000024eedc01800 Exception <a 'java/lang/ClassNotFoundException'{0x00000000869eb200}: org/gradle/api/internal/ConventionTaskBeanInfo> (0x00000000869eb200) thrown at [./src/hotspot/share/classfile/systemDictionary.cpp, line 231]
Event: 8.703 Thread 0x0000024eedc01800 Exception <a 'java/lang/ClassNotFoundException'{0x000000008680df78}: org/gradle/api/DefaultTaskBeanInfo> (0x000000008680df78) thrown at [./src/hotspot/share/classfile/systemDictionary.cpp, line 231]
Event: 8.704 Thread 0x0000024eedc01800 Exception <a 'java/lang/ClassNotFoundException'{0x0000000086833d48}: org/gradle/api/internal/AbstractTaskBeanInfo> (0x0000000086833d48) thrown at [./src/hotspot/share/classfile/systemDictionary.cpp, line 231]
Event: 8.705 Thread 0x0000024eedc01800 Exception <a 'java/lang/ClassNotFoundException'{0x0000000086859820}: org/gradle/api/internal/AbstractTaskCustomizer> (0x0000000086859820) thrown at [./src/hotspot/share/classfile/systemDictionary.cpp, line 231]
Event: 8.708 Thread 0x0000024eedc01800 Exception <a 'java/lang/ClassNotFoundException'{0x00000000868be900}: org/gradle/api/DefaultTaskCustomizer> (0x00000000868be900) thrown at [./src/hotspot/share/classfile/systemDictionary.cpp, line 231]
Event: 8.713 Thread 0x0000024eedc01800 Exception <a 'java/lang/ClassNotFoundException'{0x0000000086739040}: org/gradle/api/internal/ConventionTaskCustomizer> (0x0000000086739040) thrown at [./src/hotspot/share/classfile/systemDictionary.cpp, line 231]
Event: 8.715 Thread 0x0000024eedc01800 Exception <a 'java/lang/ClassNotFoundException'{0x000000008676a8a8}: org/gradle/api/tasks/DeleteCustomizer> (0x000000008676a8a8) thrown at [./src/hotspot/share/classfile/systemDictionary.cpp, line 231]
Event: 8.717 Thread 0x0000024eedc01800 Exception <a 'java/lang/ClassNotFoundException'{0x00000000867a2cd0}: org/gradle/api/tasks/Delete_DecoratedCustomizer> (0x00000000867a2cd0) thrown at [./src/hotspot/share/classfile/systemDictionary.cpp, line 231]
Event: 8.749 Thread 0x0000024eedc01800 Exception <a 'java/lang/ClassNotFoundException'{0x00000000866b6290}: build_eno2p63z4qkzy7o2fyg5xpjpkBeanInfo> (0x00000000866b6290) thrown at [./src/hotspot/share/classfile/systemDictionary.cpp, line 231]
Event: 8.749 Thread 0x0000024eedc01800 Exception <a 'java/lang/ClassNotFoundException'{0x00000000866bf098}: build_eno2p63z4qkzy7o2fyg5xpjpkCustomizer> (0x00000000866bf098) thrown at [./src/hotspot/share/classfile/systemDictionary.cpp, line 231]
Event: 8.757 Thread 0x0000024eedc01800 Exception <a 'java/lang/ClassNotFoundException'{0x0000000086532cb0}: org/gradle/plugin/use/internal/PluginRequestCollector$PluginDependenciesSpecImplBeanInfo> (0x0000000086532cb0) thrown at [./src/hotspot/share/classfile/systemDictionary.cpp, line 231]
Event: 8.757 Thread 0x0000024eedc01800 Exception <a 'java/lang/ClassNotFoundException'{0x0000000086558a20}: org/gradle/plugin/use/internal/PluginRequestCollector$PluginDependenciesSpecImplCustomizer> (0x0000000086558a20) thrown at [./src/hotspot/share/classfile/systemDictionary.cpp, line 231]
Event: 8.768 Thread 0x0000024eedc01800 Exception <a 'java/lang/NoSuchMethodError'{0x00000000865d0e20}: 'void java.lang.invoke.DirectMethodHandle$Holder.invokeInterface(java.lang.Object, java.lang.Object)'> (0x00000000865d0e20) thrown at [./src/hotspot/share/interpreter/linkResolver.cpp, line 773]
Event: 8.977 Thread 0x0000024eedc01800 Exception <a 'java/lang/NoSuchMethodError'{0x000000008b8226f0}: 'java.lang.Object java.lang.invoke.DirectMethodHandle$Holder.invokeStatic(java.lang.Object, java.lang.Object, java.lang.Object, java.lang.Object, int)'> (0x000000008b8226f0) thrown at [./src/hotspot/share/interpreter/linkResolver.cpp, line 773]
Event: 8.978 Thread 0x0000024eedc01800 Exception <a 'java/lang/NoSuchMethodError'{0x000000008b8270e8}: 'java.lang.Object java.lang.invoke.DirectMethodHandle$Holder.invokeSpecial(java.lang.Object, java.lang.Object, java.lang.Object, java.lang.Object, java.lang.Object, int)'> (0x000000008b8270e8) thrown at [./src/hotspot/share/interpreter/linkResolver.cpp, line 773]
Event: 8.978 Thread 0x0000024eedc01800 Exception <a 'java/lang/NoSuchMethodError'{0x000000008b82b728}: 'java.lang.Object java.lang.invoke.Invokers$Holder.linkToTargetMethod(java.lang.Object, java.lang.Object, java.lang.Object, int, java.lang.Object)'> (0x000000008b82b728) thrown at [./src/hotspot/share/interpreter/linkResolver.cpp, line 773]
Event: 9.342 Thread 0x0000024eedc01800 Exception <a 'java/lang/NoSuchMethodError'{0x000000008a599520}: 'java.lang.Object java.lang.invoke.DirectMethodHandle$Holder.invokeSpecial(java.lang.Object, java.lang.Object, int, int, java.lang.Object, java.lang.Object, java.lang.Object)'> (0x000000008a599520) thrown at [./src/hotspot/share/interpreter/linkResolver.cpp, line 773]
Event: 9.342 Thread 0x0000024eedc01800 Exception <a 'java/lang/NoSuchMethodError'{0x000000008a59daa0}: 'java.lang.Object java.lang.invoke.DelegatingMethodHandle$Holder.reinvoke_L(java.lang.Object, int, int, java.lang.Object, java.lang.Object, java.lang.Object)'> (0x000000008a59daa0) thrown at [./src/hotspot/share/interpreter/linkResolver.cpp, line 773]

Events (20 events):
Event: 9.441 loading class org/apache/xerces/impl/XMLNSDocumentScannerImpl$NSContentDispatcher
Event: 9.441 loading class org/apache/xerces/impl/XMLNSDocumentScannerImpl$NSContentDispatcher done
Event: 9.442 loading class org/apache/xerces/impl/XMLDocumentScannerImpl$ContentDispatcher
Event: 9.442 loading class org/apache/xerces/impl/XMLDocumentScannerImpl$ContentDispatcher done
Event: 9.442 loading class org/apache/xerces/impl/XMLDocumentFragmentScannerImpl$FragmentContentDispatcher
Event: 9.442 loading class org/apache/xerces/impl/XMLDocumentFragmentScannerImpl$FragmentContentDispatcher done
Event: 9.443 loading class java/io/CharConversionException
Event: 9.443 loading class java/io/CharConversionException done
Event: 9.443 loading class org/apache/xerces/impl/io/MalformedByteSequenceException
Event: 9.443 loading class org/apache/xerces/impl/io/MalformedByteSequenceException done
Event: 9.445 loading class org/apache/xerces/util/XMLAttributesImpl
Event: 9.445 loading class org/apache/xerces/util/XMLAttributesImpl done
Event: 9.447 loading class org/apache/xerces/util/XMLAttributesImpl$Attribute
Event: 9.447 loading class org/apache/xerces/util/XMLAttributesImpl$Attribute done
Event: 9.448 loading class org/apache/xerces/util/NamespaceSupport
Event: 9.448 loading class org/apache/xerces/util/NamespaceSupport done
Event: 9.449 loading class org/apache/xerces/impl/XMLDocumentScannerImpl$XMLDeclDispatcher
Event: 9.449 loading class org/apache/xerces/impl/XMLDocumentScannerImpl$XMLDeclDispatcher done
Event: 9.450 loading class org/apache/xerces/impl/XMLDocumentScannerImpl$PrologDispatcher
Event: 9.450 loading class org/apache/xerces/impl/XMLDocumentScannerImpl$PrologDispatcher done


Dynamic libraries:
0x00007ff67d5b0000 - 0x00007ff67d5ba000 	E:\Program Files\Android\Android Studio\jre\bin\java.exe
0x00007fff18340000 - 0x00007fff18530000 	C:\Windows\SYSTEM32\ntdll.dll
0x00007ffecbad0000 - 0x00007ffecbb04000 	C:\Program Files\AVAST Software\Avast\x64\aswhooka.dll
0x00007fff16530000 - 0x00007fff165e2000 	C:\Windows\System32\KERNEL32.DLL
0x00007fff15490000 - 0x00007fff15735000 	C:\Windows\System32\KERNELBASE.dll
0x00007fff162f0000 - 0x00007fff163ea000 	C:\Windows\System32\ucrtbase.dll
0x00007ffefce20000 - 0x00007ffefce39000 	E:\Program Files\Android\Android Studio\jre\bin\jli.dll
0x00007fff165f0000 - 0x00007fff16784000 	C:\Windows\System32\USER32.dll
0x00007fff15a40000 - 0x00007fff15a61000 	C:\Windows\System32\win32u.dll
0x00007fff18130000 - 0x00007fff18156000 	C:\Windows\System32\GDI32.dll
0x00007fff15850000 - 0x00007fff159e6000 	C:\Windows\System32\gdi32full.dll
0x00007fff16200000 - 0x00007fff1629e000 	C:\Windows\System32\msvcp_win.dll
0x00007ffefb4a0000 - 0x00007ffefb4b7000 	E:\Program Files\Android\Android Studio\jre\bin\VCRUNTIME140.dll
0x00007fff02ec0000 - 0x00007fff03144000 	C:\Windows\WinSxS\amd64_microsoft.windows.common-controls_6595b64144ccf1df_6.0.18362.1256_none_9e7e379be45e40e2\COMCTL32.dll
0x00007fff167f0000 - 0x00007fff1688e000 	C:\Windows\System32\msvcrt.dll
0x00007fff179c0000 - 0x00007fff17cf6000 	C:\Windows\System32\combase.dll
0x00007fff17730000 - 0x00007fff17850000 	C:\Windows\System32\RPCRT4.dll
0x00007fff15400000 - 0x00007fff15481000 	C:\Windows\System32\bcryptPrimitives.dll
0x00007fff17d60000 - 0x00007fff17d8e000 	C:\Windows\System32\IMM32.DLL
0x00007ffef7030000 - 0x00007ffef70cd000 	E:\Program Files\Android\Android Studio\jre\bin\msvcp140.dll
0x00007ffeae6b0000 - 0x00007ffeaf16c000 	E:\Program Files\Android\Android Studio\jre\bin\server\jvm.dll
0x00007fff17ed0000 - 0x00007fff17f73000 	C:\Windows\System32\ADVAPI32.dll
0x00007fff17920000 - 0x00007fff179b7000 	C:\Windows\System32\sechost.dll
0x00007fff17230000 - 0x00007fff17238000 	C:\Windows\System32\PSAPI.DLL
0x00007ffee8170000 - 0x00007ffee8179000 	C:\Windows\SYSTEM32\WSOCK32.dll
0x00007fff17d90000 - 0x00007fff17dff000 	C:\Windows\System32\WS2_32.dll
0x00007fff12da0000 - 0x00007fff12dc4000 	C:\Windows\SYSTEM32\WINMM.dll
0x00007fff0d990000 - 0x00007fff0d99a000 	C:\Windows\SYSTEM32\VERSION.dll
0x00007fff12920000 - 0x00007fff1294d000 	C:\Windows\SYSTEM32\WINMMBASE.dll
0x00007fff159f0000 - 0x00007fff15a3a000 	C:\Windows\System32\cfgmgr32.dll
0x00007fff151f0000 - 0x00007fff15201000 	C:\Windows\System32\kernel.appcore.dll
0x00007fff12fb0000 - 0x00007fff12fc1000 	E:\Program Files\Android\Android Studio\jre\bin\verify.dll
0x00007fff13a80000 - 0x00007fff13c74000 	C:\Windows\SYSTEM32\DBGHELP.DLL
0x00007fff029b0000 - 0x00007fff029da000 	C:\Windows\SYSTEM32\dbgcore.DLL
0x00007fff12f80000 - 0x00007fff12fa9000 	E:\Program Files\Android\Android Studio\jre\bin\java.dll
0x00007fff12f70000 - 0x00007fff12f7b000 	E:\Program Files\Android\Android Studio\jre\bin\jimage.dll
0x00007fff12f50000 - 0x00007fff12f68000 	E:\Program Files\Android\Android Studio\jre\bin\zip.dll
0x00007fff169e0000 - 0x00007fff170c7000 	C:\Windows\System32\SHELL32.dll
0x00007fff18250000 - 0x00007fff182f9000 	C:\Windows\System32\shcore.dll
0x00007fff15a70000 - 0x00007fff161f1000 	C:\Windows\System32\windows.storage.dll
0x00007fff15230000 - 0x00007fff15253000 	C:\Windows\System32\profapi.dll
0x00007fff15260000 - 0x00007fff152aa000 	C:\Windows\System32\powrprof.dll
0x00007fff151e0000 - 0x00007fff151f0000 	C:\Windows\System32\UMPDC.dll
0x00007fff17d00000 - 0x00007fff17d52000 	C:\Windows\System32\shlwapi.dll
0x00007fff162d0000 - 0x00007fff162e7000 	C:\Windows\System32\cryptsp.dll
0x00007fff12f30000 - 0x00007fff12f4a000 	E:\Program Files\Android\Android Studio\jre\bin\net.dll
0x00007fff057a0000 - 0x00007fff05890000 	C:\Windows\SYSTEM32\WINHTTP.dll
0x00007fff149d0000 - 0x00007fff14a37000 	C:\Windows\system32\mswsock.dll
0x00007fff12f10000 - 0x00007fff12f24000 	E:\Program Files\Android\Android Studio\jre\bin\nio.dll
0x00007ffeff7c0000 - 0x00007ffeff7e7000 	C:\Users\hp\.gradle\native\fdc75f09e3144964f2cf3f50f0aa648679c211496f362492102eb8c894070792\windows-amd64\native-platform.dll
0x00007ffefa9c0000 - 0x00007ffefab56000 	C:\Users\hp\.gradle\native\12488b8bf47d2d4c9fbf2f6322a914ad602e24e48041cd04a747c6da556b65c4\windows-amd64\native-platform-file-events.dll
0x00007fff12f00000 - 0x00007fff12f0a000 	E:\Program Files\Android\Android Studio\jre\bin\management.dll
0x00007fff0f3e0000 - 0x00007fff0f3ec000 	E:\Program Files\Android\Android Studio\jre\bin\management_ext.dll
0x00007fff14540000 - 0x00007fff14573000 	C:\Windows\system32\rsaenh.dll
0x00007fff162a0000 - 0x00007fff162c6000 	C:\Windows\System32\bcrypt.dll
0x00007fff15100000 - 0x00007fff15125000 	C:\Windows\SYSTEM32\USERENV.dll
0x00007fff14ba0000 - 0x00007fff14bac000 	C:\Windows\SYSTEM32\CRYPTBASE.dll
0x00007fff146e0000 - 0x00007fff1471a000 	C:\Windows\SYSTEM32\IPHLPAPI.DLL
0x00007fff16520000 - 0x00007fff16528000 	C:\Windows\System32\NSI.dll
0x00007fff05f50000 - 0x00007fff05f66000 	C:\Windows\SYSTEM32\dhcpcsvc6.DLL
0x00007fff05fa0000 - 0x00007fff05fbc000 	C:\Windows\SYSTEM32\dhcpcsvc.DLL
0x00007fff14720000 - 0x00007fff147eb000 	C:\Windows\SYSTEM32\DNSAPI.dll
0x00007fff066d0000 - 0x00007fff066db000 	C:\Windows\SYSTEM32\WINNSI.DLL

dbghelp: loaded successfully - version: 4.0.5 - missing functions: none
symbol engine: initialized successfully - sym options: 0x614 - pdb path: .;E:\Program Files\Android\Android Studio\jre\bin;C:\Windows\SYSTEM32;C:\Program Files\AVAST Software\Avast\x64;C:\Windows\WinSxS\amd64_microsoft.windows.common-controls_6595b64144ccf1df_6.0.18362.1256_none_9e7e379be45e40e2;E:\Program Files\Android\Android Studio\jre\bin\server;C:\Users\hp\.gradle\native\fdc75f09e3144964f2cf3f50f0aa648679c211496f362492102eb8c894070792\windows-amd64;C:\Users\hp\.gradle\native\12488b8bf47d2d4c9fbf2f6322a914ad602e24e48041cd04a747c6da556b65c4\windows-amd64

VM Arguments:
jvm_args: --add-opens=java.base/java.util=ALL-UNNAMED --add-opens=java.base/java.lang=ALL-UNNAMED --add-opens=java.base/java.lang.invoke=ALL-UNNAMED --add-opens=java.prefs/java.util.prefs=ALL-UNNAMED -Xmx2048m -Dfile.encoding=UTF-8 -Duser.country=US -Duser.language=en -Duser.variant 
java_command: org.gradle.launcher.daemon.bootstrap.GradleDaemon 6.7.1
java_class_path (initial): C:\Users\hp\.gradle\wrapper\dists\gradle-6.7.1-bin\bwlcbys1h7rz3272sye1xwiv6\gradle-6.7.1\lib\gradle-launcher-6.7.1.jar
Launcher Type: SUN_STANDARD

[Global flags]
     intx CICompilerCount                          = 3                                         {product} {ergonomic}
     uint ConcGCThreads                            = 1                                         {product} {ergonomic}
     uint G1ConcRefinementThreads                  = 4                                         {product} {ergonomic}
   size_t G1HeapRegionSize                         = 1048576                                   {product} {ergonomic}
    uintx GCDrainStackTargetSize                   = 64                                        {product} {ergonomic}
   size_t InitialHeapSize                          = 134217728                                 {product} {ergonomic}
   size_t MarkStackSize                            = 4194304                                   {product} {ergonomic}
   size_t MaxHeapSize                              = 2147483648                                {product} {command line}
   size_t MaxNewSize                               = 1287651328                                {product} {ergonomic}
   size_t MinHeapDeltaBytes                        = 1048576                                   {product} {ergonomic}
    uintx NonNMethodCodeHeapSize                   = 5830732                                {pd product} {ergonomic}
    uintx NonProfiledCodeHeapSize                  = 122913754                              {pd product} {ergonomic}
    uintx ProfiledCodeHeapSize                     = 122913754                              {pd product} {ergonomic}
    uintx ReservedCodeCacheSize                    = 251658240                              {pd product} {ergonomic}
     bool SegmentedCodeCache                       = true                                      {product} {ergonomic}
     bool UseCompressedClassPointers               = true                                 {lp64_product} {ergonomic}
     bool UseCompressedOops                        = true                                 {lp64_product} {ergonomic}
     bool UseG1GC                                  = true                                      {product} {ergonomic}
     bool UseLargePagesIndividualAllocation        = false                                  {pd product} {ergonomic}

Logging:
Log output configuration:
 #0: stdout all=warning uptime,level,tags
 #1: stderr all=off uptime,level,tags

Environment Variables:
JAVA_HOME=C:\Program Files\Java\jdk-17.0.1
PATH=C:\ffmpeg\bin;C:\Program Files\Common Files\Oracle\Java\javapath;C:\Python310\Scripts\;C:\Python310\;C:\ProgramData\Oracle\Java\javapath;C:\Windows\system32;C:\Windows;C:\Windows\System32\Wbem;C:\Windows\System32\WindowsPowerShell\v1.0\;C:\Windows\System32\OpenSSH\;C:\Program Files\Java\jdk-17\bin;C:\Program Files\Microsoft SQL Server\Client SDK\ODBC\110\Tools\Binn\;C:\Program Files\Microsoft SQL Server\Client SDK\ODBC\170\Tools\Binn\;C:\ProgramData\chocolatey\bin;C:\Program Files\Java\jdk-17.0.1\bin;C:\Program Files\Azure Data Studio\bin;C:\Program Files\dotnet\;C:\Program Files\Git\cmd;C:\Program Files\nodejs\;C:\Users\hp\AppData\Local\Microsoft\WindowsApps;D:\Microsoft VS Code\bin;C:\Users\hp\AppData\Local\Android\Sdk\platform-tools;C:\Program Files (x86)\Microsoft SQL Server\150\DTS\Binn\;C:\Program Files (x86)\Microsoft SQL Server\150\Tools\Binn\;C:\Program Files\Microsoft SQL Server\150\Tools\Binn\;C:\Program Files\Microsoft SQL Server\150\DTS\Binn\;C:\Users\hp\AppData\Local\Microsoft\WindowsApps;D:\Microsoft VS Code\bin;C:\Program Files\Azure Data Studio\bin;C:\Users\hp\AppData\Local\Android\Sdk\platform-tools;;C:\Users\hp\AppData\Local\Programs\Microsoft VS Code\bin;C:\Users\hp\.dotnet\tools;C:\Users\hp\AppData\Roaming\npm
USERNAME=hp
OS=Windows_NT
PROCESSOR_IDENTIFIER=Intel64 Family 6 Model 142 Stepping 9, GenuineIntel



---------------  S Y S T E M  ---------------

OS: Windows 10 , 64 bit Build 18362 (10.0.18362.1110)
OS uptime: 0 days 0:32 hours

CPU:total 4 (initial active 4) (2 cores per cpu, 2 threads per core) family 6 model 142 stepping 9, cmov, cx8, fxsr, mmx, sse, sse2, sse3, ssse3, sse4.1, sse4.2, popcnt, avx, avx2, aes, clmul, erms, 3dnowpref, lzcnt, ht, tsc, tscinvbit, bmi1, bmi2, adx, fma

Memory: 4k page, system-wide physical 8078M (534M free)
TotalPageFile size 8078M (AvailPageFile size 6M)
current process WorkingSet (physical memory assigned to process): 349M, peak: 349M
current process commit charge ("private bytes"): 410M, peak: 413M

vm_info: OpenJDK 64-Bit Server VM (11.0.8+10-b944.6842174) for windows-amd64 JRE (11.0.8+10-b944.6842174), built on Sep 19 2020 01:11:42 by "builder" with MS VC++ 14.0 (VS2015)

END.
