#
# There is insufficient memory for the Java Runtime Environment to continue.
# Native memory allocation (mmap) failed to map 191889408 bytes for Failed to commit area from 0x0000000091b00000 to 0x000000009d200000 of length 191889408.
# Possible reasons:
#   The system is out of physical RAM or swap space
#   The process is running with CompressedOops enabled, and the Java Heap may be blocking the growth of the native heap
# Possible solutions:
#   Reduce memory load on the system
#   Increase physical memory or swap space
#   Check if swap backing store is full
#   Decrease Java heap size (-Xmx/-Xms)
#   Decrease number of Java threads
#   Decrease Java thread stack sizes (-Xss)
#   Set larger code cache with -XX:ReservedCodeCacheSize=
#   JVM is running with Unscaled Compressed Oops mode in which the Java heap is
#     placed in the first 4GB address space. The Java Heap base address is the
#     maximum limit for the native heap growth. Please use -XX:HeapBaseMinAddress
#     to set the Java Heap base and to place the Java Heap above 4GB virtual address.
# This output file may be truncated or incomplete.
#
#  Out of Memory Error (./src/hotspot/os/windows/os_windows.cpp:3303), pid=3440, tid=4308
#
# JRE version: OpenJDK Runtime Environment (11.0.8+10) (build 11.0.8+10-b944.6842174)
# Java VM: OpenJDK 64-Bit Server VM (11.0.8+10-b944.6842174, mixed mode, tiered, compressed oops, g1 gc, windows-amd64)
# No core dump will be written. Minidumps are not enabled by default on client versions of Windows
#

---------------  S U M M A R Y ------------

Command Line: --add-opens=java.base/java.util=ALL-UNNAMED --add-opens=java.base/java.lang=ALL-UNNAMED --add-opens=java.base/java.lang.invoke=ALL-UNNAMED --add-opens=java.prefs/java.util.prefs=ALL-UNNAMED -Xmx2048m -Dfile.encoding=UTF-8 -Duser.country=US -Duser.language=en -Duser.variant org.gradle.launcher.daemon.bootstrap.GradleDaemon 6.7.1

Host: Intel(R) Core(TM) i5-7200U CPU @ 2.50GHz, 4 cores, 7G,  Windows 10 , 64 bit Build 18362 (10.0.18362.1110)
Time: Wed Jun  1 00:05:19 2022 Morocco Daylight Time elapsed time: 947 seconds (0d 0h 15m 47s)

---------------  T H R E A D  ---------------

Current thread (0x0000012ca2a78800):  VMThread "VM Thread" [stack: 0x00000018c0c00000,0x00000018c0d00000] [id=4308]

Stack: [0x00000018c0c00000,0x00000018c0d00000]
[error occurred during error reporting (printing stack bounds), id 0xc0000005, EXCEPTION_ACCESS_VIOLATION (0xc0000005) at pc=0x0000012c8c980dad]

Native frames: (J=compiled Java code, j=interpreted, Vv=VM code, C=native code)
V  [jvm.dll+0x5de50a]
V  [jvm.dll+0x7122f5]
V  [jvm.dll+0x71384d]
V  [jvm.dll+0x713e65]
V  [jvm.dll+0x713e1b]
V  [jvm.dll+0x5dd958]
V  [jvm.dll+0x5de0f8]
C  [ntdll.dll+0xa184f]
C  [ntdll.dll+0x6a889]
C  [ntdll.dll+0xa04be]
C  0x0000012c8c980dad

VM_Operation (0x00000018ca5fe230): G1CollectForAllocation, mode: safepoint, requested by thread 0x0000012ca8cc9000


---------------  P R O C E S S  ---------------

Threads class SMR info:
_java_thread_list=0x0000012ca8aab640, length=150, elements={
0x0000012c89010000, 0x0000012ca2a7c800, 0x0000012ca2a7e800, 0x0000012ca33f2800,
0x0000012ca33f3800, 0x0000012ca33f5000, 0x0000012ca33fe000, 0x0000012ca2a94800,
0x0000012ca353a800, 0x0000012ca354d000, 0x0000012ca4af3800, 0x0000012ca48ac800,
0x0000012ca537c000, 0x0000012ca5670800, 0x0000012ca566e000, 0x0000012ca5673800,
0x0000012ca5674800, 0x0000012ca8e33800, 0x0000012ca8292000, 0x0000012ca8e31800,
0x0000012ca8e34000, 0x0000012ca8e32800, 0x0000012ca8e35000, 0x0000012ca8e30000,
0x0000012ca8e36800, 0x0000012ca8e31000, 0x0000012ca8e3b800, 0x0000012ca4dbc800,
0x0000012ca8e3c000, 0x0000012ca8e3d000, 0x0000012ca8e38000, 0x0000012ca8e37800,
0x0000012ca8e3a000, 0x0000012ca8e3e000, 0x0000012ca8e3e800, 0x0000012ca8e3a800,
0x0000012ca8e39000, 0x0000012ca828a800, 0x0000012ca828d000, 0x0000012ca828b800,
0x0000012ca828c000, 0x0000012ca8289000, 0x0000012ca8288000, 0x0000012ca8287800,
0x0000012ca828a000, 0x0000012ca8292800, 0x0000012ca8293800, 0x0000012ca828e800,
0x0000012ca828e000, 0x0000012ca8294800, 0x0000012ca8295000, 0x0000012ca828f800,
0x0000012ca8296000, 0x0000012ca8290800, 0x0000012ca566f000, 0x0000012ca566f800,
0x0000012ca5671000, 0x0000012ca5672000, 0x0000012ca5673000, 0x0000012ca8e51000,
0x0000012ca8e4b800, 0x0000012ca8e4f800, 0x0000012ca8e4c800, 0x0000012ca8e4d000,
0x0000012ca8e52000, 0x0000012ca8e4e000, 0x0000012ca8e50800, 0x0000012ca8e4f000,
0x0000012ca7fc9800, 0x0000012ca7fc9000, 0x0000012ca7fca800, 0x0000012ca7fcb800,
0x0000012ca7fcc000, 0x0000012ca7fcd000, 0x0000012ca7fc7800, 0x0000012ca7fce000,
0x0000012ca7fc8000, 0x0000012ca7fd3800, 0x0000012ca7fd0800, 0x0000012ca7fd4800,
0x0000012ca7fd2800, 0x0000012ca7fce800, 0x0000012ca7fd1000, 0x0000012ca7fd5000,
0x0000012ca7fd2000, 0x0000012ca7fcf800, 0x0000012ca7fd6000, 0x0000012caa2cc000,
0x0000012caa2cf000, 0x0000012caa2cb000, 0x0000012caa2cc800, 0x0000012caa2d0000,
0x0000012caa2ca800, 0x0000012caa2cd800, 0x0000012caa2d1800, 0x0000012caa2d1000,
0x0000012caa2ce800, 0x0000012caa2d3000, 0x0000012caa2d7800, 0x0000012caa2d5800,
0x0000012caa2d6800, 0x0000012caa2d4000, 0x0000012caa2d8000, 0x0000012caa2d5000,
0x0000012caa2d2800, 0x0000012caa2d9000, 0x0000012caa901000, 0x0000012caa8fd800,
0x0000012caa900000, 0x0000012caa902800, 0x0000012caa8fe800, 0x0000012caa903000,
0x0000012caa904000, 0x0000012caa8ff000, 0x0000012caa905000, 0x0000012caa907800,
0x0000012caa901800, 0x0000012caa908000, 0x0000012caa909000, 0x0000012caa905800,
0x0000012caa909800, 0x0000012caa90a800, 0x0000012caa90b800, 0x0000012caa90c000,
0x0000012caa906800, 0x0000012ca7a4f800, 0x0000012ca7a50000, 0x0000012ca7a4d000,
0x0000012ca7a4e000, 0x0000012ca7a51000, 0x0000012ca7a4e800, 0x0000012ca7a4c000,
0x0000012ca7a52000, 0x0000012ca7a55000, 0x0000012ca7a57800, 0x0000012ca7a56000,
0x0000012ca7a57000, 0x0000012ca7a58800, 0x0000012ca7a52800, 0x0000012ca7a59000,
0x0000012ca7a53800, 0x0000012ca7a5a000, 0x0000012ca7a54800, 0x0000012ca7a5b000,
0x0000012ca8cc4000, 0x0000012ca8cc9800, 0x0000012ca8cc5800, 0x0000012ca8cc5000,
0x0000012ca8cc9000, 0x0000012ca8cca800
}

Java Threads: ( => current thread )
  0x0000012c89010000 JavaThread "main" [_thread_blocked, id=2192, stack(0x00000018c0600000,0x00000018c0700000)]
  0x0000012ca2a7c800 JavaThread "Reference Handler" daemon [_thread_blocked, id=2600, stack(0x00000018c0d00000,0x00000018c0e00000)]
  0x0000012ca2a7e800 JavaThread "Finalizer" daemon [_thread_blocked, id=10984, stack(0x00000018c0e00000,0x00000018c0f00000)]
  0x0000012ca33f2800 JavaThread "Signal Dispatcher" daemon [_thread_blocked, id=2076, stack(0x00000018c0f00000,0x00000018c1000000)]
  0x0000012ca33f3800 JavaThread "Attach Listener" daemon [_thread_blocked, id=1124, stack(0x00000018c1000000,0x00000018c1100000)]
  0x0000012ca33f5000 JavaThread "C2 CompilerThread0" daemon [_thread_in_native, id=10428, stack(0x00000018c1100000,0x00000018c1200000)]
  0x0000012ca33fe000 JavaThread "C1 CompilerThread0" daemon [_thread_blocked, id=5872, stack(0x00000018c1200000,0x00000018c1300000)]
  0x0000012ca2a94800 JavaThread "Sweeper thread" daemon [_thread_blocked, id=5140, stack(0x00000018c1300000,0x00000018c1400000)]
  0x0000012ca353a800 JavaThread "Common-Cleaner" daemon [_thread_blocked, id=10260, stack(0x00000018c1400000,0x00000018c1500000)]
  0x0000012ca354d000 JavaThread "Service Thread" daemon [_thread_blocked, id=76, stack(0x00000018c1500000,0x00000018c1600000)]
  0x0000012ca4af3800 JavaThread "Daemon health stats" [_thread_blocked, id=4848, stack(0x00000018c1700000,0x00000018c1800000)]
  0x0000012ca48ac800 JavaThread "Incoming local TCP Connector on port 49949" [_thread_in_native, id=1924, stack(0x00000018c1c00000,0x00000018c1d00000)]
  0x0000012ca537c000 JavaThread "Daemon periodic checks" [_thread_blocked, id=2996, stack(0x00000018c1d00000,0x00000018c1e00000)]
  0x0000012ca5670800 JavaThread "Cache worker for file hash cache (C:\Users\hp\.gradle\caches\6.7.1\fileHashes)" [_thread_blocked, id=8140, stack(0x00000018c2600000,0x00000018c2700000)]
  0x0000012ca566e000 JavaThread "File lock request listener" [_thread_in_native, id=9976, stack(0x00000018c2700000,0x00000018c2800000)]
  0x0000012ca5673800 JavaThread "Cache worker for journal cache (C:\Users\hp\.gradle\caches\journal-1)" [_thread_blocked, id=2904, stack(0x00000018c2800000,0x00000018c2900000)]
  0x0000012ca5674800 JavaThread "Cache worker for execution history cache (C:\Users\hp\.gradle\caches\6.7.1\executionHistory)" [_thread_blocked, id=9148, stack(0x00000018c2e00000,0x00000018c2f00000)]
  0x0000012ca8e33800 JavaThread "Cache worker for file content cache (C:\Users\hp\.gradle\caches\6.7.1\fileContent)" [_thread_blocked, id=3604, stack(0x00000018c3000000,0x00000018c3100000)]
  0x0000012ca8292000 JavaThread "Memory manager" [_thread_blocked, id=2164, stack(0x00000018c9800000,0x00000018c9900000)]
  0x0000012ca8e31800 JavaThread "Daemon Thread 2" [_thread_blocked, id=3588, stack(0x00000018c1a00000,0x00000018c1b00000)]
  0x0000012ca8e34000 JavaThread "Handler for socket connection from /127.0.0.1:49949 to /127.0.0.1:50861" [_thread_in_native, id=3320, stack(0x00000018c1b00000,0x00000018c1c00000)]
  0x0000012ca8e32800 JavaThread "Cancel handler" [_thread_blocked, id=4144, stack(0x00000018c1e00000,0x00000018c1f00000)]
  0x0000012ca8e35000 JavaThread "Daemon worker Thread 2" [_thread_blocked, id=3164, stack(0x00000018c1f00000,0x00000018c2000000)]
  0x0000012ca8e30000 JavaThread "Asynchronous log dispatcher for DefaultDaemonConnection: socket connection from /127.0.0.1:49949 to /127.0.0.1:50861" [_thread_blocked, id=2400, stack(0x00000018c2000000,0x00000018c2100000)]
  0x0000012ca8e36800 JavaThread "Stdin handler" [_thread_blocked, id=11168, stack(0x00000018c2100000,0x00000018c2200000)]
  0x0000012ca8e31000 JavaThread "Thread-134" [_thread_blocked, id=10952, stack(0x00000018c2200000,0x00000018c2300000)]
  0x0000012ca8e3b800 JavaThread "Cache worker for file hash cache (C:\Users\hp\AndroidStudioProjects\myPharmacy\.gradle\6.7.1\fileHashes)" [_thread_blocked, id=3716, stack(0x00000018c2300000,0x00000018c2400000)]
  0x0000012ca4dbc800 JavaThread "C2 CompilerThread1" daemon [_thread_blocked, id=3992, stack(0x00000018c2400000,0x00000018c2500000)]
  0x0000012ca8e3c000 JavaThread "Cache worker for checksums cache (C:\Users\hp\AndroidStudioProjects\myPharmacy\.gradle\checksums)" [_thread_blocked, id=11212, stack(0x00000018c2900000,0x00000018c2a00000)]
  0x0000012ca8e3d000 JavaThread "Cache worker for cache directory md-supplier (C:\Users\hp\.gradle\caches\6.7.1\md-supplier)" [_thread_blocked, id=4592, stack(0x00000018c2a00000,0x00000018c2b00000)]
  0x0000012ca8e38000 JavaThread "Cache worker for cache directory md-rule (C:\Users\hp\.gradle\caches\6.7.1\md-rule)" [_thread_blocked, id=6172, stack(0x00000018c2b00000,0x00000018c2c00000)]
  0x0000012ca8e37800 JavaThread "Cache worker for Build Output Cleanup Cache (C:\Users\hp\AndroidStudioProjects\myPharmacy\.gradle\buildOutputCleanup)" [_thread_blocked, id=2324, stack(0x00000018c2c00000,0x00000018c2d00000)]
  0x0000012ca8e3a000 JavaThread "Build operations" [_thread_blocked, id=6428, stack(0x00000018c2d00000,0x00000018c2e00000)]
  0x0000012ca8e3e000 JavaThread "Build operations Thread 2" [_thread_blocked, id=10600, stack(0x00000018c2f00000,0x00000018c3000000)]
  0x0000012ca8e3e800 JavaThread "Build operations Thread 3" [_thread_blocked, id=1632, stack(0x00000018c3100000,0x00000018c3200000)]
  0x0000012ca8e3a800 JavaThread "Build operations Thread 4" [_thread_blocked, id=1840, stack(0x00000018c3200000,0x00000018c3300000)]
  0x0000012ca8e39000 JavaThread "jar transforms Thread 100" [_thread_blocked, id=8332, stack(0x00000018c3300000,0x00000018c3400000)]
  0x0000012ca828a800 JavaThread "jar transforms Thread 101" [_thread_blocked, id=8760, stack(0x00000018c3400000,0x00000018c3500000)]
  0x0000012ca828d000 JavaThread "jar transforms Thread 102" [_thread_blocked, id=6848, stack(0x00000018c3500000,0x00000018c3600000)]
  0x0000012ca828b800 JavaThread "jar transforms Thread 103" [_thread_blocked, id=7044, stack(0x00000018c3600000,0x00000018c3700000)]
  0x0000012ca828c000 JavaThread "jar transforms Thread 104" [_thread_blocked, id=5652, stack(0x00000018c3700000,0x00000018c3800000)]
  0x0000012ca8289000 JavaThread "jar transforms Thread 105" [_thread_blocked, id=8928, stack(0x00000018c3800000,0x00000018c3900000)]
  0x0000012ca8288000 JavaThread "jar transforms Thread 106" [_thread_blocked, id=10476, stack(0x00000018c3900000,0x00000018c3a00000)]
  0x0000012ca8287800 JavaThread "jar transforms Thread 107" [_thread_blocked, id=10424, stack(0x00000018c3a00000,0x00000018c3b00000)]
  0x0000012ca828a000 JavaThread "jar transforms Thread 108" [_thread_blocked, id=2928, stack(0x00000018c3b00000,0x00000018c3c00000)]
  0x0000012ca8292800 JavaThread "jar transforms Thread 109" [_thread_blocked, id=11036, stack(0x00000018c3c00000,0x00000018c3d00000)]
  0x0000012ca8293800 JavaThread "jar transforms Thread 110" [_thread_blocked, id=10068, stack(0x00000018c3d00000,0x00000018c3e00000)]
  0x0000012ca828e800 JavaThread "jar transforms Thread 111" [_thread_blocked, id=6356, stack(0x00000018c3e00000,0x00000018c3f00000)]
  0x0000012ca828e000 JavaThread "jar transforms Thread 112" [_thread_blocked, id=10956, stack(0x00000018c3f00000,0x00000018c4000000)]
  0x0000012ca8294800 JavaThread "jar transforms Thread 113" [_thread_blocked, id=10944, stack(0x00000018c4000000,0x00000018c4100000)]
  0x0000012ca8295000 JavaThread "jar transforms Thread 114" [_thread_blocked, id=2564, stack(0x00000018c4100000,0x00000018c4200000)]
  0x0000012ca828f800 JavaThread "jar transforms Thread 115" [_thread_blocked, id=10872, stack(0x00000018c4200000,0x00000018c4300000)]
  0x0000012ca8296000 JavaThread "jar transforms Thread 116" [_thread_blocked, id=10328, stack(0x00000018c4300000,0x00000018c4400000)]
  0x0000012ca8290800 JavaThread "jar transforms Thread 117" [_thread_blocked, id=10856, stack(0x00000018c4400000,0x00000018c4500000)]
  0x0000012ca566f000 JavaThread "jar transforms Thread 118" [_thread_blocked, id=4628, stack(0x00000018c4500000,0x00000018c4600000)]
  0x0000012ca566f800 JavaThread "jar transforms Thread 119" [_thread_blocked, id=3560, stack(0x00000018c4600000,0x00000018c4700000)]
  0x0000012ca5671000 JavaThread "jar transforms Thread 120" [_thread_blocked, id=9588, stack(0x00000018c4700000,0x00000018c4800000)]
  0x0000012ca5672000 JavaThread "jar transforms Thread 121" [_thread_blocked, id=8492, stack(0x00000018c4800000,0x00000018c4900000)]
  0x0000012ca5673000 JavaThread "jar transforms Thread 122" [_thread_blocked, id=7552, stack(0x00000018c4900000,0x00000018c4a00000)]
  0x0000012ca8e51000 JavaThread "jar transforms Thread 123" [_thread_blocked, id=5036, stack(0x00000018c4a00000,0x00000018c4b00000)]
  0x0000012ca8e4b800 JavaThread "jar transforms Thread 124" [_thread_blocked, id=3340, stack(0x00000018c4b00000,0x00000018c4c00000)]
  0x0000012ca8e4f800 JavaThread "jar transforms Thread 125" [_thread_blocked, id=4080, stack(0x00000018c4c00000,0x00000018c4d00000)]
  0x0000012ca8e4c800 JavaThread "jar transforms Thread 126" [_thread_blocked, id=4332, stack(0x00000018c4d00000,0x00000018c4e00000)]
  0x0000012ca8e4d000 JavaThread "jar transforms Thread 127" [_thread_blocked, id=8504, stack(0x00000018c4e00000,0x00000018c4f00000)]
  0x0000012ca8e52000 JavaThread "jar transforms Thread 128" [_thread_blocked, id=6880, stack(0x00000018c4f00000,0x00000018c5000000)]
  0x0000012ca8e4e000 JavaThread "jar transforms Thread 129" [_thread_blocked, id=7944, stack(0x00000018c5000000,0x00000018c5100000)]
  0x0000012ca8e50800 JavaThread "jar transforms Thread 130" [_thread_blocked, id=10756, stack(0x00000018c5100000,0x00000018c5200000)]
  0x0000012ca8e4f000 JavaThread "jar transforms Thread 131" [_thread_blocked, id=9624, stack(0x00000018c5200000,0x00000018c5300000)]
  0x0000012ca7fc9800 JavaThread "jar transforms Thread 132" [_thread_blocked, id=8784, stack(0x00000018c5300000,0x00000018c5400000)]
  0x0000012ca7fc9000 JavaThread "jar transforms Thread 133" [_thread_blocked, id=10168, stack(0x00000018c5400000,0x00000018c5500000)]
  0x0000012ca7fca800 JavaThread "jar transforms Thread 134" [_thread_blocked, id=6364, stack(0x00000018c5500000,0x00000018c5600000)]
  0x0000012ca7fcb800 JavaThread "jar transforms Thread 135" [_thread_blocked, id=9256, stack(0x00000018c5600000,0x00000018c5700000)]
  0x0000012ca7fcc000 JavaThread "jar transforms Thread 136" [_thread_blocked, id=1828, stack(0x00000018c5700000,0x00000018c5800000)]
  0x0000012ca7fcd000 JavaThread "jar transforms Thread 137" [_thread_blocked, id=8344, stack(0x00000018c5800000,0x00000018c5900000)]
  0x0000012ca7fc7800 JavaThread "jar transforms Thread 138" [_thread_blocked, id=4696, stack(0x00000018c5900000,0x00000018c5a00000)]
  0x0000012ca7fce000 JavaThread "jar transforms Thread 139" [_thread_blocked, id=7528, stack(0x00000018c5a00000,0x00000018c5b00000)]
  0x0000012ca7fc8000 JavaThread "jar transforms Thread 140" [_thread_blocked, id=3952, stack(0x00000018c5b00000,0x00000018c5c00000)]
  0x0000012ca7fd3800 JavaThread "jar transforms Thread 141" [_thread_blocked, id=1908, stack(0x00000018c5c00000,0x00000018c5d00000)]
  0x0000012ca7fd0800 JavaThread "jar transforms Thread 142" [_thread_blocked, id=4172, stack(0x00000018c5d00000,0x00000018c5e00000)]
  0x0000012ca7fd4800 JavaThread "jar transforms Thread 143" [_thread_blocked, id=4908, stack(0x00000018c5e00000,0x00000018c5f00000)]
  0x0000012ca7fd2800 JavaThread "jar transforms Thread 144" [_thread_blocked, id=8916, stack(0x00000018c5f00000,0x00000018c6000000)]
  0x0000012ca7fce800 JavaThread "jar transforms Thread 145" [_thread_blocked, id=8060, stack(0x00000018c6000000,0x00000018c6100000)]
  0x0000012ca7fd1000 JavaThread "jar transforms Thread 146" [_thread_blocked, id=2664, stack(0x00000018c6100000,0x00000018c6200000)]
  0x0000012ca7fd5000 JavaThread "jar transforms Thread 147" [_thread_blocked, id=3648, stack(0x00000018c6200000,0x00000018c6300000)]
  0x0000012ca7fd2000 JavaThread "jar transforms Thread 148" [_thread_blocked, id=7076, stack(0x00000018c6300000,0x00000018c6400000)]
  0x0000012ca7fcf800 JavaThread "jar transforms Thread 149" [_thread_blocked, id=3128, stack(0x00000018c6400000,0x00000018c6500000)]
  0x0000012ca7fd6000 JavaThread "jar transforms Thread 150" [_thread_blocked, id=10968, stack(0x00000018c6500000,0x00000018c6600000)]
  0x0000012caa2cc000 JavaThread "jar transforms Thread 151" [_thread_blocked, id=10300, stack(0x00000018c6600000,0x00000018c6700000)]
  0x0000012caa2cf000 JavaThread "jar transforms Thread 152" [_thread_blocked, id=7496, stack(0x00000018c6700000,0x00000018c6800000)]
  0x0000012caa2cb000 JavaThread "jar transforms Thread 153" [_thread_blocked, id=7896, stack(0x00000018c6800000,0x00000018c6900000)]
  0x0000012caa2cc800 JavaThread "jar transforms Thread 154" [_thread_blocked, id=6792, stack(0x00000018c6900000,0x00000018c6a00000)]
  0x0000012caa2d0000 JavaThread "jar transforms Thread 155" [_thread_blocked, id=8776, stack(0x00000018c6a00000,0x00000018c6b00000)]
  0x0000012caa2ca800 JavaThread "jar transforms Thread 156" [_thread_blocked, id=1332, stack(0x00000018c6b00000,0x00000018c6c00000)]
  0x0000012caa2cd800 JavaThread "jar transforms Thread 157" [_thread_blocked, id=7100, stack(0x00000018c6c00000,0x00000018c6d00000)]
  0x0000012caa2d1800 JavaThread "jar transforms Thread 158" [_thread_blocked, id=6824, stack(0x00000018c6d00000,0x00000018c6e00000)]
  0x0000012caa2d1000 JavaThread "jar transforms Thread 159" [_thread_blocked, id=7012, stack(0x00000018c6e00000,0x00000018c6f00000)]
  0x0000012caa2ce800 JavaThread "jar transforms Thread 160" [_thread_blocked, id=7508, stack(0x00000018c6f00000,0x00000018c7000000)]
  0x0000012caa2d3000 JavaThread "jar transforms Thread 161" [_thread_blocked, id=4448, stack(0x00000018c7000000,0x00000018c7100000)]
  0x0000012caa2d7800 JavaThread "jar transforms Thread 162" [_thread_blocked, id=2700, stack(0x00000018c7100000,0x00000018c7200000)]
  0x0000012caa2d5800 JavaThread "jar transforms Thread 163" [_thread_blocked, id=3356, stack(0x00000018c7200000,0x00000018c7300000)]
  0x0000012caa2d6800 JavaThread "jar transforms Thread 164" [_thread_blocked, id=692, stack(0x00000018c7300000,0x00000018c7400000)]
  0x0000012caa2d4000 JavaThread "jar transforms Thread 165" [_thread_blocked, id=7752, stack(0x00000018c7400000,0x00000018c7500000)]
  0x0000012caa2d8000 JavaThread "jar transforms Thread 166" [_thread_blocked, id=8180, stack(0x00000018c7500000,0x00000018c7600000)]
  0x0000012caa2d5000 JavaThread "jar transforms Thread 167" [_thread_blocked, id=8392, stack(0x00000018c7600000,0x00000018c7700000)]
  0x0000012caa2d2800 JavaThread "jar transforms Thread 168" [_thread_blocked, id=1888, stack(0x00000018c7700000,0x00000018c7800000)]
  0x0000012caa2d9000 JavaThread "jar transforms Thread 169" [_thread_blocked, id=6244, stack(0x00000018c7800000,0x00000018c7900000)]
  0x0000012caa901000 JavaThread "jar transforms Thread 170" [_thread_blocked, id=10688, stack(0x00000018c7900000,0x00000018c7a00000)]
  0x0000012caa8fd800 JavaThread "jar transforms Thread 171" [_thread_blocked, id=11000, stack(0x00000018c7a00000,0x00000018c7b00000)]
  0x0000012caa900000 JavaThread "jar transforms Thread 172" [_thread_blocked, id=10924, stack(0x00000018c7b00000,0x00000018c7c00000)]
  0x0000012caa902800 JavaThread "jar transforms Thread 173" [_thread_blocked, id=3492, stack(0x00000018c7c00000,0x00000018c7d00000)]
  0x0000012caa8fe800 JavaThread "jar transforms Thread 174" [_thread_blocked, id=2868, stack(0x00000018c7d00000,0x00000018c7e00000)]
  0x0000012caa903000 JavaThread "jar transforms Thread 175" [_thread_blocked, id=10680, stack(0x00000018c7e00000,0x00000018c7f00000)]
  0x0000012caa904000 JavaThread "jar transforms Thread 176" [_thread_blocked, id=372, stack(0x00000018c7f00000,0x00000018c8000000)]
  0x0000012caa8ff000 JavaThread "jar transforms Thread 177" [_thread_blocked, id=10200, stack(0x00000018c8000000,0x00000018c8100000)]
  0x0000012caa905000 JavaThread "jar transforms Thread 178" [_thread_blocked, id=2740, stack(0x00000018c8100000,0x00000018c8200000)]
  0x0000012caa907800 JavaThread "jar transforms Thread 179" [_thread_blocked, id=1248, stack(0x00000018c8200000,0x00000018c8300000)]
  0x0000012caa901800 JavaThread "jar transforms Thread 180" [_thread_blocked, id=4260, stack(0x00000018c8300000,0x00000018c8400000)]
  0x0000012caa908000 JavaThread "jar transforms Thread 181" [_thread_blocked, id=5240, stack(0x00000018c8400000,0x00000018c8500000)]
  0x0000012caa909000 JavaThread "jar transforms Thread 182" [_thread_blocked, id=8268, stack(0x00000018c8500000,0x00000018c8600000)]
  0x0000012caa905800 JavaThread "jar transforms Thread 183" [_thread_blocked, id=8204, stack(0x00000018c8600000,0x00000018c8700000)]
  0x0000012caa909800 JavaThread "jar transforms Thread 184" [_thread_blocked, id=2772, stack(0x00000018c8700000,0x00000018c8800000)]
  0x0000012caa90a800 JavaThread "jar transforms Thread 185" [_thread_blocked, id=6816, stack(0x00000018c8800000,0x00000018c8900000)]
  0x0000012caa90b800 JavaThread "jar transforms Thread 186" [_thread_blocked, id=6524, stack(0x00000018c8900000,0x00000018c8a00000)]
  0x0000012caa90c000 JavaThread "jar transforms Thread 187" [_thread_blocked, id=4236, stack(0x00000018c8a00000,0x00000018c8b00000)]
  0x0000012caa906800 JavaThread "jar transforms Thread 188" [_thread_blocked, id=7924, stack(0x00000018c8b00000,0x00000018c8c00000)]
  0x0000012ca7a4f800 JavaThread "jar transforms Thread 189" [_thread_blocked, id=11132, stack(0x00000018c8c00000,0x00000018c8d00000)]
  0x0000012ca7a50000 JavaThread "jar transforms Thread 190" [_thread_blocked, id=10224, stack(0x00000018c8d00000,0x00000018c8e00000)]
  0x0000012ca7a4d000 JavaThread "jar transforms Thread 191" [_thread_blocked, id=5864, stack(0x00000018c8e00000,0x00000018c8f00000)]
  0x0000012ca7a4e000 JavaThread "jar transforms Thread 192" [_thread_blocked, id=10280, stack(0x00000018c8f00000,0x00000018c9000000)]
  0x0000012ca7a51000 JavaThread "jar transforms Thread 193" [_thread_blocked, id=10528, stack(0x00000018c9000000,0x00000018c9100000)]
  0x0000012ca7a4e800 JavaThread "jar transforms Thread 194" [_thread_blocked, id=3564, stack(0x00000018c9100000,0x00000018c9200000)]
  0x0000012ca7a4c000 JavaThread "jar transforms Thread 195" [_thread_blocked, id=7428, stack(0x00000018c9200000,0x00000018c9300000)]
  0x0000012ca7a52000 JavaThread "jar transforms Thread 196" [_thread_blocked, id=2092, stack(0x00000018c9300000,0x00000018c9400000)]
  0x0000012ca7a55000 JavaThread "jar transforms Thread 197" [_thread_blocked, id=8648, stack(0x00000018c9400000,0x00000018c9500000)]
  0x0000012ca7a57800 JavaThread "jar transforms Thread 198" [_thread_blocked, id=9304, stack(0x00000018c9500000,0x00000018c9600000)]
  0x0000012ca7a56000 JavaThread "build event listener" [_thread_blocked, id=568, stack(0x00000018c9600000,0x00000018c9700000)]
  0x0000012ca7a57000 JavaThread "build event listener" [_thread_blocked, id=2096, stack(0x00000018c9700000,0x00000018c9800000)]
  0x0000012ca7a58800 JavaThread "Execution worker for ':'" [_thread_blocked, id=7768, stack(0x00000018c9900000,0x00000018c9a00000)]
  0x0000012ca7a52800 JavaThread "Execution worker for ':' Thread 2" [_thread_blocked, id=4424, stack(0x00000018c9a00000,0x00000018c9b00000)]
  0x0000012ca7a59000 JavaThread "Execution worker for ':' Thread 3" [_thread_blocked, id=792, stack(0x00000018c9b00000,0x00000018c9c00000)]
  0x0000012ca7a53800 JavaThread "Cache worker for execution history cache (C:\Users\hp\AndroidStudioProjects\myPharmacy\.gradle\6.7.1\executionHistory)" [_thread_blocked, id=2436, stack(0x00000018c9c00000,0x00000018c9d00000)]
  0x0000012ca7a5a000 JavaThread "WorkerExecutor Queue" [_thread_blocked, id=7040, stack(0x00000018c9d00000,0x00000018c9e00000)]
  0x0000012ca7a54800 JavaThread "WorkerExecutor Queue Thread 2" [_thread_blocked, id=2360, stack(0x00000018c9e00000,0x00000018c9f00000)]
  0x0000012ca7a5b000 JavaThread "WorkerExecutor Queue Thread 3" [_thread_blocked, id=8292, stack(0x00000018c9f00000,0x00000018ca000000)]
  0x0000012ca8cc4000 JavaThread "WorkerExecutor Queue Thread 4" [_thread_blocked, id=2976, stack(0x00000018ca000000,0x00000018ca100000)]
  0x0000012ca8cc9800 JavaThread "WorkerExecutor Queue Thread 5" [_thread_blocked, id=3548, stack(0x00000018ca100000,0x00000018ca200000)]
  0x0000012ca8cc5800 JavaThread "ForkJoinPool-1-worker-3" daemon [_thread_blocked, id=8508, stack(0x00000018ca300000,0x00000018ca400000)]
  0x0000012ca8cc5000 JavaThread "ForkJoinPool-1-worker-5" daemon [_thread_blocked, id=9400, stack(0x00000018ca400000,0x00000018ca500000)]
  0x0000012ca8cc9000 JavaThread "ForkJoinPool-1-worker-7" daemon [_thread_blocked, id=3996, stack(0x00000018ca500000,0x00000018ca600000)]
  0x0000012ca8cca800 JavaThread "ForkJoinPool-1-worker-1" daemon [_thread_blocked, id=3360, stack(0x00000018ca600000,0x00000018ca700000)]

Other Threads:
=>0x0000012ca2a78800 VMThread "VM Thread" [stack: 0x00000018c0c00000,0x00000018c0d00000] [id=4308]
  0x0000012ca354e800 WatcherThread [stack: 0x00000018c1600000,0x00000018c1700000] [id=8388]
  0x0000012c8902b800 GCTaskThread "GC Thread#0" [stack: 0x00000018c0700000,0x00000018c0800000] [id=10268]
  0x0000012ca37d5800 GCTaskThread "GC Thread#1" [stack: 0x00000018c1800000,0x00000018c1900000] [id=9108]
  0x0000012ca39d7800 GCTaskThread "GC Thread#2" [stack: 0x00000018c1900000,0x00000018c1a00000] [id=2084]
  0x0000012ca4e8d000 GCTaskThread "GC Thread#3" [stack: 0x00000018c2500000,0x00000018c2600000] [id=2948]
  0x0000012c8905d000 ConcurrentGCThread "G1 Main Marker" [stack: 0x00000018c0800000,0x00000018c0900000] [id=2452]
  0x0000012c8905f800 ConcurrentGCThread "G1 Conc#0" [stack: 0x00000018c0900000,0x00000018c0a00000] [id=7456]
  0x0000012c890de800 ConcurrentGCThread "G1 Refine#0" [stack: 0x00000018c0a00000,0x00000018c0b00000] [id=6912]
  0x0000012ca9424800 ConcurrentGCThread "G1 Refine#1" [stack: 0x00000018ca200000,0x00000018ca300000] [id=5552]
  0x0000012ca28c4800 ConcurrentGCThread "G1 Young RemSet Sampling" [stack: 0x00000018c0b00000,0x00000018c0c00000] [id=3752]

Threads with active compile tasks:
C2 CompilerThread0 947163 13856       4       com.android.tools.r8.dex.n::e (654 bytes)
C2 CompilerThread1 947163 13843 %     4       com.android.tools.r8.code.x1::a @ 20 (4137 bytes)

VM state:at safepoint (normal execution)

VM Mutex/Monitor currently owned by a thread:  ([mutex/lock_event])
[0x0000012c8900e000] Threads_lock - owner thread: 0x0000012ca2a78800
[0x0000012c8900ec60] Heap_lock - owner thread: 0x0000012ca8cc9000

Heap address: 0x0000000080000000, size: 2048 MB, Compressed Oops mode: 32-bit
Narrow klass base: 0x0000000000000000, Narrow klass shift: 3
Compressed class space size: 1073741824 Address: 0x0000000100000000

Heap:
 garbage-first heap   total 477184K, used 231833K [0x0000000080000000, 0x0000000100000000)
  region size 1024K, 3 young (3072K), 3 survivors (3072K)
 Metaspace       used 94041K, capacity 96543K, committed 96588K, reserved 1132544K
  class space    used 11940K, capacity 12837K, committed 12876K, reserved 1048576K
Heap Regions: E=young(eden), S=young(survivor), O=old, HS=humongous(starts), HC=humongous(continues), CS=collection set, F=free, A=archive, TAMS=top-at-mark-start (previous, next)
|   0|0x0000000080000000, 0x0000000080100000, 0x0000000080100000|100%| O|  |TAMS 0x0000000080100000, 0x0000000080100000| Untracked 
|   1|0x0000000080100000, 0x0000000080200000, 0x0000000080200000|100%| O|  |TAMS 0x0000000080200000, 0x0000000080200000| Untracked 
|   2|0x0000000080200000, 0x0000000080300000, 0x0000000080300000|100%| O|  |TAMS 0x0000000080300000, 0x0000000080300000| Untracked 
|   3|0x0000000080300000, 0x0000000080400000, 0x0000000080400000|100%|HS|  |TAMS 0x0000000080400000, 0x0000000080400000| Complete 
|   4|0x0000000080400000, 0x0000000080500000, 0x0000000080500000|100%|HC|  |TAMS 0x0000000080500000, 0x0000000080500000| Complete 
|   5|0x0000000080500000, 0x0000000080600000, 0x0000000080600000|100%|HC|  |TAMS 0x0000000080600000, 0x0000000080600000| Complete 
|   6|0x0000000080600000, 0x0000000080700000, 0x0000000080700000|100%| O|  |TAMS 0x0000000080700000, 0x0000000080700000| Untracked 
|   7|0x0000000080700000, 0x0000000080800000, 0x0000000080800000|100%| O|  |TAMS 0x0000000080800000, 0x0000000080800000| Untracked 
|   8|0x0000000080800000, 0x0000000080900000, 0x0000000080900000|100%| O|  |TAMS 0x0000000080900000, 0x0000000080900000| Untracked 
|   9|0x0000000080900000, 0x0000000080a00000, 0x0000000080a00000|100%| O|  |TAMS 0x0000000080a00000, 0x0000000080a00000| Untracked 
|  10|0x0000000080a00000, 0x0000000080b00000, 0x0000000080b00000|100%| O|  |TAMS 0x0000000080b00000, 0x0000000080b00000| Untracked 
|  11|0x0000000080b00000, 0x0000000080c00000, 0x0000000080c00000|100%| O|  |TAMS 0x0000000080c00000, 0x0000000080c00000| Untracked 
|  12|0x0000000080c00000, 0x0000000080d00000, 0x0000000080d00000|100%| O|  |TAMS 0x0000000080d00000, 0x0000000080d00000| Untracked 
|  13|0x0000000080d00000, 0x0000000080e00000, 0x0000000080e00000|100%| O|  |TAMS 0x0000000080e00000, 0x0000000080e00000| Untracked 
|  14|0x0000000080e00000, 0x0000000080f00000, 0x0000000080f00000|100%| O|  |TAMS 0x0000000080f00000, 0x0000000080f00000| Untracked 
|  15|0x0000000080f00000, 0x0000000081000000, 0x0000000081000000|100%| O|  |TAMS 0x0000000081000000, 0x0000000081000000| Untracked 
|  16|0x0000000081000000, 0x0000000081100000, 0x0000000081100000|100%|HS|  |TAMS 0x0000000081100000, 0x0000000081100000| Complete 
|  17|0x0000000081100000, 0x0000000081200000, 0x0000000081200000|100%| O|  |TAMS 0x0000000081200000, 0x0000000081200000| Untracked 
|  18|0x0000000081200000, 0x0000000081300000, 0x0000000081300000|100%| O|  |TAMS 0x0000000081300000, 0x0000000081300000| Untracked 
|  19|0x0000000081300000, 0x0000000081400000, 0x0000000081400000|100%| O|  |TAMS 0x0000000081400000, 0x0000000081400000| Untracked 
|  20|0x0000000081400000, 0x0000000081500000, 0x0000000081500000|100%| O|  |TAMS 0x0000000081500000, 0x0000000081500000| Untracked 
|  21|0x0000000081500000, 0x0000000081600000, 0x0000000081600000|100%| O|  |TAMS 0x0000000081600000, 0x0000000081600000| Untracked 
|  22|0x0000000081600000, 0x0000000081700000, 0x0000000081700000|100%| O|  |TAMS 0x0000000081700000, 0x0000000081700000| Untracked 
|  23|0x0000000081700000, 0x0000000081800000, 0x0000000081800000|100%|HS|  |TAMS 0x0000000081800000, 0x0000000081800000| Complete 
|  24|0x0000000081800000, 0x0000000081900000, 0x0000000081900000|100%|HC|  |TAMS 0x0000000081900000, 0x0000000081900000| Complete 
|  25|0x0000000081900000, 0x0000000081a00000, 0x0000000081a00000|100%| O|  |TAMS 0x0000000081a00000, 0x0000000081a00000| Untracked 
|  26|0x0000000081a00000, 0x0000000081b00000, 0x0000000081b00000|100%| O|  |TAMS 0x0000000081b00000, 0x0000000081b00000| Untracked 
|  27|0x0000000081b00000, 0x0000000081c00000, 0x0000000081c00000|100%| O|  |TAMS 0x0000000081c00000, 0x0000000081c00000| Untracked 
|  28|0x0000000081c00000, 0x0000000081d00000, 0x0000000081d00000|100%| O|  |TAMS 0x0000000081d00000, 0x0000000081d00000| Untracked 
|  29|0x0000000081d00000, 0x0000000081e00000, 0x0000000081e00000|100%| O|  |TAMS 0x0000000081e00000, 0x0000000081e00000| Untracked 
|  30|0x0000000081e00000, 0x0000000081f00000, 0x0000000081f00000|100%| O|  |TAMS 0x0000000081f00000, 0x0000000081f00000| Untracked 
|  31|0x0000000081f00000, 0x0000000082000000, 0x0000000082000000|100%| O|  |TAMS 0x0000000082000000, 0x0000000082000000| Untracked 
|  32|0x0000000082000000, 0x0000000082100000, 0x0000000082100000|100%| O|  |TAMS 0x0000000082100000, 0x0000000082100000| Untracked 
|  33|0x0000000082100000, 0x0000000082200000, 0x0000000082200000|100%| O|  |TAMS 0x0000000082200000, 0x0000000082200000| Untracked 
|  34|0x0000000082200000, 0x0000000082300000, 0x0000000082300000|100%| O|  |TAMS 0x0000000082300000, 0x0000000082300000| Untracked 
|  35|0x0000000082300000, 0x0000000082400000, 0x0000000082400000|100%| O|  |TAMS 0x0000000082400000, 0x0000000082400000| Untracked 
|  36|0x0000000082400000, 0x0000000082500000, 0x0000000082500000|100%| O|  |TAMS 0x0000000082500000, 0x0000000082500000| Untracked 
|  37|0x0000000082500000, 0x0000000082600000, 0x0000000082600000|100%| O|  |TAMS 0x0000000082600000, 0x0000000082600000| Untracked 
|  38|0x0000000082600000, 0x0000000082700000, 0x0000000082700000|100%| O|  |TAMS 0x0000000082700000, 0x0000000082700000| Untracked 
|  39|0x0000000082700000, 0x0000000082800000, 0x0000000082800000|100%| O|  |TAMS 0x0000000082800000, 0x0000000082800000| Untracked 
|  40|0x0000000082800000, 0x0000000082900000, 0x0000000082900000|100%| O|  |TAMS 0x0000000082900000, 0x0000000082900000| Untracked 
|  41|0x0000000082900000, 0x0000000082a00000, 0x0000000082a00000|100%| O|  |TAMS 0x0000000082a00000, 0x0000000082a00000| Untracked 
|  42|0x0000000082a00000, 0x0000000082b00000, 0x0000000082b00000|100%| O|  |TAMS 0x0000000082b00000, 0x0000000082b00000| Untracked 
|  43|0x0000000082b00000, 0x0000000082c00000, 0x0000000082c00000|100%| O|  |TAMS 0x0000000082c00000, 0x0000000082c00000| Untracked 
|  44|0x0000000082c00000, 0x0000000082d00000, 0x0000000082d00000|100%| O|  |TAMS 0x0000000082d00000, 0x0000000082d00000| Untracked 
|  45|0x0000000082d00000, 0x0000000082e00000, 0x0000000082e00000|100%| O|  |TAMS 0x0000000082e00000, 0x0000000082e00000| Untracked 
|  46|0x0000000082e00000, 0x0000000082f00000, 0x0000000082f00000|100%| O|  |TAMS 0x0000000082f00000, 0x0000000082f00000| Untracked 
|  47|0x0000000082f00000, 0x0000000083000000, 0x0000000083000000|100%| O|  |TAMS 0x0000000083000000, 0x0000000083000000| Untracked 
|  48|0x0000000083000000, 0x0000000083100000, 0x0000000083100000|100%| O|  |TAMS 0x0000000083100000, 0x0000000083100000| Untracked 
|  49|0x0000000083100000, 0x0000000083200000, 0x0000000083200000|100%| O|  |TAMS 0x0000000083200000, 0x0000000083200000| Untracked 
|  50|0x0000000083200000, 0x0000000083300000, 0x0000000083300000|100%| O|  |TAMS 0x0000000083300000, 0x0000000083300000| Untracked 
|  51|0x0000000083300000, 0x0000000083400000, 0x0000000083400000|100%| O|  |TAMS 0x0000000083400000, 0x0000000083400000| Untracked 
|  52|0x0000000083400000, 0x0000000083500000, 0x0000000083500000|100%| O|  |TAMS 0x0000000083500000, 0x0000000083500000| Untracked 
|  53|0x0000000083500000, 0x0000000083600000, 0x0000000083600000|100%| O|  |TAMS 0x0000000083600000, 0x0000000083600000| Untracked 
|  54|0x0000000083600000, 0x0000000083700000, 0x0000000083700000|100%| O|  |TAMS 0x0000000083700000, 0x0000000083700000| Untracked 
|  55|0x0000000083700000, 0x0000000083800000, 0x0000000083800000|100%| O|  |TAMS 0x0000000083800000, 0x0000000083800000| Untracked 
|  56|0x0000000083800000, 0x0000000083900000, 0x0000000083900000|100%| O|  |TAMS 0x0000000083900000, 0x0000000083900000| Untracked 
|  57|0x0000000083900000, 0x0000000083a00000, 0x0000000083a00000|100%| O|  |TAMS 0x0000000083a00000, 0x0000000083a00000| Untracked 
|  58|0x0000000083a00000, 0x0000000083b00000, 0x0000000083b00000|100%|HS|  |TAMS 0x0000000083b00000, 0x0000000083b00000| Complete 
|  59|0x0000000083b00000, 0x0000000083c00000, 0x0000000083c00000|100%| O|  |TAMS 0x0000000083c00000, 0x0000000083c00000| Untracked 
|  60|0x0000000083c00000, 0x0000000083d00000, 0x0000000083d00000|100%| O|  |TAMS 0x0000000083d00000, 0x0000000083d00000| Untracked 
|  61|0x0000000083d00000, 0x0000000083e00000, 0x0000000083e00000|100%| O|  |TAMS 0x0000000083e00000, 0x0000000083e00000| Untracked 
|  62|0x0000000083e00000, 0x0000000083f00000, 0x0000000083f00000|100%| O|  |TAMS 0x0000000083f00000, 0x0000000083f00000| Untracked 
|  63|0x0000000083f00000, 0x0000000084000000, 0x0000000084000000|100%| O|  |TAMS 0x0000000084000000, 0x0000000084000000| Untracked 
|  64|0x0000000084000000, 0x0000000084100000, 0x0000000084100000|100%| O|  |TAMS 0x0000000084100000, 0x0000000084100000| Untracked 
|  65|0x0000000084100000, 0x0000000084200000, 0x0000000084200000|100%| O|  |TAMS 0x0000000084200000, 0x0000000084200000| Untracked 
|  66|0x0000000084200000, 0x0000000084300000, 0x0000000084300000|100%| O|  |TAMS 0x0000000084300000, 0x0000000084300000| Untracked 
|  67|0x0000000084300000, 0x0000000084400000, 0x0000000084400000|100%| O|  |TAMS 0x0000000084400000, 0x0000000084400000| Untracked 
|  68|0x0000000084400000, 0x0000000084500000, 0x0000000084500000|100%| O|  |TAMS 0x0000000084500000, 0x0000000084500000| Untracked 
|  69|0x0000000084500000, 0x0000000084600000, 0x0000000084600000|100%| O|  |TAMS 0x0000000084600000, 0x0000000084600000| Untracked 
|  70|0x0000000084600000, 0x0000000084700000, 0x0000000084700000|100%| O|  |TAMS 0x0000000084700000, 0x0000000084700000| Untracked 
|  71|0x0000000084700000, 0x0000000084800000, 0x0000000084800000|100%| O|  |TAMS 0x0000000084800000, 0x0000000084800000| Untracked 
|  72|0x0000000084800000, 0x0000000084900000, 0x0000000084900000|100%| O|  |TAMS 0x0000000084900000, 0x0000000084900000| Untracked 
|  73|0x0000000084900000, 0x0000000084a00000, 0x0000000084a00000|100%| O|  |TAMS 0x0000000084a00000, 0x0000000084a00000| Untracked 
|  74|0x0000000084a00000, 0x0000000084b00000, 0x0000000084b00000|100%| O|  |TAMS 0x0000000084b00000, 0x0000000084b00000| Untracked 
|  75|0x0000000084b00000, 0x0000000084c00000, 0x0000000084c00000|100%| O|  |TAMS 0x0000000084c00000, 0x0000000084c00000| Untracked 
|  76|0x0000000084c00000, 0x0000000084d00000, 0x0000000084d00000|100%| O|  |TAMS 0x0000000084d00000, 0x0000000084d00000| Untracked 
|  77|0x0000000084d00000, 0x0000000084e00000, 0x0000000084e00000|100%| O|  |TAMS 0x0000000084e00000, 0x0000000084e00000| Untracked 
|  78|0x0000000084e00000, 0x0000000084f00000, 0x0000000084f00000|100%| O|  |TAMS 0x0000000084f00000, 0x0000000084f00000| Untracked 
|  79|0x0000000084f00000, 0x0000000085000000, 0x0000000085000000|100%| O|  |TAMS 0x0000000085000000, 0x0000000085000000| Untracked 
|  80|0x0000000085000000, 0x0000000085100000, 0x0000000085100000|100%| O|  |TAMS 0x0000000085100000, 0x0000000085100000| Untracked 
|  81|0x0000000085100000, 0x0000000085200000, 0x0000000085200000|100%|HS|  |TAMS 0x0000000085200000, 0x0000000085200000| Complete 
|  82|0x0000000085200000, 0x0000000085300000, 0x0000000085300000|100%|HC|  |TAMS 0x0000000085300000, 0x0000000085300000| Complete 
|  83|0x0000000085300000, 0x0000000085400000, 0x0000000085400000|100%|HS|  |TAMS 0x0000000085400000, 0x0000000085400000| Complete 
|  84|0x0000000085400000, 0x0000000085500000, 0x0000000085500000|100%|HS|  |TAMS 0x0000000085500000, 0x0000000085500000| Complete 
|  85|0x0000000085500000, 0x0000000085600000, 0x0000000085600000|100%|HS|  |TAMS 0x0000000085600000, 0x0000000085600000| Complete 
|  86|0x0000000085600000, 0x0000000085700000, 0x0000000085700000|100%|HS|  |TAMS 0x0000000085700000, 0x0000000085700000| Complete 
|  87|0x0000000085700000, 0x0000000085800000, 0x0000000085800000|100%|HC|  |TAMS 0x0000000085800000, 0x0000000085800000| Complete 
|  88|0x0000000085800000, 0x0000000085900000, 0x0000000085900000|100%|HS|  |TAMS 0x0000000085900000, 0x0000000085900000| Complete 
|  89|0x0000000085900000, 0x0000000085a00000, 0x0000000085a00000|100%| O|  |TAMS 0x0000000085a00000, 0x0000000085a00000| Untracked 
|  90|0x0000000085a00000, 0x0000000085b00000, 0x0000000085b00000|100%|HS|  |TAMS 0x0000000085b00000, 0x0000000085b00000| Complete 
|  91|0x0000000085b00000, 0x0000000085c00000, 0x0000000085c00000|100%| O|  |TAMS 0x0000000085c00000, 0x0000000085c00000| Untracked 
|  92|0x0000000085c00000, 0x0000000085d00000, 0x0000000085d00000|100%| O|  |TAMS 0x0000000085d00000, 0x0000000085d00000| Untracked 
|  93|0x0000000085d00000, 0x0000000085e00000, 0x0000000085e00000|100%| O|  |TAMS 0x0000000085e00000, 0x0000000085e00000| Untracked 
|  94|0x0000000085e00000, 0x0000000085f00000, 0x0000000085f00000|100%| O|  |TAMS 0x0000000085f00000, 0x0000000085f00000| Untracked 
|  95|0x0000000085f00000, 0x0000000086000000, 0x0000000086000000|100%| O|  |TAMS 0x0000000086000000, 0x0000000086000000| Untracked 
|  96|0x0000000086000000, 0x0000000086100000, 0x0000000086100000|100%|HS|  |TAMS 0x0000000086100000, 0x0000000086100000| Complete 
|  97|0x0000000086100000, 0x0000000086200000, 0x0000000086200000|100%| O|  |TAMS 0x0000000086200000, 0x0000000086200000| Untracked 
|  98|0x0000000086200000, 0x0000000086300000, 0x0000000086300000|100%|HS|  |TAMS 0x0000000086300000, 0x0000000086300000| Complete 
|  99|0x0000000086300000, 0x0000000086400000, 0x0000000086400000|100%|HC|  |TAMS 0x0000000086400000, 0x0000000086400000| Complete 
| 100|0x0000000086400000, 0x0000000086500000, 0x0000000086500000|100%| O|  |TAMS 0x0000000086500000, 0x0000000086500000| Untracked 
| 101|0x0000000086500000, 0x0000000086600000, 0x0000000086600000|100%| O|  |TAMS 0x0000000086600000, 0x0000000086600000| Untracked 
| 102|0x0000000086600000, 0x0000000086700000, 0x0000000086700000|100%| O|  |TAMS 0x0000000086700000, 0x0000000086700000| Untracked 
| 103|0x0000000086700000, 0x0000000086800000, 0x0000000086800000|100%|HS|  |TAMS 0x0000000086800000, 0x0000000086800000| Complete 
| 104|0x0000000086800000, 0x0000000086900000, 0x0000000086900000|100%| O|  |TAMS 0x0000000086900000, 0x0000000086900000| Untracked 
| 105|0x0000000086900000, 0x0000000086a00000, 0x0000000086a00000|100%| O|  |TAMS 0x0000000086a00000, 0x0000000086a00000| Untracked 
| 106|0x0000000086a00000, 0x0000000086b00000, 0x0000000086b00000|100%|HS|  |TAMS 0x0000000086b00000, 0x0000000086b00000| Complete 
| 107|0x0000000086b00000, 0x0000000086c00000, 0x0000000086c00000|100%|HC|  |TAMS 0x0000000086c00000, 0x0000000086c00000| Complete 
| 108|0x0000000086c00000, 0x0000000086d00000, 0x0000000086d00000|100%| O|  |TAMS 0x0000000086d00000, 0x0000000086d00000| Untracked 
| 109|0x0000000086d00000, 0x0000000086e00000, 0x0000000086e00000|100%| O|  |TAMS 0x0000000086e00000, 0x0000000086e00000| Untracked 
| 110|0x0000000086e00000, 0x0000000086f00000, 0x0000000086f00000|100%| O|  |TAMS 0x0000000086f00000, 0x0000000086f00000| Untracked 
| 111|0x0000000086f00000, 0x0000000087000000, 0x0000000087000000|100%| O|  |TAMS 0x0000000087000000, 0x0000000087000000| Untracked 
| 112|0x0000000087000000, 0x0000000087100000, 0x0000000087100000|100%| O|  |TAMS 0x0000000087100000, 0x0000000087100000| Untracked 
| 113|0x0000000087100000, 0x0000000087200000, 0x0000000087200000|100%|HS|  |TAMS 0x0000000087200000, 0x0000000087200000| Complete 
| 114|0x0000000087200000, 0x0000000087300000, 0x0000000087300000|100%| O|  |TAMS 0x0000000087300000, 0x0000000087300000| Untracked 
| 115|0x0000000087300000, 0x0000000087400000, 0x0000000087400000|100%| O|  |TAMS 0x0000000087400000, 0x0000000087400000| Untracked 
| 116|0x0000000087400000, 0x0000000087500000, 0x0000000087500000|100%| O|  |TAMS 0x0000000087500000, 0x0000000087500000| Untracked 
| 117|0x0000000087500000, 0x0000000087600000, 0x0000000087600000|100%| O|  |TAMS 0x0000000087600000, 0x0000000087600000| Untracked 
| 118|0x0000000087600000, 0x0000000087700000, 0x0000000087700000|100%| O|  |TAMS 0x0000000087700000, 0x0000000087700000| Untracked 
| 119|0x0000000087700000, 0x0000000087800000, 0x0000000087800000|100%| O|  |TAMS 0x0000000087800000, 0x0000000087800000| Untracked 
| 120|0x0000000087800000, 0x0000000087900000, 0x0000000087900000|100%| O|  |TAMS 0x0000000087900000, 0x0000000087900000| Untracked 
| 121|0x0000000087900000, 0x0000000087a00000, 0x0000000087a00000|100%| O|  |TAMS 0x0000000087a00000, 0x0000000087a00000| Untracked 
| 122|0x0000000087a00000, 0x0000000087b00000, 0x0000000087b00000|100%| O|  |TAMS 0x0000000087b00000, 0x0000000087b00000| Untracked 
| 123|0x0000000087b00000, 0x0000000087c00000, 0x0000000087c00000|100%| O|  |TAMS 0x0000000087c00000, 0x0000000087c00000| Untracked 
| 124|0x0000000087c00000, 0x0000000087d00000, 0x0000000087d00000|100%| O|  |TAMS 0x0000000087d00000, 0x0000000087d00000| Untracked 
| 125|0x0000000087d00000, 0x0000000087e00000, 0x0000000087e00000|100%| O|  |TAMS 0x0000000087e00000, 0x0000000087e00000| Untracked 
| 126|0x0000000087e00000, 0x0000000087f00000, 0x0000000087f00000|100%| O|  |TAMS 0x0000000087f00000, 0x0000000087f00000| Untracked 
| 127|0x0000000087f00000, 0x0000000088000000, 0x0000000088000000|100%| O|  |TAMS 0x0000000088000000, 0x0000000088000000| Untracked 
| 128|0x0000000088000000, 0x0000000088100000, 0x0000000088100000|100%| O|  |TAMS 0x0000000088100000, 0x0000000088100000| Untracked 
| 129|0x0000000088100000, 0x0000000088200000, 0x0000000088200000|100%| O|  |TAMS 0x0000000088200000, 0x0000000088200000| Untracked 
| 130|0x0000000088200000, 0x0000000088300000, 0x0000000088300000|100%| O|  |TAMS 0x0000000088300000, 0x0000000088300000| Untracked 
| 131|0x0000000088300000, 0x0000000088400000, 0x0000000088400000|100%| O|  |TAMS 0x0000000088400000, 0x0000000088400000| Untracked 
| 132|0x0000000088400000, 0x0000000088500000, 0x0000000088500000|100%| O|  |TAMS 0x0000000088500000, 0x0000000088500000| Untracked 
| 133|0x0000000088500000, 0x0000000088600000, 0x0000000088600000|100%| O|  |TAMS 0x0000000088600000, 0x0000000088600000| Untracked 
| 134|0x0000000088600000, 0x0000000088700000, 0x0000000088700000|100%| O|  |TAMS 0x0000000088700000, 0x0000000088700000| Untracked 
| 135|0x0000000088700000, 0x0000000088800000, 0x0000000088800000|100%| O|  |TAMS 0x0000000088800000, 0x0000000088800000| Untracked 
| 136|0x0000000088800000, 0x0000000088900000, 0x0000000088900000|100%| O|  |TAMS 0x0000000088900000, 0x0000000088900000| Untracked 
| 137|0x0000000088900000, 0x0000000088a00000, 0x0000000088a00000|100%| O|  |TAMS 0x0000000088a00000, 0x0000000088a00000| Untracked 
| 138|0x0000000088a00000, 0x0000000088b00000, 0x0000000088b00000|100%| O|  |TAMS 0x0000000088b00000, 0x0000000088b00000| Untracked 
| 139|0x0000000088b00000, 0x0000000088c00000, 0x0000000088c00000|100%|HS|  |TAMS 0x0000000088c00000, 0x0000000088c00000| Complete 
| 140|0x0000000088c00000, 0x0000000088d00000, 0x0000000088d00000|100%| O|  |TAMS 0x0000000088d00000, 0x0000000088d00000| Untracked 
| 141|0x0000000088d00000, 0x0000000088e00000, 0x0000000088e00000|100%| O|  |TAMS 0x0000000088e00000, 0x0000000088e00000| Untracked 
| 142|0x0000000088e00000, 0x0000000088f00000, 0x0000000088f00000|100%| O|  |TAMS 0x0000000088f00000, 0x0000000088f00000| Untracked 
| 143|0x0000000088f00000, 0x0000000089000000, 0x0000000089000000|100%| O|  |TAMS 0x0000000089000000, 0x0000000089000000| Untracked 
| 144|0x0000000089000000, 0x0000000089100000, 0x0000000089100000|100%| O|  |TAMS 0x0000000089100000, 0x0000000089100000| Untracked 
| 145|0x0000000089100000, 0x0000000089200000, 0x0000000089200000|100%| O|  |TAMS 0x0000000089200000, 0x0000000089200000| Untracked 
| 146|0x0000000089200000, 0x0000000089300000, 0x0000000089300000|100%| O|  |TAMS 0x0000000089300000, 0x0000000089300000| Untracked 
| 147|0x0000000089300000, 0x0000000089400000, 0x0000000089400000|100%| O|  |TAMS 0x0000000089400000, 0x0000000089400000| Untracked 
| 148|0x0000000089400000, 0x0000000089500000, 0x0000000089500000|100%| O|  |TAMS 0x0000000089500000, 0x0000000089500000| Untracked 
| 149|0x0000000089500000, 0x0000000089600000, 0x0000000089600000|100%| O|  |TAMS 0x0000000089600000, 0x0000000089600000| Untracked 
| 150|0x0000000089600000, 0x0000000089700000, 0x0000000089700000|100%| O|  |TAMS 0x0000000089700000, 0x0000000089700000| Untracked 
| 151|0x0000000089700000, 0x0000000089800000, 0x0000000089800000|100%| O|  |TAMS 0x0000000089800000, 0x0000000089800000| Untracked 
| 152|0x0000000089800000, 0x0000000089900000, 0x0000000089900000|100%| O|  |TAMS 0x0000000089900000, 0x0000000089900000| Untracked 
| 153|0x0000000089900000, 0x0000000089a00000, 0x0000000089a00000|100%| O|  |TAMS 0x0000000089a00000, 0x0000000089a00000| Untracked 
| 154|0x0000000089a00000, 0x0000000089b00000, 0x0000000089b00000|100%| O|  |TAMS 0x0000000089b00000, 0x0000000089b00000| Untracked 
| 155|0x0000000089b00000, 0x0000000089c00000, 0x0000000089c00000|100%| O|  |TAMS 0x0000000089c00000, 0x0000000089c00000| Untracked 
| 156|0x0000000089c00000, 0x0000000089d00000, 0x0000000089d00000|100%| O|  |TAMS 0x0000000089d00000, 0x0000000089d00000| Untracked 
| 157|0x0000000089d00000, 0x0000000089e00000, 0x0000000089e00000|100%| O|  |TAMS 0x0000000089e00000, 0x0000000089e00000| Untracked 
| 158|0x0000000089e00000, 0x0000000089f00000, 0x0000000089f00000|100%| O|  |TAMS 0x0000000089f00000, 0x0000000089f00000| Untracked 
| 159|0x0000000089f00000, 0x000000008a000000, 0x000000008a000000|100%| O|  |TAMS 0x000000008a000000, 0x000000008a000000| Untracked 
| 160|0x000000008a000000, 0x000000008a100000, 0x000000008a100000|100%| O|  |TAMS 0x000000008a100000, 0x000000008a100000| Untracked 
| 161|0x000000008a100000, 0x000000008a200000, 0x000000008a200000|100%| O|  |TAMS 0x000000008a200000, 0x000000008a200000| Untracked 
| 162|0x000000008a200000, 0x000000008a300000, 0x000000008a300000|100%| O|  |TAMS 0x000000008a300000, 0x000000008a300000| Untracked 
| 163|0x000000008a300000, 0x000000008a400000, 0x000000008a400000|100%| O|  |TAMS 0x000000008a400000, 0x000000008a400000| Untracked 
| 164|0x000000008a400000, 0x000000008a500000, 0x000000008a500000|100%| O|  |TAMS 0x000000008a500000, 0x000000008a500000| Untracked 
| 165|0x000000008a500000, 0x000000008a600000, 0x000000008a600000|100%| O|  |TAMS 0x000000008a600000, 0x000000008a600000| Untracked 
| 166|0x000000008a600000, 0x000000008a700000, 0x000000008a700000|100%| O|  |TAMS 0x000000008a700000, 0x000000008a700000| Untracked 
| 167|0x000000008a700000, 0x000000008a800000, 0x000000008a800000|100%| O|  |TAMS 0x000000008a800000, 0x000000008a800000| Untracked 
| 168|0x000000008a800000, 0x000000008a900000, 0x000000008a900000|100%| O|  |TAMS 0x000000008a900000, 0x000000008a900000| Untracked 
| 169|0x000000008a900000, 0x000000008aa00000, 0x000000008aa00000|100%| O|  |TAMS 0x000000008a9b6600, 0x000000008aa00000| Untracked 
| 170|0x000000008aa00000, 0x000000008ab00000, 0x000000008ab00000|100%| O|  |TAMS 0x000000008aa00000, 0x000000008ab00000| Untracked 
| 171|0x000000008ab00000, 0x000000008ac00000, 0x000000008ac00000|100%| O|  |TAMS 0x000000008ab00000, 0x000000008ac00000| Untracked 
| 172|0x000000008ac00000, 0x000000008ad00000, 0x000000008ad00000|100%| O|  |TAMS 0x000000008ac00000, 0x000000008ad00000| Untracked 
| 173|0x000000008ad00000, 0x000000008ae00000, 0x000000008ae00000|100%| O|  |TAMS 0x000000008ad00000, 0x000000008ae00000| Untracked 
| 174|0x000000008ae00000, 0x000000008af00000, 0x000000008af00000|100%| O|  |TAMS 0x000000008ae00000, 0x000000008af00000| Untracked 
| 175|0x000000008af00000, 0x000000008b000000, 0x000000008b000000|100%| O|  |TAMS 0x000000008af00000, 0x000000008b000000| Untracked 
| 176|0x000000008b000000, 0x000000008b100000, 0x000000008b100000|100%| O|  |TAMS 0x000000008b000000, 0x000000008b100000| Untracked 
| 177|0x000000008b100000, 0x000000008b200000, 0x000000008b200000|100%| O|  |TAMS 0x000000008b100000, 0x000000008b200000| Untracked 
| 178|0x000000008b200000, 0x000000008b300000, 0x000000008b300000|100%| O|  |TAMS 0x000000008b200000, 0x000000008b300000| Untracked 
| 179|0x000000008b300000, 0x000000008b400000, 0x000000008b400000|100%| O|  |TAMS 0x000000008b300000, 0x000000008b400000| Untracked 
| 180|0x000000008b400000, 0x000000008b500000, 0x000000008b500000|100%| O|  |TAMS 0x000000008b400000, 0x000000008b500000| Untracked 
| 181|0x000000008b500000, 0x000000008b600000, 0x000000008b600000|100%| O|  |TAMS 0x000000008b500000, 0x000000008b600000| Untracked 
| 182|0x000000008b600000, 0x000000008b700000, 0x000000008b700000|100%| O|  |TAMS 0x000000008b600000, 0x000000008b700000| Untracked 
| 183|0x000000008b700000, 0x000000008b800000, 0x000000008b800000|100%| O|  |TAMS 0x000000008b700000, 0x000000008b800000| Untracked 
| 184|0x000000008b800000, 0x000000008b900000, 0x000000008b900000|100%| O|  |TAMS 0x000000008b800000, 0x000000008b900000| Untracked 
| 185|0x000000008b900000, 0x000000008ba00000, 0x000000008ba00000|100%| O|  |TAMS 0x000000008b900000, 0x000000008ba00000| Untracked 
| 186|0x000000008ba00000, 0x000000008bb00000, 0x000000008bb00000|100%| O|  |TAMS 0x000000008ba00000, 0x000000008bb00000| Untracked 
| 187|0x000000008bb00000, 0x000000008bc00000, 0x000000008bc00000|100%| O|  |TAMS 0x000000008bb00000, 0x000000008bc00000| Untracked 
| 188|0x000000008bc00000, 0x000000008bd00000, 0x000000008bd00000|100%| O|  |TAMS 0x000000008bc00000, 0x000000008bd00000| Untracked 
| 189|0x000000008bd00000, 0x000000008be00000, 0x000000008be00000|100%| O|  |TAMS 0x000000008bd00000, 0x000000008be00000| Untracked 
| 190|0x000000008be00000, 0x000000008bf00000, 0x000000008bf00000|100%| O|  |TAMS 0x000000008be00000, 0x000000008bf00000| Untracked 
| 191|0x000000008bf00000, 0x000000008c000000, 0x000000008c000000|100%| O|  |TAMS 0x000000008bf00000, 0x000000008c000000| Untracked 
| 192|0x000000008c000000, 0x000000008c100000, 0x000000008c100000|100%| O|  |TAMS 0x000000008c000000, 0x000000008c100000| Untracked 
| 193|0x000000008c100000, 0x000000008c200000, 0x000000008c200000|100%| O|  |TAMS 0x000000008c100000, 0x000000008c200000| Untracked 
| 194|0x000000008c200000, 0x000000008c300000, 0x000000008c300000|100%| O|  |TAMS 0x000000008c200000, 0x000000008c300000| Untracked 
| 195|0x000000008c300000, 0x000000008c400000, 0x000000008c400000|100%| O|  |TAMS 0x000000008c300000, 0x000000008c400000| Untracked 
| 196|0x000000008c400000, 0x000000008c500000, 0x000000008c500000|100%| O|  |TAMS 0x000000008c400000, 0x000000008c500000| Untracked 
| 197|0x000000008c500000, 0x000000008c600000, 0x000000008c600000|100%| O|  |TAMS 0x000000008c500000, 0x000000008c600000| Untracked 
| 198|0x000000008c600000, 0x000000008c700000, 0x000000008c700000|100%| O|  |TAMS 0x000000008c600000, 0x000000008c700000| Untracked 
| 199|0x000000008c700000, 0x000000008c800000, 0x000000008c800000|100%| O|  |TAMS 0x000000008c700000, 0x000000008c800000| Untracked 
| 200|0x000000008c800000, 0x000000008c900000, 0x000000008c900000|100%| O|  |TAMS 0x000000008c800000, 0x000000008c900000| Untracked 
| 201|0x000000008c900000, 0x000000008ca00000, 0x000000008ca00000|100%| O|  |TAMS 0x000000008c900000, 0x000000008ca00000| Untracked 
| 202|0x000000008ca00000, 0x000000008cb00000, 0x000000008cb00000|100%| O|  |TAMS 0x000000008ca00000, 0x000000008ca45000| Untracked 
| 203|0x000000008cb00000, 0x000000008cc00000, 0x000000008cc00000|100%| O|  |TAMS 0x000000008cb00000, 0x000000008cb00000| Untracked 
| 204|0x000000008cc00000, 0x000000008cd00000, 0x000000008cd00000|100%| O|  |TAMS 0x000000008cc00000, 0x000000008cc00000| Untracked 
| 205|0x000000008cd00000, 0x000000008ce00000, 0x000000008ce00000|100%| O|  |TAMS 0x000000008cd00000, 0x000000008cd00000| Untracked 
| 206|0x000000008ce00000, 0x000000008cf00000, 0x000000008cf00000|100%| O|  |TAMS 0x000000008ce00000, 0x000000008ce00000| Untracked 
| 207|0x000000008cf00000, 0x000000008d000000, 0x000000008d000000|100%| O|  |TAMS 0x000000008cf00000, 0x000000008cf00000| Untracked 
| 208|0x000000008d000000, 0x000000008d100000, 0x000000008d100000|100%| O|  |TAMS 0x000000008d000000, 0x000000008d000000| Untracked 
| 209|0x000000008d100000, 0x000000008d200000, 0x000000008d200000|100%| O|  |TAMS 0x000000008d100000, 0x000000008d100000| Untracked 
| 210|0x000000008d200000, 0x000000008d300000, 0x000000008d300000|100%| O|  |TAMS 0x000000008d200000, 0x000000008d200000| Untracked 
| 211|0x000000008d300000, 0x000000008d400000, 0x000000008d400000|100%| O|  |TAMS 0x000000008d300000, 0x000000008d300000| Untracked 
| 212|0x000000008d400000, 0x000000008d500000, 0x000000008d500000|100%| O|  |TAMS 0x000000008d400000, 0x000000008d400000| Untracked 
| 213|0x000000008d500000, 0x000000008d600000, 0x000000008d600000|100%| O|  |TAMS 0x000000008d500000, 0x000000008d500000| Untracked 
| 214|0x000000008d600000, 0x000000008d700000, 0x000000008d700000|100%| O|  |TAMS 0x000000008d600000, 0x000000008d600000| Untracked 
| 215|0x000000008d700000, 0x000000008d800000, 0x000000008d800000|100%| O|  |TAMS 0x000000008d700000, 0x000000008d700000| Untracked 
| 216|0x000000008d800000, 0x000000008d900000, 0x000000008d900000|100%| O|  |TAMS 0x000000008d800000, 0x000000008d800000| Untracked 
| 217|0x000000008d900000, 0x000000008da00000, 0x000000008da00000|100%| O|  |TAMS 0x000000008d900000, 0x000000008d900000| Untracked 
| 218|0x000000008da00000, 0x000000008db00000, 0x000000008db00000|100%| O|  |TAMS 0x000000008da00000, 0x000000008da00000| Untracked 
| 219|0x000000008db00000, 0x000000008db66400, 0x000000008dc00000| 39%| O|  |TAMS 0x000000008db00000, 0x000000008db00000| Untracked 
| 220|0x000000008dc00000, 0x000000008dc00000, 0x000000008dd00000|  0%| F|  |TAMS 0x000000008dc00000, 0x000000008dc00000| Untracked 
| 221|0x000000008dd00000, 0x000000008dd00000, 0x000000008de00000|  0%| F|  |TAMS 0x000000008dd00000, 0x000000008dd00000| Untracked 
| 222|0x000000008de00000, 0x000000008df00000, 0x000000008df00000|100%| O|  |TAMS 0x000000008df00000, 0x000000008df00000| Untracked 
| 223|0x000000008df00000, 0x000000008e000000, 0x000000008e000000|100%| O|  |TAMS 0x000000008e000000, 0x000000008e000000| Untracked 
| 224|0x000000008e000000, 0x000000008e100000, 0x000000008e100000|100%| O|  |TAMS 0x000000008e100000, 0x000000008e100000| Untracked 
| 225|0x000000008e100000, 0x000000008e200000, 0x000000008e200000|100%| O|  |TAMS 0x000000008e200000, 0x000000008e200000| Untracked 
| 226|0x000000008e200000, 0x000000008e200000, 0x000000008e300000|  0%| F|  |TAMS 0x000000008e200000, 0x000000008e200000| Untracked 
| 227|0x000000008e300000, 0x000000008e300000, 0x000000008e400000|  0%| F|  |TAMS 0x000000008e300000, 0x000000008e300000| Untracked 
| 228|0x000000008e400000, 0x000000008e400000, 0x000000008e500000|  0%| F|  |TAMS 0x000000008e400000, 0x000000008e400000| Untracked 
| 229|0x000000008e500000, 0x000000008e500000, 0x000000008e600000|  0%| F|  |TAMS 0x000000008e500000, 0x000000008e500000| Untracked 
| 230|0x000000008e600000, 0x000000008e600000, 0x000000008e700000|  0%| F|  |TAMS 0x000000008e600000, 0x000000008e600000| Untracked 
| 231|0x000000008e700000, 0x000000008e700000, 0x000000008e800000|  0%| F|  |TAMS 0x000000008e700000, 0x000000008e700000| Untracked 
| 232|0x000000008e800000, 0x000000008e800000, 0x000000008e900000|  0%| F|  |TAMS 0x000000008e800000, 0x000000008e800000| Untracked 
| 233|0x000000008e900000, 0x000000008e900000, 0x000000008ea00000|  0%| F|  |TAMS 0x000000008e900000, 0x000000008e900000| Untracked 
| 234|0x000000008ea00000, 0x000000008ea00000, 0x000000008eb00000|  0%| F|  |TAMS 0x000000008ea00000, 0x000000008ea00000| Untracked 
| 235|0x000000008eb00000, 0x000000008eb00000, 0x000000008ec00000|  0%| F|  |TAMS 0x000000008eb00000, 0x000000008eb00000| Untracked 
| 236|0x000000008ec00000, 0x000000008ec00000, 0x000000008ed00000|  0%| F|  |TAMS 0x000000008ec00000, 0x000000008ec00000| Untracked 
| 237|0x000000008ed00000, 0x000000008ed00000, 0x000000008ee00000|  0%| F|  |TAMS 0x000000008ed00000, 0x000000008ed00000| Untracked 
| 238|0x000000008ee00000, 0x000000008ee00000, 0x000000008ef00000|  0%| F|  |TAMS 0x000000008ee00000, 0x000000008ee00000| Untracked 
| 239|0x000000008ef00000, 0x000000008ef00000, 0x000000008f000000|  0%| F|  |TAMS 0x000000008ef00000, 0x000000008ef00000| Untracked 
| 240|0x000000008f000000, 0x000000008f000000, 0x000000008f100000|  0%| F|  |TAMS 0x000000008f000000, 0x000000008f000000| Untracked 
| 241|0x000000008f100000, 0x000000008f100000, 0x000000008f200000|  0%| F|  |TAMS 0x000000008f100000, 0x000000008f100000| Untracked 
| 242|0x000000008f200000, 0x000000008f200000, 0x000000008f300000|  0%| F|  |TAMS 0x000000008f200000, 0x000000008f200000| Untracked 
| 243|0x000000008f300000, 0x000000008f300000, 0x000000008f400000|  0%| F|  |TAMS 0x000000008f300000, 0x000000008f300000| Untracked 
| 244|0x000000008f400000, 0x000000008f400000, 0x000000008f500000|  0%| F|  |TAMS 0x000000008f400000, 0x000000008f400000| Untracked 
| 245|0x000000008f500000, 0x000000008f500000, 0x000000008f600000|  0%| F|  |TAMS 0x000000008f500000, 0x000000008f500000| Untracked 
| 246|0x000000008f600000, 0x000000008f600000, 0x000000008f700000|  0%| F|  |TAMS 0x000000008f600000, 0x000000008f600000| Untracked 
| 247|0x000000008f700000, 0x000000008f700000, 0x000000008f800000|  0%| F|  |TAMS 0x000000008f700000, 0x000000008f700000| Untracked 
| 248|0x000000008f800000, 0x000000008f800000, 0x000000008f900000|  0%| F|  |TAMS 0x000000008f800000, 0x000000008f800000| Untracked 
| 249|0x000000008f900000, 0x000000008f900000, 0x000000008fa00000|  0%| F|  |TAMS 0x000000008f900000, 0x000000008f900000| Untracked 
| 250|0x000000008fa00000, 0x000000008fa00000, 0x000000008fb00000|  0%| F|  |TAMS 0x000000008fa00000, 0x000000008fa00000| Untracked 
| 251|0x000000008fb00000, 0x000000008fb00000, 0x000000008fc00000|  0%| F|  |TAMS 0x000000008fb00000, 0x000000008fb00000| Untracked 
| 252|0x000000008fc00000, 0x000000008fc00000, 0x000000008fd00000|  0%| F|  |TAMS 0x000000008fc00000, 0x000000008fc00000| Untracked 
| 253|0x000000008fd00000, 0x000000008fd00000, 0x000000008fe00000|  0%| F|  |TAMS 0x000000008fd00000, 0x000000008fd00000| Untracked 
| 254|0x000000008fe00000, 0x000000008fe00000, 0x000000008ff00000|  0%| F|  |TAMS 0x000000008fe00000, 0x000000008fe00000| Untracked 
| 255|0x000000008ff00000, 0x000000008ff00000, 0x0000000090000000|  0%| F|  |TAMS 0x000000008ff00000, 0x000000008ff00000| Untracked 
| 256|0x0000000090000000, 0x0000000090000000, 0x0000000090100000|  0%| F|  |TAMS 0x0000000090000000, 0x0000000090000000| Untracked 
| 257|0x0000000090100000, 0x0000000090100000, 0x0000000090200000|  0%| F|  |TAMS 0x0000000090100000, 0x0000000090100000| Untracked 
| 258|0x0000000090200000, 0x0000000090200000, 0x0000000090300000|  0%| F|  |TAMS 0x0000000090200000, 0x0000000090200000| Untracked 
| 259|0x0000000090300000, 0x0000000090300000, 0x0000000090400000|  0%| F|  |TAMS 0x0000000090300000, 0x0000000090300000| Untracked 
| 260|0x0000000090400000, 0x0000000090400000, 0x0000000090500000|  0%| F|  |TAMS 0x0000000090400000, 0x0000000090400000| Untracked 
| 261|0x0000000090500000, 0x0000000090500000, 0x0000000090600000|  0%| F|  |TAMS 0x0000000090500000, 0x0000000090500000| Untracked 
| 262|0x0000000090600000, 0x0000000090600000, 0x0000000090700000|  0%| F|  |TAMS 0x0000000090600000, 0x0000000090600000| Untracked 
| 263|0x0000000090700000, 0x0000000090700000, 0x0000000090800000|  0%| F|  |TAMS 0x0000000090700000, 0x0000000090700000| Untracked 
| 264|0x0000000090800000, 0x0000000090800000, 0x0000000090900000|  0%| F|  |TAMS 0x0000000090800000, 0x0000000090800000| Untracked 
| 265|0x0000000090900000, 0x0000000090a00000, 0x0000000090a00000|100%| S|CS|TAMS 0x0000000090900000, 0x0000000090900000| Complete 
| 266|0x0000000090a00000, 0x0000000090b00000, 0x0000000090b00000|100%| S|CS|TAMS 0x0000000090a00000, 0x0000000090a00000| Complete 
| 267|0x0000000090b00000, 0x0000000090c00000, 0x0000000090c00000|100%| S|CS|TAMS 0x0000000090b00000, 0x0000000090b00000| Complete 
| 268|0x0000000090c00000, 0x0000000090c00000, 0x0000000090d00000|  0%| F|  |TAMS 0x0000000090c00000, 0x0000000090c00000| Untracked 
| 269|0x0000000090d00000, 0x0000000090d00000, 0x0000000090e00000|  0%| F|  |TAMS 0x0000000090d00000, 0x0000000090d00000| Untracked 
| 270|0x0000000090e00000, 0x0000000090e00000, 0x0000000090f00000|  0%| F|  |TAMS 0x0000000090e00000, 0x0000000090e00000| Untracked 
| 271|0x0000000090f00000, 0x0000000090f00000, 0x0000000091000000|  0%| F|  |TAMS 0x0000000090f00000, 0x0000000090f00000| Untracked 
| 272|0x0000000091000000, 0x0000000091000000, 0x0000000091100000|  0%| F|  |TAMS 0x0000000091000000, 0x0000000091000000| Untracked 
| 273|0x0000000091100000, 0x0000000091100000, 0x0000000091200000|  0%| F|  |TAMS 0x0000000091100000, 0x0000000091100000| Untracked 
| 274|0x0000000091200000, 0x0000000091200000, 0x0000000091300000|  0%| F|  |TAMS 0x0000000091200000, 0x0000000091200000| Untracked 
| 275|0x0000000091300000, 0x0000000091300000, 0x0000000091400000|  0%| F|  |TAMS 0x0000000091300000, 0x0000000091300000| Untracked 
| 276|0x0000000091400000, 0x0000000091400000, 0x0000000091500000|  0%| F|  |TAMS 0x0000000091400000, 0x0000000091400000| Untracked 
| 277|0x0000000091500000, 0x0000000091500000, 0x0000000091600000|  0%| F|  |TAMS 0x0000000091500000, 0x0000000091500000| Untracked 
| 278|0x0000000091600000, 0x0000000091600000, 0x0000000091700000|  0%| F|  |TAMS 0x0000000091600000, 0x0000000091600000| Untracked 
| 279|0x0000000091700000, 0x0000000091700000, 0x0000000091800000|  0%| F|  |TAMS 0x0000000091700000, 0x0000000091700000| Untracked 
| 280|0x0000000091800000, 0x0000000091800000, 0x0000000091900000|  0%| F|  |TAMS 0x0000000091800000, 0x0000000091800000| Untracked 
| 281|0x0000000091900000, 0x0000000091900000, 0x0000000091a00000|  0%| F|  |TAMS 0x0000000091900000, 0x0000000091900000| Untracked 
| 282|0x0000000091a00000, 0x0000000091a00000, 0x0000000091b00000|  0%| F|  |TAMS 0x0000000091a00000, 0x0000000091a00000| Untracked 

Card table byte_map: [0x0000012c9bd80000,0x0000012c9c180000] _byte_map_base: 0x0000012c9b980000

Marking Bits (Prev, Next): (CMBitMap*) 0x0000012c89054478, (CMBitMap*) 0x0000012c890544b0
 Prev Bits: [0x0000012c9c580000, 0x0000012c9e580000)
 Next Bits: [0x0000012c9e580000, 0x0000012ca0580000)

Polling page: 0x0000012c86eb0000

Metaspace:

Usage:
  Non-class:     81.74 MB capacity,    80.18 MB ( 98%) used,     1.30 MB (  2%) free+waste,   272.44 KB ( <1%) overhead. 
      Class:     12.54 MB capacity,    11.66 MB ( 93%) used,   775.19 KB (  6%) free+waste,   121.50 KB ( <1%) overhead. 
       Both:     94.28 MB capacity,    91.84 MB ( 97%) used,     2.06 MB (  2%) free+waste,   393.94 KB ( <1%) overhead. 

Virtual space:
  Non-class space:       82.00 MB reserved,      81.75 MB (>99%) committed 
      Class space:        1.00 GB reserved,      12.57 MB (  1%) committed 
             Both:        1.08 GB reserved,      94.32 MB (  9%) committed 

Chunk freelists:
   Non-Class:  6.00 KB
       Class:  27.00 KB
        Both:  33.00 KB

MaxMetaspaceSize: 17179869184.00 GB
CompressedClassSpaceSize: 1.00 GB

CodeHeap 'non-profiled nmethods': size=120064Kb used=9906Kb max_used=9906Kb free=110158Kb
 bounds [0x0000012c94440000, 0x0000012c94df0000, 0x0000012c9b980000]
CodeHeap 'profiled nmethods': size=120000Kb used=28913Kb max_used=28913Kb free=91086Kb
 bounds [0x0000012c8cf10000, 0x0000012c8eb50000, 0x0000012c94440000]
CodeHeap 'non-nmethods': size=5696Kb used=2272Kb max_used=2344Kb free=3424Kb
 bounds [0x0000012c8c980000, 0x0000012c8cbf0000, 0x0000012c8cf10000]
 total_blobs=14446 nmethods=13579 adapters=776
 compilation: enabled
              stopped_count=0, restarted_count=0
 full_count=0

Compilation events (20 events):
Event: 947.099 Thread 0x0000012ca33fe000 14021       2       com.android.tools.r8.graph.o0::a (66 bytes)
Event: 947.099 Thread 0x0000012ca33fe000 nmethod 14021 0x0000012c8eb4bb10 code [0x0000012c8eb4bd40, 0x0000012c8eb4c0b8]
Event: 947.099 Thread 0x0000012ca33fe000 14020       2       com.android.tools.r8.code.s1::a (13 bytes)
Event: 947.100 Thread 0x0000012ca33fe000 nmethod 14020 0x0000012c8eb4c390 code [0x0000012c8eb4c560, 0x0000012c8eb4c6f8]
Event: 947.100 Thread 0x0000012ca33fe000 14022       2       java.util.Spliterators$ArraySpliterator::<init> (33 bytes)
Event: 947.100 Thread 0x0000012ca33fe000 nmethod 14022 0x0000012c8eb4c890 code [0x0000012c8eb4ca40, 0x0000012c8eb4cb98]
Event: 947.100 Thread 0x0000012ca33fe000 14025       2       com.android.tools.r8.s.a.b.l.d::a (286 bytes)
Event: 947.101 Thread 0x0000012ca33fe000 nmethod 14025 0x0000012c8eb4cc10 code [0x0000012c8eb4cea0, 0x0000012c8eb4d898]
Event: 947.101 Thread 0x0000012ca33fe000 14024       2       com.android.tools.r8.s.a.b.l.d::a (368 bytes)
Event: 947.102 Thread 0x0000012ca33fe000 nmethod 14024 0x0000012c8eb4dd90 code [0x0000012c8eb4dfa0, 0x0000012c8eb4e398]
Event: 947.102 Thread 0x0000012ca33fe000 14023       2       java.io.StringWriter::write (10 bytes)
Event: 947.102 Thread 0x0000012ca33fe000 nmethod 14023 0x0000012c8eb4e610 code [0x0000012c8eb4e7c0, 0x0000012c8eb4ea88]
Event: 947.102 Thread 0x0000012ca33fe000 14027       2       com.android.tools.r8.graph.q0::c (6 bytes)
Event: 947.102 Thread 0x0000012ca33fe000 nmethod 14027 0x0000012c8eb4eb90 code [0x0000012c8eb4ed40, 0x0000012c8eb4ee48]
Event: 947.102 Thread 0x0000012ca33fe000 14028       2       com.android.tools.r8.graph.C1$$Lambda$1055/0x0000000100c5dc40::compare (16 bytes)
Event: 947.102 Thread 0x0000012ca33fe000 nmethod 14028 0x0000012c8eb4ef10 code [0x0000012c8eb4f0e0, 0x0000012c8eb4f2a8]
Event: 947.102 Thread 0x0000012ca33fe000 14029       2       com.android.tools.r8.graph.C1::a (9 bytes)
Event: 947.103 Thread 0x0000012ca33fe000 nmethod 14029 0x0000012c8eb4f390 code [0x0000012c8eb4f540, 0x0000012c8eb4f648]
Event: 947.103 Thread 0x0000012ca33fe000 14026  s    2       java.lang.StringBuffer::append (13 bytes)
Event: 947.103 Thread 0x0000012ca33fe000 nmethod 14026 0x0000012c8eb4f710 code [0x0000012c8eb4f8c0, 0x0000012c8eb4fb68]

GC Heap History (20 events):
Event: 944.635 GC heap after
{Heap after GC invocations=33 (full 0):
 garbage-first heap   total 231424K, used 166076K [0x0000000080000000, 0x0000000100000000)
  region size 1024K, 5 young (5120K), 5 survivors (5120K)
 Metaspace       used 89116K, capacity 91331K, committed 91596K, reserved 1128448K
  class space    used 11336K, capacity 12139K, committed 12236K, reserved 1048576K
}
Event: 944.915 GC heap before
{Heap before GC invocations=34 (full 0):
 garbage-first heap   total 231424K, used 188604K [0x0000000080000000, 0x0000000100000000)
  region size 1024K, 27 young (27648K), 5 survivors (5120K)
 Metaspace       used 91347K, capacity 93671K, committed 93772K, reserved 1130496K
  class space    used 11742K, capacity 12581K, committed 12620K, reserved 1048576K
}
Event: 944.945 GC heap after
{Heap after GC invocations=35 (full 0):
 garbage-first heap   total 231424K, used 172032K [0x0000000080000000, 0x0000000100000000)
  region size 1024K, 4 young (4096K), 4 survivors (4096K)
 Metaspace       used 91347K, capacity 93671K, committed 93772K, reserved 1130496K
  class space    used 11742K, capacity 12581K, committed 12620K, reserved 1048576K
}
Event: 945.084 GC heap before
{Heap before GC invocations=35 (full 0):
 garbage-first heap   total 231424K, used 179200K [0x0000000080000000, 0x0000000100000000)
  region size 1024K, 11 young (11264K), 4 survivors (4096K)
 Metaspace       used 91692K, capacity 94003K, committed 94284K, reserved 1130496K
  class space    used 11768K, capacity 12583K, committed 12620K, reserved 1048576K
}
Event: 945.108 GC heap after
{Heap after GC invocations=36 (full 0):
 garbage-first heap   total 231424K, used 171965K [0x0000000080000000, 0x0000000100000000)
  region size 1024K, 2 young (2048K), 2 survivors (2048K)
 Metaspace       used 91692K, capacity 94003K, committed 94284K, reserved 1130496K
  class space    used 11768K, capacity 12583K, committed 12620K, reserved 1048576K
}
Event: 945.382 GC heap before
{Heap before GC invocations=36 (full 0):
 garbage-first heap   total 231424K, used 191421K [0x0000000080000000, 0x0000000100000000)
  region size 1024K, 21 young (21504K), 2 survivors (2048K)
 Metaspace       used 92053K, capacity 94394K, committed 94668K, reserved 1130496K
  class space    used 11787K, capacity 12626K, committed 12748K, reserved 1048576K
}
Event: 945.400 GC heap after
{Heap after GC invocations=37 (full 0):
 garbage-first heap   total 231424K, used 180953K [0x0000000080000000, 0x0000000100000000)
  region size 1024K, 3 young (3072K), 3 survivors (3072K)
 Metaspace       used 92053K, capacity 94394K, committed 94668K, reserved 1130496K
  class space    used 11787K, capacity 12626K, committed 12748K, reserved 1048576K
}
Event: 945.713 GC heap before
{Heap before GC invocations=37 (full 0):
 garbage-first heap   total 231424K, used 194265K [0x0000000080000000, 0x0000000100000000)
  region size 1024K, 16 young (16384K), 3 survivors (3072K)
 Metaspace       used 92381K, capacity 94773K, committed 94924K, reserved 1132544K
  class space    used 11811K, capacity 12645K, committed 12748K, reserved 1048576K
}
Event: 945.728 GC heap after
{Heap after GC invocations=38 (full 0):
 garbage-first heap   total 231424K, used 188127K [0x0000000080000000, 0x0000000100000000)
  region size 1024K, 2 young (2048K), 2 survivors (2048K)
 Metaspace       used 92381K, capacity 94773K, committed 94924K, reserved 1132544K
  class space    used 11811K, capacity 12645K, committed 12748K, reserved 1048576K
}
Event: 946.038 GC heap before
{Heap before GC invocations=38 (full 0):
 garbage-first heap   total 231424K, used 197343K [0x0000000080000000, 0x0000000100000000)
  region size 1024K, 11 young (11264K), 2 survivors (2048K)
 Metaspace       used 92769K, capacity 95118K, committed 95436K, reserved 1132544K
  class space    used 11831K, capacity 12669K, committed 12748K, reserved 1048576K
}
Event: 946.050 GC heap after
{Heap after GC invocations=39 (full 0):
 garbage-first heap   total 231424K, used 192512K [0x0000000080000000, 0x0000000100000000)
  region size 1024K, 2 young (2048K), 2 survivors (2048K)
 Metaspace       used 92769K, capacity 95118K, committed 95436K, reserved 1132544K
  class space    used 11831K, capacity 12669K, committed 12748K, reserved 1048576K
}
Event: 946.190 GC heap before
{Heap before GC invocations=40 (full 0):
 garbage-first heap   total 231424K, used 201728K [0x0000000080000000, 0x0000000100000000)
  region size 1024K, 11 young (11264K), 2 survivors (2048K)
 Metaspace       used 92921K, capacity 95293K, committed 95436K, reserved 1132544K
  class space    used 11842K, capacity 12684K, committed 12748K, reserved 1048576K
}
Event: 946.204 GC heap after
{Heap after GC invocations=41 (full 0):
 garbage-first heap   total 289792K, used 197515K [0x0000000080000000, 0x0000000100000000)
  region size 1024K, 2 young (2048K), 2 survivors (2048K)
 Metaspace       used 92921K, capacity 95293K, committed 95436K, reserved 1132544K
  class space    used 11842K, capacity 12684K, committed 12748K, reserved 1048576K
}
Event: 946.303 GC heap before
{Heap before GC invocations=41 (full 0):
 garbage-first heap   total 289792K, used 209803K [0x0000000080000000, 0x0000000100000000)
  region size 1024K, 14 young (14336K), 2 survivors (2048K)
 Metaspace       used 93048K, capacity 95393K, committed 95692K, reserved 1132544K
  class space    used 11862K, capacity 12696K, committed 12748K, reserved 1048576K
}
Event: 946.318 GC heap after
{Heap after GC invocations=42 (full 0):
 garbage-first heap   total 289792K, used 203776K [0x0000000080000000, 0x0000000100000000)
  region size 1024K, 2 young (2048K), 2 survivors (2048K)
 Metaspace       used 93048K, capacity 95393K, committed 95692K, reserved 1132544K
  class space    used 11862K, capacity 12696K, committed 12748K, reserved 1048576K
}
Event: 946.491 GC heap before
{Heap before GC invocations=42 (full 0):
 garbage-first heap   total 289792K, used 226304K [0x0000000080000000, 0x0000000100000000)
  region size 1024K, 24 young (24576K), 2 survivors (2048K)
 Metaspace       used 93375K, capacity 95759K, committed 96076K, reserved 1132544K
  class space    used 11898K, capacity 12754K, committed 12876K, reserved 1048576K
}
Event: 946.515 GC heap after
{Heap after GC invocations=43 (full 0):
 garbage-first heap   total 289792K, used 214292K [0x0000000080000000, 0x0000000100000000)
  region size 1024K, 3 young (3072K), 3 survivors (3072K)
 Metaspace       used 93375K, capacity 95759K, committed 96076K, reserved 1132544K
  class space    used 11898K, capacity 12754K, committed 12876K, reserved 1048576K
}
Event: 946.978 GC heap before
{Heap before GC invocations=43 (full 0):
 garbage-first heap   total 289792K, used 233748K [0x0000000080000000, 0x0000000100000000)
  region size 1024K, 22 young (22528K), 3 survivors (3072K)
 Metaspace       used 93911K, capacity 96403K, committed 96588K, reserved 1132544K
  class space    used 11939K, capacity 12837K, committed 12876K, reserved 1048576K
}
Event: 946.995 GC heap after
{Heap after GC invocations=44 (full 0):
 garbage-first heap   total 289792K, used 223625K [0x0000000080000000, 0x0000000100000000)
  region size 1024K, 3 young (3072K), 3 survivors (3072K)
 Metaspace       used 93911K, capacity 96403K, committed 96588K, reserved 1132544K
  class space    used 11939K, capacity 12837K, committed 12876K, reserved 1048576K
}
Event: 947.107 GC heap before
{Heap before GC invocations=44 (full 0):
 garbage-first heap   total 289792K, used 238985K [0x0000000080000000, 0x0000000100000000)
  region size 1024K, 18 young (18432K), 3 survivors (3072K)
 Metaspace       used 94041K, capacity 96543K, committed 96588K, reserved 1132544K
  class space    used 11940K, capacity 12837K, committed 12876K, reserved 1048576K
}

Deoptimization events (20 events):
Event: 946.932 Thread 0x0000012ca7a5b000 DEOPT PACKING pc=0x0000012c94de0d3c sp=0x00000018c9ffc5c0
Event: 946.932 Thread 0x0000012ca7a5b000 DEOPT UNPACKING pc=0x0000012c8c9a74af sp=0x00000018c9ffc4f8 mode 2
Event: 946.932 Thread 0x0000012ca7a5b000 Uncommon trap: trap_request=0xffffffc6 fr.pc=0x0000012c94de0d3c relative=0x000000000000007c
Event: 946.932 Thread 0x0000012ca7a5b000 Uncommon trap: reason=bimorphic_or_optimized_type_check action=maybe_recompile pc=0x0000012c94de0d3c method=com.android.tools.r8.v.b.x1.a(Lcom/android/tools/r8/v/a/t/u;)Lcom/android/tools/r8/v/b/x1; @ 1 c2
Event: 946.932 Thread 0x0000012ca7a5b000 DEOPT PACKING pc=0x0000012c94de0d3c sp=0x00000018c9ffc310
Event: 946.932 Thread 0x0000012ca7a5b000 DEOPT UNPACKING pc=0x0000012c8c9a74af sp=0x00000018c9ffc248 mode 2
Event: 946.932 Thread 0x0000012ca7a5b000 Uncommon trap: trap_request=0xffffffc6 fr.pc=0x0000012c94de0d3c relative=0x000000000000007c
Event: 946.932 Thread 0x0000012ca7a5b000 Uncommon trap: reason=bimorphic_or_optimized_type_check action=maybe_recompile pc=0x0000012c94de0d3c method=com.android.tools.r8.v.b.x1.a(Lcom/android/tools/r8/v/a/t/u;)Lcom/android/tools/r8/v/b/x1; @ 1 c2
Event: 946.932 Thread 0x0000012ca7a5b000 DEOPT PACKING pc=0x0000012c94de0d3c sp=0x00000018c9ffc5b0
Event: 946.932 Thread 0x0000012ca7a5b000 DEOPT UNPACKING pc=0x0000012c8c9a74af sp=0x00000018c9ffc4e8 mode 2
Event: 946.932 Thread 0x0000012ca7a5b000 Uncommon trap: trap_request=0xffffffc6 fr.pc=0x0000012c94de0d3c relative=0x000000000000007c
Event: 946.932 Thread 0x0000012ca7a5b000 Uncommon trap: reason=bimorphic_or_optimized_type_check action=maybe_recompile pc=0x0000012c94de0d3c method=com.android.tools.r8.v.b.x1.a(Lcom/android/tools/r8/v/a/t/u;)Lcom/android/tools/r8/v/b/x1; @ 1 c2
Event: 946.932 Thread 0x0000012ca7a5b000 DEOPT PACKING pc=0x0000012c94de0d3c sp=0x00000018c9ffc560
Event: 946.932 Thread 0x0000012ca7a5b000 DEOPT UNPACKING pc=0x0000012c8c9a74af sp=0x00000018c9ffc498 mode 2
Event: 947.040 Thread 0x0000012ca8cc5000 DEOPT PACKING pc=0x0000012c8e8e2004 sp=0x00000018ca4fe3f0
Event: 947.040 Thread 0x0000012ca8cc5000 DEOPT UNPACKING pc=0x0000012c8c9a72ce sp=0x00000018ca4fdab0 mode 0
Event: 947.088 Thread 0x0000012ca7a54800 Uncommon trap: trap_request=0xffffffe4 fr.pc=0x0000012c94d8776c relative=0x000000000000022c
Event: 947.088 Thread 0x0000012ca7a54800 Uncommon trap: reason=range_check action=make_not_entrant pc=0x0000012c94d8776c method=com.android.tools.r8.graph.q0.b(Lcom/android/tools/r8/graph/q0;)I @ 26 c2
Event: 947.088 Thread 0x0000012ca7a54800 DEOPT PACKING pc=0x0000012c94d8776c sp=0x00000018c9efd4c0
Event: 947.088 Thread 0x0000012ca7a54800 DEOPT UNPACKING pc=0x0000012c8c9a74af sp=0x00000018c9efd440 mode 2

Classes redefined (0 events):
No events

Internal exceptions (20 events):
Event: 944.195 Thread 0x0000012ca7a54800 Exception <a 'java/lang/NoSuchMethodError'{0x000000008d500c70}: 'java.lang.Object java.lang.invoke.DirectMethodHandle$Holder.invokeStatic(java.lang.Object, int, java.lang.Object, java.lang.Object)'> (0x000000008d500c70) thrown at [./src/hotspot/share/interpreter/linkResolver.cpp, line 773]
Event: 944.230 Thread 0x0000012ca7a5b000 Exception <a 'java/lang/NoSuchMethodError'{0x000000008dc035b8}: 'long java.lang.invoke.DirectMethodHandle$Holder.invokeStatic(java.lang.Object, java.lang.Object)'> (0x000000008dc035b8) thrown at [./src/hotspot/share/interpreter/linkResolver.cpp, line 773]
Event: 944.242 Thread 0x0000012ca8cc4000 Exception <a 'java/lang/NoSuchMethodError'{0x000000008dc317a8}: 'void java.lang.invoke.DirectMethodHandle$Holder.invokeSpecial(java.lang.Object, java.lang.Object, int, java.lang.Object)'> (0x000000008dc317a8) thrown at [./src/hotspot/share/interpreter/linkResolver.cpp, line 773]
Event: 944.567 Thread 0x0000012ca8cc4000 Exception <a 'java/lang/NoSuchMethodError'{0x000000008bd68330}: 'java.lang.Object java.lang.invoke.DirectMethodHandle$Holder.invokeVirtual(java.lang.Object, java.lang.Object, int, java.lang.Object)'> (0x000000008bd68330) thrown at [./src/hotspot/share/interpreter/linkResolver.cpp, line 773]
Event: 944.701 Thread 0x0000012ca7a5b000 Exception <a 'java/lang/NoSuchMethodError'{0x000000008d47adf8}: 'void java.lang.invoke.DirectMethodHandle$Holder.invokeVirtual(java.lang.Object, java.lang.Object, int, java.lang.Object)'> (0x000000008d47adf8) thrown at [./src/hotspot/share/interpreter/linkResolver.cpp, line 773]
Event: 944.702 Thread 0x0000012ca7a54800 Exception <a 'java/lang/NoSuchMethodError'{0x000000008d5e0530}: 'void java.lang.invoke.DirectMethodHandle$Holder.invokeVirtual(java.lang.Object, java.lang.Object, int, java.lang.Object)'> (0x000000008d5e0530) thrown at [./src/hotspot/share/interpreter/linkResolver.cpp, line 773]
Event: 944.702 Thread 0x0000012ca8cc4000 Exception <a 'java/lang/NoSuchMethodError'{0x000000008d431198}: 'void java.lang.invoke.DirectMethodHandle$Holder.invokeVirtual(java.lang.Object, java.lang.Object, int, java.lang.Object)'> (0x000000008d431198) thrown at [./src/hotspot/share/interpreter/linkResolver.cpp, line 773]
Event: 944.769 Thread 0x0000012ca8cc5000 Exception <a 'java/lang/NoSuchMethodError'{0x000000008cf9d2d8}: 'java.lang.Object java.lang.invoke.DirectMethodHandle$Holder.newInvokeSpecial(java.lang.Object, int)'> (0x000000008cf9d2d8) thrown at [./src/hotspot/share/interpreter/linkResolver.cpp, line 773]
Event: 945.486 Thread 0x0000012ca8cc4000 Implicit null exception at 0x0000012c94d5101a to 0x0000012c94d51161
Event: 945.733 Thread 0x0000012ca8cc4000 Exception <a 'java/lang/NoSuchMethodError'{0x000000008dd6b618}: 'java.lang.Object java.lang.invoke.DirectMethodHandle$Holder.invokeSpecial(java.lang.Object, java.lang.Object, java.lang.Object, java.lang.Object, java.lang.Object, java.lang.Object, java.lang.Object, java.lang.Object, java.lang.Object, java.lang.Object)'> (0x000000008dd6b618) thrown at [./src/hotspot/share/interpreter/linkResolver.cpp, line 773]
Event: 945.734 Thread 0x0000012ca8cc4000 Exception <a 'java/lang/NoSuchMethodError'{0x000000008dd72ad0}: 'java.lang.Object java.lang.invoke.Invokers$Holder.linkToTargetMethod(java.lang.Object, java.lang.Object, java.lang.Object, java.lang.Object, java.lang.Object, java.lang.Object, java.lang.Object, java.lang.Object, java.lang.Object)'> (0x000000008dd72ad0) thrown at [./src/hotspot/share/interpreter/linkResolver.cpp, line 773]
Event: 946.433 Thread 0x0000012ca8cc4000 Exception <a 'java/lang/NoSuchMethodError'{0x0000000090706a58}: 'void java.lang.invoke.DirectMethodHandle$Holder.invokeVirtual(java.lang.Object, java.lang.Object, int)'> (0x0000000090706a58) thrown at [./src/hotspot/share/interpreter/linkResolver.cpp, line 773]
Event: 946.519 Thread 0x0000012ca8cc4000 Implicit null exception at 0x0000012c948437fb to 0x0000012c948482b8
Event: 946.712 Thread 0x0000012ca7a54800 Exception <a 'java/lang/NoSuchMethodError'{0x0000000091294b50}: 'void java.lang.invoke.DirectMethodHandle$Holder.invokeStaticInit(java.lang.Object, java.lang.Object, java.lang.Object)'> (0x0000000091294b50) thrown at [./src/hotspot/share/interpreter/linkResolver.cpp, line 773]
Event: 946.832 Thread 0x0000012ca8cc4000 Exception <a 'sun/nio/fs/WindowsException'{0x0000000090981a08}> (0x0000000090981a08) thrown at [./src/hotspot/share/prims/jni.cpp, line 615]
Event: 946.832 Thread 0x0000012ca8cc4000 Exception <a 'sun/nio/fs/WindowsException'{0x0000000090982198}> (0x0000000090982198) thrown at [./src/hotspot/share/prims/jni.cpp, line 615]
Event: 946.832 Thread 0x0000012ca8cc4000 Exception <a 'sun/nio/fs/WindowsException'{0x0000000090982308}> (0x0000000090982308) thrown at [./src/hotspot/share/prims/jni.cpp, line 615]
Event: 946.833 Thread 0x0000012ca8cc4000 Exception <a 'sun/nio/fs/WindowsException'{0x0000000090983000}> (0x0000000090983000) thrown at [./src/hotspot/share/prims/jni.cpp, line 615]
Event: 946.833 Thread 0x0000012ca8cc4000 Exception <a 'sun/nio/fs/WindowsException'{0x0000000090983160}> (0x0000000090983160) thrown at [./src/hotspot/share/prims/jni.cpp, line 615]
Event: 946.833 Thread 0x0000012ca8cc4000 Exception <a 'sun/nio/fs/WindowsException'{0x0000000090983e50}> (0x0000000090983e50) thrown at [./src/hotspot/share/prims/jni.cpp, line 615]

Events (20 events):
Event: 946.752 loading class com/android/tools/r8/graph/t0$v
Event: 946.752 loading class com/android/tools/r8/graph/t0$v done
Event: 946.752 loading class java/util/stream/Nodes$FixedNodeBuilder
Event: 946.788 loading class com/android/tools/r8/dex/n$a
Event: 946.788 loading class com/android/tools/r8/dex/n$a done
Event: 946.793 loading class java/util/stream/Nodes$ArrayNode
Event: 946.802 loading class java/util/zip/Adler32 done
Event: 946.804 loading class com/android/tools/r8/dex/r$a
Event: 946.804 loading class com/android/tools/r8/dex/r$a done
Event: 946.831 loading class com/android/tools/r8/ByteDataView
Event: 946.831 loading class com/android/tools/r8/ByteDataView done
Event: 946.833 loading class java/nio/file/Path$1
Event: 946.834 loading class java/nio/file/Path$1 done
Event: 946.960 Executing VM operation: G1CollectForAllocation
Event: 946.967 loading class java/util/stream/Nodes$ArrayNode done
Event: 946.977 loading class java/util/stream/Nodes$FixedNodeBuilder done
Event: 946.995 Executing VM operation: G1CollectForAllocation done
Event: 946.997 loading class com/android/tools/r8/graph/t0$a
Event: 946.997 loading class com/android/tools/r8/graph/t0$a done
Event: 947.105 Executing VM operation: G1CollectForAllocation


Dynamic libraries:
0x00007ff693120000 - 0x00007ff69312a000 	E:\Program Files\Android\Android Studio\jre\bin\java.exe
0x00007ff93c400000 - 0x00007ff93c5f0000 	C:\Windows\SYSTEM32\ntdll.dll
0x00007ff929780000 - 0x00007ff9297b4000 	C:\Program Files\AVAST Software\Avast\x64\aswhooka.dll
0x00007ff93a790000 - 0x00007ff93a842000 	C:\Windows\System32\KERNEL32.DLL
0x00007ff939e10000 - 0x00007ff93a0b5000 	C:\Windows\System32\KERNELBASE.dll
0x00007ff93a1b0000 - 0x00007ff93a2aa000 	C:\Windows\System32\ucrtbase.dll
0x00007ff8ebf10000 - 0x00007ff8ebf29000 	E:\Program Files\Android\Android Studio\jre\bin\jli.dll
0x00007ff93b3a0000 - 0x00007ff93b534000 	C:\Windows\System32\USER32.dll
0x00007ff93a0c0000 - 0x00007ff93a0e1000 	C:\Windows\System32\win32u.dll
0x00007ff93b5f0000 - 0x00007ff93b616000 	C:\Windows\System32\GDI32.dll
0x00007ff939b20000 - 0x00007ff939cb6000 	C:\Windows\System32\gdi32full.dll
0x00007ff939cc0000 - 0x00007ff939d5e000 	C:\Windows\System32\msvcp_win.dll
0x00007ff8e5510000 - 0x00007ff8e5527000 	E:\Program Files\Android\Android Studio\jre\bin\VCRUNTIME140.dll
0x00007ff928740000 - 0x00007ff9289c4000 	C:\Windows\WinSxS\amd64_microsoft.windows.common-controls_6595b64144ccf1df_6.0.18362.1256_none_9e7e379be45e40e2\COMCTL32.dll
0x00007ff93a540000 - 0x00007ff93a5de000 	C:\Windows\System32\msvcrt.dll
0x00007ff93bc80000 - 0x00007ff93bfb6000 	C:\Windows\System32\combase.dll
0x00007ff93a5f0000 - 0x00007ff93a710000 	C:\Windows\System32\RPCRT4.dll
0x00007ff93a0f0000 - 0x00007ff93a171000 	C:\Windows\System32\bcryptPrimitives.dll
0x00007ff93a510000 - 0x00007ff93a53e000 	C:\Windows\System32\IMM32.DLL
0x00007ff8e2ed0000 - 0x00007ff8e2f6d000 	E:\Program Files\Android\Android Studio\jre\bin\msvcp140.dll
0x00007ff8db0e0000 - 0x00007ff8dbb9c000 	E:\Program Files\Android\Android Studio\jre\bin\server\jvm.dll
0x00007ff93ba90000 - 0x00007ff93bb33000 	C:\Windows\System32\ADVAPI32.dll
0x00007ff93b540000 - 0x00007ff93b5d7000 	C:\Windows\System32\sechost.dll
0x00007ff93b1f0000 - 0x00007ff93b1f8000 	C:\Windows\System32\PSAPI.DLL
0x00007ff915230000 - 0x00007ff915239000 	C:\Windows\SYSTEM32\WSOCK32.dll
0x00007ff93c1a0000 - 0x00007ff93c20f000 	C:\Windows\System32\WS2_32.dll
0x00007ff936a20000 - 0x00007ff936a44000 	C:\Windows\SYSTEM32\WINMM.dll
0x00007ff9316c0000 - 0x00007ff9316ca000 	C:\Windows\SYSTEM32\VERSION.dll
0x00007ff9369f0000 - 0x00007ff936a1d000 	C:\Windows\SYSTEM32\WINMMBASE.dll
0x00007ff939dc0000 - 0x00007ff939e0a000 	C:\Windows\System32\cfgmgr32.dll
0x00007ff9392b0000 - 0x00007ff9392c1000 	C:\Windows\System32\kernel.appcore.dll
0x00007ff8e7100000 - 0x00007ff8e7111000 	E:\Program Files\Android\Android Studio\jre\bin\verify.dll
0x00007ff937b40000 - 0x00007ff937d34000 	C:\Windows\SYSTEM32\DBGHELP.DLL
0x00007ff9250e0000 - 0x00007ff92510a000 	C:\Windows\SYSTEM32\dbgcore.DLL
0x00007ff8e70d0000 - 0x00007ff8e70f9000 	E:\Program Files\Android\Android Studio\jre\bin\java.dll
0x00007ff8e70c0000 - 0x00007ff8e70cb000 	E:\Program Files\Android\Android Studio\jre\bin\jimage.dll
0x00007ff8e3000000 - 0x00007ff8e3018000 	E:\Program Files\Android\Android Studio\jre\bin\zip.dll
0x00007ff93a980000 - 0x00007ff93b067000 	C:\Windows\System32\SHELL32.dll
0x00007ff93b2f0000 - 0x00007ff93b399000 	C:\Windows\System32\shcore.dll
0x00007ff939390000 - 0x00007ff939b11000 	C:\Windows\System32\windows.storage.dll
0x00007ff939320000 - 0x00007ff939343000 	C:\Windows\System32\profapi.dll
0x00007ff9392d0000 - 0x00007ff93931a000 	C:\Windows\System32\powrprof.dll
0x00007ff9392a0000 - 0x00007ff9392b0000 	C:\Windows\System32\UMPDC.dll
0x00007ff93a850000 - 0x00007ff93a8a2000 	C:\Windows\System32\shlwapi.dll
0x00007ff939370000 - 0x00007ff939387000 	C:\Windows\System32\cryptsp.dll
0x00007ff8de380000 - 0x00007ff8de39a000 	E:\Program Files\Android\Android Studio\jre\bin\net.dll
0x00007ff929a90000 - 0x00007ff929b80000 	C:\Windows\SYSTEM32\WINHTTP.dll
0x00007ff938a90000 - 0x00007ff938af7000 	C:\Windows\system32\mswsock.dll
0x00007ff8de360000 - 0x00007ff8de374000 	E:\Program Files\Android\Android Studio\jre\bin\nio.dll
0x00007ff901e90000 - 0x00007ff901eb7000 	C:\Users\hp\.gradle\native\fdc75f09e3144964f2cf3f50f0aa648679c211496f362492102eb8c894070792\windows-amd64\native-platform.dll
0x00007ff8e3650000 - 0x00007ff8e37e6000 	C:\Users\hp\.gradle\native\12488b8bf47d2d4c9fbf2f6322a914ad602e24e48041cd04a747c6da556b65c4\windows-amd64\native-platform-file-events.dll
0x00007ff8e70b0000 - 0x00007ff8e70ba000 	E:\Program Files\Android\Android Studio\jre\bin\management.dll
0x00007ff8e4340000 - 0x00007ff8e434c000 	E:\Program Files\Android\Android Studio\jre\bin\management_ext.dll
0x00007ff938600000 - 0x00007ff938633000 	C:\Windows\system32\rsaenh.dll
0x00007ff93a180000 - 0x00007ff93a1a6000 	C:\Windows\System32\bcrypt.dll
0x00007ff9391c0000 - 0x00007ff9391e5000 	C:\Windows\SYSTEM32\USERENV.dll
0x00007ff938c60000 - 0x00007ff938c6c000 	C:\Windows\SYSTEM32\CRYPTBASE.dll
0x00007ff9387a0000 - 0x00007ff9387da000 	C:\Windows\SYSTEM32\IPHLPAPI.DLL
0x00007ff93b5e0000 - 0x00007ff93b5e8000 	C:\Windows\System32\NSI.dll
0x00007ff92a690000 - 0x00007ff92a6a6000 	C:\Windows\SYSTEM32\dhcpcsvc6.DLL
0x00007ff92a9e0000 - 0x00007ff92a9fc000 	C:\Windows\SYSTEM32\dhcpcsvc.DLL
0x00007ff9387f0000 - 0x00007ff9388bb000 	C:\Windows\SYSTEM32\DNSAPI.dll
0x00007ff92ac00000 - 0x00007ff92ac0b000 	C:\Windows\SYSTEM32\WINNSI.DLL

dbghelp: loaded successfully - version: 4.0.5 - missing functions: none
symbol engine: initialized successfully - sym options: 0x614 - pdb path: .;E:\Program Files\Android\Android Studio\jre\bin;C:\Windows\SYSTEM32;C:\Program Files\AVAST Software\Avast\x64;C:\Windows\WinSxS\amd64_microsoft.windows.common-controls_6595b64144ccf1df_6.0.18362.1256_none_9e7e379be45e40e2;E:\Program Files\Android\Android Studio\jre\bin\server;C:\Users\hp\.gradle\native\fdc75f09e3144964f2cf3f50f0aa648679c211496f362492102eb8c894070792\windows-amd64;C:\Users\hp\.gradle\native\12488b8bf47d2d4c9fbf2f6322a914ad602e24e48041cd04a747c6da556b65c4\windows-amd64

VM Arguments:
jvm_args: --add-opens=java.base/java.util=ALL-UNNAMED --add-opens=java.base/java.lang=ALL-UNNAMED --add-opens=java.base/java.lang.invoke=ALL-UNNAMED --add-opens=java.prefs/java.util.prefs=ALL-UNNAMED -Xmx2048m -Dfile.encoding=UTF-8 -Duser.country=US -Duser.language=en -Duser.variant 
java_command: org.gradle.launcher.daemon.bootstrap.GradleDaemon 6.7.1
java_class_path (initial): C:\Users\hp\.gradle\wrapper\dists\gradle-6.7.1-bin\bwlcbys1h7rz3272sye1xwiv6\gradle-6.7.1\lib\gradle-launcher-6.7.1.jar
Launcher Type: SUN_STANDARD

[Global flags]
     intx CICompilerCount                          = 3                                         {product} {ergonomic}
     uint ConcGCThreads                            = 1                                         {product} {ergonomic}
     uint G1ConcRefinementThreads                  = 4                                         {product} {ergonomic}
   size_t G1HeapRegionSize                         = 1048576                                   {product} {ergonomic}
    uintx GCDrainStackTargetSize                   = 64                                        {product} {ergonomic}
   size_t InitialHeapSize                          = 134217728                                 {product} {ergonomic}
   size_t MarkStackSize                            = 4194304                                   {product} {ergonomic}
   size_t MaxHeapSize                              = 2147483648                                {product} {command line}
   size_t MaxNewSize                               = 1287651328                                {product} {ergonomic}
   size_t MinHeapDeltaBytes                        = 1048576                                   {product} {ergonomic}
    uintx NonNMethodCodeHeapSize                   = 5830732                                {pd product} {ergonomic}
    uintx NonProfiledCodeHeapSize                  = 122913754                              {pd product} {ergonomic}
    uintx ProfiledCodeHeapSize                     = 122913754                              {pd product} {ergonomic}
    uintx ReservedCodeCacheSize                    = 251658240                              {pd product} {ergonomic}
     bool SegmentedCodeCache                       = true                                      {product} {ergonomic}
     bool UseCompressedClassPointers               = true                                 {lp64_product} {ergonomic}
     bool UseCompressedOops                        = true                                 {lp64_product} {ergonomic}
     bool UseG1GC                                  = true                                      {product} {ergonomic}
     bool UseLargePagesIndividualAllocation        = false                                  {pd product} {ergonomic}

Logging:
Log output configuration:
 #0: stdout all=warning uptime,level,tags
 #1: stderr all=off uptime,level,tags

Environment Variables:
JAVA_HOME=C:\Program Files\Java\jdk-17.0.1
PATH=C:\ffmpeg\bin;C:\Program Files\Common Files\Oracle\Java\javapath;C:\Python310\Scripts\;C:\Python310\;C:\ProgramData\Oracle\Java\javapath;C:\Windows\system32;C:\Windows;C:\Windows\System32\Wbem;C:\Windows\System32\WindowsPowerShell\v1.0\;C:\Windows\System32\OpenSSH\;C:\Program Files\Java\jdk-17\bin;C:\Program Files\Microsoft SQL Server\Client SDK\ODBC\110\Tools\Binn\;C:\Program Files\Microsoft SQL Server\Client SDK\ODBC\170\Tools\Binn\;C:\ProgramData\chocolatey\bin;C:\Program Files\Java\jdk-17.0.1\bin;C:\Program Files\Azure Data Studio\bin;C:\Program Files\dotnet\;C:\Program Files\Git\cmd;C:\Program Files\nodejs\;C:\Users\hp\AppData\Local\Microsoft\WindowsApps;D:\Microsoft VS Code\bin;C:\Users\hp\AppData\Local\Android\Sdk\platform-tools;C:\Users\hp\AppData\Local\Microsoft\WindowsApps;D:\Microsoft VS Code\bin;C:\Program Files\Azure Data Studio\bin;C:\Users\hp\AppData\Local\Android\Sdk\platform-tools;;C:\Users\hp\AppData\Local\Programs\Microsoft VS Code\bin;C:\Users\hp\.dotnet\tools;C:\Users\hp\AppData\Roaming\npm
USERNAME=hp
OS=Windows_NT
PROCESSOR_IDENTIFIER=Intel64 Family 6 Model 142 Stepping 9, GenuineIntel



---------------  S Y S T E M  ---------------

OS: Windows 10 , 64 bit Build 18362 (10.0.18362.1110)
OS uptime: 0 days 0:21 hours

CPU:total 4 (initial active 4) (2 cores per cpu, 2 threads per core) family 6 model 142 stepping 9, cmov, cx8, fxsr, mmx, sse, sse2, sse3, ssse3, sse4.1, sse4.2, popcnt, avx, avx2, aes, clmul, erms, 3dnowpref, lzcnt, ht, tsc, tscinvbit, bmi1, bmi2, adx, fma

Memory: 4k page, system-wide physical 8078M (876M free)
TotalPageFile size 8078M (AvailPageFile size 61M)
current process WorkingSet (physical memory assigned to process): 547M, peak: 555M
current process commit charge ("private bytes"): 624M, peak: 807M

vm_info: OpenJDK 64-Bit Server VM (11.0.8+10-b944.6842174) for windows-amd64 JRE (11.0.8+10-b944.6842174), built on Sep 19 2020 01:11:42 by "builder" with MS VC++ 14.0 (VS2015)

END.
