#
# There is insufficient memory for the Java Runtime Environment to continue.
# Native memory allocation (malloc) failed to allocate 32744 bytes for ChunkPool::allocate
# Possible reasons:
#   The system is out of physical RAM or swap space
#   The process is running with CompressedOops enabled, and the Java Heap may be blocking the growth of the native heap
# Possible solutions:
#   Reduce memory load on the system
#   Increase physical memory or swap space
#   Check if swap backing store is full
#   Decrease Java heap size (-Xmx/-Xms)
#   Decrease number of Java threads
#   Decrease Java thread stack sizes (-Xss)
#   Set larger code cache with -XX:ReservedCodeCacheSize=
#   JVM is running with Unscaled Compressed Oops mode in which the Java heap is
#     placed in the first 4GB address space. The Java Heap base address is the
#     maximum limit for the native heap growth. Please use -XX:HeapBaseMinAddress
#     to set the Java Heap base and to place the Java Heap above 4GB virtual address.
# This output file may be truncated or incomplete.
#
#  Out of Memory Error (./src/hotspot/share/memory/arena.cpp:81), pid=9528, tid=9236
#
# JRE version: OpenJDK Runtime Environment (11.0.8+10) (build 11.0.8+10-b944.6842174)
# Java VM: OpenJDK 64-Bit Server VM (11.0.8+10-b944.6842174, mixed mode, tiered, compressed oops, g1 gc, windows-amd64)
# No core dump will be written. Minidumps are not enabled by default on client versions of Windows
#

---------------  S U M M A R Y ------------

Command Line: --add-opens=java.base/java.util=ALL-UNNAMED --add-opens=java.base/java.lang=ALL-UNNAMED --add-opens=java.base/java.lang.invoke=ALL-UNNAMED --add-opens=java.prefs/java.util.prefs=ALL-UNNAMED -Xmx2048m -Dfile.encoding=UTF-8 -Duser.country=US -Duser.language=en -Duser.variant org.gradle.launcher.daemon.bootstrap.GradleDaemon 6.7.1

Host: Intel(R) Core(TM) i5-7200U CPU @ 2.50GHz, 4 cores, 7G,  Windows 10 , 64 bit Build 18362 (10.0.18362.1110)
Time: Tue May 31 01:58:07 2022 Morocco Daylight Time elapsed time: 70 seconds (0d 0h 1m 10s)

---------------  T H R E A D  ---------------

Current thread (0x000001c3dd483800):  JavaThread "C2 CompilerThread0" daemon [_thread_in_native, id=9236, stack(0x0000008bbc500000,0x0000008bbc600000)]


Current CompileTask:
C2:  70250 15844 %     4       com.android.tools.r8.C.a.a.f::a @ 2516 (4333 bytes)

Stack: [0x0000008bbc500000,0x0000008bbc600000]
Native frames: (J=compiled Java code, j=interpreted, Vv=VM code, C=native code)
V  [jvm.dll+0x5de50a]
V  [jvm.dll+0x7122f5]
V  [jvm.dll+0x71384d]
V  [jvm.dll+0x713f03]
V  [jvm.dll+0x23e728]
V  [jvm.dll+0xb8beb]
V  [jvm.dll+0xb8e9c]
V  [jvm.dll+0x35562c]
V  [jvm.dll+0x4e69ae]
V  [jvm.dll+0x4e5dc3]
V  [jvm.dll+0x4e674b]
V  [jvm.dll+0x31ded2]
V  [jvm.dll+0x31d39a]
V  [jvm.dll+0x1f7702]
V  [jvm.dll+0x1f68d4]
V  [jvm.dll+0x17f32c]
V  [jvm.dll+0x205047]
V  [jvm.dll+0x203891]
V  [jvm.dll+0x6dad3f]
V  [jvm.dll+0x6d3895]
V  [jvm.dll+0x5dd4a6]
C  [ucrtbase.dll+0x210b2]
C  [KERNEL32.DLL+0x17c24]
C  [ntdll.dll+0x6d4d1]


---------------  P R O C E S S  ---------------

Threads class SMR info:
_java_thread_list=0x000001c3e378cd70, length=149, elements={
0x000001c3c3090000, 0x000001c3dcb0e800, 0x000001c3dcb10000, 0x000001c3dcb18800,
0x000001c3dcb19800, 0x000001c3dd483800, 0x000001c3dd48c000, 0x000001c3dd491000,
0x000001c3dd5e7800, 0x000001c3dd5e9800, 0x000001c3df366000, 0x000001c3def87000,
0x000001c3ded50800, 0x000001c3df58c800, 0x000001c3dfce9000, 0x000001c3df2ce000,
0x000001c3df2ce800, 0x000001c3df634800, 0x000001c3df38f800, 0x000001c3ded9b800,
0x000001c3ded9c800, 0x000001c3ded9b000, 0x000001c3ded9a000, 0x000001c3ded9d800,
0x000001c3ded9e000, 0x000001c3ded9f000, 0x000001c3ded99000, 0x000001c3deda0000,
0x000001c3e3543000, 0x000001c3e3545800, 0x000001c3e3542800, 0x000001c3e3547000,
0x000001c3e3546800, 0x000001c3e354a800, 0x000001c3e3549800, 0x000001c3e3549000,
0x000001c3e3545000, 0x000001c3e354b800, 0x000001c3e354d000, 0x000001c3e354c000,
0x000001c3e3548000, 0x000001c3e354e000, 0x000001c3e354e800, 0x000001c3e3550000,
0x000001c3e354f800, 0x000001c3e3551000, 0x000001c3ddc54000, 0x000001c3ddc58000,
0x000001c3ddc55000, 0x000001c3ddc53000, 0x000001c3ddc56800, 0x000001c3ddc55800,
0x000001c3ddc5b800, 0x000001c3ddc5d000, 0x000001c3ddc59000, 0x000001c3ddc5c000,
0x000001c3ddc5a800, 0x000001c3ddc57800, 0x000001c3ddc5e000, 0x000001c3ddc5e800,
0x000001c3ddc5f800, 0x000001c3ddc59800, 0x000001c3ddc60800, 0x000001c3ddc61000,
0x000001c3ddc62000, 0x000001c3deea7000, 0x000001c3deea8800, 0x000001c3deea8000,
0x000001c3deeaa800, 0x000001c3deeac000, 0x000001c3deea9800, 0x000001c3deeab000,
0x000001c3deea6000, 0x000001c3deeae800, 0x000001c3deeac800, 0x000001c3deeaf000,
0x000001c3deeb2800, 0x000001c3deead800, 0x000001c3deeb1800, 0x000001c3deeb3800,
0x000001c3deeb0000, 0x000001c3deeb4000, 0x000001c3deeb1000, 0x000001c3deeb5000,
0x000001c3e302c800, 0x000001c3e302b800, 0x000001c3e302d000, 0x000001c3e3034000,
0x000001c3e3032000, 0x000001c3e302e000, 0x000001c3e3030800, 0x000001c3e3034800,
0x000001c3e3033000, 0x000001c3e302f000, 0x000001c3e3035800, 0x000001c3e302f800,
0x000001c3e3036000, 0x000001c3e3037000, 0x000001c3e3031800, 0x000001c3e3038000,
0x000001c3e3038800, 0x000001c3e3039800, 0x000001c3e303a800, 0x000001c3e3117800,
0x000001c3e3118800, 0x000001c3e311a000, 0x000001c3e3119800, 0x000001c3e311b000,
0x000001c3e3115800, 0x000001c3e311c000, 0x000001c3e3116000, 0x000001c3e311c800,
0x000001c3e3117000, 0x000001c3e311e800, 0x000001c3e3122800, 0x000001c3e311f000,
0x000001c3e3120000, 0x000001c3e3120800, 0x000001c3e3123000, 0x000001c3e3121800,
0x000001c3e311d800, 0x000001c3e3124000, 0x000001c3df5fb000, 0x000001c3df600000,
0x000001c3df601800, 0x000001c3df600800, 0x000001c3df5ff000, 0x000001c3df5fc000,
0x000001c3df602800, 0x000001c3df5fc800, 0x000001c3df603000, 0x000001c3df5fd800,
0x000001c3df604000, 0x000001c3df605000, 0x000001c3df605800, 0x000001c3df606800,
0x000001c3df608000, 0x000001c3df609000, 0x000001c3df607800, 0x000001c3df609800,
0x000001c3e0e91800, 0x000001c3e0e8f000, 0x000001c3e0e94800, 0x000001c3e0e95800,
0x000001c3e0e90800, 0x000001c3e0e90000, 0x000001c3e0e93000, 0x000001c3e2ff2800,
0x000001c3e7527000
}

Java Threads: ( => current thread )
  0x000001c3c3090000 JavaThread "main" [_thread_blocked, id=12932, stack(0x0000008bbba00000,0x0000008bbbb00000)]
  0x000001c3dcb0e800 JavaThread "Reference Handler" daemon [_thread_blocked, id=4936, stack(0x0000008bbc100000,0x0000008bbc200000)]
  0x000001c3dcb10000 JavaThread "Finalizer" daemon [_thread_blocked, id=12756, stack(0x0000008bbc200000,0x0000008bbc300000)]
  0x000001c3dcb18800 JavaThread "Signal Dispatcher" daemon [_thread_blocked, id=11876, stack(0x0000008bbc300000,0x0000008bbc400000)]
  0x000001c3dcb19800 JavaThread "Attach Listener" daemon [_thread_blocked, id=1816, stack(0x0000008bbc400000,0x0000008bbc500000)]
=>0x000001c3dd483800 JavaThread "C2 CompilerThread0" daemon [_thread_in_native, id=9236, stack(0x0000008bbc500000,0x0000008bbc600000)]
  0x000001c3dd48c000 JavaThread "C1 CompilerThread0" daemon [_thread_in_native, id=9844, stack(0x0000008bbc600000,0x0000008bbc700000)]
  0x000001c3dd491000 JavaThread "Sweeper thread" daemon [_thread_blocked, id=4720, stack(0x0000008bbc700000,0x0000008bbc800000)]
  0x000001c3dd5e7800 JavaThread "Common-Cleaner" daemon [_thread_blocked, id=4704, stack(0x0000008bbc800000,0x0000008bbc900000)]
  0x000001c3dd5e9800 JavaThread "Service Thread" daemon [_thread_blocked, id=8724, stack(0x0000008bbc900000,0x0000008bbca00000)]
  0x000001c3df366000 JavaThread "Daemon health stats" [_thread_blocked, id=9912, stack(0x0000008bbce00000,0x0000008bbcf00000)]
  0x000001c3def87000 JavaThread "Incoming local TCP Connector on port 51100" [_thread_in_native, id=11612, stack(0x0000008bbd000000,0x0000008bbd100000)]
  0x000001c3ded50800 JavaThread "Daemon periodic checks" [_thread_blocked, id=12352, stack(0x0000008bbd100000,0x0000008bbd200000)]
  0x000001c3df58c800 JavaThread "Daemon" [_thread_blocked, id=3864, stack(0x0000008bbd200000,0x0000008bbd300000)]
  0x000001c3dfce9000 JavaThread "Handler for socket connection from /127.0.0.1:51100 to /127.0.0.1:51101" [_thread_in_native, id=12384, stack(0x0000008bbd300000,0x0000008bbd400000)]
  0x000001c3df2ce000 JavaThread "Cancel handler" [_thread_blocked, id=12912, stack(0x0000008bbd400000,0x0000008bbd500000)]
  0x000001c3df2ce800 JavaThread "Daemon worker" [_thread_blocked, id=7220, stack(0x0000008bbd500000,0x0000008bbd600000)]
  0x000001c3df634800 JavaThread "Asynchronous log dispatcher for DefaultDaemonConnection: socket connection from /127.0.0.1:51100 to /127.0.0.1:51101" [_thread_blocked, id=1896, stack(0x0000008bbd600000,0x0000008bbd700000)]
  0x000001c3df38f800 JavaThread "Thread-8" [_thread_blocked, id=10096, stack(0x0000008bbd800000,0x0000008bbd900000)]
  0x000001c3ded9b800 JavaThread "Cache worker for file hash cache (C:\Users\hp\.gradle\caches\6.7.1\fileHashes)" [_thread_blocked, id=7328, stack(0x0000008bbda00000,0x0000008bbdb00000)]
  0x000001c3ded9c800 JavaThread "File lock request listener" [_thread_in_native, id=936, stack(0x0000008bbdb00000,0x0000008bbdc00000)]
  0x000001c3ded9b000 JavaThread "Cache worker for journal cache (C:\Users\hp\.gradle\caches\journal-1)" [_thread_blocked, id=8624, stack(0x0000008bbdc00000,0x0000008bbdd00000)]
  0x000001c3ded9a000 JavaThread "Cache worker for file hash cache (C:\Users\hp\AndroidStudioProjects\myPharmacy\.gradle\6.7.1\fileHashes)" [_thread_blocked, id=5148, stack(0x0000008bbde00000,0x0000008bbdf00000)]
  0x000001c3ded9d800 JavaThread "Cache worker for checksums cache (C:\Users\hp\AndroidStudioProjects\myPharmacy\.gradle\checksums)" [_thread_blocked, id=3984, stack(0x0000008bbdd00000,0x0000008bbde00000)]
  0x000001c3ded9e000 JavaThread "Cache worker for cache directory md-supplier (C:\Users\hp\.gradle\caches\6.7.1\md-supplier)" [_thread_blocked, id=1840, stack(0x0000008bbdf00000,0x0000008bbe000000)]
  0x000001c3ded9f000 JavaThread "Cache worker for cache directory md-rule (C:\Users\hp\.gradle\caches\6.7.1\md-rule)" [_thread_blocked, id=12244, stack(0x0000008bbe000000,0x0000008bbe100000)]
  0x000001c3ded99000 JavaThread "Cache worker for execution history cache (C:\Users\hp\.gradle\caches\6.7.1\executionHistory)" [_thread_blocked, id=9492, stack(0x0000008bbe200000,0x0000008bbe300000)]
  0x000001c3deda0000 JavaThread "jar transforms" [_thread_blocked, id=6424, stack(0x0000008bbe300000,0x0000008bbe400000)]
  0x000001c3e3543000 JavaThread "Cache worker for file content cache (C:\Users\hp\.gradle\caches\6.7.1\fileContent)" [_thread_blocked, id=11344, stack(0x0000008bbe400000,0x0000008bbe500000)]
  0x000001c3e3545800 JavaThread "Cache worker for Build Output Cleanup Cache (C:\Users\hp\AndroidStudioProjects\myPharmacy\.gradle\buildOutputCleanup)" [_thread_blocked, id=4092, stack(0x0000008bbe500000,0x0000008bbe600000)]
  0x000001c3e3542800 JavaThread "Build operations" [_thread_blocked, id=11992, stack(0x0000008bbe600000,0x0000008bbe700000)]
  0x000001c3e3547000 JavaThread "Build operations Thread 2" [_thread_blocked, id=10604, stack(0x0000008bbe700000,0x0000008bbe800000)]
  0x000001c3e3546800 JavaThread "Build operations Thread 3" [_thread_blocked, id=4552, stack(0x0000008bbe800000,0x0000008bbe900000)]
  0x000001c3e354a800 JavaThread "Build operations Thread 4" [_thread_blocked, id=1476, stack(0x0000008bbe900000,0x0000008bbea00000)]
  0x000001c3e3549800 JavaThread "jar transforms Thread 2" [_thread_blocked, id=11136, stack(0x0000008bbea00000,0x0000008bbeb00000)]
  0x000001c3e3549000 JavaThread "jar transforms Thread 3" [_thread_blocked, id=808, stack(0x0000008bbeb00000,0x0000008bbec00000)]
  0x000001c3e3545000 JavaThread "jar transforms Thread 4" [_thread_blocked, id=13000, stack(0x0000008bbec00000,0x0000008bbed00000)]
  0x000001c3e354b800 JavaThread "jar transforms Thread 5" [_thread_blocked, id=11080, stack(0x0000008bbed00000,0x0000008bbee00000)]
  0x000001c3e354d000 JavaThread "jar transforms Thread 6" [_thread_blocked, id=2832, stack(0x0000008bbee00000,0x0000008bbef00000)]
  0x000001c3e354c000 JavaThread "jar transforms Thread 7" [_thread_blocked, id=2348, stack(0x0000008bbef00000,0x0000008bbf000000)]
  0x000001c3e3548000 JavaThread "jar transforms Thread 8" [_thread_blocked, id=12180, stack(0x0000008bbf000000,0x0000008bbf100000)]
  0x000001c3e354e000 JavaThread "jar transforms Thread 9" [_thread_blocked, id=9504, stack(0x0000008bbf100000,0x0000008bbf200000)]
  0x000001c3e354e800 JavaThread "jar transforms Thread 10" [_thread_blocked, id=7304, stack(0x0000008bbf200000,0x0000008bbf300000)]
  0x000001c3e3550000 JavaThread "jar transforms Thread 11" [_thread_blocked, id=12476, stack(0x0000008bbf300000,0x0000008bbf400000)]
  0x000001c3e354f800 JavaThread "jar transforms Thread 12" [_thread_blocked, id=9812, stack(0x0000008bbf400000,0x0000008bbf500000)]
  0x000001c3e3551000 JavaThread "jar transforms Thread 13" [_thread_blocked, id=1236, stack(0x0000008bbf500000,0x0000008bbf600000)]
  0x000001c3ddc54000 JavaThread "jar transforms Thread 14" [_thread_blocked, id=1380, stack(0x0000008bbf600000,0x0000008bbf700000)]
  0x000001c3ddc58000 JavaThread "jar transforms Thread 15" [_thread_blocked, id=10228, stack(0x0000008bbf700000,0x0000008bbf800000)]
  0x000001c3ddc55000 JavaThread "jar transforms Thread 16" [_thread_blocked, id=12220, stack(0x0000008bbf800000,0x0000008bbf900000)]
  0x000001c3ddc53000 JavaThread "jar transforms Thread 17" [_thread_blocked, id=12848, stack(0x0000008bbf900000,0x0000008bbfa00000)]
  0x000001c3ddc56800 JavaThread "jar transforms Thread 18" [_thread_blocked, id=12152, stack(0x0000008bbfa00000,0x0000008bbfb00000)]
  0x000001c3ddc55800 JavaThread "jar transforms Thread 19" [_thread_blocked, id=11588, stack(0x0000008bbfb00000,0x0000008bbfc00000)]
  0x000001c3ddc5b800 JavaThread "jar transforms Thread 20" [_thread_blocked, id=11672, stack(0x0000008bbfc00000,0x0000008bbfd00000)]
  0x000001c3ddc5d000 JavaThread "jar transforms Thread 21" [_thread_blocked, id=11716, stack(0x0000008bbfd00000,0x0000008bbfe00000)]
  0x000001c3ddc59000 JavaThread "jar transforms Thread 22" [_thread_blocked, id=11912, stack(0x0000008bbfe00000,0x0000008bbff00000)]
  0x000001c3ddc5c000 JavaThread "jar transforms Thread 23" [_thread_blocked, id=3020, stack(0x0000008bbff00000,0x0000008bc0000000)]
  0x000001c3ddc5a800 JavaThread "jar transforms Thread 24" [_thread_blocked, id=12176, stack(0x0000008bc0000000,0x0000008bc0100000)]
  0x000001c3ddc57800 JavaThread "jar transforms Thread 25" [_thread_blocked, id=1164, stack(0x0000008bc0100000,0x0000008bc0200000)]
  0x000001c3ddc5e000 JavaThread "jar transforms Thread 26" [_thread_blocked, id=10608, stack(0x0000008bc0200000,0x0000008bc0300000)]
  0x000001c3ddc5e800 JavaThread "jar transforms Thread 27" [_thread_blocked, id=5176, stack(0x0000008bc0300000,0x0000008bc0400000)]
  0x000001c3ddc5f800 JavaThread "jar transforms Thread 28" [_thread_blocked, id=12600, stack(0x0000008bc0400000,0x0000008bc0500000)]
  0x000001c3ddc59800 JavaThread "jar transforms Thread 29" [_thread_blocked, id=6816, stack(0x0000008bc0500000,0x0000008bc0600000)]
  0x000001c3ddc60800 JavaThread "jar transforms Thread 30" [_thread_blocked, id=8484, stack(0x0000008bc0600000,0x0000008bc0700000)]
  0x000001c3ddc61000 JavaThread "jar transforms Thread 31" [_thread_blocked, id=8168, stack(0x0000008bc0700000,0x0000008bc0800000)]
  0x000001c3ddc62000 JavaThread "jar transforms Thread 32" [_thread_blocked, id=8504, stack(0x0000008bc0800000,0x0000008bc0900000)]
  0x000001c3deea7000 JavaThread "jar transforms Thread 33" [_thread_blocked, id=3036, stack(0x0000008bc0900000,0x0000008bc0a00000)]
  0x000001c3deea8800 JavaThread "jar transforms Thread 34" [_thread_blocked, id=2684, stack(0x0000008bc0a00000,0x0000008bc0b00000)]
  0x000001c3deea8000 JavaThread "jar transforms Thread 35" [_thread_blocked, id=3600, stack(0x0000008bc0b00000,0x0000008bc0c00000)]
  0x000001c3deeaa800 JavaThread "jar transforms Thread 36" [_thread_blocked, id=8640, stack(0x0000008bc0c00000,0x0000008bc0d00000)]
  0x000001c3deeac000 JavaThread "jar transforms Thread 37" [_thread_blocked, id=11972, stack(0x0000008bc0d00000,0x0000008bc0e00000)]
  0x000001c3deea9800 JavaThread "jar transforms Thread 38" [_thread_blocked, id=12616, stack(0x0000008bc0e00000,0x0000008bc0f00000)]
  0x000001c3deeab000 JavaThread "jar transforms Thread 39" [_thread_blocked, id=12800, stack(0x0000008bc0f00000,0x0000008bc1000000)]
  0x000001c3deea6000 JavaThread "jar transforms Thread 40" [_thread_blocked, id=116, stack(0x0000008bc1000000,0x0000008bc1100000)]
  0x000001c3deeae800 JavaThread "jar transforms Thread 41" [_thread_blocked, id=10100, stack(0x0000008bc1100000,0x0000008bc1200000)]
  0x000001c3deeac800 JavaThread "jar transforms Thread 42" [_thread_blocked, id=13132, stack(0x0000008bc1200000,0x0000008bc1300000)]
  0x000001c3deeaf000 JavaThread "jar transforms Thread 43" [_thread_blocked, id=6560, stack(0x0000008bc1300000,0x0000008bc1400000)]
  0x000001c3deeb2800 JavaThread "jar transforms Thread 44" [_thread_blocked, id=8596, stack(0x0000008bc1400000,0x0000008bc1500000)]
  0x000001c3deead800 JavaThread "jar transforms Thread 45" [_thread_blocked, id=6808, stack(0x0000008bc1500000,0x0000008bc1600000)]
  0x000001c3deeb1800 JavaThread "jar transforms Thread 46" [_thread_blocked, id=3448, stack(0x0000008bc1600000,0x0000008bc1700000)]
  0x000001c3deeb3800 JavaThread "jar transforms Thread 47" [_thread_blocked, id=1004, stack(0x0000008bc1700000,0x0000008bc1800000)]
  0x000001c3deeb0000 JavaThread "jar transforms Thread 48" [_thread_blocked, id=13260, stack(0x0000008bc1800000,0x0000008bc1900000)]
  0x000001c3deeb4000 JavaThread "jar transforms Thread 49" [_thread_blocked, id=4220, stack(0x0000008bc1900000,0x0000008bc1a00000)]
  0x000001c3deeb1000 JavaThread "jar transforms Thread 50" [_thread_blocked, id=6772, stack(0x0000008bc1a00000,0x0000008bc1b00000)]
  0x000001c3deeb5000 JavaThread "jar transforms Thread 51" [_thread_blocked, id=5992, stack(0x0000008bc1b00000,0x0000008bc1c00000)]
  0x000001c3e302c800 JavaThread "jar transforms Thread 52" [_thread_blocked, id=12264, stack(0x0000008bc1c00000,0x0000008bc1d00000)]
  0x000001c3e302b800 JavaThread "jar transforms Thread 53" [_thread_blocked, id=11544, stack(0x0000008bc1d00000,0x0000008bc1e00000)]
  0x000001c3e302d000 JavaThread "jar transforms Thread 54" [_thread_blocked, id=8004, stack(0x0000008bc1e00000,0x0000008bc1f00000)]
  0x000001c3e3034000 JavaThread "jar transforms Thread 55" [_thread_blocked, id=11276, stack(0x0000008bc1f00000,0x0000008bc2000000)]
  0x000001c3e3032000 JavaThread "jar transforms Thread 56" [_thread_blocked, id=2404, stack(0x0000008bc2000000,0x0000008bc2100000)]
  0x000001c3e302e000 JavaThread "jar transforms Thread 57" [_thread_blocked, id=12200, stack(0x0000008bc2100000,0x0000008bc2200000)]
  0x000001c3e3030800 JavaThread "jar transforms Thread 58" [_thread_blocked, id=2156, stack(0x0000008bc2200000,0x0000008bc2300000)]
  0x000001c3e3034800 JavaThread "jar transforms Thread 59" [_thread_blocked, id=3932, stack(0x0000008bc2300000,0x0000008bc2400000)]
  0x000001c3e3033000 JavaThread "jar transforms Thread 60" [_thread_blocked, id=10212, stack(0x0000008bc2400000,0x0000008bc2500000)]
  0x000001c3e302f000 JavaThread "jar transforms Thread 61" [_thread_blocked, id=11764, stack(0x0000008bc2500000,0x0000008bc2600000)]
  0x000001c3e3035800 JavaThread "jar transforms Thread 62" [_thread_blocked, id=5800, stack(0x0000008bc2600000,0x0000008bc2700000)]
  0x000001c3e302f800 JavaThread "jar transforms Thread 63" [_thread_blocked, id=2292, stack(0x0000008bc2700000,0x0000008bc2800000)]
  0x000001c3e3036000 JavaThread "jar transforms Thread 64" [_thread_blocked, id=10216, stack(0x0000008bc2800000,0x0000008bc2900000)]
  0x000001c3e3037000 JavaThread "jar transforms Thread 65" [_thread_blocked, id=12516, stack(0x0000008bc2900000,0x0000008bc2a00000)]
  0x000001c3e3031800 JavaThread "jar transforms Thread 66" [_thread_blocked, id=13080, stack(0x0000008bc2a00000,0x0000008bc2b00000)]
  0x000001c3e3038000 JavaThread "jar transforms Thread 67" [_thread_blocked, id=12964, stack(0x0000008bc2b00000,0x0000008bc2c00000)]
  0x000001c3e3038800 JavaThread "jar transforms Thread 68" [_thread_blocked, id=11908, stack(0x0000008bc2c00000,0x0000008bc2d00000)]
  0x000001c3e3039800 JavaThread "jar transforms Thread 69" [_thread_blocked, id=9248, stack(0x0000008bc2d00000,0x0000008bc2e00000)]
  0x000001c3e303a800 JavaThread "jar transforms Thread 70" [_thread_blocked, id=4672, stack(0x0000008bc2e00000,0x0000008bc2f00000)]
  0x000001c3e3117800 JavaThread "jar transforms Thread 71" [_thread_blocked, id=7056, stack(0x0000008bc2f00000,0x0000008bc3000000)]
  0x000001c3e3118800 JavaThread "jar transforms Thread 72" [_thread_blocked, id=8812, stack(0x0000008bc3000000,0x0000008bc3100000)]
  0x000001c3e311a000 JavaThread "jar transforms Thread 73" [_thread_blocked, id=11744, stack(0x0000008bc3100000,0x0000008bc3200000)]
  0x000001c3e3119800 JavaThread "jar transforms Thread 74" [_thread_blocked, id=6596, stack(0x0000008bc3200000,0x0000008bc3300000)]
  0x000001c3e311b000 JavaThread "jar transforms Thread 75" [_thread_blocked, id=12344, stack(0x0000008bc3300000,0x0000008bc3400000)]
  0x000001c3e3115800 JavaThread "jar transforms Thread 76" [_thread_blocked, id=9960, stack(0x0000008bc3400000,0x0000008bc3500000)]
  0x000001c3e311c000 JavaThread "jar transforms Thread 77" [_thread_blocked, id=12028, stack(0x0000008bc3500000,0x0000008bc3600000)]
  0x000001c3e3116000 JavaThread "jar transforms Thread 78" [_thread_blocked, id=4328, stack(0x0000008bc3600000,0x0000008bc3700000)]
  0x000001c3e311c800 JavaThread "jar transforms Thread 79" [_thread_blocked, id=12740, stack(0x0000008bc3700000,0x0000008bc3800000)]
  0x000001c3e3117000 JavaThread "jar transforms Thread 80" [_thread_blocked, id=3496, stack(0x0000008bc3800000,0x0000008bc3900000)]
  0x000001c3e311e800 JavaThread "jar transforms Thread 81" [_thread_blocked, id=12392, stack(0x0000008bc3900000,0x0000008bc3a00000)]
  0x000001c3e3122800 JavaThread "jar transforms Thread 82" [_thread_blocked, id=2032, stack(0x0000008bc3a00000,0x0000008bc3b00000)]
  0x000001c3e311f000 JavaThread "jar transforms Thread 83" [_thread_blocked, id=6180, stack(0x0000008bc3b00000,0x0000008bc3c00000)]
  0x000001c3e3120000 JavaThread "jar transforms Thread 84" [_thread_blocked, id=11380, stack(0x0000008bc3c00000,0x0000008bc3d00000)]
  0x000001c3e3120800 JavaThread "jar transforms Thread 85" [_thread_blocked, id=8704, stack(0x0000008bc3d00000,0x0000008bc3e00000)]
  0x000001c3e3123000 JavaThread "jar transforms Thread 86" [_thread_blocked, id=5288, stack(0x0000008bc3e00000,0x0000008bc3f00000)]
  0x000001c3e3121800 JavaThread "jar transforms Thread 87" [_thread_blocked, id=9944, stack(0x0000008bc3f00000,0x0000008bc4000000)]
  0x000001c3e311d800 JavaThread "jar transforms Thread 88" [_thread_blocked, id=12064, stack(0x0000008bc4000000,0x0000008bc4100000)]
  0x000001c3e3124000 JavaThread "jar transforms Thread 89" [_thread_blocked, id=9520, stack(0x0000008bc4100000,0x0000008bc4200000)]
  0x000001c3df5fb000 JavaThread "jar transforms Thread 90" [_thread_blocked, id=12752, stack(0x0000008bc4200000,0x0000008bc4300000)]
  0x000001c3df600000 JavaThread "jar transforms Thread 91" [_thread_blocked, id=11444, stack(0x0000008bc4300000,0x0000008bc4400000)]
  0x000001c3df601800 JavaThread "jar transforms Thread 92" [_thread_blocked, id=6920, stack(0x0000008bc4400000,0x0000008bc4500000)]
  0x000001c3df600800 JavaThread "jar transforms Thread 93" [_thread_blocked, id=1836, stack(0x0000008bc4500000,0x0000008bc4600000)]
  0x000001c3df5ff000 JavaThread "jar transforms Thread 94" [_thread_blocked, id=3592, stack(0x0000008bc4600000,0x0000008bc4700000)]
  0x000001c3df5fc000 JavaThread "jar transforms Thread 95" [_thread_blocked, id=916, stack(0x0000008bc4700000,0x0000008bc4800000)]
  0x000001c3df602800 JavaThread "jar transforms Thread 96" [_thread_blocked, id=3260, stack(0x0000008bc4800000,0x0000008bc4900000)]
  0x000001c3df5fc800 JavaThread "jar transforms Thread 97" [_thread_blocked, id=7836, stack(0x0000008bc4900000,0x0000008bc4a00000)]
  0x000001c3df603000 JavaThread "jar transforms Thread 98" [_thread_blocked, id=240, stack(0x0000008bc4a00000,0x0000008bc4b00000)]
  0x000001c3df5fd800 JavaThread "jar transforms Thread 99" [_thread_blocked, id=11856, stack(0x0000008bc4b00000,0x0000008bc4c00000)]
  0x000001c3df604000 JavaThread "Memory manager" [_thread_blocked, id=8156, stack(0x0000008bc4c00000,0x0000008bc4d00000)]
  0x000001c3df605000 JavaThread "build event listener" [_thread_blocked, id=2796, stack(0x0000008bc4d00000,0x0000008bc4e00000)]
  0x000001c3df605800 JavaThread "build event listener" [_thread_blocked, id=11836, stack(0x0000008bc4e00000,0x0000008bc4f00000)]
  0x000001c3df606800 JavaThread "Execution worker for ':'" [_thread_blocked, id=10560, stack(0x0000008bc4f00000,0x0000008bc5000000)]
  0x000001c3df608000 JavaThread "Execution worker for ':' Thread 2" [_thread_blocked, id=4236, stack(0x0000008bc5000000,0x0000008bc5100000)]
  0x000001c3df609000 JavaThread "Execution worker for ':' Thread 3" [_thread_blocked, id=3528, stack(0x0000008bc5100000,0x0000008bc5200000)]
  0x000001c3df607800 JavaThread "Cache worker for execution history cache (C:\Users\hp\AndroidStudioProjects\myPharmacy\.gradle\6.7.1\executionHistory)" [_thread_blocked, id=320, stack(0x0000008bc5200000,0x0000008bc5300000)]
  0x000001c3df609800 JavaThread "WorkerExecutor Queue" [_thread_blocked, id=4536, stack(0x0000008bc5400000,0x0000008bc5500000)]
  0x000001c3e0e91800 JavaThread "WorkerExecutor Queue Thread 2" [_thread_in_Java, id=11868, stack(0x0000008bc5500000,0x0000008bc5600000)]
  0x000001c3e0e8f000 JavaThread "WorkerExecutor Queue Thread 3" [_thread_in_Java, id=1892, stack(0x0000008bc5600000,0x0000008bc5700000)]
  0x000001c3e0e94800 JavaThread "pool-4-thread-1" [_thread_blocked, id=3176, stack(0x0000008bc5700000,0x0000008bc5800000)]
  0x000001c3e0e95800 JavaThread "stderr" [_thread_in_native, id=13164, stack(0x0000008bc5800000,0x0000008bc5900000)]
  0x000001c3e0e90800 JavaThread "stdout" [_thread_in_native, id=2516, stack(0x0000008bc5900000,0x0000008bc5a00000)]
  0x000001c3e0e90000 JavaThread "Cache worker for Java compile cache (C:\Users\hp\.gradle\caches\6.7.1\javaCompile)" [_thread_blocked, id=5052, stack(0x0000008bc5a00000,0x0000008bc5b00000)]
  0x000001c3e0e93000 JavaThread "Cache worker for Java compile cache (C:\Users\hp\AndroidStudioProjects\myPharmacy\.gradle\6.7.1\javaCompile)" [_thread_blocked, id=12552, stack(0x0000008bc5b00000,0x0000008bc5c00000)]
  0x000001c3e2ff2800 JavaThread "WorkerExecutor Queue Thread 4" [_thread_in_Java, id=12196, stack(0x0000008bc5c00000,0x0000008bc5d00000)]
  0x000001c3e7527000 JavaThread "C2 CompilerThread1" daemon [_thread_in_native, id=4348, stack(0x0000008bbd700000,0x0000008bbd800000)]

Other Threads:
  0x000001c3dcb0a800 VMThread "VM Thread" [stack: 0x0000008bbc000000,0x0000008bbc100000] [id=12872]
  0x000001c3dd5f0800 WatcherThread [stack: 0x0000008bbca00000,0x0000008bbcb00000] [id=7940]
  0x000001c3c30ab800 GCTaskThread "GC Thread#0" [stack: 0x0000008bbbb00000,0x0000008bbbc00000] [id=11284]
  0x000001c3dd9e0800 GCTaskThread "GC Thread#1" [stack: 0x0000008bbcc00000,0x0000008bbcd00000] [id=8904]
  0x000001c3de00c000 GCTaskThread "GC Thread#2" [stack: 0x0000008bbcd00000,0x0000008bbce00000] [id=5648]
  0x000001c3de459000 GCTaskThread "GC Thread#3" [stack: 0x0000008bbd900000,0x0000008bbda00000] [id=11668]
  0x000001c3c30dd000 ConcurrentGCThread "G1 Main Marker" [stack: 0x0000008bbbc00000,0x0000008bbbd00000] [id=13236]
  0x000001c3c30df800 ConcurrentGCThread "G1 Conc#0" [stack: 0x0000008bbbd00000,0x0000008bbbe00000] [id=2500]
  0x000001c3c315e800 ConcurrentGCThread "G1 Refine#0" [stack: 0x0000008bbbe00000,0x0000008bbbf00000] [id=10876]
  0x000001c3dfa4e000 ConcurrentGCThread "G1 Refine#1" [stack: 0x0000008bc5300000,0x0000008bc5400000] [id=6924]
  0x000001c3dc954800 ConcurrentGCThread "G1 Young RemSet Sampling" [stack: 0x0000008bbbf00000,0x0000008bbc000000] [id=8480]

Threads with active compile tasks:
C2 CompilerThread0  70315 15844 %     4       com.android.tools.r8.C.a.a.f::a @ 2516 (4333 bytes)
C1 CompilerThread0  70315 15889   !   3       com.android.tools.r8.ir.optimize.w::a (838 bytes)
C2 CompilerThread1  70315 15867 %     4       com.android.tools.r8.ir.conversion.S::a @ 797 (3081 bytes)

VM state:not at safepoint (normal execution)

VM Mutex/Monitor currently owned by a thread: None

Heap address: 0x0000000080000000, size: 2048 MB, Compressed Oops mode: 32-bit
Narrow klass base: 0x0000000000000000, Narrow klass shift: 3
Compressed class space size: 1073741824 Address: 0x0000000100000000

Heap:
 garbage-first heap   total 227328K, used 143370K [0x0000000080000000, 0x0000000100000000)
  region size 1024K, 15 young (15360K), 2 survivors (2048K)
 Metaspace       used 106554K, capacity 109186K, committed 109388K, reserved 1144832K
  class space    used 13397K, capacity 14338K, committed 14412K, reserved 1048576K
Heap Regions: E=young(eden), S=young(survivor), O=old, HS=humongous(starts), HC=humongous(continues), CS=collection set, F=free, A=archive, TAMS=top-at-mark-start (previous, next)
|   0|0x0000000080000000, 0x0000000080100000, 0x0000000080100000|100%| O|  |TAMS 0x0000000080100000, 0x0000000080000000| Untracked 
|   1|0x0000000080100000, 0x0000000080200000, 0x0000000080200000|100%| O|  |TAMS 0x0000000080200000, 0x0000000080100000| Untracked 
|   2|0x0000000080200000, 0x0000000080300000, 0x0000000080300000|100%| O|  |TAMS 0x0000000080300000, 0x0000000080200000| Untracked 
|   3|0x0000000080300000, 0x0000000080400000, 0x0000000080400000|100%|HS|  |TAMS 0x0000000080400000, 0x0000000080300000| Complete 
|   4|0x0000000080400000, 0x0000000080500000, 0x0000000080500000|100%|HC|  |TAMS 0x0000000080500000, 0x0000000080400000| Complete 
|   5|0x0000000080500000, 0x0000000080600000, 0x0000000080600000|100%|HC|  |TAMS 0x0000000080600000, 0x0000000080500000| Complete 
|   6|0x0000000080600000, 0x0000000080700000, 0x0000000080700000|100%| O|  |TAMS 0x0000000080700000, 0x0000000080600000| Untracked 
|   7|0x0000000080700000, 0x0000000080800000, 0x0000000080800000|100%| O|  |TAMS 0x0000000080800000, 0x0000000080700000| Untracked 
|   8|0x0000000080800000, 0x0000000080900000, 0x0000000080900000|100%| O|  |TAMS 0x0000000080900000, 0x0000000080800000| Untracked 
|   9|0x0000000080900000, 0x0000000080a00000, 0x0000000080a00000|100%| O|  |TAMS 0x0000000080a00000, 0x0000000080900000| Untracked 
|  10|0x0000000080a00000, 0x0000000080b00000, 0x0000000080b00000|100%| O|  |TAMS 0x0000000080b00000, 0x0000000080a00000| Untracked 
|  11|0x0000000080b00000, 0x0000000080c00000, 0x0000000080c00000|100%| O|  |TAMS 0x0000000080c00000, 0x0000000080b00000| Complete 
|  12|0x0000000080c00000, 0x0000000080d00000, 0x0000000080d00000|100%| O|  |TAMS 0x0000000080d00000, 0x0000000080c00000| Untracked 
|  13|0x0000000080d00000, 0x0000000080e00000, 0x0000000080e00000|100%| O|  |TAMS 0x0000000080e00000, 0x0000000080d00000| Untracked 
|  14|0x0000000080e00000, 0x0000000080f00000, 0x0000000080f00000|100%| O|  |TAMS 0x0000000080f00000, 0x0000000080e00000| Untracked 
|  15|0x0000000080f00000, 0x0000000081000000, 0x0000000081000000|100%| O|  |TAMS 0x0000000081000000, 0x0000000080f00000| Untracked 
|  16|0x0000000081000000, 0x0000000081100000, 0x0000000081100000|100%|HS|  |TAMS 0x0000000081100000, 0x0000000081000000| Complete 
|  17|0x0000000081100000, 0x0000000081200000, 0x0000000081200000|100%|HS|  |TAMS 0x0000000081200000, 0x0000000081100000| Complete 
|  18|0x0000000081200000, 0x0000000081300000, 0x0000000081300000|100%|HC|  |TAMS 0x0000000081300000, 0x0000000081200000| Complete 
|  19|0x0000000081300000, 0x0000000081400000, 0x0000000081400000|100%| O|  |TAMS 0x0000000081400000, 0x0000000081300000| Untracked 
|  20|0x0000000081400000, 0x0000000081500000, 0x0000000081500000|100%| O|  |TAMS 0x0000000081500000, 0x0000000081400000| Untracked 
|  21|0x0000000081500000, 0x0000000081600000, 0x0000000081600000|100%| O|  |TAMS 0x0000000081600000, 0x0000000081500000| Untracked 
|  22|0x0000000081600000, 0x0000000081700000, 0x0000000081700000|100%| O|  |TAMS 0x0000000081700000, 0x0000000081600000| Untracked 
|  23|0x0000000081700000, 0x0000000081800000, 0x0000000081800000|100%| O|  |TAMS 0x0000000081800000, 0x0000000081700000| Untracked 
|  24|0x0000000081800000, 0x0000000081900000, 0x0000000081900000|100%| O|  |TAMS 0x0000000081900000, 0x0000000081800000| Untracked 
|  25|0x0000000081900000, 0x0000000081a00000, 0x0000000081a00000|100%| O|  |TAMS 0x0000000081a00000, 0x0000000081900000| Untracked 
|  26|0x0000000081a00000, 0x0000000081b00000, 0x0000000081b00000|100%| O|  |TAMS 0x0000000081b00000, 0x0000000081a00000| Complete 
|  27|0x0000000081b00000, 0x0000000081c00000, 0x0000000081c00000|100%| O|  |TAMS 0x0000000081c00000, 0x0000000081b00000| Complete 
|  28|0x0000000081c00000, 0x0000000081d00000, 0x0000000081d00000|100%| O|  |TAMS 0x0000000081d00000, 0x0000000081c00000| Untracked 
|  29|0x0000000081d00000, 0x0000000081e00000, 0x0000000081e00000|100%| O|  |TAMS 0x0000000081e00000, 0x0000000081d00000| Untracked 
|  30|0x0000000081e00000, 0x0000000081f00000, 0x0000000081f00000|100%| O|  |TAMS 0x0000000081f00000, 0x0000000081e00000| Untracked 
|  31|0x0000000081f00000, 0x0000000082000000, 0x0000000082000000|100%| O|  |TAMS 0x0000000082000000, 0x0000000081f00000| Untracked 
|  32|0x0000000082000000, 0x0000000082100000, 0x0000000082100000|100%| O|  |TAMS 0x0000000082100000, 0x0000000082000000| Untracked 
|  33|0x0000000082100000, 0x0000000082200000, 0x0000000082200000|100%| O|  |TAMS 0x0000000082200000, 0x0000000082100000| Untracked 
|  34|0x0000000082200000, 0x0000000082300000, 0x0000000082300000|100%| O|  |TAMS 0x0000000082300000, 0x0000000082200000| Untracked 
|  35|0x0000000082300000, 0x0000000082400000, 0x0000000082400000|100%| O|  |TAMS 0x0000000082400000, 0x0000000082300000| Untracked 
|  36|0x0000000082400000, 0x0000000082500000, 0x0000000082500000|100%| O|  |TAMS 0x0000000082500000, 0x0000000082400000| Complete 
|  37|0x0000000082500000, 0x0000000082600000, 0x0000000082600000|100%| O|  |TAMS 0x0000000082600000, 0x0000000082500000| Untracked 
|  38|0x0000000082600000, 0x0000000082700000, 0x0000000082700000|100%| O|  |TAMS 0x0000000082700000, 0x0000000082600000| Untracked 
|  39|0x0000000082700000, 0x0000000082800000, 0x0000000082800000|100%| O|  |TAMS 0x0000000082800000, 0x0000000082700000| Complete 
|  40|0x0000000082800000, 0x0000000082900000, 0x0000000082900000|100%| O|  |TAMS 0x0000000082900000, 0x0000000082800000| Untracked 
|  41|0x0000000082900000, 0x0000000082a00000, 0x0000000082a00000|100%| O|  |TAMS 0x0000000082a00000, 0x0000000082900000| Untracked 
|  42|0x0000000082a00000, 0x0000000082b00000, 0x0000000082b00000|100%| O|  |TAMS 0x0000000082b00000, 0x0000000082a00000| Untracked 
|  43|0x0000000082b00000, 0x0000000082c00000, 0x0000000082c00000|100%| O|  |TAMS 0x0000000082c00000, 0x0000000082b00000| Untracked 
|  44|0x0000000082c00000, 0x0000000082d00000, 0x0000000082d00000|100%| O|  |TAMS 0x0000000082d00000, 0x0000000082c00000| Untracked 
|  45|0x0000000082d00000, 0x0000000082e00000, 0x0000000082e00000|100%| O|  |TAMS 0x0000000082e00000, 0x0000000082d00000| Untracked 
|  46|0x0000000082e00000, 0x0000000082f00000, 0x0000000082f00000|100%| O|  |TAMS 0x0000000082f00000, 0x0000000082e00000| Untracked 
|  47|0x0000000082f00000, 0x0000000083000000, 0x0000000083000000|100%| O|  |TAMS 0x0000000083000000, 0x0000000082f00000| Untracked 
|  48|0x0000000083000000, 0x0000000083100000, 0x0000000083100000|100%| O|  |TAMS 0x0000000083100000, 0x0000000083000000| Complete 
|  49|0x0000000083100000, 0x0000000083200000, 0x0000000083200000|100%| O|  |TAMS 0x0000000083200000, 0x0000000083100000| Complete 
|  50|0x0000000083200000, 0x0000000083300000, 0x0000000083300000|100%| O|  |TAMS 0x0000000083300000, 0x0000000083200000| Untracked 
|  51|0x0000000083300000, 0x0000000083400000, 0x0000000083400000|100%| O|  |TAMS 0x0000000083400000, 0x0000000083300000| Untracked 
|  52|0x0000000083400000, 0x0000000083500000, 0x0000000083500000|100%| O|  |TAMS 0x0000000083500000, 0x0000000083400000| Untracked 
|  53|0x0000000083500000, 0x0000000083600000, 0x0000000083600000|100%| O|  |TAMS 0x0000000083600000, 0x0000000083500000| Untracked 
|  54|0x0000000083600000, 0x0000000083700000, 0x0000000083700000|100%| O|  |TAMS 0x0000000083700000, 0x0000000083600000| Untracked 
|  55|0x0000000083700000, 0x0000000083800000, 0x0000000083800000|100%| O|  |TAMS 0x0000000083800000, 0x0000000083700000| Untracked 
|  56|0x0000000083800000, 0x0000000083900000, 0x0000000083900000|100%| O|  |TAMS 0x0000000083900000, 0x0000000083800000| Untracked 
|  57|0x0000000083900000, 0x0000000083a00000, 0x0000000083a00000|100%| O|  |TAMS 0x0000000083a00000, 0x0000000083900000| Untracked 
|  58|0x0000000083a00000, 0x0000000083b00000, 0x0000000083b00000|100%| O|  |TAMS 0x0000000083b00000, 0x0000000083a00000| Untracked 
|  59|0x0000000083b00000, 0x0000000083c00000, 0x0000000083c00000|100%| O|  |TAMS 0x0000000083c00000, 0x0000000083b00000| Untracked 
|  60|0x0000000083c00000, 0x0000000083d00000, 0x0000000083d00000|100%| O|  |TAMS 0x0000000083d00000, 0x0000000083c00000| Untracked 
|  61|0x0000000083d00000, 0x0000000083e00000, 0x0000000083e00000|100%| O|  |TAMS 0x0000000083e00000, 0x0000000083d00000| Untracked 
|  62|0x0000000083e00000, 0x0000000083f00000, 0x0000000083f00000|100%| O|  |TAMS 0x0000000083f00000, 0x0000000083e00000| Complete 
|  63|0x0000000083f00000, 0x0000000084000000, 0x0000000084000000|100%| O|  |TAMS 0x0000000084000000, 0x0000000083f00000| Complete 
|  64|0x0000000084000000, 0x0000000084100000, 0x0000000084100000|100%| O|  |TAMS 0x0000000084100000, 0x0000000084000000| Untracked 
|  65|0x0000000084100000, 0x0000000084200000, 0x0000000084200000|100%| O|  |TAMS 0x0000000084200000, 0x0000000084100000| Untracked 
|  66|0x0000000084200000, 0x0000000084300000, 0x0000000084300000|100%| O|  |TAMS 0x0000000084300000, 0x0000000084200000| Complete 
|  67|0x0000000084300000, 0x0000000084400000, 0x0000000084400000|100%| O|  |TAMS 0x0000000084400000, 0x0000000084300000| Complete 
|  68|0x0000000084400000, 0x0000000084500000, 0x0000000084500000|100%| O|  |TAMS 0x0000000084500000, 0x0000000084400000| Untracked 
|  69|0x0000000084500000, 0x0000000084600000, 0x0000000084600000|100%| O|  |TAMS 0x0000000084600000, 0x0000000084500000| Complete 
|  70|0x0000000084600000, 0x0000000084700000, 0x0000000084700000|100%| O|  |TAMS 0x0000000084700000, 0x0000000084600000| Complete 
|  71|0x0000000084700000, 0x0000000084800000, 0x0000000084800000|100%| O|  |TAMS 0x0000000084800000, 0x0000000084700000| Complete 
|  72|0x0000000084800000, 0x0000000084900000, 0x0000000084900000|100%| O|  |TAMS 0x0000000084900000, 0x0000000084800000| Untracked 
|  73|0x0000000084900000, 0x0000000084a00000, 0x0000000084a00000|100%| O|  |TAMS 0x0000000084a00000, 0x0000000084900000| Complete 
|  74|0x0000000084a00000, 0x0000000084b00000, 0x0000000084b00000|100%| O|  |TAMS 0x0000000084b00000, 0x0000000084a00000| Untracked 
|  75|0x0000000084b00000, 0x0000000084c00000, 0x0000000084c00000|100%| O|  |TAMS 0x0000000084c00000, 0x0000000084b00000| Complete 
|  76|0x0000000084c00000, 0x0000000084d00000, 0x0000000084d00000|100%| O|  |TAMS 0x0000000084d00000, 0x0000000084c00000| Complete 
|  77|0x0000000084d00000, 0x0000000084e00000, 0x0000000084e00000|100%| O|  |TAMS 0x0000000084e00000, 0x0000000084d00000| Complete 
|  78|0x0000000084e00000, 0x0000000084f00000, 0x0000000084f00000|100%| O|  |TAMS 0x0000000084f00000, 0x0000000084e00000| Complete 
|  79|0x0000000084f00000, 0x0000000085000000, 0x0000000085000000|100%| O|  |TAMS 0x0000000085000000, 0x0000000084f00000| Complete 
|  80|0x0000000085000000, 0x0000000085100000, 0x0000000085100000|100%| O|  |TAMS 0x0000000085100000, 0x0000000085000000| Untracked 
|  81|0x0000000085100000, 0x0000000085200000, 0x0000000085200000|100%| O|  |TAMS 0x0000000085200000, 0x0000000085100000| Untracked 
|  82|0x0000000085200000, 0x0000000085300000, 0x0000000085300000|100%| O|  |TAMS 0x0000000085300000, 0x0000000085200000| Complete 
|  83|0x0000000085300000, 0x0000000085400000, 0x0000000085400000|100%| O|  |TAMS 0x0000000085400000, 0x0000000085300000| Complete 
|  84|0x0000000085400000, 0x0000000085500000, 0x0000000085500000|100%| O|  |TAMS 0x0000000085500000, 0x0000000085400000| Untracked 
|  85|0x0000000085500000, 0x0000000085600000, 0x0000000085600000|100%| O|  |TAMS 0x0000000085600000, 0x0000000085500000| Untracked 
|  86|0x0000000085600000, 0x0000000085700000, 0x0000000085700000|100%| O|  |TAMS 0x0000000085700000, 0x0000000085600000| Complete 
|  87|0x0000000085700000, 0x0000000085800000, 0x0000000085800000|100%| O|  |TAMS 0x0000000085800000, 0x0000000085700000| Untracked 
|  88|0x0000000085800000, 0x0000000085900000, 0x0000000085900000|100%| O|  |TAMS 0x0000000085900000, 0x0000000085800000| Untracked 
|  89|0x0000000085900000, 0x0000000085a00000, 0x0000000085a00000|100%| O|  |TAMS 0x0000000085a00000, 0x0000000085900000| Untracked 
|  90|0x0000000085a00000, 0x0000000085b00000, 0x0000000085b00000|100%| O|  |TAMS 0x0000000085b00000, 0x0000000085a00000| Untracked 
|  91|0x0000000085b00000, 0x0000000085c00000, 0x0000000085c00000|100%| O|  |TAMS 0x0000000085c00000, 0x0000000085b00000| Untracked 
|  92|0x0000000085c00000, 0x0000000085d00000, 0x0000000085d00000|100%| O|  |TAMS 0x0000000085d00000, 0x0000000085c00000| Untracked 
|  93|0x0000000085d00000, 0x0000000085e00000, 0x0000000085e00000|100%|HS|  |TAMS 0x0000000085e00000, 0x0000000085d00000| Complete 
|  94|0x0000000085e00000, 0x0000000085f00000, 0x0000000085f00000|100%|HC|  |TAMS 0x0000000085f00000, 0x0000000085e00000| Complete 
|  95|0x0000000085f00000, 0x0000000086000000, 0x0000000086000000|100%| O|  |TAMS 0x0000000086000000, 0x0000000085f00000| Untracked 
|  96|0x0000000086000000, 0x0000000086100000, 0x0000000086100000|100%| O|  |TAMS 0x0000000086100000, 0x0000000086000000| Untracked 
|  97|0x0000000086100000, 0x0000000086200000, 0x0000000086200000|100%| O|  |TAMS 0x0000000086200000, 0x0000000086100000| Complete 
|  98|0x0000000086200000, 0x0000000086300000, 0x0000000086300000|100%| O|  |TAMS 0x0000000086300000, 0x0000000086200000| Complete 
|  99|0x0000000086300000, 0x0000000086400000, 0x0000000086400000|100%| O|  |TAMS 0x0000000086400000, 0x0000000086300000| Complete 
| 100|0x0000000086400000, 0x0000000086500000, 0x0000000086500000|100%| O|  |TAMS 0x0000000086500000, 0x0000000086400000| Complete 
| 101|0x0000000086500000, 0x0000000086600000, 0x0000000086600000|100%| O|  |TAMS 0x0000000086600000, 0x0000000086500000| Untracked 
| 102|0x0000000086600000, 0x0000000086700000, 0x0000000086700000|100%| O|  |TAMS 0x0000000086700000, 0x0000000086600000| Untracked 
| 103|0x0000000086700000, 0x0000000086800000, 0x0000000086800000|100%| O|  |TAMS 0x0000000086800000, 0x0000000086700000| Complete 
| 104|0x0000000086800000, 0x0000000086900000, 0x0000000086900000|100%| O|  |TAMS 0x0000000086900000, 0x0000000086800000| Complete 
| 105|0x0000000086900000, 0x0000000086a00000, 0x0000000086a00000|100%| O|  |TAMS 0x0000000086a00000, 0x0000000086900000| Complete 
| 106|0x0000000086a00000, 0x0000000086b00000, 0x0000000086b00000|100%| O|  |TAMS 0x0000000086b00000, 0x0000000086a00000| Complete 
| 107|0x0000000086b00000, 0x0000000086c00000, 0x0000000086c00000|100%| O|  |TAMS 0x0000000086c00000, 0x0000000086b00000| Complete 
| 108|0x0000000086c00000, 0x0000000086d00000, 0x0000000086d00000|100%| O|  |TAMS 0x0000000086d00000, 0x0000000086c00000| Complete 
| 109|0x0000000086d00000, 0x0000000086e00000, 0x0000000086e00000|100%| O|  |TAMS 0x0000000086e00000, 0x0000000086d00000| Complete 
| 110|0x0000000086e00000, 0x0000000086f00000, 0x0000000086f00000|100%| O|  |TAMS 0x0000000086f00000, 0x0000000086e00000| Complete 
| 111|0x0000000086f00000, 0x0000000087000000, 0x0000000087000000|100%| O|  |TAMS 0x0000000087000000, 0x0000000086f00000| Untracked 
| 112|0x0000000087000000, 0x0000000087100000, 0x0000000087100000|100%| O|  |TAMS 0x0000000087100000, 0x0000000087000000| Untracked 
| 113|0x0000000087100000, 0x0000000087200000, 0x0000000087200000|100%| O|  |TAMS 0x0000000087200000, 0x0000000087100000| Untracked 
| 114|0x0000000087200000, 0x0000000087300000, 0x0000000087300000|100%| O|  |TAMS 0x0000000087300000, 0x0000000087200000| Untracked 
| 115|0x0000000087300000, 0x0000000087400000, 0x0000000087400000|100%| O|  |TAMS 0x0000000087400000, 0x0000000087300000| Complete 
| 116|0x0000000087400000, 0x0000000087500000, 0x0000000087500000|100%| O|  |TAMS 0x0000000087500000, 0x0000000087400000| Complete 
| 117|0x0000000087500000, 0x0000000087600000, 0x0000000087600000|100%| O|  |TAMS 0x0000000087600000, 0x0000000087500000| Untracked 
| 118|0x0000000087600000, 0x0000000087700000, 0x0000000087700000|100%| O|  |TAMS 0x0000000087700000, 0x0000000087600000| Complete 
| 119|0x0000000087700000, 0x0000000087800000, 0x0000000087800000|100%| O|  |TAMS 0x0000000087800000, 0x0000000087700000| Complete 
| 120|0x0000000087800000, 0x0000000087900000, 0x0000000087900000|100%| O|  |TAMS 0x0000000087900000, 0x0000000087800000| Complete 
| 121|0x0000000087900000, 0x0000000087a00000, 0x0000000087a00000|100%| O|  |TAMS 0x0000000087a00000, 0x0000000087900000| Complete 
| 122|0x0000000087a00000, 0x0000000087b00000, 0x0000000087b00000|100%| O|  |TAMS 0x0000000087b00000, 0x0000000087a00000| Complete 
| 123|0x0000000087b00000, 0x0000000087c00000, 0x0000000087c00000|100%| O|  |TAMS 0x0000000087c00000, 0x0000000087b00000| Complete 
| 124|0x0000000087c00000, 0x0000000087d00000, 0x0000000087d00000|100%| O|  |TAMS 0x0000000087d00000, 0x0000000087c00000| Complete 
| 125|0x0000000087d00000, 0x0000000087e00000, 0x0000000087e00000|100%| O|  |TAMS 0x0000000087e00000, 0x0000000087d00000| Untracked 
| 126|0x0000000087e00000, 0x0000000087e4ae00, 0x0000000087f00000| 29%| O|  |TAMS 0x0000000087e4ae00, 0x0000000087e00000| Untracked 
| 127|0x0000000087f00000, 0x0000000087f00000, 0x0000000088000000|  0%| F|  |TAMS 0x0000000087f00000, 0x0000000087f00000| Untracked 
| 128|0x0000000088000000, 0x0000000088000000, 0x0000000088100000|  0%| F|  |TAMS 0x0000000088000000, 0x0000000088000000| Untracked 
| 129|0x0000000088100000, 0x0000000088100000, 0x0000000088200000|  0%| F|  |TAMS 0x0000000088100000, 0x0000000088100000| Untracked 
| 130|0x0000000088200000, 0x0000000088200000, 0x0000000088300000|  0%| F|  |TAMS 0x0000000088200000, 0x0000000088200000| Untracked 
| 131|0x0000000088300000, 0x0000000088300000, 0x0000000088400000|  0%| F|  |TAMS 0x0000000088300000, 0x0000000088300000| Untracked 
| 132|0x0000000088400000, 0x0000000088400000, 0x0000000088500000|  0%| F|  |TAMS 0x0000000088400000, 0x0000000088400000| Untracked 
| 133|0x0000000088500000, 0x0000000088500000, 0x0000000088600000|  0%| F|  |TAMS 0x0000000088500000, 0x0000000088500000| Untracked 
| 134|0x0000000088600000, 0x0000000088600000, 0x0000000088700000|  0%| F|  |TAMS 0x0000000088600000, 0x0000000088600000| Untracked 
| 135|0x0000000088700000, 0x0000000088700000, 0x0000000088800000|  0%| F|  |TAMS 0x0000000088700000, 0x0000000088700000| Untracked 
| 136|0x0000000088800000, 0x0000000088800000, 0x0000000088900000|  0%| F|  |TAMS 0x0000000088800000, 0x0000000088800000| Untracked 
| 137|0x0000000088900000, 0x0000000088900000, 0x0000000088a00000|  0%| F|  |TAMS 0x0000000088900000, 0x0000000088900000| Untracked 
| 138|0x0000000088a00000, 0x0000000088a00000, 0x0000000088b00000|  0%| F|  |TAMS 0x0000000088a00000, 0x0000000088a00000| Untracked 
| 139|0x0000000088b00000, 0x0000000088b00000, 0x0000000088c00000|  0%| F|  |TAMS 0x0000000088b00000, 0x0000000088b00000| Untracked 
| 140|0x0000000088c00000, 0x0000000088c00000, 0x0000000088d00000|  0%| F|  |TAMS 0x0000000088c00000, 0x0000000088c00000| Untracked 
| 141|0x0000000088d00000, 0x0000000088d00000, 0x0000000088e00000|  0%| F|  |TAMS 0x0000000088d00000, 0x0000000088d00000| Untracked 
| 142|0x0000000088e00000, 0x0000000088e00000, 0x0000000088f00000|  0%| F|  |TAMS 0x0000000088e00000, 0x0000000088e00000| Untracked 
| 143|0x0000000088f00000, 0x0000000088f00000, 0x0000000089000000|  0%| F|  |TAMS 0x0000000088f00000, 0x0000000088f00000| Untracked 
| 144|0x0000000089000000, 0x0000000089000000, 0x0000000089100000|  0%| F|  |TAMS 0x0000000089000000, 0x0000000089000000| Untracked 
| 145|0x0000000089100000, 0x0000000089100000, 0x0000000089200000|  0%| F|  |TAMS 0x0000000089100000, 0x0000000089100000| Untracked 
| 146|0x0000000089200000, 0x0000000089200000, 0x0000000089300000|  0%| F|  |TAMS 0x0000000089200000, 0x0000000089200000| Untracked 
| 147|0x0000000089300000, 0x0000000089300000, 0x0000000089400000|  0%| F|  |TAMS 0x0000000089300000, 0x0000000089300000| Untracked 
| 148|0x0000000089400000, 0x0000000089400000, 0x0000000089500000|  0%| F|  |TAMS 0x0000000089400000, 0x0000000089400000| Untracked 
| 149|0x0000000089500000, 0x0000000089500000, 0x0000000089600000|  0%| F|  |TAMS 0x0000000089500000, 0x0000000089500000| Untracked 
| 150|0x0000000089600000, 0x0000000089600000, 0x0000000089700000|  0%| F|  |TAMS 0x0000000089600000, 0x0000000089600000| Untracked 
| 151|0x0000000089700000, 0x0000000089700000, 0x0000000089800000|  0%| F|  |TAMS 0x0000000089700000, 0x0000000089700000| Untracked 
| 152|0x0000000089800000, 0x0000000089800000, 0x0000000089900000|  0%| F|  |TAMS 0x0000000089800000, 0x0000000089800000| Untracked 
| 153|0x0000000089900000, 0x0000000089900000, 0x0000000089a00000|  0%| F|  |TAMS 0x0000000089900000, 0x0000000089900000| Untracked 
| 154|0x0000000089a00000, 0x0000000089a00000, 0x0000000089b00000|  0%| F|  |TAMS 0x0000000089a00000, 0x0000000089a00000| Untracked 
| 155|0x0000000089b00000, 0x0000000089b00000, 0x0000000089c00000|  0%| F|  |TAMS 0x0000000089b00000, 0x0000000089b00000| Untracked 
| 156|0x0000000089c00000, 0x0000000089c00000, 0x0000000089d00000|  0%| F|  |TAMS 0x0000000089c00000, 0x0000000089c00000| Untracked 
| 157|0x0000000089d00000, 0x0000000089d00000, 0x0000000089e00000|  0%| F|  |TAMS 0x0000000089d00000, 0x0000000089d00000| Untracked 
| 158|0x0000000089e00000, 0x0000000089e00000, 0x0000000089f00000|  0%| F|  |TAMS 0x0000000089e00000, 0x0000000089e00000| Untracked 
| 159|0x0000000089f00000, 0x0000000089f00000, 0x000000008a000000|  0%| F|  |TAMS 0x0000000089f00000, 0x0000000089f00000| Untracked 
| 160|0x000000008a000000, 0x000000008a000000, 0x000000008a100000|  0%| F|  |TAMS 0x000000008a000000, 0x000000008a000000| Untracked 
| 161|0x000000008a100000, 0x000000008a100000, 0x000000008a200000|  0%| F|  |TAMS 0x000000008a100000, 0x000000008a100000| Untracked 
| 162|0x000000008a200000, 0x000000008a200000, 0x000000008a300000|  0%| F|  |TAMS 0x000000008a200000, 0x000000008a200000| Untracked 
| 163|0x000000008a300000, 0x000000008a300000, 0x000000008a400000|  0%| F|  |TAMS 0x000000008a300000, 0x000000008a300000| Untracked 
| 164|0x000000008a400000, 0x000000008a400000, 0x000000008a500000|  0%| F|  |TAMS 0x000000008a400000, 0x000000008a400000| Untracked 
| 165|0x000000008a500000, 0x000000008a500000, 0x000000008a600000|  0%| F|  |TAMS 0x000000008a500000, 0x000000008a500000| Untracked 
| 166|0x000000008a600000, 0x000000008a600000, 0x000000008a700000|  0%| F|  |TAMS 0x000000008a600000, 0x000000008a600000| Untracked 
| 167|0x000000008a700000, 0x000000008a700000, 0x000000008a800000|  0%| F|  |TAMS 0x000000008a700000, 0x000000008a700000| Untracked 
| 168|0x000000008a800000, 0x000000008a800000, 0x000000008a900000|  0%| F|  |TAMS 0x000000008a800000, 0x000000008a800000| Untracked 
| 169|0x000000008a900000, 0x000000008a900000, 0x000000008aa00000|  0%| F|  |TAMS 0x000000008a900000, 0x000000008a900000| Untracked 
| 170|0x000000008aa00000, 0x000000008aa00000, 0x000000008ab00000|  0%| F|  |TAMS 0x000000008aa00000, 0x000000008aa00000| Untracked 
| 171|0x000000008ab00000, 0x000000008ab00000, 0x000000008ac00000|  0%| F|  |TAMS 0x000000008ab00000, 0x000000008ab00000| Untracked 
| 172|0x000000008ac00000, 0x000000008acb7d60, 0x000000008ad00000| 71%| S|CS|TAMS 0x000000008ac00000, 0x000000008ac00000| Complete 
| 173|0x000000008ad00000, 0x000000008ae00000, 0x000000008ae00000|100%| S|CS|TAMS 0x000000008ad00000, 0x000000008ad00000| Complete 
| 174|0x000000008ae00000, 0x000000008ae00000, 0x000000008af00000|  0%| F|  |TAMS 0x000000008ae00000, 0x000000008ae00000| Untracked 
| 175|0x000000008af00000, 0x000000008af00000, 0x000000008b000000|  0%| F|  |TAMS 0x000000008af00000, 0x000000008af00000| Untracked 
| 176|0x000000008b000000, 0x000000008b000000, 0x000000008b100000|  0%| F|  |TAMS 0x000000008b000000, 0x000000008b000000| Untracked 
| 177|0x000000008b100000, 0x000000008b100000, 0x000000008b200000|  0%| F|  |TAMS 0x000000008b100000, 0x000000008b100000| Untracked 
| 178|0x000000008b200000, 0x000000008b200000, 0x000000008b300000|  0%| F|  |TAMS 0x000000008b200000, 0x000000008b200000| Untracked 
| 179|0x000000008b300000, 0x000000008b300000, 0x000000008b400000|  0%| F|  |TAMS 0x000000008b300000, 0x000000008b300000| Untracked 
| 180|0x000000008b400000, 0x000000008b400000, 0x000000008b500000|  0%| F|  |TAMS 0x000000008b400000, 0x000000008b400000| Untracked 
| 181|0x000000008b500000, 0x000000008b500000, 0x000000008b600000|  0%| F|  |TAMS 0x000000008b500000, 0x000000008b500000| Untracked 
| 182|0x000000008b600000, 0x000000008b600000, 0x000000008b700000|  0%| F|  |TAMS 0x000000008b600000, 0x000000008b600000| Untracked 
| 183|0x000000008b700000, 0x000000008b700000, 0x000000008b800000|  0%| F|  |TAMS 0x000000008b700000, 0x000000008b700000| Untracked 
| 184|0x000000008b800000, 0x000000008b800000, 0x000000008b900000|  0%| F|  |TAMS 0x000000008b800000, 0x000000008b800000| Untracked 
| 185|0x000000008b900000, 0x000000008b900000, 0x000000008ba00000|  0%| F|  |TAMS 0x000000008b900000, 0x000000008b900000| Untracked 
| 186|0x000000008ba00000, 0x000000008ba00000, 0x000000008bb00000|  0%| F|  |TAMS 0x000000008ba00000, 0x000000008ba00000| Untracked 
| 187|0x000000008bb00000, 0x000000008bb00000, 0x000000008bc00000|  0%| F|  |TAMS 0x000000008bb00000, 0x000000008bb00000| Untracked 
| 188|0x000000008bc00000, 0x000000008bc00000, 0x000000008bd00000|  0%| F|  |TAMS 0x000000008bc00000, 0x000000008bc00000| Untracked 
| 189|0x000000008bd00000, 0x000000008bd00000, 0x000000008be00000|  0%| F|  |TAMS 0x000000008bd00000, 0x000000008bd00000| Untracked 
| 190|0x000000008be00000, 0x000000008be00000, 0x000000008bf00000|  0%| F|  |TAMS 0x000000008be00000, 0x000000008be00000| Untracked 
| 191|0x000000008bf00000, 0x000000008bf00000, 0x000000008c000000|  0%| F|  |TAMS 0x000000008bf00000, 0x000000008bf00000| Untracked 
| 192|0x000000008c000000, 0x000000008c000000, 0x000000008c100000|  0%| F|  |TAMS 0x000000008c000000, 0x000000008c000000| Untracked 
| 193|0x000000008c100000, 0x000000008c100000, 0x000000008c200000|  0%| F|  |TAMS 0x000000008c100000, 0x000000008c100000| Untracked 
| 194|0x000000008c200000, 0x000000008c200000, 0x000000008c300000|  0%| F|  |TAMS 0x000000008c200000, 0x000000008c200000| Untracked 
| 195|0x000000008c300000, 0x000000008c300000, 0x000000008c400000|  0%| F|  |TAMS 0x000000008c300000, 0x000000008c300000| Untracked 
| 196|0x000000008c400000, 0x000000008c400000, 0x000000008c500000|  0%| F|  |TAMS 0x000000008c400000, 0x000000008c400000| Untracked 
| 197|0x000000008c500000, 0x000000008c500000, 0x000000008c600000|  0%| F|  |TAMS 0x000000008c500000, 0x000000008c500000| Untracked 
| 198|0x000000008c600000, 0x000000008c600000, 0x000000008c700000|  0%| F|  |TAMS 0x000000008c600000, 0x000000008c600000| Untracked 
| 199|0x000000008c700000, 0x000000008c700000, 0x000000008c800000|  0%| F|  |TAMS 0x000000008c700000, 0x000000008c700000| Untracked 
| 200|0x000000008c800000, 0x000000008c800000, 0x000000008c900000|  0%| F|  |TAMS 0x000000008c800000, 0x000000008c800000| Untracked 
| 201|0x000000008c900000, 0x000000008c900000, 0x000000008ca00000|  0%| F|  |TAMS 0x000000008c900000, 0x000000008c900000| Untracked 
| 202|0x000000008ca00000, 0x000000008ca00000, 0x000000008cb00000|  0%| F|  |TAMS 0x000000008ca00000, 0x000000008ca00000| Untracked 
| 203|0x000000008cb00000, 0x000000008cb00000, 0x000000008cc00000|  0%| F|  |TAMS 0x000000008cb00000, 0x000000008cb00000| Untracked 
| 204|0x000000008cc00000, 0x000000008cc00000, 0x000000008cd00000|  0%| F|  |TAMS 0x000000008cc00000, 0x000000008cc00000| Untracked 
| 205|0x000000008cd00000, 0x000000008cd00000, 0x000000008ce00000|  0%| F|  |TAMS 0x000000008cd00000, 0x000000008cd00000| Untracked 
| 206|0x000000008ce00000, 0x000000008ce00000, 0x000000008cf00000|  0%| F|  |TAMS 0x000000008ce00000, 0x000000008ce00000| Untracked 
| 207|0x000000008cf00000, 0x000000008cf00000, 0x000000008d000000|  0%| F|  |TAMS 0x000000008cf00000, 0x000000008cf00000| Untracked 
| 208|0x000000008d000000, 0x000000008d09be08, 0x000000008d100000| 60%| E|  |TAMS 0x000000008d000000, 0x000000008d000000| Complete 
| 209|0x000000008d100000, 0x000000008d200000, 0x000000008d200000|100%| E|CS|TAMS 0x000000008d100000, 0x000000008d100000| Complete 
| 210|0x000000008d200000, 0x000000008d300000, 0x000000008d300000|100%| E|CS|TAMS 0x000000008d200000, 0x000000008d200000| Complete 
| 211|0x000000008d300000, 0x000000008d400000, 0x000000008d400000|100%| E|CS|TAMS 0x000000008d300000, 0x000000008d300000| Complete 
| 212|0x000000008d400000, 0x000000008d500000, 0x000000008d500000|100%| E|CS|TAMS 0x000000008d400000, 0x000000008d400000| Complete 
| 213|0x000000008d500000, 0x000000008d600000, 0x000000008d600000|100%| E|CS|TAMS 0x000000008d500000, 0x000000008d500000| Complete 
| 214|0x000000008d600000, 0x000000008d700000, 0x000000008d700000|100%| E|CS|TAMS 0x000000008d600000, 0x000000008d600000| Complete 
| 215|0x000000008d700000, 0x000000008d800000, 0x000000008d800000|100%| E|CS|TAMS 0x000000008d700000, 0x000000008d700000| Complete 
| 216|0x000000008d800000, 0x000000008d900000, 0x000000008d900000|100%| E|CS|TAMS 0x000000008d800000, 0x000000008d800000| Complete 
| 217|0x000000008d900000, 0x000000008da00000, 0x000000008da00000|100%| E|CS|TAMS 0x000000008d900000, 0x000000008d900000| Complete 
| 218|0x000000008da00000, 0x000000008db00000, 0x000000008db00000|100%| E|CS|TAMS 0x000000008da00000, 0x000000008da00000| Complete 
| 219|0x000000008db00000, 0x000000008dc00000, 0x000000008dc00000|100%| E|CS|TAMS 0x000000008db00000, 0x000000008db00000| Complete 
| 220|0x000000008dc00000, 0x000000008dd00000, 0x000000008dd00000|100%| E|CS|TAMS 0x000000008dc00000, 0x000000008dc00000| Complete 
| 221|0x000000008dd00000, 0x000000008de00000, 0x000000008de00000|100%| E|CS|TAMS 0x000000008dd00000, 0x000000008dd00000| Complete 

Card table byte_map: [0x000001c3d5e00000,0x000001c3d6200000] _byte_map_base: 0x000001c3d5a00000

Marking Bits (Prev, Next): (CMBitMap*) 0x000001c3c30d4478, (CMBitMap*) 0x000001c3c30d44b0
 Prev Bits: [0x000001c3d6600000, 0x000001c3d8600000)
 Next Bits: [0x000001c3d8600000, 0x000001c3da600000)

Polling page: 0x000001c3c0f20000

Metaspace:

Usage:
  Non-class:     92.72 MB capacity,    91.00 MB ( 98%) used,     1.42 MB (  2%) free+waste,   300.06 KB ( <1%) overhead. 
      Class:     14.02 MB capacity,    13.09 MB ( 93%) used,   813.27 KB (  6%) free+waste,   132.94 KB ( <1%) overhead. 
       Both:    106.73 MB capacity,   104.10 MB ( 98%) used,     2.22 MB (  2%) free+waste,   433.00 KB ( <1%) overhead. 

Virtual space:
  Non-class space:       94.00 MB reserved,      92.75 MB ( 99%) committed 
      Class space:        1.00 GB reserved,      14.07 MB (  1%) committed 
             Both:        1.09 GB reserved,     106.82 MB ( 10%) committed 

Chunk freelists:
   Non-Class:  29.00 KB
       Class:  0 bytes
        Both:  28.00 KB

MaxMetaspaceSize: 17179869184.00 GB
CompressedClassSpaceSize: 1.00 GB

CodeHeap 'non-profiled nmethods': size=120064Kb used=10966Kb max_used=10966Kb free=109098Kb
 bounds [0x000001c3ce4c0000, 0x000001c3cef80000, 0x000001c3d5a00000]
CodeHeap 'profiled nmethods': size=120000Kb used=34781Kb max_used=34781Kb free=85218Kb
 bounds [0x000001c3c6f90000, 0x000001c3c91a0000, 0x000001c3ce4c0000]
CodeHeap 'non-nmethods': size=5696Kb used=2303Kb max_used=2367Kb free=3392Kb
 bounds [0x000001c3c6a00000, 0x000001c3c6c70000, 0x000001c3c6f90000]
 total_blobs=15963 nmethods=15051 adapters=822
 compilation: enabled
              stopped_count=0, restarted_count=0
 full_count=0

Compilation events (20 events):
Event: 70.222 Thread 0x000001c3dd48c000 15870       3       com.android.tools.r8.w.a.a.a.f.m0::isEmpty (13 bytes)
Event: 70.223 Thread 0x000001c3dd48c000 nmethod 15870 0x000001c3c916f710 code [0x000001c3c916f8c0, 0x000001c3c916fa18]
Event: 70.224 Thread 0x000001c3dd48c000 15873       3       com.android.tools.r8.utils.B1.k$$Lambda$1051/0x0000000100d48440::compare (12 bytes)
Event: 70.224 Thread 0x000001c3dd48c000 nmethod 15873 0x000001c3c916fa90 code [0x000001c3c916fc60, 0x000001c3c916ff88]
Event: 70.230 Thread 0x000001c3dd48c000 15874       3       com.android.tools.r8.ir.conversion.T$$Lambda$1053/0x0000000100d48c40::<init> (32 bytes)
Event: 70.230 Thread 0x000001c3dd48c000 nmethod 15874 0x000001c3c9170090 code [0x000001c3c9170260, 0x000001c3c9170598]
Event: 70.230 Thread 0x000001c3dd48c000 15875       3       com.android.tools.r8.ir.conversion.T::a (232 bytes)
Event: 70.231 Thread 0x000001c3dd48c000 nmethod 15875 0x000001c3c9170690 code [0x000001c3c9170920, 0x000001c3c91717f8]
Event: 70.231 Thread 0x000001c3dd48c000 15876       3       com.android.tools.r8.graph.j::e (92 bytes)
Event: 70.232 Thread 0x000001c3dd48c000 nmethod 15876 0x000001c3c9171c90 code [0x000001c3c9171e80, 0x000001c3c9172288]
Event: 70.232 Thread 0x000001c3dd48c000 15877       3       com.android.tools.r8.ir.conversion.S::a (82 bytes)
Event: 70.233 Thread 0x000001c3dd48c000 nmethod 15877 0x000001c3c9172390 code [0x000001c3c9172580, 0x000001c3c91729d8]
Event: 70.233 Thread 0x000001c3dd48c000 15878       3       com.android.tools.r8.ir.conversion.S::<init> (246 bytes)
Event: 70.234 Thread 0x000001c3dd48c000 nmethod 15878 0x000001c3c9172b90 code [0x000001c3c9172ee0, 0x000001c3c91746c8]
Event: 70.234 Thread 0x000001c3dd48c000 15879       3       com.android.tools.r8.graph.j::a (74 bytes)
Event: 70.235 Thread 0x000001c3dd48c000 nmethod 15879 0x000001c3c9174f10 code [0x000001c3c9175140, 0x000001c3c9175a38]
Event: 70.235 Thread 0x000001c3dd48c000 15880       3       com.android.tools.r8.ir.optimize.k::h (670 bytes)
Event: 70.243 Thread 0x000001c3dd48c000 nmethod 15880 0x000001c3c9175d10 code [0x000001c3c9176560, 0x000001c3c917bda8]
Event: 70.243 Thread 0x000001c3dd48c000 15881       3       com.android.tools.r8.ir.optimize.k::a (327 bytes)
Event: 70.248 Thread 0x000001c3dd48c000 nmethod 15881 0x000001c3c917dc90 code [0x000001c3c917e260, 0x000001c3c9181d88]

GC Heap History (20 events):
Event: 31.593 GC heap before
{Heap before GC invocations=20 (full 0):
 garbage-first heap   total 227328K, used 171520K [0x0000000080000000, 0x0000000100000000)
  region size 1024K, 79 young (80896K), 6 survivors (6144K)
 Metaspace       used 81404K, capacity 83460K, committed 83660K, reserved 1122304K
  class space    used 10424K, capacity 11119K, committed 11212K, reserved 1048576K
}
Event: 31.613 GC heap after
{Heap after GC invocations=21 (full 0):
 garbage-first heap   total 227328K, used 101274K [0x0000000080000000, 0x0000000100000000)
  region size 1024K, 9 young (9216K), 9 survivors (9216K)
 Metaspace       used 81404K, capacity 83460K, committed 83660K, reserved 1122304K
  class space    used 10424K, capacity 11119K, committed 11212K, reserved 1048576K
}
Event: 33.696 GC heap before
{Heap before GC invocations=21 (full 0):
 garbage-first heap   total 227328K, used 176026K [0x0000000080000000, 0x0000000100000000)
  region size 1024K, 83 young (84992K), 9 survivors (9216K)
 Metaspace       used 83732K, capacity 85778K, committed 85964K, reserved 1124352K
  class space    used 10725K, capacity 11423K, committed 11468K, reserved 1048576K
}
Event: 33.721 GC heap after
{Heap after GC invocations=22 (full 0):
 garbage-first heap   total 227328K, used 104126K [0x0000000080000000, 0x0000000100000000)
  region size 1024K, 8 young (8192K), 8 survivors (8192K)
 Metaspace       used 83732K, capacity 85778K, committed 85964K, reserved 1124352K
  class space    used 10725K, capacity 11423K, committed 11468K, reserved 1048576K
}
Event: 34.929 GC heap before
{Heap before GC invocations=22 (full 0):
 garbage-first heap   total 227328K, used 178878K [0x0000000080000000, 0x0000000100000000)
  region size 1024K, 82 young (83968K), 8 survivors (8192K)
 Metaspace       used 84325K, capacity 86356K, committed 86476K, reserved 1124352K
  class space    used 10781K, capacity 11468K, committed 11468K, reserved 1048576K
}
Event: 34.954 GC heap after
{Heap after GC invocations=23 (full 0):
 garbage-first heap   total 227328K, used 108256K [0x0000000080000000, 0x0000000100000000)
  region size 1024K, 8 young (8192K), 8 survivors (8192K)
 Metaspace       used 84325K, capacity 86356K, committed 86476K, reserved 1124352K
  class space    used 10781K, capacity 11468K, committed 11468K, reserved 1048576K
}
Event: 44.458 GC heap before
{Heap before GC invocations=23 (full 0):
 garbage-first heap   total 227328K, used 181984K [0x0000000080000000, 0x0000000100000000)
  region size 1024K, 81 young (82944K), 8 survivors (8192K)
 Metaspace       used 84973K, capacity 87033K, committed 87116K, reserved 1124352K
  class space    used 10849K, capacity 11544K, committed 11596K, reserved 1048576K
}
Event: 44.491 GC heap after
{Heap after GC invocations=24 (full 0):
 garbage-first heap   total 227328K, used 113541K [0x0000000080000000, 0x0000000100000000)
  region size 1024K, 10 young (10240K), 10 survivors (10240K)
 Metaspace       used 84973K, capacity 87033K, committed 87116K, reserved 1124352K
  class space    used 10849K, capacity 11544K, committed 11596K, reserved 1048576K
}
Event: 45.933 GC heap before
{Heap before GC invocations=24 (full 0):
 garbage-first heap   total 227328K, used 164741K [0x0000000080000000, 0x0000000100000000)
  region size 1024K, 62 young (63488K), 10 survivors (10240K)
 Metaspace       used 85617K, capacity 87673K, committed 88012K, reserved 1126400K
  class space    used 10895K, capacity 11608K, committed 11724K, reserved 1048576K
}
Event: 45.951 GC heap after
{Heap after GC invocations=25 (full 0):
 garbage-first heap   total 227328K, used 113209K [0x0000000080000000, 0x0000000100000000)
  region size 1024K, 2 young (2048K), 2 survivors (2048K)
 Metaspace       used 85617K, capacity 87673K, committed 88012K, reserved 1126400K
  class space    used 10895K, capacity 11608K, committed 11724K, reserved 1048576K
}
Event: 48.777 GC heap before
{Heap before GC invocations=26 (full 0):
 garbage-first heap   total 227328K, used 170553K [0x0000000080000000, 0x0000000100000000)
  region size 1024K, 75 young (76800K), 2 survivors (2048K)
 Metaspace       used 86760K, capacity 88837K, committed 89036K, reserved 1126400K
  class space    used 11010K, capacity 11717K, committed 11724K, reserved 1048576K
}
Event: 48.808 GC heap after
{Heap after GC invocations=27 (full 0):
 garbage-first heap   total 227328K, used 101949K [0x0000000080000000, 0x0000000100000000)
  region size 1024K, 9 young (9216K), 9 survivors (9216K)
 Metaspace       used 86760K, capacity 88837K, committed 89036K, reserved 1126400K
  class space    used 11010K, capacity 11717K, committed 11724K, reserved 1048576K
}
Event: 56.769 GC heap before
{Heap before GC invocations=27 (full 0):
 garbage-first heap   total 227328K, used 181821K [0x0000000080000000, 0x0000000100000000)
  region size 1024K, 86 young (88064K), 9 survivors (9216K)
 Metaspace       used 93896K, capacity 96019K, committed 96204K, reserved 1132544K
  class space    used 11873K, capacity 12617K, committed 12748K, reserved 1048576K
}
Event: 56.814 GC heap after
{Heap after GC invocations=28 (full 0):
 garbage-first heap   total 227328K, used 117660K [0x0000000080000000, 0x0000000100000000)
  region size 1024K, 11 young (11264K), 11 survivors (11264K)
 Metaspace       used 93896K, capacity 96019K, committed 96204K, reserved 1132544K
  class space    used 11873K, capacity 12617K, committed 12748K, reserved 1048576K
}
Event: 62.925 GC heap before
{Heap before GC invocations=28 (full 0):
 garbage-first heap   total 227328K, used 159644K [0x0000000080000000, 0x0000000100000000)
  region size 1024K, 53 young (54272K), 11 survivors (11264K)
 Metaspace       used 96208K, capacity 98444K, committed 98764K, reserved 1134592K
  class space    used 12086K, capacity 12885K, committed 13004K, reserved 1048576K
}
Event: 62.954 GC heap after
{Heap after GC invocations=29 (full 0):
 garbage-first heap   total 227328K, used 118051K [0x0000000080000000, 0x0000000100000000)
  region size 1024K, 5 young (5120K), 5 survivors (5120K)
 Metaspace       used 96208K, capacity 98444K, committed 98764K, reserved 1134592K
  class space    used 12086K, capacity 12885K, committed 13004K, reserved 1048576K
}
Event: 65.621 GC heap before
{Heap before GC invocations=30 (full 0):
 garbage-first heap   total 227328K, used 177443K [0x0000000080000000, 0x0000000100000000)
  region size 1024K, 60 young (61440K), 5 survivors (5120K)
 Metaspace       used 101101K, capacity 103443K, committed 103756K, reserved 1138688K
  class space    used 12724K, capacity 13558K, committed 13644K, reserved 1048576K
}
Event: 65.657 GC heap after
{Heap after GC invocations=31 (full 0):
 garbage-first heap   total 227328K, used 128641K [0x0000000080000000, 0x0000000100000000)
  region size 1024K, 8 young (8192K), 8 survivors (8192K)
 Metaspace       used 101101K, capacity 103443K, committed 103756K, reserved 1138688K
  class space    used 12724K, capacity 13558K, committed 13644K, reserved 1048576K
}
Event: 69.225 GC heap before
{Heap before GC invocations=31 (full 0):
 garbage-first heap   total 227328K, used 177793K [0x0000000080000000, 0x0000000100000000)
  region size 1024K, 56 young (57344K), 8 survivors (8192K)
 Metaspace       used 106115K, capacity 108705K, committed 108748K, reserved 1144832K
  class space    used 13342K, capacity 14264K, committed 14284K, reserved 1048576K
}
Event: 69.262 GC heap after
{Heap after GC invocations=32 (full 0):
 garbage-first heap   total 227328K, used 131082K [0x0000000080000000, 0x0000000100000000)
  region size 1024K, 2 young (2048K), 2 survivors (2048K)
 Metaspace       used 106115K, capacity 108705K, committed 108748K, reserved 1144832K
  class space    used 13342K, capacity 14264K, committed 14284K, reserved 1048576K
}

Deoptimization events (20 events):
Event: 69.269 Thread 0x000001c3e2ff2800 DEOPT PACKING pc=0x000001c3ce878de0 sp=0x0000008bc5cfbe90
Event: 69.269 Thread 0x000001c3e2ff2800 DEOPT UNPACKING pc=0x000001c3c6a274af sp=0x0000008bc5cfbe40 mode 2
Event: 69.269 Thread 0x000001c3e2ff2800 Uncommon trap: trap_request=0xffffff4d fr.pc=0x000001c3ceed4658 relative=0x0000000000001698
Event: 69.269 Thread 0x000001c3e2ff2800 Uncommon trap: reason=unstable_if action=reinterpret pc=0x000001c3ceed4658 method=java.util.concurrent.ConcurrentHashMap.putVal(Ljava/lang/Object;Ljava/lang/Object;Z)Ljava/lang/Object; @ 162 c2
Event: 69.269 Thread 0x000001c3e2ff2800 DEOPT PACKING pc=0x000001c3ceed4658 sp=0x0000008bc5cfbef0
Event: 69.269 Thread 0x000001c3e2ff2800 DEOPT UNPACKING pc=0x000001c3c6a274af sp=0x0000008bc5cfbe98 mode 2
Event: 69.269 Thread 0x000001c3e2ff2800 Uncommon trap: trap_request=0xffffffd6 fr.pc=0x000001c3cee248b4 relative=0x0000000000002f94
Event: 69.269 Thread 0x000001c3e2ff2800 Uncommon trap: reason=array_check action=maybe_recompile pc=0x000001c3cee248b4 method=java.util.TimSort.reverseRange([Ljava/lang/Object;II)V @ 20 c2
Event: 69.269 Thread 0x000001c3e2ff2800 DEOPT PACKING pc=0x000001c3cee248b4 sp=0x0000008bc5cfd120
Event: 69.269 Thread 0x000001c3e2ff2800 DEOPT UNPACKING pc=0x000001c3c6a274af sp=0x0000008bc5cfcff8 mode 2
Event: 69.269 Thread 0x000001c3e2ff2800 Uncommon trap: trap_request=0xffffffd6 fr.pc=0x000001c3cee248b4 relative=0x0000000000002f94
Event: 69.269 Thread 0x000001c3e2ff2800 Uncommon trap: reason=array_check action=maybe_recompile pc=0x000001c3cee248b4 method=java.util.TimSort.reverseRange([Ljava/lang/Object;II)V @ 20 c2
Event: 69.269 Thread 0x000001c3e2ff2800 DEOPT PACKING pc=0x000001c3cee248b4 sp=0x0000008bc5cfd120
Event: 69.269 Thread 0x000001c3e2ff2800 DEOPT UNPACKING pc=0x000001c3c6a274af sp=0x0000008bc5cfcff8 mode 2
Event: 69.589 Thread 0x000001c3e0e8f000 DEOPT PACKING pc=0x000001c3c8eb18ac sp=0x0000008bc56fc420
Event: 69.589 Thread 0x000001c3e0e8f000 DEOPT UNPACKING pc=0x000001c3c6a272ce sp=0x0000008bc56fb9a0 mode 0
Event: 69.832 Thread 0x000001c3e0e91800 DEOPT PACKING pc=0x000001c3c8dd3bde sp=0x0000008bc55fc6e0
Event: 69.832 Thread 0x000001c3e0e91800 DEOPT UNPACKING pc=0x000001c3c6a272ce sp=0x0000008bc55fbc10 mode 0
Event: 70.105 Thread 0x000001c3e0e91800 DEOPT PACKING pc=0x000001c3c8d36b63 sp=0x0000008bc55fc300
Event: 70.105 Thread 0x000001c3e0e91800 DEOPT UNPACKING pc=0x000001c3c6a272ce sp=0x0000008bc55fb7d0 mode 0

Classes redefined (0 events):
No events

Internal exceptions (20 events):
Event: 62.208 Thread 0x000001c3df609000 Exception <a 'sun/nio/fs/WindowsException'{0x000000008bc1c380}> (0x000000008bc1c380) thrown at [./src/hotspot/share/prims/jni.cpp, line 615]
Event: 62.691 Thread 0x000001c3df38f800 Exception <a 'java/lang/NoSuchMethodError'{0x000000008ba7eb58}: <clinit>> (0x000000008ba7eb58) thrown at [./src/hotspot/share/prims/jni.cpp, line 1362]
Event: 63.344 Thread 0x000001c3df609000 Exception <a 'sun/nio/fs/WindowsException'{0x000000008db3c498}> (0x000000008db3c498) thrown at [./src/hotspot/share/prims/jni.cpp, line 615]
Event: 63.701 Thread 0x000001c3df609000 Exception <a 'java/lang/NoSuchMethodError'{0x000000008dbdbc58}: <clinit>> (0x000000008dbdbc58) thrown at [./src/hotspot/share/prims/jni.cpp, line 1362]
Event: 63.898 Thread 0x000001c3e2ff2800 Exception <a 'sun/nio/fs/WindowsException'{0x000000008d41edf8}> (0x000000008d41edf8) thrown at [./src/hotspot/share/prims/jni.cpp, line 615]
Event: 64.275 Thread 0x000001c3e2ff2800 Exception <a 'java/lang/NoSuchMethodError'{0x000000008c67b338}: 'java.lang.Object java.lang.invoke.DirectMethodHandle$Holder.invokeStatic(java.lang.Object, java.lang.Object, java.lang.Object, java.lang.Object, java.lang.Object, java.lang.Object, java.lang.Object, java.lang.Object, java.lang.Object, java.lang.Object, java.lang.Object, java.lang.Object, java.lang.Object, java.lang.Object, java.lang.Object, java.lang.Object, java.lang.Object, int, java.lang.Object)'> (0x000000008c67b338) thrown at [./src/hots
Event: 64.275 Thread 0x000001c3e2ff2800 Exception <a 'java/lang/NoSuchMethodError'{0x000000008c680be8}: 'java.lang.Object java.lang.invoke.DirectMethodHandle$Holder.invokeStaticInit(java.lang.Object, java.lang.Object, java.lang.Object, java.lang.Object, java.lang.Object, java.lang.Object, java.lang.Object, java.lang.Object, java.lang.Object, java.lang.Object, java.lang.Object, java.lang.Object, java.lang.Object, java.lang.Object, java.lang.Object, java.lang.Object, java.lang.Object, int, java.lang.Object)'> (0x000000008c680be8) thrown at [./src/
Event: 64.946 Thread 0x000001c3e2ff2800 Exception <a 'java/lang/NoSuchMethodError'{0x000000008b9b8798}: 'void java.lang.invoke.DirectMethodHandle$Holder.invokeStatic(java.lang.Object, java.lang.Object, java.lang.Object, int)'> (0x000000008b9b8798) thrown at [./src/hotspot/share/interpreter/linkResolver.cpp, line 773]
Event: 65.072 Thread 0x000001c3e2ff2800 Exception <a 'java/lang/IncompatibleClassChangeError'{0x000000008b9c0708}: Found class java.lang.Object, but interface was expected> (0x000000008b9c0708) thrown at [./src/hotspot/share/interpreter/linkResolver.cpp, line 839]
Event: 65.679 Thread 0x000001c3e0e8f000 Exception <a 'java/lang/NoSuchMethodError'{0x000000008dd62238}: 'long java.lang.invoke.DirectMethodHandle$Holder.invokeStatic(java.lang.Object, java.lang.Object)'> (0x000000008dd62238) thrown at [./src/hotspot/share/interpreter/linkResolver.cpp, line 773]
Event: 65.703 Thread 0x000001c3e0e8f000 Exception <a 'java/lang/NoSuchMethodError'{0x000000008dd8a238}: 'void java.lang.invoke.DirectMethodHandle$Holder.invokeSpecial(java.lang.Object, java.lang.Object, int, java.lang.Object)'> (0x000000008dd8a238) thrown at [./src/hotspot/share/interpreter/linkResolver.cpp, line 773]
Event: 66.061 Thread 0x000001c3e0e91800 Exception <a 'java/lang/NoSuchMethodError'{0x000000008da45bc8}: 'java.lang.Object java.lang.invoke.DirectMethodHandle$Holder.invokeVirtual(java.lang.Object, java.lang.Object, int, java.lang.Object)'> (0x000000008da45bc8) thrown at [./src/hotspot/share/interpreter/linkResolver.cpp, line 773]
Event: 66.138 Thread 0x000001c3e0e8f000 Exception <a 'java/lang/NoSuchMethodError'{0x000000008d893ef8}: 'void java.lang.invoke.DirectMethodHandle$Holder.invokeVirtual(java.lang.Object, java.lang.Object, int, java.lang.Object)'> (0x000000008d893ef8) thrown at [./src/hotspot/share/interpreter/linkResolver.cpp, line 773]
Event: 66.304 Thread 0x000001c3e2ff2800 Exception <a 'java/lang/NoSuchMethodError'{0x000000008d6f6ee0}: 'java.lang.Object java.lang.invoke.DirectMethodHandle$Holder.newInvokeSpecial(java.lang.Object, int)'> (0x000000008d6f6ee0) thrown at [./src/hotspot/share/interpreter/linkResolver.cpp, line 773]
Event: 68.475 Thread 0x000001c3e2ff2800 Exception <a 'java/lang/NoSuchMethodError'{0x000000008ba1ab18}: 'void java.lang.invoke.DirectMethodHandle$Holder.invokeStaticInit(java.lang.Object, java.lang.Object, java.lang.Object)'> (0x000000008ba1ab18) thrown at [./src/hotspot/share/interpreter/linkResolver.cpp, line 773]
Event: 68.773 Thread 0x000001c3e2ff2800 Exception <a 'java/lang/NoSuchMethodError'{0x000000008b58f800}: 'java.lang.Object java.lang.invoke.DirectMethodHandle$Holder.invokeSpecial(java.lang.Object, java.lang.Object, java.lang.Object, java.lang.Object, java.lang.Object, java.lang.Object, java.lang.Object, java.lang.Object, java.lang.Object, java.lang.Object)'> (0x000000008b58f800) thrown at [./src/hotspot/share/interpreter/linkResolver.cpp, line 773]
Event: 68.774 Thread 0x000001c3e2ff2800 Exception <a 'java/lang/NoSuchMethodError'{0x000000008b593bc8}: 'java.lang.Object java.lang.invoke.Invokers$Holder.linkToTargetMethod(java.lang.Object, java.lang.Object, java.lang.Object, java.lang.Object, java.lang.Object, java.lang.Object, java.lang.Object, java.lang.Object, java.lang.Object)'> (0x000000008b593bc8) thrown at [./src/hotspot/share/interpreter/linkResolver.cpp, line 773]
Event: 69.268 Thread 0x000001c3e2ff2800 Implicit null exception at 0x000001c3ce8f6eff to 0x000001c3ce8fc6fc
Event: 69.269 Thread 0x000001c3e2ff2800 Implicit null exception at 0x000001c3ce878ba0 to 0x000001c3ce878dc4
Event: 70.143 Thread 0x000001c3e2ff2800 Exception <a 'java/lang/NoSuchMethodError'{0x000000008d499df8}: 'void java.lang.invoke.DirectMethodHandle$Holder.invokeVirtual(java.lang.Object, java.lang.Object, int)'> (0x000000008d499df8) thrown at [./src/hotspot/share/interpreter/linkResolver.cpp, line 773]

Events (20 events):
Event: 70.127 Executing VM operation: CGC_Operation done
Event: 70.132 loading class com/android/tools/r8/naming/v$d
Event: 70.132 loading class com/android/tools/r8/naming/v$d done
Event: 70.133 loading class com/android/tools/r8/naming/v
Event: 70.133 loading class com/android/tools/r8/naming/v done
Event: 70.134 loading class com/android/tools/r8/graph/J1
Event: 70.134 loading class com/android/tools/r8/graph/J1 done
Event: 70.134 loading class com/android/tools/r8/dex/l
Event: 70.134 loading class com/android/tools/r8/dex/l done
Event: 70.134 loading class com/android/tools/r8/utils/u0
Event: 70.134 loading class com/android/tools/r8/utils/u0 done
Event: 70.143 loading class com/android/tools/r8/dex/s
Event: 70.143 loading class com/android/tools/r8/dex/s done
Event: 70.145 loading class com/android/tools/r8/graph/J1
Event: 70.145 loading class com/android/tools/r8/graph/J1 done
Event: 70.145 loading class com/android/tools/r8/graph/J1
Event: 70.145 loading class com/android/tools/r8/graph/J1 done
Event: 70.145 loading class com/android/tools/r8/dex/r
Event: 70.145 loading class com/android/tools/r8/dex/r done
Event: 70.145 loading class java/nio/ByteBufferAsShortBufferL


Dynamic libraries:
0x00007ff721fb0000 - 0x00007ff721fba000 	E:\Program Files\Android\Android Studio\jre\bin\java.exe
0x00007ffaa4d80000 - 0x00007ffaa4f70000 	C:\Windows\SYSTEM32\ntdll.dll
0x00007ffa649d0000 - 0x00007ffa64a04000 	C:\Program Files\AVAST Software\Avast\x64\aswhooka.dll
0x00007ffaa2ea0000 - 0x00007ffaa2f52000 	C:\Windows\System32\KERNEL32.DLL
0x00007ffaa2860000 - 0x00007ffaa2b05000 	C:\Windows\System32\KERNELBASE.dll
0x00007ffaa1cf0000 - 0x00007ffaa1dea000 	C:\Windows\System32\ucrtbase.dll
0x00007ffa77ef0000 - 0x00007ffa77f09000 	E:\Program Files\Android\Android Studio\jre\bin\jli.dll
0x00007ffaa3ed0000 - 0x00007ffaa4064000 	C:\Windows\System32\USER32.dll
0x00007ffaa20a0000 - 0x00007ffaa20c1000 	C:\Windows\System32\win32u.dll
0x00007ffaa4d10000 - 0x00007ffaa4d36000 	C:\Windows\System32\GDI32.dll
0x00007ffaa2b40000 - 0x00007ffaa2cd6000 	C:\Windows\System32\gdi32full.dll
0x00007ffaa2d90000 - 0x00007ffaa2e2e000 	C:\Windows\System32\msvcp_win.dll
0x00007ffa77ed0000 - 0x00007ffa77ee7000 	E:\Program Files\Android\Android Studio\jre\bin\VCRUNTIME140.dll
0x00007ffa909e0000 - 0x00007ffa90c64000 	C:\Windows\WinSxS\amd64_microsoft.windows.common-controls_6595b64144ccf1df_6.0.18362.1256_none_9e7e379be45e40e2\COMCTL32.dll
0x00007ffaa2f60000 - 0x00007ffaa2ffe000 	C:\Windows\System32\msvcrt.dll
0x00007ffaa3b40000 - 0x00007ffaa3e76000 	C:\Windows\System32\combase.dll
0x00007ffaa3130000 - 0x00007ffaa3250000 	C:\Windows\System32\RPCRT4.dll
0x00007ffaa1ec0000 - 0x00007ffaa1f41000 	C:\Windows\System32\bcryptPrimitives.dll
0x00007ffaa4250000 - 0x00007ffaa427e000 	C:\Windows\System32\IMM32.DLL
0x00007ffa67610000 - 0x00007ffa676ad000 	E:\Program Files\Android\Android Studio\jre\bin\msvcp140.dll
0x00007ffa51330000 - 0x00007ffa51dec000 	E:\Program Files\Android\Android Studio\jre\bin\server\jvm.dll
0x00007ffaa4c60000 - 0x00007ffaa4d03000 	C:\Windows\System32\ADVAPI32.dll
0x00007ffaa4070000 - 0x00007ffaa4107000 	C:\Windows\System32\sechost.dll
0x00007ffaa3ea0000 - 0x00007ffaa3ea8000 	C:\Windows\System32\PSAPI.DLL
0x00007ffa82ed0000 - 0x00007ffa82ed9000 	C:\Windows\SYSTEM32\WSOCK32.dll
0x00007ffaa2e30000 - 0x00007ffaa2e9f000 	C:\Windows\System32\WS2_32.dll
0x00007ffa9f9a0000 - 0x00007ffa9f9c4000 	C:\Windows\SYSTEM32\WINMM.dll
0x00007ffa99820000 - 0x00007ffa9982a000 	C:\Windows\SYSTEM32\VERSION.dll
0x00007ffa9f970000 - 0x00007ffa9f99d000 	C:\Windows\SYSTEM32\WINMMBASE.dll
0x00007ffaa1e10000 - 0x00007ffaa1e5a000 	C:\Windows\System32\cfgmgr32.dll
0x00007ffaa1ca0000 - 0x00007ffaa1cb1000 	C:\Windows\System32\kernel.appcore.dll
0x00007ffa9fa10000 - 0x00007ffa9fa21000 	E:\Program Files\Android\Android Studio\jre\bin\verify.dll
0x00007ffaa04c0000 - 0x00007ffaa06b4000 	C:\Windows\SYSTEM32\DBGHELP.DLL
0x00007ffa8eb80000 - 0x00007ffa8ebaa000 	C:\Windows\SYSTEM32\dbgcore.DLL
0x00007ffa9f9e0000 - 0x00007ffa9fa09000 	E:\Program Files\Android\Android Studio\jre\bin\java.dll
0x00007ffa9f9d0000 - 0x00007ffa9f9db000 	E:\Program Files\Android\Android Studio\jre\bin\jimage.dll
0x00007ffa9e280000 - 0x00007ffa9e298000 	E:\Program Files\Android\Android Studio\jre\bin\zip.dll
0x00007ffaa4280000 - 0x00007ffaa4967000 	C:\Windows\System32\SHELL32.dll
0x00007ffaa3620000 - 0x00007ffaa36c9000 	C:\Windows\System32\shcore.dll
0x00007ffaa20d0000 - 0x00007ffaa2851000 	C:\Windows\System32\windows.storage.dll
0x00007ffaa1cc0000 - 0x00007ffaa1ce3000 	C:\Windows\System32\profapi.dll
0x00007ffaa1c50000 - 0x00007ffaa1c9a000 	C:\Windows\System32\powrprof.dll
0x00007ffaa1c20000 - 0x00007ffaa1c30000 	C:\Windows\System32\UMPDC.dll
0x00007ffaa33b0000 - 0x00007ffaa3402000 	C:\Windows\System32\shlwapi.dll
0x00007ffaa1df0000 - 0x00007ffaa1e07000 	C:\Windows\System32\cryptsp.dll
0x00007ffa9bdd0000 - 0x00007ffa9bdea000 	E:\Program Files\Android\Android Studio\jre\bin\net.dll
0x00007ffa90e40000 - 0x00007ffa90f30000 	C:\Windows\SYSTEM32\WINHTTP.dll
0x00007ffaa1410000 - 0x00007ffaa1477000 	C:\Windows\system32\mswsock.dll
0x00007ffa9bdb0000 - 0x00007ffa9bdc4000 	E:\Program Files\Android\Android Studio\jre\bin\nio.dll
0x00007ffa91720000 - 0x00007ffa91747000 	C:\Users\hp\.gradle\native\fdc75f09e3144964f2cf3f50f0aa648679c211496f362492102eb8c894070792\windows-amd64\native-platform.dll
0x00007ffa67a50000 - 0x00007ffa67be6000 	C:\Users\hp\.gradle\native\12488b8bf47d2d4c9fbf2f6322a914ad602e24e48041cd04a747c6da556b65c4\windows-amd64\native-platform-file-events.dll
0x00007ffa9e270000 - 0x00007ffa9e27a000 	E:\Program Files\Android\Android Studio\jre\bin\management.dll
0x00007ffa9bda0000 - 0x00007ffa9bdac000 	E:\Program Files\Android\Android Studio\jre\bin\management_ext.dll
0x00007ffaa0f80000 - 0x00007ffaa0fb3000 	C:\Windows\system32\rsaenh.dll
0x00007ffaa2b10000 - 0x00007ffaa2b36000 	C:\Windows\System32\bcrypt.dll
0x00007ffaa1b40000 - 0x00007ffaa1b65000 	C:\Windows\SYSTEM32\USERENV.dll
0x00007ffaa15e0000 - 0x00007ffaa15ec000 	C:\Windows\SYSTEM32\CRYPTBASE.dll
0x00007ffaa1120000 - 0x00007ffaa115a000 	C:\Windows\SYSTEM32\IPHLPAPI.DLL
0x00007ffaa3eb0000 - 0x00007ffaa3eb8000 	C:\Windows\System32\NSI.dll
0x00007ffa93180000 - 0x00007ffa93196000 	C:\Windows\SYSTEM32\dhcpcsvc6.DLL
0x00007ffa96fe0000 - 0x00007ffa96ffc000 	C:\Windows\SYSTEM32\dhcpcsvc.DLL
0x00007ffaa1160000 - 0x00007ffaa122b000 	C:\Windows\SYSTEM32\DNSAPI.dll
0x00007ffa970d0000 - 0x00007ffa970db000 	C:\Windows\SYSTEM32\WINNSI.DLL

dbghelp: loaded successfully - version: 4.0.5 - missing functions: none
symbol engine: initialized successfully - sym options: 0x614 - pdb path: .;E:\Program Files\Android\Android Studio\jre\bin;C:\Windows\SYSTEM32;C:\Program Files\AVAST Software\Avast\x64;C:\Windows\WinSxS\amd64_microsoft.windows.common-controls_6595b64144ccf1df_6.0.18362.1256_none_9e7e379be45e40e2;E:\Program Files\Android\Android Studio\jre\bin\server;C:\Users\hp\.gradle\native\fdc75f09e3144964f2cf3f50f0aa648679c211496f362492102eb8c894070792\windows-amd64;C:\Users\hp\.gradle\native\12488b8bf47d2d4c9fbf2f6322a914ad602e24e48041cd04a747c6da556b65c4\windows-amd64

VM Arguments:
jvm_args: --add-opens=java.base/java.util=ALL-UNNAMED --add-opens=java.base/java.lang=ALL-UNNAMED --add-opens=java.base/java.lang.invoke=ALL-UNNAMED --add-opens=java.prefs/java.util.prefs=ALL-UNNAMED -Xmx2048m -Dfile.encoding=UTF-8 -Duser.country=US -Duser.language=en -Duser.variant 
java_command: org.gradle.launcher.daemon.bootstrap.GradleDaemon 6.7.1
java_class_path (initial): C:\Users\hp\.gradle\wrapper\dists\gradle-6.7.1-bin\bwlcbys1h7rz3272sye1xwiv6\gradle-6.7.1\lib\gradle-launcher-6.7.1.jar
Launcher Type: SUN_STANDARD

[Global flags]
     intx CICompilerCount                          = 3                                         {product} {ergonomic}
     uint ConcGCThreads                            = 1                                         {product} {ergonomic}
     uint G1ConcRefinementThreads                  = 4                                         {product} {ergonomic}
   size_t G1HeapRegionSize                         = 1048576                                   {product} {ergonomic}
    uintx GCDrainStackTargetSize                   = 64                                        {product} {ergonomic}
   size_t InitialHeapSize                          = 134217728                                 {product} {ergonomic}
   size_t MarkStackSize                            = 4194304                                   {product} {ergonomic}
   size_t MaxHeapSize                              = 2147483648                                {product} {command line}
   size_t MaxNewSize                               = 1287651328                                {product} {ergonomic}
   size_t MinHeapDeltaBytes                        = 1048576                                   {product} {ergonomic}
    uintx NonNMethodCodeHeapSize                   = 5830732                                {pd product} {ergonomic}
    uintx NonProfiledCodeHeapSize                  = 122913754                              {pd product} {ergonomic}
    uintx ProfiledCodeHeapSize                     = 122913754                              {pd product} {ergonomic}
    uintx ReservedCodeCacheSize                    = 251658240                              {pd product} {ergonomic}
     bool SegmentedCodeCache                       = true                                      {product} {ergonomic}
     bool UseCompressedClassPointers               = true                                 {lp64_product} {ergonomic}
     bool UseCompressedOops                        = true                                 {lp64_product} {ergonomic}
     bool UseG1GC                                  = true                                      {product} {ergonomic}
     bool UseLargePagesIndividualAllocation        = false                                  {pd product} {ergonomic}

Logging:
Log output configuration:
 #0: stdout all=warning uptime,level,tags
 #1: stderr all=off uptime,level,tags

Environment Variables:
JAVA_HOME=C:\Program Files\Java\jdk-17.0.1
PATH=C:\ffmpeg\bin;C:\Program Files\Common Files\Oracle\Java\javapath;C:\Python310\Scripts\;C:\Python310\;C:\ProgramData\Oracle\Java\javapath;C:\Windows\system32;C:\Windows;C:\Windows\System32\Wbem;C:\Windows\System32\WindowsPowerShell\v1.0\;C:\Windows\System32\OpenSSH\;C:\Program Files\Java\jdk-17\bin;C:\Program Files\Microsoft SQL Server\Client SDK\ODBC\110\Tools\Binn\;C:\Program Files\Microsoft SQL Server\Client SDK\ODBC\170\Tools\Binn\;C:\ProgramData\chocolatey\bin;C:\Program Files\Java\jdk-17.0.1\bin;C:\Program Files\Azure Data Studio\bin;C:\Program Files\dotnet\;C:\Program Files\Git\cmd;C:\Program Files\nodejs\;C:\Users\hp\AppData\Local\Microsoft\WindowsApps;D:\Microsoft VS Code\bin;C:\Users\hp\AppData\Local\Android\Sdk\platform-tools;C:\Users\hp\AppData\Local\Microsoft\WindowsApps;D:\Microsoft VS Code\bin;C:\Program Files\Azure Data Studio\bin;C:\Users\hp\AppData\Local\Android\Sdk\platform-tools;;C:\Users\hp\AppData\Local\Programs\Microsoft VS Code\bin;C:\Users\hp\.dotnet\tools;C:\Users\hp\AppData\Roaming\npm
USERNAME=hp
OS=Windows_NT
PROCESSOR_IDENTIFIER=Intel64 Family 6 Model 142 Stepping 9, GenuineIntel



---------------  S Y S T E M  ---------------

OS: Windows 10 , 64 bit Build 18362 (10.0.18362.1110)
OS uptime: 0 days 1:00 hours

CPU:total 4 (initial active 4) (2 cores per cpu, 2 threads per core) family 6 model 142 stepping 9, cmov, cx8, fxsr, mmx, sse, sse2, sse3, ssse3, sse4.1, sse4.2, popcnt, avx, avx2, aes, clmul, erms, 3dnowpref, lzcnt, ht, tsc, tscinvbit, bmi1, bmi2, adx, fma

Memory: 4k page, system-wide physical 8078M (851M free)
TotalPageFile size 8078M (AvailPageFile size 0M)
current process WorkingSet (physical memory assigned to process): 529M, peak: 529M
current process commit charge ("private bytes"): 560M, peak: 560M

vm_info: OpenJDK 64-Bit Server VM (11.0.8+10-b944.6842174) for windows-amd64 JRE (11.0.8+10-b944.6842174), built on Sep 19 2020 01:11:42 by "builder" with MS VC++ 14.0 (VS2015)

END.
