#
# There is insufficient memory for the Java Runtime Environment to continue.
# Native memory allocation (malloc) failed to allocate 1176176 bytes for Chunk::new
# Possible reasons:
#   The system is out of physical RAM or swap space
#   The process is running with CompressedOops enabled, and the Java Heap may be blocking the growth of the native heap
# Possible solutions:
#   Reduce memory load on the system
#   Increase physical memory or swap space
#   Check if swap backing store is full
#   Decrease Java heap size (-Xmx/-Xms)
#   Decrease number of Java threads
#   Decrease Java thread stack sizes (-Xss)
#   Set larger code cache with -XX:ReservedCodeCacheSize=
#   JVM is running with Unscaled Compressed Oops mode in which the Java heap is
#     placed in the first 4GB address space. The Java Heap base address is the
#     maximum limit for the native heap growth. Please use -XX:HeapBaseMinAddress
#     to set the Java Heap base and to place the Java Heap above 4GB virtual address.
# This output file may be truncated or incomplete.
#
#  Out of Memory Error (./src/hotspot/share/memory/arena.cpp:197), pid=2420, tid=9112
#
# JRE version: OpenJDK Runtime Environment (11.0.8+10) (build 11.0.8+10-b944.6842174)
# Java VM: OpenJDK 64-Bit Server VM (11.0.8+10-b944.6842174, mixed mode, tiered, compressed oops, g1 gc, windows-amd64)
# No core dump will be written. Minidumps are not enabled by default on client versions of Windows
#

---------------  S U M M A R Y ------------

Command Line: --add-opens=java.base/java.util=ALL-UNNAMED --add-opens=java.base/java.lang=ALL-UNNAMED --add-opens=java.base/java.lang.invoke=ALL-UNNAMED --add-opens=java.prefs/java.util.prefs=ALL-UNNAMED -Xmx2048m -Dfile.encoding=UTF-8 -Duser.country=US -Duser.language=en -Duser.variant org.gradle.launcher.daemon.bootstrap.GradleDaemon 6.7.1

Host: Intel(R) Core(TM) i5-7200U CPU @ 2.50GHz, 4 cores, 7G,  Windows 10 , 64 bit Build 18362 (10.0.18362.1110)
Time: Fri May 27 12:06:16 2022 Morocco Daylight Time elapsed time: 366 seconds (0d 0h 6m 6s)

---------------  T H R E A D  ---------------

Current thread (0x00000230e45b7000):  JavaThread "C2 CompilerThread0" daemon [_thread_in_native, id=9112, stack(0x000000ca23d00000,0x000000ca23e00000)]


Current CompileTask:
C2: 366987 13335       4       org.gradle.internal.snapshot.SnapshotHierarchy::getSnapshot (38 bytes)

Stack: [0x000000ca23d00000,0x000000ca23e00000]
Native frames: (J=compiled Java code, j=interpreted, Vv=VM code, C=native code)
V  [jvm.dll+0x5de50a]
V  [jvm.dll+0x7122f5]
V  [jvm.dll+0x71384d]
V  [jvm.dll+0x713f03]
V  [jvm.dll+0x23e728]
V  [jvm.dll+0xb899c]
V  [jvm.dll+0xb8e9c]
V  [jvm.dll+0x2b20e4]
V  [jvm.dll+0x502098]
V  [jvm.dll+0x1f8cde]
V  [jvm.dll+0x1f685f]
V  [jvm.dll+0x17f32c]
V  [jvm.dll+0x205047]
V  [jvm.dll+0x203891]
V  [jvm.dll+0x6dad3f]
V  [jvm.dll+0x6d3895]
V  [jvm.dll+0x5dd4a6]
C  [ucrtbase.dll+0x210b2]
C  [KERNEL32.DLL+0x17c24]
C  [ntdll.dll+0x6d4d1]


---------------  P R O C E S S  ---------------

Threads class SMR info:
_java_thread_list=0x00000230e616ea90, length=136, elements={
0x00000230c8250000, 0x00000230e3c2e800, 0x00000230e3c3a000, 0x00000230e45b4800,
0x00000230e45b5800, 0x00000230e45b7000, 0x00000230e3c5d800, 0x00000230e3c5e800,
0x00000230e4707800, 0x00000230e4741800, 0x00000230e6364800, 0x00000230e4eea000,
0x00000230e5954000, 0x00000230e6225000, 0x00000230e6226000, 0x00000230e6220000,
0x00000230e6223800, 0x00000230e8eca000, 0x00000230e94cb800, 0x00000230eb103000,
0x00000230eb104000, 0x00000230e94c0000, 0x00000230e94c0800, 0x00000230e94c1800,
0x00000230e94be000, 0x00000230e94c2800, 0x00000230e94c3000, 0x00000230e94c4000,
0x00000230e94bf000, 0x00000230e94c8000, 0x00000230e94c6800, 0x00000230e94c5000,
0x00000230e94c9000, 0x00000230e94c9800, 0x00000230e94c5800, 0x00000230e94cc000,
0x00000230e94ca800, 0x00000230e94cd000, 0x00000230e94c7000, 0x00000230eb0f7800,
0x00000230eb0f8800, 0x00000230eb0f9800, 0x00000230eb0fb800, 0x00000230eb0fa000,
0x00000230eb0f6000, 0x00000230eb0fc800, 0x00000230eb0fb000, 0x00000230eb0f7000,
0x00000230eb100000, 0x00000230eb100800, 0x00000230eb0ff000, 0x00000230eb101800,
0x00000230eb0fe000, 0x00000230eb102800, 0x00000230eb104800, 0x00000230e8ec6800,
0x00000230e8ecb800, 0x00000230e8ecc800, 0x00000230e8ecd000, 0x00000230e8ec7800,
0x00000230e8ed3000, 0x00000230e8ece000, 0x00000230e8ed4800, 0x00000230e8ed3800,
0x00000230e8ed0800, 0x00000230e8ecf000, 0x00000230e8ed1800, 0x00000230e8ed2000,
0x00000230e8ed5800, 0x00000230e8ecf800, 0x00000230e6221800, 0x00000230e6226800,
0x00000230e6221000, 0x00000230e6222800, 0x00000230e6224000, 0x00000230eb915800,
0x00000230eb914000, 0x00000230eb914800, 0x00000230eb918000, 0x00000230eb912800,
0x00000230eb916800, 0x00000230eb917000, 0x00000230eb919000, 0x00000230eb913000,
0x00000230eb91c000, 0x00000230eb91d000, 0x00000230eb91a800, 0x00000230eb919800,
0x00000230eb920000, 0x00000230eb91e800, 0x00000230eb91b000, 0x00000230eb921000,
0x00000230eb91d800, 0x00000230eb91f800, 0x00000230e93a1000, 0x00000230e93a2000,
0x00000230e93a3000, 0x00000230e93a3800, 0x00000230e93a6000, 0x00000230e93a8800,
0x00000230e93a9800, 0x00000230e93a7000, 0x00000230e93aa000, 0x00000230e93a4800,
0x00000230e93a5800, 0x00000230e93ab000, 0x00000230e93ac000, 0x00000230e93ac800,
0x00000230e93ad800, 0x00000230e93a8000, 0x00000230e93af000, 0x00000230e93b0000,
0x00000230e93ae800, 0x00000230eba2f800, 0x00000230eba32800, 0x00000230eba36000,
0x00000230eba30000, 0x00000230eba34000, 0x00000230eba33800, 0x00000230eba35000,
0x00000230eba31000, 0x00000230eba32000, 0x00000230e5648000, 0x00000230e5649000,
0x00000230e564a000, 0x00000230e564b800, 0x00000230e564c800, 0x00000230e564a800,
0x00000230e5647800, 0x00000230e564e000, 0x00000230e5650800, 0x00000230e564f800,
0x00000230e5651000, 0x00000230e5653000, 0x00000230e564e800, 0x00000230e5652000
}

Java Threads: ( => current thread )
  0x00000230c8250000 JavaThread "main" [_thread_blocked, id=8640, stack(0x000000ca23200000,0x000000ca23300000)]
  0x00000230e3c2e800 JavaThread "Reference Handler" daemon [_thread_blocked, id=12708, stack(0x000000ca23900000,0x000000ca23a00000)]
  0x00000230e3c3a000 JavaThread "Finalizer" daemon [_thread_blocked, id=4348, stack(0x000000ca23a00000,0x000000ca23b00000)]
  0x00000230e45b4800 JavaThread "Signal Dispatcher" daemon [_thread_blocked, id=12812, stack(0x000000ca23b00000,0x000000ca23c00000)]
  0x00000230e45b5800 JavaThread "Attach Listener" daemon [_thread_blocked, id=11392, stack(0x000000ca23c00000,0x000000ca23d00000)]
=>0x00000230e45b7000 JavaThread "C2 CompilerThread0" daemon [_thread_in_native, id=9112, stack(0x000000ca23d00000,0x000000ca23e00000)]
  0x00000230e3c5d800 JavaThread "C1 CompilerThread0" daemon [_thread_blocked, id=10516, stack(0x000000ca23e00000,0x000000ca23f00000)]
  0x00000230e3c5e800 JavaThread "Sweeper thread" daemon [_thread_blocked, id=12312, stack(0x000000ca23f00000,0x000000ca24000000)]
  0x00000230e4707800 JavaThread "Common-Cleaner" daemon [_thread_blocked, id=10764, stack(0x000000ca24000000,0x000000ca24100000)]
  0x00000230e4741800 JavaThread "Service Thread" daemon [_thread_blocked, id=10320, stack(0x000000ca24100000,0x000000ca24200000)]
  0x00000230e6364800 JavaThread "Daemon health stats" [_thread_blocked, id=6560, stack(0x000000ca24600000,0x000000ca24700000)]
  0x00000230e4eea000 JavaThread "Incoming local TCP Connector on port 55011" [_thread_in_native, id=14036, stack(0x000000ca24800000,0x000000ca24900000)]
  0x00000230e5954000 JavaThread "Daemon periodic checks" [_thread_blocked, id=2512, stack(0x000000ca24900000,0x000000ca24a00000)]
  0x00000230e6225000 JavaThread "Cache worker for file hash cache (C:\Users\hp\.gradle\caches\6.7.1\fileHashes)" [_thread_blocked, id=13460, stack(0x000000ca25200000,0x000000ca25300000)]
  0x00000230e6226000 JavaThread "File lock request listener" [_thread_in_native, id=2348, stack(0x000000ca25300000,0x000000ca25400000)]
  0x00000230e6220000 JavaThread "Cache worker for journal cache (C:\Users\hp\.gradle\caches\journal-1)" [_thread_blocked, id=4812, stack(0x000000ca25400000,0x000000ca25500000)]
  0x00000230e6223800 JavaThread "Cache worker for execution history cache (C:\Users\hp\.gradle\caches\6.7.1\executionHistory)" [_thread_blocked, id=5324, stack(0x000000ca25a00000,0x000000ca25b00000)]
  0x00000230e8eca000 JavaThread "Cache worker for file content cache (C:\Users\hp\.gradle\caches\6.7.1\fileContent)" [_thread_blocked, id=444, stack(0x000000ca25c00000,0x000000ca25d00000)]
  0x00000230e94cb800 JavaThread "Memory manager" [_thread_blocked, id=14296, stack(0x000000ca2c400000,0x000000ca2c500000)]
  0x00000230eb103000 JavaThread "ForkJoinPool.commonPool-worker-1" daemon [_thread_blocked, id=4252, stack(0x000000ca25800000,0x000000ca25900000)]
  0x00000230eb104000 JavaThread "ForkJoinPool.commonPool-worker-5" daemon [_thread_blocked, id=7680, stack(0x000000ca2ce00000,0x000000ca2cf00000)]
  0x00000230e94c0000 JavaThread "Daemon Thread 3" [_thread_blocked, id=8520, stack(0x000000ca24500000,0x000000ca24600000)]
  0x00000230e94c0800 JavaThread "Handler for socket connection from /127.0.0.1:55011 to /127.0.0.1:55418" [_thread_in_native, id=11784, stack(0x000000ca24a00000,0x000000ca24b00000)]
  0x00000230e94c1800 JavaThread "Cancel handler" [_thread_blocked, id=7404, stack(0x000000ca24b00000,0x000000ca24c00000)]
  0x00000230e94be000 JavaThread "Daemon worker Thread 3" [_thread_in_Java, id=9728, stack(0x000000ca24d00000,0x000000ca24e00000)]
  0x00000230e94c2800 JavaThread "Asynchronous log dispatcher for DefaultDaemonConnection: socket connection from /127.0.0.1:55011 to /127.0.0.1:55418" [_thread_blocked, id=12928, stack(0x000000ca24e00000,0x000000ca24f00000)]
  0x00000230e94c3000 JavaThread "Stdin handler" [_thread_blocked, id=3324, stack(0x000000ca24f00000,0x000000ca25000000)]
  0x00000230e94c4000 JavaThread "Thread-260" [_thread_blocked, id=14136, stack(0x000000ca25000000,0x000000ca25100000)]
  0x00000230e94bf000 JavaThread "Cache worker for file hash cache (C:\Users\hp\AndroidStudioProjects\myPharmacy\.gradle\6.7.1\fileHashes)" [_thread_blocked, id=4100, stack(0x000000ca25100000,0x000000ca25200000)]
  0x00000230e94c8000 JavaThread "Cache worker for checksums cache (C:\Users\hp\AndroidStudioProjects\myPharmacy\.gradle\checksums)" [_thread_blocked, id=11976, stack(0x000000ca25500000,0x000000ca25600000)]
  0x00000230e94c6800 JavaThread "Cache worker for cache directory md-supplier (C:\Users\hp\.gradle\caches\6.7.1\md-supplier)" [_thread_blocked, id=5940, stack(0x000000ca25600000,0x000000ca25700000)]
  0x00000230e94c5000 JavaThread "Cache worker for cache directory md-rule (C:\Users\hp\.gradle\caches\6.7.1\md-rule)" [_thread_blocked, id=6940, stack(0x000000ca25700000,0x000000ca25800000)]
  0x00000230e94c9000 JavaThread "Cache worker for Build Output Cleanup Cache (C:\Users\hp\AndroidStudioProjects\myPharmacy\.gradle\buildOutputCleanup)" [_thread_blocked, id=11200, stack(0x000000ca25900000,0x000000ca25a00000)]
  0x00000230e94c9800 JavaThread "Build operations" [_thread_blocked, id=3656, stack(0x000000ca25b00000,0x000000ca25c00000)]
  0x00000230e94c5800 JavaThread "Build operations Thread 2" [_thread_blocked, id=4568, stack(0x000000ca25d00000,0x000000ca25e00000)]
  0x00000230e94cc000 JavaThread "Build operations Thread 3" [_thread_blocked, id=1652, stack(0x000000ca25e00000,0x000000ca25f00000)]
  0x00000230e94ca800 JavaThread "Build operations Thread 4" [_thread_blocked, id=10316, stack(0x000000ca25f00000,0x000000ca26000000)]
  0x00000230e94cd000 JavaThread "jar transforms Thread 199" [_thread_blocked, id=7520, stack(0x000000ca26000000,0x000000ca26100000)]
  0x00000230e94c7000 JavaThread "jar transforms Thread 200" [_thread_blocked, id=5312, stack(0x000000ca26100000,0x000000ca26200000)]
  0x00000230eb0f7800 JavaThread "jar transforms Thread 201" [_thread_blocked, id=2080, stack(0x000000ca26200000,0x000000ca26300000)]
  0x00000230eb0f8800 JavaThread "jar transforms Thread 202" [_thread_blocked, id=12796, stack(0x000000ca26300000,0x000000ca26400000)]
  0x00000230eb0f9800 JavaThread "jar transforms Thread 203" [_thread_blocked, id=7852, stack(0x000000ca26400000,0x000000ca26500000)]
  0x00000230eb0fb800 JavaThread "jar transforms Thread 204" [_thread_blocked, id=436, stack(0x000000ca26500000,0x000000ca26600000)]
  0x00000230eb0fa000 JavaThread "jar transforms Thread 205" [_thread_blocked, id=756, stack(0x000000ca26600000,0x000000ca26700000)]
  0x00000230eb0f6000 JavaThread "jar transforms Thread 206" [_thread_blocked, id=10608, stack(0x000000ca26700000,0x000000ca26800000)]
  0x00000230eb0fc800 JavaThread "jar transforms Thread 207" [_thread_blocked, id=10628, stack(0x000000ca26800000,0x000000ca26900000)]
  0x00000230eb0fb000 JavaThread "jar transforms Thread 208" [_thread_blocked, id=11160, stack(0x000000ca26900000,0x000000ca26a00000)]
  0x00000230eb0f7000 JavaThread "jar transforms Thread 209" [_thread_blocked, id=8576, stack(0x000000ca26a00000,0x000000ca26b00000)]
  0x00000230eb100000 JavaThread "jar transforms Thread 210" [_thread_blocked, id=9788, stack(0x000000ca26b00000,0x000000ca26c00000)]
  0x00000230eb100800 JavaThread "jar transforms Thread 211" [_thread_blocked, id=3288, stack(0x000000ca26c00000,0x000000ca26d00000)]
  0x00000230eb0ff000 JavaThread "jar transforms Thread 212" [_thread_blocked, id=6032, stack(0x000000ca26d00000,0x000000ca26e00000)]
  0x00000230eb101800 JavaThread "jar transforms Thread 213" [_thread_blocked, id=9840, stack(0x000000ca26e00000,0x000000ca26f00000)]
  0x00000230eb0fe000 JavaThread "jar transforms Thread 214" [_thread_blocked, id=5620, stack(0x000000ca26f00000,0x000000ca27000000)]
  0x00000230eb102800 JavaThread "jar transforms Thread 215" [_thread_blocked, id=1948, stack(0x000000ca27000000,0x000000ca27100000)]
  0x00000230eb104800 JavaThread "jar transforms Thread 216" [_thread_blocked, id=484, stack(0x000000ca27100000,0x000000ca27200000)]
  0x00000230e8ec6800 JavaThread "jar transforms Thread 217" [_thread_blocked, id=13704, stack(0x000000ca27200000,0x000000ca27300000)]
  0x00000230e8ecb800 JavaThread "jar transforms Thread 218" [_thread_blocked, id=11412, stack(0x000000ca27300000,0x000000ca27400000)]
  0x00000230e8ecc800 JavaThread "jar transforms Thread 219" [_thread_blocked, id=1308, stack(0x000000ca27400000,0x000000ca27500000)]
  0x00000230e8ecd000 JavaThread "jar transforms Thread 220" [_thread_blocked, id=9376, stack(0x000000ca27500000,0x000000ca27600000)]
  0x00000230e8ec7800 JavaThread "jar transforms Thread 221" [_thread_blocked, id=868, stack(0x000000ca27600000,0x000000ca27700000)]
  0x00000230e8ed3000 JavaThread "jar transforms Thread 222" [_thread_blocked, id=10244, stack(0x000000ca27700000,0x000000ca27800000)]
  0x00000230e8ece000 JavaThread "jar transforms Thread 223" [_thread_blocked, id=7132, stack(0x000000ca27800000,0x000000ca27900000)]
  0x00000230e8ed4800 JavaThread "jar transforms Thread 224" [_thread_blocked, id=9740, stack(0x000000ca27900000,0x000000ca27a00000)]
  0x00000230e8ed3800 JavaThread "jar transforms Thread 225" [_thread_blocked, id=3420, stack(0x000000ca27a00000,0x000000ca27b00000)]
  0x00000230e8ed0800 JavaThread "jar transforms Thread 226" [_thread_blocked, id=592, stack(0x000000ca27b00000,0x000000ca27c00000)]
  0x00000230e8ecf000 JavaThread "jar transforms Thread 227" [_thread_blocked, id=9068, stack(0x000000ca27c00000,0x000000ca27d00000)]
  0x00000230e8ed1800 JavaThread "jar transforms Thread 228" [_thread_blocked, id=12216, stack(0x000000ca27d00000,0x000000ca27e00000)]
  0x00000230e8ed2000 JavaThread "jar transforms Thread 229" [_thread_blocked, id=2312, stack(0x000000ca27e00000,0x000000ca27f00000)]
  0x00000230e8ed5800 JavaThread "jar transforms Thread 230" [_thread_blocked, id=13192, stack(0x000000ca27f00000,0x000000ca28000000)]
  0x00000230e8ecf800 JavaThread "jar transforms Thread 231" [_thread_blocked, id=6828, stack(0x000000ca28000000,0x000000ca28100000)]
  0x00000230e6221800 JavaThread "jar transforms Thread 232" [_thread_blocked, id=7916, stack(0x000000ca28100000,0x000000ca28200000)]
  0x00000230e6226800 JavaThread "jar transforms Thread 233" [_thread_blocked, id=8760, stack(0x000000ca28200000,0x000000ca28300000)]
  0x00000230e6221000 JavaThread "jar transforms Thread 234" [_thread_blocked, id=9532, stack(0x000000ca28300000,0x000000ca28400000)]
  0x00000230e6222800 JavaThread "jar transforms Thread 235" [_thread_blocked, id=12144, stack(0x000000ca28400000,0x000000ca28500000)]
  0x00000230e6224000 JavaThread "jar transforms Thread 236" [_thread_blocked, id=12132, stack(0x000000ca28500000,0x000000ca28600000)]
  0x00000230eb915800 JavaThread "jar transforms Thread 237" [_thread_blocked, id=12824, stack(0x000000ca28600000,0x000000ca28700000)]
  0x00000230eb914000 JavaThread "jar transforms Thread 238" [_thread_blocked, id=3136, stack(0x000000ca28700000,0x000000ca28800000)]
  0x00000230eb914800 JavaThread "jar transforms Thread 239" [_thread_blocked, id=14156, stack(0x000000ca28800000,0x000000ca28900000)]
  0x00000230eb918000 JavaThread "jar transforms Thread 240" [_thread_blocked, id=9584, stack(0x000000ca28900000,0x000000ca28a00000)]
  0x00000230eb912800 JavaThread "jar transforms Thread 241" [_thread_blocked, id=11488, stack(0x000000ca28a00000,0x000000ca28b00000)]
  0x00000230eb916800 JavaThread "jar transforms Thread 242" [_thread_blocked, id=11632, stack(0x000000ca28b00000,0x000000ca28c00000)]
  0x00000230eb917000 JavaThread "jar transforms Thread 243" [_thread_blocked, id=8040, stack(0x000000ca28c00000,0x000000ca28d00000)]
  0x00000230eb919000 JavaThread "jar transforms Thread 244" [_thread_blocked, id=768, stack(0x000000ca28d00000,0x000000ca28e00000)]
  0x00000230eb913000 JavaThread "jar transforms Thread 245" [_thread_blocked, id=3876, stack(0x000000ca28e00000,0x000000ca28f00000)]
  0x00000230eb91c000 JavaThread "jar transforms Thread 246" [_thread_blocked, id=3924, stack(0x000000ca28f00000,0x000000ca29000000)]
  0x00000230eb91d000 JavaThread "jar transforms Thread 247" [_thread_blocked, id=14132, stack(0x000000ca29000000,0x000000ca29100000)]
  0x00000230eb91a800 JavaThread "jar transforms Thread 248" [_thread_blocked, id=10048, stack(0x000000ca29100000,0x000000ca29200000)]
  0x00000230eb919800 JavaThread "jar transforms Thread 249" [_thread_blocked, id=11648, stack(0x000000ca29200000,0x000000ca29300000)]
  0x00000230eb920000 JavaThread "jar transforms Thread 250" [_thread_blocked, id=5996, stack(0x000000ca29300000,0x000000ca29400000)]
  0x00000230eb91e800 JavaThread "jar transforms Thread 251" [_thread_blocked, id=13340, stack(0x000000ca29400000,0x000000ca29500000)]
  0x00000230eb91b000 JavaThread "jar transforms Thread 252" [_thread_blocked, id=2960, stack(0x000000ca29500000,0x000000ca29600000)]
  0x00000230eb921000 JavaThread "jar transforms Thread 253" [_thread_blocked, id=12112, stack(0x000000ca29600000,0x000000ca29700000)]
  0x00000230eb91d800 JavaThread "jar transforms Thread 254" [_thread_blocked, id=8704, stack(0x000000ca29700000,0x000000ca29800000)]
  0x00000230eb91f800 JavaThread "jar transforms Thread 255" [_thread_blocked, id=3712, stack(0x000000ca29800000,0x000000ca29900000)]
  0x00000230e93a1000 JavaThread "jar transforms Thread 256" [_thread_blocked, id=7776, stack(0x000000ca29900000,0x000000ca29a00000)]
  0x00000230e93a2000 JavaThread "jar transforms Thread 257" [_thread_blocked, id=13828, stack(0x000000ca29a00000,0x000000ca29b00000)]
  0x00000230e93a3000 JavaThread "jar transforms Thread 258" [_thread_blocked, id=12452, stack(0x000000ca29b00000,0x000000ca29c00000)]
  0x00000230e93a3800 JavaThread "jar transforms Thread 259" [_thread_blocked, id=5864, stack(0x000000ca29c00000,0x000000ca29d00000)]
  0x00000230e93a6000 JavaThread "jar transforms Thread 260" [_thread_blocked, id=13532, stack(0x000000ca29d00000,0x000000ca29e00000)]
  0x00000230e93a8800 JavaThread "jar transforms Thread 261" [_thread_blocked, id=9776, stack(0x000000ca29e00000,0x000000ca29f00000)]
  0x00000230e93a9800 JavaThread "jar transforms Thread 262" [_thread_blocked, id=940, stack(0x000000ca29f00000,0x000000ca2a000000)]
  0x00000230e93a7000 JavaThread "jar transforms Thread 263" [_thread_blocked, id=6096, stack(0x000000ca2a000000,0x000000ca2a100000)]
  0x00000230e93aa000 JavaThread "jar transforms Thread 264" [_thread_blocked, id=10428, stack(0x000000ca2a100000,0x000000ca2a200000)]
  0x00000230e93a4800 JavaThread "jar transforms Thread 265" [_thread_blocked, id=14192, stack(0x000000ca2a200000,0x000000ca2a300000)]
  0x00000230e93a5800 JavaThread "jar transforms Thread 266" [_thread_blocked, id=12692, stack(0x000000ca2a300000,0x000000ca2a400000)]
  0x00000230e93ab000 JavaThread "jar transforms Thread 267" [_thread_blocked, id=5016, stack(0x000000ca2a400000,0x000000ca2a500000)]
  0x00000230e93ac000 JavaThread "jar transforms Thread 268" [_thread_blocked, id=12680, stack(0x000000ca2a500000,0x000000ca2a600000)]
  0x00000230e93ac800 JavaThread "jar transforms Thread 269" [_thread_blocked, id=3168, stack(0x000000ca2a600000,0x000000ca2a700000)]
  0x00000230e93ad800 JavaThread "jar transforms Thread 270" [_thread_blocked, id=11512, stack(0x000000ca2a700000,0x000000ca2a800000)]
  0x00000230e93a8000 JavaThread "jar transforms Thread 271" [_thread_blocked, id=11276, stack(0x000000ca2a800000,0x000000ca2a900000)]
  0x00000230e93af000 JavaThread "jar transforms Thread 272" [_thread_blocked, id=11076, stack(0x000000ca2a900000,0x000000ca2aa00000)]
  0x00000230e93b0000 JavaThread "jar transforms Thread 273" [_thread_blocked, id=5516, stack(0x000000ca2aa00000,0x000000ca2ab00000)]
  0x00000230e93ae800 JavaThread "jar transforms Thread 274" [_thread_blocked, id=3880, stack(0x000000ca2ab00000,0x000000ca2ac00000)]
  0x00000230eba2f800 JavaThread "jar transforms Thread 275" [_thread_blocked, id=4480, stack(0x000000ca2ac00000,0x000000ca2ad00000)]
  0x00000230eba32800 JavaThread "jar transforms Thread 276" [_thread_blocked, id=8740, stack(0x000000ca2ad00000,0x000000ca2ae00000)]
  0x00000230eba36000 JavaThread "jar transforms Thread 277" [_thread_blocked, id=3028, stack(0x000000ca2ae00000,0x000000ca2af00000)]
  0x00000230eba30000 JavaThread "jar transforms Thread 278" [_thread_blocked, id=5968, stack(0x000000ca2af00000,0x000000ca2b000000)]
  0x00000230eba34000 JavaThread "jar transforms Thread 279" [_thread_blocked, id=14148, stack(0x000000ca2b000000,0x000000ca2b100000)]
  0x00000230eba33800 JavaThread "jar transforms Thread 280" [_thread_blocked, id=13988, stack(0x000000ca2b100000,0x000000ca2b200000)]
  0x00000230eba35000 JavaThread "jar transforms Thread 281" [_thread_blocked, id=14160, stack(0x000000ca2b200000,0x000000ca2b300000)]
  0x00000230eba31000 JavaThread "jar transforms Thread 282" [_thread_blocked, id=9252, stack(0x000000ca2b300000,0x000000ca2b400000)]
  0x00000230eba32000 JavaThread "jar transforms Thread 283" [_thread_blocked, id=13024, stack(0x000000ca2b400000,0x000000ca2b500000)]
  0x00000230e5648000 JavaThread "jar transforms Thread 284" [_thread_blocked, id=12188, stack(0x000000ca2b500000,0x000000ca2b600000)]
  0x00000230e5649000 JavaThread "jar transforms Thread 285" [_thread_blocked, id=11596, stack(0x000000ca2b600000,0x000000ca2b700000)]
  0x00000230e564a000 JavaThread "jar transforms Thread 286" [_thread_blocked, id=11744, stack(0x000000ca2b700000,0x000000ca2b800000)]
  0x00000230e564b800 JavaThread "jar transforms Thread 287" [_thread_blocked, id=1648, stack(0x000000ca2b800000,0x000000ca2b900000)]
  0x00000230e564c800 JavaThread "jar transforms Thread 288" [_thread_blocked, id=11020, stack(0x000000ca2b900000,0x000000ca2ba00000)]
  0x00000230e564a800 JavaThread "jar transforms Thread 289" [_thread_blocked, id=9440, stack(0x000000ca2ba00000,0x000000ca2bb00000)]
  0x00000230e5647800 JavaThread "jar transforms Thread 290" [_thread_blocked, id=13900, stack(0x000000ca2bb00000,0x000000ca2bc00000)]
  0x00000230e564e000 JavaThread "jar transforms Thread 291" [_thread_blocked, id=2520, stack(0x000000ca2bc00000,0x000000ca2bd00000)]
  0x00000230e5650800 JavaThread "jar transforms Thread 292" [_thread_blocked, id=8068, stack(0x000000ca2bd00000,0x000000ca2be00000)]
  0x00000230e564f800 JavaThread "jar transforms Thread 293" [_thread_blocked, id=8032, stack(0x000000ca2be00000,0x000000ca2bf00000)]
  0x00000230e5651000 JavaThread "jar transforms Thread 294" [_thread_blocked, id=6424, stack(0x000000ca2bf00000,0x000000ca2c000000)]
  0x00000230e5653000 JavaThread "jar transforms Thread 295" [_thread_blocked, id=4120, stack(0x000000ca2c000000,0x000000ca2c100000)]
  0x00000230e564e800 JavaThread "jar transforms Thread 296" [_thread_blocked, id=4576, stack(0x000000ca2c100000,0x000000ca2c200000)]
  0x00000230e5652000 JavaThread "jar transforms Thread 297" [_thread_blocked, id=1740, stack(0x000000ca2c200000,0x000000ca2c300000)]

Other Threads:
  0x00000230e3c2a800 VMThread "VM Thread" [stack: 0x000000ca23800000,0x000000ca23900000] [id=3260]
  0x00000230e4742000 WatcherThread [stack: 0x000000ca24200000,0x000000ca24300000] [id=10712]
  0x00000230c826b800 GCTaskThread "GC Thread#0" [stack: 0x000000ca23300000,0x000000ca23400000] [id=7648]
  0x00000230e4999800 GCTaskThread "GC Thread#1" [stack: 0x000000ca24300000,0x000000ca24400000] [id=10852]
  0x00000230e4b33800 GCTaskThread "GC Thread#2" [stack: 0x000000ca24400000,0x000000ca24500000] [id=10988]
  0x00000230e59c4000 GCTaskThread "GC Thread#3" [stack: 0x000000ca24c00000,0x000000ca24d00000] [id=11316]
  0x00000230c829c800 ConcurrentGCThread "G1 Main Marker" [stack: 0x000000ca23400000,0x000000ca23500000] [id=8628]
  0x00000230c829f000 ConcurrentGCThread "G1 Conc#0" [stack: 0x000000ca23500000,0x000000ca23600000] [id=9144]
  0x00000230c831e800 ConcurrentGCThread "G1 Refine#0" [stack: 0x000000ca23600000,0x000000ca23700000] [id=104]
  0x00000230e6cc2000 ConcurrentGCThread "G1 Refine#1" [stack: 0x000000ca24700000,0x000000ca24800000] [id=9008]
  0x00000230e3a74800 ConcurrentGCThread "G1 Young RemSet Sampling" [stack: 0x000000ca23700000,0x000000ca23800000] [id=10836]

Threads with active compile tasks:
C2 CompilerThread0 367052 13335       4       org.gradle.internal.snapshot.SnapshotHierarchy::getSnapshot (38 bytes)
C1 CompilerThread0 367052 13522   !   2       jdk.xml.internal.SecuritySupport::readJAXPProperty (147 bytes)

VM state:not at safepoint (normal execution)

VM Mutex/Monitor currently owned by a thread: None

Heap address: 0x0000000080000000, size: 2048 MB, Compressed Oops mode: 32-bit
Narrow klass base: 0x0000000000000000, Narrow klass shift: 3
Compressed class space size: 1073741824 Address: 0x0000000100000000

Heap:
 garbage-first heap   total 227328K, used 149023K [0x0000000080000000, 0x0000000100000000)
  region size 1024K, 39 young (39936K), 6 survivors (6144K)
 Metaspace       used 89469K, capacity 91576K, committed 91852K, reserved 1128448K
  class space    used 11193K, capacity 11943K, committed 11980K, reserved 1048576K
Heap Regions: E=young(eden), S=young(survivor), O=old, HS=humongous(starts), HC=humongous(continues), CS=collection set, F=free, A=archive, TAMS=top-at-mark-start (previous, next)
|   0|0x0000000080000000, 0x0000000080100000, 0x0000000080100000|100%| O|  |TAMS 0x0000000080100000, 0x0000000080000000| Untracked 
|   1|0x0000000080100000, 0x0000000080200000, 0x0000000080200000|100%| O|  |TAMS 0x0000000080200000, 0x0000000080100000| Untracked 
|   2|0x0000000080200000, 0x0000000080300000, 0x0000000080300000|100%| O|  |TAMS 0x0000000080300000, 0x0000000080200000| Untracked 
|   3|0x0000000080300000, 0x0000000080400000, 0x0000000080400000|100%|HS|  |TAMS 0x0000000080400000, 0x0000000080300000| Complete 
|   4|0x0000000080400000, 0x0000000080500000, 0x0000000080500000|100%|HC|  |TAMS 0x0000000080500000, 0x0000000080400000| Complete 
|   5|0x0000000080500000, 0x0000000080600000, 0x0000000080600000|100%|HC|  |TAMS 0x0000000080600000, 0x0000000080500000| Complete 
|   6|0x0000000080600000, 0x0000000080700000, 0x0000000080700000|100%| O|  |TAMS 0x0000000080700000, 0x0000000080600000| Untracked 
|   7|0x0000000080700000, 0x0000000080800000, 0x0000000080800000|100%| O|  |TAMS 0x0000000080800000, 0x0000000080700000| Untracked 
|   8|0x0000000080800000, 0x0000000080900000, 0x0000000080900000|100%| O|  |TAMS 0x0000000080900000, 0x0000000080800000| Untracked 
|   9|0x0000000080900000, 0x0000000080a00000, 0x0000000080a00000|100%| O|  |TAMS 0x0000000080a00000, 0x0000000080900000| Untracked 
|  10|0x0000000080a00000, 0x0000000080b00000, 0x0000000080b00000|100%| O|  |TAMS 0x0000000080b00000, 0x0000000080a00000| Untracked 
|  11|0x0000000080b00000, 0x0000000080c00000, 0x0000000080c00000|100%| O|  |TAMS 0x0000000080c00000, 0x0000000080b00000| Untracked 
|  12|0x0000000080c00000, 0x0000000080d00000, 0x0000000080d00000|100%| O|  |TAMS 0x0000000080d00000, 0x0000000080c00000| Complete 
|  13|0x0000000080d00000, 0x0000000080e00000, 0x0000000080e00000|100%| O|  |TAMS 0x0000000080e00000, 0x0000000080d00000| Untracked 
|  14|0x0000000080e00000, 0x0000000080f00000, 0x0000000080f00000|100%| O|  |TAMS 0x0000000080f00000, 0x0000000080e00000| Complete 
|  15|0x0000000080f00000, 0x0000000081000000, 0x0000000081000000|100%|HS|  |TAMS 0x0000000081000000, 0x0000000080f00000| Complete 
|  16|0x0000000081000000, 0x0000000081100000, 0x0000000081100000|100%|HS|  |TAMS 0x0000000081100000, 0x0000000081000000| Complete 
|  17|0x0000000081100000, 0x0000000081200000, 0x0000000081200000|100%|HC|  |TAMS 0x0000000081200000, 0x0000000081100000| Complete 
|  18|0x0000000081200000, 0x0000000081300000, 0x0000000081300000|100%| O|  |TAMS 0x0000000081300000, 0x0000000081200000| Untracked 
|  19|0x0000000081300000, 0x0000000081400000, 0x0000000081400000|100%| O|  |TAMS 0x0000000081400000, 0x0000000081300000| Untracked 
|  20|0x0000000081400000, 0x0000000081500000, 0x0000000081500000|100%| O|  |TAMS 0x0000000081500000, 0x0000000081400000| Untracked 
|  21|0x0000000081500000, 0x0000000081600000, 0x0000000081600000|100%| O|  |TAMS 0x0000000081600000, 0x0000000081500000| Complete 
|  22|0x0000000081600000, 0x0000000081700000, 0x0000000081700000|100%| O|  |TAMS 0x0000000081700000, 0x0000000081600000| Untracked 
|  23|0x0000000081700000, 0x0000000081800000, 0x0000000081800000|100%| O|  |TAMS 0x0000000081800000, 0x0000000081700000| Untracked 
|  24|0x0000000081800000, 0x0000000081900000, 0x0000000081900000|100%| O|  |TAMS 0x0000000081900000, 0x0000000081800000| Untracked 
|  25|0x0000000081900000, 0x0000000081a00000, 0x0000000081a00000|100%| O|  |TAMS 0x0000000081a00000, 0x0000000081900000| Complete 
|  26|0x0000000081a00000, 0x0000000081b00000, 0x0000000081b00000|100%| O|  |TAMS 0x0000000081b00000, 0x0000000081a00000| Complete 
|  27|0x0000000081b00000, 0x0000000081c00000, 0x0000000081c00000|100%| O|  |TAMS 0x0000000081c00000, 0x0000000081b00000| Untracked 
|  28|0x0000000081c00000, 0x0000000081d00000, 0x0000000081d00000|100%| O|  |TAMS 0x0000000081d00000, 0x0000000081c00000| Untracked 
|  29|0x0000000081d00000, 0x0000000081e00000, 0x0000000081e00000|100%| O|  |TAMS 0x0000000081e00000, 0x0000000081d00000| Untracked 
|  30|0x0000000081e00000, 0x0000000081f00000, 0x0000000081f00000|100%| O|  |TAMS 0x0000000081f00000, 0x0000000081e00000| Untracked 
|  31|0x0000000081f00000, 0x0000000082000000, 0x0000000082000000|100%| O|  |TAMS 0x0000000082000000, 0x0000000081f00000| Untracked 
|  32|0x0000000082000000, 0x0000000082100000, 0x0000000082100000|100%| O|  |TAMS 0x0000000082100000, 0x0000000082000000| Complete 
|  33|0x0000000082100000, 0x0000000082200000, 0x0000000082200000|100%| O|  |TAMS 0x0000000082200000, 0x0000000082100000| Complete 
|  34|0x0000000082200000, 0x0000000082300000, 0x0000000082300000|100%| O|  |TAMS 0x0000000082300000, 0x0000000082200000| Untracked 
|  35|0x0000000082300000, 0x0000000082400000, 0x0000000082400000|100%| O|  |TAMS 0x0000000082400000, 0x0000000082300000| Complete 
|  36|0x0000000082400000, 0x0000000082500000, 0x0000000082500000|100%| O|  |TAMS 0x0000000082500000, 0x0000000082400000| Complete 
|  37|0x0000000082500000, 0x0000000082600000, 0x0000000082600000|100%| O|  |TAMS 0x0000000082600000, 0x0000000082500000| Untracked 
|  38|0x0000000082600000, 0x0000000082700000, 0x0000000082700000|100%| O|  |TAMS 0x0000000082700000, 0x0000000082600000| Untracked 
|  39|0x0000000082700000, 0x0000000082800000, 0x0000000082800000|100%| O|  |TAMS 0x0000000082800000, 0x0000000082700000| Complete 
|  40|0x0000000082800000, 0x0000000082900000, 0x0000000082900000|100%| O|  |TAMS 0x0000000082900000, 0x0000000082800000| Untracked 
|  41|0x0000000082900000, 0x0000000082a00000, 0x0000000082a00000|100%| O|  |TAMS 0x0000000082a00000, 0x0000000082900000| Complete 
|  42|0x0000000082a00000, 0x0000000082b00000, 0x0000000082b00000|100%| O|  |TAMS 0x0000000082b00000, 0x0000000082a00000| Complete 
|  43|0x0000000082b00000, 0x0000000082c00000, 0x0000000082c00000|100%| O|  |TAMS 0x0000000082c00000, 0x0000000082b00000| Complete 
|  44|0x0000000082c00000, 0x0000000082d00000, 0x0000000082d00000|100%| O|  |TAMS 0x0000000082d00000, 0x0000000082c00000| Complete 
|  45|0x0000000082d00000, 0x0000000082e00000, 0x0000000082e00000|100%| O|  |TAMS 0x0000000082e00000, 0x0000000082d00000| Untracked 
|  46|0x0000000082e00000, 0x0000000082f00000, 0x0000000082f00000|100%| O|  |TAMS 0x0000000082f00000, 0x0000000082e00000| Untracked 
|  47|0x0000000082f00000, 0x0000000083000000, 0x0000000083000000|100%| O|  |TAMS 0x0000000083000000, 0x0000000082f00000| Complete 
|  48|0x0000000083000000, 0x0000000083100000, 0x0000000083100000|100%| O|  |TAMS 0x0000000083100000, 0x0000000083000000| Untracked 
|  49|0x0000000083100000, 0x0000000083200000, 0x0000000083200000|100%| O|  |TAMS 0x0000000083200000, 0x0000000083100000| Untracked 
|  50|0x0000000083200000, 0x0000000083300000, 0x0000000083300000|100%| O|  |TAMS 0x0000000083300000, 0x0000000083200000| Complete 
|  51|0x0000000083300000, 0x0000000083400000, 0x0000000083400000|100%| O|  |TAMS 0x0000000083400000, 0x0000000083300000| Complete 
|  52|0x0000000083400000, 0x0000000083500000, 0x0000000083500000|100%| O|  |TAMS 0x0000000083500000, 0x0000000083400000| Untracked 
|  53|0x0000000083500000, 0x0000000083600000, 0x0000000083600000|100%| O|  |TAMS 0x0000000083600000, 0x0000000083500000| Complete 
|  54|0x0000000083600000, 0x0000000083700000, 0x0000000083700000|100%| O|  |TAMS 0x0000000083700000, 0x0000000083600000| Complete 
|  55|0x0000000083700000, 0x0000000083800000, 0x0000000083800000|100%| O|  |TAMS 0x0000000083800000, 0x0000000083700000| Complete 
|  56|0x0000000083800000, 0x0000000083900000, 0x0000000083900000|100%| O|  |TAMS 0x0000000083900000, 0x0000000083800000| Complete 
|  57|0x0000000083900000, 0x0000000083a00000, 0x0000000083a00000|100%| O|  |TAMS 0x0000000083a00000, 0x0000000083900000| Complete 
|  58|0x0000000083a00000, 0x0000000083b00000, 0x0000000083b00000|100%| O|  |TAMS 0x0000000083b00000, 0x0000000083a00000| Complete 
|  59|0x0000000083b00000, 0x0000000083c00000, 0x0000000083c00000|100%| O|  |TAMS 0x0000000083c00000, 0x0000000083b00000| Complete 
|  60|0x0000000083c00000, 0x0000000083d00000, 0x0000000083d00000|100%| O|  |TAMS 0x0000000083d00000, 0x0000000083c00000| Complete 
|  61|0x0000000083d00000, 0x0000000083e00000, 0x0000000083e00000|100%| O|  |TAMS 0x0000000083e00000, 0x0000000083d00000| Untracked 
|  62|0x0000000083e00000, 0x0000000083f00000, 0x0000000083f00000|100%| O|  |TAMS 0x0000000083f00000, 0x0000000083e00000| Complete 
|  63|0x0000000083f00000, 0x0000000084000000, 0x0000000084000000|100%| O|  |TAMS 0x0000000084000000, 0x0000000083f00000| Complete 
|  64|0x0000000084000000, 0x0000000084100000, 0x0000000084100000|100%| O|  |TAMS 0x0000000084100000, 0x0000000084000000| Complete 
|  65|0x0000000084100000, 0x0000000084200000, 0x0000000084200000|100%| O|  |TAMS 0x0000000084200000, 0x0000000084100000| Complete 
|  66|0x0000000084200000, 0x0000000084300000, 0x0000000084300000|100%| O|  |TAMS 0x0000000084300000, 0x0000000084200000| Complete 
|  67|0x0000000084300000, 0x0000000084400000, 0x0000000084400000|100%| O|  |TAMS 0x0000000084400000, 0x0000000084300000| Complete 
|  68|0x0000000084400000, 0x0000000084500000, 0x0000000084500000|100%| O|  |TAMS 0x0000000084500000, 0x0000000084400000| Complete 
|  69|0x0000000084500000, 0x0000000084600000, 0x0000000084600000|100%| O|  |TAMS 0x0000000084600000, 0x0000000084500000| Complete 
|  70|0x0000000084600000, 0x0000000084700000, 0x0000000084700000|100%| O|  |TAMS 0x0000000084700000, 0x0000000084600000| Complete 
|  71|0x0000000084700000, 0x0000000084800000, 0x0000000084800000|100%| O|  |TAMS 0x0000000084800000, 0x0000000084700000| Untracked 
|  72|0x0000000084800000, 0x0000000084900000, 0x0000000084900000|100%| O|  |TAMS 0x0000000084900000, 0x0000000084800000| Complete 
|  73|0x0000000084900000, 0x0000000084a00000, 0x0000000084a00000|100%| O|  |TAMS 0x0000000084a00000, 0x0000000084900000| Complete 
|  74|0x0000000084a00000, 0x0000000084b00000, 0x0000000084b00000|100%| O|  |TAMS 0x0000000084b00000, 0x0000000084a00000| Complete 
|  75|0x0000000084b00000, 0x0000000084c00000, 0x0000000084c00000|100%| O|  |TAMS 0x0000000084c00000, 0x0000000084b00000| Complete 
|  76|0x0000000084c00000, 0x0000000084d00000, 0x0000000084d00000|100%| O|  |TAMS 0x0000000084d00000, 0x0000000084c00000| Complete 
|  77|0x0000000084d00000, 0x0000000084e00000, 0x0000000084e00000|100%| O|  |TAMS 0x0000000084e00000, 0x0000000084d00000| Complete 
|  78|0x0000000084e00000, 0x0000000084f00000, 0x0000000084f00000|100%| O|  |TAMS 0x0000000084f00000, 0x0000000084e00000| Untracked 
|  79|0x0000000084f00000, 0x0000000085000000, 0x0000000085000000|100%| O|  |TAMS 0x0000000085000000, 0x0000000084f00000| Complete 
|  80|0x0000000085000000, 0x0000000085100000, 0x0000000085100000|100%| O|  |TAMS 0x0000000085100000, 0x0000000085000000| Untracked 
|  81|0x0000000085100000, 0x0000000085200000, 0x0000000085200000|100%| O|  |TAMS 0x0000000085200000, 0x0000000085100000| Untracked 
|  82|0x0000000085200000, 0x0000000085300000, 0x0000000085300000|100%| O|  |TAMS 0x0000000085300000, 0x0000000085200000| Untracked 
|  83|0x0000000085300000, 0x0000000085400000, 0x0000000085400000|100%| O|  |TAMS 0x0000000085400000, 0x0000000085300000| Untracked 
|  84|0x0000000085400000, 0x0000000085500000, 0x0000000085500000|100%| O|  |TAMS 0x0000000085500000, 0x0000000085400000| Untracked 
|  85|0x0000000085500000, 0x0000000085600000, 0x0000000085600000|100%|HS|  |TAMS 0x0000000085500000, 0x0000000085500000| Complete 
|  86|0x0000000085600000, 0x0000000085700000, 0x0000000085700000|100%|HC|  |TAMS 0x0000000085600000, 0x0000000085600000| Complete 
|  87|0x0000000085700000, 0x0000000085800000, 0x0000000085800000|100%| O|  |TAMS 0x0000000085800000, 0x0000000085700000| Untracked 
|  88|0x0000000085800000, 0x0000000085900000, 0x0000000085900000|100%|HS|  |TAMS 0x0000000085900000, 0x0000000085800000| Complete 
|  89|0x0000000085900000, 0x0000000085a00000, 0x0000000085a00000|100%|HC|  |TAMS 0x0000000085a00000, 0x0000000085900000| Complete 
|  90|0x0000000085a00000, 0x0000000085b00000, 0x0000000085b00000|100%|HS|  |TAMS 0x0000000085b00000, 0x0000000085a00000| Complete 
|  91|0x0000000085b00000, 0x0000000085c00000, 0x0000000085c00000|100%|HC|  |TAMS 0x0000000085c00000, 0x0000000085b00000| Complete 
|  92|0x0000000085c00000, 0x0000000085d00000, 0x0000000085d00000|100%|HS|  |TAMS 0x0000000085d00000, 0x0000000085c00000| Complete 
|  93|0x0000000085d00000, 0x0000000085e00000, 0x0000000085e00000|100%|HC|  |TAMS 0x0000000085e00000, 0x0000000085d00000| Complete 
|  94|0x0000000085e00000, 0x0000000085f00000, 0x0000000085f00000|100%| O|  |TAMS 0x0000000085f00000, 0x0000000085e00000| Untracked 
|  95|0x0000000085f00000, 0x0000000085fe7a00, 0x0000000086000000| 90%| O|  |TAMS 0x0000000085fe7a00, 0x0000000085f00000| Untracked 
|  96|0x0000000086000000, 0x0000000086100000, 0x0000000086100000|100%|HS|  |TAMS 0x0000000086000000, 0x0000000086000000| Complete 
|  97|0x0000000086100000, 0x0000000086200000, 0x0000000086200000|100%|HC|  |TAMS 0x0000000086100000, 0x0000000086100000| Complete 
|  98|0x0000000086200000, 0x0000000086200000, 0x0000000086300000|  0%| F|  |TAMS 0x0000000086200000, 0x0000000086200000| Untracked 
|  99|0x0000000086300000, 0x0000000086400000, 0x0000000086400000|100%| O|  |TAMS 0x0000000086400000, 0x0000000086300000| Complete 
| 100|0x0000000086400000, 0x0000000086500000, 0x0000000086500000|100%| O|  |TAMS 0x0000000086500000, 0x0000000086400000| Untracked 
| 101|0x0000000086500000, 0x0000000086600000, 0x0000000086600000|100%| O|  |TAMS 0x0000000086600000, 0x0000000086500000| Untracked 
| 102|0x0000000086600000, 0x0000000086700000, 0x0000000086700000|100%| O|  |TAMS 0x0000000086700000, 0x0000000086600000| Untracked 
| 103|0x0000000086700000, 0x0000000086700000, 0x0000000086800000|  0%| F|  |TAMS 0x0000000086700000, 0x0000000086700000| Untracked 
| 104|0x0000000086800000, 0x0000000086900000, 0x0000000086900000|100%| O|  |TAMS 0x0000000086900000, 0x0000000086800000| Untracked 
| 105|0x0000000086900000, 0x0000000086a00000, 0x0000000086a00000|100%| O|  |TAMS 0x0000000086a00000, 0x0000000086900000| Complete 
| 106|0x0000000086a00000, 0x0000000086b00000, 0x0000000086b00000|100%|HS|  |TAMS 0x0000000086a00000, 0x0000000086a00000| Complete 
| 107|0x0000000086b00000, 0x0000000086c00000, 0x0000000086c00000|100%|HC|  |TAMS 0x0000000086b00000, 0x0000000086b00000| Complete 
| 108|0x0000000086c00000, 0x0000000086d00000, 0x0000000086d00000|100%|HS|  |TAMS 0x0000000086c00000, 0x0000000086c00000| Complete 
| 109|0x0000000086d00000, 0x0000000086e00000, 0x0000000086e00000|100%|HC|  |TAMS 0x0000000086d00000, 0x0000000086d00000| Complete 
| 110|0x0000000086e00000, 0x0000000086e00000, 0x0000000086f00000|  0%| F|  |TAMS 0x0000000086e00000, 0x0000000086e00000| Untracked 
| 111|0x0000000086f00000, 0x0000000086f00000, 0x0000000087000000|  0%| F|  |TAMS 0x0000000086f00000, 0x0000000086f00000| Untracked 
| 112|0x0000000087000000, 0x0000000087000000, 0x0000000087100000|  0%| F|  |TAMS 0x0000000087000000, 0x0000000087000000| Untracked 
| 113|0x0000000087100000, 0x0000000087100000, 0x0000000087200000|  0%| F|  |TAMS 0x0000000087100000, 0x0000000087100000| Untracked 
| 114|0x0000000087200000, 0x0000000087200000, 0x0000000087300000|  0%| F|  |TAMS 0x0000000087200000, 0x0000000087200000| Untracked 
| 115|0x0000000087300000, 0x0000000087300000, 0x0000000087400000|  0%| F|  |TAMS 0x0000000087300000, 0x0000000087300000| Untracked 
| 116|0x0000000087400000, 0x0000000087400000, 0x0000000087500000|  0%| F|  |TAMS 0x0000000087400000, 0x0000000087400000| Untracked 
| 117|0x0000000087500000, 0x0000000087500000, 0x0000000087600000|  0%| F|  |TAMS 0x0000000087500000, 0x0000000087500000| Untracked 
| 118|0x0000000087600000, 0x0000000087600000, 0x0000000087700000|  0%| F|  |TAMS 0x0000000087600000, 0x0000000087600000| Untracked 
| 119|0x0000000087700000, 0x0000000087700000, 0x0000000087800000|  0%| F|  |TAMS 0x0000000087700000, 0x0000000087700000| Untracked 
| 120|0x0000000087800000, 0x0000000087800000, 0x0000000087900000|  0%| F|  |TAMS 0x0000000087800000, 0x0000000087800000| Untracked 
| 121|0x0000000087900000, 0x0000000087900000, 0x0000000087a00000|  0%| F|  |TAMS 0x0000000087900000, 0x0000000087900000| Untracked 
| 122|0x0000000087a00000, 0x0000000087a00000, 0x0000000087b00000|  0%| F|  |TAMS 0x0000000087a00000, 0x0000000087a00000| Untracked 
| 123|0x0000000087b00000, 0x0000000087b00000, 0x0000000087c00000|  0%| F|  |TAMS 0x0000000087b00000, 0x0000000087b00000| Untracked 
| 124|0x0000000087c00000, 0x0000000087c00000, 0x0000000087d00000|  0%| F|  |TAMS 0x0000000087c00000, 0x0000000087c00000| Untracked 
| 125|0x0000000087d00000, 0x0000000087d00000, 0x0000000087e00000|  0%| F|  |TAMS 0x0000000087d00000, 0x0000000087d00000| Untracked 
| 126|0x0000000087e00000, 0x0000000087e00000, 0x0000000087f00000|  0%| F|  |TAMS 0x0000000087e00000, 0x0000000087e00000| Untracked 
| 127|0x0000000087f00000, 0x0000000087f00000, 0x0000000088000000|  0%| F|  |TAMS 0x0000000087f00000, 0x0000000087f00000| Untracked 
| 128|0x0000000088000000, 0x0000000088000000, 0x0000000088100000|  0%| F|  |TAMS 0x0000000088000000, 0x0000000088000000| Untracked 
| 129|0x0000000088100000, 0x0000000088100000, 0x0000000088200000|  0%| F|  |TAMS 0x0000000088100000, 0x0000000088100000| Untracked 
| 130|0x0000000088200000, 0x0000000088200000, 0x0000000088300000|  0%| F|  |TAMS 0x0000000088200000, 0x0000000088200000| Untracked 
| 131|0x0000000088300000, 0x0000000088300000, 0x0000000088400000|  0%| F|  |TAMS 0x0000000088300000, 0x0000000088300000| Untracked 
| 132|0x0000000088400000, 0x0000000088400000, 0x0000000088500000|  0%| F|  |TAMS 0x0000000088400000, 0x0000000088400000| Untracked 
| 133|0x0000000088500000, 0x0000000088500000, 0x0000000088600000|  0%| F|  |TAMS 0x0000000088500000, 0x0000000088500000| Untracked 
| 134|0x0000000088600000, 0x0000000088600000, 0x0000000088700000|  0%| F|  |TAMS 0x0000000088600000, 0x0000000088600000| Untracked 
| 135|0x0000000088700000, 0x0000000088700000, 0x0000000088800000|  0%| F|  |TAMS 0x0000000088700000, 0x0000000088700000| Untracked 
| 136|0x0000000088800000, 0x0000000088800000, 0x0000000088900000|  0%| F|  |TAMS 0x0000000088800000, 0x0000000088800000| Untracked 
| 137|0x0000000088900000, 0x0000000088900000, 0x0000000088a00000|  0%| F|  |TAMS 0x0000000088900000, 0x0000000088900000| Untracked 
| 138|0x0000000088a00000, 0x0000000088a00000, 0x0000000088b00000|  0%| F|  |TAMS 0x0000000088a00000, 0x0000000088a00000| Untracked 
| 139|0x0000000088b00000, 0x0000000088b00000, 0x0000000088c00000|  0%| F|  |TAMS 0x0000000088b00000, 0x0000000088b00000| Untracked 
| 140|0x0000000088c00000, 0x0000000088c00000, 0x0000000088d00000|  0%| F|  |TAMS 0x0000000088c00000, 0x0000000088c00000| Untracked 
| 141|0x0000000088d00000, 0x0000000088d00000, 0x0000000088e00000|  0%| F|  |TAMS 0x0000000088d00000, 0x0000000088d00000| Untracked 
| 142|0x0000000088e00000, 0x0000000088e00000, 0x0000000088f00000|  0%| F|  |TAMS 0x0000000088e00000, 0x0000000088e00000| Untracked 
| 143|0x0000000088f00000, 0x0000000088f00000, 0x0000000089000000|  0%| F|  |TAMS 0x0000000088f00000, 0x0000000088f00000| Untracked 
| 144|0x0000000089000000, 0x0000000089000000, 0x0000000089100000|  0%| F|  |TAMS 0x0000000089000000, 0x0000000089000000| Untracked 
| 145|0x0000000089100000, 0x0000000089100000, 0x0000000089200000|  0%| F|  |TAMS 0x0000000089100000, 0x0000000089100000| Untracked 
| 146|0x0000000089200000, 0x0000000089200000, 0x0000000089300000|  0%| F|  |TAMS 0x0000000089200000, 0x0000000089200000| Untracked 
| 147|0x0000000089300000, 0x0000000089300000, 0x0000000089400000|  0%| F|  |TAMS 0x0000000089300000, 0x0000000089300000| Untracked 
| 148|0x0000000089400000, 0x0000000089400000, 0x0000000089500000|  0%| F|  |TAMS 0x0000000089400000, 0x0000000089400000| Untracked 
| 149|0x0000000089500000, 0x0000000089500000, 0x0000000089600000|  0%| F|  |TAMS 0x0000000089500000, 0x0000000089500000| Untracked 
| 150|0x0000000089600000, 0x0000000089600000, 0x0000000089700000|  0%| F|  |TAMS 0x0000000089600000, 0x0000000089600000| Untracked 
| 151|0x0000000089700000, 0x0000000089700000, 0x0000000089800000|  0%| F|  |TAMS 0x0000000089700000, 0x0000000089700000| Untracked 
| 152|0x0000000089800000, 0x0000000089800000, 0x0000000089900000|  0%| F|  |TAMS 0x0000000089800000, 0x0000000089800000| Untracked 
| 153|0x0000000089900000, 0x0000000089900000, 0x0000000089a00000|  0%| F|  |TAMS 0x0000000089900000, 0x0000000089900000| Untracked 
| 154|0x0000000089a00000, 0x0000000089a00000, 0x0000000089b00000|  0%| F|  |TAMS 0x0000000089a00000, 0x0000000089a00000| Untracked 
| 155|0x0000000089b00000, 0x0000000089b00000, 0x0000000089c00000|  0%| F|  |TAMS 0x0000000089b00000, 0x0000000089b00000| Untracked 
| 156|0x0000000089c00000, 0x0000000089c00000, 0x0000000089d00000|  0%| F|  |TAMS 0x0000000089c00000, 0x0000000089c00000| Untracked 
| 157|0x0000000089d00000, 0x0000000089d00000, 0x0000000089e00000|  0%| F|  |TAMS 0x0000000089d00000, 0x0000000089d00000| Untracked 
| 158|0x0000000089e00000, 0x0000000089e00000, 0x0000000089f00000|  0%| F|  |TAMS 0x0000000089e00000, 0x0000000089e00000| Untracked 
| 159|0x0000000089f00000, 0x0000000089f00000, 0x000000008a000000|  0%| F|  |TAMS 0x0000000089f00000, 0x0000000089f00000| Untracked 
| 160|0x000000008a000000, 0x000000008a000000, 0x000000008a100000|  0%| F|  |TAMS 0x000000008a000000, 0x000000008a000000| Untracked 
| 161|0x000000008a100000, 0x000000008a100000, 0x000000008a200000|  0%| F|  |TAMS 0x000000008a100000, 0x000000008a100000| Untracked 
| 162|0x000000008a200000, 0x000000008a200000, 0x000000008a300000|  0%| F|  |TAMS 0x000000008a200000, 0x000000008a200000| Untracked 
| 163|0x000000008a300000, 0x000000008a300000, 0x000000008a400000|  0%| F|  |TAMS 0x000000008a300000, 0x000000008a300000| Untracked 
| 164|0x000000008a400000, 0x000000008a400000, 0x000000008a500000|  0%| F|  |TAMS 0x000000008a400000, 0x000000008a400000| Untracked 
| 165|0x000000008a500000, 0x000000008a500000, 0x000000008a600000|  0%| F|  |TAMS 0x000000008a500000, 0x000000008a500000| Untracked 
| 166|0x000000008a600000, 0x000000008a600000, 0x000000008a700000|  0%| F|  |TAMS 0x000000008a600000, 0x000000008a600000| Untracked 
| 167|0x000000008a700000, 0x000000008a700000, 0x000000008a800000|  0%| F|  |TAMS 0x000000008a700000, 0x000000008a700000| Untracked 
| 168|0x000000008a800000, 0x000000008a800000, 0x000000008a900000|  0%| F|  |TAMS 0x000000008a800000, 0x000000008a800000| Untracked 
| 169|0x000000008a900000, 0x000000008a900000, 0x000000008aa00000|  0%| F|  |TAMS 0x000000008a900000, 0x000000008a900000| Untracked 
| 170|0x000000008aa00000, 0x000000008aa00000, 0x000000008ab00000|  0%| F|  |TAMS 0x000000008aa00000, 0x000000008aa00000| Untracked 
| 171|0x000000008ab00000, 0x000000008ab00000, 0x000000008ac00000|  0%| F|  |TAMS 0x000000008ab00000, 0x000000008ab00000| Untracked 
| 172|0x000000008ac00000, 0x000000008ac00000, 0x000000008ad00000|  0%| F|  |TAMS 0x000000008ac00000, 0x000000008ac00000| Untracked 
| 173|0x000000008ad00000, 0x000000008ad00000, 0x000000008ae00000|  0%| F|  |TAMS 0x000000008ad00000, 0x000000008ad00000| Untracked 
| 174|0x000000008ae00000, 0x000000008ae00000, 0x000000008af00000|  0%| F|  |TAMS 0x000000008ae00000, 0x000000008ae00000| Untracked 
| 175|0x000000008af00000, 0x000000008af00000, 0x000000008b000000|  0%| F|  |TAMS 0x000000008af00000, 0x000000008af00000| Untracked 
| 176|0x000000008b000000, 0x000000008b000000, 0x000000008b100000|  0%| F|  |TAMS 0x000000008b000000, 0x000000008b000000| Untracked 
| 177|0x000000008b100000, 0x000000008b100000, 0x000000008b200000|  0%| F|  |TAMS 0x000000008b100000, 0x000000008b100000| Untracked 
| 178|0x000000008b200000, 0x000000008b200000, 0x000000008b300000|  0%| F|  |TAMS 0x000000008b200000, 0x000000008b200000| Untracked 
| 179|0x000000008b300000, 0x000000008b300000, 0x000000008b400000|  0%| F|  |TAMS 0x000000008b300000, 0x000000008b300000| Untracked 
| 180|0x000000008b400000, 0x000000008b400000, 0x000000008b500000|  0%| F|  |TAMS 0x000000008b400000, 0x000000008b400000| Untracked 
| 181|0x000000008b500000, 0x000000008b500000, 0x000000008b600000|  0%| F|  |TAMS 0x000000008b500000, 0x000000008b500000| Untracked 
| 182|0x000000008b600000, 0x000000008b600000, 0x000000008b700000|  0%| F|  |TAMS 0x000000008b600000, 0x000000008b600000| Untracked 
| 183|0x000000008b700000, 0x000000008b792cc0, 0x000000008b800000| 57%| E|  |TAMS 0x000000008b700000, 0x000000008b700000| Complete 
| 184|0x000000008b800000, 0x000000008b900000, 0x000000008b900000|100%| E|CS|TAMS 0x000000008b800000, 0x000000008b800000| Complete 
| 185|0x000000008b900000, 0x000000008ba00000, 0x000000008ba00000|100%| E|CS|TAMS 0x000000008b900000, 0x000000008b900000| Complete 
| 186|0x000000008ba00000, 0x000000008bb00000, 0x000000008bb00000|100%| E|CS|TAMS 0x000000008ba00000, 0x000000008ba00000| Complete 
| 187|0x000000008bb00000, 0x000000008bc00000, 0x000000008bc00000|100%| E|CS|TAMS 0x000000008bb00000, 0x000000008bb00000| Complete 
| 188|0x000000008bc00000, 0x000000008bd00000, 0x000000008bd00000|100%| E|CS|TAMS 0x000000008bc00000, 0x000000008bc00000| Complete 
| 189|0x000000008bd00000, 0x000000008be00000, 0x000000008be00000|100%| E|CS|TAMS 0x000000008bd00000, 0x000000008bd00000| Complete 
| 190|0x000000008be00000, 0x000000008bf00000, 0x000000008bf00000|100%| E|CS|TAMS 0x000000008be00000, 0x000000008be00000| Complete 
| 191|0x000000008bf00000, 0x000000008c000000, 0x000000008c000000|100%| E|CS|TAMS 0x000000008bf00000, 0x000000008bf00000| Complete 
| 192|0x000000008c000000, 0x000000008c100000, 0x000000008c100000|100%| E|CS|TAMS 0x000000008c000000, 0x000000008c000000| Complete 
| 193|0x000000008c100000, 0x000000008c200000, 0x000000008c200000|100%| E|CS|TAMS 0x000000008c100000, 0x000000008c100000| Complete 
| 194|0x000000008c200000, 0x000000008c300000, 0x000000008c300000|100%| E|CS|TAMS 0x000000008c200000, 0x000000008c200000| Complete 
| 195|0x000000008c300000, 0x000000008c400000, 0x000000008c400000|100%| E|CS|TAMS 0x000000008c300000, 0x000000008c300000| Complete 
| 196|0x000000008c400000, 0x000000008c500000, 0x000000008c500000|100%| E|CS|TAMS 0x000000008c400000, 0x000000008c400000| Complete 
| 197|0x000000008c500000, 0x000000008c600000, 0x000000008c600000|100%| E|CS|TAMS 0x000000008c500000, 0x000000008c500000| Complete 
| 198|0x000000008c600000, 0x000000008c700000, 0x000000008c700000|100%| E|CS|TAMS 0x000000008c600000, 0x000000008c600000| Complete 
| 199|0x000000008c700000, 0x000000008c800000, 0x000000008c800000|100%| E|CS|TAMS 0x000000008c700000, 0x000000008c700000| Complete 
| 200|0x000000008c800000, 0x000000008c900000, 0x000000008c900000|100%| E|CS|TAMS 0x000000008c800000, 0x000000008c800000| Complete 
| 201|0x000000008c900000, 0x000000008ca00000, 0x000000008ca00000|100%| E|CS|TAMS 0x000000008c900000, 0x000000008c900000| Complete 
| 202|0x000000008ca00000, 0x000000008cb00000, 0x000000008cb00000|100%| E|CS|TAMS 0x000000008ca00000, 0x000000008ca00000| Complete 
| 203|0x000000008cb00000, 0x000000008cc00000, 0x000000008cc00000|100%| E|CS|TAMS 0x000000008cb00000, 0x000000008cb00000| Complete 
| 204|0x000000008cc00000, 0x000000008cd00000, 0x000000008cd00000|100%| E|CS|TAMS 0x000000008cc00000, 0x000000008cc00000| Complete 
| 205|0x000000008cd00000, 0x000000008ce00000, 0x000000008ce00000|100%| E|CS|TAMS 0x000000008cd00000, 0x000000008cd00000| Complete 
| 206|0x000000008ce00000, 0x000000008cf00000, 0x000000008cf00000|100%| E|CS|TAMS 0x000000008ce00000, 0x000000008ce00000| Complete 
| 207|0x000000008cf00000, 0x000000008d000000, 0x000000008d000000|100%| E|CS|TAMS 0x000000008cf00000, 0x000000008cf00000| Complete 
| 208|0x000000008d000000, 0x000000008d100000, 0x000000008d100000|100%| E|CS|TAMS 0x000000008d000000, 0x000000008d000000| Complete 
| 209|0x000000008d100000, 0x000000008d200000, 0x000000008d200000|100%| E|CS|TAMS 0x000000008d100000, 0x000000008d100000| Complete 
| 210|0x000000008d200000, 0x000000008d2a0440, 0x000000008d300000| 62%| S|CS|TAMS 0x000000008d200000, 0x000000008d200000| Complete 
| 211|0x000000008d300000, 0x000000008d400000, 0x000000008d400000|100%| S|CS|TAMS 0x000000008d300000, 0x000000008d300000| Complete 
| 212|0x000000008d400000, 0x000000008d500000, 0x000000008d500000|100%| S|CS|TAMS 0x000000008d400000, 0x000000008d400000| Complete 
| 213|0x000000008d500000, 0x000000008d600000, 0x000000008d600000|100%| S|CS|TAMS 0x000000008d500000, 0x000000008d500000| Complete 
| 214|0x000000008d600000, 0x000000008d700000, 0x000000008d700000|100%| S|CS|TAMS 0x000000008d600000, 0x000000008d600000| Complete 
| 215|0x000000008d700000, 0x000000008d800000, 0x000000008d800000|100%| S|CS|TAMS 0x000000008d700000, 0x000000008d700000| Complete 
| 216|0x000000008d800000, 0x000000008d900000, 0x000000008d900000|100%| E|CS|TAMS 0x000000008d800000, 0x000000008d800000| Complete 
| 217|0x000000008d900000, 0x000000008da00000, 0x000000008da00000|100%| E|CS|TAMS 0x000000008d900000, 0x000000008d900000| Complete 
| 218|0x000000008da00000, 0x000000008db00000, 0x000000008db00000|100%| E|CS|TAMS 0x000000008da00000, 0x000000008da00000| Complete 
| 219|0x000000008db00000, 0x000000008dc00000, 0x000000008dc00000|100%| E|CS|TAMS 0x000000008db00000, 0x000000008db00000| Complete 
| 220|0x000000008dc00000, 0x000000008dd00000, 0x000000008dd00000|100%| E|CS|TAMS 0x000000008dc00000, 0x000000008dc00000| Complete 
| 221|0x000000008dd00000, 0x000000008de00000, 0x000000008de00000|100%| E|CS|TAMS 0x000000008dd00000, 0x000000008dd00000| Complete 

Card table byte_map: [0x00000230dcdd0000,0x00000230dd1d0000] _byte_map_base: 0x00000230dc9d0000

Marking Bits (Prev, Next): (CMBitMap*) 0x00000230c8293cd8, (CMBitMap*) 0x00000230c8293d10
 Prev Bits: [0x00000230dd5d0000, 0x00000230df5d0000)
 Next Bits: [0x00000230df5d0000, 0x00000230e15d0000)

Polling page: 0x00000230c8320000

Metaspace:

Usage:
  Non-class:     77.77 MB capacity,    76.44 MB ( 98%) used,     1.10 MB (  1%) free+waste,   232.75 KB ( <1%) overhead. 
      Class:     11.66 MB capacity,    10.93 MB ( 94%) used,   646.75 KB (  5%) free+waste,   102.44 KB ( <1%) overhead. 
       Both:     89.43 MB capacity,    87.37 MB ( 98%) used,     1.73 MB (  2%) free+waste,   335.19 KB ( <1%) overhead. 

Virtual space:
  Non-class space:       78.00 MB reserved,      78.00 MB (100%) committed 
      Class space:        1.00 GB reserved,      11.70 MB (  1%) committed 
             Both:        1.08 GB reserved,      89.70 MB (  8%) committed 

Chunk freelists:
   Non-Class:  47.00 KB
       Class:  9.00 KB
        Both:  56.00 KB

MaxMetaspaceSize: 17179869184.00 GB
CompressedClassSpaceSize: 1.00 GB

CodeHeap 'non-profiled nmethods': size=120064Kb used=10347Kb max_used=10347Kb free=109716Kb
 bounds [0x00000230d4e60000, 0x00000230d5880000, 0x00000230dc3a0000]
CodeHeap 'profiled nmethods': size=120000Kb used=28163Kb max_used=28163Kb free=91836Kb
 bounds [0x00000230cd930000, 0x00000230cf4c0000, 0x00000230d4e60000]
CodeHeap 'non-nmethods': size=5696Kb used=2271Kb max_used=2333Kb free=3424Kb
 bounds [0x00000230cd3a0000, 0x00000230cd610000, 0x00000230cd930000]
 total_blobs=13990 nmethods=13120 adapters=781
 compilation: enabled
              stopped_count=0, restarted_count=0
 full_count=0

Compilation events (20 events):
Event: 366.974 Thread 0x00000230e3c5d800 13454       2       com.android.build.api.variant.impl.ApplicationVariantImpl::getDelegate (22 bytes)
Event: 366.974 Thread 0x00000230e3c5d800 nmethod 13454 0x00000230cf495190 code [0x00000230cf495340, 0x00000230cf495488]
Event: 366.974 Thread 0x00000230e3c5d800 13455       1       org.gradle.api.internal.plugins.DefaultPluginManager::getPluginContainer (5 bytes)
Event: 366.974 Thread 0x00000230e3c5d800 nmethod 13455 0x00000230d5878690 code [0x00000230d5878840, 0x00000230d58788f8]
Event: 366.975 Thread 0x00000230e3c5d800 13456       2       org.gradle.api.internal.tasks.DefaultTaskContainer::registerDescriptor (37 bytes)
Event: 366.976 Thread 0x00000230e3c5d800 nmethod 13456 0x00000230cf495590 code [0x00000230cf4957c0, 0x00000230cf495e38]
Event: 366.976 Thread 0x00000230e3c5d800 13457       2       org.gradle.api.internal.tasks.DefaultTaskContainer$3::call (72 bytes)
Event: 366.977 Thread 0x00000230e3c5d800 nmethod 13457 0x00000230cf496110 code [0x00000230cf496320, 0x00000230cf496988]
Event: 366.977 Thread 0x00000230e3c5d800 13458       2       org.gradle.api.internal.DefaultNamedDomainObjectCollection::addLater (54 bytes)
Event: 366.977 Thread 0x00000230e3c5d800 nmethod 13458 0x00000230cf496c10 code [0x00000230cf496e40, 0x00000230cf497308]
Event: 366.977 Thread 0x00000230e3c5d800 13459       2       com.android.build.gradle.internal.tasks.factory.VariantTaskCreationAction::computeTaskName (24 bytes)
Event: 366.978 Thread 0x00000230e3c5d800 nmethod 13459 0x00000230cf497510 code [0x00000230cf497720, 0x00000230cf4979a8]
Event: 366.981 Thread 0x00000230e3c5d800 13461       2       kotlin.collections.CollectionsKt__IterablesKt::collectionSizeOrDefault (27 bytes)
Event: 366.982 Thread 0x00000230e3c5d800 nmethod 13461 0x00000230cf497b90 code [0x00000230cf497d60, 0x00000230cf497f58]
Event: 366.982 Thread 0x00000230e3c5d800 13462       2       org.gradle.plugin.use.internal.DefaultPluginId::<init> (10 bytes)
Event: 366.982 Thread 0x00000230e3c5d800 nmethod 13462 0x00000230cf498090 code [0x00000230cf498240, 0x00000230cf498378]
Event: 366.982 Thread 0x00000230e3c5d800 13464       2       com.android.builder.core.VariantTypeImpl::isTestComponent (23 bytes)
Event: 366.982 Thread 0x00000230e3c5d800 nmethod 13464 0x00000230cf498410 code [0x00000230cf4985c0, 0x00000230cf4986f8]
Event: 366.982 Thread 0x00000230e3c5d800 13463       1       com.android.build.api.component.impl.ApkCreationConfigImpl::getConfig (5 bytes)
Event: 366.983 Thread 0x00000230e3c5d800 nmethod 13463 0x00000230d5878990 code [0x00000230d5878b40, 0x00000230d5878bf8]

GC Heap History (20 events):
Event: 31.625 GC heap before
{Heap before GC invocations=20 (full 0):
 garbage-first heap   total 227328K, used 174811K [0x0000000080000000, 0x0000000100000000)
  region size 1024K, 108 young (110592K), 10 survivors (10240K)
 Metaspace       used 80505K, capacity 82461K, committed 82508K, reserved 1120256K
  class space    used 10404K, capacity 11071K, committed 11084K, reserved 1048576K
}
Event: 31.658 GC heap after
{Heap after GC invocations=21 (full 0):
 garbage-first heap   total 227328K, used 79963K [0x0000000080000000, 0x0000000100000000)
  region size 1024K, 10 young (10240K), 10 survivors (10240K)
 Metaspace       used 80505K, capacity 82461K, committed 82508K, reserved 1120256K
  class space    used 10404K, capacity 11071K, committed 11084K, reserved 1048576K
}
Event: 33.600 GC heap before
{Heap before GC invocations=21 (full 0):
 garbage-first heap   total 227328K, used 179291K [0x0000000080000000, 0x0000000100000000)
  region size 1024K, 108 young (110592K), 10 survivors (10240K)
 Metaspace       used 81555K, capacity 83515K, committed 83660K, reserved 1122304K
  class space    used 10515K, capacity 11190K, committed 11212K, reserved 1048576K
}
Event: 33.634 GC heap after
{Heap after GC invocations=22 (full 0):
 garbage-first heap   total 227328K, used 84616K [0x0000000080000000, 0x0000000100000000)
  region size 1024K, 10 young (10240K), 10 survivors (10240K)
 Metaspace       used 81555K, capacity 83515K, committed 83660K, reserved 1122304K
  class space    used 10515K, capacity 11190K, committed 11212K, reserved 1048576K
}
Event: 42.262 GC heap before
{Heap before GC invocations=22 (full 0):
 garbage-first heap   total 227328K, used 181896K [0x0000000080000000, 0x0000000100000000)
  region size 1024K, 106 young (108544K), 10 survivors (10240K)
 Metaspace       used 82780K, capacity 84746K, committed 84812K, reserved 1122304K
  class space    used 10630K, capacity 11302K, committed 11340K, reserved 1048576K
}
Event: 42.312 GC heap after
{Heap after GC invocations=23 (full 0):
 garbage-first heap   total 227328K, used 92420K [0x0000000080000000, 0x0000000100000000)
  region size 1024K, 13 young (13312K), 13 survivors (13312K)
 Metaspace       used 82780K, capacity 84746K, committed 84812K, reserved 1122304K
  class space    used 10630K, capacity 11302K, committed 11340K, reserved 1048576K
}
Event: 46.236 GC heap before
{Heap before GC invocations=23 (full 0):
 garbage-first heap   total 227328K, used 204036K [0x0000000080000000, 0x0000000100000000)
  region size 1024K, 102 young (104448K), 13 survivors (13312K)
 Metaspace       used 87122K, capacity 89201K, committed 89420K, reserved 1126400K
  class space    used 11110K, capacity 11822K, committed 11852K, reserved 1048576K
}
Event: 46.269 GC heap after
{Heap after GC invocations=24 (full 0):
 garbage-first heap   total 227328K, used 88693K [0x0000000080000000, 0x0000000100000000)
  region size 1024K, 3 young (3072K), 3 survivors (3072K)
 Metaspace       used 87122K, capacity 89201K, committed 89420K, reserved 1126400K
  class space    used 11110K, capacity 11822K, committed 11852K, reserved 1048576K
}
Event: 228.988 GC heap before
{Heap before GC invocations=24 (full 0):
 garbage-first heap   total 227328K, used 185973K [0x0000000080000000, 0x0000000100000000)
  region size 1024K, 99 young (101376K), 3 survivors (3072K)
 Metaspace       used 88958K, capacity 91205K, committed 91340K, reserved 1128448K
  class space    used 11193K, capacity 11947K, committed 11980K, reserved 1048576K
}
Event: 229.014 GC heap after
{Heap after GC invocations=25 (full 0):
 garbage-first heap   total 227328K, used 93692K [0x0000000080000000, 0x0000000100000000)
  region size 1024K, 8 young (8192K), 8 survivors (8192K)
 Metaspace       used 88958K, capacity 91205K, committed 91340K, reserved 1128448K
  class space    used 11193K, capacity 11947K, committed 11980K, reserved 1048576K
}
Event: 231.486 GC heap before
{Heap before GC invocations=25 (full 0):
 garbage-first heap   total 227328K, used 185852K [0x0000000080000000, 0x0000000100000000)
  region size 1024K, 99 young (101376K), 8 survivors (8192K)
 Metaspace       used 88981K, capacity 91205K, committed 91340K, reserved 1128448K
  class space    used 11193K, capacity 11947K, committed 11980K, reserved 1048576K
}
Event: 231.511 GC heap after
{Heap after GC invocations=26 (full 0):
 garbage-first heap   total 227328K, used 95332K [0x0000000080000000, 0x0000000100000000)
  region size 1024K, 8 young (8192K), 8 survivors (8192K)
 Metaspace       used 88981K, capacity 91205K, committed 91340K, reserved 1128448K
  class space    used 11193K, capacity 11947K, committed 11980K, reserved 1048576K
}
Event: 234.394 GC heap before
{Heap before GC invocations=26 (full 0):
 garbage-first heap   total 227328K, used 187492K [0x0000000080000000, 0x0000000100000000)
  region size 1024K, 99 young (101376K), 8 survivors (8192K)
 Metaspace       used 89069K, capacity 91216K, committed 91340K, reserved 1128448K
  class space    used 11194K, capacity 11949K, committed 11980K, reserved 1048576K
}
Event: 234.419 GC heap after
{Heap after GC invocations=27 (full 0):
 garbage-first heap   total 227328K, used 97253K [0x0000000080000000, 0x0000000100000000)
  region size 1024K, 5 young (5120K), 5 survivors (5120K)
 Metaspace       used 89069K, capacity 91216K, committed 91340K, reserved 1128448K
  class space    used 11194K, capacity 11949K, committed 11980K, reserved 1048576K
}
Event: 244.831 GC heap before
{Heap before GC invocations=27 (full 0):
 garbage-first heap   total 227328K, used 188389K [0x0000000080000000, 0x0000000100000000)
  region size 1024K, 95 young (97280K), 5 survivors (5120K)
 Metaspace       used 89096K, capacity 91221K, committed 91340K, reserved 1128448K
  class space    used 11195K, capacity 11950K, committed 11980K, reserved 1048576K
}
Event: 244.847 GC heap after
{Heap after GC invocations=28 (full 0):
 garbage-first heap   total 227328K, used 99661K [0x0000000080000000, 0x0000000100000000)
  region size 1024K, 7 young (7168K), 7 survivors (7168K)
 Metaspace       used 89096K, capacity 91221K, committed 91340K, reserved 1128448K
  class space    used 11195K, capacity 11950K, committed 11980K, reserved 1048576K
}
Event: 246.405 GC heap before
{Heap before GC invocations=28 (full 0):
 garbage-first heap   total 227328K, used 191821K [0x0000000080000000, 0x0000000100000000)
  region size 1024K, 96 young (98304K), 7 survivors (7168K)
 Metaspace       used 89232K, capacity 91422K, committed 91596K, reserved 1128448K
  class space    used 11196K, capacity 11951K, committed 11980K, reserved 1048576K
}
Event: 246.419 GC heap after
{Heap after GC invocations=29 (full 0):
 garbage-first heap   total 227328K, used 101003K [0x0000000080000000, 0x0000000100000000)
  region size 1024K, 7 young (7168K), 7 survivors (7168K)
 Metaspace       used 89232K, capacity 91422K, committed 91596K, reserved 1128448K
  class space    used 11196K, capacity 11951K, committed 11980K, reserved 1048576K
}
Event: 246.722 GC heap before
{Heap before GC invocations=29 (full 0):
 garbage-first heap   total 227328K, used 114315K [0x0000000080000000, 0x0000000100000000)
  region size 1024K, 13 young (13312K), 7 survivors (7168K)
 Metaspace       used 89279K, capacity 91433K, committed 91596K, reserved 1128448K
  class space    used 11197K, capacity 11952K, committed 11980K, reserved 1048576K
}
Event: 246.741 GC heap after
{Heap after GC invocations=30 (full 0):
 garbage-first heap   total 227328K, used 108063K [0x0000000080000000, 0x0000000100000000)
  region size 1024K, 6 young (6144K), 6 survivors (6144K)
 Metaspace       used 89279K, capacity 91433K, committed 91596K, reserved 1128448K
  class space    used 11197K, capacity 11952K, committed 11980K, reserved 1048576K
}

Deoptimization events (20 events):
Event: 366.601 Thread 0x00000230e94be000 Uncommon trap: trap_request=0xffffffc6 fr.pc=0x00000230d5497f4c relative=0x00000000000033ec
Event: 366.601 Thread 0x00000230e94be000 Uncommon trap: reason=bimorphic_or_optimized_type_check action=maybe_recompile pc=0x00000230d5497f4c method=com.google.common.cache.LocalCache$Segment.getLiveValue(Lcom/google/common/cache/ReferenceEntry;J)Ljava/lang/Object; @ 21 c2
Event: 366.601 Thread 0x00000230e94be000 DEOPT PACKING pc=0x00000230d5497f4c sp=0x000000ca24dfbbf0
Event: 366.601 Thread 0x00000230e94be000 DEOPT UNPACKING pc=0x00000230cd3c74af sp=0x000000ca24dfbb38 mode 2
Event: 366.629 Thread 0x00000230e94be000 Uncommon trap: trap_request=0xffffffde fr.pc=0x00000230d538b790 relative=0x0000000000001690
Event: 366.629 Thread 0x00000230e94be000 Uncommon trap: reason=class_check action=maybe_recompile pc=0x00000230d538b790 method=org.gradle.cache.internal.LockOnDemandCrossProcessCacheAccess.incrementLockCount()V @ 97 c2
Event: 366.629 Thread 0x00000230e94be000 DEOPT PACKING pc=0x00000230d538b790 sp=0x000000ca24df8100
Event: 366.629 Thread 0x00000230e94be000 DEOPT UNPACKING pc=0x00000230cd3c74af sp=0x000000ca24df8100 mode 2
Event: 366.771 Thread 0x00000230e94be000 Uncommon trap: trap_request=0xffffffde fr.pc=0x00000230d5412a8c relative=0x0000000000004b0c
Event: 366.771 Thread 0x00000230e94be000 Uncommon trap: reason=class_check action=maybe_recompile pc=0x00000230d5412a8c method=org.gradle.internal.snapshot.SnapshotHierarchy.getSnapshot(Ljava/lang/String;)Ljava/util/Optional; @ 2 c2
Event: 366.771 Thread 0x00000230e94be000 DEOPT PACKING pc=0x00000230d5412a8c sp=0x000000ca24dfa5f0
Event: 366.771 Thread 0x00000230e94be000 DEOPT UNPACKING pc=0x00000230cd3c74af sp=0x000000ca24dfa608 mode 2
Event: 366.771 Thread 0x00000230e94be000 Uncommon trap: trap_request=0xffffffde fr.pc=0x00000230d5412a8c relative=0x0000000000004b0c
Event: 366.771 Thread 0x00000230e94be000 Uncommon trap: reason=class_check action=maybe_recompile pc=0x00000230d5412a8c method=org.gradle.internal.snapshot.SnapshotHierarchy.getSnapshot(Ljava/lang/String;)Ljava/util/Optional; @ 2 c2
Event: 366.771 Thread 0x00000230e94be000 DEOPT PACKING pc=0x00000230d5412a8c sp=0x000000ca24dfa4a0
Event: 366.771 Thread 0x00000230e94be000 DEOPT UNPACKING pc=0x00000230cd3c74af sp=0x000000ca24dfa4b8 mode 2
Event: 366.896 Thread 0x00000230e94be000 Uncommon trap: trap_request=0xffffff7e fr.pc=0x00000230d58207c4 relative=0x0000000000001064
Event: 366.896 Thread 0x00000230e94be000 Uncommon trap: reason=predicate action=maybe_recompile pc=0x00000230d58207c4 method=com.google.common.collect.RegularImmutableMap.fromEntryArray(I[Ljava/util/Map$Entry;)Lcom/google/common/collect/ImmutableMap; @ 59 c2
Event: 366.896 Thread 0x00000230e94be000 DEOPT PACKING pc=0x00000230d58207c4 sp=0x000000ca24df8310
Event: 366.896 Thread 0x00000230e94be000 DEOPT UNPACKING pc=0x00000230cd3c74af sp=0x000000ca24df82c8 mode 2

Classes redefined (0 events):
No events

Internal exceptions (20 events):
Event: 46.112 Thread 0x00000230e5cb3800 Exception <a 'java/lang/NoSuchMethodError'{0x0000000088abfeb0}: 'java.lang.Object java.lang.invoke.DirectMethodHandle$Holder.invokeSpecial(java.lang.Object, java.lang.Object, java.lang.Object, java.lang.Object, int, int, java.lang.Object)'> (0x0000000088abfeb0) thrown at [./src/hotspot/share/interpreter/linkResolver.cpp, line 773]
Event: 46.113 Thread 0x00000230e5cb3800 Exception <a 'java/lang/NoSuchMethodError'{0x0000000088ac33d0}: 'java.lang.Object java.lang.invoke.Invokers$Holder.linkToTargetMethod(java.lang.Object, java.lang.Object, int, int, java.lang.Object, java.lang.Object)'> (0x0000000088ac33d0) thrown at [./src/hotspot/share/interpreter/linkResolver.cpp, line 773]
Event: 46.121 Thread 0x00000230e5cb3800 Implicit null exception at 0x00000230d5468b2f to 0x00000230d5468b7c
Event: 226.040 Thread 0x00000230e94c3000 Implicit null exception at 0x00000230d5579d7e to 0x00000230d557b0ec
Event: 226.041 Thread 0x00000230e94c3000 Implicit null exception at 0x00000230d53ad329 to 0x00000230d53ad5c4
Event: 226.041 Thread 0x00000230e94c3000 Implicit null exception at 0x00000230d52fcf3f to 0x00000230d52fd934
Event: 226.041 Thread 0x00000230e94c3000 Implicit null exception at 0x00000230d55f39ad to 0x00000230d55fa0ec
Event: 226.041 Thread 0x00000230e94c3000 Implicit null exception at 0x00000230d548b83f to 0x00000230d548fa44
Event: 227.035 Thread 0x00000230e94c3000 Exception <a 'sun/nio/fs/WindowsException'{0x000000008b531e90}> (0x000000008b531e90) thrown at [./src/hotspot/share/prims/jni.cpp, line 615]
Event: 233.635 Thread 0x00000230eb0f9800 Exception <a 'sun/nio/fs/WindowsException'{0x0000000089b95450}> (0x0000000089b95450) thrown at [./src/hotspot/share/prims/jni.cpp, line 615]
Event: 233.636 Thread 0x00000230eb0f9800 Exception <a 'sun/nio/fs/WindowsException'{0x0000000089b960c0}> (0x0000000089b960c0) thrown at [./src/hotspot/share/prims/jni.cpp, line 615]
Event: 245.197 Thread 0x00000230eb0f7800 Exception <a 'sun/nio/fs/WindowsException'{0x000000008c819220}> (0x000000008c819220) thrown at [./src/hotspot/share/prims/jni.cpp, line 615]
Event: 245.198 Thread 0x00000230eb0f7800 Exception <a 'sun/nio/fs/WindowsException'{0x000000008c8195b0}> (0x000000008c8195b0) thrown at [./src/hotspot/share/prims/jni.cpp, line 615]
Event: 245.198 Thread 0x00000230eb0f7800 Exception <a 'sun/nio/fs/WindowsException'{0x000000008c819698}> (0x000000008c819698) thrown at [./src/hotspot/share/prims/jni.cpp, line 615]
Event: 245.795 Thread 0x00000230eb0fc800 Exception <a 'sun/nio/fs/WindowsException'{0x000000008916ff80}> (0x000000008916ff80) thrown at [./src/hotspot/share/prims/jni.cpp, line 615]
Event: 245.795 Thread 0x00000230eb0fc800 Exception <a 'sun/nio/fs/WindowsException'{0x0000000089170e68}> (0x0000000089170e68) thrown at [./src/hotspot/share/prims/jni.cpp, line 615]
Event: 245.797 Thread 0x00000230eb0fc800 Exception <a 'sun/nio/fs/WindowsException'{0x00000000891751c8}> (0x00000000891751c8) thrown at [./src/hotspot/share/prims/jni.cpp, line 615]
Event: 245.798 Thread 0x00000230eb0fc800 Exception <a 'sun/nio/fs/WindowsException'{0x00000000891760f8}> (0x00000000891760f8) thrown at [./src/hotspot/share/prims/jni.cpp, line 615]
Event: 245.798 Thread 0x00000230eb0fc800 Exception <a 'sun/nio/fs/WindowsException'{0x0000000089178418}> (0x0000000089178418) thrown at [./src/hotspot/share/prims/jni.cpp, line 615]
Event: 245.799 Thread 0x00000230eb0fc800 Exception <a 'sun/nio/fs/WindowsException'{0x0000000089179358}> (0x0000000089179358) thrown at [./src/hotspot/share/prims/jni.cpp, line 615]

Events (20 events):
Event: 366.828 Thread 0x00000230eba33800 Thread added: 0x00000230eba33800
Event: 366.829 Thread 0x00000230eba35000 Thread added: 0x00000230eba35000
Event: 366.829 Thread 0x00000230eba31000 Thread added: 0x00000230eba31000
Event: 366.830 Thread 0x00000230eba32000 Thread added: 0x00000230eba32000
Event: 366.830 Thread 0x00000230e5648000 Thread added: 0x00000230e5648000
Event: 366.831 Thread 0x00000230e5649000 Thread added: 0x00000230e5649000
Event: 366.831 Thread 0x00000230e564a000 Thread added: 0x00000230e564a000
Event: 366.832 Thread 0x00000230e564b800 Thread added: 0x00000230e564b800
Event: 366.833 Thread 0x00000230e564c800 Thread added: 0x00000230e564c800
Event: 366.833 Thread 0x00000230e564a800 Thread added: 0x00000230e564a800
Event: 366.834 Thread 0x00000230e5647800 Thread added: 0x00000230e5647800
Event: 366.837 Thread 0x00000230e564e000 Thread added: 0x00000230e564e000
Event: 366.838 Thread 0x00000230e5650800 Thread added: 0x00000230e5650800
Event: 366.838 Thread 0x00000230e564f800 Thread added: 0x00000230e564f800
Event: 366.839 Thread 0x00000230e5651000 Thread added: 0x00000230e5651000
Event: 366.840 Thread 0x00000230e5653000 Thread added: 0x00000230e5653000
Event: 366.840 Thread 0x00000230e564e800 Thread added: 0x00000230e564e800
Event: 366.841 Thread 0x00000230e5652000 Thread added: 0x00000230e5652000
Event: 366.888 Executing VM operation: BulkRevokeBias
Event: 366.894 Executing VM operation: BulkRevokeBias done


Dynamic libraries:
0x00007ff7f1c30000 - 0x00007ff7f1c3a000 	E:\Program Files\Android\Android Studio\jre\bin\java.exe
0x00007ff8d1d20000 - 0x00007ff8d1f10000 	C:\Windows\SYSTEM32\ntdll.dll
0x00007ff8b1c20000 - 0x00007ff8b1c54000 	C:\Program Files\AVAST Software\Avast\x64\aswhooka.dll
0x00007ff8d1a40000 - 0x00007ff8d1af2000 	C:\Windows\System32\KERNEL32.DLL
0x00007ff8ced90000 - 0x00007ff8cf035000 	C:\Windows\System32\KERNELBASE.dll
0x00007ff8cfa50000 - 0x00007ff8cfb4a000 	C:\Windows\System32\ucrtbase.dll
0x00007ff870fc0000 - 0x00007ff870fd9000 	E:\Program Files\Android\Android Studio\jre\bin\jli.dll
0x00007ff8d08f0000 - 0x00007ff8d0a84000 	C:\Windows\System32\USER32.dll
0x00007ff8cec90000 - 0x00007ff8cecb1000 	C:\Windows\System32\win32u.dll
0x00007ff8d1a10000 - 0x00007ff8d1a36000 	C:\Windows\System32\GDI32.dll
0x00007ff8cf8b0000 - 0x00007ff8cfa46000 	C:\Windows\System32\gdi32full.dll
0x00007ff8cfcd0000 - 0x00007ff8cfd6e000 	C:\Windows\System32\msvcp_win.dll
0x00007ff86f5e0000 - 0x00007ff86f5f7000 	E:\Program Files\Android\Android Studio\jre\bin\VCRUNTIME140.dll
0x00007ff8bc850000 - 0x00007ff8bcad4000 	C:\Windows\WinSxS\amd64_microsoft.windows.common-controls_6595b64144ccf1df_6.0.18362.1256_none_9e7e379be45e40e2\COMCTL32.dll
0x00007ff8d0850000 - 0x00007ff8d08ee000 	C:\Windows\System32\msvcrt.dll
0x00007ff8cff00000 - 0x00007ff8d0236000 	C:\Windows\System32\combase.dll
0x00007ff8d0b60000 - 0x00007ff8d0c80000 	C:\Windows\System32\RPCRT4.dll
0x00007ff8cf7d0000 - 0x00007ff8cf851000 	C:\Windows\System32\bcryptPrimitives.dll
0x00007ff8d1910000 - 0x00007ff8d193e000 	C:\Windows\System32\IMM32.DLL
0x00007ff86f540000 - 0x00007ff86f5dd000 	E:\Program Files\Android\Android Studio\jre\bin\msvcp140.dll
0x00007ff86f840000 - 0x00007ff8702fc000 	E:\Program Files\Android\Android Studio\jre\bin\server\jvm.dll
0x00007ff8d0540000 - 0x00007ff8d05e3000 	C:\Windows\System32\ADVAPI32.dll
0x00007ff8d05f0000 - 0x00007ff8d0687000 	C:\Windows\System32\sechost.dll
0x00007ff8d0cf0000 - 0x00007ff8d0cf8000 	C:\Windows\System32\PSAPI.DLL
0x00007ff8ae2c0000 - 0x00007ff8ae2c9000 	C:\Windows\SYSTEM32\WSOCK32.dll
0x00007ff8d0a90000 - 0x00007ff8d0aff000 	C:\Windows\System32\WS2_32.dll
0x00007ff8cc940000 - 0x00007ff8cc964000 	C:\Windows\SYSTEM32\WINMM.dll
0x00007ff8c75a0000 - 0x00007ff8c75aa000 	C:\Windows\SYSTEM32\VERSION.dll
0x00007ff8cc910000 - 0x00007ff8cc93d000 	C:\Windows\SYSTEM32\WINMMBASE.dll
0x00007ff8cf860000 - 0x00007ff8cf8aa000 	C:\Windows\System32\cfgmgr32.dll
0x00007ff8cebd0000 - 0x00007ff8cebe1000 	C:\Windows\System32\kernel.appcore.dll
0x00007ff896c20000 - 0x00007ff896c31000 	E:\Program Files\Android\Android Studio\jre\bin\verify.dll
0x00007ff8cd460000 - 0x00007ff8cd654000 	C:\Windows\SYSTEM32\DBGHELP.DLL
0x00007ff8bd400000 - 0x00007ff8bd42a000 	C:\Windows\SYSTEM32\dbgcore.DLL
0x00007ff8968e0000 - 0x00007ff896909000 	E:\Program Files\Android\Android Studio\jre\bin\java.dll
0x00007ff896c10000 - 0x00007ff896c1b000 	E:\Program Files\Android\Android Studio\jre\bin\jimage.dll
0x00007ff8968c0000 - 0x00007ff8968d8000 	E:\Program Files\Android\Android Studio\jre\bin\zip.dll
0x00007ff8d0db0000 - 0x00007ff8d1497000 	C:\Windows\System32\SHELL32.dll
0x00007ff8d0d00000 - 0x00007ff8d0da9000 	C:\Windows\System32\shcore.dll
0x00007ff8cf040000 - 0x00007ff8cf7c1000 	C:\Windows\System32\windows.storage.dll
0x00007ff8cec40000 - 0x00007ff8cec63000 	C:\Windows\System32\profapi.dll
0x00007ff8cebf0000 - 0x00007ff8cec3a000 	C:\Windows\System32\powrprof.dll
0x00007ff8cebc0000 - 0x00007ff8cebd0000 	C:\Windows\System32\UMPDC.dll
0x00007ff8d0b00000 - 0x00007ff8d0b52000 	C:\Windows\System32\shlwapi.dll
0x00007ff8ced70000 - 0x00007ff8ced87000 	C:\Windows\System32\cryptsp.dll
0x00007ff8968a0000 - 0x00007ff8968ba000 	E:\Program Files\Android\Android Studio\jre\bin\net.dll
0x00007ff8be840000 - 0x00007ff8be930000 	C:\Windows\SYSTEM32\WINHTTP.dll
0x00007ff8ce3b0000 - 0x00007ff8ce417000 	C:\Windows\system32\mswsock.dll
0x00007ff896880000 - 0x00007ff896894000 	E:\Program Files\Android\Android Studio\jre\bin\nio.dll
0x00007ff8be7d0000 - 0x00007ff8be7f7000 	C:\Users\hp\.gradle\native\fdc75f09e3144964f2cf3f50f0aa648679c211496f362492102eb8c894070792\windows-amd64\native-platform.dll
0x00007ff8768f0000 - 0x00007ff876a86000 	C:\Users\hp\.gradle\native\12488b8bf47d2d4c9fbf2f6322a914ad602e24e48041cd04a747c6da556b65c4\windows-amd64\native-platform-file-events.dll
0x00007ff896c00000 - 0x00007ff896c0a000 	E:\Program Files\Android\Android Studio\jre\bin\management.dll
0x00007ff896870000 - 0x00007ff89687c000 	E:\Program Files\Android\Android Studio\jre\bin\management_ext.dll
0x00007ff8cdf20000 - 0x00007ff8cdf53000 	C:\Windows\system32\rsaenh.dll
0x00007ff8cfb50000 - 0x00007ff8cfb76000 	C:\Windows\System32\bcrypt.dll
0x00007ff8ceae0000 - 0x00007ff8ceb05000 	C:\Windows\SYSTEM32\USERENV.dll
0x00007ff8ce580000 - 0x00007ff8ce58c000 	C:\Windows\SYSTEM32\CRYPTBASE.dll
0x00007ff8ce0c0000 - 0x00007ff8ce0fa000 	C:\Windows\SYSTEM32\IPHLPAPI.DLL
0x00007ff8d0690000 - 0x00007ff8d0698000 	C:\Windows\System32\NSI.dll
0x00007ff8bfef0000 - 0x00007ff8bff06000 	C:\Windows\SYSTEM32\dhcpcsvc6.DLL
0x00007ff8bffe0000 - 0x00007ff8bfffc000 	C:\Windows\SYSTEM32\dhcpcsvc.DLL
0x00007ff8ce100000 - 0x00007ff8ce1cb000 	C:\Windows\SYSTEM32\DNSAPI.dll
0x00007ff8c03b0000 - 0x00007ff8c03bb000 	C:\Windows\SYSTEM32\WINNSI.DLL
0x00007ff87f4e0000 - 0x00007ff87f507000 	E:\Program Files\Android\Android Studio\jre\bin\sunec.dll

dbghelp: loaded successfully - version: 4.0.5 - missing functions: none
symbol engine: initialized successfully - sym options: 0x614 - pdb path: .;E:\Program Files\Android\Android Studio\jre\bin;C:\Windows\SYSTEM32;C:\Program Files\AVAST Software\Avast\x64;C:\Windows\WinSxS\amd64_microsoft.windows.common-controls_6595b64144ccf1df_6.0.18362.1256_none_9e7e379be45e40e2;E:\Program Files\Android\Android Studio\jre\bin\server;C:\Users\hp\.gradle\native\fdc75f09e3144964f2cf3f50f0aa648679c211496f362492102eb8c894070792\windows-amd64;C:\Users\hp\.gradle\native\12488b8bf47d2d4c9fbf2f6322a914ad602e24e48041cd04a747c6da556b65c4\windows-amd64

VM Arguments:
jvm_args: --add-opens=java.base/java.util=ALL-UNNAMED --add-opens=java.base/java.lang=ALL-UNNAMED --add-opens=java.base/java.lang.invoke=ALL-UNNAMED --add-opens=java.prefs/java.util.prefs=ALL-UNNAMED -Xmx2048m -Dfile.encoding=UTF-8 -Duser.country=US -Duser.language=en -Duser.variant 
java_command: org.gradle.launcher.daemon.bootstrap.GradleDaemon 6.7.1
java_class_path (initial): C:\Users\hp\.gradle\wrapper\dists\gradle-6.7.1-bin\bwlcbys1h7rz3272sye1xwiv6\gradle-6.7.1\lib\gradle-launcher-6.7.1.jar
Launcher Type: SUN_STANDARD

[Global flags]
     intx CICompilerCount                          = 3                                         {product} {ergonomic}
     uint ConcGCThreads                            = 1                                         {product} {ergonomic}
     uint G1ConcRefinementThreads                  = 4                                         {product} {ergonomic}
   size_t G1HeapRegionSize                         = 1048576                                   {product} {ergonomic}
    uintx GCDrainStackTargetSize                   = 64                                        {product} {ergonomic}
   size_t InitialHeapSize                          = 134217728                                 {product} {ergonomic}
   size_t MarkStackSize                            = 4194304                                   {product} {ergonomic}
   size_t MaxHeapSize                              = 2147483648                                {product} {command line}
   size_t MaxNewSize                               = 1287651328                                {product} {ergonomic}
   size_t MinHeapDeltaBytes                        = 1048576                                   {product} {ergonomic}
    uintx NonNMethodCodeHeapSize                   = 5830732                                {pd product} {ergonomic}
    uintx NonProfiledCodeHeapSize                  = 122913754                              {pd product} {ergonomic}
    uintx ProfiledCodeHeapSize                     = 122913754                              {pd product} {ergonomic}
    uintx ReservedCodeCacheSize                    = 251658240                              {pd product} {ergonomic}
     bool SegmentedCodeCache                       = true                                      {product} {ergonomic}
     bool UseCompressedClassPointers               = true                                 {lp64_product} {ergonomic}
     bool UseCompressedOops                        = true                                 {lp64_product} {ergonomic}
     bool UseG1GC                                  = true                                      {product} {ergonomic}
     bool UseLargePagesIndividualAllocation        = false                                  {pd product} {ergonomic}

Logging:
Log output configuration:
 #0: stdout all=warning uptime,level,tags
 #1: stderr all=off uptime,level,tags

Environment Variables:
JAVA_HOME=C:\Program Files\Java\jdk-17.0.1
PATH=C:\ffmpeg\bin;C:\Program Files\Common Files\Oracle\Java\javapath;C:\Python310\Scripts\;C:\Python310\;C:\ProgramData\Oracle\Java\javapath;C:\Windows\system32;C:\Windows;C:\Windows\System32\Wbem;C:\Windows\System32\WindowsPowerShell\v1.0\;C:\Windows\System32\OpenSSH\;C:\Program Files\Java\jdk-17\bin;C:\Program Files\Microsoft SQL Server\Client SDK\ODBC\110\Tools\Binn\;C:\Program Files\Microsoft SQL Server\Client SDK\ODBC\170\Tools\Binn\;C:\ProgramData\chocolatey\bin;C:\Program Files\Java\jdk-17.0.1\bin;C:\Program Files\Azure Data Studio\bin;C:\Program Files\dotnet\;C:\Program Files\Git\cmd;C:\Program Files\nodejs\;C:\Users\hp\AppData\Local\Microsoft\WindowsApps;D:\Microsoft VS Code\bin;C:\Users\hp\AppData\Local\Android\Sdk\platform-tools;C:\Users\hp\AppData\Local\Microsoft\WindowsApps;D:\Microsoft VS Code\bin;C:\Program Files\Azure Data Studio\bin;C:\Users\hp\AppData\Local\Android\Sdk\platform-tools;;C:\Users\hp\AppData\Local\Programs\Microsoft VS Code\bin;C:\Users\hp\.dotnet\tools;C:\Users\hp\AppData\Roaming\npm
USERNAME=hp
OS=Windows_NT
PROCESSOR_IDENTIFIER=Intel64 Family 6 Model 142 Stepping 9, GenuineIntel



---------------  S Y S T E M  ---------------

OS: Windows 10 , 64 bit Build 18362 (10.0.18362.1110)
OS uptime: 0 days 18:20 hours

CPU:total 4 (initial active 4) (2 cores per cpu, 2 threads per core) family 6 model 142 stepping 9, cmov, cx8, fxsr, mmx, sse, sse2, sse3, ssse3, sse4.1, sse4.2, popcnt, avx, avx2, aes, clmul, erms, 3dnowpref, lzcnt, ht, tsc, tscinvbit, bmi1, bmi2, adx, fma

Memory: 4k page, system-wide physical 8078M (371M free)
TotalPageFile size 8078M (AvailPageFile size 5M)
current process WorkingSet (physical memory assigned to process): 429M, peak: 479M
current process commit charge ("private bytes"): 506M, peak: 527M

vm_info: OpenJDK 64-Bit Server VM (11.0.8+10-b944.6842174) for windows-amd64 JRE (11.0.8+10-b944.6842174), built on Sep 19 2020 01:11:42 by "builder" with MS VC++ 14.0 (VS2015)

END.
