#
# There is insufficient memory for the Java Runtime Environment to continue.
# Native memory allocation (malloc) failed to allocate 1717136 bytes for Chunk::new
# Possible reasons:
#   The system is out of physical RAM or swap space
#   The process is running with CompressedOops enabled, and the Java Heap may be blocking the growth of the native heap
# Possible solutions:
#   Reduce memory load on the system
#   Increase physical memory or swap space
#   Check if swap backing store is full
#   Decrease Java heap size (-Xmx/-Xms)
#   Decrease number of Java threads
#   Decrease Java thread stack sizes (-Xss)
#   Set larger code cache with -XX:ReservedCodeCacheSize=
#   JVM is running with Unscaled Compressed Oops mode in which the Java heap is
#     placed in the first 4GB address space. The Java Heap base address is the
#     maximum limit for the native heap growth. Please use -XX:HeapBaseMinAddress
#     to set the Java Heap base and to place the Java Heap above 4GB virtual address.
# This output file may be truncated or incomplete.
#
#  Out of Memory Error (./src/hotspot/share/memory/arena.cpp:197), pid=10188, tid=5448
#
# JRE version: OpenJDK Runtime Environment (11.0.8+10) (build 11.0.8+10-b944.6842174)
# Java VM: OpenJDK 64-Bit Server VM (11.0.8+10-b944.6842174, mixed mode, tiered, compressed oops, g1 gc, windows-amd64)
# No core dump will be written. Minidumps are not enabled by default on client versions of Windows
#

---------------  S U M M A R Y ------------

Command Line: --add-opens=java.base/java.util=ALL-UNNAMED --add-opens=java.base/java.lang=ALL-UNNAMED --add-opens=java.base/java.lang.invoke=ALL-UNNAMED --add-opens=java.prefs/java.util.prefs=ALL-UNNAMED -Xmx2048m -Dfile.encoding=UTF-8 -Duser.country=US -Duser.language=en -Duser.variant org.gradle.launcher.daemon.bootstrap.GradleDaemon 6.7.1

Host: Intel(R) Core(TM) i5-7200U CPU @ 2.50GHz, 4 cores, 7G,  Windows 10 , 64 bit Build 18362 (10.0.18362.1110)
Time: Mon May 23 18:16:40 2022 Morocco Daylight Time elapsed time: 34 seconds (0d 0h 0m 34s)

---------------  T H R E A D  ---------------

Current thread (0x00000172cff45000):  JavaThread "C2 CompilerThread0" daemon [_thread_in_native, id=5448, stack(0x0000000ef2c00000,0x0000000ef2d00000)]


Current CompileTask:
C2:  34257 8175       4       org.gradle.internal.instantiation.generator.AbstractClassGenerator::inspectType (560 bytes)

Stack: [0x0000000ef2c00000,0x0000000ef2d00000]
Native frames: (J=compiled Java code, j=interpreted, Vv=VM code, C=native code)
V  [jvm.dll+0x5de50a]
V  [jvm.dll+0x7122f5]
V  [jvm.dll+0x71384d]
V  [jvm.dll+0x713f03]
V  [jvm.dll+0x23e728]
V  [jvm.dll+0xb899c]
V  [jvm.dll+0xb8e9c]
V  [jvm.dll+0x35024d]
V  [jvm.dll+0x193cbc]
V  [jvm.dll+0x1f780e]
V  [jvm.dll+0x1f68d4]
V  [jvm.dll+0x17f32c]
V  [jvm.dll+0x205047]
V  [jvm.dll+0x203891]
V  [jvm.dll+0x6dad3f]
V  [jvm.dll+0x6d3895]
V  [jvm.dll+0x5dd4a6]
C  [ucrtbase.dll+0x210b2]
C  [KERNEL32.DLL+0x17c24]
C  [ntdll.dll+0x6d4d1]


---------------  P R O C E S S  ---------------

Threads class SMR info:
_java_thread_list=0x00000172d58ac2c0, length=135, elements={
0x00000172b3bdf800, 0x00000172cf5cb800, 0x00000172cf5cc800, 0x00000172cf5d6800,
0x00000172cff42800, 0x00000172cff45000, 0x00000172cf5e6800, 0x00000172cf5e8000,
0x00000172d0095800, 0x00000172d0097800, 0x00000172d39a3800, 0x00000172d28a5000,
0x00000172d0c0e000, 0x00000172d3485800, 0x00000172d382a000, 0x00000172d2c4d800,
0x00000172d2c4e000, 0x00000172d2c50800, 0x00000172d2c51800, 0x00000172d2c52000,
0x00000172d2c4f000, 0x00000172d2c4c800, 0x00000172d2c4f800, 0x00000172d2360800,
0x00000172d2362800, 0x00000172d2361000, 0x00000172d2363800, 0x00000172d2362000,
0x00000172d235e000, 0x00000172d2364800, 0x00000172d235e800, 0x00000172d2365000,
0x00000172d235f800, 0x00000172d236b000, 0x00000172d2367800, 0x00000172d2366000,
0x00000172d2368800, 0x00000172d2369800, 0x00000172d236a000, 0x00000172d0d64800,
0x00000172d0d63800, 0x00000172d0d6e000, 0x00000172d0d6b800, 0x00000172d0d69800,
0x00000172d0d6d800, 0x00000172d0d6f000, 0x00000172d0d6c800, 0x00000172d0d70000,
0x00000172d0d6b000, 0x00000172d0d6a000, 0x00000172d0d70800, 0x00000172d0d71800,
0x00000172d00a4000, 0x00000172d00a4800, 0x00000172d00a5800, 0x00000172d00a6000,
0x00000172d00a2000, 0x00000172d00a0800, 0x00000172d00a3000, 0x00000172d00a7000,
0x00000172d00a1800, 0x00000172d00aa800, 0x00000172d00ab000, 0x00000172d00a9800,
0x00000172d00ac000, 0x00000172d00ac800, 0x00000172d00ad800, 0x00000172d00a8800,
0x00000172d00a8000, 0x00000172d00ae800, 0x00000172d00af000, 0x00000172d2429800,
0x00000172d242c000, 0x00000172d242f000, 0x00000172d242c800, 0x00000172d242d800,
0x00000172d242e800, 0x00000172d2430000, 0x00000172d242a800, 0x00000172d2431000,
0x00000172d242b000, 0x00000172d2434000, 0x00000172d2431800, 0x00000172d2437800,
0x00000172d2438000, 0x00000172d2432800, 0x00000172d2433000, 0x00000172d2435000,
0x00000172d2435800, 0x00000172d2436800, 0x00000172d590f000, 0x00000172d5913000,
0x00000172d5910800, 0x00000172d5912800, 0x00000172d5914000, 0x00000172d5911800,
0x00000172d5910000, 0x00000172d5916800, 0x00000172d591a800, 0x00000172d5914800,
0x00000172d5917000, 0x00000172d5918000, 0x00000172d5919000, 0x00000172d5919800,
0x00000172d591b800, 0x00000172d5915800, 0x00000172d591c000, 0x00000172d591d000,
0x00000172d591d800, 0x00000172d424e800, 0x00000172d424d000, 0x00000172d4252000,
0x00000172d424e000, 0x00000172d424c000, 0x00000172d4254800, 0x00000172d4252800,
0x00000172d4250800, 0x00000172d4255000, 0x00000172d4253800, 0x00000172d424f800,
0x00000172d4251000, 0x00000172d4256000, 0x00000172d425b000, 0x00000172d4258800,
0x00000172d4257000, 0x00000172d71c7800, 0x00000172d4257800, 0x00000172d4259800,
0x00000172d425a000, 0x00000172d0d67000, 0x00000172d0d65000, 0x00000172d0d68800,
0x00000172d0d67800, 0x00000172d0d63000, 0x00000172d236b800
}

Java Threads: ( => current thread )
  0x00000172b3bdf800 JavaThread "main" [_thread_blocked, id=6400, stack(0x0000000ef2100000,0x0000000ef2200000)]
  0x00000172cf5cb800 JavaThread "Reference Handler" daemon [_thread_blocked, id=4152, stack(0x0000000ef2800000,0x0000000ef2900000)]
  0x00000172cf5cc800 JavaThread "Finalizer" daemon [_thread_blocked, id=7244, stack(0x0000000ef2900000,0x0000000ef2a00000)]
  0x00000172cf5d6800 JavaThread "Signal Dispatcher" daemon [_thread_blocked, id=9956, stack(0x0000000ef2a00000,0x0000000ef2b00000)]
  0x00000172cff42800 JavaThread "Attach Listener" daemon [_thread_blocked, id=7332, stack(0x0000000ef2b00000,0x0000000ef2c00000)]
=>0x00000172cff45000 JavaThread "C2 CompilerThread0" daemon [_thread_in_native, id=5448, stack(0x0000000ef2c00000,0x0000000ef2d00000)]
  0x00000172cf5e6800 JavaThread "C1 CompilerThread0" daemon [_thread_blocked, id=4220, stack(0x0000000ef2d00000,0x0000000ef2e00000)]
  0x00000172cf5e8000 JavaThread "Sweeper thread" daemon [_thread_blocked, id=716, stack(0x0000000ef2e00000,0x0000000ef2f00000)]
  0x00000172d0095800 JavaThread "Common-Cleaner" daemon [_thread_blocked, id=6448, stack(0x0000000ef2f00000,0x0000000ef3000000)]
  0x00000172d0097800 JavaThread "Service Thread" daemon [_thread_blocked, id=4404, stack(0x0000000ef3000000,0x0000000ef3100000)]
  0x00000172d39a3800 JavaThread "Daemon health stats" [_thread_blocked, id=1732, stack(0x0000000ef3500000,0x0000000ef3600000)]
  0x00000172d28a5000 JavaThread "Incoming local TCP Connector on port 50980" [_thread_in_native, id=1256, stack(0x0000000ef3700000,0x0000000ef3800000)]
  0x00000172d0c0e000 JavaThread "Daemon periodic checks" [_thread_blocked, id=11820, stack(0x0000000ef3800000,0x0000000ef3900000)]
  0x00000172d3485800 JavaThread "Daemon" [_thread_blocked, id=4736, stack(0x0000000ef3900000,0x0000000ef3a00000)]
  0x00000172d382a000 JavaThread "Daemon worker" [_thread_in_vm, id=7188, stack(0x0000000ef3c00000,0x0000000ef3d00000)]
  0x00000172d2c4d800 JavaThread "Cache worker for file hash cache (C:\Users\hp\.gradle\caches\6.7.1\fileHashes)" [_thread_blocked, id=5132, stack(0x0000000ef4100000,0x0000000ef4200000)]
  0x00000172d2c4e000 JavaThread "File lock request listener" [_thread_in_native, id=3368, stack(0x0000000ef4200000,0x0000000ef4300000)]
  0x00000172d2c50800 JavaThread "Cache worker for journal cache (C:\Users\hp\.gradle\caches\journal-1)" [_thread_blocked, id=6800, stack(0x0000000ef4300000,0x0000000ef4400000)]
  0x00000172d2c51800 JavaThread "jar transforms" [_thread_blocked, id=8824, stack(0x0000000ef4600000,0x0000000ef4700000)]
  0x00000172d2c52000 JavaThread "jar transforms Thread 2" [_thread_blocked, id=3948, stack(0x0000000ef4700000,0x0000000ef4800000)]
  0x00000172d2c4f000 JavaThread "jar transforms Thread 3" [_thread_blocked, id=3500, stack(0x0000000ef4800000,0x0000000ef4900000)]
  0x00000172d2c4c800 JavaThread "jar transforms Thread 4" [_thread_blocked, id=7220, stack(0x0000000ef4900000,0x0000000ef4a00000)]
  0x00000172d2c4f800 JavaThread "jar transforms Thread 5" [_thread_blocked, id=404, stack(0x0000000ef4a00000,0x0000000ef4b00000)]
  0x00000172d2360800 JavaThread "jar transforms Thread 6" [_thread_blocked, id=7760, stack(0x0000000ef4b00000,0x0000000ef4c00000)]
  0x00000172d2362800 JavaThread "jar transforms Thread 7" [_thread_blocked, id=7444, stack(0x0000000ef4c00000,0x0000000ef4d00000)]
  0x00000172d2361000 JavaThread "jar transforms Thread 8" [_thread_blocked, id=10440, stack(0x0000000ef4d00000,0x0000000ef4e00000)]
  0x00000172d2363800 JavaThread "jar transforms Thread 9" [_thread_blocked, id=11316, stack(0x0000000ef4e00000,0x0000000ef4f00000)]
  0x00000172d2362000 JavaThread "jar transforms Thread 10" [_thread_blocked, id=10180, stack(0x0000000ef4f00000,0x0000000ef5000000)]
  0x00000172d235e000 JavaThread "jar transforms Thread 11" [_thread_blocked, id=9856, stack(0x0000000ef5000000,0x0000000ef5100000)]
  0x00000172d2364800 JavaThread "jar transforms Thread 12" [_thread_blocked, id=10216, stack(0x0000000ef5100000,0x0000000ef5200000)]
  0x00000172d235e800 JavaThread "jar transforms Thread 13" [_thread_blocked, id=6616, stack(0x0000000ef5200000,0x0000000ef5300000)]
  0x00000172d2365000 JavaThread "jar transforms Thread 14" [_thread_blocked, id=5704, stack(0x0000000ef5300000,0x0000000ef5400000)]
  0x00000172d235f800 JavaThread "jar transforms Thread 15" [_thread_blocked, id=3704, stack(0x0000000ef5400000,0x0000000ef5500000)]
  0x00000172d236b000 JavaThread "jar transforms Thread 16" [_thread_blocked, id=4496, stack(0x0000000ef5500000,0x0000000ef5600000)]
  0x00000172d2367800 JavaThread "jar transforms Thread 17" [_thread_blocked, id=7588, stack(0x0000000ef5600000,0x0000000ef5700000)]
  0x00000172d2366000 JavaThread "jar transforms Thread 18" [_thread_blocked, id=4168, stack(0x0000000ef5700000,0x0000000ef5800000)]
  0x00000172d2368800 JavaThread "jar transforms Thread 19" [_thread_blocked, id=6432, stack(0x0000000ef5800000,0x0000000ef5900000)]
  0x00000172d2369800 JavaThread "jar transforms Thread 20" [_thread_blocked, id=3220, stack(0x0000000ef5900000,0x0000000ef5a00000)]
  0x00000172d236a000 JavaThread "jar transforms Thread 21" [_thread_blocked, id=12040, stack(0x0000000ef5a00000,0x0000000ef5b00000)]
  0x00000172d0d64800 JavaThread "Cache worker for execution history cache (C:\Users\hp\.gradle\caches\6.7.1\executionHistory)" [_thread_blocked, id=4420, stack(0x0000000ef5e00000,0x0000000ef5f00000)]
  0x00000172d0d63800 JavaThread "Cache worker for file content cache (C:\Users\hp\.gradle\caches\6.7.1\fileContent)" [_thread_blocked, id=5112, stack(0x0000000ef5f00000,0x0000000ef6000000)]
  0x00000172d0d6e000 JavaThread "jar transforms Thread 22" [_thread_blocked, id=7228, stack(0x0000000ef6500000,0x0000000ef6600000)]
  0x00000172d0d6b800 JavaThread "jar transforms Thread 23" [_thread_blocked, id=204, stack(0x0000000ef6600000,0x0000000ef6700000)]
  0x00000172d0d69800 JavaThread "jar transforms Thread 24" [_thread_blocked, id=7200, stack(0x0000000ef6700000,0x0000000ef6800000)]
  0x00000172d0d6d800 JavaThread "jar transforms Thread 25" [_thread_blocked, id=400, stack(0x0000000ef6800000,0x0000000ef6900000)]
  0x00000172d0d6f000 JavaThread "jar transforms Thread 26" [_thread_blocked, id=7836, stack(0x0000000ef6900000,0x0000000ef6a00000)]
  0x00000172d0d6c800 JavaThread "jar transforms Thread 27" [_thread_blocked, id=7096, stack(0x0000000ef6a00000,0x0000000ef6b00000)]
  0x00000172d0d70000 JavaThread "jar transforms Thread 28" [_thread_blocked, id=5032, stack(0x0000000ef6b00000,0x0000000ef6c00000)]
  0x00000172d0d6b000 JavaThread "jar transforms Thread 29" [_thread_blocked, id=7880, stack(0x0000000ef6c00000,0x0000000ef6d00000)]
  0x00000172d0d6a000 JavaThread "jar transforms Thread 30" [_thread_blocked, id=1472, stack(0x0000000ef6d00000,0x0000000ef6e00000)]
  0x00000172d0d70800 JavaThread "jar transforms Thread 31" [_thread_blocked, id=3116, stack(0x0000000ef6e00000,0x0000000ef6f00000)]
  0x00000172d0d71800 JavaThread "jar transforms Thread 32" [_thread_blocked, id=4912, stack(0x0000000ef6f00000,0x0000000ef7000000)]
  0x00000172d00a4000 JavaThread "jar transforms Thread 33" [_thread_blocked, id=1984, stack(0x0000000ef7000000,0x0000000ef7100000)]
  0x00000172d00a4800 JavaThread "jar transforms Thread 34" [_thread_blocked, id=6208, stack(0x0000000ef7100000,0x0000000ef7200000)]
  0x00000172d00a5800 JavaThread "jar transforms Thread 35" [_thread_blocked, id=4488, stack(0x0000000ef7200000,0x0000000ef7300000)]
  0x00000172d00a6000 JavaThread "jar transforms Thread 36" [_thread_blocked, id=3280, stack(0x0000000ef7300000,0x0000000ef7400000)]
  0x00000172d00a2000 JavaThread "jar transforms Thread 37" [_thread_blocked, id=1348, stack(0x0000000ef7400000,0x0000000ef7500000)]
  0x00000172d00a0800 JavaThread "jar transforms Thread 38" [_thread_blocked, id=11800, stack(0x0000000ef7500000,0x0000000ef7600000)]
  0x00000172d00a3000 JavaThread "jar transforms Thread 39" [_thread_blocked, id=8852, stack(0x0000000ef7600000,0x0000000ef7700000)]
  0x00000172d00a7000 JavaThread "jar transforms Thread 40" [_thread_blocked, id=10068, stack(0x0000000ef7700000,0x0000000ef7800000)]
  0x00000172d00a1800 JavaThread "jar transforms Thread 41" [_thread_blocked, id=2332, stack(0x0000000ef7800000,0x0000000ef7900000)]
  0x00000172d00aa800 JavaThread "jar transforms Thread 42" [_thread_blocked, id=8820, stack(0x0000000ef7900000,0x0000000ef7a00000)]
  0x00000172d00ab000 JavaThread "jar transforms Thread 43" [_thread_blocked, id=9908, stack(0x0000000ef7a00000,0x0000000ef7b00000)]
  0x00000172d00a9800 JavaThread "jar transforms Thread 44" [_thread_blocked, id=8236, stack(0x0000000ef7b00000,0x0000000ef7c00000)]
  0x00000172d00ac000 JavaThread "jar transforms Thread 45" [_thread_blocked, id=2608, stack(0x0000000ef7c00000,0x0000000ef7d00000)]
  0x00000172d00ac800 JavaThread "jar transforms Thread 46" [_thread_blocked, id=5888, stack(0x0000000ef7d00000,0x0000000ef7e00000)]
  0x00000172d00ad800 JavaThread "jar transforms Thread 47" [_thread_blocked, id=9320, stack(0x0000000ef7e00000,0x0000000ef7f00000)]
  0x00000172d00a8800 JavaThread "jar transforms Thread 48" [_thread_blocked, id=1720, stack(0x0000000ef7f00000,0x0000000ef8000000)]
  0x00000172d00a8000 JavaThread "jar transforms Thread 49" [_thread_blocked, id=10944, stack(0x0000000ef8000000,0x0000000ef8100000)]
  0x00000172d00ae800 JavaThread "jar transforms Thread 50" [_thread_blocked, id=8808, stack(0x0000000ef8100000,0x0000000ef8200000)]
  0x00000172d00af000 JavaThread "jar transforms Thread 51" [_thread_blocked, id=9056, stack(0x0000000ef8200000,0x0000000ef8300000)]
  0x00000172d2429800 JavaThread "jar transforms Thread 52" [_thread_blocked, id=10528, stack(0x0000000ef8300000,0x0000000ef8400000)]
  0x00000172d242c000 JavaThread "jar transforms Thread 53" [_thread_blocked, id=12136, stack(0x0000000ef8400000,0x0000000ef8500000)]
  0x00000172d242f000 JavaThread "jar transforms Thread 54" [_thread_blocked, id=2148, stack(0x0000000ef8500000,0x0000000ef8600000)]
  0x00000172d242c800 JavaThread "jar transforms Thread 55" [_thread_blocked, id=5064, stack(0x0000000ef8600000,0x0000000ef8700000)]
  0x00000172d242d800 JavaThread "jar transforms Thread 56" [_thread_blocked, id=6540, stack(0x0000000ef8700000,0x0000000ef8800000)]
  0x00000172d242e800 JavaThread "jar transforms Thread 57" [_thread_blocked, id=8068, stack(0x0000000ef8800000,0x0000000ef8900000)]
  0x00000172d2430000 JavaThread "jar transforms Thread 58" [_thread_blocked, id=9464, stack(0x0000000ef8900000,0x0000000ef8a00000)]
  0x00000172d242a800 JavaThread "jar transforms Thread 59" [_thread_blocked, id=3792, stack(0x0000000ef8a00000,0x0000000ef8b00000)]
  0x00000172d2431000 JavaThread "jar transforms Thread 60" [_thread_blocked, id=11052, stack(0x0000000ef8b00000,0x0000000ef8c00000)]
  0x00000172d242b000 JavaThread "jar transforms Thread 61" [_thread_blocked, id=3712, stack(0x0000000ef8c00000,0x0000000ef8d00000)]
  0x00000172d2434000 JavaThread "jar transforms Thread 62" [_thread_blocked, id=4024, stack(0x0000000ef8d00000,0x0000000ef8e00000)]
  0x00000172d2431800 JavaThread "jar transforms Thread 63" [_thread_blocked, id=6132, stack(0x0000000ef8e00000,0x0000000ef8f00000)]
  0x00000172d2437800 JavaThread "jar transforms Thread 64" [_thread_blocked, id=1916, stack(0x0000000ef8f00000,0x0000000ef9000000)]
  0x00000172d2438000 JavaThread "jar transforms Thread 65" [_thread_blocked, id=6748, stack(0x0000000ef9000000,0x0000000ef9100000)]
  0x00000172d2432800 JavaThread "jar transforms Thread 66" [_thread_blocked, id=2508, stack(0x0000000ef9100000,0x0000000ef9200000)]
  0x00000172d2433000 JavaThread "jar transforms Thread 67" [_thread_blocked, id=1836, stack(0x0000000ef9200000,0x0000000ef9300000)]
  0x00000172d2435000 JavaThread "jar transforms Thread 68" [_thread_blocked, id=7404, stack(0x0000000ef9300000,0x0000000ef9400000)]
  0x00000172d2435800 JavaThread "jar transforms Thread 69" [_thread_blocked, id=9904, stack(0x0000000ef9400000,0x0000000ef9500000)]
  0x00000172d2436800 JavaThread "jar transforms Thread 70" [_thread_blocked, id=828, stack(0x0000000ef9500000,0x0000000ef9600000)]
  0x00000172d590f000 JavaThread "jar transforms Thread 71" [_thread_blocked, id=10312, stack(0x0000000ef9600000,0x0000000ef9700000)]
  0x00000172d5913000 JavaThread "jar transforms Thread 72" [_thread_blocked, id=2952, stack(0x0000000ef9700000,0x0000000ef9800000)]
  0x00000172d5910800 JavaThread "jar transforms Thread 73" [_thread_blocked, id=1892, stack(0x0000000ef9800000,0x0000000ef9900000)]
  0x00000172d5912800 JavaThread "jar transforms Thread 74" [_thread_blocked, id=1956, stack(0x0000000ef9900000,0x0000000ef9a00000)]
  0x00000172d5914000 JavaThread "jar transforms Thread 75" [_thread_blocked, id=11516, stack(0x0000000ef9a00000,0x0000000ef9b00000)]
  0x00000172d5911800 JavaThread "jar transforms Thread 76" [_thread_blocked, id=9944, stack(0x0000000ef9b00000,0x0000000ef9c00000)]
  0x00000172d5910000 JavaThread "jar transforms Thread 77" [_thread_blocked, id=2848, stack(0x0000000ef9c00000,0x0000000ef9d00000)]
  0x00000172d5916800 JavaThread "jar transforms Thread 78" [_thread_blocked, id=11628, stack(0x0000000ef9d00000,0x0000000ef9e00000)]
  0x00000172d591a800 JavaThread "jar transforms Thread 79" [_thread_blocked, id=3908, stack(0x0000000ef9e00000,0x0000000ef9f00000)]
  0x00000172d5914800 JavaThread "jar transforms Thread 80" [_thread_blocked, id=5232, stack(0x0000000ef9f00000,0x0000000efa000000)]
  0x00000172d5917000 JavaThread "jar transforms Thread 81" [_thread_blocked, id=6708, stack(0x0000000efa000000,0x0000000efa100000)]
  0x00000172d5918000 JavaThread "jar transforms Thread 82" [_thread_blocked, id=4796, stack(0x0000000efa100000,0x0000000efa200000)]
  0x00000172d5919000 JavaThread "jar transforms Thread 83" [_thread_blocked, id=8324, stack(0x0000000efa200000,0x0000000efa300000)]
  0x00000172d5919800 JavaThread "jar transforms Thread 84" [_thread_blocked, id=2976, stack(0x0000000efa300000,0x0000000efa400000)]
  0x00000172d591b800 JavaThread "jar transforms Thread 85" [_thread_blocked, id=2804, stack(0x0000000efa400000,0x0000000efa500000)]
  0x00000172d5915800 JavaThread "jar transforms Thread 86" [_thread_blocked, id=5156, stack(0x0000000efa500000,0x0000000efa600000)]
  0x00000172d591c000 JavaThread "jar transforms Thread 87" [_thread_blocked, id=6264, stack(0x0000000efa600000,0x0000000efa700000)]
  0x00000172d591d000 JavaThread "jar transforms Thread 88" [_thread_blocked, id=7556, stack(0x0000000efa700000,0x0000000efa800000)]
  0x00000172d591d800 JavaThread "jar transforms Thread 89" [_thread_blocked, id=11520, stack(0x0000000efa800000,0x0000000efa900000)]
  0x00000172d424e800 JavaThread "jar transforms Thread 90" [_thread_blocked, id=9396, stack(0x0000000efa900000,0x0000000efaa00000)]
  0x00000172d424d000 JavaThread "jar transforms Thread 91" [_thread_blocked, id=6668, stack(0x0000000efaa00000,0x0000000efab00000)]
  0x00000172d4252000 JavaThread "jar transforms Thread 92" [_thread_blocked, id=3360, stack(0x0000000efab00000,0x0000000efac00000)]
  0x00000172d424e000 JavaThread "jar transforms Thread 93" [_thread_blocked, id=4568, stack(0x0000000efac00000,0x0000000efad00000)]
  0x00000172d424c000 JavaThread "jar transforms Thread 94" [_thread_blocked, id=12076, stack(0x0000000efad00000,0x0000000efae00000)]
  0x00000172d4254800 JavaThread "jar transforms Thread 95" [_thread_blocked, id=4616, stack(0x0000000efae00000,0x0000000efaf00000)]
  0x00000172d4252800 JavaThread "jar transforms Thread 96" [_thread_blocked, id=5148, stack(0x0000000efaf00000,0x0000000efb000000)]
  0x00000172d4250800 JavaThread "jar transforms Thread 97" [_thread_blocked, id=10496, stack(0x0000000efb000000,0x0000000efb100000)]
  0x00000172d4255000 JavaThread "jar transforms Thread 98" [_thread_blocked, id=3932, stack(0x0000000efb100000,0x0000000efb200000)]
  0x00000172d4253800 JavaThread "jar transforms Thread 99" [_thread_blocked, id=6868, stack(0x0000000efb200000,0x0000000efb300000)]
  0x00000172d424f800 JavaThread "Handler for socket connection from /127.0.0.1:50980 to /127.0.0.1:50999" [_thread_in_native, id=2904, stack(0x0000000ef3a00000,0x0000000ef3b00000)]
  0x00000172d4251000 JavaThread "Cancel handler" [_thread_blocked, id=4976, stack(0x0000000ef3b00000,0x0000000ef3c00000)]
  0x00000172d4256000 JavaThread "Asynchronous log dispatcher for DefaultDaemonConnection: socket connection from /127.0.0.1:50980 to /127.0.0.1:50999" [_thread_blocked, id=8444, stack(0x0000000ef3d00000,0x0000000ef3e00000)]
  0x00000172d425b000 JavaThread "Stdin handler" [_thread_blocked, id=5924, stack(0x0000000ef3e00000,0x0000000ef3f00000)]
  0x00000172d4258800 JavaThread "Thread-125" [_thread_blocked, id=5724, stack(0x0000000ef3f00000,0x0000000ef4000000)]
  0x00000172d4257000 JavaThread "Cache worker for file hash cache (C:\Users\hp\AndroidStudioProjects\myPharmacy\.gradle\6.7.1\fileHashes)" [_thread_blocked, id=10432, stack(0x0000000ef4400000,0x0000000ef4500000)]
  0x00000172d71c7800 JavaThread "C2 CompilerThread1" daemon [_thread_blocked, id=6184, stack(0x0000000ef4500000,0x0000000ef4600000)]
  0x00000172d4257800 JavaThread "Cache worker for checksums cache (C:\Users\hp\AndroidStudioProjects\myPharmacy\.gradle\checksums)" [_thread_blocked, id=3320, stack(0x0000000ef5b00000,0x0000000ef5c00000)]
  0x00000172d4259800 JavaThread "Cache worker for cache directory md-supplier (C:\Users\hp\.gradle\caches\6.7.1\md-supplier)" [_thread_blocked, id=9872, stack(0x0000000ef5c00000,0x0000000ef5d00000)]
  0x00000172d425a000 JavaThread "Cache worker for cache directory md-rule (C:\Users\hp\.gradle\caches\6.7.1\md-rule)" [_thread_blocked, id=7360, stack(0x0000000ef5d00000,0x0000000ef5e00000)]
  0x00000172d0d67000 JavaThread "Cache worker for Build Output Cleanup Cache (C:\Users\hp\AndroidStudioProjects\myPharmacy\.gradle\buildOutputCleanup)" [_thread_blocked, id=4492, stack(0x0000000ef6000000,0x0000000ef6100000)]
  0x00000172d0d65000 JavaThread "Build operations" [_thread_blocked, id=6240, stack(0x0000000ef6100000,0x0000000ef6200000)]
  0x00000172d0d68800 JavaThread "Build operations Thread 2" [_thread_blocked, id=868, stack(0x0000000ef6200000,0x0000000ef6300000)]
  0x00000172d0d67800 JavaThread "Build operations Thread 3" [_thread_blocked, id=1216, stack(0x0000000ef6300000,0x0000000ef6400000)]
  0x00000172d0d63000 JavaThread "Build operations Thread 4" [_thread_blocked, id=4300, stack(0x0000000ef6400000,0x0000000ef6500000)]
  0x00000172d236b800 JavaThread "Memory manager" [_thread_blocked, id=5684, stack(0x0000000efb300000,0x0000000efb400000)]

Other Threads:
  0x00000172cf5c7000 VMThread "VM Thread" [stack: 0x0000000ef2700000,0x0000000ef2800000] [id=7396]
  0x00000172d00ea800 WatcherThread [stack: 0x0000000ef3100000,0x0000000ef3200000] [id=3056]
  0x00000172b3bf9000 GCTaskThread "GC Thread#0" [stack: 0x0000000ef2200000,0x0000000ef2300000] [id=6268]
  0x00000172d02fe800 GCTaskThread "GC Thread#1" [stack: 0x0000000ef3300000,0x0000000ef3400000] [id=7796]
  0x00000172d03d0800 GCTaskThread "GC Thread#2" [stack: 0x0000000ef3400000,0x0000000ef3500000] [id=8644]
  0x00000172d14c5800 GCTaskThread "GC Thread#3" [stack: 0x0000000ef4000000,0x0000000ef4100000] [id=308]
  0x00000172b3c2e000 ConcurrentGCThread "G1 Main Marker" [stack: 0x0000000ef2300000,0x0000000ef2400000] [id=11240]
  0x00000172b3c30000 ConcurrentGCThread "G1 Conc#0" [stack: 0x0000000ef2400000,0x0000000ef2500000] [id=2480]
  0x00000172b3cae000 ConcurrentGCThread "G1 Refine#0" [stack: 0x0000000ef2500000,0x0000000ef2600000] [id=4036]
  0x00000172cf418800 ConcurrentGCThread "G1 Young RemSet Sampling" [stack: 0x0000000ef2600000,0x0000000ef2700000] [id=12236]

Threads with active compile tasks:
C2 CompilerThread0  34313 8175       4       org.gradle.internal.instantiation.generator.AbstractClassGenerator::inspectType (560 bytes)

VM state:not at safepoint (normal execution)

VM Mutex/Monitor currently owned by a thread: None

Heap address: 0x0000000080000000, size: 2048 MB, Compressed Oops mode: 32-bit
Narrow klass base: 0x0000000000000000, Narrow klass shift: 3
Compressed class space size: 1073741824 Address: 0x0000000100000000

Heap:
 garbage-first heap   total 157696K, used 89026K [0x0000000080000000, 0x0000000100000000)
  region size 1024K, 9 young (9216K), 6 survivors (6144K)
 Metaspace       used 82504K, capacity 84719K, committed 84988K, reserved 1122304K
  class space    used 10664K, capacity 11356K, committed 11392K, reserved 1048576K
Heap Regions: E=young(eden), S=young(survivor), O=old, HS=humongous(starts), HC=humongous(continues), CS=collection set, F=free, A=archive, TAMS=top-at-mark-start (previous, next)
|   0|0x0000000080000000, 0x0000000080100000, 0x0000000080100000|100%| O|  |TAMS 0x0000000080100000, 0x0000000080100000| Untracked 
|   1|0x0000000080100000, 0x0000000080200000, 0x0000000080200000|100%| O|  |TAMS 0x0000000080200000, 0x0000000080200000| Untracked 
|   2|0x0000000080200000, 0x0000000080300000, 0x0000000080300000|100%| O|  |TAMS 0x0000000080300000, 0x0000000080300000| Untracked 
|   3|0x0000000080300000, 0x0000000080400000, 0x0000000080400000|100%|HS|  |TAMS 0x0000000080400000, 0x0000000080400000| Complete 
|   4|0x0000000080400000, 0x0000000080500000, 0x0000000080500000|100%|HC|  |TAMS 0x0000000080500000, 0x0000000080500000| Complete 
|   5|0x0000000080500000, 0x0000000080600000, 0x0000000080600000|100%|HC|  |TAMS 0x0000000080600000, 0x0000000080600000| Complete 
|   6|0x0000000080600000, 0x0000000080700000, 0x0000000080700000|100%| O|  |TAMS 0x0000000080700000, 0x0000000080700000| Untracked 
|   7|0x0000000080700000, 0x0000000080800000, 0x0000000080800000|100%| O|  |TAMS 0x0000000080800000, 0x0000000080800000| Untracked 
|   8|0x0000000080800000, 0x0000000080900000, 0x0000000080900000|100%| O|  |TAMS 0x0000000080900000, 0x0000000080900000| Untracked 
|   9|0x0000000080900000, 0x0000000080a00000, 0x0000000080a00000|100%| O|  |TAMS 0x0000000080a00000, 0x0000000080a00000| Untracked 
|  10|0x0000000080a00000, 0x0000000080b00000, 0x0000000080b00000|100%| O|  |TAMS 0x0000000080b00000, 0x0000000080b00000| Untracked 
|  11|0x0000000080b00000, 0x0000000080c00000, 0x0000000080c00000|100%| O|  |TAMS 0x0000000080c00000, 0x0000000080c00000| Untracked 
|  12|0x0000000080c00000, 0x0000000080d00000, 0x0000000080d00000|100%| O|  |TAMS 0x0000000080d00000, 0x0000000080d00000| Untracked 
|  13|0x0000000080d00000, 0x0000000080e00000, 0x0000000080e00000|100%|HS|  |TAMS 0x0000000080e00000, 0x0000000080e00000| Complete 
|  14|0x0000000080e00000, 0x0000000080f00000, 0x0000000080f00000|100%|HC|  |TAMS 0x0000000080f00000, 0x0000000080f00000| Complete 
|  15|0x0000000080f00000, 0x0000000081000000, 0x0000000081000000|100%|HS|  |TAMS 0x0000000081000000, 0x0000000081000000| Complete 
|  16|0x0000000081000000, 0x0000000081100000, 0x0000000081100000|100%|HC|  |TAMS 0x0000000081100000, 0x0000000081100000| Complete 
|  17|0x0000000081100000, 0x0000000081200000, 0x0000000081200000|100%|HC|  |TAMS 0x0000000081200000, 0x0000000081200000| Complete 
|  18|0x0000000081200000, 0x0000000081300000, 0x0000000081300000|100%|HS|  |TAMS 0x0000000081300000, 0x0000000081300000| Complete 
|  19|0x0000000081300000, 0x0000000081400000, 0x0000000081400000|100%|HC|  |TAMS 0x0000000081400000, 0x0000000081400000| Complete 
|  20|0x0000000081400000, 0x0000000081500000, 0x0000000081500000|100%|HC|  |TAMS 0x0000000081500000, 0x0000000081500000| Complete 
|  21|0x0000000081500000, 0x0000000081600000, 0x0000000081600000|100%|HC|  |TAMS 0x0000000081600000, 0x0000000081600000| Complete 
|  22|0x0000000081600000, 0x0000000081700000, 0x0000000081700000|100%| O|  |TAMS 0x0000000081700000, 0x0000000081700000| Untracked 
|  23|0x0000000081700000, 0x0000000081800000, 0x0000000081800000|100%| O|  |TAMS 0x0000000081800000, 0x0000000081800000| Untracked 
|  24|0x0000000081800000, 0x0000000081900000, 0x0000000081900000|100%| O|  |TAMS 0x0000000081900000, 0x0000000081900000| Untracked 
|  25|0x0000000081900000, 0x0000000081a00000, 0x0000000081a00000|100%| O|  |TAMS 0x0000000081a00000, 0x0000000081a00000| Untracked 
|  26|0x0000000081a00000, 0x0000000081b00000, 0x0000000081b00000|100%|HS|  |TAMS 0x0000000081b00000, 0x0000000081b00000| Complete 
|  27|0x0000000081b00000, 0x0000000081c00000, 0x0000000081c00000|100%| O|  |TAMS 0x0000000081c00000, 0x0000000081c00000| Untracked 
|  28|0x0000000081c00000, 0x0000000081d00000, 0x0000000081d00000|100%| O|  |TAMS 0x0000000081d00000, 0x0000000081d00000| Untracked 
|  29|0x0000000081d00000, 0x0000000081e00000, 0x0000000081e00000|100%|HS|  |TAMS 0x0000000081e00000, 0x0000000081e00000| Complete 
|  30|0x0000000081e00000, 0x0000000081f00000, 0x0000000081f00000|100%|HC|  |TAMS 0x0000000081f00000, 0x0000000081f00000| Complete 
|  31|0x0000000081f00000, 0x0000000082000000, 0x0000000082000000|100%|HC|  |TAMS 0x0000000082000000, 0x0000000082000000| Complete 
|  32|0x0000000082000000, 0x0000000082100000, 0x0000000082100000|100%|HC|  |TAMS 0x0000000082100000, 0x0000000082100000| Complete 
|  33|0x0000000082100000, 0x0000000082200000, 0x0000000082200000|100%|HS|  |TAMS 0x0000000082200000, 0x0000000082200000| Complete 
|  34|0x0000000082200000, 0x0000000082300000, 0x0000000082300000|100%|HC|  |TAMS 0x0000000082300000, 0x0000000082300000| Complete 
|  35|0x0000000082300000, 0x0000000082400000, 0x0000000082400000|100%|HC|  |TAMS 0x0000000082400000, 0x0000000082400000| Complete 
|  36|0x0000000082400000, 0x0000000082500000, 0x0000000082500000|100%| O|  |TAMS 0x0000000082500000, 0x0000000082500000| Untracked 
|  37|0x0000000082500000, 0x0000000082600000, 0x0000000082600000|100%| O|  |TAMS 0x0000000082600000, 0x0000000082600000| Untracked 
|  38|0x0000000082600000, 0x0000000082700000, 0x0000000082700000|100%| O|  |TAMS 0x0000000082700000, 0x0000000082700000| Untracked 
|  39|0x0000000082700000, 0x0000000082800000, 0x0000000082800000|100%| O|  |TAMS 0x0000000082800000, 0x0000000082800000| Untracked 
|  40|0x0000000082800000, 0x0000000082900000, 0x0000000082900000|100%| O|  |TAMS 0x0000000082900000, 0x0000000082900000| Untracked 
|  41|0x0000000082900000, 0x0000000082a00000, 0x0000000082a00000|100%| O|  |TAMS 0x0000000082a00000, 0x0000000082a00000| Untracked 
|  42|0x0000000082a00000, 0x0000000082b00000, 0x0000000082b00000|100%| O|  |TAMS 0x0000000082b00000, 0x0000000082b00000| Untracked 
|  43|0x0000000082b00000, 0x0000000082c00000, 0x0000000082c00000|100%| O|  |TAMS 0x0000000082c00000, 0x0000000082c00000| Untracked 
|  44|0x0000000082c00000, 0x0000000082d00000, 0x0000000082d00000|100%| O|  |TAMS 0x0000000082d00000, 0x0000000082d00000| Untracked 
|  45|0x0000000082d00000, 0x0000000082e00000, 0x0000000082e00000|100%| O|  |TAMS 0x0000000082e00000, 0x0000000082e00000| Untracked 
|  46|0x0000000082e00000, 0x0000000082f00000, 0x0000000082f00000|100%|HS|  |TAMS 0x0000000082f00000, 0x0000000082f00000| Complete 
|  47|0x0000000082f00000, 0x0000000083000000, 0x0000000083000000|100%|HC|  |TAMS 0x0000000083000000, 0x0000000083000000| Complete 
|  48|0x0000000083000000, 0x0000000083100000, 0x0000000083100000|100%| O|  |TAMS 0x0000000083100000, 0x0000000083100000| Untracked 
|  49|0x0000000083100000, 0x0000000083200000, 0x0000000083200000|100%| O|  |TAMS 0x0000000083200000, 0x0000000083200000| Untracked 
|  50|0x0000000083200000, 0x0000000083300000, 0x0000000083300000|100%| O|  |TAMS 0x0000000083300000, 0x0000000083300000| Untracked 
|  51|0x0000000083300000, 0x0000000083400000, 0x0000000083400000|100%| O|  |TAMS 0x0000000083400000, 0x0000000083400000| Untracked 
|  52|0x0000000083400000, 0x0000000083500000, 0x0000000083500000|100%| O|  |TAMS 0x0000000083500000, 0x0000000083500000| Untracked 
|  53|0x0000000083500000, 0x0000000083600000, 0x0000000083600000|100%| O|  |TAMS 0x0000000083600000, 0x0000000083600000| Untracked 
|  54|0x0000000083600000, 0x0000000083700000, 0x0000000083700000|100%| O|  |TAMS 0x0000000083700000, 0x0000000083700000| Untracked 
|  55|0x0000000083700000, 0x0000000083800000, 0x0000000083800000|100%| O|  |TAMS 0x0000000083800000, 0x0000000083800000| Untracked 
|  56|0x0000000083800000, 0x0000000083900000, 0x0000000083900000|100%| O|  |TAMS 0x0000000083900000, 0x0000000083900000| Untracked 
|  57|0x0000000083900000, 0x0000000083a00000, 0x0000000083a00000|100%| O|  |TAMS 0x0000000083a00000, 0x0000000083a00000| Untracked 
|  58|0x0000000083a00000, 0x0000000083b00000, 0x0000000083b00000|100%| O|  |TAMS 0x0000000083b00000, 0x0000000083b00000| Untracked 
|  59|0x0000000083b00000, 0x0000000083c00000, 0x0000000083c00000|100%| O|  |TAMS 0x0000000083c00000, 0x0000000083c00000| Untracked 
|  60|0x0000000083c00000, 0x0000000083d00000, 0x0000000083d00000|100%| O|  |TAMS 0x0000000083d00000, 0x0000000083d00000| Untracked 
|  61|0x0000000083d00000, 0x0000000083e00000, 0x0000000083e00000|100%| O|  |TAMS 0x0000000083e00000, 0x0000000083e00000| Untracked 
|  62|0x0000000083e00000, 0x0000000083f00000, 0x0000000083f00000|100%| O|  |TAMS 0x0000000083f00000, 0x0000000083f00000| Untracked 
|  63|0x0000000083f00000, 0x0000000084000000, 0x0000000084000000|100%| O|  |TAMS 0x0000000084000000, 0x0000000084000000| Untracked 
|  64|0x0000000084000000, 0x0000000084100000, 0x0000000084100000|100%| O|  |TAMS 0x0000000084100000, 0x0000000084100000| Untracked 
|  65|0x0000000084100000, 0x0000000084200000, 0x0000000084200000|100%| O|  |TAMS 0x0000000084200000, 0x0000000084200000| Untracked 
|  66|0x0000000084200000, 0x0000000084300000, 0x0000000084300000|100%| O|  |TAMS 0x0000000084300000, 0x0000000084300000| Untracked 
|  67|0x0000000084300000, 0x0000000084400000, 0x0000000084400000|100%| O|  |TAMS 0x0000000084400000, 0x0000000084400000| Untracked 
|  68|0x0000000084400000, 0x0000000084500000, 0x0000000084500000|100%| O|  |TAMS 0x0000000084500000, 0x0000000084500000| Untracked 
|  69|0x0000000084500000, 0x0000000084600000, 0x0000000084600000|100%| O|  |TAMS 0x0000000084600000, 0x0000000084600000| Untracked 
|  70|0x0000000084600000, 0x0000000084700000, 0x0000000084700000|100%| O|  |TAMS 0x0000000084700000, 0x0000000084700000| Untracked 
|  71|0x0000000084700000, 0x0000000084800000, 0x0000000084800000|100%| O|  |TAMS 0x0000000084800000, 0x0000000084800000| Untracked 
|  72|0x0000000084800000, 0x0000000084900000, 0x0000000084900000|100%| O|  |TAMS 0x0000000084900000, 0x0000000084900000| Untracked 
|  73|0x0000000084900000, 0x0000000084a00000, 0x0000000084a00000|100%| O|  |TAMS 0x0000000084900000, 0x0000000084a00000| Untracked 
|  74|0x0000000084a00000, 0x0000000084b00000, 0x0000000084b00000|100%| O|  |TAMS 0x0000000084a00000, 0x0000000084b00000| Untracked 
|  75|0x0000000084b00000, 0x0000000084c00000, 0x0000000084c00000|100%| O|  |TAMS 0x0000000084b00000, 0x0000000084c00000| Untracked 
|  76|0x0000000084c00000, 0x0000000084d00000, 0x0000000084d00000|100%| O|  |TAMS 0x0000000084c00000, 0x0000000084d00000| Untracked 
|  77|0x0000000084d00000, 0x0000000084e00000, 0x0000000084e00000|100%| O|  |TAMS 0x0000000084d00000, 0x0000000084e00000| Untracked 
|  78|0x0000000084e00000, 0x0000000084f00000, 0x0000000084f00000|100%| O|  |TAMS 0x0000000084e00000, 0x0000000084f00000| Untracked 
|  79|0x0000000084f00000, 0x0000000084f65400, 0x0000000085000000| 39%| O|  |TAMS 0x0000000084f00000, 0x0000000084f65400| Untracked 
|  80|0x0000000085000000, 0x0000000085000000, 0x0000000085100000|  0%| F|  |TAMS 0x0000000085000000, 0x0000000085000000| Untracked 
|  81|0x0000000085100000, 0x0000000085100000, 0x0000000085200000|  0%| F|  |TAMS 0x0000000085100000, 0x0000000085100000| Untracked 
|  82|0x0000000085200000, 0x0000000085200000, 0x0000000085300000|  0%| F|  |TAMS 0x0000000085200000, 0x0000000085200000| Untracked 
|  83|0x0000000085300000, 0x0000000085300000, 0x0000000085400000|  0%| F|  |TAMS 0x0000000085300000, 0x0000000085300000| Untracked 
|  84|0x0000000085400000, 0x0000000085400000, 0x0000000085500000|  0%| F|  |TAMS 0x0000000085400000, 0x0000000085400000| Untracked 
|  85|0x0000000085500000, 0x0000000085500000, 0x0000000085600000|  0%| F|  |TAMS 0x0000000085500000, 0x0000000085500000| Untracked 
|  86|0x0000000085600000, 0x0000000085600000, 0x0000000085700000|  0%| F|  |TAMS 0x0000000085600000, 0x0000000085600000| Untracked 
|  87|0x0000000085700000, 0x0000000085700000, 0x0000000085800000|  0%| F|  |TAMS 0x0000000085700000, 0x0000000085700000| Untracked 
|  88|0x0000000085800000, 0x0000000085800000, 0x0000000085900000|  0%| F|  |TAMS 0x0000000085800000, 0x0000000085800000| Untracked 
|  89|0x0000000085900000, 0x0000000085900000, 0x0000000085a00000|  0%| F|  |TAMS 0x0000000085900000, 0x0000000085900000| Untracked 
|  90|0x0000000085a00000, 0x0000000085a00000, 0x0000000085b00000|  0%| F|  |TAMS 0x0000000085a00000, 0x0000000085a00000| Untracked 
|  91|0x0000000085b00000, 0x0000000085b00000, 0x0000000085c00000|  0%| F|  |TAMS 0x0000000085b00000, 0x0000000085b00000| Untracked 
|  92|0x0000000085c00000, 0x0000000085c00000, 0x0000000085d00000|  0%| F|  |TAMS 0x0000000085c00000, 0x0000000085c00000| Untracked 
|  93|0x0000000085d00000, 0x0000000085d00000, 0x0000000085e00000|  0%| F|  |TAMS 0x0000000085d00000, 0x0000000085d00000| Untracked 
|  94|0x0000000085e00000, 0x0000000085e00000, 0x0000000085f00000|  0%| F|  |TAMS 0x0000000085e00000, 0x0000000085e00000| Untracked 
|  95|0x0000000085f00000, 0x0000000085f00000, 0x0000000086000000|  0%| F|  |TAMS 0x0000000085f00000, 0x0000000085f00000| Untracked 
|  96|0x0000000086000000, 0x0000000086000000, 0x0000000086100000|  0%| F|  |TAMS 0x0000000086000000, 0x0000000086000000| Untracked 
|  97|0x0000000086100000, 0x0000000086100000, 0x0000000086200000|  0%| F|  |TAMS 0x0000000086100000, 0x0000000086100000| Untracked 
|  98|0x0000000086200000, 0x0000000086200000, 0x0000000086300000|  0%| F|  |TAMS 0x0000000086200000, 0x0000000086200000| Untracked 
|  99|0x0000000086300000, 0x000000008638b740, 0x0000000086400000| 54%| S|CS|TAMS 0x0000000086300000, 0x0000000086300000| Complete 
| 100|0x0000000086400000, 0x0000000086500000, 0x0000000086500000|100%| S|CS|TAMS 0x0000000086400000, 0x0000000086400000| Complete 
| 101|0x0000000086500000, 0x0000000086600000, 0x0000000086600000|100%| S|CS|TAMS 0x0000000086500000, 0x0000000086500000| Complete 
| 102|0x0000000086600000, 0x0000000086700000, 0x0000000086700000|100%| S|CS|TAMS 0x0000000086600000, 0x0000000086600000| Complete 
| 103|0x0000000086700000, 0x0000000086700000, 0x0000000086800000|  0%| F|  |TAMS 0x0000000086700000, 0x0000000086700000| Untracked 
| 104|0x0000000086800000, 0x0000000086800000, 0x0000000086900000|  0%| F|  |TAMS 0x0000000086800000, 0x0000000086800000| Untracked 
| 105|0x0000000086900000, 0x0000000086a00000, 0x0000000086a00000|100%| S|CS|TAMS 0x0000000086900000, 0x0000000086900000| Complete 
| 106|0x0000000086a00000, 0x0000000086a00000, 0x0000000086b00000|  0%| F|  |TAMS 0x0000000086a00000, 0x0000000086a00000| Untracked 
| 107|0x0000000086b00000, 0x0000000086b00000, 0x0000000086c00000|  0%| F|  |TAMS 0x0000000086b00000, 0x0000000086b00000| Untracked 
| 108|0x0000000086c00000, 0x0000000086d00000, 0x0000000086d00000|100%| S|CS|TAMS 0x0000000086c00000, 0x0000000086c00000| Complete 
| 109|0x0000000086d00000, 0x0000000086d00000, 0x0000000086e00000|  0%| F|  |TAMS 0x0000000086d00000, 0x0000000086d00000| Untracked 
| 110|0x0000000086e00000, 0x0000000086e00000, 0x0000000086f00000|  0%| F|  |TAMS 0x0000000086e00000, 0x0000000086e00000| Untracked 
| 111|0x0000000086f00000, 0x0000000086f00000, 0x0000000087000000|  0%| F|  |TAMS 0x0000000086f00000, 0x0000000086f00000| Untracked 
| 112|0x0000000087000000, 0x0000000087000000, 0x0000000087100000|  0%| F|  |TAMS 0x0000000087000000, 0x0000000087000000| Untracked 
| 113|0x0000000087100000, 0x0000000087100000, 0x0000000087200000|  0%| F|  |TAMS 0x0000000087100000, 0x0000000087100000| Untracked 
| 114|0x0000000087200000, 0x0000000087200000, 0x0000000087300000|  0%| F|  |TAMS 0x0000000087200000, 0x0000000087200000| Untracked 
| 115|0x0000000087300000, 0x0000000087300000, 0x0000000087400000|  0%| F|  |TAMS 0x0000000087300000, 0x0000000087300000| Untracked 
| 116|0x0000000087400000, 0x0000000087400000, 0x0000000087500000|  0%| F|  |TAMS 0x0000000087400000, 0x0000000087400000| Untracked 
| 117|0x0000000087500000, 0x0000000087500000, 0x0000000087600000|  0%| F|  |TAMS 0x0000000087500000, 0x0000000087500000| Untracked 
| 118|0x0000000087600000, 0x0000000087600000, 0x0000000087700000|  0%| F|  |TAMS 0x0000000087600000, 0x0000000087600000| Untracked 
| 119|0x0000000087700000, 0x0000000087700000, 0x0000000087800000|  0%| F|  |TAMS 0x0000000087700000, 0x0000000087700000| Untracked 
| 120|0x0000000087800000, 0x0000000087800000, 0x0000000087900000|  0%| F|  |TAMS 0x0000000087800000, 0x0000000087800000| Untracked 
| 121|0x0000000087900000, 0x0000000087900000, 0x0000000087a00000|  0%| F|  |TAMS 0x0000000087900000, 0x0000000087900000| Untracked 
| 122|0x0000000087a00000, 0x0000000087a00000, 0x0000000087b00000|  0%| F|  |TAMS 0x0000000087a00000, 0x0000000087a00000| Untracked 
| 123|0x0000000087b00000, 0x0000000087b00000, 0x0000000087c00000|  0%| F|  |TAMS 0x0000000087b00000, 0x0000000087b00000| Untracked 
| 124|0x0000000087c00000, 0x0000000087c00000, 0x0000000087d00000|  0%| F|  |TAMS 0x0000000087c00000, 0x0000000087c00000| Untracked 
| 125|0x0000000087d00000, 0x0000000087d00000, 0x0000000087e00000|  0%| F|  |TAMS 0x0000000087d00000, 0x0000000087d00000| Untracked 
| 126|0x0000000087e00000, 0x0000000087e00000, 0x0000000087f00000|  0%| F|  |TAMS 0x0000000087e00000, 0x0000000087e00000| Untracked 
| 127|0x0000000087f00000, 0x0000000087f00000, 0x0000000088000000|  0%| F|  |TAMS 0x0000000087f00000, 0x0000000087f00000| Untracked 
| 128|0x0000000088000000, 0x0000000088000000, 0x0000000088100000|  0%| F|  |TAMS 0x0000000088000000, 0x0000000088000000| Untracked 
| 129|0x0000000088100000, 0x0000000088100000, 0x0000000088200000|  0%| F|  |TAMS 0x0000000088100000, 0x0000000088100000| Untracked 
| 130|0x0000000088200000, 0x0000000088200000, 0x0000000088300000|  0%| F|  |TAMS 0x0000000088200000, 0x0000000088200000| Untracked 
| 131|0x0000000088300000, 0x0000000088300000, 0x0000000088400000|  0%| F|  |TAMS 0x0000000088300000, 0x0000000088300000| Untracked 
| 132|0x0000000088400000, 0x0000000088400000, 0x0000000088500000|  0%| F|  |TAMS 0x0000000088400000, 0x0000000088400000| Untracked 
| 133|0x0000000088500000, 0x0000000088500000, 0x0000000088600000|  0%| F|  |TAMS 0x0000000088500000, 0x0000000088500000| Untracked 
| 134|0x0000000088600000, 0x0000000088600000, 0x0000000088700000|  0%| F|  |TAMS 0x0000000088600000, 0x0000000088600000| Untracked 
| 135|0x0000000088700000, 0x0000000088700000, 0x0000000088800000|  0%| F|  |TAMS 0x0000000088700000, 0x0000000088700000| Untracked 
| 136|0x0000000088800000, 0x0000000088800000, 0x0000000088900000|  0%| F|  |TAMS 0x0000000088800000, 0x0000000088800000| Untracked 
| 137|0x0000000088900000, 0x0000000088900000, 0x0000000088a00000|  0%| F|  |TAMS 0x0000000088900000, 0x0000000088900000| Untracked 
| 138|0x0000000088a00000, 0x0000000088a00000, 0x0000000088b00000|  0%| F|  |TAMS 0x0000000088a00000, 0x0000000088a00000| Untracked 
| 139|0x0000000088b00000, 0x0000000088b00000, 0x0000000088c00000|  0%| F|  |TAMS 0x0000000088b00000, 0x0000000088b00000| Untracked 
| 140|0x0000000088c00000, 0x0000000088c00000, 0x0000000088d00000|  0%| F|  |TAMS 0x0000000088c00000, 0x0000000088c00000| Untracked 
| 141|0x0000000088d00000, 0x0000000088d00000, 0x0000000088e00000|  0%| F|  |TAMS 0x0000000088d00000, 0x0000000088d00000| Untracked 
| 142|0x0000000088e00000, 0x0000000088e00000, 0x0000000088f00000|  0%| F|  |TAMS 0x0000000088e00000, 0x0000000088e00000| Untracked 
| 143|0x0000000088f00000, 0x0000000088f00000, 0x0000000089000000|  0%| F|  |TAMS 0x0000000088f00000, 0x0000000088f00000| Untracked 
| 144|0x0000000089000000, 0x0000000089000000, 0x0000000089100000|  0%| F|  |TAMS 0x0000000089000000, 0x0000000089000000| Untracked 
| 145|0x0000000089100000, 0x0000000089100000, 0x0000000089200000|  0%| F|  |TAMS 0x0000000089100000, 0x0000000089100000| Untracked 
| 146|0x0000000089200000, 0x0000000089200000, 0x0000000089300000|  0%| F|  |TAMS 0x0000000089200000, 0x0000000089200000| Untracked 
| 147|0x0000000089300000, 0x0000000089300000, 0x0000000089400000|  0%| F|  |TAMS 0x0000000089300000, 0x0000000089300000| Untracked 
| 148|0x0000000089400000, 0x0000000089400000, 0x0000000089500000|  0%| F|  |TAMS 0x0000000089400000, 0x0000000089400000| Untracked 
| 149|0x0000000089500000, 0x0000000089500000, 0x0000000089600000|  0%| F|  |TAMS 0x0000000089500000, 0x0000000089500000| Untracked 
| 150|0x0000000089600000, 0x0000000089600800, 0x0000000089700000|  0%| E|  |TAMS 0x0000000089600000, 0x0000000089600000| Complete 
| 151|0x0000000089700000, 0x0000000089800000, 0x0000000089800000|100%| E|CS|TAMS 0x0000000089700000, 0x0000000089700000| Complete 
| 152|0x0000000089800000, 0x0000000089900000, 0x0000000089900000|100%| E|CS|TAMS 0x0000000089800000, 0x0000000089800000| Complete 
| 153|0x0000000089900000, 0x0000000089a00000, 0x0000000089a00000|100%| E|CS|TAMS 0x0000000089900000, 0x0000000089900000| Complete 

Card table byte_map: [0x00000172c8770000,0x00000172c8b70000] _byte_map_base: 0x00000172c8370000

Marking Bits (Prev, Next): (CMBitMap*) 0x00000172b3c24f28, (CMBitMap*) 0x00000172b3c24f60
 Prev Bits: [0x00000172c8f70000, 0x00000172caf70000)
 Next Bits: [0x00000172caf70000, 0x00000172ccf70000)

Polling page: 0x00000172b3cb0000

Metaspace:

Usage:
  Non-class:     71.64 MB capacity,    70.17 MB ( 98%) used,     1.28 MB (  2%) free+waste,   190.00 KB ( <1%) overhead. 
      Class:     11.09 MB capacity,    10.42 MB ( 94%) used,   599.64 KB (  5%) free+waste,    88.13 KB ( <1%) overhead. 
       Both:     82.73 MB capacity,    80.59 MB ( 97%) used,     1.87 MB (  2%) free+waste,   278.13 KB ( <1%) overhead. 

Virtual space:
  Non-class space:       72.00 MB reserved,      71.87 MB (>99%) committed 
      Class space:        1.00 GB reserved,      11.13 MB (  1%) committed 
             Both:        1.07 GB reserved,      83.00 MB (  8%) committed 

Chunk freelists:
   Non-Class:  41.00 KB
       Class:  4.00 KB
        Both:  45.00 KB

MaxMetaspaceSize: 17179869184.00 GB
CompressedClassSpaceSize: 1.00 GB

CodeHeap 'non-profiled nmethods': size=120064Kb used=4859Kb max_used=4859Kb free=115204Kb
 bounds [0x00000172c0810000, 0x00000172c0ce0000, 0x00000172c7d50000]
CodeHeap 'profiled nmethods': size=120000Kb used=17370Kb max_used=17370Kb free=102629Kb
 bounds [0x00000172b92e0000, 0x00000172ba3e0000, 0x00000172c0810000]
CodeHeap 'non-nmethods': size=5696Kb used=2270Kb max_used=2315Kb free=3425Kb
 bounds [0x00000172b8d50000, 0x00000172b8fc0000, 0x00000172b92e0000]
 total_blobs=8769 nmethods=7897 adapters=783
 compilation: enabled
              stopped_count=0, restarted_count=0
 full_count=0

Compilation events (20 events):
Event: 34.165 Thread 0x00000172cf5e6800 8290       1       java.lang.ClassLoader::findResource (2 bytes)
Event: 34.165 Thread 0x00000172cf5e6800 nmethod 8290 0x00000172c0887d90 code [0x00000172c0887f40, 0x00000172c0887ff8]
Event: 34.215 Thread 0x00000172cf5e6800 8291       2       java.util.jar.JarFile::maybeInstantiateVerifier (112 bytes)
Event: 34.215 Thread 0x00000172cf5e6800 nmethod 8291 0x00000172ba3d9f10 code [0x00000172ba3da140, 0x00000172ba3da578]
Event: 34.230 Thread 0x00000172d71c7800 nmethod 8072 0x00000172c0cc6d10 code [0x00000172c0cc80c0, 0x00000172c0cd00b8]
Event: 34.230 Thread 0x00000172d71c7800 8152       4       org.gradle.api.internal.provider.Collectors$ElementFromProvider::isProvidedBy (9 bytes)
Event: 34.231 Thread 0x00000172d71c7800 nmethod 8152 0x00000172c089e290 code [0x00000172c089e420, 0x00000172c089e4d8]
Event: 34.231 Thread 0x00000172d71c7800 8155       4       java.util.Collections$UnmodifiableCollection::iterator (9 bytes)
Event: 34.233 Thread 0x00000172d71c7800 nmethod 8155 0x00000172c08ca190 code [0x00000172c08ca340, 0x00000172c08ca518]
Event: 34.233 Thread 0x00000172d71c7800 8144       4       org.objectweb.asm.Frame::getLocal (46 bytes)
Event: 34.234 Thread 0x00000172d71c7800 nmethod 8144 0x00000172c089de90 code [0x00000172c089e020, 0x00000172c089e0d8]
Event: 34.234 Thread 0x00000172d71c7800 7847       4       java.util.TreeMap$ValueIterator::next (8 bytes)
Event: 34.239 Thread 0x00000172d71c7800 nmethod 7847 0x00000172c08c9b90 code [0x00000172c08c9d20, 0x00000172c08c9fd8]
Event: 34.239 Thread 0x00000172d71c7800 7999       4       com.google.common.collect.ImmutableList::iterator (5 bytes)
Event: 34.242 Thread 0x00000172d71c7800 nmethod 7999 0x00000172c08cb010 code [0x00000172c08cb1c0, 0x00000172c08cb3f8]
Event: 34.242 Thread 0x00000172d71c7800 7845       4       java.util.TreeMap::get (19 bytes)
Event: 34.242 Thread 0x00000172d71c7800 nmethod 7845 0x00000172c08cad10 code [0x00000172c08caea0, 0x00000172c08caf48]
Event: 34.242 Thread 0x00000172d71c7800 7926       4       org.objectweb.asm.Type::appendDescriptor (90 bytes)
Event: 34.242 Thread 0x00000172cf5e6800 8292   !   2       java.util.logging.LogManager::ensureLogManagerInitialized (144 bytes)
Event: 34.243 Thread 0x00000172cf5e6800 nmethod 8292 0x00000172ba3da910 code [0x00000172ba3dab40, 0x00000172ba3daff8]

GC Heap History (20 events):
Event: 7.256 GC heap before
{Heap before GC invocations=9 (full 0):
 garbage-first heap   total 131072K, used 100590K [0x0000000080000000, 0x0000000100000000)
  region size 1024K, 64 young (65536K), 8 survivors (8192K)
 Metaspace       used 40687K, capacity 41814K, committed 41852K, reserved 1085440K
  class space    used 5215K, capacity 5597K, committed 5632K, reserved 1048576K
}
Event: 7.272 GC heap after
{Heap after GC invocations=10 (full 0):
 garbage-first heap   total 157696K, used 45985K [0x0000000080000000, 0x0000000100000000)
  region size 1024K, 8 young (8192K), 8 survivors (8192K)
 Metaspace       used 40687K, capacity 41814K, committed 41852K, reserved 1085440K
  class space    used 5215K, capacity 5597K, committed 5632K, reserved 1048576K
}
Event: 8.364 GC heap before
{Heap before GC invocations=10 (full 0):
 garbage-first heap   total 157696K, used 108449K [0x0000000080000000, 0x0000000100000000)
  region size 1024K, 69 young (70656K), 8 survivors (8192K)
 Metaspace       used 45363K, capacity 46619K, committed 46844K, reserved 1089536K
  class space    used 5852K, capacity 6235K, committed 6272K, reserved 1048576K
}
Event: 8.378 GC heap after
{Heap after GC invocations=11 (full 0):
 garbage-first heap   total 157696K, used 50380K [0x0000000080000000, 0x0000000100000000)
  region size 1024K, 5 young (5120K), 5 survivors (5120K)
 Metaspace       used 45363K, capacity 46619K, committed 46844K, reserved 1089536K
  class space    used 5852K, capacity 6235K, committed 6272K, reserved 1048576K
}
Event: 26.786 GC heap before
{Heap before GC invocations=11 (full 0):
 garbage-first heap   total 157696K, used 115916K [0x0000000080000000, 0x0000000100000000)
  region size 1024K, 67 young (68608K), 5 survivors (5120K)
 Metaspace       used 49499K, capacity 50971K, committed 51196K, reserved 1093632K
  class space    used 6267K, capacity 6722K, committed 6784K, reserved 1048576K
}
Event: 26.797 GC heap after
{Heap after GC invocations=12 (full 0):
 garbage-first heap   total 157696K, used 61440K [0x0000000080000000, 0x0000000100000000)
  region size 1024K, 9 young (9216K), 9 survivors (9216K)
 Metaspace       used 49499K, capacity 50971K, committed 51196K, reserved 1093632K
  class space    used 6267K, capacity 6722K, committed 6784K, reserved 1048576K
}
Event: 28.243 GC heap before
{Heap before GC invocations=12 (full 0):
 garbage-first heap   total 157696K, used 120832K [0x0000000080000000, 0x0000000100000000)
  region size 1024K, 67 young (68608K), 9 survivors (9216K)
 Metaspace       used 53814K, capacity 55516K, committed 55804K, reserved 1097728K
  class space    used 6709K, capacity 7201K, committed 7296K, reserved 1048576K
}
Event: 28.255 GC heap after
{Heap after GC invocations=13 (full 0):
 garbage-first heap   total 157696K, used 65485K [0x0000000080000000, 0x0000000100000000)
  region size 1024K, 4 young (4096K), 4 survivors (4096K)
 Metaspace       used 53814K, capacity 55516K, committed 55804K, reserved 1097728K
  class space    used 6709K, capacity 7201K, committed 7296K, reserved 1048576K
}
Event: 28.819 GC heap before
{Heap before GC invocations=13 (full 0):
 garbage-first heap   total 157696K, used 93133K [0x0000000080000000, 0x0000000100000000)
  region size 1024K, 32 young (32768K), 4 survivors (4096K)
 Metaspace       used 58077K, capacity 59863K, committed 59900K, reserved 1101824K
  class space    used 7260K, capacity 7775K, committed 7808K, reserved 1048576K
}
Event: 28.829 GC heap after
{Heap after GC invocations=14 (full 0):
 garbage-first heap   total 157696K, used 66486K [0x0000000080000000, 0x0000000100000000)
  region size 1024K, 5 young (5120K), 5 survivors (5120K)
 Metaspace       used 58077K, capacity 59863K, committed 59900K, reserved 1101824K
  class space    used 7260K, capacity 7775K, committed 7808K, reserved 1048576K
}
Event: 29.964 GC heap before
{Heap before GC invocations=15 (full 0):
 garbage-first heap   total 157696K, used 122806K [0x0000000080000000, 0x0000000100000000)
  region size 1024K, 59 young (60416K), 5 survivors (5120K)
 Metaspace       used 64530K, capacity 66446K, committed 66684K, reserved 1107968K
  class space    used 8052K, capacity 8637K, committed 8704K, reserved 1048576K
}
Event: 29.977 GC heap after
{Heap after GC invocations=16 (full 0):
 garbage-first heap   total 157696K, used 71666K [0x0000000080000000, 0x0000000100000000)
  region size 1024K, 7 young (7168K), 7 survivors (7168K)
 Metaspace       used 64530K, capacity 66446K, committed 66684K, reserved 1107968K
  class space    used 8052K, capacity 8637K, committed 8704K, reserved 1048576K
}
Event: 30.733 GC heap before
{Heap before GC invocations=16 (full 0):
 garbage-first heap   total 157696K, used 122866K [0x0000000080000000, 0x0000000100000000)
  region size 1024K, 58 young (59392K), 7 survivors (7168K)
 Metaspace       used 67457K, capacity 69509K, committed 69756K, reserved 1110016K
  class space    used 8453K, capacity 9118K, committed 9216K, reserved 1048576K
}
Event: 30.745 GC heap after
{Heap after GC invocations=17 (full 0):
 garbage-first heap   total 157696K, used 74929K [0x0000000080000000, 0x0000000100000000)
  region size 1024K, 5 young (5120K), 5 survivors (5120K)
 Metaspace       used 67457K, capacity 69509K, committed 69756K, reserved 1110016K
  class space    used 8453K, capacity 9118K, committed 9216K, reserved 1048576K
}
Event: 31.730 GC heap before
{Heap before GC invocations=17 (full 0):
 garbage-first heap   total 157696K, used 125105K [0x0000000080000000, 0x0000000100000000)
  region size 1024K, 54 young (55296K), 5 survivors (5120K)
 Metaspace       used 71690K, capacity 73814K, committed 74108K, reserved 1114112K
  class space    used 9182K, capacity 9868K, committed 9984K, reserved 1048576K
}
Event: 31.741 GC heap after
{Heap after GC invocations=18 (full 0):
 garbage-first heap   total 157696K, used 78465K [0x0000000080000000, 0x0000000100000000)
  region size 1024K, 4 young (4096K), 4 survivors (4096K)
 Metaspace       used 71690K, capacity 73814K, committed 74108K, reserved 1114112K
  class space    used 9182K, capacity 9868K, committed 9984K, reserved 1048576K
}
Event: 32.698 GC heap before
{Heap before GC invocations=18 (full 0):
 garbage-first heap   total 157696K, used 126593K [0x0000000080000000, 0x0000000100000000)
  region size 1024K, 52 young (53248K), 4 survivors (4096K)
 Metaspace       used 76151K, capacity 78388K, committed 78716K, reserved 1118208K
  class space    used 9715K, capacity 10404K, committed 10496K, reserved 1048576K
}
Event: 32.709 GC heap after
{Heap after GC invocations=19 (full 0):
 garbage-first heap   total 157696K, used 81250K [0x0000000080000000, 0x0000000100000000)
  region size 1024K, 7 young (7168K), 7 survivors (7168K)
 Metaspace       used 76151K, capacity 78388K, committed 78716K, reserved 1118208K
  class space    used 9715K, capacity 10404K, committed 10496K, reserved 1048576K
}
Event: 33.464 GC heap before
{Heap before GC invocations=20 (full 0):
 garbage-first heap   total 157696K, used 128354K [0x0000000080000000, 0x0000000100000000)
  region size 1024K, 53 young (54272K), 7 survivors (7168K)
 Metaspace       used 78528K, capacity 80742K, committed 80892K, reserved 1120256K
  class space    used 10094K, capacity 10808K, committed 10880K, reserved 1048576K
}
Event: 33.478 GC heap after
{Heap after GC invocations=21 (full 0):
 garbage-first heap   total 157696K, used 84074K [0x0000000080000000, 0x0000000100000000)
  region size 1024K, 6 young (6144K), 6 survivors (6144K)
 Metaspace       used 78528K, capacity 80742K, committed 80892K, reserved 1120256K
  class space    used 10094K, capacity 10808K, committed 10880K, reserved 1048576K
}

Deoptimization events (20 events):
Event: 33.720 Thread 0x00000172d382a000 DEOPT PACKING pc=0x00000172b9fd7fd6 sp=0x0000000ef3cf9150
Event: 33.720 Thread 0x00000172d382a000 DEOPT UNPACKING pc=0x00000172b8d772ce sp=0x0000000ef3cf86f0 mode 0
Event: 33.750 Thread 0x00000172d382a000 DEOPT PACKING pc=0x00000172b9fd7fd6 sp=0x0000000ef3cf9150
Event: 33.750 Thread 0x00000172d382a000 DEOPT UNPACKING pc=0x00000172b8d772ce sp=0x0000000ef3cf86f0 mode 0
Event: 33.769 Thread 0x00000172d382a000 DEOPT PACKING pc=0x00000172b9fd7fd6 sp=0x0000000ef3cf9150
Event: 33.769 Thread 0x00000172d382a000 DEOPT UNPACKING pc=0x00000172b8d772ce sp=0x0000000ef3cf86f0 mode 0
Event: 33.770 Thread 0x00000172d382a000 DEOPT PACKING pc=0x00000172ba0532a7 sp=0x0000000ef3cf8fa0
Event: 33.770 Thread 0x00000172d382a000 DEOPT UNPACKING pc=0x00000172b8d772ce sp=0x0000000ef3cf8430 mode 0
Event: 33.803 Thread 0x00000172d382a000 DEOPT PACKING pc=0x00000172b9fd7fd6 sp=0x0000000ef3cf9150
Event: 33.803 Thread 0x00000172d382a000 DEOPT UNPACKING pc=0x00000172b8d772ce sp=0x0000000ef3cf86f0 mode 0
Event: 33.831 Thread 0x00000172d382a000 DEOPT PACKING pc=0x00000172b9fd7fd6 sp=0x0000000ef3cf9150
Event: 33.831 Thread 0x00000172d382a000 DEOPT UNPACKING pc=0x00000172b8d772ce sp=0x0000000ef3cf86f0 mode 0
Event: 34.163 Thread 0x00000172d382a000 Uncommon trap: trap_request=0xffffff4d fr.pc=0x00000172c0a8871c relative=0x00000000000008fc
Event: 34.163 Thread 0x00000172d382a000 Uncommon trap: reason=unstable_if action=reinterpret pc=0x00000172c0a8871c method=java.util.jar.JarFile.getVersionedEntry(Ljava/lang/String;Ljava/util/jar/JarEntry;)Ljava/util/jar/JarEntry; @ 67 c2
Event: 34.163 Thread 0x00000172d382a000 DEOPT PACKING pc=0x00000172c0a8871c sp=0x0000000ef3cf5f60
Event: 34.163 Thread 0x00000172d382a000 DEOPT UNPACKING pc=0x00000172b8d774af sp=0x0000000ef3cf5e70 mode 2
Event: 34.168 Thread 0x00000172d382a000 Uncommon trap: trap_request=0xffffff4d fr.pc=0x00000172c086cf70 relative=0x0000000000000290
Event: 34.168 Thread 0x00000172d382a000 Uncommon trap: reason=unstable_if action=reinterpret pc=0x00000172c086cf70 method=java.util.jar.JarFile.maybeInstantiateVerifier()V @ 4 c2
Event: 34.168 Thread 0x00000172d382a000 DEOPT PACKING pc=0x00000172c086cf70 sp=0x0000000ef3cf6790
Event: 34.168 Thread 0x00000172d382a000 DEOPT UNPACKING pc=0x00000172b8d774af sp=0x0000000ef3cf6718 mode 2

Classes redefined (0 events):
No events

Internal exceptions (20 events):
Event: 33.040 Thread 0x00000172d382a000 Exception <a 'java/lang/ClassNotFoundException'{0x0000000088604970}: com/android/build/gradle/tasks/factory/AndroidUnitTest_DecoratedCustomizer> (0x0000000088604970) thrown at [./src/hotspot/share/classfile/systemDictionary.cpp, line 231]
Event: 33.148 Thread 0x00000172d382a000 Exception <a 'java/lang/ClassNotFoundException'{0x0000000087f46098}: org/gradle/api/internal/tasks/DefaultSourceSetContainer_DecoratedBeanInfo> (0x0000000087f46098) thrown at [./src/hotspot/share/classfile/systemDictionary.cpp, line 231]
Event: 33.149 Thread 0x00000172d382a000 Exception <a 'java/lang/ClassNotFoundException'{0x0000000087f60ec0}: org/gradle/api/internal/tasks/DefaultSourceSetContainerBeanInfo> (0x0000000087f60ec0) thrown at [./src/hotspot/share/classfile/systemDictionary.cpp, line 231]
Event: 33.150 Thread 0x00000172d382a000 Exception <a 'java/lang/ClassNotFoundException'{0x0000000087f7b2a0}: org/gradle/api/internal/tasks/DefaultSourceSetContainerCustomizer> (0x0000000087f7b2a0) thrown at [./src/hotspot/share/classfile/systemDictionary.cpp, line 231]
Event: 33.151 Thread 0x00000172d382a000 Exception <a 'java/lang/ClassNotFoundException'{0x0000000087fa3ca8}: org/gradle/api/internal/tasks/DefaultSourceSetContainer_DecoratedCustomizer> (0x0000000087fa3ca8) thrown at [./src/hotspot/share/classfile/systemDictionary.cpp, line 231]
Event: 33.427 Thread 0x00000172d382a000 Exception <a 'java/lang/NoSuchMethodError'{0x0000000086f5f4c0}: 'java.lang.Object java.lang.invoke.Invokers$Holder.linkToTargetMethod(java.lang.Object, int, int, java.lang.Object)'> (0x0000000086f5f4c0) thrown at [./src/hotspot/share/interpreter/linkResolver.cpp, line 773]
Event: 33.433 Thread 0x00000172d382a000 Exception <a 'java/lang/ClassNotFoundException'{0x0000000086e03800}: com/android/build/gradle/tasks/MergeResources_DecoratedBeanInfo> (0x0000000086e03800) thrown at [./src/hotspot/share/classfile/systemDictionary.cpp, line 231]
Event: 33.434 Thread 0x00000172d382a000 Exception <a 'java/lang/ClassNotFoundException'{0x0000000086e18d50}: com/android/build/gradle/tasks/MergeResourcesBeanInfo> (0x0000000086e18d50) thrown at [./src/hotspot/share/classfile/systemDictionary.cpp, line 231]
Event: 33.435 Thread 0x00000172d382a000 Exception <a 'java/lang/ClassNotFoundException'{0x0000000086e2e3c0}: com/android/build/gradle/tasks/ResourceAwareTaskBeanInfo> (0x0000000086e2e3c0) thrown at [./src/hotspot/share/classfile/systemDictionary.cpp, line 231]
Event: 33.435 Thread 0x00000172d382a000 Exception <a 'java/lang/ClassNotFoundException'{0x0000000086e448f0}: com/android/build/gradle/internal/tasks/IncrementalTaskBeanInfo> (0x0000000086e448f0) thrown at [./src/hotspot/share/classfile/systemDictionary.cpp, line 231]
Event: 33.437 Thread 0x00000172d382a000 Exception <a 'java/lang/ClassNotFoundException'{0x0000000086e5b4d8}: com/android/build/gradle/internal/tasks/AndroidVariantTaskBeanInfo> (0x0000000086e5b4d8) thrown at [./src/hotspot/share/classfile/systemDictionary.cpp, line 231]
Event: 33.437 Thread 0x00000172d382a000 Exception <a 'java/lang/ClassNotFoundException'{0x0000000086e70b88}: com/android/build/gradle/internal/tasks/BaseTaskBeanInfo> (0x0000000086e70b88) thrown at [./src/hotspot/share/classfile/systemDictionary.cpp, line 231]
Event: 33.438 Thread 0x00000172d382a000 Exception <a 'java/lang/ClassNotFoundException'{0x0000000086e86b20}: com/android/build/gradle/internal/tasks/BaseTaskCustomizer> (0x0000000086e86b20) thrown at [./src/hotspot/share/classfile/systemDictionary.cpp, line 231]
Event: 33.439 Thread 0x00000172d382a000 Exception <a 'java/lang/ClassNotFoundException'{0x0000000086eade40}: com/android/build/gradle/internal/tasks/AndroidVariantTaskCustomizer> (0x0000000086eade40) thrown at [./src/hotspot/share/classfile/systemDictionary.cpp, line 231]
Event: 33.440 Thread 0x00000172d382a000 Exception <a 'java/lang/ClassNotFoundException'{0x0000000086ed27e0}: com/android/build/gradle/internal/tasks/IncrementalTaskCustomizer> (0x0000000086ed27e0) thrown at [./src/hotspot/share/classfile/systemDictionary.cpp, line 231]
Event: 33.441 Thread 0x00000172d382a000 Exception <a 'java/lang/ClassNotFoundException'{0x0000000086ef8440}: com/android/build/gradle/tasks/ResourceAwareTaskCustomizer> (0x0000000086ef8440) thrown at [./src/hotspot/share/classfile/systemDictionary.cpp, line 231]
Event: 33.443 Thread 0x00000172d382a000 Exception <a 'java/lang/ClassNotFoundException'{0x0000000086d258f0}: com/android/build/gradle/tasks/MergeResourcesCustomizer> (0x0000000086d258f0) thrown at [./src/hotspot/share/classfile/systemDictionary.cpp, line 231]
Event: 33.445 Thread 0x00000172d382a000 Exception <a 'java/lang/ClassNotFoundException'{0x0000000086d6ab30}: com/android/build/gradle/tasks/MergeResources_DecoratedCustomizer> (0x0000000086d6ab30) thrown at [./src/hotspot/share/classfile/systemDictionary.cpp, line 231]
Event: 34.097 Thread 0x00000172d382a000 Exception <a 'sun/nio/fs/WindowsException'{0x000000008772ad88}> (0x000000008772ad88) thrown at [./src/hotspot/share/prims/jni.cpp, line 615]
Event: 34.230 Thread 0x00000172d382a000 Exception <a 'java/lang/NullPointerException'{0x0000000086ff5540}> (0x0000000086ff5540) thrown at [./src/hotspot/share/interpreter/linkResolver.cpp, line 1440]

Events (20 events):
Event: 34.250 loading class javax/xml/bind/ValidationEvent
Event: 34.250 loading class javax/xml/bind/ValidationEvent done
Event: 34.250 loading class com/sun/xml/bind/v2/runtime/output/Pcdata
Event: 34.250 loading class com/sun/xml/bind/v2/runtime/output/Pcdata done
Event: 34.250 loading class com/sun/xml/bind/v2/runtime/unmarshaller/Base64Data
Event: 34.250 loading class com/sun/xml/bind/v2/runtime/unmarshaller/Base64Data done
Event: 34.251 loading class java/awt/image/BufferedImage
Event: 34.252 loading class java/awt/image/WritableRenderedImage
Event: 34.253 loading class java/awt/image/WritableRenderedImage done
Event: 34.253 loading class java/awt/image/BufferedImage done
Event: 34.253 loading class com/sun/xml/bind/v2/model/impl/RuntimeBuiltinLeafInfoImpl$10$1
Event: 34.253 loading class com/sun/xml/bind/v2/model/impl/RuntimeBuiltinLeafInfoImpl$10$1 done
Event: 34.253 loading class java/awt/Graphics2D
Event: 34.253 loading class java/awt/Graphics2D done
Event: 34.253 loading class com/sun/xml/bind/v2/model/impl/RuntimeBuiltinLeafInfoImpl$11
Event: 34.253 loading class com/sun/xml/bind/v2/model/impl/RuntimeBuiltinLeafInfoImpl$11 done
Event: 34.254 loading class javax/activation/DataSource
Event: 34.254 loading class javax/activation/DataSource done
Event: 34.255 loading class javax/activation/DataHandler
Event: 34.255 loading class javax/activation/DataHandler done


Dynamic libraries:
0x00007ff67d5b0000 - 0x00007ff67d5ba000 	E:\Program Files\Android\Android Studio\jre\bin\java.exe
0x00007fff18340000 - 0x00007fff18530000 	C:\Windows\SYSTEM32\ntdll.dll
0x00007ffecbad0000 - 0x00007ffecbb04000 	C:\Program Files\AVAST Software\Avast\x64\aswhooka.dll
0x00007fff16530000 - 0x00007fff165e2000 	C:\Windows\System32\KERNEL32.DLL
0x00007fff15490000 - 0x00007fff15735000 	C:\Windows\System32\KERNELBASE.dll
0x00007fff162f0000 - 0x00007fff163ea000 	C:\Windows\System32\ucrtbase.dll
0x00007ffefce20000 - 0x00007ffefce39000 	E:\Program Files\Android\Android Studio\jre\bin\jli.dll
0x00007fff165f0000 - 0x00007fff16784000 	C:\Windows\System32\USER32.dll
0x00007fff15a40000 - 0x00007fff15a61000 	C:\Windows\System32\win32u.dll
0x00007fff18130000 - 0x00007fff18156000 	C:\Windows\System32\GDI32.dll
0x00007fff15850000 - 0x00007fff159e6000 	C:\Windows\System32\gdi32full.dll
0x00007fff16200000 - 0x00007fff1629e000 	C:\Windows\System32\msvcp_win.dll
0x00007ffefb4a0000 - 0x00007ffefb4b7000 	E:\Program Files\Android\Android Studio\jre\bin\VCRUNTIME140.dll
0x00007fff02ec0000 - 0x00007fff03144000 	C:\Windows\WinSxS\amd64_microsoft.windows.common-controls_6595b64144ccf1df_6.0.18362.1256_none_9e7e379be45e40e2\COMCTL32.dll
0x00007fff167f0000 - 0x00007fff1688e000 	C:\Windows\System32\msvcrt.dll
0x00007fff179c0000 - 0x00007fff17cf6000 	C:\Windows\System32\combase.dll
0x00007fff17730000 - 0x00007fff17850000 	C:\Windows\System32\RPCRT4.dll
0x00007fff15400000 - 0x00007fff15481000 	C:\Windows\System32\bcryptPrimitives.dll
0x00007fff17d60000 - 0x00007fff17d8e000 	C:\Windows\System32\IMM32.DLL
0x00007ffef7030000 - 0x00007ffef70cd000 	E:\Program Files\Android\Android Studio\jre\bin\msvcp140.dll
0x00007ffeae6b0000 - 0x00007ffeaf16c000 	E:\Program Files\Android\Android Studio\jre\bin\server\jvm.dll
0x00007fff17ed0000 - 0x00007fff17f73000 	C:\Windows\System32\ADVAPI32.dll
0x00007fff17920000 - 0x00007fff179b7000 	C:\Windows\System32\sechost.dll
0x00007fff17230000 - 0x00007fff17238000 	C:\Windows\System32\PSAPI.DLL
0x00007ffee8170000 - 0x00007ffee8179000 	C:\Windows\SYSTEM32\WSOCK32.dll
0x00007fff17d90000 - 0x00007fff17dff000 	C:\Windows\System32\WS2_32.dll
0x00007fff12da0000 - 0x00007fff12dc4000 	C:\Windows\SYSTEM32\WINMM.dll
0x00007fff0d990000 - 0x00007fff0d99a000 	C:\Windows\SYSTEM32\VERSION.dll
0x00007fff12920000 - 0x00007fff1294d000 	C:\Windows\SYSTEM32\WINMMBASE.dll
0x00007fff159f0000 - 0x00007fff15a3a000 	C:\Windows\System32\cfgmgr32.dll
0x00007fff151f0000 - 0x00007fff15201000 	C:\Windows\System32\kernel.appcore.dll
0x00007fff12fb0000 - 0x00007fff12fc1000 	E:\Program Files\Android\Android Studio\jre\bin\verify.dll
0x00007fff13a80000 - 0x00007fff13c74000 	C:\Windows\SYSTEM32\DBGHELP.DLL
0x00007fff029b0000 - 0x00007fff029da000 	C:\Windows\SYSTEM32\dbgcore.DLL
0x00007fff12f80000 - 0x00007fff12fa9000 	E:\Program Files\Android\Android Studio\jre\bin\java.dll
0x00007fff12f70000 - 0x00007fff12f7b000 	E:\Program Files\Android\Android Studio\jre\bin\jimage.dll
0x00007fff12f50000 - 0x00007fff12f68000 	E:\Program Files\Android\Android Studio\jre\bin\zip.dll
0x00007fff169e0000 - 0x00007fff170c7000 	C:\Windows\System32\SHELL32.dll
0x00007fff18250000 - 0x00007fff182f9000 	C:\Windows\System32\shcore.dll
0x00007fff15a70000 - 0x00007fff161f1000 	C:\Windows\System32\windows.storage.dll
0x00007fff15230000 - 0x00007fff15253000 	C:\Windows\System32\profapi.dll
0x00007fff15260000 - 0x00007fff152aa000 	C:\Windows\System32\powrprof.dll
0x00007fff151e0000 - 0x00007fff151f0000 	C:\Windows\System32\UMPDC.dll
0x00007fff17d00000 - 0x00007fff17d52000 	C:\Windows\System32\shlwapi.dll
0x00007fff162d0000 - 0x00007fff162e7000 	C:\Windows\System32\cryptsp.dll
0x00007fff12f30000 - 0x00007fff12f4a000 	E:\Program Files\Android\Android Studio\jre\bin\net.dll
0x00007fff057a0000 - 0x00007fff05890000 	C:\Windows\SYSTEM32\WINHTTP.dll
0x00007fff149d0000 - 0x00007fff14a37000 	C:\Windows\system32\mswsock.dll
0x00007fff12f10000 - 0x00007fff12f24000 	E:\Program Files\Android\Android Studio\jre\bin\nio.dll
0x00007ffeff7c0000 - 0x00007ffeff7e7000 	C:\Users\hp\.gradle\native\fdc75f09e3144964f2cf3f50f0aa648679c211496f362492102eb8c894070792\windows-amd64\native-platform.dll
0x00007ffefa9c0000 - 0x00007ffefab56000 	C:\Users\hp\.gradle\native\12488b8bf47d2d4c9fbf2f6322a914ad602e24e48041cd04a747c6da556b65c4\windows-amd64\native-platform-file-events.dll
0x00007fff12f00000 - 0x00007fff12f0a000 	E:\Program Files\Android\Android Studio\jre\bin\management.dll
0x00007fff0f3e0000 - 0x00007fff0f3ec000 	E:\Program Files\Android\Android Studio\jre\bin\management_ext.dll
0x00007fff14540000 - 0x00007fff14573000 	C:\Windows\system32\rsaenh.dll
0x00007fff162a0000 - 0x00007fff162c6000 	C:\Windows\System32\bcrypt.dll
0x00007fff15100000 - 0x00007fff15125000 	C:\Windows\SYSTEM32\USERENV.dll
0x00007fff14ba0000 - 0x00007fff14bac000 	C:\Windows\SYSTEM32\CRYPTBASE.dll
0x00007fff146e0000 - 0x00007fff1471a000 	C:\Windows\SYSTEM32\IPHLPAPI.DLL
0x00007fff16520000 - 0x00007fff16528000 	C:\Windows\System32\NSI.dll
0x00007fff05f50000 - 0x00007fff05f66000 	C:\Windows\SYSTEM32\dhcpcsvc6.DLL
0x00007fff05fa0000 - 0x00007fff05fbc000 	C:\Windows\SYSTEM32\dhcpcsvc.DLL
0x00007fff14720000 - 0x00007fff147eb000 	C:\Windows\SYSTEM32\DNSAPI.dll
0x00007fff066d0000 - 0x00007fff066db000 	C:\Windows\SYSTEM32\WINNSI.DLL

dbghelp: loaded successfully - version: 4.0.5 - missing functions: none
symbol engine: initialized successfully - sym options: 0x614 - pdb path: .;E:\Program Files\Android\Android Studio\jre\bin;C:\Windows\SYSTEM32;C:\Program Files\AVAST Software\Avast\x64;C:\Windows\WinSxS\amd64_microsoft.windows.common-controls_6595b64144ccf1df_6.0.18362.1256_none_9e7e379be45e40e2;E:\Program Files\Android\Android Studio\jre\bin\server;C:\Users\hp\.gradle\native\fdc75f09e3144964f2cf3f50f0aa648679c211496f362492102eb8c894070792\windows-amd64;C:\Users\hp\.gradle\native\12488b8bf47d2d4c9fbf2f6322a914ad602e24e48041cd04a747c6da556b65c4\windows-amd64

VM Arguments:
jvm_args: --add-opens=java.base/java.util=ALL-UNNAMED --add-opens=java.base/java.lang=ALL-UNNAMED --add-opens=java.base/java.lang.invoke=ALL-UNNAMED --add-opens=java.prefs/java.util.prefs=ALL-UNNAMED -Xmx2048m -Dfile.encoding=UTF-8 -Duser.country=US -Duser.language=en -Duser.variant 
java_command: org.gradle.launcher.daemon.bootstrap.GradleDaemon 6.7.1
java_class_path (initial): C:\Users\hp\.gradle\wrapper\dists\gradle-6.7.1-bin\bwlcbys1h7rz3272sye1xwiv6\gradle-6.7.1\lib\gradle-launcher-6.7.1.jar
Launcher Type: SUN_STANDARD

[Global flags]
     intx CICompilerCount                          = 3                                         {product} {ergonomic}
     uint ConcGCThreads                            = 1                                         {product} {ergonomic}
     uint G1ConcRefinementThreads                  = 4                                         {product} {ergonomic}
   size_t G1HeapRegionSize                         = 1048576                                   {product} {ergonomic}
    uintx GCDrainStackTargetSize                   = 64                                        {product} {ergonomic}
   size_t InitialHeapSize                          = 134217728                                 {product} {ergonomic}
   size_t MarkStackSize                            = 4194304                                   {product} {ergonomic}
   size_t MaxHeapSize                              = 2147483648                                {product} {command line}
   size_t MaxNewSize                               = 1287651328                                {product} {ergonomic}
   size_t MinHeapDeltaBytes                        = 1048576                                   {product} {ergonomic}
    uintx NonNMethodCodeHeapSize                   = 5830732                                {pd product} {ergonomic}
    uintx NonProfiledCodeHeapSize                  = 122913754                              {pd product} {ergonomic}
    uintx ProfiledCodeHeapSize                     = 122913754                              {pd product} {ergonomic}
    uintx ReservedCodeCacheSize                    = 251658240                              {pd product} {ergonomic}
     bool SegmentedCodeCache                       = true                                      {product} {ergonomic}
     bool UseCompressedClassPointers               = true                                 {lp64_product} {ergonomic}
     bool UseCompressedOops                        = true                                 {lp64_product} {ergonomic}
     bool UseG1GC                                  = true                                      {product} {ergonomic}
     bool UseLargePagesIndividualAllocation        = false                                  {pd product} {ergonomic}

Logging:
Log output configuration:
 #0: stdout all=warning uptime,level,tags
 #1: stderr all=off uptime,level,tags

Environment Variables:
JAVA_HOME=C:\Program Files\Java\jdk-17.0.1
PATH=C:\ffmpeg\bin;C:\Program Files\Common Files\Oracle\Java\javapath;C:\Python310\Scripts\;C:\Python310\;C:\ProgramData\Oracle\Java\javapath;C:\Windows\system32;C:\Windows;C:\Windows\System32\Wbem;C:\Windows\System32\WindowsPowerShell\v1.0\;C:\Windows\System32\OpenSSH\;C:\Program Files\Java\jdk-17\bin;C:\Program Files\Microsoft SQL Server\Client SDK\ODBC\110\Tools\Binn\;C:\Program Files\Microsoft SQL Server\Client SDK\ODBC\170\Tools\Binn\;C:\ProgramData\chocolatey\bin;C:\Program Files\Java\jdk-17.0.1\bin;C:\Program Files\Azure Data Studio\bin;C:\Program Files\dotnet\;C:\Program Files\Git\cmd;C:\Program Files\nodejs\;C:\Users\hp\AppData\Local\Microsoft\WindowsApps;D:\Microsoft VS Code\bin;C:\Users\hp\AppData\Local\Android\Sdk\platform-tools;C:\Program Files (x86)\Microsoft SQL Server\150\DTS\Binn\;C:\Program Files (x86)\Microsoft SQL Server\150\Tools\Binn\;C:\Program Files\Microsoft SQL Server\150\Tools\Binn\;C:\Program Files\Microsoft SQL Server\150\DTS\Binn\;C:\Users\hp\AppData\Local\Microsoft\WindowsApps;D:\Microsoft VS Code\bin;C:\Program Files\Azure Data Studio\bin;C:\Users\hp\AppData\Local\Android\Sdk\platform-tools;;C:\Users\hp\AppData\Local\Programs\Microsoft VS Code\bin;C:\Users\hp\.dotnet\tools;C:\Users\hp\AppData\Roaming\npm
USERNAME=hp
OS=Windows_NT
PROCESSOR_IDENTIFIER=Intel64 Family 6 Model 142 Stepping 9, GenuineIntel



---------------  S Y S T E M  ---------------

OS: Windows 10 , 64 bit Build 18362 (10.0.18362.1110)
OS uptime: 0 days 0:31 hours

CPU:total 4 (initial active 4) (2 cores per cpu, 2 threads per core) family 6 model 142 stepping 9, cmov, cx8, fxsr, mmx, sse, sse2, sse3, ssse3, sse4.1, sse4.2, popcnt, avx, avx2, aes, clmul, erms, 3dnowpref, lzcnt, ht, tsc, tscinvbit, bmi1, bmi2, adx, fma

Memory: 4k page, system-wide physical 8078M (429M free)
TotalPageFile size 8078M (AvailPageFile size 5M)
current process WorkingSet (physical memory assigned to process): 392M, peak: 396M
current process commit charge ("private bytes"): 429M, peak: 432M

vm_info: OpenJDK 64-Bit Server VM (11.0.8+10-b944.6842174) for windows-amd64 JRE (11.0.8+10-b944.6842174), built on Sep 19 2020 01:11:42 by "builder" with MS VC++ 14.0 (VS2015)

END.
