#
# There is insufficient memory for the Java Runtime Environment to continue.
# Native memory allocation (malloc) failed to allocate 782176 bytes for Chunk::new
# Possible reasons:
#   The system is out of physical RAM or swap space
#   The process is running with CompressedOops enabled, and the Java Heap may be blocking the growth of the native heap
# Possible solutions:
#   Reduce memory load on the system
#   Increase physical memory or swap space
#   Check if swap backing store is full
#   Decrease Java heap size (-Xmx/-Xms)
#   Decrease number of Java threads
#   Decrease Java thread stack sizes (-Xss)
#   Set larger code cache with -XX:ReservedCodeCacheSize=
#   JVM is running with Unscaled Compressed Oops mode in which the Java heap is
#     placed in the first 4GB address space. The Java Heap base address is the
#     maximum limit for the native heap growth. Please use -XX:HeapBaseMinAddress
#     to set the Java Heap base and to place the Java Heap above 4GB virtual address.
# This output file may be truncated or incomplete.
#
#  Out of Memory Error (./src/hotspot/share/memory/arena.cpp:197), pid=12696, tid=3092
#
# JRE version: OpenJDK Runtime Environment (11.0.8+10) (build 11.0.8+10-b944.6842174)
# Java VM: OpenJDK 64-Bit Server VM (11.0.8+10-b944.6842174, mixed mode, tiered, compressed oops, g1 gc, windows-amd64)
# No core dump will be written. Minidumps are not enabled by default on client versions of Windows
#

---------------  S U M M A R Y ------------

Command Line: --add-opens=java.base/java.util=ALL-UNNAMED --add-opens=java.base/java.lang=ALL-UNNAMED --add-opens=java.base/java.lang.invoke=ALL-UNNAMED --add-opens=java.prefs/java.util.prefs=ALL-UNNAMED -Xmx2048m -Dfile.encoding=UTF-8 -Duser.country=US -Duser.language=en -Duser.variant org.gradle.launcher.daemon.bootstrap.GradleDaemon 6.7.1

Host: Intel(R) Core(TM) i5-7200U CPU @ 2.50GHz, 4 cores, 7G,  Windows 10 , 64 bit Build 18362 (10.0.18362.1110)
Time: Fri May 27 12:08:15 2022 Morocco Daylight Time elapsed time: 20 seconds (0d 0h 0m 20s)

---------------  T H R E A D  ---------------

Current thread (0x00000138bee98000):  JavaThread "C2 CompilerThread0" daemon [_thread_in_native, id=3092, stack(0x0000003749300000,0x0000003749400000)]


Current CompileTask:
C2:  20622 4386       4       groovy.lang.MetaClassImpl$1MOPIter::methodNameAction (325 bytes)

Stack: [0x0000003749300000,0x0000003749400000]
Native frames: (J=compiled Java code, j=interpreted, Vv=VM code, C=native code)
V  [jvm.dll+0x5de50a]
V  [jvm.dll+0x7122f5]
V  [jvm.dll+0x71384d]
V  [jvm.dll+0x713f03]
V  [jvm.dll+0x23e728]
V  [jvm.dll+0xb899c]
V  [jvm.dll+0xb8e9c]
V  [jvm.dll+0x2b20e4]
V  [jvm.dll+0x502098]
V  [jvm.dll+0x1f8efd]
V  [jvm.dll+0x1f685f]
V  [jvm.dll+0x17f32c]
V  [jvm.dll+0x205047]
V  [jvm.dll+0x203891]
V  [jvm.dll+0x6dad3f]
V  [jvm.dll+0x6d3895]
V  [jvm.dll+0x5dd4a6]
C  [ucrtbase.dll+0x210b2]
C  [KERNEL32.DLL+0x17c24]
C  [ntdll.dll+0x6d4d1]


---------------  P R O C E S S  ---------------

Threads class SMR info:
_java_thread_list=0x00000138c47218a0, length=133, elements={
0x00000138a4aaf800, 0x00000138be518800, 0x00000138be519800, 0x00000138bee94800,
0x00000138bee96000, 0x00000138bee98000, 0x00000138bee9e000, 0x00000138be54a800,
0x00000138befdc800, 0x00000138befde800, 0x00000138c0309800, 0x00000138bfe55800,
0x00000138c0840800, 0x00000138c0f0e000, 0x00000138bf11c800, 0x00000138c0806000,
0x00000138c070f800, 0x00000138c086e000, 0x00000138c036b800, 0x00000138bfa19000,
0x00000138bf22b000, 0x00000138bf22d800, 0x00000138bf22c000, 0x00000138bf22f800,
0x00000138bf230000, 0x00000138bf22e800, 0x00000138bf22d000, 0x00000138bf22a800,
0x00000138bf231000, 0x00000138c10bf800, 0x00000138c10c0800, 0x00000138c10bb000,
0x00000138c10c1800, 0x00000138c10c2000, 0x00000138c10bd000, 0x00000138c10bc800,
0x00000138c10c3000, 0x00000138c10c4000, 0x00000138c10be000, 0x00000138c10c4800,
0x00000138c10bf000, 0x00000138c10c8000, 0x00000138c10c6000, 0x00000138c10c7000,
0x00000138c10c8800, 0x00000138c10c5800, 0x00000138c10c9800, 0x00000138c32e6000,
0x00000138c32e4800, 0x00000138c32e7000, 0x00000138c32e5800, 0x00000138c32e8000,
0x00000138c32e8800, 0x00000138c32e9800, 0x00000138c32e3800, 0x00000138c32ed800,
0x00000138c32ef000, 0x00000138c32ec000, 0x00000138c32ec800, 0x00000138c32ee800,
0x00000138c32f0000, 0x00000138c32ea800, 0x00000138c32f1000, 0x00000138c32eb000,
0x00000138c32f1800, 0x00000138c32f2800, 0x00000138c3380800, 0x00000138c3381000,
0x00000138c3382000, 0x00000138c337c800, 0x00000138c337e000, 0x00000138c3383000,
0x00000138c337d000, 0x00000138c337f000, 0x00000138c3383800, 0x00000138c3384800,
0x00000138c3385800, 0x00000138c337f800, 0x00000138c338b000, 0x00000138c3389800,
0x00000138c3388800, 0x00000138c3387000, 0x00000138c338a000, 0x00000138c3386000,
0x00000138c3387800, 0x00000138c30b5000, 0x00000138c30b3800, 0x00000138c30b4800,
0x00000138c30b0800, 0x00000138c30b2000, 0x00000138c30b2800, 0x00000138c30b7000,
0x00000138c30b1000, 0x00000138c30b8800, 0x00000138c30b9800, 0x00000138c30b7800,
0x00000138c30bb800, 0x00000138c30ba000, 0x00000138c30bb000, 0x00000138c30b6000,
0x00000138c30bc800, 0x00000138c30bd800, 0x00000138c30be000, 0x00000138c30bf000,
0x00000138c38e5000, 0x00000138c38e5800, 0x00000138c38e0000, 0x00000138c38e1000,
0x00000138c38e6800, 0x00000138c38e7800, 0x00000138c38e1800, 0x00000138c38e3800,
0x00000138c38e2800, 0x00000138c38e9000, 0x00000138c38e4000, 0x00000138c38ea000,
0x00000138c38ea800, 0x00000138c38eb800, 0x00000138c38ed000, 0x00000138c38ee000,
0x00000138c38ec800, 0x00000138c38e8000, 0x00000138c38ee800, 0x00000138c38f1000,
0x00000138c38f5800, 0x00000138c38f0000, 0x00000138c38f2800, 0x00000138c38f5000,
0x00000138c38f1800, 0x00000138c38f8000, 0x00000138c38f4000, 0x00000138c38f9000,
0x00000138c38f6800
}

Java Threads: ( => current thread )
  0x00000138a4aaf800 JavaThread "main" [_thread_blocked, id=2196, stack(0x0000003748800000,0x0000003748900000)]
  0x00000138be518800 JavaThread "Reference Handler" daemon [_thread_blocked, id=13188, stack(0x0000003748f00000,0x0000003749000000)]
  0x00000138be519800 JavaThread "Finalizer" daemon [_thread_blocked, id=11668, stack(0x0000003749000000,0x0000003749100000)]
  0x00000138bee94800 JavaThread "Signal Dispatcher" daemon [_thread_blocked, id=11528, stack(0x0000003749100000,0x0000003749200000)]
  0x00000138bee96000 JavaThread "Attach Listener" daemon [_thread_blocked, id=5372, stack(0x0000003749200000,0x0000003749300000)]
=>0x00000138bee98000 JavaThread "C2 CompilerThread0" daemon [_thread_in_native, id=3092, stack(0x0000003749300000,0x0000003749400000)]
  0x00000138bee9e000 JavaThread "C1 CompilerThread0" daemon [_thread_blocked, id=10208, stack(0x0000003749400000,0x0000003749500000)]
  0x00000138be54a800 JavaThread "Sweeper thread" daemon [_thread_blocked, id=10096, stack(0x0000003749500000,0x0000003749600000)]
  0x00000138befdc800 JavaThread "Common-Cleaner" daemon [_thread_blocked, id=6080, stack(0x0000003749600000,0x0000003749700000)]
  0x00000138befde800 JavaThread "Service Thread" daemon [_thread_blocked, id=12788, stack(0x0000003749700000,0x0000003749800000)]
  0x00000138c0309800 JavaThread "Daemon health stats" [_thread_blocked, id=9324, stack(0x0000003749b00000,0x0000003749c00000)]
  0x00000138bfe55800 JavaThread "Incoming local TCP Connector on port 55592" [_thread_in_native, id=11548, stack(0x0000003749e00000,0x0000003749f00000)]
  0x00000138c0840800 JavaThread "Daemon" [_thread_blocked, id=7652, stack(0x0000003749f00000,0x000000374a000000)]
  0x00000138c0f0e000 JavaThread "Handler for socket connection from /127.0.0.1:55592 to /127.0.0.1:55594" [_thread_in_native, id=4876, stack(0x000000374a000000,0x000000374a100000)]
  0x00000138bf11c800 JavaThread "Daemon periodic checks" [_thread_blocked, id=14284, stack(0x000000374a100000,0x000000374a200000)]
  0x00000138c0806000 JavaThread "Cancel handler" [_thread_blocked, id=4128, stack(0x000000374a200000,0x000000374a300000)]
  0x00000138c070f800 JavaThread "Daemon worker" [_thread_in_native, id=13044, stack(0x000000374a300000,0x000000374a400000)]
  0x00000138c086e000 JavaThread "Asynchronous log dispatcher for DefaultDaemonConnection: socket connection from /127.0.0.1:55592 to /127.0.0.1:55594" [_thread_blocked, id=4280, stack(0x000000374a400000,0x000000374a500000)]
  0x00000138c036b800 JavaThread "Stdin handler" [_thread_blocked, id=9520, stack(0x000000374a500000,0x000000374a600000)]
  0x00000138bfa19000 JavaThread "Thread-8" [_thread_blocked, id=10924, stack(0x000000374a600000,0x000000374a700000)]
  0x00000138bf22b000 JavaThread "Cache worker for file hash cache (C:\Users\hp\.gradle\caches\6.7.1\fileHashes)" [_thread_blocked, id=13908, stack(0x000000374a800000,0x000000374a900000)]
  0x00000138bf22d800 JavaThread "File lock request listener" [_thread_in_native, id=8464, stack(0x000000374a900000,0x000000374aa00000)]
  0x00000138bf22c000 JavaThread "Cache worker for journal cache (C:\Users\hp\.gradle\caches\journal-1)" [_thread_blocked, id=6256, stack(0x000000374aa00000,0x000000374ab00000)]
  0x00000138bf22f800 JavaThread "Cache worker for file hash cache (C:\Users\hp\AndroidStudioProjects\myPharmacy\.gradle\6.7.1\fileHashes)" [_thread_blocked, id=7956, stack(0x000000374ac00000,0x000000374ad00000)]
  0x00000138bf230000 JavaThread "Cache worker for checksums cache (C:\Users\hp\AndroidStudioProjects\myPharmacy\.gradle\checksums)" [_thread_blocked, id=1708, stack(0x000000374ab00000,0x000000374ac00000)]
  0x00000138bf22e800 JavaThread "Cache worker for cache directory md-supplier (C:\Users\hp\.gradle\caches\6.7.1\md-supplier)" [_thread_blocked, id=14020, stack(0x000000374ad00000,0x000000374ae00000)]
  0x00000138bf22d000 JavaThread "Cache worker for cache directory md-rule (C:\Users\hp\.gradle\caches\6.7.1\md-rule)" [_thread_blocked, id=12280, stack(0x000000374ae00000,0x000000374af00000)]
  0x00000138bf22a800 JavaThread "Cache worker for execution history cache (C:\Users\hp\.gradle\caches\6.7.1\executionHistory)" [_thread_blocked, id=6724, stack(0x000000374b000000,0x000000374b100000)]
  0x00000138bf231000 JavaThread "jar transforms" [_thread_blocked, id=14068, stack(0x000000374af00000,0x000000374b000000)]
  0x00000138c10bf800 JavaThread "Cache worker for file content cache (C:\Users\hp\.gradle\caches\6.7.1\fileContent)" [_thread_blocked, id=8436, stack(0x000000374b100000,0x000000374b200000)]
  0x00000138c10c0800 JavaThread "Cache worker for Build Output Cleanup Cache (C:\Users\hp\AndroidStudioProjects\myPharmacy\.gradle\buildOutputCleanup)" [_thread_blocked, id=9508, stack(0x000000374b300000,0x000000374b400000)]
  0x00000138c10bb000 JavaThread "Build operations" [_thread_blocked, id=6744, stack(0x000000374b200000,0x000000374b300000)]
  0x00000138c10c1800 JavaThread "Build operations Thread 2" [_thread_blocked, id=1476, stack(0x000000374b400000,0x000000374b500000)]
  0x00000138c10c2000 JavaThread "Build operations Thread 3" [_thread_blocked, id=4820, stack(0x000000374b500000,0x000000374b600000)]
  0x00000138c10bd000 JavaThread "Build operations Thread 4" [_thread_blocked, id=2736, stack(0x000000374b600000,0x000000374b700000)]
  0x00000138c10bc800 JavaThread "jar transforms Thread 2" [_thread_blocked, id=7912, stack(0x000000374b700000,0x000000374b800000)]
  0x00000138c10c3000 JavaThread "jar transforms Thread 3" [_thread_blocked, id=7552, stack(0x000000374b800000,0x000000374b900000)]
  0x00000138c10c4000 JavaThread "jar transforms Thread 4" [_thread_blocked, id=11152, stack(0x000000374b900000,0x000000374ba00000)]
  0x00000138c10be000 JavaThread "jar transforms Thread 5" [_thread_blocked, id=11600, stack(0x000000374ba00000,0x000000374bb00000)]
  0x00000138c10c4800 JavaThread "jar transforms Thread 6" [_thread_blocked, id=13676, stack(0x000000374bb00000,0x000000374bc00000)]
  0x00000138c10bf000 JavaThread "jar transforms Thread 7" [_thread_blocked, id=12124, stack(0x000000374bc00000,0x000000374bd00000)]
  0x00000138c10c8000 JavaThread "jar transforms Thread 8" [_thread_blocked, id=12396, stack(0x000000374bd00000,0x000000374be00000)]
  0x00000138c10c6000 JavaThread "jar transforms Thread 9" [_thread_blocked, id=2264, stack(0x000000374be00000,0x000000374bf00000)]
  0x00000138c10c7000 JavaThread "jar transforms Thread 10" [_thread_blocked, id=1588, stack(0x000000374bf00000,0x000000374c000000)]
  0x00000138c10c8800 JavaThread "jar transforms Thread 11" [_thread_blocked, id=11172, stack(0x000000374c000000,0x000000374c100000)]
  0x00000138c10c5800 JavaThread "jar transforms Thread 12" [_thread_blocked, id=7384, stack(0x000000374c100000,0x000000374c200000)]
  0x00000138c10c9800 JavaThread "jar transforms Thread 13" [_thread_blocked, id=4200, stack(0x000000374c200000,0x000000374c300000)]
  0x00000138c32e6000 JavaThread "jar transforms Thread 14" [_thread_blocked, id=4416, stack(0x000000374c300000,0x000000374c400000)]
  0x00000138c32e4800 JavaThread "jar transforms Thread 15" [_thread_blocked, id=12868, stack(0x000000374c400000,0x000000374c500000)]
  0x00000138c32e7000 JavaThread "jar transforms Thread 16" [_thread_blocked, id=5024, stack(0x000000374c500000,0x000000374c600000)]
  0x00000138c32e5800 JavaThread "jar transforms Thread 17" [_thread_blocked, id=14108, stack(0x000000374c600000,0x000000374c700000)]
  0x00000138c32e8000 JavaThread "jar transforms Thread 18" [_thread_blocked, id=2780, stack(0x000000374c700000,0x000000374c800000)]
  0x00000138c32e8800 JavaThread "jar transforms Thread 19" [_thread_blocked, id=11564, stack(0x000000374c800000,0x000000374c900000)]
  0x00000138c32e9800 JavaThread "jar transforms Thread 20" [_thread_blocked, id=5388, stack(0x000000374c900000,0x000000374ca00000)]
  0x00000138c32e3800 JavaThread "jar transforms Thread 21" [_thread_blocked, id=10856, stack(0x000000374ca00000,0x000000374cb00000)]
  0x00000138c32ed800 JavaThread "jar transforms Thread 22" [_thread_blocked, id=5056, stack(0x000000374cb00000,0x000000374cc00000)]
  0x00000138c32ef000 JavaThread "jar transforms Thread 23" [_thread_blocked, id=8728, stack(0x000000374cc00000,0x000000374cd00000)]
  0x00000138c32ec000 JavaThread "jar transforms Thread 24" [_thread_blocked, id=716, stack(0x000000374cd00000,0x000000374ce00000)]
  0x00000138c32ec800 JavaThread "jar transforms Thread 25" [_thread_blocked, id=864, stack(0x000000374ce00000,0x000000374cf00000)]
  0x00000138c32ee800 JavaThread "jar transforms Thread 26" [_thread_blocked, id=11832, stack(0x000000374cf00000,0x000000374d000000)]
  0x00000138c32f0000 JavaThread "jar transforms Thread 27" [_thread_blocked, id=11236, stack(0x000000374d000000,0x000000374d100000)]
  0x00000138c32ea800 JavaThread "jar transforms Thread 28" [_thread_blocked, id=4252, stack(0x000000374d100000,0x000000374d200000)]
  0x00000138c32f1000 JavaThread "jar transforms Thread 29" [_thread_blocked, id=11072, stack(0x000000374d200000,0x000000374d300000)]
  0x00000138c32eb000 JavaThread "jar transforms Thread 30" [_thread_blocked, id=1912, stack(0x000000374d300000,0x000000374d400000)]
  0x00000138c32f1800 JavaThread "jar transforms Thread 31" [_thread_blocked, id=7648, stack(0x000000374d400000,0x000000374d500000)]
  0x00000138c32f2800 JavaThread "jar transforms Thread 32" [_thread_blocked, id=8628, stack(0x000000374d500000,0x000000374d600000)]
  0x00000138c3380800 JavaThread "jar transforms Thread 33" [_thread_blocked, id=9144, stack(0x000000374d600000,0x000000374d700000)]
  0x00000138c3381000 JavaThread "jar transforms Thread 34" [_thread_blocked, id=104, stack(0x000000374d700000,0x000000374d800000)]
  0x00000138c3382000 JavaThread "jar transforms Thread 35" [_thread_blocked, id=10836, stack(0x000000374d800000,0x000000374d900000)]
  0x00000138c337c800 JavaThread "jar transforms Thread 36" [_thread_blocked, id=3260, stack(0x000000374d900000,0x000000374da00000)]
  0x00000138c337e000 JavaThread "jar transforms Thread 37" [_thread_blocked, id=12708, stack(0x000000374da00000,0x000000374db00000)]
  0x00000138c3383000 JavaThread "jar transforms Thread 38" [_thread_blocked, id=4348, stack(0x000000374db00000,0x000000374dc00000)]
  0x00000138c337d000 JavaThread "jar transforms Thread 39" [_thread_blocked, id=12812, stack(0x000000374dc00000,0x000000374dd00000)]
  0x00000138c337f000 JavaThread "jar transforms Thread 40" [_thread_blocked, id=11392, stack(0x000000374dd00000,0x000000374de00000)]
  0x00000138c3383800 JavaThread "jar transforms Thread 41" [_thread_blocked, id=10516, stack(0x000000374de00000,0x000000374df00000)]
  0x00000138c3384800 JavaThread "jar transforms Thread 42" [_thread_blocked, id=12312, stack(0x000000374df00000,0x000000374e000000)]
  0x00000138c3385800 JavaThread "jar transforms Thread 43" [_thread_blocked, id=10764, stack(0x000000374e000000,0x000000374e100000)]
  0x00000138c337f800 JavaThread "jar transforms Thread 44" [_thread_blocked, id=10320, stack(0x000000374e100000,0x000000374e200000)]
  0x00000138c338b000 JavaThread "jar transforms Thread 45" [_thread_blocked, id=10712, stack(0x000000374e200000,0x000000374e300000)]
  0x00000138c3389800 JavaThread "jar transforms Thread 46" [_thread_blocked, id=10852, stack(0x000000374e300000,0x000000374e400000)]
  0x00000138c3388800 JavaThread "jar transforms Thread 47" [_thread_blocked, id=10988, stack(0x000000374e400000,0x000000374e500000)]
  0x00000138c3387000 JavaThread "jar transforms Thread 48" [_thread_blocked, id=4120, stack(0x000000374e500000,0x000000374e600000)]
  0x00000138c338a000 JavaThread "jar transforms Thread 49" [_thread_blocked, id=5968, stack(0x000000374e600000,0x000000374e700000)]
  0x00000138c3386000 JavaThread "jar transforms Thread 50" [_thread_blocked, id=6560, stack(0x000000374e700000,0x000000374e800000)]
  0x00000138c3387800 JavaThread "jar transforms Thread 51" [_thread_blocked, id=14156, stack(0x000000374e800000,0x000000374e900000)]
  0x00000138c30b5000 JavaThread "jar transforms Thread 52" [_thread_blocked, id=2512, stack(0x000000374e900000,0x000000374ea00000)]
  0x00000138c30b3800 JavaThread "jar transforms Thread 53" [_thread_blocked, id=11596, stack(0x000000374ea00000,0x000000374eb00000)]
  0x00000138c30b4800 JavaThread "jar transforms Thread 54" [_thread_blocked, id=8640, stack(0x000000374eb00000,0x000000374ec00000)]
  0x00000138c30b0800 JavaThread "jar transforms Thread 55" [_thread_blocked, id=5620, stack(0x000000374ec00000,0x000000374ed00000)]
  0x00000138c30b2000 JavaThread "jar transforms Thread 56" [_thread_blocked, id=11316, stack(0x000000374ed00000,0x000000374ee00000)]
  0x00000138c30b2800 JavaThread "jar transforms Thread 57" [_thread_blocked, id=5312, stack(0x000000374ee00000,0x000000374ef00000)]
  0x00000138c30b7000 JavaThread "jar transforms Thread 58" [_thread_blocked, id=10048, stack(0x000000374ef00000,0x000000374f000000)]
  0x00000138c30b1000 JavaThread "jar transforms Thread 59" [_thread_blocked, id=11160, stack(0x000000374f000000,0x000000374f100000)]
  0x00000138c30b8800 JavaThread "jar transforms Thread 60" [_thread_blocked, id=13460, stack(0x000000374f100000,0x000000374f200000)]
  0x00000138c30b9800 JavaThread "jar transforms Thread 61" [_thread_blocked, id=2348, stack(0x000000374f200000,0x000000374f300000)]
  0x00000138c30b7800 JavaThread "jar transforms Thread 62" [_thread_blocked, id=4812, stack(0x000000374f300000,0x000000374f400000)]
  0x00000138c30bb800 JavaThread "jar transforms Thread 63" [_thread_blocked, id=11632, stack(0x000000374f400000,0x000000374f500000)]
  0x00000138c30ba000 JavaThread "jar transforms Thread 64" [_thread_blocked, id=12680, stack(0x000000374f500000,0x000000374f600000)]
  0x00000138c30bb000 JavaThread "jar transforms Thread 65" [_thread_blocked, id=3712, stack(0x000000374f600000,0x000000374f700000)]
  0x00000138c30b6000 JavaThread "jar transforms Thread 66" [_thread_blocked, id=11512, stack(0x000000374f700000,0x000000374f800000)]
  0x00000138c30bc800 JavaThread "jar transforms Thread 67" [_thread_blocked, id=5324, stack(0x000000374f800000,0x000000374f900000)]
  0x00000138c30bd800 JavaThread "jar transforms Thread 68" [_thread_blocked, id=11648, stack(0x000000374f900000,0x000000374fa00000)]
  0x00000138c30be000 JavaThread "jar transforms Thread 69" [_thread_blocked, id=444, stack(0x000000374fa00000,0x000000374fb00000)]
  0x00000138c30bf000 JavaThread "jar transforms Thread 70" [_thread_blocked, id=8032, stack(0x000000374fb00000,0x000000374fc00000)]
  0x00000138c38e5000 JavaThread "jar transforms Thread 71" [_thread_blocked, id=13900, stack(0x000000374fc00000,0x000000374fd00000)]
  0x00000138c38e5800 JavaThread "jar transforms Thread 72" [_thread_blocked, id=8040, stack(0x000000374fd00000,0x000000374fe00000)]
  0x00000138c38e0000 JavaThread "jar transforms Thread 73" [_thread_blocked, id=9440, stack(0x000000374fe00000,0x000000374ff00000)]
  0x00000138c38e1000 JavaThread "jar transforms Thread 74" [_thread_blocked, id=11488, stack(0x000000374ff00000,0x0000003750000000)]
  0x00000138c38e6800 JavaThread "jar transforms Thread 75" [_thread_blocked, id=5996, stack(0x0000003750000000,0x0000003750100000)]
  0x00000138c38e7800 JavaThread "jar transforms Thread 76" [_thread_blocked, id=12692, stack(0x0000003750100000,0x0000003750200000)]
  0x00000138c38e1800 JavaThread "jar transforms Thread 77" [_thread_blocked, id=13532, stack(0x0000003750200000,0x0000003750300000)]
  0x00000138c38e3800 JavaThread "jar transforms Thread 78" [_thread_blocked, id=9532, stack(0x0000003750300000,0x0000003750400000)]
  0x00000138c38e2800 JavaThread "jar transforms Thread 79" [_thread_blocked, id=11744, stack(0x0000003750400000,0x0000003750500000)]
  0x00000138c38e9000 JavaThread "jar transforms Thread 80" [_thread_blocked, id=3136, stack(0x0000003750500000,0x0000003750600000)]
  0x00000138c38e4000 JavaThread "jar transforms Thread 81" [_thread_blocked, id=5016, stack(0x0000003750600000,0x0000003750700000)]
  0x00000138c38ea000 JavaThread "jar transforms Thread 82" [_thread_blocked, id=8760, stack(0x0000003750700000,0x0000003750800000)]
  0x00000138c38ea800 JavaThread "jar transforms Thread 83" [_thread_blocked, id=11200, stack(0x0000003750800000,0x0000003750900000)]
  0x00000138c38eb800 JavaThread "jar transforms Thread 84" [_thread_blocked, id=11076, stack(0x0000003750900000,0x0000003750a00000)]
  0x00000138c38ed000 JavaThread "jar transforms Thread 85" [_thread_blocked, id=6940, stack(0x0000003750a00000,0x0000003750b00000)]
  0x00000138c38ee000 JavaThread "jar transforms Thread 86" [_thread_blocked, id=756, stack(0x0000003750b00000,0x0000003750c00000)]
  0x00000138c38ec800 JavaThread "jar transforms Thread 87" [_thread_blocked, id=436, stack(0x0000003750c00000,0x0000003750d00000)]
  0x00000138c38e8000 JavaThread "jar transforms Thread 88" [_thread_blocked, id=3924, stack(0x0000003750d00000,0x0000003750e00000)]
  0x00000138c38ee800 JavaThread "jar transforms Thread 89" [_thread_blocked, id=12824, stack(0x0000003750e00000,0x0000003750f00000)]
  0x00000138c38f1000 JavaThread "jar transforms Thread 90" [_thread_blocked, id=14192, stack(0x0000003750f00000,0x0000003751000000)]
  0x00000138c38f5800 JavaThread "jar transforms Thread 91" [_thread_blocked, id=3876, stack(0x0000003751000000,0x0000003751100000)]
  0x00000138c38f0000 JavaThread "jar transforms Thread 92" [_thread_blocked, id=10608, stack(0x0000003751100000,0x0000003751200000)]
  0x00000138c38f2800 JavaThread "jar transforms Thread 93" [_thread_blocked, id=10628, stack(0x0000003751200000,0x0000003751300000)]
  0x00000138c38f5000 JavaThread "jar transforms Thread 94" [_thread_blocked, id=14132, stack(0x0000003751300000,0x0000003751400000)]
  0x00000138c38f1800 JavaThread "jar transforms Thread 95" [_thread_blocked, id=8576, stack(0x0000003751400000,0x0000003751500000)]
  0x00000138c38f8000 JavaThread "jar transforms Thread 96" [_thread_blocked, id=8704, stack(0x0000003751500000,0x0000003751600000)]
  0x00000138c38f4000 JavaThread "jar transforms Thread 97" [_thread_blocked, id=3656, stack(0x0000003751600000,0x0000003751700000)]
  0x00000138c38f9000 JavaThread "jar transforms Thread 98" [_thread_blocked, id=3028, stack(0x0000003751700000,0x0000003751800000)]
  0x00000138c38f6800 JavaThread "jar transforms Thread 99" [_thread_blocked, id=12132, stack(0x0000003751800000,0x0000003751900000)]

Other Threads:
  0x00000138be513800 VMThread "VM Thread" [stack: 0x0000003748e00000,0x0000003748f00000] [id=13760]
  0x00000138bf011800 WatcherThread [stack: 0x0000003749800000,0x0000003749900000] [id=6996]
  0x00000138a4ac9000 GCTaskThread "GC Thread#0" [stack: 0x0000003748900000,0x0000003748a00000] [id=5960]
  0x00000138bf43d800 GCTaskThread "GC Thread#1" [stack: 0x0000003749900000,0x0000003749a00000] [id=10352]
  0x00000138bf43e000 GCTaskThread "GC Thread#2" [stack: 0x0000003749a00000,0x0000003749b00000] [id=8272]
  0x00000138c0f7f000 GCTaskThread "GC Thread#3" [stack: 0x000000374a700000,0x000000374a800000] [id=5136]
  0x00000138a4afb800 ConcurrentGCThread "G1 Main Marker" [stack: 0x0000003748a00000,0x0000003748b00000] [id=1764]
  0x00000138a4aff000 ConcurrentGCThread "G1 Conc#0" [stack: 0x0000003748b00000,0x0000003748c00000] [id=9304]
  0x00000138a4b7d800 ConcurrentGCThread "G1 Refine#0" [stack: 0x0000003748c00000,0x0000003748d00000] [id=13892]
  0x00000138be362800 ConcurrentGCThread "G1 Young RemSet Sampling" [stack: 0x0000003748d00000,0x0000003748e00000] [id=3596]

Threads with active compile tasks:
C2 CompilerThread0  20673 4386       4       groovy.lang.MetaClassImpl$1MOPIter::methodNameAction (325 bytes)

VM state:not at safepoint (normal execution)

VM Mutex/Monitor currently owned by a thread: None

Heap address: 0x0000000080000000, size: 2048 MB, Compressed Oops mode: 32-bit
Narrow klass base: 0x0000000000000000, Narrow klass shift: 3
Compressed class space size: 1073741824 Address: 0x0000000100000000

Heap:
 garbage-first heap   total 131072K, used 89167K [0x0000000080000000, 0x0000000100000000)
  region size 1024K, 71 young (72704K), 7 survivors (7168K)
 Metaspace       used 44438K, capacity 45495K, committed 45772K, reserved 1089536K
  class space    used 5677K, capacity 6070K, committed 6092K, reserved 1048576K
Heap Regions: E=young(eden), S=young(survivor), O=old, HS=humongous(starts), HC=humongous(continues), CS=collection set, F=free, A=archive, TAMS=top-at-mark-start (previous, next)
|   0|0x0000000080000000, 0x0000000080100000, 0x0000000080100000|100%| O|  |TAMS 0x0000000080100000, 0x0000000080000000| Untracked 
|   1|0x0000000080100000, 0x0000000080200000, 0x0000000080200000|100%| O|  |TAMS 0x0000000080200000, 0x0000000080100000| Untracked 
|   2|0x0000000080200000, 0x0000000080300000, 0x0000000080300000|100%| O|  |TAMS 0x0000000080300000, 0x0000000080200000| Untracked 
|   3|0x0000000080300000, 0x0000000080400000, 0x0000000080400000|100%|HS|  |TAMS 0x0000000080400000, 0x0000000080300000| Complete 
|   4|0x0000000080400000, 0x0000000080500000, 0x0000000080500000|100%|HC|  |TAMS 0x0000000080500000, 0x0000000080400000| Complete 
|   5|0x0000000080500000, 0x0000000080600000, 0x0000000080600000|100%|HC|  |TAMS 0x0000000080600000, 0x0000000080500000| Complete 
|   6|0x0000000080600000, 0x0000000080700000, 0x0000000080700000|100%| O|  |TAMS 0x0000000080700000, 0x0000000080600000| Untracked 
|   7|0x0000000080700000, 0x0000000080800000, 0x0000000080800000|100%| O|  |TAMS 0x0000000080800000, 0x0000000080700000| Untracked 
|   8|0x0000000080800000, 0x0000000080900000, 0x0000000080900000|100%| O|  |TAMS 0x0000000080900000, 0x0000000080800000| Untracked 
|   9|0x0000000080900000, 0x0000000080a00000, 0x0000000080a00000|100%| O|  |TAMS 0x0000000080a00000, 0x0000000080900000| Untracked 
|  10|0x0000000080a00000, 0x0000000080b00000, 0x0000000080b00000|100%| O|  |TAMS 0x0000000080b00000, 0x0000000080a00000| Untracked 
|  11|0x0000000080b00000, 0x0000000080c00000, 0x0000000080c00000|100%| O|  |TAMS 0x0000000080c00000, 0x0000000080b00000| Untracked 
|  12|0x0000000080c00000, 0x0000000080d00000, 0x0000000080d00000|100%| O|  |TAMS 0x0000000080d00000, 0x0000000080c00000| Untracked 
|  13|0x0000000080d00000, 0x0000000080e00000, 0x0000000080e00000|100%| O|  |TAMS 0x0000000080e00000, 0x0000000080d00000| Untracked 
|  14|0x0000000080e00000, 0x0000000080f00000, 0x0000000080f00000|100%| O|  |TAMS 0x0000000080f00000, 0x0000000080e00000| Untracked 
|  15|0x0000000080f00000, 0x0000000081000000, 0x0000000081000000|100%| O|  |TAMS 0x0000000080f0b200, 0x0000000080f00000| Untracked 
|  16|0x0000000081000000, 0x0000000081100000, 0x0000000081100000|100%|HS|  |TAMS 0x0000000081000000, 0x0000000081000000| Complete 
|  17|0x0000000081100000, 0x0000000081100000, 0x0000000081200000|  0%| F|  |TAMS 0x0000000081100000, 0x0000000081100000| Untracked 
|  18|0x0000000081200000, 0x0000000081200000, 0x0000000081300000|  0%| F|  |TAMS 0x0000000081200000, 0x0000000081200000| Untracked 
|  19|0x0000000081300000, 0x0000000081300000, 0x0000000081400000|  0%| F|  |TAMS 0x0000000081300000, 0x0000000081300000| Untracked 
|  20|0x0000000081400000, 0x0000000081500000, 0x0000000081500000|100%| O|  |TAMS 0x0000000081400000, 0x0000000081400000| Untracked 
|  21|0x0000000081500000, 0x000000008158f400, 0x0000000081600000| 55%| O|  |TAMS 0x0000000081500000, 0x0000000081500000| Untracked 
|  22|0x0000000081600000, 0x0000000081600000, 0x0000000081700000|  0%| F|  |TAMS 0x0000000081600000, 0x0000000081600000| Untracked 
|  23|0x0000000081700000, 0x0000000081700000, 0x0000000081800000|  0%| F|  |TAMS 0x0000000081700000, 0x0000000081700000| Untracked 
|  24|0x0000000081800000, 0x0000000081800000, 0x0000000081900000|  0%| F|  |TAMS 0x0000000081800000, 0x0000000081800000| Untracked 
|  25|0x0000000081900000, 0x0000000081900000, 0x0000000081a00000|  0%| F|  |TAMS 0x0000000081900000, 0x0000000081900000| Untracked 
|  26|0x0000000081a00000, 0x0000000081a00000, 0x0000000081b00000|  0%| F|  |TAMS 0x0000000081a00000, 0x0000000081a00000| Untracked 
|  27|0x0000000081b00000, 0x0000000081b00000, 0x0000000081c00000|  0%| F|  |TAMS 0x0000000081b00000, 0x0000000081b00000| Untracked 
|  28|0x0000000081c00000, 0x0000000081c00000, 0x0000000081d00000|  0%| F|  |TAMS 0x0000000081c00000, 0x0000000081c00000| Untracked 
|  29|0x0000000081d00000, 0x0000000081d00000, 0x0000000081e00000|  0%| F|  |TAMS 0x0000000081d00000, 0x0000000081d00000| Untracked 
|  30|0x0000000081e00000, 0x0000000081e00000, 0x0000000081f00000|  0%| F|  |TAMS 0x0000000081e00000, 0x0000000081e00000| Untracked 
|  31|0x0000000081f00000, 0x0000000081f00000, 0x0000000082000000|  0%| F|  |TAMS 0x0000000081f00000, 0x0000000081f00000| Untracked 
|  32|0x0000000082000000, 0x0000000082000000, 0x0000000082100000|  0%| F|  |TAMS 0x0000000082000000, 0x0000000082000000| Untracked 
|  33|0x0000000082100000, 0x0000000082100000, 0x0000000082200000|  0%| F|  |TAMS 0x0000000082100000, 0x0000000082100000| Untracked 
|  34|0x0000000082200000, 0x0000000082200000, 0x0000000082300000|  0%| F|  |TAMS 0x0000000082200000, 0x0000000082200000| Untracked 
|  35|0x0000000082300000, 0x0000000082300000, 0x0000000082400000|  0%| F|  |TAMS 0x0000000082300000, 0x0000000082300000| Untracked 
|  36|0x0000000082400000, 0x0000000082400000, 0x0000000082500000|  0%| F|  |TAMS 0x0000000082400000, 0x0000000082400000| Untracked 
|  37|0x0000000082500000, 0x0000000082500000, 0x0000000082600000|  0%| F|  |TAMS 0x0000000082500000, 0x0000000082500000| Untracked 
|  38|0x0000000082600000, 0x0000000082600000, 0x0000000082700000|  0%| F|  |TAMS 0x0000000082600000, 0x0000000082600000| Untracked 
|  39|0x0000000082700000, 0x0000000082700000, 0x0000000082800000|  0%| F|  |TAMS 0x0000000082700000, 0x0000000082700000| Untracked 
|  40|0x0000000082800000, 0x0000000082800000, 0x0000000082900000|  0%| F|  |TAMS 0x0000000082800000, 0x0000000082800000| Untracked 
|  41|0x0000000082900000, 0x0000000082900000, 0x0000000082a00000|  0%| F|  |TAMS 0x0000000082900000, 0x0000000082900000| Untracked 
|  42|0x0000000082a00000, 0x0000000082a00000, 0x0000000082b00000|  0%| F|  |TAMS 0x0000000082a00000, 0x0000000082a00000| Untracked 
|  43|0x0000000082b00000, 0x0000000082b00000, 0x0000000082c00000|  0%| F|  |TAMS 0x0000000082b00000, 0x0000000082b00000| Untracked 
|  44|0x0000000082c00000, 0x0000000082c00000, 0x0000000082d00000|  0%| F|  |TAMS 0x0000000082c00000, 0x0000000082c00000| Untracked 
|  45|0x0000000082d00000, 0x0000000082d00000, 0x0000000082e00000|  0%| F|  |TAMS 0x0000000082d00000, 0x0000000082d00000| Untracked 
|  46|0x0000000082e00000, 0x0000000082e00000, 0x0000000082f00000|  0%| F|  |TAMS 0x0000000082e00000, 0x0000000082e00000| Untracked 
|  47|0x0000000082f00000, 0x0000000082f00000, 0x0000000083000000|  0%| F|  |TAMS 0x0000000082f00000, 0x0000000082f00000| Untracked 
|  48|0x0000000083000000, 0x0000000083000000, 0x0000000083100000|  0%| F|  |TAMS 0x0000000083000000, 0x0000000083000000| Untracked 
|  49|0x0000000083100000, 0x0000000083100000, 0x0000000083200000|  0%| F|  |TAMS 0x0000000083100000, 0x0000000083100000| Untracked 
|  50|0x0000000083200000, 0x0000000083200000, 0x0000000083300000|  0%| F|  |TAMS 0x0000000083200000, 0x0000000083200000| Untracked 
|  51|0x0000000083300000, 0x0000000083300000, 0x0000000083400000|  0%| F|  |TAMS 0x0000000083300000, 0x0000000083300000| Untracked 
|  52|0x0000000083400000, 0x0000000083400000, 0x0000000083500000|  0%| F|  |TAMS 0x0000000083400000, 0x0000000083400000| Untracked 
|  53|0x0000000083500000, 0x0000000083500000, 0x0000000083600000|  0%| F|  |TAMS 0x0000000083500000, 0x0000000083500000| Untracked 
|  54|0x0000000083600000, 0x0000000083684830, 0x0000000083700000| 51%| S|CS|TAMS 0x0000000083600000, 0x0000000083600000| Complete 
|  55|0x0000000083700000, 0x0000000083800000, 0x0000000083800000|100%| S|CS|TAMS 0x0000000083700000, 0x0000000083700000| Complete 
|  56|0x0000000083800000, 0x0000000083900000, 0x0000000083900000|100%| S|CS|TAMS 0x0000000083800000, 0x0000000083800000| Complete 
|  57|0x0000000083900000, 0x0000000083a00000, 0x0000000083a00000|100%| S|CS|TAMS 0x0000000083900000, 0x0000000083900000| Complete 
|  58|0x0000000083a00000, 0x0000000083b00000, 0x0000000083b00000|100%| S|CS|TAMS 0x0000000083a00000, 0x0000000083a00000| Complete 
|  59|0x0000000083b00000, 0x0000000083c00000, 0x0000000083c00000|100%| S|CS|TAMS 0x0000000083b00000, 0x0000000083b00000| Complete 
|  60|0x0000000083c00000, 0x0000000083d00000, 0x0000000083d00000|100%| S|CS|TAMS 0x0000000083c00000, 0x0000000083c00000| Complete 
|  61|0x0000000083d00000, 0x0000000083d00000, 0x0000000083e00000|  0%| F|  |TAMS 0x0000000083d00000, 0x0000000083d00000| Untracked 
|  62|0x0000000083e00000, 0x0000000083e00000, 0x0000000083f00000|  0%| F|  |TAMS 0x0000000083e00000, 0x0000000083e00000| Untracked 
|  63|0x0000000083f00000, 0x0000000083f00000, 0x0000000084000000|  0%| F|  |TAMS 0x0000000083f00000, 0x0000000083f00000| Untracked 
|  64|0x0000000084000000, 0x000000008404a1c8, 0x0000000084100000| 28%| E|  |TAMS 0x0000000084000000, 0x0000000084000000| Complete 
|  65|0x0000000084100000, 0x0000000084200000, 0x0000000084200000|100%| E|CS|TAMS 0x0000000084100000, 0x0000000084100000| Complete 
|  66|0x0000000084200000, 0x0000000084300000, 0x0000000084300000|100%| E|CS|TAMS 0x0000000084200000, 0x0000000084200000| Complete 
|  67|0x0000000084300000, 0x0000000084400000, 0x0000000084400000|100%| E|CS|TAMS 0x0000000084300000, 0x0000000084300000| Complete 
|  68|0x0000000084400000, 0x0000000084500000, 0x0000000084500000|100%| E|CS|TAMS 0x0000000084400000, 0x0000000084400000| Complete 
|  69|0x0000000084500000, 0x0000000084600000, 0x0000000084600000|100%| E|CS|TAMS 0x0000000084500000, 0x0000000084500000| Complete 
|  70|0x0000000084600000, 0x0000000084700000, 0x0000000084700000|100%| E|CS|TAMS 0x0000000084600000, 0x0000000084600000| Complete 
|  71|0x0000000084700000, 0x0000000084800000, 0x0000000084800000|100%| E|CS|TAMS 0x0000000084700000, 0x0000000084700000| Complete 
|  72|0x0000000084800000, 0x0000000084900000, 0x0000000084900000|100%| E|  |TAMS 0x0000000084800000, 0x0000000084800000| Complete 
|  73|0x0000000084900000, 0x0000000084a00000, 0x0000000084a00000|100%| E|CS|TAMS 0x0000000084900000, 0x0000000084900000| Complete 
|  74|0x0000000084a00000, 0x0000000084b00000, 0x0000000084b00000|100%| E|CS|TAMS 0x0000000084a00000, 0x0000000084a00000| Complete 
|  75|0x0000000084b00000, 0x0000000084c00000, 0x0000000084c00000|100%| E|CS|TAMS 0x0000000084b00000, 0x0000000084b00000| Complete 
|  76|0x0000000084c00000, 0x0000000084d00000, 0x0000000084d00000|100%| E|CS|TAMS 0x0000000084c00000, 0x0000000084c00000| Complete 
|  77|0x0000000084d00000, 0x0000000084e00000, 0x0000000084e00000|100%| E|CS|TAMS 0x0000000084d00000, 0x0000000084d00000| Complete 
|  78|0x0000000084e00000, 0x0000000084f00000, 0x0000000084f00000|100%| E|CS|TAMS 0x0000000084e00000, 0x0000000084e00000| Complete 
|  79|0x0000000084f00000, 0x0000000085000000, 0x0000000085000000|100%| E|CS|TAMS 0x0000000084f00000, 0x0000000084f00000| Complete 
|  80|0x0000000085000000, 0x0000000085100000, 0x0000000085100000|100%| E|CS|TAMS 0x0000000085000000, 0x0000000085000000| Complete 
|  81|0x0000000085100000, 0x0000000085200000, 0x0000000085200000|100%| E|CS|TAMS 0x0000000085100000, 0x0000000085100000| Complete 
|  82|0x0000000085200000, 0x0000000085300000, 0x0000000085300000|100%| E|CS|TAMS 0x0000000085200000, 0x0000000085200000| Complete 
|  83|0x0000000085300000, 0x0000000085400000, 0x0000000085400000|100%| E|CS|TAMS 0x0000000085300000, 0x0000000085300000| Complete 
|  84|0x0000000085400000, 0x0000000085500000, 0x0000000085500000|100%| E|CS|TAMS 0x0000000085400000, 0x0000000085400000| Complete 
|  85|0x0000000085500000, 0x0000000085600000, 0x0000000085600000|100%| E|CS|TAMS 0x0000000085500000, 0x0000000085500000| Complete 
|  86|0x0000000085600000, 0x0000000085700000, 0x0000000085700000|100%| E|CS|TAMS 0x0000000085600000, 0x0000000085600000| Complete 
|  87|0x0000000085700000, 0x0000000085800000, 0x0000000085800000|100%| E|CS|TAMS 0x0000000085700000, 0x0000000085700000| Complete 
|  88|0x0000000085800000, 0x0000000085900000, 0x0000000085900000|100%| E|CS|TAMS 0x0000000085800000, 0x0000000085800000| Complete 
|  89|0x0000000085900000, 0x0000000085a00000, 0x0000000085a00000|100%| E|CS|TAMS 0x0000000085900000, 0x0000000085900000| Complete 
|  90|0x0000000085a00000, 0x0000000085b00000, 0x0000000085b00000|100%| E|CS|TAMS 0x0000000085a00000, 0x0000000085a00000| Complete 
|  91|0x0000000085b00000, 0x0000000085c00000, 0x0000000085c00000|100%| E|CS|TAMS 0x0000000085b00000, 0x0000000085b00000| Complete 
|  92|0x0000000085c00000, 0x0000000085d00000, 0x0000000085d00000|100%| E|CS|TAMS 0x0000000085c00000, 0x0000000085c00000| Complete 
|  93|0x0000000085d00000, 0x0000000085e00000, 0x0000000085e00000|100%| E|CS|TAMS 0x0000000085d00000, 0x0000000085d00000| Complete 
|  94|0x0000000085e00000, 0x0000000085f00000, 0x0000000085f00000|100%| E|CS|TAMS 0x0000000085e00000, 0x0000000085e00000| Complete 
|  95|0x0000000085f00000, 0x0000000086000000, 0x0000000086000000|100%| E|CS|TAMS 0x0000000085f00000, 0x0000000085f00000| Complete 
|  96|0x0000000086000000, 0x0000000086100000, 0x0000000086100000|100%| E|CS|TAMS 0x0000000086000000, 0x0000000086000000| Complete 
|  97|0x0000000086100000, 0x0000000086200000, 0x0000000086200000|100%| E|CS|TAMS 0x0000000086100000, 0x0000000086100000| Complete 
|  98|0x0000000086200000, 0x0000000086300000, 0x0000000086300000|100%| E|CS|TAMS 0x0000000086200000, 0x0000000086200000| Complete 
|  99|0x0000000086300000, 0x0000000086400000, 0x0000000086400000|100%| E|CS|TAMS 0x0000000086300000, 0x0000000086300000| Complete 
| 100|0x0000000086400000, 0x0000000086500000, 0x0000000086500000|100%| E|CS|TAMS 0x0000000086400000, 0x0000000086400000| Complete 
| 101|0x0000000086500000, 0x0000000086600000, 0x0000000086600000|100%| E|CS|TAMS 0x0000000086500000, 0x0000000086500000| Complete 
| 102|0x0000000086600000, 0x0000000086700000, 0x0000000086700000|100%| E|CS|TAMS 0x0000000086600000, 0x0000000086600000| Complete 
| 103|0x0000000086700000, 0x0000000086800000, 0x0000000086800000|100%| E|CS|TAMS 0x0000000086700000, 0x0000000086700000| Complete 
| 104|0x0000000086800000, 0x0000000086900000, 0x0000000086900000|100%| E|CS|TAMS 0x0000000086800000, 0x0000000086800000| Complete 
| 105|0x0000000086900000, 0x0000000086a00000, 0x0000000086a00000|100%| E|CS|TAMS 0x0000000086900000, 0x0000000086900000| Complete 
| 106|0x0000000086a00000, 0x0000000086b00000, 0x0000000086b00000|100%| E|CS|TAMS 0x0000000086a00000, 0x0000000086a00000| Complete 
| 107|0x0000000086b00000, 0x0000000086c00000, 0x0000000086c00000|100%| E|CS|TAMS 0x0000000086b00000, 0x0000000086b00000| Complete 
| 108|0x0000000086c00000, 0x0000000086d00000, 0x0000000086d00000|100%| E|CS|TAMS 0x0000000086c00000, 0x0000000086c00000| Complete 
| 109|0x0000000086d00000, 0x0000000086e00000, 0x0000000086e00000|100%| E|CS|TAMS 0x0000000086d00000, 0x0000000086d00000| Complete 
| 110|0x0000000086e00000, 0x0000000086f00000, 0x0000000086f00000|100%| E|CS|TAMS 0x0000000086e00000, 0x0000000086e00000| Complete 
| 111|0x0000000086f00000, 0x0000000087000000, 0x0000000087000000|100%| E|CS|TAMS 0x0000000086f00000, 0x0000000086f00000| Complete 
| 112|0x0000000087000000, 0x0000000087100000, 0x0000000087100000|100%| E|CS|TAMS 0x0000000087000000, 0x0000000087000000| Complete 
| 113|0x0000000087100000, 0x0000000087200000, 0x0000000087200000|100%| E|CS|TAMS 0x0000000087100000, 0x0000000087100000| Complete 
| 114|0x0000000087200000, 0x0000000087300000, 0x0000000087300000|100%| E|CS|TAMS 0x0000000087200000, 0x0000000087200000| Complete 
| 115|0x0000000087300000, 0x0000000087400000, 0x0000000087400000|100%| E|CS|TAMS 0x0000000087300000, 0x0000000087300000| Complete 
| 116|0x0000000087400000, 0x0000000087500000, 0x0000000087500000|100%| E|CS|TAMS 0x0000000087400000, 0x0000000087400000| Complete 
| 117|0x0000000087500000, 0x0000000087600000, 0x0000000087600000|100%| E|CS|TAMS 0x0000000087500000, 0x0000000087500000| Complete 
| 118|0x0000000087600000, 0x0000000087700000, 0x0000000087700000|100%| E|CS|TAMS 0x0000000087600000, 0x0000000087600000| Complete 
| 119|0x0000000087700000, 0x0000000087800000, 0x0000000087800000|100%| E|CS|TAMS 0x0000000087700000, 0x0000000087700000| Complete 
| 120|0x0000000087800000, 0x0000000087900000, 0x0000000087900000|100%| E|CS|TAMS 0x0000000087800000, 0x0000000087800000| Complete 
| 121|0x0000000087900000, 0x0000000087a00000, 0x0000000087a00000|100%| E|CS|TAMS 0x0000000087900000, 0x0000000087900000| Complete 
| 122|0x0000000087a00000, 0x0000000087b00000, 0x0000000087b00000|100%| E|CS|TAMS 0x0000000087a00000, 0x0000000087a00000| Complete 
| 123|0x0000000087b00000, 0x0000000087c00000, 0x0000000087c00000|100%| E|CS|TAMS 0x0000000087b00000, 0x0000000087b00000| Complete 
| 124|0x0000000087c00000, 0x0000000087d00000, 0x0000000087d00000|100%| E|CS|TAMS 0x0000000087c00000, 0x0000000087c00000| Complete 
| 125|0x0000000087d00000, 0x0000000087e00000, 0x0000000087e00000|100%| E|CS|TAMS 0x0000000087d00000, 0x0000000087d00000| Complete 
| 126|0x0000000087e00000, 0x0000000087f00000, 0x0000000087f00000|100%| E|CS|TAMS 0x0000000087e00000, 0x0000000087e00000| Complete 
| 127|0x0000000087f00000, 0x0000000088000000, 0x0000000088000000|100%| E|CS|TAMS 0x0000000087f00000, 0x0000000087f00000| Complete 

Card table byte_map: [0x00000138b7820000,0x00000138b7c20000] _byte_map_base: 0x00000138b7420000

Marking Bits (Prev, Next): (CMBitMap*) 0x00000138a4af2ac8, (CMBitMap*) 0x00000138a4af2b00
 Prev Bits: [0x00000138b8020000, 0x00000138ba020000)
 Next Bits: [0x00000138ba020000, 0x00000138bc020000)

Polling page: 0x00000138a2c10000

Metaspace:

Usage:
  Non-class:     38.50 MB capacity,    37.85 MB ( 98%) used,   568.34 KB (  1%) free+waste,    94.81 KB ( <1%) overhead. 
      Class:      5.93 MB capacity,     5.54 MB ( 94%) used,   347.59 KB (  6%) free+waste,    45.38 KB ( <1%) overhead. 
       Both:     44.43 MB capacity,    43.40 MB ( 98%) used,   915.93 KB (  2%) free+waste,   140.19 KB ( <1%) overhead. 

Virtual space:
  Non-class space:       40.00 MB reserved,      38.75 MB ( 97%) committed 
      Class space:        1.00 GB reserved,       5.95 MB ( <1%) committed 
             Both:        1.04 GB reserved,      44.70 MB (  4%) committed 

Chunk freelists:
   Non-Class:  3.00 KB
       Class:  10.00 KB
        Both:  13.00 KB

MaxMetaspaceSize: 17179869184.00 GB
CompressedClassSpaceSize: 1.00 GB

CodeHeap 'non-profiled nmethods': size=120064Kb used=2296Kb max_used=2296Kb free=117767Kb
 bounds [0x00000138afee0000, 0x00000138b0150000, 0x00000138b7420000]
CodeHeap 'profiled nmethods': size=120000Kb used=8492Kb max_used=8492Kb free=111507Kb
 bounds [0x00000138a89b0000, 0x00000138a9200000, 0x00000138afee0000]
CodeHeap 'non-nmethods': size=5696Kb used=2198Kb max_used=2240Kb free=3497Kb
 bounds [0x00000138a8420000, 0x00000138a8690000, 0x00000138a89b0000]
 total_blobs=5002 nmethods=4241 adapters=671
 compilation: enabled
              stopped_count=0, restarted_count=0
 full_count=0

Compilation events (20 events):
Event: 20.479 Thread 0x00000138bee98000 nmethod 4382 0x00000138b011c790 code [0x00000138b011c920, 0x00000138b011c9b8]
Event: 20.482 Thread 0x00000138bee9e000 4383       3       org.codehaus.groovy.util.FastArray::get (7 bytes)
Event: 20.482 Thread 0x00000138bee98000 4384       4       org.codehaus.groovy.runtime.metaclass.MetaMethodIndex::getOrPutMethods (184 bytes)
Event: 20.482 Thread 0x00000138bee9e000 nmethod 4383 0x00000138a91ea590 code [0x00000138a91ea740, 0x00000138a91ea878]
Event: 20.484 Thread 0x00000138bee9e000 4387       3       sun.reflect.generics.reflectiveObjects.ParameterizedTypeImpl::toString (209 bytes)
Event: 20.486 Thread 0x00000138bee9e000 nmethod 4387 0x00000138a91ea990 code [0x00000138a91eae00, 0x00000138a91ecae8]
Event: 20.488 Thread 0x00000138bee9e000 4388       3       org.codehaus.groovy.util.ComplexKeyHashMap::getEntrySetIterator (9 bytes)
Event: 20.488 Thread 0x00000138bee9e000 nmethod 4388 0x00000138a91ed510 code [0x00000138a91ed6c0, 0x00000138a91ed848]
Event: 20.491 Thread 0x00000138bee9e000 4389       3       org.codehaus.groovy.runtime.metaclass.MetaMethodIndex::getMethods (82 bytes)
Event: 20.492 Thread 0x00000138bee9e000 nmethod 4389 0x00000138a91ed910 code [0x00000138a91edb20, 0x00000138a91ee108]
Event: 20.495 Thread 0x00000138bee9e000 4391       3       org.codehaus.groovy.runtime.metaclass.MetaMethodIndex::addMethodToList (298 bytes)
Event: 20.497 Thread 0x00000138bee9e000 nmethod 4391 0x00000138a91ee390 code [0x00000138a91ee7c0, 0x00000138a91f0ac8]
Event: 20.498 Thread 0x00000138bee9e000 4392       3       org.codehaus.groovy.reflection.CachedClass$3::initValue (232 bytes)
Event: 20.501 Thread 0x00000138bee9e000 nmethod 4392 0x00000138a91f1390 code [0x00000138a91f1840, 0x00000138a91f3d28]
Event: 20.501 Thread 0x00000138bee9e000 4393       1       groovy.lang.MetaClassImpl$MethodIndexAction::skipClass (2 bytes)
Event: 20.501 Thread 0x00000138bee9e000 nmethod 4393 0x00000138b011ca90 code [0x00000138b011cc40, 0x00000138b011ccf8]
Event: 20.509 Thread 0x00000138bee98000 nmethod 4384 0x00000138b011cd90 code [0x00000138b011cf60, 0x00000138b011dbb8]
Event: 20.509 Thread 0x00000138bee98000 4386       4       groovy.lang.MetaClassImpl$1MOPIter::methodNameAction (325 bytes)
Event: 20.509 Thread 0x00000138bee9e000 4394       3       java.util.zip.ZipFile$Source::initCEN (658 bytes)
Event: 20.517 Thread 0x00000138bee9e000 nmethod 4394 0x00000138a91f4b90 code [0x00000138a91f51e0, 0x00000138a91f8b48]

GC Heap History (16 events):
Event: 1.260 GC heap before
{Heap before GC invocations=0 (full 0):
 garbage-first heap   total 131072K, used 19456K [0x0000000080000000, 0x0000000100000000)
  region size 1024K, 14 young (14336K), 0 survivors (0K)
 Metaspace       used 7472K, capacity 7663K, committed 7936K, reserved 1056768K
  class space    used 687K, capacity 748K, committed 768K, reserved 1048576K
}
Event: 1.271 GC heap after
{Heap after GC invocations=1 (full 0):
 garbage-first heap   total 131072K, used 7964K [0x0000000080000000, 0x0000000100000000)
  region size 1024K, 2 young (2048K), 2 survivors (2048K)
 Metaspace       used 7472K, capacity 7663K, committed 7936K, reserved 1056768K
  class space    used 687K, capacity 748K, committed 768K, reserved 1048576K
}
Event: 2.139 GC heap before
{Heap before GC invocations=1 (full 0):
 garbage-first heap   total 131072K, used 19228K [0x0000000080000000, 0x0000000100000000)
  region size 1024K, 13 young (13312K), 2 survivors (2048K)
 Metaspace       used 10455K, capacity 10628K, committed 10752K, reserved 1058816K
  class space    used 1100K, capacity 1164K, committed 1280K, reserved 1048576K
}
Event: 2.142 GC heap after
{Heap after GC invocations=2 (full 0):
 garbage-first heap   total 131072K, used 8660K [0x0000000080000000, 0x0000000100000000)
  region size 1024K, 1 young (1024K), 1 survivors (1024K)
 Metaspace       used 10455K, capacity 10628K, committed 10752K, reserved 1058816K
  class space    used 1100K, capacity 1164K, committed 1280K, reserved 1048576K
}
Event: 3.299 GC heap before
{Heap before GC invocations=2 (full 0):
 garbage-first heap   total 131072K, used 35284K [0x0000000080000000, 0x0000000100000000)
  region size 1024K, 28 young (28672K), 1 survivors (1024K)
 Metaspace       used 10624K, capacity 10821K, committed 11008K, reserved 1058816K
  class space    used 1101K, capacity 1164K, committed 1280K, reserved 1048576K
}
Event: 3.303 GC heap after
{Heap after GC invocations=3 (full 0):
 garbage-first heap   total 131072K, used 12466K [0x0000000080000000, 0x0000000100000000)
  region size 1024K, 4 young (4096K), 4 survivors (4096K)
 Metaspace       used 10624K, capacity 10821K, committed 11008K, reserved 1058816K
  class space    used 1101K, capacity 1164K, committed 1280K, reserved 1048576K
}
Event: 9.111 GC heap before
{Heap before GC invocations=3 (full 0):
 garbage-first heap   total 131072K, used 52402K [0x0000000080000000, 0x0000000100000000)
  region size 1024K, 43 young (44032K), 4 survivors (4096K)
 Metaspace       used 18526K, capacity 18969K, committed 19072K, reserved 1067008K
  class space    used 2212K, capacity 2359K, committed 2432K, reserved 1048576K
}
Event: 9.160 GC heap after
{Heap after GC invocations=4 (full 0):
 garbage-first heap   total 131072K, used 15659K [0x0000000080000000, 0x0000000100000000)
  region size 1024K, 4 young (4096K), 4 survivors (4096K)
 Metaspace       used 18526K, capacity 18969K, committed 19072K, reserved 1067008K
  class space    used 2212K, capacity 2359K, committed 2432K, reserved 1048576K
}
Event: 9.566 GC heap before
{Heap before GC invocations=4 (full 0):
 garbage-first heap   total 131072K, used 31019K [0x0000000080000000, 0x0000000100000000)
  region size 1024K, 20 young (20480K), 4 survivors (4096K)
 Metaspace       used 20584K, capacity 21093K, committed 21248K, reserved 1067008K
  class space    used 2519K, capacity 2710K, committed 2816K, reserved 1048576K
}
Event: 9.576 GC heap after
{Heap after GC invocations=5 (full 0):
 garbage-first heap   total 131072K, used 16139K [0x0000000080000000, 0x0000000100000000)
  region size 1024K, 4 young (4096K), 4 survivors (4096K)
 Metaspace       used 20584K, capacity 21093K, committed 21248K, reserved 1067008K
  class space    used 2519K, capacity 2710K, committed 2816K, reserved 1048576K
}
Event: 11.510 GC heap before
{Heap before GC invocations=6 (full 0):
 garbage-first heap   total 131072K, used 69387K [0x0000000080000000, 0x0000000100000000)
  region size 1024K, 56 young (57344K), 4 survivors (4096K)
 Metaspace       used 26498K, capacity 27128K, committed 27264K, reserved 1073152K
  class space    used 3473K, capacity 3704K, committed 3712K, reserved 1048576K
}
Event: 11.519 GC heap after
{Heap after GC invocations=7 (full 0):
 garbage-first heap   total 131072K, used 18190K [0x0000000080000000, 0x0000000100000000)
  region size 1024K, 6 young (6144K), 6 survivors (6144K)
 Metaspace       used 26498K, capacity 27128K, committed 27264K, reserved 1073152K
  class space    used 3473K, capacity 3704K, committed 3712K, reserved 1048576K
}
Event: 13.873 GC heap before
{Heap before GC invocations=7 (full 0):
 garbage-first heap   total 131072K, used 62222K [0x0000000080000000, 0x0000000100000000)
  region size 1024K, 51 young (52224K), 6 survivors (6144K)
 Metaspace       used 35066K, capacity 35811K, committed 35840K, reserved 1081344K
  class space    used 4559K, capacity 4854K, committed 4864K, reserved 1048576K
}
Event: 13.903 GC heap after
{Heap after GC invocations=8 (full 0):
 garbage-first heap   total 131072K, used 21548K [0x0000000080000000, 0x0000000100000000)
  region size 1024K, 6 young (6144K), 6 survivors (6144K)
 Metaspace       used 35066K, capacity 35811K, committed 35840K, reserved 1081344K
  class space    used 4559K, capacity 4854K, committed 4864K, reserved 1048576K
}
Event: 16.777 GC heap before
{Heap before GC invocations=9 (full 0):
 garbage-first heap   total 131072K, used 87084K [0x0000000080000000, 0x0000000100000000)
  region size 1024K, 67 young (68608K), 6 survivors (6144K)
 Metaspace       used 41124K, capacity 42023K, committed 42188K, reserved 1085440K
  class space    used 5262K, capacity 5574K, committed 5580K, reserved 1048576K
}
Event: 16.797 GC heap after
{Heap after GC invocations=10 (full 0):
 garbage-first heap   total 131072K, used 24655K [0x0000000080000000, 0x0000000100000000)
  region size 1024K, 7 young (7168K), 7 survivors (7168K)
 Metaspace       used 41124K, capacity 42023K, committed 42188K, reserved 1085440K
  class space    used 5262K, capacity 5574K, committed 5580K, reserved 1048576K
}

Deoptimization events (20 events):
Event: 19.033 Thread 0x00000138c070f800 DEOPT PACKING pc=0x00000138b002cc6c sp=0x000000374a3f9390
Event: 19.033 Thread 0x00000138c070f800 DEOPT UNPACKING pc=0x00000138a84474af sp=0x000000374a3f9350 mode 2
Event: 19.476 Thread 0x00000138c070f800 DEOPT PACKING pc=0x00000138a8c00c5a sp=0x000000374a3f8170
Event: 19.476 Thread 0x00000138c070f800 DEOPT UNPACKING pc=0x00000138a84472ce sp=0x000000374a3f7608 mode 0
Event: 19.516 Thread 0x00000138c070f800 Uncommon trap: trap_request=0xffffffcc fr.pc=0x00000138b00ffd30 relative=0x00000000000010f0
Event: 19.523 Thread 0x00000138c070f800 Uncommon trap: reason=intrinsic_or_type_checked_inlining action=make_not_entrant pc=0x00000138b00ffd30 method=java.util.ArrayList.toArray([Ljava/lang/Object;)[Ljava/lang/Object; @ 36 c2
Event: 19.523 Thread 0x00000138c070f800 DEOPT PACKING pc=0x00000138b00ffd30 sp=0x000000374a3f8c00
Event: 19.523 Thread 0x00000138c070f800 DEOPT UNPACKING pc=0x00000138a84474af sp=0x000000374a3f8b60 mode 2
Event: 20.421 Thread 0x00000138bf22b000 DEOPT PACKING pc=0x00000138a8cebc7a sp=0x000000374a8fe630
Event: 20.421 Thread 0x00000138bf22b000 DEOPT UNPACKING pc=0x00000138a84472ce sp=0x000000374a8fda68 mode 0
Event: 20.448 Thread 0x00000138c070f800 DEOPT PACKING pc=0x00000138a91e5af1 sp=0x000000374a3f9ce0
Event: 20.448 Thread 0x00000138c070f800 DEOPT UNPACKING pc=0x00000138a84472ce sp=0x000000374a3f91d8 mode 0
Event: 20.450 Thread 0x00000138c070f800 DEOPT PACKING pc=0x00000138a8a439b4 sp=0x000000374a3f9d20
Event: 20.450 Thread 0x00000138c070f800 DEOPT UNPACKING pc=0x00000138a84472ce sp=0x000000374a3f9270 mode 0
Event: 20.495 Thread 0x00000138c070f800 Uncommon trap: trap_request=0xffffff4d fr.pc=0x00000138b00792b8 relative=0x00000000000068f8
Event: 20.495 Thread 0x00000138c070f800 Uncommon trap: reason=unstable_if action=reinterpret pc=0x00000138b00792b8 method=org.codehaus.groovy.runtime.metaclass.MetaMethodIndex.addMethodToList(Ljava/lang/Object;Lgroovy/lang/MetaMethod;)Ljava/lang/Object; @ 226 c2
Event: 20.495 Thread 0x00000138c070f800 DEOPT PACKING pc=0x00000138b00792b8 sp=0x000000374a3f9d80
Event: 20.495 Thread 0x00000138c070f800 DEOPT UNPACKING pc=0x00000138a84474af sp=0x000000374a3f9dd0 mode 2
Event: 20.552 Thread 0x00000138c070f800 DEOPT PACKING pc=0x00000138a91f832a sp=0x000000374a3f2070
Event: 20.552 Thread 0x00000138c070f800 DEOPT UNPACKING pc=0x00000138a84472ce sp=0x000000374a3f1648 mode 0

Classes redefined (0 events):
No events

Internal exceptions (20 events):
Event: 20.557 Thread 0x00000138c070f800 Exception <a 'java/security/PrivilegedActionException'{0x00000000843e2a18}> (0x00000000843e2a18) thrown at [./src/hotspot/share/prims/jvm.cpp, line 1297]
Event: 20.557 Thread 0x00000138c070f800 Exception <a 'java/security/PrivilegedActionException'{0x00000000843e3a30}> (0x00000000843e3a30) thrown at [./src/hotspot/share/prims/jvm.cpp, line 1297]
Event: 20.557 Thread 0x00000138c070f800 Exception <a 'java/security/PrivilegedActionException'{0x00000000843e63b0}> (0x00000000843e63b0) thrown at [./src/hotspot/share/prims/jvm.cpp, line 1297]
Event: 20.557 Thread 0x00000138c070f800 Exception <a 'java/security/PrivilegedActionException'{0x00000000843e73c8}> (0x00000000843e73c8) thrown at [./src/hotspot/share/prims/jvm.cpp, line 1297]
Event: 20.559 Thread 0x00000138c070f800 Exception <a 'java/security/PrivilegedActionException'{0x00000000843e9d48}> (0x00000000843e9d48) thrown at [./src/hotspot/share/prims/jvm.cpp, line 1297]
Event: 20.559 Thread 0x00000138c070f800 Exception <a 'java/security/PrivilegedActionException'{0x00000000843ead60}> (0x00000000843ead60) thrown at [./src/hotspot/share/prims/jvm.cpp, line 1297]
Event: 20.559 Thread 0x00000138c070f800 Exception <a 'java/security/PrivilegedActionException'{0x00000000843ed720}> (0x00000000843ed720) thrown at [./src/hotspot/share/prims/jvm.cpp, line 1297]
Event: 20.559 Thread 0x00000138c070f800 Exception <a 'java/security/PrivilegedActionException'{0x00000000843ee738}> (0x00000000843ee738) thrown at [./src/hotspot/share/prims/jvm.cpp, line 1297]
Event: 20.559 Thread 0x00000138c070f800 Exception <a 'java/security/PrivilegedActionException'{0x00000000843f12a8}> (0x00000000843f12a8) thrown at [./src/hotspot/share/prims/jvm.cpp, line 1297]
Event: 20.559 Thread 0x00000138c070f800 Exception <a 'java/security/PrivilegedActionException'{0x00000000843f22c0}> (0x00000000843f22c0) thrown at [./src/hotspot/share/prims/jvm.cpp, line 1297]
Event: 20.561 Thread 0x00000138c070f800 Exception <a 'java/security/PrivilegedActionException'{0x00000000843f4c40}> (0x00000000843f4c40) thrown at [./src/hotspot/share/prims/jvm.cpp, line 1297]
Event: 20.561 Thread 0x00000138c070f800 Exception <a 'java/security/PrivilegedActionException'{0x00000000843f5c58}> (0x00000000843f5c58) thrown at [./src/hotspot/share/prims/jvm.cpp, line 1297]
Event: 20.562 Thread 0x00000138c070f800 Exception <a 'java/security/PrivilegedActionException'{0x00000000843f8610}> (0x00000000843f8610) thrown at [./src/hotspot/share/prims/jvm.cpp, line 1297]
Event: 20.562 Thread 0x00000138c070f800 Exception <a 'java/security/PrivilegedActionException'{0x00000000843f9628}> (0x00000000843f9628) thrown at [./src/hotspot/share/prims/jvm.cpp, line 1297]
Event: 20.563 Thread 0x00000138c070f800 Exception <a 'java/security/PrivilegedActionException'{0x00000000843fc000}> (0x00000000843fc000) thrown at [./src/hotspot/share/prims/jvm.cpp, line 1297]
Event: 20.563 Thread 0x00000138c070f800 Exception <a 'java/security/PrivilegedActionException'{0x00000000843fd018}> (0x00000000843fd018) thrown at [./src/hotspot/share/prims/jvm.cpp, line 1297]
Event: 20.563 Thread 0x00000138c070f800 Exception <a 'java/security/PrivilegedActionException'{0x00000000843ffa50}> (0x00000000843ffa50) thrown at [./src/hotspot/share/prims/jvm.cpp, line 1297]
Event: 20.563 Thread 0x00000138c070f800 Exception <a 'java/security/PrivilegedActionException'{0x0000000084200f80}> (0x0000000084200f80) thrown at [./src/hotspot/share/prims/jvm.cpp, line 1297]
Event: 20.564 Thread 0x00000138c070f800 Exception <a 'java/security/PrivilegedActionException'{0x00000000842038b0}> (0x00000000842038b0) thrown at [./src/hotspot/share/prims/jvm.cpp, line 1297]
Event: 20.564 Thread 0x00000138c070f800 Exception <a 'java/security/PrivilegedActionException'{0x00000000842048c8}> (0x00000000842048c8) thrown at [./src/hotspot/share/prims/jvm.cpp, line 1297]

Events (20 events):
Event: 20.480 loading class groovy/runtime/metaclass/build_4sklbziagv9wg4j6rrond2r46MetaClass
Event: 20.480 loading class groovy/runtime/metaclass/build_4sklbziagv9wg4j6rrond2r46MetaClass done
Event: 20.483 loading class build_4sklbziagv9wg4j6rrond2r46BeanInfo
Event: 20.483 loading class build_4sklbziagv9wg4j6rrond2r46BeanInfo done
Event: 20.483 loading class build_4sklbziagv9wg4j6rrond2r46BeanInfo
Event: 20.483 loading class build_4sklbziagv9wg4j6rrond2r46BeanInfo done
Event: 20.484 loading class build_4sklbziagv9wg4j6rrond2r46Customizer
Event: 20.484 loading class build_4sklbziagv9wg4j6rrond2r46Customizer done
Event: 20.484 loading class build_4sklbziagv9wg4j6rrond2r46Customizer
Event: 20.484 loading class build_4sklbziagv9wg4j6rrond2r46Customizer done
Event: 20.490 loading class groovy/runtime/metaclass/build_4sklbziagv9wg4j6rrond2r46$_run_closure1MetaClass
Event: 20.490 loading class groovy/runtime/metaclass/build_4sklbziagv9wg4j6rrond2r46$_run_closure1MetaClass done
Event: 20.492 loading class groovy/runtime/metaclass/org/gradle/api/internal/project/DefaultProject_DecoratedMetaClass
Event: 20.492 loading class groovy/runtime/metaclass/org/gradle/api/internal/project/DefaultProject_DecoratedMetaClass done
Event: 20.501 loading class org/gradle/api/internal/project/DefaultProject_DecoratedBeanInfo
Event: 20.501 loading class org/gradle/api/internal/project/DefaultProject_DecoratedBeanInfo done
Event: 20.501 loading class org/gradle/api/internal/project/DefaultProject_DecoratedBeanInfo
Event: 20.501 loading class org/gradle/api/internal/project/DefaultProject_DecoratedBeanInfo done
Event: 20.501 loading class org/gradle/api/internal/project/DefaultProject_DecoratedBeanInfo
Event: 20.501 loading class org/gradle/api/internal/project/DefaultProject_DecoratedBeanInfo done


Dynamic libraries:
0x00007ff7f1c30000 - 0x00007ff7f1c3a000 	E:\Program Files\Android\Android Studio\jre\bin\java.exe
0x00007ff8d1d20000 - 0x00007ff8d1f10000 	C:\Windows\SYSTEM32\ntdll.dll
0x00007ff8b1c20000 - 0x00007ff8b1c54000 	C:\Program Files\AVAST Software\Avast\x64\aswhooka.dll
0x00007ff8d1a40000 - 0x00007ff8d1af2000 	C:\Windows\System32\KERNEL32.DLL
0x00007ff8ced90000 - 0x00007ff8cf035000 	C:\Windows\System32\KERNELBASE.dll
0x00007ff8cfa50000 - 0x00007ff8cfb4a000 	C:\Windows\System32\ucrtbase.dll
0x00007ff8af870000 - 0x00007ff8af889000 	E:\Program Files\Android\Android Studio\jre\bin\jli.dll
0x00007ff8d08f0000 - 0x00007ff8d0a84000 	C:\Windows\System32\USER32.dll
0x00007ff8cec90000 - 0x00007ff8cecb1000 	C:\Windows\System32\win32u.dll
0x00007ff8d1a10000 - 0x00007ff8d1a36000 	C:\Windows\System32\GDI32.dll
0x00007ff8cf8b0000 - 0x00007ff8cfa46000 	C:\Windows\System32\gdi32full.dll
0x00007ff8cfcd0000 - 0x00007ff8cfd6e000 	C:\Windows\System32\msvcp_win.dll
0x00007ff8af120000 - 0x00007ff8af137000 	E:\Program Files\Android\Android Studio\jre\bin\VCRUNTIME140.dll
0x00007ff8bc850000 - 0x00007ff8bcad4000 	C:\Windows\WinSxS\amd64_microsoft.windows.common-controls_6595b64144ccf1df_6.0.18362.1256_none_9e7e379be45e40e2\COMCTL32.dll
0x00007ff8d0850000 - 0x00007ff8d08ee000 	C:\Windows\System32\msvcrt.dll
0x00007ff8cff00000 - 0x00007ff8d0236000 	C:\Windows\System32\combase.dll
0x00007ff8d0b60000 - 0x00007ff8d0c80000 	C:\Windows\System32\RPCRT4.dll
0x00007ff8cf7d0000 - 0x00007ff8cf851000 	C:\Windows\System32\bcryptPrimitives.dll
0x00007ff8d1910000 - 0x00007ff8d193e000 	C:\Windows\System32\IMM32.DLL
0x00007ff8967f0000 - 0x00007ff89688d000 	E:\Program Files\Android\Android Studio\jre\bin\msvcp140.dll
0x00007ff878120000 - 0x00007ff878bdc000 	E:\Program Files\Android\Android Studio\jre\bin\server\jvm.dll
0x00007ff8d0540000 - 0x00007ff8d05e3000 	C:\Windows\System32\ADVAPI32.dll
0x00007ff8d05f0000 - 0x00007ff8d0687000 	C:\Windows\System32\sechost.dll
0x00007ff8d0cf0000 - 0x00007ff8d0cf8000 	C:\Windows\System32\PSAPI.DLL
0x00007ff8ae2c0000 - 0x00007ff8ae2c9000 	C:\Windows\SYSTEM32\WSOCK32.dll
0x00007ff8d0a90000 - 0x00007ff8d0aff000 	C:\Windows\System32\WS2_32.dll
0x00007ff8cc940000 - 0x00007ff8cc964000 	C:\Windows\SYSTEM32\WINMM.dll
0x00007ff8c75a0000 - 0x00007ff8c75aa000 	C:\Windows\SYSTEM32\VERSION.dll
0x00007ff8cc910000 - 0x00007ff8cc93d000 	C:\Windows\SYSTEM32\WINMMBASE.dll
0x00007ff8cf860000 - 0x00007ff8cf8aa000 	C:\Windows\System32\cfgmgr32.dll
0x00007ff8cebd0000 - 0x00007ff8cebe1000 	C:\Windows\System32\kernel.appcore.dll
0x00007ff8c8110000 - 0x00007ff8c8121000 	E:\Program Files\Android\Android Studio\jre\bin\verify.dll
0x00007ff8cd460000 - 0x00007ff8cd654000 	C:\Windows\SYSTEM32\DBGHELP.DLL
0x00007ff8bd400000 - 0x00007ff8bd42a000 	C:\Windows\SYSTEM32\dbgcore.DLL
0x00007ff8c80e0000 - 0x00007ff8c8109000 	E:\Program Files\Android\Android Studio\jre\bin\java.dll
0x00007ff8c80d0000 - 0x00007ff8c80db000 	E:\Program Files\Android\Android Studio\jre\bin\jimage.dll
0x00007ff8c80b0000 - 0x00007ff8c80c8000 	E:\Program Files\Android\Android Studio\jre\bin\zip.dll
0x00007ff8d0db0000 - 0x00007ff8d1497000 	C:\Windows\System32\SHELL32.dll
0x00007ff8d0d00000 - 0x00007ff8d0da9000 	C:\Windows\System32\shcore.dll
0x00007ff8cf040000 - 0x00007ff8cf7c1000 	C:\Windows\System32\windows.storage.dll
0x00007ff8cec40000 - 0x00007ff8cec63000 	C:\Windows\System32\profapi.dll
0x00007ff8cebf0000 - 0x00007ff8cec3a000 	C:\Windows\System32\powrprof.dll
0x00007ff8cebc0000 - 0x00007ff8cebd0000 	C:\Windows\System32\UMPDC.dll
0x00007ff8d0b00000 - 0x00007ff8d0b52000 	C:\Windows\System32\shlwapi.dll
0x00007ff8ced70000 - 0x00007ff8ced87000 	C:\Windows\System32\cryptsp.dll
0x00007ff8c8090000 - 0x00007ff8c80aa000 	E:\Program Files\Android\Android Studio\jre\bin\net.dll
0x00007ff8be840000 - 0x00007ff8be930000 	C:\Windows\SYSTEM32\WINHTTP.dll
0x00007ff8ce3b0000 - 0x00007ff8ce417000 	C:\Windows\system32\mswsock.dll
0x00007ff8c8070000 - 0x00007ff8c8084000 	E:\Program Files\Android\Android Studio\jre\bin\nio.dll
0x00007ff8ae710000 - 0x00007ff8ae737000 	C:\Users\hp\.gradle\native\fdc75f09e3144964f2cf3f50f0aa648679c211496f362492102eb8c894070792\windows-amd64\native-platform.dll
0x00007ff893680000 - 0x00007ff893816000 	C:\Users\hp\.gradle\native\12488b8bf47d2d4c9fbf2f6322a914ad602e24e48041cd04a747c6da556b65c4\windows-amd64\native-platform-file-events.dll
0x00007ff8c8060000 - 0x00007ff8c806a000 	E:\Program Files\Android\Android Studio\jre\bin\management.dll
0x00007ff8c8050000 - 0x00007ff8c805c000 	E:\Program Files\Android\Android Studio\jre\bin\management_ext.dll
0x00007ff8cdf20000 - 0x00007ff8cdf53000 	C:\Windows\system32\rsaenh.dll
0x00007ff8cfb50000 - 0x00007ff8cfb76000 	C:\Windows\System32\bcrypt.dll
0x00007ff8ceae0000 - 0x00007ff8ceb05000 	C:\Windows\SYSTEM32\USERENV.dll
0x00007ff8ce580000 - 0x00007ff8ce58c000 	C:\Windows\SYSTEM32\CRYPTBASE.dll
0x00007ff8ce0c0000 - 0x00007ff8ce0fa000 	C:\Windows\SYSTEM32\IPHLPAPI.DLL
0x00007ff8d0690000 - 0x00007ff8d0698000 	C:\Windows\System32\NSI.dll
0x00007ff8bfef0000 - 0x00007ff8bff06000 	C:\Windows\SYSTEM32\dhcpcsvc6.DLL
0x00007ff8bffe0000 - 0x00007ff8bfffc000 	C:\Windows\SYSTEM32\dhcpcsvc.DLL
0x00007ff8ce100000 - 0x00007ff8ce1cb000 	C:\Windows\SYSTEM32\DNSAPI.dll
0x00007ff8c03b0000 - 0x00007ff8c03bb000 	C:\Windows\SYSTEM32\WINNSI.DLL

dbghelp: loaded successfully - version: 4.0.5 - missing functions: none
symbol engine: initialized successfully - sym options: 0x614 - pdb path: .;E:\Program Files\Android\Android Studio\jre\bin;C:\Windows\SYSTEM32;C:\Program Files\AVAST Software\Avast\x64;C:\Windows\WinSxS\amd64_microsoft.windows.common-controls_6595b64144ccf1df_6.0.18362.1256_none_9e7e379be45e40e2;E:\Program Files\Android\Android Studio\jre\bin\server;C:\Users\hp\.gradle\native\fdc75f09e3144964f2cf3f50f0aa648679c211496f362492102eb8c894070792\windows-amd64;C:\Users\hp\.gradle\native\12488b8bf47d2d4c9fbf2f6322a914ad602e24e48041cd04a747c6da556b65c4\windows-amd64

VM Arguments:
jvm_args: --add-opens=java.base/java.util=ALL-UNNAMED --add-opens=java.base/java.lang=ALL-UNNAMED --add-opens=java.base/java.lang.invoke=ALL-UNNAMED --add-opens=java.prefs/java.util.prefs=ALL-UNNAMED -Xmx2048m -Dfile.encoding=UTF-8 -Duser.country=US -Duser.language=en -Duser.variant 
java_command: org.gradle.launcher.daemon.bootstrap.GradleDaemon 6.7.1
java_class_path (initial): C:\Users\hp\.gradle\wrapper\dists\gradle-6.7.1-bin\bwlcbys1h7rz3272sye1xwiv6\gradle-6.7.1\lib\gradle-launcher-6.7.1.jar
Launcher Type: SUN_STANDARD

[Global flags]
     intx CICompilerCount                          = 3                                         {product} {ergonomic}
     uint ConcGCThreads                            = 1                                         {product} {ergonomic}
     uint G1ConcRefinementThreads                  = 4                                         {product} {ergonomic}
   size_t G1HeapRegionSize                         = 1048576                                   {product} {ergonomic}
    uintx GCDrainStackTargetSize                   = 64                                        {product} {ergonomic}
   size_t InitialHeapSize                          = 134217728                                 {product} {ergonomic}
   size_t MarkStackSize                            = 4194304                                   {product} {ergonomic}
   size_t MaxHeapSize                              = 2147483648                                {product} {command line}
   size_t MaxNewSize                               = 1287651328                                {product} {ergonomic}
   size_t MinHeapDeltaBytes                        = 1048576                                   {product} {ergonomic}
    uintx NonNMethodCodeHeapSize                   = 5830732                                {pd product} {ergonomic}
    uintx NonProfiledCodeHeapSize                  = 122913754                              {pd product} {ergonomic}
    uintx ProfiledCodeHeapSize                     = 122913754                              {pd product} {ergonomic}
    uintx ReservedCodeCacheSize                    = 251658240                              {pd product} {ergonomic}
     bool SegmentedCodeCache                       = true                                      {product} {ergonomic}
     bool UseCompressedClassPointers               = true                                 {lp64_product} {ergonomic}
     bool UseCompressedOops                        = true                                 {lp64_product} {ergonomic}
     bool UseG1GC                                  = true                                      {product} {ergonomic}
     bool UseLargePagesIndividualAllocation        = false                                  {pd product} {ergonomic}

Logging:
Log output configuration:
 #0: stdout all=warning uptime,level,tags
 #1: stderr all=off uptime,level,tags

Environment Variables:
JAVA_HOME=C:\Program Files\Java\jdk-17.0.1
PATH=C:\ffmpeg\bin;C:\Program Files\Common Files\Oracle\Java\javapath;C:\Python310\Scripts\;C:\Python310\;C:\ProgramData\Oracle\Java\javapath;C:\Windows\system32;C:\Windows;C:\Windows\System32\Wbem;C:\Windows\System32\WindowsPowerShell\v1.0\;C:\Windows\System32\OpenSSH\;C:\Program Files\Java\jdk-17\bin;C:\Program Files\Microsoft SQL Server\Client SDK\ODBC\110\Tools\Binn\;C:\Program Files\Microsoft SQL Server\Client SDK\ODBC\170\Tools\Binn\;C:\ProgramData\chocolatey\bin;C:\Program Files\Java\jdk-17.0.1\bin;C:\Program Files\Azure Data Studio\bin;C:\Program Files\dotnet\;C:\Program Files\Git\cmd;C:\Program Files\nodejs\;C:\Users\hp\AppData\Local\Microsoft\WindowsApps;D:\Microsoft VS Code\bin;C:\Users\hp\AppData\Local\Android\Sdk\platform-tools;C:\Users\hp\AppData\Local\Programs\Microsoft VS Code\bin;C:\Users\hp\.dotnet\tools;C:\Users\hp\AppData\Roaming\npm
USERNAME=hp
OS=Windows_NT
PROCESSOR_IDENTIFIER=Intel64 Family 6 Model 142 Stepping 9, GenuineIntel



---------------  S Y S T E M  ---------------

OS: Windows 10 , 64 bit Build 18362 (10.0.18362.1110)
OS uptime: 0 days 18:22 hours

CPU:total 4 (initial active 4) (2 cores per cpu, 2 threads per core) family 6 model 142 stepping 9, cmov, cx8, fxsr, mmx, sse, sse2, sse3, ssse3, sse4.1, sse4.2, popcnt, avx, avx2, aes, clmul, erms, 3dnowpref, lzcnt, ht, tsc, tscinvbit, bmi1, bmi2, adx, fma

Memory: 4k page, system-wide physical 8078M (378M free)
TotalPageFile size 8078M (AvailPageFile size 17M)
current process WorkingSet (physical memory assigned to process): 232M, peak: 250M
current process commit charge ("private bytes"): 298M, peak: 316M

vm_info: OpenJDK 64-Bit Server VM (11.0.8+10-b944.6842174) for windows-amd64 JRE (11.0.8+10-b944.6842174), built on Sep 19 2020 01:11:42 by "builder" with MS VC++ 14.0 (VS2015)

END.
