#
# There is insufficient memory for the Java Runtime Environment to continue.
# Native memory allocation (malloc) failed to allocate 1029616 bytes for Chunk::new
# Possible reasons:
#   The system is out of physical RAM or swap space
#   The process is running with CompressedOops enabled, and the Java Heap may be blocking the growth of the native heap
# Possible solutions:
#   Reduce memory load on the system
#   Increase physical memory or swap space
#   Check if swap backing store is full
#   Decrease Java heap size (-Xmx/-Xms)
#   Decrease number of Java threads
#   Decrease Java thread stack sizes (-Xss)
#   Set larger code cache with -XX:ReservedCodeCacheSize=
#   JVM is running with Unscaled Compressed Oops mode in which the Java heap is
#     placed in the first 4GB address space. The Java Heap base address is the
#     maximum limit for the native heap growth. Please use -XX:HeapBaseMinAddress
#     to set the Java Heap base and to place the Java Heap above 4GB virtual address.
# This output file may be truncated or incomplete.
#
#  Out of Memory Error (./src/hotspot/share/memory/arena.cpp:197), pid=9384, tid=10008
#
# JRE version: OpenJDK Runtime Environment (11.0.8+10) (build 11.0.8+10-b944.6842174)
# Java VM: OpenJDK 64-Bit Server VM (11.0.8+10-b944.6842174, mixed mode, tiered, compressed oops, g1 gc, windows-amd64)
# No core dump will be written. Minidumps are not enabled by default on client versions of Windows
#

---------------  S U M M A R Y ------------

Command Line: --add-opens=java.base/java.util=ALL-UNNAMED --add-opens=java.base/java.lang=ALL-UNNAMED --add-opens=java.base/java.lang.invoke=ALL-UNNAMED --add-opens=java.prefs/java.util.prefs=ALL-UNNAMED -Xmx2048m -Dfile.encoding=UTF-8 -Duser.country=US -Duser.language=en -Duser.variant org.gradle.launcher.daemon.bootstrap.GradleDaemon 6.7.1

Host: Intel(R) Core(TM) i5-7200U CPU @ 2.50GHz, 4 cores, 7G,  Windows 10 , 64 bit Build 18362 (10.0.18362.1110)
Time: Wed Jun  1 14:31:05 2022 Morocco Daylight Time elapsed time: 1209 seconds (0d 0h 20m 9s)

---------------  T H R E A D  ---------------

Current thread (0x0000020f6c6ea000):  JavaThread "C2 CompilerThread0" daemon [_thread_in_native, id=10008, stack(0x00000036b1000000,0x00000036b1100000)]


Current CompileTask:
C2:1209494 16424       4       java.util.ServiceLoader$LazyClassPathLookupIterator::parseLine (253 bytes)

Stack: [0x00000036b1000000,0x00000036b1100000]
Native frames: (J=compiled Java code, j=interpreted, Vv=VM code, C=native code)
V  [jvm.dll+0x5de50a]
V  [jvm.dll+0x7122f5]
V  [jvm.dll+0x71384d]
V  [jvm.dll+0x713f03]
V  [jvm.dll+0x23e728]
V  [jvm.dll+0xb899c]
V  [jvm.dll+0xb8e9c]
V  [jvm.dll+0x2b20e4]
V  [jvm.dll+0x502098]
V  [jvm.dll+0x1ff393]
V  [jvm.dll+0x1f917c]
V  [jvm.dll+0x1f685f]
V  [jvm.dll+0x17f32c]
V  [jvm.dll+0x205047]
V  [jvm.dll+0x203891]
V  [jvm.dll+0x6dad3f]
V  [jvm.dll+0x6d3895]
V  [jvm.dll+0x5dd4a6]
C  [ucrtbase.dll+0x210b2]
C  [KERNEL32.DLL+0x17c24]
C  [ntdll.dll+0x6d4d1]


---------------  P R O C E S S  ---------------

Threads class SMR info:
_java_thread_list=0x0000020f76b5f820, length=141, elements={
0x0000020f52300000, 0x0000020f6bd72800, 0x0000020f6bd7b800, 0x0000020f6c6e5800,
0x0000020f6c6e6800, 0x0000020f6c6ea000, 0x0000020f6bd8c000, 0x0000020f6bd8d000,
0x0000020f6c834800, 0x0000020f6c86e800, 0x0000020f6df83800, 0x0000020f6c913000,
0x0000020f6d608000, 0x0000020f6cbdb800, 0x0000020f6cbd8000, 0x0000020f6cbda800,
0x0000020f6d70c000, 0x0000020f6d709800, 0x0000020f6ee51000, 0x0000020f6ee4c000,
0x0000020f6ee4f000, 0x0000020f6ee4a800, 0x0000020f6ee4b000, 0x0000020f6ee49800,
0x0000020f6ee50000, 0x0000020f6ee51800, 0x0000020f6ee52800, 0x0000020f6ee53800,
0x0000020f6ee4e800, 0x0000020f6ee4d800, 0x0000020f6ee54000, 0x0000020f6ee58000,
0x0000020f6ee56800, 0x0000020f6ee55000, 0x0000020f6ee56000, 0x0000020f6ee57800,
0x0000020f6d70e800, 0x0000020f6d708800, 0x0000020f6d70f000, 0x0000020f6d710000,
0x0000020f6d70a000, 0x0000020f6d711800, 0x0000020f6d715000, 0x0000020f6d710800,
0x0000020f6d714000, 0x0000020f6d715800, 0x0000020f6d713000, 0x0000020f6d717000,
0x0000020f6d716800, 0x0000020f6d712800, 0x0000020f6cbde800, 0x0000020f6cbdd000,
0x0000020f6cbde000, 0x0000020f6cbd9000, 0x0000020f6cbd9800, 0x0000020f6cbdc000,
0x0000020f6e16d800, 0x0000020f6e170800, 0x0000020f6e170000, 0x0000020f6e16b000,
0x0000020f6e171800, 0x0000020f6e16f000, 0x0000020f6e16b800, 0x0000020f6e172000,
0x0000020f6e16c800, 0x0000020f6e173000, 0x0000020f6e174000, 0x0000020f6e16e000,
0x0000020f6e174800, 0x0000020f6e179800, 0x0000020f6e175800, 0x0000020f6e179000,
0x0000020f6e176800, 0x0000020f6e178000, 0x0000020f6e177000, 0x0000020f71374000,
0x0000020f71371000, 0x0000020f71375000, 0x0000020f7136f000, 0x0000020f71371800,
0x0000020f71370000, 0x0000020f71375800, 0x0000020f71378000, 0x0000020f71376800,
0x0000020f71372800, 0x0000020f71377800, 0x0000020f71379000, 0x0000020f71373000,
0x0000020f7137c000, 0x0000020f7137d000, 0x0000020f71379800, 0x0000020f7137a800,
0x0000020f7137b800, 0x0000020f7137e000, 0x0000020f719db000, 0x0000020f719d8800,
0x0000020f719d9800, 0x0000020f719d6000, 0x0000020f719da000, 0x0000020f719d7000,
0x0000020f719d5800, 0x0000020f719dc000, 0x0000020f719dc800, 0x0000020f719dd800,
0x0000020f719d7800, 0x0000020f719e3000, 0x0000020f719e1800, 0x0000020f719df000,
0x0000020f719e2800, 0x0000020f719e0000, 0x0000020f719e0800, 0x0000020f719e4000,
0x0000020f719de800, 0x0000020f73f6c000, 0x0000020f73f69800, 0x0000020f73f69000,
0x0000020f73f6a800, 0x0000020f73f66800, 0x0000020f73f6b800, 0x0000020f73f68000,
0x0000020f73f6d000, 0x0000020f73f67800, 0x0000020f73f71000, 0x0000020f73f72000,
0x0000020f73f73800, 0x0000020f73f6e000, 0x0000020f73f74800, 0x0000020f73f72800,
0x0000020f73f70800, 0x0000020f73f6e800, 0x0000020f73f6f800, 0x0000020f73f75000,
0x0000020f71b98800, 0x0000020f71b98000, 0x0000020f71b99800, 0x0000020f71b9b000,
0x0000020f71b9a000, 0x0000020f71b9c000, 0x0000020f71b9c800, 0x0000020f71b97000,
0x0000020f71ba2800
}

Java Threads: ( => current thread )
  0x0000020f52300000 JavaThread "main" [_thread_blocked, id=12440, stack(0x00000036b0500000,0x00000036b0600000)]
  0x0000020f6bd72800 JavaThread "Reference Handler" daemon [_thread_blocked, id=624, stack(0x00000036b0c00000,0x00000036b0d00000)]
  0x0000020f6bd7b800 JavaThread "Finalizer" daemon [_thread_blocked, id=8176, stack(0x00000036b0d00000,0x00000036b0e00000)]
  0x0000020f6c6e5800 JavaThread "Signal Dispatcher" daemon [_thread_blocked, id=8260, stack(0x00000036b0e00000,0x00000036b0f00000)]
  0x0000020f6c6e6800 JavaThread "Attach Listener" daemon [_thread_blocked, id=1120, stack(0x00000036b0f00000,0x00000036b1000000)]
=>0x0000020f6c6ea000 JavaThread "C2 CompilerThread0" daemon [_thread_in_native, id=10008, stack(0x00000036b1000000,0x00000036b1100000)]
  0x0000020f6bd8c000 JavaThread "C1 CompilerThread0" daemon [_thread_in_native, id=12468, stack(0x00000036b1100000,0x00000036b1200000)]
  0x0000020f6bd8d000 JavaThread "Sweeper thread" daemon [_thread_blocked, id=11060, stack(0x00000036b1200000,0x00000036b1300000)]
  0x0000020f6c834800 JavaThread "Common-Cleaner" daemon [_thread_blocked, id=11512, stack(0x00000036b1300000,0x00000036b1400000)]
  0x0000020f6c86e800 JavaThread "Service Thread" daemon [_thread_blocked, id=3900, stack(0x00000036b1400000,0x00000036b1500000)]
  0x0000020f6df83800 JavaThread "Daemon health stats" [_thread_blocked, id=2960, stack(0x00000036b1900000,0x00000036b1a00000)]
  0x0000020f6c913000 JavaThread "Incoming local TCP Connector on port 51431" [_thread_in_native, id=7936, stack(0x00000036b1b00000,0x00000036b1c00000)]
  0x0000020f6d608000 JavaThread "Daemon periodic checks" [_thread_blocked, id=12716, stack(0x00000036b1d00000,0x00000036b1e00000)]
  0x0000020f6cbdb800 JavaThread "Cache worker for file hash cache (C:\Users\hp\.gradle\caches\6.7.1\fileHashes)" [_thread_blocked, id=5456, stack(0x00000036b2500000,0x00000036b2600000)]
  0x0000020f6cbd8000 JavaThread "File lock request listener" [_thread_in_native, id=5692, stack(0x00000036b2600000,0x00000036b2700000)]
  0x0000020f6cbda800 JavaThread "Cache worker for journal cache (C:\Users\hp\.gradle\caches\journal-1)" [_thread_blocked, id=5908, stack(0x00000036b2700000,0x00000036b2800000)]
  0x0000020f6d70c000 JavaThread "Cache worker for execution history cache (C:\Users\hp\.gradle\caches\6.7.1\executionHistory)" [_thread_blocked, id=120, stack(0x00000036b4200000,0x00000036b4300000)]
  0x0000020f6d709800 JavaThread "Cache worker for file content cache (C:\Users\hp\.gradle\caches\6.7.1\fileContent)" [_thread_blocked, id=3700, stack(0x00000036b4300000,0x00000036b4400000)]
  0x0000020f6ee51000 JavaThread "Memory manager" [_thread_blocked, id=11616, stack(0x00000036b9700000,0x00000036b9800000)]
  0x0000020f6ee4c000 JavaThread "Daemon Thread 2" [_thread_blocked, id=4536, stack(0x00000036b1600000,0x00000036b1700000)]
  0x0000020f6ee4f000 JavaThread "Handler for socket connection from /127.0.0.1:51431 to /127.0.0.1:51985" [_thread_in_native, id=11868, stack(0x00000036b1a00000,0x00000036b1b00000)]
  0x0000020f6ee4a800 JavaThread "Cancel handler" [_thread_blocked, id=3368, stack(0x00000036b1c00000,0x00000036b1d00000)]
  0x0000020f6ee4b000 JavaThread "Daemon worker Thread 2" [_thread_blocked, id=11596, stack(0x00000036b1e00000,0x00000036b1f00000)]
  0x0000020f6ee49800 JavaThread "Asynchronous log dispatcher for DefaultDaemonConnection: socket connection from /127.0.0.1:51431 to /127.0.0.1:51985" [_thread_blocked, id=12004, stack(0x00000036b1f00000,0x00000036b2000000)]
  0x0000020f6ee50000 JavaThread "Stdin handler" [_thread_blocked, id=1064, stack(0x00000036b2000000,0x00000036b2100000)]
  0x0000020f6ee51800 JavaThread "Thread-131" [_thread_blocked, id=4176, stack(0x00000036b2100000,0x00000036b2200000)]
  0x0000020f6ee52800 JavaThread "Cache worker for file hash cache (C:\Users\hp\AndroidStudioProjects\myPharmacy\.gradle\6.7.1\fileHashes)" [_thread_blocked, id=4056, stack(0x00000036b2200000,0x00000036b2300000)]
  0x0000020f6ee53800 JavaThread "Cache worker for checksums cache (C:\Users\hp\AndroidStudioProjects\myPharmacy\.gradle\checksums)" [_thread_blocked, id=308, stack(0x00000036b2300000,0x00000036b2400000)]
  0x0000020f6ee4e800 JavaThread "Cache worker for cache directory md-supplier (C:\Users\hp\.gradle\caches\6.7.1\md-supplier)" [_thread_blocked, id=5256, stack(0x00000036b2800000,0x00000036b2900000)]
  0x0000020f6ee4d800 JavaThread "Cache worker for cache directory md-rule (C:\Users\hp\.gradle\caches\6.7.1\md-rule)" [_thread_blocked, id=3728, stack(0x00000036b2900000,0x00000036b2a00000)]
  0x0000020f6ee54000 JavaThread "Cache worker for Build Output Cleanup Cache (C:\Users\hp\AndroidStudioProjects\myPharmacy\.gradle\buildOutputCleanup)" [_thread_blocked, id=6332, stack(0x00000036b2a00000,0x00000036b2b00000)]
  0x0000020f6ee58000 JavaThread "Build operations" [_thread_blocked, id=1400, stack(0x00000036b2c00000,0x00000036b2d00000)]
  0x0000020f6ee56800 JavaThread "Build operations Thread 2" [_thread_blocked, id=12360, stack(0x00000036b2d00000,0x00000036b2e00000)]
  0x0000020f6ee55000 JavaThread "Build operations Thread 3" [_thread_blocked, id=11576, stack(0x00000036b2e00000,0x00000036b2f00000)]
  0x0000020f6ee56000 JavaThread "Build operations Thread 4" [_thread_blocked, id=5324, stack(0x00000036b2f00000,0x00000036b3000000)]
  0x0000020f6ee57800 JavaThread "jar transforms Thread 100" [_thread_blocked, id=6664, stack(0x00000036b3000000,0x00000036b3100000)]
  0x0000020f6d70e800 JavaThread "jar transforms Thread 101" [_thread_blocked, id=7120, stack(0x00000036b3100000,0x00000036b3200000)]
  0x0000020f6d708800 JavaThread "jar transforms Thread 102" [_thread_blocked, id=12728, stack(0x00000036b3200000,0x00000036b3300000)]
  0x0000020f6d70f000 JavaThread "jar transforms Thread 103" [_thread_blocked, id=10176, stack(0x00000036b3300000,0x00000036b3400000)]
  0x0000020f6d710000 JavaThread "jar transforms Thread 104" [_thread_blocked, id=1080, stack(0x00000036b3400000,0x00000036b3500000)]
  0x0000020f6d70a000 JavaThread "jar transforms Thread 105" [_thread_blocked, id=6924, stack(0x00000036b3500000,0x00000036b3600000)]
  0x0000020f6d711800 JavaThread "jar transforms Thread 106" [_thread_blocked, id=5912, stack(0x00000036b3600000,0x00000036b3700000)]
  0x0000020f6d715000 JavaThread "jar transforms Thread 107" [_thread_blocked, id=7320, stack(0x00000036b3700000,0x00000036b3800000)]
  0x0000020f6d710800 JavaThread "jar transforms Thread 108" [_thread_blocked, id=13004, stack(0x00000036b3800000,0x00000036b3900000)]
  0x0000020f6d714000 JavaThread "jar transforms Thread 109" [_thread_blocked, id=3796, stack(0x00000036b3900000,0x00000036b3a00000)]
  0x0000020f6d715800 JavaThread "jar transforms Thread 110" [_thread_blocked, id=8764, stack(0x00000036b3a00000,0x00000036b3b00000)]
  0x0000020f6d713000 JavaThread "jar transforms Thread 111" [_thread_blocked, id=8872, stack(0x00000036b3b00000,0x00000036b3c00000)]
  0x0000020f6d717000 JavaThread "jar transforms Thread 112" [_thread_blocked, id=8368, stack(0x00000036b3c00000,0x00000036b3d00000)]
  0x0000020f6d716800 JavaThread "jar transforms Thread 113" [_thread_blocked, id=7040, stack(0x00000036b3d00000,0x00000036b3e00000)]
  0x0000020f6d712800 JavaThread "jar transforms Thread 114" [_thread_blocked, id=2760, stack(0x00000036b3e00000,0x00000036b3f00000)]
  0x0000020f6cbde800 JavaThread "jar transforms Thread 115" [_thread_blocked, id=3548, stack(0x00000036b3f00000,0x00000036b4000000)]
  0x0000020f6cbdd000 JavaThread "jar transforms Thread 116" [_thread_blocked, id=13100, stack(0x00000036b4000000,0x00000036b4100000)]
  0x0000020f6cbde000 JavaThread "jar transforms Thread 117" [_thread_blocked, id=8680, stack(0x00000036b4100000,0x00000036b4200000)]
  0x0000020f6cbd9000 JavaThread "jar transforms Thread 118" [_thread_blocked, id=10852, stack(0x00000036b4400000,0x00000036b4500000)]
  0x0000020f6cbd9800 JavaThread "jar transforms Thread 119" [_thread_blocked, id=9956, stack(0x00000036b4500000,0x00000036b4600000)]
  0x0000020f6cbdc000 JavaThread "jar transforms Thread 120" [_thread_blocked, id=11468, stack(0x00000036b4600000,0x00000036b4700000)]
  0x0000020f6e16d800 JavaThread "jar transforms Thread 121" [_thread_blocked, id=2492, stack(0x00000036b4700000,0x00000036b4800000)]
  0x0000020f6e170800 JavaThread "jar transforms Thread 122" [_thread_blocked, id=5820, stack(0x00000036b4800000,0x00000036b4900000)]
  0x0000020f6e170000 JavaThread "jar transforms Thread 123" [_thread_blocked, id=7232, stack(0x00000036b4900000,0x00000036b4a00000)]
  0x0000020f6e16b000 JavaThread "jar transforms Thread 124" [_thread_blocked, id=8080, stack(0x00000036b4a00000,0x00000036b4b00000)]
  0x0000020f6e171800 JavaThread "jar transforms Thread 125" [_thread_blocked, id=6940, stack(0x00000036b4b00000,0x00000036b4c00000)]
  0x0000020f6e16f000 JavaThread "jar transforms Thread 126" [_thread_blocked, id=13240, stack(0x00000036b4c00000,0x00000036b4d00000)]
  0x0000020f6e16b800 JavaThread "jar transforms Thread 127" [_thread_blocked, id=5216, stack(0x00000036b4d00000,0x00000036b4e00000)]
  0x0000020f6e172000 JavaThread "jar transforms Thread 128" [_thread_blocked, id=9308, stack(0x00000036b4e00000,0x00000036b4f00000)]
  0x0000020f6e16c800 JavaThread "jar transforms Thread 129" [_thread_blocked, id=11728, stack(0x00000036b4f00000,0x00000036b5000000)]
  0x0000020f6e173000 JavaThread "jar transforms Thread 130" [_thread_blocked, id=12336, stack(0x00000036b5000000,0x00000036b5100000)]
  0x0000020f6e174000 JavaThread "jar transforms Thread 131" [_thread_blocked, id=11440, stack(0x00000036b5100000,0x00000036b5200000)]
  0x0000020f6e16e000 JavaThread "jar transforms Thread 132" [_thread_blocked, id=8204, stack(0x00000036b5200000,0x00000036b5300000)]
  0x0000020f6e174800 JavaThread "jar transforms Thread 133" [_thread_blocked, id=5096, stack(0x00000036b5300000,0x00000036b5400000)]
  0x0000020f6e179800 JavaThread "jar transforms Thread 134" [_thread_blocked, id=8852, stack(0x00000036b5400000,0x00000036b5500000)]
  0x0000020f6e175800 JavaThread "jar transforms Thread 135" [_thread_blocked, id=11492, stack(0x00000036b5500000,0x00000036b5600000)]
  0x0000020f6e179000 JavaThread "jar transforms Thread 136" [_thread_blocked, id=1392, stack(0x00000036b5600000,0x00000036b5700000)]
  0x0000020f6e176800 JavaThread "jar transforms Thread 137" [_thread_blocked, id=2324, stack(0x00000036b5700000,0x00000036b5800000)]
  0x0000020f6e178000 JavaThread "jar transforms Thread 138" [_thread_blocked, id=1708, stack(0x00000036b5800000,0x00000036b5900000)]
  0x0000020f6e177000 JavaThread "jar transforms Thread 139" [_thread_blocked, id=7312, stack(0x00000036b5900000,0x00000036b5a00000)]
  0x0000020f71374000 JavaThread "jar transforms Thread 140" [_thread_blocked, id=3672, stack(0x00000036b5a00000,0x00000036b5b00000)]
  0x0000020f71371000 JavaThread "jar transforms Thread 141" [_thread_blocked, id=1828, stack(0x00000036b5b00000,0x00000036b5c00000)]
  0x0000020f71375000 JavaThread "jar transforms Thread 142" [_thread_blocked, id=1272, stack(0x00000036b5c00000,0x00000036b5d00000)]
  0x0000020f7136f000 JavaThread "jar transforms Thread 143" [_thread_blocked, id=11432, stack(0x00000036b5d00000,0x00000036b5e00000)]
  0x0000020f71371800 JavaThread "jar transforms Thread 144" [_thread_blocked, id=3928, stack(0x00000036b5e00000,0x00000036b5f00000)]
  0x0000020f71370000 JavaThread "jar transforms Thread 145" [_thread_blocked, id=7252, stack(0x00000036b5f00000,0x00000036b6000000)]
  0x0000020f71375800 JavaThread "jar transforms Thread 146" [_thread_blocked, id=11008, stack(0x00000036b6000000,0x00000036b6100000)]
  0x0000020f71378000 JavaThread "jar transforms Thread 147" [_thread_blocked, id=5728, stack(0x00000036b6100000,0x00000036b6200000)]
  0x0000020f71376800 JavaThread "jar transforms Thread 148" [_thread_blocked, id=4456, stack(0x00000036b6200000,0x00000036b6300000)]
  0x0000020f71372800 JavaThread "jar transforms Thread 149" [_thread_blocked, id=8360, stack(0x00000036b6300000,0x00000036b6400000)]
  0x0000020f71377800 JavaThread "jar transforms Thread 150" [_thread_blocked, id=9628, stack(0x00000036b6400000,0x00000036b6500000)]
  0x0000020f71379000 JavaThread "jar transforms Thread 151" [_thread_blocked, id=5452, stack(0x00000036b6500000,0x00000036b6600000)]
  0x0000020f71373000 JavaThread "jar transforms Thread 152" [_thread_blocked, id=12276, stack(0x00000036b6600000,0x00000036b6700000)]
  0x0000020f7137c000 JavaThread "jar transforms Thread 153" [_thread_blocked, id=11408, stack(0x00000036b6700000,0x00000036b6800000)]
  0x0000020f7137d000 JavaThread "jar transforms Thread 154" [_thread_blocked, id=6324, stack(0x00000036b6800000,0x00000036b6900000)]
  0x0000020f71379800 JavaThread "jar transforms Thread 155" [_thread_blocked, id=10472, stack(0x00000036b6900000,0x00000036b6a00000)]
  0x0000020f7137a800 JavaThread "jar transforms Thread 156" [_thread_blocked, id=8776, stack(0x00000036b6a00000,0x00000036b6b00000)]
  0x0000020f7137b800 JavaThread "jar transforms Thread 157" [_thread_blocked, id=12140, stack(0x00000036b6b00000,0x00000036b6c00000)]
  0x0000020f7137e000 JavaThread "jar transforms Thread 158" [_thread_blocked, id=10684, stack(0x00000036b6c00000,0x00000036b6d00000)]
  0x0000020f719db000 JavaThread "jar transforms Thread 159" [_thread_blocked, id=8548, stack(0x00000036b6d00000,0x00000036b6e00000)]
  0x0000020f719d8800 JavaThread "jar transforms Thread 160" [_thread_blocked, id=1564, stack(0x00000036b6e00000,0x00000036b6f00000)]
  0x0000020f719d9800 JavaThread "jar transforms Thread 161" [_thread_blocked, id=11964, stack(0x00000036b6f00000,0x00000036b7000000)]
  0x0000020f719d6000 JavaThread "jar transforms Thread 162" [_thread_blocked, id=2984, stack(0x00000036b7000000,0x00000036b7100000)]
  0x0000020f719da000 JavaThread "jar transforms Thread 163" [_thread_blocked, id=3388, stack(0x00000036b7100000,0x00000036b7200000)]
  0x0000020f719d7000 JavaThread "jar transforms Thread 164" [_thread_blocked, id=11672, stack(0x00000036b7200000,0x00000036b7300000)]
  0x0000020f719d5800 JavaThread "jar transforms Thread 165" [_thread_blocked, id=3656, stack(0x00000036b7300000,0x00000036b7400000)]
  0x0000020f719dc000 JavaThread "jar transforms Thread 166" [_thread_blocked, id=11688, stack(0x00000036b7400000,0x00000036b7500000)]
  0x0000020f719dc800 JavaThread "jar transforms Thread 167" [_thread_blocked, id=10884, stack(0x00000036b7500000,0x00000036b7600000)]
  0x0000020f719dd800 JavaThread "jar transforms Thread 168" [_thread_blocked, id=4808, stack(0x00000036b7600000,0x00000036b7700000)]
  0x0000020f719d7800 JavaThread "jar transforms Thread 169" [_thread_blocked, id=10116, stack(0x00000036b7700000,0x00000036b7800000)]
  0x0000020f719e3000 JavaThread "jar transforms Thread 170" [_thread_blocked, id=11704, stack(0x00000036b7800000,0x00000036b7900000)]
  0x0000020f719e1800 JavaThread "jar transforms Thread 171" [_thread_blocked, id=7588, stack(0x00000036b7900000,0x00000036b7a00000)]
  0x0000020f719df000 JavaThread "jar transforms Thread 172" [_thread_blocked, id=3724, stack(0x00000036b7a00000,0x00000036b7b00000)]
  0x0000020f719e2800 JavaThread "jar transforms Thread 173" [_thread_blocked, id=9488, stack(0x00000036b7b00000,0x00000036b7c00000)]
  0x0000020f719e0000 JavaThread "jar transforms Thread 174" [_thread_blocked, id=8636, stack(0x00000036b7c00000,0x00000036b7d00000)]
  0x0000020f719e0800 JavaThread "jar transforms Thread 175" [_thread_blocked, id=1872, stack(0x00000036b7d00000,0x00000036b7e00000)]
  0x0000020f719e4000 JavaThread "jar transforms Thread 176" [_thread_blocked, id=12520, stack(0x00000036b7e00000,0x00000036b7f00000)]
  0x0000020f719de800 JavaThread "jar transforms Thread 177" [_thread_blocked, id=11844, stack(0x00000036b7f00000,0x00000036b8000000)]
  0x0000020f73f6c000 JavaThread "jar transforms Thread 178" [_thread_blocked, id=9908, stack(0x00000036b8000000,0x00000036b8100000)]
  0x0000020f73f69800 JavaThread "jar transforms Thread 179" [_thread_blocked, id=3408, stack(0x00000036b8100000,0x00000036b8200000)]
  0x0000020f73f69000 JavaThread "jar transforms Thread 180" [_thread_blocked, id=2868, stack(0x00000036b8200000,0x00000036b8300000)]
  0x0000020f73f6a800 JavaThread "jar transforms Thread 181" [_thread_blocked, id=7128, stack(0x00000036b8300000,0x00000036b8400000)]
  0x0000020f73f66800 JavaThread "jar transforms Thread 182" [_thread_blocked, id=12880, stack(0x00000036b8400000,0x00000036b8500000)]
  0x0000020f73f6b800 JavaThread "jar transforms Thread 183" [_thread_blocked, id=5448, stack(0x00000036b8500000,0x00000036b8600000)]
  0x0000020f73f68000 JavaThread "jar transforms Thread 184" [_thread_blocked, id=3804, stack(0x00000036b8600000,0x00000036b8700000)]
  0x0000020f73f6d000 JavaThread "jar transforms Thread 185" [_thread_blocked, id=360, stack(0x00000036b8700000,0x00000036b8800000)]
  0x0000020f73f67800 JavaThread "jar transforms Thread 186" [_thread_blocked, id=4208, stack(0x00000036b8800000,0x00000036b8900000)]
  0x0000020f73f71000 JavaThread "jar transforms Thread 187" [_thread_blocked, id=1176, stack(0x00000036b8900000,0x00000036b8a00000)]
  0x0000020f73f72000 JavaThread "jar transforms Thread 188" [_thread_blocked, id=7260, stack(0x00000036b8a00000,0x00000036b8b00000)]
  0x0000020f73f73800 JavaThread "jar transforms Thread 189" [_thread_blocked, id=3424, stack(0x00000036b8b00000,0x00000036b8c00000)]
  0x0000020f73f6e000 JavaThread "jar transforms Thread 190" [_thread_blocked, id=3808, stack(0x00000036b8c00000,0x00000036b8d00000)]
  0x0000020f73f74800 JavaThread "jar transforms Thread 191" [_thread_blocked, id=3632, stack(0x00000036b8d00000,0x00000036b8e00000)]
  0x0000020f73f72800 JavaThread "jar transforms Thread 192" [_thread_blocked, id=12848, stack(0x00000036b8e00000,0x00000036b8f00000)]
  0x0000020f73f70800 JavaThread "jar transforms Thread 193" [_thread_blocked, id=7532, stack(0x00000036b8f00000,0x00000036b9000000)]
  0x0000020f73f6e800 JavaThread "jar transforms Thread 194" [_thread_blocked, id=8684, stack(0x00000036b9000000,0x00000036b9100000)]
  0x0000020f73f6f800 JavaThread "jar transforms Thread 195" [_thread_blocked, id=1756, stack(0x00000036b9100000,0x00000036b9200000)]
  0x0000020f73f75000 JavaThread "jar transforms Thread 196" [_thread_blocked, id=11456, stack(0x00000036b9200000,0x00000036b9300000)]
  0x0000020f71b98800 JavaThread "jar transforms Thread 197" [_thread_blocked, id=11196, stack(0x00000036b9300000,0x00000036b9400000)]
  0x0000020f71b98000 JavaThread "jar transforms Thread 198" [_thread_blocked, id=11960, stack(0x00000036b9400000,0x00000036b9500000)]
  0x0000020f71b99800 JavaThread "build event listener" [_thread_blocked, id=4304, stack(0x00000036b9500000,0x00000036b9600000)]
  0x0000020f71b9b000 JavaThread "build event listener" [_thread_blocked, id=11208, stack(0x00000036b9600000,0x00000036b9700000)]
  0x0000020f71b9a000 JavaThread "Execution worker for ':'" [_thread_blocked, id=5548, stack(0x00000036b9800000,0x00000036b9900000)]
  0x0000020f71b9c000 JavaThread "Execution worker for ':' Thread 2" [_thread_blocked, id=7088, stack(0x00000036b9900000,0x00000036b9a00000)]
  0x0000020f71b9c800 JavaThread "Execution worker for ':' Thread 3" [_thread_in_Java, id=7068, stack(0x00000036b9a00000,0x00000036b9b00000)]
  0x0000020f71b97000 JavaThread "Cache worker for execution history cache (C:\Users\hp\AndroidStudioProjects\myPharmacy\.gradle\6.7.1\executionHistory)" [_thread_blocked, id=12152, stack(0x00000036b9b00000,0x00000036b9c00000)]
  0x0000020f71ba2800 JavaThread "WorkerExecutor Queue" [_thread_blocked, id=7796, stack(0x00000036b9c00000,0x00000036b9d00000)]

Other Threads:
  0x0000020f6bd6e000 VMThread "VM Thread" [stack: 0x00000036b0b00000,0x00000036b0c00000] [id=9516]
  0x0000020f6c86f800 WatcherThread [stack: 0x00000036b1500000,0x00000036b1600000] [id=9288]
  0x0000020f5231b800 GCTaskThread "GC Thread#0" [stack: 0x00000036b0600000,0x00000036b0700000] [id=10392]
  0x0000020f6ce1e800 GCTaskThread "GC Thread#1" [stack: 0x00000036b1700000,0x00000036b1800000] [id=2100]
  0x0000020f6d202800 GCTaskThread "GC Thread#2" [stack: 0x00000036b1800000,0x00000036b1900000] [id=7556]
  0x0000020f6e54e000 GCTaskThread "GC Thread#3" [stack: 0x00000036b2400000,0x00000036b2500000] [id=5952]
  0x0000020f5234f000 ConcurrentGCThread "G1 Main Marker" [stack: 0x00000036b0700000,0x00000036b0800000] [id=5808]
  0x0000020f52351800 ConcurrentGCThread "G1 Conc#0" [stack: 0x00000036b0800000,0x00000036b0900000] [id=8568]
  0x0000020f6bbba800 ConcurrentGCThread "G1 Refine#0" [stack: 0x00000036b0900000,0x00000036b0a00000] [id=1920]
  0x0000020f523ce000 ConcurrentGCThread "G1 Young RemSet Sampling" [stack: 0x00000036b0a00000,0x00000036b0b00000] [id=8932]

Threads with active compile tasks:
C2 CompilerThread01209544 16424       4       java.util.ServiceLoader$LazyClassPathLookupIterator::parseLine (253 bytes)

VM state:not at safepoint (normal execution)

VM Mutex/Monitor currently owned by a thread: None

Heap address: 0x0000000080000000, size: 2048 MB, Compressed Oops mode: 32-bit
Narrow klass base: 0x0000000000000000, Narrow klass shift: 3
Compressed class space size: 1073741824 Address: 0x0000000100000000

Heap:
 garbage-first heap   total 189440K, used 144116K [0x0000000080000000, 0x0000000100000000)
  region size 1024K, 8 young (8192K), 2 survivors (2048K)
 Metaspace       used 112972K, capacity 115805K, committed 116044K, reserved 1150976K
  class space    used 13959K, capacity 14969K, committed 15000K, reserved 1048576K
Heap Regions: E=young(eden), S=young(survivor), O=old, HS=humongous(starts), HC=humongous(continues), CS=collection set, F=free, A=archive, TAMS=top-at-mark-start (previous, next)
|   0|0x0000000080000000, 0x0000000080100000, 0x0000000080100000|100%| O|  |TAMS 0x0000000080100000, 0x0000000080000000| Untracked 
|   1|0x0000000080100000, 0x0000000080200000, 0x0000000080200000|100%| O|  |TAMS 0x0000000080200000, 0x0000000080100000| Untracked 
|   2|0x0000000080200000, 0x0000000080300000, 0x0000000080300000|100%| O|  |TAMS 0x0000000080300000, 0x0000000080200000| Untracked 
|   3|0x0000000080300000, 0x0000000080400000, 0x0000000080400000|100%|HS|  |TAMS 0x0000000080400000, 0x0000000080300000| Complete 
|   4|0x0000000080400000, 0x0000000080500000, 0x0000000080500000|100%|HC|  |TAMS 0x0000000080500000, 0x0000000080400000| Complete 
|   5|0x0000000080500000, 0x0000000080600000, 0x0000000080600000|100%|HC|  |TAMS 0x0000000080600000, 0x0000000080500000| Complete 
|   6|0x0000000080600000, 0x0000000080700000, 0x0000000080700000|100%| O|  |TAMS 0x0000000080700000, 0x0000000080600000| Untracked 
|   7|0x0000000080700000, 0x0000000080800000, 0x0000000080800000|100%| O|  |TAMS 0x0000000080800000, 0x0000000080700000| Untracked 
|   8|0x0000000080800000, 0x0000000080900000, 0x0000000080900000|100%| O|  |TAMS 0x0000000080900000, 0x0000000080800000| Untracked 
|   9|0x0000000080900000, 0x0000000080a00000, 0x0000000080a00000|100%| O|  |TAMS 0x0000000080a00000, 0x0000000080900000| Untracked 
|  10|0x0000000080a00000, 0x0000000080b00000, 0x0000000080b00000|100%| O|  |TAMS 0x0000000080b00000, 0x0000000080a00000| Untracked 
|  11|0x0000000080b00000, 0x0000000080c00000, 0x0000000080c00000|100%| O|  |TAMS 0x0000000080c00000, 0x0000000080b00000| Untracked 
|  12|0x0000000080c00000, 0x0000000080d00000, 0x0000000080d00000|100%| O|  |TAMS 0x0000000080d00000, 0x0000000080c00000| Untracked 
|  13|0x0000000080d00000, 0x0000000080e00000, 0x0000000080e00000|100%| O|  |TAMS 0x0000000080e00000, 0x0000000080d00000| Untracked 
|  14|0x0000000080e00000, 0x0000000080f00000, 0x0000000080f00000|100%| O|  |TAMS 0x0000000080f00000, 0x0000000080e00000| Untracked 
|  15|0x0000000080f00000, 0x0000000081000000, 0x0000000081000000|100%| O|  |TAMS 0x0000000081000000, 0x0000000080f00000| Untracked 
|  16|0x0000000081000000, 0x0000000081100000, 0x0000000081100000|100%|HS|  |TAMS 0x0000000081100000, 0x0000000081000000| Complete 
|  17|0x0000000081100000, 0x0000000081200000, 0x0000000081200000|100%|HC|  |TAMS 0x0000000081200000, 0x0000000081100000| Complete 
|  18|0x0000000081200000, 0x0000000081300000, 0x0000000081300000|100%|HS|  |TAMS 0x0000000081300000, 0x0000000081200000| Complete 
|  19|0x0000000081300000, 0x0000000081400000, 0x0000000081400000|100%|HC|  |TAMS 0x0000000081400000, 0x0000000081300000| Complete 
|  20|0x0000000081400000, 0x0000000081500000, 0x0000000081500000|100%|HC|  |TAMS 0x0000000081500000, 0x0000000081400000| Complete 
|  21|0x0000000081500000, 0x0000000081600000, 0x0000000081600000|100%|HS|  |TAMS 0x0000000081600000, 0x0000000081500000| Complete 
|  22|0x0000000081600000, 0x0000000081700000, 0x0000000081700000|100%|HC|  |TAMS 0x0000000081700000, 0x0000000081600000| Complete 
|  23|0x0000000081700000, 0x0000000081800000, 0x0000000081800000|100%|HC|  |TAMS 0x0000000081800000, 0x0000000081700000| Complete 
|  24|0x0000000081800000, 0x0000000081900000, 0x0000000081900000|100%|HC|  |TAMS 0x0000000081900000, 0x0000000081800000| Complete 
|  25|0x0000000081900000, 0x0000000081a00000, 0x0000000081a00000|100%| O|  |TAMS 0x0000000081a00000, 0x0000000081900000| Untracked 
|  26|0x0000000081a00000, 0x0000000081b00000, 0x0000000081b00000|100%| O|  |TAMS 0x0000000081b00000, 0x0000000081a00000| Untracked 
|  27|0x0000000081b00000, 0x0000000081c00000, 0x0000000081c00000|100%| O|  |TAMS 0x0000000081c00000, 0x0000000081b00000| Untracked 
|  28|0x0000000081c00000, 0x0000000081d00000, 0x0000000081d00000|100%|HS|  |TAMS 0x0000000081d00000, 0x0000000081c00000| Complete 
|  29|0x0000000081d00000, 0x0000000081e00000, 0x0000000081e00000|100%| O|  |TAMS 0x0000000081e00000, 0x0000000081d00000| Untracked 
|  30|0x0000000081e00000, 0x0000000081f00000, 0x0000000081f00000|100%| O|  |TAMS 0x0000000081f00000, 0x0000000081e00000| Untracked 
|  31|0x0000000081f00000, 0x0000000082000000, 0x0000000082000000|100%|HS|  |TAMS 0x0000000082000000, 0x0000000081f00000| Complete 
|  32|0x0000000082000000, 0x0000000082100000, 0x0000000082100000|100%|HC|  |TAMS 0x0000000082100000, 0x0000000082000000| Complete 
|  33|0x0000000082100000, 0x0000000082200000, 0x0000000082200000|100%|HC|  |TAMS 0x0000000082200000, 0x0000000082100000| Complete 
|  34|0x0000000082200000, 0x0000000082300000, 0x0000000082300000|100%|HC|  |TAMS 0x0000000082300000, 0x0000000082200000| Complete 
|  35|0x0000000082300000, 0x0000000082400000, 0x0000000082400000|100%|HS|  |TAMS 0x0000000082400000, 0x0000000082300000| Complete 
|  36|0x0000000082400000, 0x0000000082500000, 0x0000000082500000|100%|HC|  |TAMS 0x0000000082500000, 0x0000000082400000| Complete 
|  37|0x0000000082500000, 0x0000000082600000, 0x0000000082600000|100%|HC|  |TAMS 0x0000000082600000, 0x0000000082500000| Complete 
|  38|0x0000000082600000, 0x0000000082700000, 0x0000000082700000|100%| O|  |TAMS 0x0000000082700000, 0x0000000082600000| Untracked 
|  39|0x0000000082700000, 0x0000000082800000, 0x0000000082800000|100%| O|  |TAMS 0x0000000082800000, 0x0000000082700000| Untracked 
|  40|0x0000000082800000, 0x0000000082900000, 0x0000000082900000|100%| O|  |TAMS 0x0000000082900000, 0x0000000082800000| Untracked 
|  41|0x0000000082900000, 0x0000000082a00000, 0x0000000082a00000|100%| O|  |TAMS 0x0000000082a00000, 0x0000000082900000| Untracked 
|  42|0x0000000082a00000, 0x0000000082b00000, 0x0000000082b00000|100%| O|  |TAMS 0x0000000082b00000, 0x0000000082a00000| Untracked 
|  43|0x0000000082b00000, 0x0000000082c00000, 0x0000000082c00000|100%| O|  |TAMS 0x0000000082c00000, 0x0000000082b00000| Untracked 
|  44|0x0000000082c00000, 0x0000000082d00000, 0x0000000082d00000|100%| O|  |TAMS 0x0000000082d00000, 0x0000000082c00000| Untracked 
|  45|0x0000000082d00000, 0x0000000082e00000, 0x0000000082e00000|100%| O|  |TAMS 0x0000000082e00000, 0x0000000082d00000| Untracked 
|  46|0x0000000082e00000, 0x0000000082f00000, 0x0000000082f00000|100%|HS|  |TAMS 0x0000000082f00000, 0x0000000082e00000| Complete 
|  47|0x0000000082f00000, 0x0000000083000000, 0x0000000083000000|100%|HC|  |TAMS 0x0000000083000000, 0x0000000082f00000| Complete 
|  48|0x0000000083000000, 0x0000000083100000, 0x0000000083100000|100%| O|  |TAMS 0x0000000083100000, 0x0000000083000000| Untracked 
|  49|0x0000000083100000, 0x0000000083200000, 0x0000000083200000|100%| O|  |TAMS 0x0000000083200000, 0x0000000083100000| Untracked 
|  50|0x0000000083200000, 0x0000000083300000, 0x0000000083300000|100%| O|  |TAMS 0x0000000083300000, 0x0000000083200000| Untracked 
|  51|0x0000000083300000, 0x0000000083400000, 0x0000000083400000|100%| O|  |TAMS 0x0000000083400000, 0x0000000083300000| Untracked 
|  52|0x0000000083400000, 0x0000000083500000, 0x0000000083500000|100%| O|  |TAMS 0x0000000083500000, 0x0000000083400000| Untracked 
|  53|0x0000000083500000, 0x0000000083600000, 0x0000000083600000|100%| O|  |TAMS 0x0000000083600000, 0x0000000083500000| Untracked 
|  54|0x0000000083600000, 0x0000000083700000, 0x0000000083700000|100%| O|  |TAMS 0x0000000083700000, 0x0000000083600000| Untracked 
|  55|0x0000000083700000, 0x0000000083800000, 0x0000000083800000|100%| O|  |TAMS 0x0000000083800000, 0x0000000083700000| Untracked 
|  56|0x0000000083800000, 0x0000000083900000, 0x0000000083900000|100%| O|  |TAMS 0x0000000083900000, 0x0000000083800000| Untracked 
|  57|0x0000000083900000, 0x0000000083a00000, 0x0000000083a00000|100%| O|  |TAMS 0x0000000083a00000, 0x0000000083900000| Untracked 
|  58|0x0000000083a00000, 0x0000000083b00000, 0x0000000083b00000|100%| O|  |TAMS 0x0000000083b00000, 0x0000000083a00000| Untracked 
|  59|0x0000000083b00000, 0x0000000083c00000, 0x0000000083c00000|100%| O|  |TAMS 0x0000000083c00000, 0x0000000083b00000| Untracked 
|  60|0x0000000083c00000, 0x0000000083d00000, 0x0000000083d00000|100%| O|  |TAMS 0x0000000083d00000, 0x0000000083c00000| Untracked 
|  61|0x0000000083d00000, 0x0000000083e00000, 0x0000000083e00000|100%| O|  |TAMS 0x0000000083e00000, 0x0000000083d00000| Untracked 
|  62|0x0000000083e00000, 0x0000000083f00000, 0x0000000083f00000|100%| O|  |TAMS 0x0000000083f00000, 0x0000000083e00000| Untracked 
|  63|0x0000000083f00000, 0x0000000084000000, 0x0000000084000000|100%| O|  |TAMS 0x0000000084000000, 0x0000000083f00000| Untracked 
|  64|0x0000000084000000, 0x0000000084100000, 0x0000000084100000|100%| O|  |TAMS 0x0000000084100000, 0x0000000084000000| Untracked 
|  65|0x0000000084100000, 0x0000000084200000, 0x0000000084200000|100%| O|  |TAMS 0x0000000084200000, 0x0000000084100000| Untracked 
|  66|0x0000000084200000, 0x0000000084300000, 0x0000000084300000|100%| O|  |TAMS 0x0000000084300000, 0x0000000084200000| Untracked 
|  67|0x0000000084300000, 0x0000000084400000, 0x0000000084400000|100%| O|  |TAMS 0x0000000084400000, 0x0000000084300000| Untracked 
|  68|0x0000000084400000, 0x0000000084500000, 0x0000000084500000|100%| O|  |TAMS 0x0000000084500000, 0x0000000084400000| Untracked 
|  69|0x0000000084500000, 0x0000000084600000, 0x0000000084600000|100%| O|  |TAMS 0x0000000084600000, 0x0000000084500000| Untracked 
|  70|0x0000000084600000, 0x0000000084700000, 0x0000000084700000|100%| O|  |TAMS 0x0000000084700000, 0x0000000084600000| Untracked 
|  71|0x0000000084700000, 0x0000000084800000, 0x0000000084800000|100%| O|  |TAMS 0x0000000084800000, 0x0000000084700000| Untracked 
|  72|0x0000000084800000, 0x0000000084900000, 0x0000000084900000|100%| O|  |TAMS 0x0000000084900000, 0x0000000084800000| Untracked 
|  73|0x0000000084900000, 0x0000000084a00000, 0x0000000084a00000|100%| O|  |TAMS 0x0000000084a00000, 0x0000000084900000| Untracked 
|  74|0x0000000084a00000, 0x0000000084b00000, 0x0000000084b00000|100%| O|  |TAMS 0x0000000084b00000, 0x0000000084a00000| Untracked 
|  75|0x0000000084b00000, 0x0000000084c00000, 0x0000000084c00000|100%| O|  |TAMS 0x0000000084c00000, 0x0000000084b00000| Untracked 
|  76|0x0000000084c00000, 0x0000000084d00000, 0x0000000084d00000|100%| O|  |TAMS 0x0000000084d00000, 0x0000000084c00000| Untracked 
|  77|0x0000000084d00000, 0x0000000084d24c00, 0x0000000084e00000| 14%| O|  |TAMS 0x0000000084d24c00, 0x0000000084d00000| Untracked 
|  78|0x0000000084e00000, 0x0000000084f00000, 0x0000000084f00000|100%| O|  |TAMS 0x0000000084f00000, 0x0000000084e00000| Untracked 
|  79|0x0000000084f00000, 0x0000000085000000, 0x0000000085000000|100%| O|  |TAMS 0x0000000085000000, 0x0000000084f00000| Untracked 
|  80|0x0000000085000000, 0x0000000085100000, 0x0000000085100000|100%| O|  |TAMS 0x0000000085100000, 0x0000000085000000| Untracked 
|  81|0x0000000085100000, 0x0000000085100000, 0x0000000085200000|  0%| F|  |TAMS 0x0000000085100000, 0x0000000085100000| Untracked 
|  82|0x0000000085200000, 0x0000000085300000, 0x0000000085300000|100%| O|  |TAMS 0x0000000085300000, 0x0000000085200000| Untracked 
|  83|0x0000000085300000, 0x0000000085400000, 0x0000000085400000|100%| O|  |TAMS 0x0000000085400000, 0x0000000085300000| Untracked 
|  84|0x0000000085400000, 0x0000000085500000, 0x0000000085500000|100%| O|  |TAMS 0x0000000085500000, 0x0000000085400000| Untracked 
|  85|0x0000000085500000, 0x0000000085600000, 0x0000000085600000|100%| O|  |TAMS 0x0000000085600000, 0x0000000085500000| Untracked 
|  86|0x0000000085600000, 0x0000000085700000, 0x0000000085700000|100%| O|  |TAMS 0x0000000085700000, 0x0000000085600000| Untracked 
|  87|0x0000000085700000, 0x0000000085800000, 0x0000000085800000|100%| O|  |TAMS 0x0000000085800000, 0x0000000085700000| Untracked 
|  88|0x0000000085800000, 0x0000000085900000, 0x0000000085900000|100%| O|  |TAMS 0x0000000085900000, 0x0000000085800000| Untracked 
|  89|0x0000000085900000, 0x0000000085a00000, 0x0000000085a00000|100%| O|  |TAMS 0x0000000085a00000, 0x0000000085900000| Untracked 
|  90|0x0000000085a00000, 0x0000000085b00000, 0x0000000085b00000|100%| O|  |TAMS 0x0000000085b00000, 0x0000000085a00000| Untracked 
|  91|0x0000000085b00000, 0x0000000085c00000, 0x0000000085c00000|100%| O|  |TAMS 0x0000000085c00000, 0x0000000085b00000| Untracked 
|  92|0x0000000085c00000, 0x0000000085d00000, 0x0000000085d00000|100%| O|  |TAMS 0x0000000085d00000, 0x0000000085c00000| Untracked 
|  93|0x0000000085d00000, 0x0000000085e00000, 0x0000000085e00000|100%| O|  |TAMS 0x0000000085e00000, 0x0000000085d00000| Untracked 
|  94|0x0000000085e00000, 0x0000000085f00000, 0x0000000085f00000|100%| O|  |TAMS 0x0000000085f00000, 0x0000000085e00000| Untracked 
|  95|0x0000000085f00000, 0x0000000085f00000, 0x0000000086000000|  0%| F|  |TAMS 0x0000000085f00000, 0x0000000085f00000| Untracked 
|  96|0x0000000086000000, 0x0000000086000000, 0x0000000086100000|  0%| F|  |TAMS 0x0000000086000000, 0x0000000086000000| Untracked 
|  97|0x0000000086100000, 0x0000000086200000, 0x0000000086200000|100%| O|  |TAMS 0x0000000086200000, 0x0000000086100000| Untracked 
|  98|0x0000000086200000, 0x0000000086300000, 0x0000000086300000|100%| O|  |TAMS 0x0000000086300000, 0x0000000086200000| Untracked 
|  99|0x0000000086300000, 0x0000000086400000, 0x0000000086400000|100%| O|  |TAMS 0x0000000086400000, 0x0000000086300000| Untracked 
| 100|0x0000000086400000, 0x0000000086500000, 0x0000000086500000|100%| O|  |TAMS 0x0000000086500000, 0x0000000086400000| Untracked 
| 101|0x0000000086500000, 0x0000000086600000, 0x0000000086600000|100%| O|  |TAMS 0x0000000086600000, 0x0000000086500000| Untracked 
| 102|0x0000000086600000, 0x0000000086700000, 0x0000000086700000|100%| O|  |TAMS 0x0000000086700000, 0x0000000086600000| Untracked 
| 103|0x0000000086700000, 0x0000000086800000, 0x0000000086800000|100%| O|  |TAMS 0x0000000086800000, 0x0000000086700000| Untracked 
| 104|0x0000000086800000, 0x0000000086900000, 0x0000000086900000|100%| O|  |TAMS 0x0000000086900000, 0x0000000086800000| Untracked 
| 105|0x0000000086900000, 0x0000000086a00000, 0x0000000086a00000|100%| O|  |TAMS 0x0000000086a00000, 0x0000000086900000| Untracked 
| 106|0x0000000086a00000, 0x0000000086b00000, 0x0000000086b00000|100%| O|  |TAMS 0x0000000086b00000, 0x0000000086a00000| Untracked 
| 107|0x0000000086b00000, 0x0000000086c00000, 0x0000000086c00000|100%| O|  |TAMS 0x0000000086c00000, 0x0000000086b00000| Untracked 
| 108|0x0000000086c00000, 0x0000000086d00000, 0x0000000086d00000|100%| O|  |TAMS 0x0000000086d00000, 0x0000000086c00000| Untracked 
| 109|0x0000000086d00000, 0x0000000086e00000, 0x0000000086e00000|100%| O|  |TAMS 0x0000000086e00000, 0x0000000086d00000| Untracked 
| 110|0x0000000086e00000, 0x0000000086f00000, 0x0000000086f00000|100%| O|  |TAMS 0x0000000086f00000, 0x0000000086e00000| Untracked 
| 111|0x0000000086f00000, 0x0000000087000000, 0x0000000087000000|100%| O|  |TAMS 0x0000000087000000, 0x0000000086f00000| Untracked 
| 112|0x0000000087000000, 0x0000000087100000, 0x0000000087100000|100%| O|  |TAMS 0x0000000087100000, 0x0000000087000000| Untracked 
| 113|0x0000000087100000, 0x0000000087200000, 0x0000000087200000|100%| O|  |TAMS 0x0000000087200000, 0x0000000087100000| Untracked 
| 114|0x0000000087200000, 0x0000000087300000, 0x0000000087300000|100%| O|  |TAMS 0x0000000087300000, 0x0000000087200000| Untracked 
| 115|0x0000000087300000, 0x0000000087400000, 0x0000000087400000|100%| O|  |TAMS 0x0000000087400000, 0x0000000087300000| Untracked 
| 116|0x0000000087400000, 0x0000000087500000, 0x0000000087500000|100%| O|  |TAMS 0x0000000087500000, 0x0000000087400000| Untracked 
| 117|0x0000000087500000, 0x0000000087600000, 0x0000000087600000|100%| O|  |TAMS 0x0000000087600000, 0x0000000087500000| Untracked 
| 118|0x0000000087600000, 0x0000000087700000, 0x0000000087700000|100%| O|  |TAMS 0x0000000087700000, 0x0000000087600000| Untracked 
| 119|0x0000000087700000, 0x0000000087800000, 0x0000000087800000|100%| O|  |TAMS 0x0000000087800000, 0x0000000087700000| Untracked 
| 120|0x0000000087800000, 0x0000000087900000, 0x0000000087900000|100%| O|  |TAMS 0x0000000087900000, 0x0000000087800000| Untracked 
| 121|0x0000000087900000, 0x0000000087a00000, 0x0000000087a00000|100%| O|  |TAMS 0x0000000087a00000, 0x0000000087900000| Untracked 
| 122|0x0000000087a00000, 0x0000000087b00000, 0x0000000087b00000|100%| O|  |TAMS 0x0000000087b00000, 0x0000000087a00000| Untracked 
| 123|0x0000000087b00000, 0x0000000087c00000, 0x0000000087c00000|100%| O|  |TAMS 0x0000000087c00000, 0x0000000087b00000| Untracked 
| 124|0x0000000087c00000, 0x0000000087d00000, 0x0000000087d00000|100%| O|  |TAMS 0x0000000087d00000, 0x0000000087c00000| Untracked 
| 125|0x0000000087d00000, 0x0000000087e00000, 0x0000000087e00000|100%| O|  |TAMS 0x0000000087e00000, 0x0000000087d00000| Untracked 
| 126|0x0000000087e00000, 0x0000000087f00000, 0x0000000087f00000|100%| O|  |TAMS 0x0000000087f00000, 0x0000000087e00000| Untracked 
| 127|0x0000000087f00000, 0x0000000088000000, 0x0000000088000000|100%| O|  |TAMS 0x0000000088000000, 0x0000000087f00000| Untracked 
| 128|0x0000000088000000, 0x0000000088000000, 0x0000000088100000|  0%| F|  |TAMS 0x0000000088000000, 0x0000000088000000| Untracked 
| 129|0x0000000088100000, 0x0000000088200000, 0x0000000088200000|100%| O|  |TAMS 0x0000000088200000, 0x0000000088100000| Untracked 
| 130|0x0000000088200000, 0x0000000088300000, 0x0000000088300000|100%| O|  |TAMS 0x0000000088300000, 0x0000000088200000| Untracked 
| 131|0x0000000088300000, 0x0000000088400000, 0x0000000088400000|100%| O|  |TAMS 0x0000000088400000, 0x0000000088300000| Untracked 
| 132|0x0000000088400000, 0x0000000088500000, 0x0000000088500000|100%| O|  |TAMS 0x0000000088500000, 0x0000000088400000| Untracked 
| 133|0x0000000088500000, 0x0000000088600000, 0x0000000088600000|100%| O|  |TAMS 0x0000000088600000, 0x0000000088500000| Untracked 
| 134|0x0000000088600000, 0x0000000088700000, 0x0000000088700000|100%| O|  |TAMS 0x0000000088700000, 0x0000000088600000| Untracked 
| 135|0x0000000088700000, 0x0000000088800000, 0x0000000088800000|100%| O|  |TAMS 0x0000000088800000, 0x0000000088700000| Untracked 
| 136|0x0000000088800000, 0x0000000088900000, 0x0000000088900000|100%| O|  |TAMS 0x0000000088900000, 0x0000000088800000| Untracked 
| 137|0x0000000088900000, 0x0000000088a00000, 0x0000000088a00000|100%| O|  |TAMS 0x0000000088a00000, 0x0000000088900000| Untracked 
| 138|0x0000000088a00000, 0x0000000088b00000, 0x0000000088b00000|100%| O|  |TAMS 0x0000000088b00000, 0x0000000088a00000| Untracked 
| 139|0x0000000088b00000, 0x0000000088b00000, 0x0000000088c00000|  0%| F|  |TAMS 0x0000000088b00000, 0x0000000088b00000| Untracked 
| 140|0x0000000088c00000, 0x0000000088c00000, 0x0000000088d00000|  0%| F|  |TAMS 0x0000000088c00000, 0x0000000088c00000| Untracked 
| 141|0x0000000088d00000, 0x0000000088d00000, 0x0000000088e00000|  0%| F|  |TAMS 0x0000000088d00000, 0x0000000088d00000| Untracked 
| 142|0x0000000088e00000, 0x0000000088e00000, 0x0000000088f00000|  0%| F|  |TAMS 0x0000000088e00000, 0x0000000088e00000| Untracked 
| 143|0x0000000088f00000, 0x0000000088f00000, 0x0000000089000000|  0%| F|  |TAMS 0x0000000088f00000, 0x0000000088f00000| Untracked 
| 144|0x0000000089000000, 0x0000000089000000, 0x0000000089100000|  0%| F|  |TAMS 0x0000000089000000, 0x0000000089000000| Untracked 
| 145|0x0000000089100000, 0x0000000089100000, 0x0000000089200000|  0%| F|  |TAMS 0x0000000089100000, 0x0000000089100000| Untracked 
| 146|0x0000000089200000, 0x0000000089200000, 0x0000000089300000|  0%| F|  |TAMS 0x0000000089200000, 0x0000000089200000| Untracked 
| 147|0x0000000089300000, 0x0000000089300000, 0x0000000089400000|  0%| F|  |TAMS 0x0000000089300000, 0x0000000089300000| Untracked 
| 148|0x0000000089400000, 0x0000000089400000, 0x0000000089500000|  0%| F|  |TAMS 0x0000000089400000, 0x0000000089400000| Untracked 
| 149|0x0000000089500000, 0x0000000089500000, 0x0000000089600000|  0%| F|  |TAMS 0x0000000089500000, 0x0000000089500000| Untracked 
| 150|0x0000000089600000, 0x0000000089600000, 0x0000000089700000|  0%| F|  |TAMS 0x0000000089600000, 0x0000000089600000| Untracked 
| 151|0x0000000089700000, 0x0000000089700000, 0x0000000089800000|  0%| F|  |TAMS 0x0000000089700000, 0x0000000089700000| Untracked 
| 152|0x0000000089800000, 0x0000000089800000, 0x0000000089900000|  0%| F|  |TAMS 0x0000000089800000, 0x0000000089800000| Untracked 
| 153|0x0000000089900000, 0x0000000089900000, 0x0000000089a00000|  0%| F|  |TAMS 0x0000000089900000, 0x0000000089900000| Untracked 
| 154|0x0000000089a00000, 0x0000000089a00000, 0x0000000089b00000|  0%| F|  |TAMS 0x0000000089a00000, 0x0000000089a00000| Untracked 
| 155|0x0000000089b00000, 0x0000000089b00000, 0x0000000089c00000|  0%| F|  |TAMS 0x0000000089b00000, 0x0000000089b00000| Untracked 
| 156|0x0000000089c00000, 0x0000000089c00000, 0x0000000089d00000|  0%| F|  |TAMS 0x0000000089c00000, 0x0000000089c00000| Untracked 
| 157|0x0000000089d00000, 0x0000000089d98438, 0x0000000089e00000| 59%| S|CS|TAMS 0x0000000089d00000, 0x0000000089d00000| Complete 
| 158|0x0000000089e00000, 0x0000000089e00000, 0x0000000089f00000|  0%| F|  |TAMS 0x0000000089e00000, 0x0000000089e00000| Untracked 
| 159|0x0000000089f00000, 0x000000008a000000, 0x000000008a000000|100%| S|CS|TAMS 0x0000000089f00000, 0x0000000089f00000| Complete 
| 160|0x000000008a000000, 0x000000008a000000, 0x000000008a100000|  0%| F|  |TAMS 0x000000008a000000, 0x000000008a000000| Untracked 
| 161|0x000000008a100000, 0x000000008a100000, 0x000000008a200000|  0%| F|  |TAMS 0x000000008a100000, 0x000000008a100000| Untracked 
| 162|0x000000008a200000, 0x000000008a200000, 0x000000008a300000|  0%| F|  |TAMS 0x000000008a200000, 0x000000008a200000| Untracked 
| 163|0x000000008a300000, 0x000000008a300000, 0x000000008a400000|  0%| F|  |TAMS 0x000000008a300000, 0x000000008a300000| Untracked 
| 164|0x000000008a400000, 0x000000008a400000, 0x000000008a500000|  0%| F|  |TAMS 0x000000008a400000, 0x000000008a400000| Untracked 
| 165|0x000000008a500000, 0x000000008a500000, 0x000000008a600000|  0%| F|  |TAMS 0x000000008a500000, 0x000000008a500000| Untracked 
| 166|0x000000008a600000, 0x000000008a600000, 0x000000008a700000|  0%| F|  |TAMS 0x000000008a600000, 0x000000008a600000| Untracked 
| 167|0x000000008a700000, 0x000000008a700000, 0x000000008a800000|  0%| F|  |TAMS 0x000000008a700000, 0x000000008a700000| Untracked 
| 168|0x000000008a800000, 0x000000008a800000, 0x000000008a900000|  0%| F|  |TAMS 0x000000008a800000, 0x000000008a800000| Untracked 
| 169|0x000000008a900000, 0x000000008a900000, 0x000000008aa00000|  0%| F|  |TAMS 0x000000008a900000, 0x000000008a900000| Untracked 
| 170|0x000000008aa00000, 0x000000008aa00000, 0x000000008ab00000|  0%| F|  |TAMS 0x000000008aa00000, 0x000000008aa00000| Untracked 
| 171|0x000000008ab00000, 0x000000008ab00000, 0x000000008ac00000|  0%| F|  |TAMS 0x000000008ab00000, 0x000000008ab00000| Untracked 
| 172|0x000000008ac00000, 0x000000008ac00000, 0x000000008ad00000|  0%| F|  |TAMS 0x000000008ac00000, 0x000000008ac00000| Untracked 
| 173|0x000000008ad00000, 0x000000008ad00000, 0x000000008ae00000|  0%| F|  |TAMS 0x000000008ad00000, 0x000000008ad00000| Untracked 
| 174|0x000000008ae00000, 0x000000008ae00000, 0x000000008af00000|  0%| F|  |TAMS 0x000000008ae00000, 0x000000008ae00000| Untracked 
| 175|0x000000008af00000, 0x000000008af00000, 0x000000008b000000|  0%| F|  |TAMS 0x000000008af00000, 0x000000008af00000| Untracked 
| 176|0x000000008b000000, 0x000000008b000000, 0x000000008b100000|  0%| F|  |TAMS 0x000000008b000000, 0x000000008b000000| Untracked 
| 177|0x000000008b100000, 0x000000008b100000, 0x000000008b200000|  0%| F|  |TAMS 0x000000008b100000, 0x000000008b100000| Untracked 
| 178|0x000000008b200000, 0x000000008b280800, 0x000000008b300000| 50%| E|  |TAMS 0x000000008b200000, 0x000000008b200000| Complete 
| 179|0x000000008b300000, 0x000000008b400000, 0x000000008b400000|100%| E|CS|TAMS 0x000000008b300000, 0x000000008b300000| Complete 
| 180|0x000000008b400000, 0x000000008b500000, 0x000000008b500000|100%| E|CS|TAMS 0x000000008b400000, 0x000000008b400000| Complete 
| 181|0x000000008b500000, 0x000000008b600000, 0x000000008b600000|100%| E|CS|TAMS 0x000000008b500000, 0x000000008b500000| Complete 
| 182|0x000000008b600000, 0x000000008b700000, 0x000000008b700000|100%| E|CS|TAMS 0x000000008b600000, 0x000000008b600000| Complete 
| 183|0x000000008b700000, 0x000000008b800000, 0x000000008b800000|100%| E|CS|TAMS 0x000000008b700000, 0x000000008b700000| Complete 
| 184|0x000000008b800000, 0x000000008b900000, 0x000000008b900000|100%| E|CS|TAMS 0x000000008b800000, 0x000000008b800000| Complete 

Card table byte_map: [0x0000020f65070000,0x0000020f65470000] _byte_map_base: 0x0000020f64c70000

Marking Bits (Prev, Next): (CMBitMap*) 0x0000020f523464c0, (CMBitMap*) 0x0000020f52346488
 Prev Bits: [0x0000020f67870000, 0x0000020f69870000)
 Next Bits: [0x0000020f65870000, 0x0000020f67870000)

Polling page: 0x0000020f502d0000

Metaspace:

Usage:
  Non-class:     98.47 MB capacity,    96.69 MB ( 98%) used,     1.49 MB (  2%) free+waste,   293.44 KB ( <1%) overhead. 
      Class:     14.62 MB capacity,    13.63 MB ( 93%) used,   877.14 KB (  6%) free+waste,   132.00 KB ( <1%) overhead. 
       Both:    113.09 MB capacity,   110.32 MB ( 98%) used,     2.35 MB (  2%) free+waste,   425.44 KB ( <1%) overhead. 

Virtual space:
  Non-class space:      100.00 MB reserved,      98.68 MB ( 99%) committed 
      Class space:        1.00 GB reserved,      14.65 MB (  1%) committed 
             Both:        1.10 GB reserved,     113.32 MB ( 10%) committed 

Chunk freelists:
   Non-Class:  16.00 KB
       Class:  7.00 KB
        Both:  23.00 KB

MaxMetaspaceSize: 17179869184.00 GB
CompressedClassSpaceSize: 1.00 GB

CodeHeap 'non-profiled nmethods': size=120064Kb used=11892Kb max_used=11892Kb free=108171Kb
 bounds [0x0000020f5d730000, 0x0000020f5e2d0000, 0x0000020f64c70000]
CodeHeap 'profiled nmethods': size=120000Kb used=32737Kb max_used=32737Kb free=87262Kb
 bounds [0x0000020f56200000, 0x0000020f58210000, 0x0000020f5d730000]
CodeHeap 'non-nmethods': size=5696Kb used=2336Kb max_used=2410Kb free=3359Kb
 bounds [0x0000020f55c70000, 0x0000020f55ee0000, 0x0000020f56200000]
 total_blobs=15526 nmethods=14572 adapters=864
 compilation: enabled
              stopped_count=0, restarted_count=0
 full_count=0

Compilation events (20 events):
Event: 1209.414 Thread 0x0000020f6bd8c000 16427       3       org.apache.xerces.impl.XMLVersionDetector::reset (72 bytes)
Event: 1209.414 Thread 0x0000020f6bd8c000 nmethod 16427 0x0000020f581f4510 code [0x0000020f581f4720, 0x0000020f581f4f48]
Event: 1209.426 Thread 0x0000020f6bd8c000 16428       3       java.lang.StringUTF16::putCharsSB (21 bytes)
Event: 1209.427 Thread 0x0000020f6bd8c000 nmethod 16428 0x0000020f581f5110 code [0x0000020f581f5300, 0x0000020f581f5668]
Event: 1209.435 Thread 0x0000020f6bd8c000 16429   !   3       java.lang.ref.Finalizer::runFinalizer (117 bytes)
Event: 1209.437 Thread 0x0000020f6bd8c000 nmethod 16429 0x0000020f581f5890 code [0x0000020f581f5ac0, 0x0000020f581f64a8]
Event: 1209.437 Thread 0x0000020f6bd8c000 16430       3       java.lang.System$2::invokeFinalize (5 bytes)
Event: 1209.438 Thread 0x0000020f6bd8c000 nmethod 16430 0x0000020f581f6790 code [0x0000020f581f6940, 0x0000020f581f6b08]
Event: 1209.438 Thread 0x0000020f6bd8c000 16431       3       java.util.zip.ZipFile$CleanableResource$FinalizableResource::finalize (8 bytes)
Event: 1209.439 Thread 0x0000020f6bd8c000 nmethod 16431 0x0000020f581f6c10 code [0x0000020f581f6dc0, 0x0000020f581f6f88]
Event: 1209.448 Thread 0x0000020f6bd8c000 16432       3       java.util.EnumMap::put (10 bytes)
Event: 1209.449 Thread 0x0000020f6bd8c000 nmethod 16432 0x0000020f581f7090 code [0x0000020f581f7260, 0x0000020f581f7488]
Event: 1209.465 Thread 0x0000020f6bd8c000 16434   !   3       org.apache.xerces.parsers.AbstractSAXParser::setProperty (328 bytes)
Event: 1209.469 Thread 0x0000020f6bd8c000 nmethod 16434 0x0000020f581f7590 code [0x0000020f581f7ae0, 0x0000020f581fac18]
Event: 1209.469 Thread 0x0000020f6bd8c000 16435   !   3       org.apache.xerces.parsers.AbstractSAXParser::setErrorHandler (61 bytes)
Event: 1209.469 Thread 0x0000020f6bd8c000 nmethod 16435 0x0000020f581fbf10 code [0x0000020f581fc180, 0x0000020f581fcd98]
Event: 1209.473 Thread 0x0000020f6bd8c000 16436  s    3       org.apache.xerces.jaxp.SAXParserImpl$JAXPSAXParser::setProperty (391 bytes)
Event: 1209.476 Thread 0x0000020f6bd8c000 nmethod 16436 0x0000020f581fd210 code [0x0000020f581fd6e0, 0x0000020f581ffc38]
Event: 1209.488 Thread 0x0000020f6bd8c000 16437       3       com.android.ide.common.resources.ValueResourceParser2::getType (62 bytes)
Event: 1209.489 Thread 0x0000020f6bd8c000 nmethod 16437 0x0000020f58200690 code [0x0000020f582009c0, 0x0000020f58201b88]

GC Heap History (20 events):
Event: 1205.353 GC heap before
{Heap before GC invocations=75 (full 0):
 garbage-first heap   total 189440K, used 147153K [0x0000000080000000, 0x0000000100000000)
  region size 1024K, 9 young (9216K), 1 survivors (1024K)
 Metaspace       used 112395K, capacity 115225K, committed 115532K, reserved 1150976K
  class space    used 13934K, capacity 14931K, committed 15000K, reserved 1048576K
}
Event: 1205.358 GC heap after
{Heap after GC invocations=76 (full 0):
 garbage-first heap   total 189440K, used 137933K [0x0000000080000000, 0x0000000100000000)
  region size 1024K, 1 young (1024K), 1 survivors (1024K)
 Metaspace       used 112395K, capacity 115225K, committed 115532K, reserved 1150976K
  class space    used 13934K, capacity 14931K, committed 15000K, reserved 1048576K
}
Event: 1205.547 GC heap before
{Heap before GC invocations=76 (full 0):
 garbage-first heap   total 189440K, used 158413K [0x0000000080000000, 0x0000000100000000)
  region size 1024K, 21 young (21504K), 1 survivors (1024K)
 Metaspace       used 112399K, capacity 115225K, committed 115532K, reserved 1150976K
  class space    used 13934K, capacity 14931K, committed 15000K, reserved 1048576K
}
Event: 1205.550 GC heap after
{Heap after GC invocations=77 (full 0):
 garbage-first heap   total 189440K, used 137911K [0x0000000080000000, 0x0000000100000000)
  region size 1024K, 1 young (1024K), 1 survivors (1024K)
 Metaspace       used 112399K, capacity 115225K, committed 115532K, reserved 1150976K
  class space    used 13934K, capacity 14931K, committed 15000K, reserved 1048576K
}
Event: 1205.936 GC heap before
{Heap before GC invocations=77 (full 0):
 garbage-first heap   total 189440K, used 159415K [0x0000000080000000, 0x0000000100000000)
  region size 1024K, 22 young (22528K), 1 survivors (1024K)
 Metaspace       used 112402K, capacity 115225K, committed 115532K, reserved 1150976K
  class space    used 13935K, capacity 14931K, committed 15000K, reserved 1048576K
}
Event: 1205.938 GC heap after
{Heap after GC invocations=78 (full 0):
 garbage-first heap   total 189440K, used 137977K [0x0000000080000000, 0x0000000100000000)
  region size 1024K, 1 young (1024K), 1 survivors (1024K)
 Metaspace       used 112402K, capacity 115225K, committed 115532K, reserved 1150976K
  class space    used 13935K, capacity 14931K, committed 15000K, reserved 1048576K
}
Event: 1206.195 GC heap before
{Heap before GC invocations=79 (full 0):
 garbage-first heap   total 189440K, used 161529K [0x0000000080000000, 0x0000000100000000)
  region size 1024K, 24 young (24576K), 1 survivors (1024K)
 Metaspace       used 112405K, capacity 115226K, committed 115532K, reserved 1150976K
  class space    used 13935K, capacity 14931K, committed 15000K, reserved 1048576K
}
Event: 1206.196 GC heap after
{Heap after GC invocations=80 (full 0):
 garbage-first heap   total 189440K, used 137982K [0x0000000080000000, 0x0000000100000000)
  region size 1024K, 1 young (1024K), 1 survivors (1024K)
 Metaspace       used 112405K, capacity 115226K, committed 115532K, reserved 1150976K
  class space    used 13935K, capacity 14931K, committed 15000K, reserved 1048576K
}
Event: 1206.228 GC heap before
{Heap before GC invocations=80 (full 0):
 garbage-first heap   total 189440K, used 146174K [0x0000000080000000, 0x0000000100000000)
  region size 1024K, 9 young (9216K), 1 survivors (1024K)
 Metaspace       used 112413K, capacity 115226K, committed 115532K, reserved 1150976K
  class space    used 13935K, capacity 14931K, committed 15000K, reserved 1048576K
}
Event: 1206.231 GC heap after
{Heap after GC invocations=81 (full 0):
 garbage-first heap   total 189440K, used 137416K [0x0000000080000000, 0x0000000100000000)
  region size 1024K, 1 young (1024K), 1 survivors (1024K)
 Metaspace       used 112413K, capacity 115226K, committed 115532K, reserved 1150976K
  class space    used 13935K, capacity 14931K, committed 15000K, reserved 1048576K
}
Event: 1206.404 GC heap before
{Heap before GC invocations=81 (full 0):
 garbage-first heap   total 189440K, used 161992K [0x0000000080000000, 0x0000000100000000)
  region size 1024K, 25 young (25600K), 1 survivors (1024K)
 Metaspace       used 112413K, capacity 115226K, committed 115532K, reserved 1150976K
  class space    used 13935K, capacity 14931K, committed 15000K, reserved 1048576K
}
Event: 1206.406 GC heap after
{Heap after GC invocations=82 (full 0):
 garbage-first heap   total 189440K, used 137445K [0x0000000080000000, 0x0000000100000000)
  region size 1024K, 1 young (1024K), 1 survivors (1024K)
 Metaspace       used 112413K, capacity 115226K, committed 115532K, reserved 1150976K
  class space    used 13935K, capacity 14931K, committed 15000K, reserved 1048576K
}
Event: 1206.603 GC heap before
{Heap before GC invocations=82 (full 0):
 garbage-first heap   total 189440K, used 163045K [0x0000000080000000, 0x0000000100000000)
  region size 1024K, 26 young (26624K), 1 survivors (1024K)
 Metaspace       used 112416K, capacity 115227K, committed 115532K, reserved 1150976K
  class space    used 13935K, capacity 14931K, committed 15000K, reserved 1048576K
}
Event: 1206.605 GC heap after
{Heap after GC invocations=83 (full 0):
 garbage-first heap   total 189440K, used 137504K [0x0000000080000000, 0x0000000100000000)
  region size 1024K, 1 young (1024K), 1 survivors (1024K)
 Metaspace       used 112416K, capacity 115227K, committed 115532K, reserved 1150976K
  class space    used 13935K, capacity 14931K, committed 15000K, reserved 1048576K
}
Event: 1207.665 GC heap before
{Heap before GC invocations=84 (full 0):
 garbage-first heap   total 189440K, used 164128K [0x0000000080000000, 0x0000000100000000)
  region size 1024K, 27 young (27648K), 1 survivors (1024K)
 Metaspace       used 112686K, capacity 115476K, committed 115532K, reserved 1150976K
  class space    used 13958K, capacity 14968K, committed 15000K, reserved 1048576K
}
Event: 1207.672 GC heap after
{Heap after GC invocations=85 (full 0):
 garbage-first heap   total 189440K, used 137804K [0x0000000080000000, 0x0000000100000000)
  region size 1024K, 1 young (1024K), 1 survivors (1024K)
 Metaspace       used 112686K, capacity 115476K, committed 115532K, reserved 1150976K
  class space    used 13958K, capacity 14968K, committed 15000K, reserved 1048576K
}
Event: 1208.690 GC heap before
{Heap before GC invocations=85 (full 0):
 garbage-first heap   total 189440K, used 164428K [0x0000000080000000, 0x0000000100000000)
  region size 1024K, 27 young (27648K), 1 survivors (1024K)
 Metaspace       used 112911K, capacity 115738K, committed 115788K, reserved 1150976K
  class space    used 13959K, capacity 14969K, committed 15000K, reserved 1048576K
}
Event: 1208.696 GC heap after
{Heap after GC invocations=86 (full 0):
 garbage-first heap   total 189440K, used 138454K [0x0000000080000000, 0x0000000100000000)
  region size 1024K, 2 young (2048K), 2 survivors (2048K)
 Metaspace       used 112911K, capacity 115738K, committed 115788K, reserved 1150976K
  class space    used 13959K, capacity 14969K, committed 15000K, reserved 1048576K
}
Event: 1209.430 GC heap before
{Heap before GC invocations=87 (full 0):
 garbage-first heap   total 189440K, used 163030K [0x0000000080000000, 0x0000000100000000)
  region size 1024K, 27 young (27648K), 2 survivors (2048K)
 Metaspace       used 112954K, capacity 115741K, committed 115788K, reserved 1150976K
  class space    used 13959K, capacity 14969K, committed 15000K, reserved 1048576K
}
Event: 1209.435 GC heap after
{Heap after GC invocations=88 (full 0):
 garbage-first heap   total 189440K, used 138996K [0x0000000080000000, 0x0000000100000000)
  region size 1024K, 2 young (2048K), 2 survivors (2048K)
 Metaspace       used 112954K, capacity 115741K, committed 115788K, reserved 1150976K
  class space    used 13959K, capacity 14969K, committed 15000K, reserved 1048576K
}

Deoptimization events (20 events):
Event: 1207.653 Thread 0x0000020f71b9c800 DEOPT PACKING pc=0x0000020f5d744f98 sp=0x00000036b9afa4c0
Event: 1207.653 Thread 0x0000020f71b9c800 DEOPT UNPACKING pc=0x0000020f55c974af sp=0x00000036b9afa458 mode 2
Event: 1207.690 Thread 0x0000020f71b9c800 Uncommon trap: trap_request=0xffffff4d fr.pc=0x0000020f5dca21b4 relative=0x0000000000000e74
Event: 1207.690 Thread 0x0000020f71b9c800 Uncommon trap: reason=unstable_if action=reinterpret pc=0x0000020f5dca21b4 method=java.lang.StringCoding.decodeUTF8([BIIZ)Ljava/lang/StringCoding$Result; @ 12 c2
Event: 1207.690 Thread 0x0000020f71b9c800 DEOPT PACKING pc=0x0000020f5dca21b4 sp=0x00000036b9afa8a0
Event: 1207.690 Thread 0x0000020f71b9c800 DEOPT UNPACKING pc=0x0000020f55c974af sp=0x00000036b9afa810 mode 2
Event: 1207.746 Thread 0x0000020f71b9c800 DEOPT PACKING pc=0x0000020f5623cb3c sp=0x00000036b9afa3e0
Event: 1207.746 Thread 0x0000020f71b9c800 DEOPT UNPACKING pc=0x0000020f55c972ce sp=0x00000036b9af9840 mode 0
Event: 1207.748 Thread 0x0000020f71b9c800 Uncommon trap: trap_request=0xffffff4d fr.pc=0x0000020f5da272ac relative=0x000000000000054c
Event: 1207.748 Thread 0x0000020f71b9c800 Uncommon trap: reason=unstable_if action=reinterpret pc=0x0000020f5da272ac method=java.lang.StringCoding.decodeUTF8([BIIZ)Ljava/lang/StringCoding$Result; @ 12 c2
Event: 1207.748 Thread 0x0000020f71b9c800 DEOPT PACKING pc=0x0000020f5da272ac sp=0x00000036b9afa830
Event: 1207.748 Thread 0x0000020f71b9c800 DEOPT UNPACKING pc=0x0000020f55c974af sp=0x00000036b9afa810 mode 2
Event: 1207.795 Thread 0x0000020f71b9c800 DEOPT PACKING pc=0x0000020f56c4475f sp=0x00000036b9af7060
Event: 1207.795 Thread 0x0000020f71b9c800 DEOPT UNPACKING pc=0x0000020f55c972ce sp=0x00000036b9af64e8 mode 0
Event: 1208.301 Thread 0x0000020f71b9c800 DEOPT PACKING pc=0x0000020f580bbb1e sp=0x00000036b9afa290
Event: 1208.301 Thread 0x0000020f71b9c800 DEOPT UNPACKING pc=0x0000020f55c972ce sp=0x00000036b9af97d0 mode 0
Event: 1208.674 Thread 0x0000020f71b9c800 Uncommon trap: trap_request=0xffffff4d fr.pc=0x0000020f5e289f18 relative=0x0000000000001eb8
Event: 1208.674 Thread 0x0000020f71b9c800 Uncommon trap: reason=unstable_if action=reinterpret pc=0x0000020f5e289f18 method=org.apache.xerces.impl.XMLNSDocumentScannerImpl.scanAttribute(Lorg/apache/xerces/util/XMLAttributesImpl;)V @ 268 c2
Event: 1208.674 Thread 0x0000020f71b9c800 DEOPT PACKING pc=0x0000020f5e289f18 sp=0x00000036b9afa2c0
Event: 1208.674 Thread 0x0000020f71b9c800 DEOPT UNPACKING pc=0x0000020f55c974af sp=0x00000036b9afa298 mode 2

Classes redefined (0 events):
No events

Internal exceptions (20 events):
Event: 1199.950 Thread 0x0000020f6ee51800 Exception <a 'java/lang/NoSuchMethodError'{0x000000008b521778}: <clinit>> (0x000000008b521778) thrown at [./src/hotspot/share/prims/jni.cpp, line 1362]
Event: 1199.950 Thread 0x0000020f6ee51800 Exception <a 'java/lang/NoSuchMethodError'{0x000000008b5243b0}: <clinit>> (0x000000008b5243b0) thrown at [./src/hotspot/share/prims/jni.cpp, line 1362]
Event: 1199.950 Thread 0x0000020f6ee51800 Exception <a 'java/lang/NoSuchMethodError'{0x000000008b525918}: <clinit>> (0x000000008b525918) thrown at [./src/hotspot/share/prims/jni.cpp, line 1362]
Event: 1199.950 Thread 0x0000020f6ee51800 Exception <a 'java/lang/NoSuchMethodError'{0x000000008b526b78}: <clinit>> (0x000000008b526b78) thrown at [./src/hotspot/share/prims/jni.cpp, line 1362]
Event: 1199.950 Thread 0x0000020f6ee51800 Exception <a 'java/lang/NoSuchMethodError'{0x000000008b5313e0}: <clinit>> (0x000000008b5313e0) thrown at [./src/hotspot/share/prims/jni.cpp, line 1362]
Event: 1199.951 Thread 0x0000020f6ee51800 Exception <a 'java/lang/NoSuchMethodError'{0x000000008b53c2a0}: <clinit>> (0x000000008b53c2a0) thrown at [./src/hotspot/share/prims/jni.cpp, line 1362]
Event: 1199.954 Thread 0x0000020f6ee51800 Exception <a 'java/lang/NoSuchMethodError'{0x000000008b551d88}: <clinit>> (0x000000008b551d88) thrown at [./src/hotspot/share/prims/jni.cpp, line 1362]
Event: 1200.318 Thread 0x0000020f6ee4b000 Exception <a 'sun/nio/fs/WindowsException'{0x000000008b37cd18}> (0x000000008b37cd18) thrown at [./src/hotspot/share/prims/jni.cpp, line 615]
Event: 1200.599 Thread 0x0000020f6ee4b000 Exception <a 'java/lang/NoSuchMethodError'{0x000000008ab94518}: <clinit>> (0x000000008ab94518) thrown at [./src/hotspot/share/prims/jni.cpp, line 1362]
Event: 1200.678 Thread 0x0000020f6ee51800 Exception <a 'java/lang/NoSuchMethodError'{0x000000008b80a320}: <clinit>> (0x000000008b80a320) thrown at [./src/hotspot/share/prims/jni.cpp, line 1362]
Event: 1200.679 Thread 0x0000020f6ee51800 Exception <a 'java/lang/NoSuchMethodError'{0x000000008a9841f0}: <clinit>> (0x000000008a9841f0) thrown at [./src/hotspot/share/prims/jni.cpp, line 1362]
Event: 1200.682 Thread 0x0000020f6ee51800 Exception <a 'java/lang/NoSuchMethodError'{0x000000008a9930b0}: <clinit>> (0x000000008a9930b0) thrown at [./src/hotspot/share/prims/jni.cpp, line 1362]
Event: 1200.685 Thread 0x0000020f6ee4b000 Exception <a 'java/lang/NoSuchMethodError'{0x000000008a972768}: 'java.lang.Object java.lang.invoke.Invokers$Holder.linkToTargetMethod(java.lang.Object, java.lang.Object, java.lang.Object, java.lang.Object, java.lang.Object, java.lang.Object, java.lang.Object, java.lang.Object)'> (0x000000008a972768) thrown at [./src/hotspot/share/interpreter/linkResolver.cpp, line 773]
Event: 1200.685 Thread 0x0000020f6ee51800 Exception <a 'java/lang/NoSuchMethodError'{0x000000008a9a31b0}: <clinit>> (0x000000008a9a31b0) thrown at [./src/hotspot/share/prims/jni.cpp, line 1362]
Event: 1200.685 Thread 0x0000020f6ee51800 Exception <a 'java/lang/NoSuchMethodError'{0x000000008a9ad590}: <clinit>> (0x000000008a9ad590) thrown at [./src/hotspot/share/prims/jni.cpp, line 1362]
Event: 1200.711 Thread 0x0000020f71b99800 Exception <a 'java/lang/NoSuchMethodError'{0x000000008a784d28}: <clinit>> (0x000000008a784d28) thrown at [./src/hotspot/share/prims/jni.cpp, line 1362]
Event: 1200.713 Thread 0x0000020f71b99800 Exception <a 'java/lang/NoSuchMethodError'{0x000000008a7c6d80}: <clinit>> (0x000000008a7c6d80) thrown at [./src/hotspot/share/prims/jni.cpp, line 1362]
Event: 1200.747 Thread 0x0000020f6ee51800 Exception <a 'java/lang/NoSuchMethodError'{0x000000008a5d0638}: <clinit>> (0x000000008a5d0638) thrown at [./src/hotspot/share/prims/jni.cpp, line 1362]
Event: 1202.997 Thread 0x0000020f6ee4b000 Exception <a 'java/lang/NoSuchMethodError'{0x000000008a2fe8d0}: <clinit>> (0x000000008a2fe8d0) thrown at [./src/hotspot/share/prims/jni.cpp, line 1362]
Event: 1203.059 Thread 0x0000020f6ee51800 Exception <a 'java/lang/NoSuchMethodError'{0x000000008a0c8af0}: <clinit>> (0x000000008a0c8af0) thrown at [./src/hotspot/share/prims/jni.cpp, line 1362]

Events (20 events):
Event: 1207.495 loading class org/apache/xerces/impl/ExternalSubsetResolver
Event: 1207.495 loading class org/apache/xerces/impl/ExternalSubsetResolver done
Event: 1207.496 loading class org/apache/xerces/util/ErrorHandlerWrapper
Event: 1207.496 loading class org/apache/xerces/util/ErrorHandlerWrapper done
Event: 1207.498 loading class org/apache/xerces/parsers/AbstractSAXParser$LocatorProxy
Event: 1207.498 loading class org/apache/xerces/parsers/AbstractSAXParser$LocatorProxy done
Event: 1207.499 loading class com/android/utils/PositionXmlParser$Position
Event: 1207.499 loading class com/android/utils/PositionXmlParser$Position done
Event: 1207.562 Thread 0x0000020f6d4e8800 Thread added: 0x0000020f6d4e8800
Event: 1207.665 Executing VM operation: G1CollectForAllocation
Event: 1207.672 Executing VM operation: G1CollectForAllocation done
Event: 1208.690 Executing VM operation: G1CollectForAllocation
Event: 1208.696 Executing VM operation: G1CollectForAllocation done
Event: 1209.018 Executing VM operation: CGC_Operation
Event: 1209.035 Executing VM operation: CGC_Operation done
Event: 1209.066 Thread 0x0000020f6d4e8800 Thread exited: 0x0000020f6d4e8800
Event: 1209.213 Executing VM operation: CGC_Operation
Event: 1209.214 Executing VM operation: CGC_Operation done
Event: 1209.430 Executing VM operation: G1CollectForAllocation
Event: 1209.435 Executing VM operation: G1CollectForAllocation done


Dynamic libraries:
0x00007ff6611d0000 - 0x00007ff6611da000 	E:\Program Files\Android\Android Studio\jre\bin\java.exe
0x00007fffd1d40000 - 0x00007fffd1f30000 	C:\Windows\SYSTEM32\ntdll.dll
0x00007fffbf460000 - 0x00007fffbf494000 	C:\Program Files\AVAST Software\Avast\x64\aswhooka.dll
0x00007fffd04d0000 - 0x00007fffd0582000 	C:\Windows\System32\KERNEL32.DLL
0x00007fffcfb40000 - 0x00007fffcfde5000 	C:\Windows\System32\KERNELBASE.dll
0x00007fffcf160000 - 0x00007fffcf25a000 	C:\Windows\System32\ucrtbase.dll
0x00007fffcb090000 - 0x00007fffcb0a9000 	E:\Program Files\Android\Android Studio\jre\bin\jli.dll
0x00007fffd12c0000 - 0x00007fffd1454000 	C:\Windows\System32\USER32.dll
0x00007fffcee70000 - 0x00007fffcee91000 	C:\Windows\System32\win32u.dll
0x00007fffd0220000 - 0x00007fffd0246000 	C:\Windows\System32\GDI32.dll
0x00007fffcecd0000 - 0x00007fffcee66000 	C:\Windows\System32\gdi32full.dll
0x00007fffcf2c0000 - 0x00007fffcf35e000 	C:\Windows\System32\msvcp_win.dll
0x00007fffc8dd0000 - 0x00007fffc8de7000 	E:\Program Files\Android\Android Studio\jre\bin\VCRUNTIME140.dll
0x00007fffbdb50000 - 0x00007fffbddd4000 	C:\Windows\WinSxS\amd64_microsoft.windows.common-controls_6595b64144ccf1df_6.0.18362.1256_none_9e7e379be45e40e2\COMCTL32.dll
0x00007fffd0040000 - 0x00007fffd00de000 	C:\Windows\System32\msvcrt.dll
0x00007fffd19c0000 - 0x00007fffd1cf6000 	C:\Windows\System32\combase.dll
0x00007fffd02d0000 - 0x00007fffd03f0000 	C:\Windows\System32\RPCRT4.dll
0x00007fffcf020000 - 0x00007fffcf0a1000 	C:\Windows\System32\bcryptPrimitives.dll
0x00007fffd0010000 - 0x00007fffd003e000 	C:\Windows\System32\IMM32.DLL
0x00007fffc8be0000 - 0x00007fffc8c7d000 	E:\Program Files\Android\Android Studio\jre\bin\msvcp140.dll
0x00007fff66df0000 - 0x00007fff678ac000 	E:\Program Files\Android\Android Studio\jre\bin\server\jvm.dll
0x00007fffd15e0000 - 0x00007fffd1683000 	C:\Windows\System32\ADVAPI32.dll
0x00007fffd1920000 - 0x00007fffd19b7000 	C:\Windows\System32\sechost.dll
0x00007fffcff30000 - 0x00007fffcff38000 	C:\Windows\System32\PSAPI.DLL
0x00007fffa9160000 - 0x00007fffa9169000 	C:\Windows\SYSTEM32\WSOCK32.dll
0x00007fffd0460000 - 0x00007fffd04cf000 	C:\Windows\System32\WS2_32.dll
0x00007fffcc350000 - 0x00007fffcc374000 	C:\Windows\SYSTEM32\WINMM.dll
0x00007fffc7320000 - 0x00007fffc732a000 	C:\Windows\SYSTEM32\VERSION.dll
0x00007fffcc320000 - 0x00007fffcc34d000 	C:\Windows\SYSTEM32\WINMMBASE.dll
0x00007fffcf360000 - 0x00007fffcf3aa000 	C:\Windows\System32\cfgmgr32.dll
0x00007fffcec70000 - 0x00007fffcec81000 	C:\Windows\System32\kernel.appcore.dll
0x00007fff6ea40000 - 0x00007fff6ea51000 	E:\Program Files\Android\Android Studio\jre\bin\verify.dll
0x00007fffcd480000 - 0x00007fffcd674000 	C:\Windows\SYSTEM32\DBGHELP.DLL
0x00007fffbb910000 - 0x00007fffbb93a000 	C:\Windows\SYSTEM32\dbgcore.DLL
0x00007fff6d470000 - 0x00007fff6d499000 	E:\Program Files\Android\Android Studio\jre\bin\java.dll
0x00007fff6efc0000 - 0x00007fff6efcb000 	E:\Program Files\Android\Android Studio\jre\bin\jimage.dll
0x00007fff6d450000 - 0x00007fff6d468000 	E:\Program Files\Android\Android Studio\jre\bin\zip.dll
0x00007fffd05b0000 - 0x00007fffd0c97000 	C:\Windows\System32\SHELL32.dll
0x00007fffd1690000 - 0x00007fffd1739000 	C:\Windows\System32\shcore.dll
0x00007fffcf3b0000 - 0x00007fffcfb31000 	C:\Windows\System32\windows.storage.dll
0x00007fffcebf0000 - 0x00007fffcec13000 	C:\Windows\System32\profapi.dll
0x00007fffcec20000 - 0x00007fffcec6a000 	C:\Windows\System32\powrprof.dll
0x00007fffcebe0000 - 0x00007fffcebf0000 	C:\Windows\System32\UMPDC.dll
0x00007fffcfed0000 - 0x00007fffcff22000 	C:\Windows\System32\shlwapi.dll
0x00007fffcecb0000 - 0x00007fffcecc7000 	C:\Windows\System32\cryptsp.dll
0x00007fff6d430000 - 0x00007fff6d44a000 	E:\Program Files\Android\Android Studio\jre\bin\net.dll
0x00007fffbe020000 - 0x00007fffbe110000 	C:\Windows\SYSTEM32\WINHTTP.dll
0x00007fffce430000 - 0x00007fffce497000 	C:\Windows\system32\mswsock.dll
0x00007fff6d410000 - 0x00007fff6d424000 	E:\Program Files\Android\Android Studio\jre\bin\nio.dll
0x00007fff6ebb0000 - 0x00007fff6ebd7000 	C:\Users\hp\.gradle\native\fdc75f09e3144964f2cf3f50f0aa648679c211496f362492102eb8c894070792\windows-amd64\native-platform.dll
0x00007fff5fd60000 - 0x00007fff5fef6000 	C:\Users\hp\.gradle\native\12488b8bf47d2d4c9fbf2f6322a914ad602e24e48041cd04a747c6da556b65c4\windows-amd64\native-platform-file-events.dll
0x00007fff6eed0000 - 0x00007fff6eeda000 	E:\Program Files\Android\Android Studio\jre\bin\management.dll
0x00007fff6ec70000 - 0x00007fff6ec7c000 	E:\Program Files\Android\Android Studio\jre\bin\management_ext.dll
0x00007fffcdf40000 - 0x00007fffcdf73000 	C:\Windows\system32\rsaenh.dll
0x00007fffceff0000 - 0x00007fffcf016000 	C:\Windows\System32\bcrypt.dll
0x00007fffceb00000 - 0x00007fffceb25000 	C:\Windows\SYSTEM32\USERENV.dll
0x00007fffce600000 - 0x00007fffce60c000 	C:\Windows\SYSTEM32\CRYPTBASE.dll
0x00007fffce140000 - 0x00007fffce17a000 	C:\Windows\SYSTEM32\IPHLPAPI.DLL
0x00007fffcfec0000 - 0x00007fffcfec8000 	C:\Windows\System32\NSI.dll
0x00007fffc0390000 - 0x00007fffc03a6000 	C:\Windows\SYSTEM32\dhcpcsvc6.DLL
0x00007fffc0570000 - 0x00007fffc058c000 	C:\Windows\SYSTEM32\dhcpcsvc.DLL
0x00007fffce180000 - 0x00007fffce24b000 	C:\Windows\SYSTEM32\DNSAPI.dll
0x00007fffc42e0000 - 0x00007fffc42eb000 	C:\Windows\SYSTEM32\WINNSI.DLL
0x00007fffb5080000 - 0x00007fffb50a7000 	E:\Program Files\Android\Android Studio\jre\bin\sunec.dll
0x00007fffbd8c0000 - 0x00007fffbd8ca000 	C:\Windows\System32\rasadhlp.dll
0x00007fffc0200000 - 0x00007fffc0277000 	C:\Windows\System32\fwpuclnt.dll
0x00007fffcdc20000 - 0x00007fffcdc51000 	C:\Windows\SYSTEM32\ntmarta.dll

dbghelp: loaded successfully - version: 4.0.5 - missing functions: none
symbol engine: initialized successfully - sym options: 0x614 - pdb path: .;E:\Program Files\Android\Android Studio\jre\bin;C:\Windows\SYSTEM32;C:\Program Files\AVAST Software\Avast\x64;C:\Windows\WinSxS\amd64_microsoft.windows.common-controls_6595b64144ccf1df_6.0.18362.1256_none_9e7e379be45e40e2;E:\Program Files\Android\Android Studio\jre\bin\server;C:\Users\hp\.gradle\native\fdc75f09e3144964f2cf3f50f0aa648679c211496f362492102eb8c894070792\windows-amd64;C:\Users\hp\.gradle\native\12488b8bf47d2d4c9fbf2f6322a914ad602e24e48041cd04a747c6da556b65c4\windows-amd64

VM Arguments:
jvm_args: --add-opens=java.base/java.util=ALL-UNNAMED --add-opens=java.base/java.lang=ALL-UNNAMED --add-opens=java.base/java.lang.invoke=ALL-UNNAMED --add-opens=java.prefs/java.util.prefs=ALL-UNNAMED -Xmx2048m -Dfile.encoding=UTF-8 -Duser.country=US -Duser.language=en -Duser.variant 
java_command: org.gradle.launcher.daemon.bootstrap.GradleDaemon 6.7.1
java_class_path (initial): C:\Users\hp\.gradle\wrapper\dists\gradle-6.7.1-bin\bwlcbys1h7rz3272sye1xwiv6\gradle-6.7.1\lib\gradle-launcher-6.7.1.jar
Launcher Type: SUN_STANDARD

[Global flags]
     intx CICompilerCount                          = 3                                         {product} {ergonomic}
     uint ConcGCThreads                            = 1                                         {product} {ergonomic}
     uint G1ConcRefinementThreads                  = 4                                         {product} {ergonomic}
   size_t G1HeapRegionSize                         = 1048576                                   {product} {ergonomic}
    uintx GCDrainStackTargetSize                   = 64                                        {product} {ergonomic}
   size_t InitialHeapSize                          = 134217728                                 {product} {ergonomic}
   size_t MarkStackSize                            = 4194304                                   {product} {ergonomic}
   size_t MaxHeapSize                              = 2147483648                                {product} {command line}
   size_t MaxNewSize                               = 1287651328                                {product} {ergonomic}
   size_t MinHeapDeltaBytes                        = 1048576                                   {product} {ergonomic}
    uintx NonNMethodCodeHeapSize                   = 5830732                                {pd product} {ergonomic}
    uintx NonProfiledCodeHeapSize                  = 122913754                              {pd product} {ergonomic}
    uintx ProfiledCodeHeapSize                     = 122913754                              {pd product} {ergonomic}
    uintx ReservedCodeCacheSize                    = 251658240                              {pd product} {ergonomic}
     bool SegmentedCodeCache                       = true                                      {product} {ergonomic}
     bool UseCompressedClassPointers               = true                                 {lp64_product} {ergonomic}
     bool UseCompressedOops                        = true                                 {lp64_product} {ergonomic}
     bool UseG1GC                                  = true                                      {product} {ergonomic}
     bool UseLargePagesIndividualAllocation        = false                                  {pd product} {ergonomic}

Logging:
Log output configuration:
 #0: stdout all=warning uptime,level,tags
 #1: stderr all=off uptime,level,tags

Environment Variables:
JAVA_HOME=C:\Program Files\Java\jdk-17.0.1
PATH=C:\ffmpeg\bin;C:\Program Files\Common Files\Oracle\Java\javapath;C:\Python310\Scripts\;C:\Python310\;C:\ProgramData\Oracle\Java\javapath;C:\Windows\system32;C:\Windows;C:\Windows\System32\Wbem;C:\Windows\System32\WindowsPowerShell\v1.0\;C:\Windows\System32\OpenSSH\;C:\Program Files\Java\jdk-17\bin;C:\Program Files\Microsoft SQL Server\Client SDK\ODBC\110\Tools\Binn\;C:\Program Files\Microsoft SQL Server\Client SDK\ODBC\170\Tools\Binn\;C:\ProgramData\chocolatey\bin;C:\Program Files\Java\jdk-17.0.1\bin;C:\Program Files\Azure Data Studio\bin;C:\Program Files\dotnet\;C:\Program Files\Git\cmd;C:\Program Files\nodejs\;C:\Users\hp\AppData\Local\Microsoft\WindowsApps;D:\Microsoft VS Code\bin;C:\Users\hp\AppData\Local\Android\Sdk\platform-tools;C:\Users\hp\AppData\Local\Microsoft\WindowsApps;D:\Microsoft VS Code\bin;C:\Program Files\Azure Data Studio\bin;C:\Users\hp\AppData\Local\Android\Sdk\platform-tools;;C:\Users\hp\AppData\Local\Programs\Microsoft VS Code\bin;C:\Users\hp\.dotnet\tools;C:\Users\hp\AppData\Roaming\npm
USERNAME=hp
OS=Windows_NT
PROCESSOR_IDENTIFIER=Intel64 Family 6 Model 142 Stepping 9, GenuineIntel



---------------  S Y S T E M  ---------------

OS: Windows 10 , 64 bit Build 18362 (10.0.18362.1110)
OS uptime: 0 days 0:51 hours

CPU:total 4 (initial active 4) (2 cores per cpu, 2 threads per core) family 6 model 142 stepping 9, cmov, cx8, fxsr, mmx, sse, sse2, sse3, ssse3, sse4.1, sse4.2, popcnt, avx, avx2, aes, clmul, erms, 3dnowpref, lzcnt, ht, tsc, tscinvbit, bmi1, bmi2, adx, fma

Memory: 4k page, system-wide physical 8078M (410M free)
TotalPageFile size 8078M (AvailPageFile size 1M)
current process WorkingSet (physical memory assigned to process): 495M, peak: 508M
current process commit charge ("private bytes"): 528M, peak: 541M

vm_info: OpenJDK 64-Bit Server VM (11.0.8+10-b944.6842174) for windows-amd64 JRE (11.0.8+10-b944.6842174), built on Sep 19 2020 01:11:42 by "builder" with MS VC++ 14.0 (VS2015)

END.
