#
# There is insufficient memory for the Java Runtime Environment to continue.
# Native memory allocation (malloc) failed to allocate 1042656 bytes for Chunk::new
# Possible reasons:
#   The system is out of physical RAM or swap space
#   The process is running with CompressedOops enabled, and the Java Heap may be blocking the growth of the native heap
# Possible solutions:
#   Reduce memory load on the system
#   Increase physical memory or swap space
#   Check if swap backing store is full
#   Decrease Java heap size (-Xmx/-Xms)
#   Decrease number of Java threads
#   Decrease Java thread stack sizes (-Xss)
#   Set larger code cache with -XX:ReservedCodeCacheSize=
#   JVM is running with Unscaled Compressed Oops mode in which the Java heap is
#     placed in the first 4GB address space. The Java Heap base address is the
#     maximum limit for the native heap growth. Please use -XX:HeapBaseMinAddress
#     to set the Java Heap base and to place the Java Heap above 4GB virtual address.
# This output file may be truncated or incomplete.
#
#  Out of Memory Error (./src/hotspot/share/memory/arena.cpp:197), pid=3536, tid=11140
#
# JRE version: OpenJDK Runtime Environment (11.0.8+10) (build 11.0.8+10-b944.6842174)
# Java VM: OpenJDK 64-Bit Server VM (11.0.8+10-b944.6842174, mixed mode, tiered, compressed oops, g1 gc, windows-amd64)
# No core dump will be written. Minidumps are not enabled by default on client versions of Windows
#

---------------  S U M M A R Y ------------

Command Line: --add-opens=java.base/java.util=ALL-UNNAMED --add-opens=java.base/java.lang=ALL-UNNAMED --add-opens=java.base/java.lang.invoke=ALL-UNNAMED --add-opens=java.prefs/java.util.prefs=ALL-UNNAMED -Xmx2048m -Dfile.encoding=UTF-8 -Duser.country=US -Duser.language=en -Duser.variant org.gradle.launcher.daemon.bootstrap.GradleDaemon 6.7.1

Host: Intel(R) Core(TM) i5-7200U CPU @ 2.50GHz, 4 cores, 7G,  Windows 10 , 64 bit Build 18362 (10.0.18362.1110)
Time: Fri Jun  3 12:49:43 2022 Morocco Daylight Time elapsed time: 1216 seconds (0d 0h 20m 16s)

---------------  T H R E A D  ---------------

Current thread (0x0000020f541f8000):  JavaThread "C2 CompilerThread0" daemon [_thread_in_native, id=11140, stack(0x000000b622000000,0x000000b622100000)]


Current CompileTask:
C2:1216267 20252   !   4       jdk.nio.zipfs.ZipFileSystem::buildNodeTree (285 bytes)

Stack: [0x000000b622000000,0x000000b622100000]
Native frames: (J=compiled Java code, j=interpreted, Vv=VM code, C=native code)
V  [jvm.dll+0x5de50a]
V  [jvm.dll+0x7122f5]
V  [jvm.dll+0x71384d]
V  [jvm.dll+0x713f03]
V  [jvm.dll+0x23e728]
V  [jvm.dll+0xb899c]
V  [jvm.dll+0xb8e9c]
V  [jvm.dll+0x2b20e4]
V  [jvm.dll+0x502098]
V  [jvm.dll+0x1ff393]
V  [jvm.dll+0x1f917c]
V  [jvm.dll+0x1f685f]
V  [jvm.dll+0x17f32c]
V  [jvm.dll+0x205047]
V  [jvm.dll+0x203891]
V  [jvm.dll+0x6dad3f]
V  [jvm.dll+0x6d3895]
V  [jvm.dll+0x5dd4a6]
C  [ucrtbase.dll+0x210b2]
C  [KERNEL32.DLL+0x17c24]
C  [ntdll.dll+0x6d4d1]


---------------  P R O C E S S  ---------------

Threads class SMR info:
_java_thread_list=0x0000020f56ae7f40, length=143, elements={
0x0000020f39e00000, 0x0000020f5387f000, 0x0000020f53880000, 0x0000020f541f5800,
0x0000020f541f6800, 0x0000020f541f8000, 0x0000020f541ff000, 0x0000020f54258000,
0x0000020f54338000, 0x0000020f54372800, 0x0000020f5576e800, 0x0000020f55a2e000,
0x0000020f55e38000, 0x0000020f56280000, 0x0000020f56281800, 0x0000020f5627f000,
0x0000020f56285000, 0x0000020f56b46000, 0x0000020f5978b000, 0x0000020f5978f000,
0x0000020f55bc1000, 0x0000020f56b42000, 0x0000020f56b48800, 0x0000020f56b43000,
0x0000020f56b49800, 0x0000020f56b48000, 0x0000020f56b43800, 0x0000020f56b44800,
0x0000020f56b4a000, 0x0000020f56b45800, 0x0000020f56b4d800, 0x0000020f56b50800,
0x0000020f56b4e800, 0x0000020f56b50000, 0x0000020f56b4b000, 0x0000020f56b4c000,
0x0000020f56b4c800, 0x0000020f59784000, 0x0000020f59785800, 0x0000020f59786000,
0x0000020f59781800, 0x0000020f59787000, 0x0000020f59783000, 0x0000020f59784800,
0x0000020f59788000, 0x0000020f59782000, 0x0000020f5978c000, 0x0000020f5978c800,
0x0000020f5978d800, 0x0000020f5978e800, 0x0000020f59789800, 0x0000020f59788800,
0x0000020f59790000, 0x0000020f5978a800, 0x0000020f55bc6000, 0x0000020f55bc1800,
0x0000020f55bc0000, 0x0000020f55bc3800, 0x0000020f55bc2800, 0x0000020f55bc6800,
0x0000020f55bca000, 0x0000020f55bc7800, 0x0000020f55bc5000, 0x0000020f55bc8800,
0x0000020f55bc9000, 0x0000020f55bc4000, 0x0000020f55bca800, 0x0000020f55bcb800,
0x0000020f55bcc800, 0x0000020f55bce000, 0x0000020f55bcd000, 0x0000020f56282800,
0x0000020f56283800, 0x0000020f56284000, 0x0000020f5627e800, 0x0000020f56281000,
0x0000020f5bca9000, 0x0000020f5bca7800, 0x0000020f5bcab000, 0x0000020f5bcab800,
0x0000020f5bca8800, 0x0000020f5bca6000, 0x0000020f5bcaa000, 0x0000020f5bcac800,
0x0000020f5bca6800, 0x0000020f5bcb1800, 0x0000020f5bcb2000, 0x0000020f5bcb0800,
0x0000020f5bcaf800, 0x0000020f5bcb3000, 0x0000020f5bcad000, 0x0000020f5bcaf000,
0x0000020f5bcae000, 0x0000020f5bcb4000, 0x0000020f5bcb4800, 0x0000020f596c2000,
0x0000020f596c4800, 0x0000020f596c3000, 0x0000020f596c3800, 0x0000020f596c5000,
0x0000020f596c1000, 0x0000020f596c6000, 0x0000020f596c0800, 0x0000020f596ca000,
0x0000020f596c8800, 0x0000020f596c7000, 0x0000020f596cc800, 0x0000020f596c9800,
0x0000020f596cb000, 0x0000020f596cd800, 0x0000020f596cb800, 0x0000020f596c7800,
0x0000020f596ce000, 0x0000020f596cf000, 0x0000020f5de0c800, 0x0000020f5de07000,
0x0000020f5de09800, 0x0000020f5de0a000, 0x0000020f5de0c000, 0x0000020f5de08000,
0x0000020f5de0b000, 0x0000020f5de0d800, 0x0000020f5de0e800, 0x0000020f5de08800,
0x0000020f5de14000, 0x0000020f5de11800, 0x0000020f5de15000, 0x0000020f5de13000,
0x0000020f5de0f000, 0x0000020f5de12800, 0x0000020f5de10000, 0x0000020f5de10800,
0x0000020f5de15800, 0x0000020f5a011800, 0x0000020f5a013000, 0x0000020f5a014000,
0x0000020f5a014800, 0x0000020f5a015800, 0x0000020f5a010000, 0x0000020f5a012800,
0x0000020f5a016800, 0x0000020f59e7e000, 0x0000020f59e7a800
}

Java Threads: ( => current thread )
  0x0000020f39e00000 JavaThread "main" [_thread_blocked, id=2296, stack(0x000000b621500000,0x000000b621600000)]
  0x0000020f5387f000 JavaThread "Reference Handler" daemon [_thread_blocked, id=4736, stack(0x000000b621c00000,0x000000b621d00000)]
  0x0000020f53880000 JavaThread "Finalizer" daemon [_thread_blocked, id=11160, stack(0x000000b621d00000,0x000000b621e00000)]
  0x0000020f541f5800 JavaThread "Signal Dispatcher" daemon [_thread_blocked, id=11148, stack(0x000000b621e00000,0x000000b621f00000)]
  0x0000020f541f6800 JavaThread "Attach Listener" daemon [_thread_blocked, id=11152, stack(0x000000b621f00000,0x000000b622000000)]
=>0x0000020f541f8000 JavaThread "C2 CompilerThread0" daemon [_thread_in_native, id=11140, stack(0x000000b622000000,0x000000b622100000)]
  0x0000020f541ff000 JavaThread "C1 CompilerThread0" daemon [_thread_blocked, id=3488, stack(0x000000b622100000,0x000000b622200000)]
  0x0000020f54258000 JavaThread "Sweeper thread" daemon [_thread_blocked, id=11144, stack(0x000000b622200000,0x000000b622300000)]
  0x0000020f54338000 JavaThread "Common-Cleaner" daemon [_thread_blocked, id=2384, stack(0x000000b622300000,0x000000b622400000)]
  0x0000020f54372800 JavaThread "Service Thread" daemon [_thread_blocked, id=10256, stack(0x000000b622400000,0x000000b622500000)]
  0x0000020f5576e800 JavaThread "Daemon health stats" [_thread_blocked, id=4068, stack(0x000000b622900000,0x000000b622a00000)]
  0x0000020f55a2e000 JavaThread "Incoming local TCP Connector on port 49903" [_thread_in_native, id=4636, stack(0x000000b622b00000,0x000000b622c00000)]
  0x0000020f55e38000 JavaThread "Daemon periodic checks" [_thread_blocked, id=8352, stack(0x000000b622c00000,0x000000b622d00000)]
  0x0000020f56280000 JavaThread "Cache worker for file hash cache (C:\Users\hp\.gradle\caches\6.7.1\fileHashes)" [_thread_blocked, id=4848, stack(0x000000b623500000,0x000000b623600000)]
  0x0000020f56281800 JavaThread "File lock request listener" [_thread_in_native, id=4844, stack(0x000000b623600000,0x000000b623700000)]
  0x0000020f5627f000 JavaThread "Cache worker for journal cache (C:\Users\hp\.gradle\caches\journal-1)" [_thread_blocked, id=1128, stack(0x000000b623700000,0x000000b623800000)]
  0x0000020f56285000 JavaThread "Cache worker for execution history cache (C:\Users\hp\.gradle\caches\6.7.1\executionHistory)" [_thread_blocked, id=6100, stack(0x000000b623d00000,0x000000b623e00000)]
  0x0000020f56b46000 JavaThread "Cache worker for file content cache (C:\Users\hp\.gradle\caches\6.7.1\fileContent)" [_thread_blocked, id=4928, stack(0x000000b623f00000,0x000000b624000000)]
  0x0000020f5978b000 JavaThread "Memory manager" [_thread_blocked, id=3212, stack(0x000000b62a700000,0x000000b62a800000)]
  0x0000020f5978f000 JavaThread "Cache worker for Java compile cache (C:\Users\hp\.gradle\caches\6.7.1\javaCompile)" [_thread_blocked, id=8736, stack(0x000000b62ae00000,0x000000b62af00000)]
  0x0000020f55bc1000 JavaThread "ForkJoinPool.commonPool-worker-3" daemon [_thread_blocked, id=2572, stack(0x000000b62b700000,0x000000b62b800000)]
  0x0000020f56b42000 JavaThread "Daemon Thread 3" [_thread_blocked, id=12272, stack(0x000000b622800000,0x000000b622900000)]
  0x0000020f56b48800 JavaThread "Handler for socket connection from /127.0.0.1:49903 to /127.0.0.1:50864" [_thread_in_native, id=6432, stack(0x000000b622a00000,0x000000b622b00000)]
  0x0000020f56b43000 JavaThread "Cancel handler" [_thread_blocked, id=6720, stack(0x000000b622d00000,0x000000b622e00000)]
  0x0000020f56b49800 JavaThread "Daemon worker Thread 3" [_thread_blocked, id=12680, stack(0x000000b622e00000,0x000000b622f00000)]
  0x0000020f56b48000 JavaThread "Asynchronous log dispatcher for DefaultDaemonConnection: socket connection from /127.0.0.1:49903 to /127.0.0.1:50864" [_thread_blocked, id=12284, stack(0x000000b622f00000,0x000000b623000000)]
  0x0000020f56b43800 JavaThread "Stdin handler" [_thread_blocked, id=6172, stack(0x000000b623000000,0x000000b623100000)]
  0x0000020f56b44800 JavaThread "Thread-269" [_thread_blocked, id=12500, stack(0x000000b623100000,0x000000b623200000)]
  0x0000020f56b4a000 JavaThread "Cache worker for file hash cache (C:\Users\hp\AndroidStudioProjects\myPharmacy\.gradle\6.7.1\fileHashes)" [_thread_blocked, id=12152, stack(0x000000b623200000,0x000000b623300000)]
  0x0000020f56b45800 JavaThread "Cache worker for checksums cache (C:\Users\hp\AndroidStudioProjects\myPharmacy\.gradle\checksums)" [_thread_blocked, id=904, stack(0x000000b623300000,0x000000b623400000)]
  0x0000020f56b4d800 JavaThread "Cache worker for cache directory md-supplier (C:\Users\hp\.gradle\caches\6.7.1\md-supplier)" [_thread_blocked, id=12896, stack(0x000000b623800000,0x000000b623900000)]
  0x0000020f56b50800 JavaThread "Cache worker for cache directory md-rule (C:\Users\hp\.gradle\caches\6.7.1\md-rule)" [_thread_blocked, id=4056, stack(0x000000b623900000,0x000000b623a00000)]
  0x0000020f56b4e800 JavaThread "Cache worker for Build Output Cleanup Cache (C:\Users\hp\AndroidStudioProjects\myPharmacy\.gradle\buildOutputCleanup)" [_thread_blocked, id=10672, stack(0x000000b623a00000,0x000000b623b00000)]
  0x0000020f56b50000 JavaThread "Build operations" [_thread_blocked, id=9756, stack(0x000000b623c00000,0x000000b623d00000)]
  0x0000020f56b4b000 JavaThread "Build operations Thread 2" [_thread_blocked, id=9688, stack(0x000000b623e00000,0x000000b623f00000)]
  0x0000020f56b4c000 JavaThread "Build operations Thread 3" [_thread_blocked, id=9476, stack(0x000000b624000000,0x000000b624100000)]
  0x0000020f56b4c800 JavaThread "Build operations Thread 4" [_thread_blocked, id=13092, stack(0x000000b624100000,0x000000b624200000)]
  0x0000020f59784000 JavaThread "jar transforms Thread 199" [_thread_blocked, id=12876, stack(0x000000b624200000,0x000000b624300000)]
  0x0000020f59785800 JavaThread "jar transforms Thread 200" [_thread_blocked, id=12060, stack(0x000000b624300000,0x000000b624400000)]
  0x0000020f59786000 JavaThread "jar transforms Thread 201" [_thread_blocked, id=1112, stack(0x000000b624400000,0x000000b624500000)]
  0x0000020f59781800 JavaThread "jar transforms Thread 202" [_thread_blocked, id=2308, stack(0x000000b624500000,0x000000b624600000)]
  0x0000020f59787000 JavaThread "jar transforms Thread 203" [_thread_blocked, id=12164, stack(0x000000b624600000,0x000000b624700000)]
  0x0000020f59783000 JavaThread "jar transforms Thread 204" [_thread_blocked, id=5952, stack(0x000000b624700000,0x000000b624800000)]
  0x0000020f59784800 JavaThread "jar transforms Thread 205" [_thread_blocked, id=12484, stack(0x000000b624800000,0x000000b624900000)]
  0x0000020f59788000 JavaThread "jar transforms Thread 206" [_thread_blocked, id=6952, stack(0x000000b624900000,0x000000b624a00000)]
  0x0000020f59782000 JavaThread "jar transforms Thread 207" [_thread_blocked, id=10328, stack(0x000000b624a00000,0x000000b624b00000)]
  0x0000020f5978c000 JavaThread "jar transforms Thread 208" [_thread_blocked, id=8272, stack(0x000000b624b00000,0x000000b624c00000)]
  0x0000020f5978c800 JavaThread "jar transforms Thread 209" [_thread_blocked, id=7504, stack(0x000000b624c00000,0x000000b624d00000)]
  0x0000020f5978d800 JavaThread "jar transforms Thread 210" [_thread_blocked, id=3384, stack(0x000000b624d00000,0x000000b624e00000)]
  0x0000020f5978e800 JavaThread "jar transforms Thread 211" [_thread_blocked, id=12024, stack(0x000000b624e00000,0x000000b624f00000)]
  0x0000020f59789800 JavaThread "jar transforms Thread 212" [_thread_blocked, id=3224, stack(0x000000b624f00000,0x000000b625000000)]
  0x0000020f59788800 JavaThread "jar transforms Thread 213" [_thread_blocked, id=3192, stack(0x000000b625000000,0x000000b625100000)]
  0x0000020f59790000 JavaThread "jar transforms Thread 214" [_thread_blocked, id=3328, stack(0x000000b625100000,0x000000b625200000)]
  0x0000020f5978a800 JavaThread "jar transforms Thread 215" [_thread_blocked, id=9684, stack(0x000000b625200000,0x000000b625300000)]
  0x0000020f55bc6000 JavaThread "jar transforms Thread 216" [_thread_blocked, id=1756, stack(0x000000b625300000,0x000000b625400000)]
  0x0000020f55bc1800 JavaThread "jar transforms Thread 217" [_thread_blocked, id=1936, stack(0x000000b625400000,0x000000b625500000)]
  0x0000020f55bc0000 JavaThread "jar transforms Thread 218" [_thread_blocked, id=12464, stack(0x000000b625500000,0x000000b625600000)]
  0x0000020f55bc3800 JavaThread "jar transforms Thread 219" [_thread_blocked, id=5584, stack(0x000000b625600000,0x000000b625700000)]
  0x0000020f55bc2800 JavaThread "jar transforms Thread 220" [_thread_blocked, id=8264, stack(0x000000b625700000,0x000000b625800000)]
  0x0000020f55bc6800 JavaThread "jar transforms Thread 221" [_thread_blocked, id=10948, stack(0x000000b625800000,0x000000b625900000)]
  0x0000020f55bca000 JavaThread "jar transforms Thread 222" [_thread_blocked, id=9968, stack(0x000000b625900000,0x000000b625a00000)]
  0x0000020f55bc7800 JavaThread "jar transforms Thread 223" [_thread_blocked, id=9104, stack(0x000000b625a00000,0x000000b625b00000)]
  0x0000020f55bc5000 JavaThread "jar transforms Thread 224" [_thread_blocked, id=7964, stack(0x000000b625b00000,0x000000b625c00000)]
  0x0000020f55bc8800 JavaThread "jar transforms Thread 225" [_thread_blocked, id=2188, stack(0x000000b625c00000,0x000000b625d00000)]
  0x0000020f55bc9000 JavaThread "jar transforms Thread 226" [_thread_blocked, id=8544, stack(0x000000b625d00000,0x000000b625e00000)]
  0x0000020f55bc4000 JavaThread "jar transforms Thread 227" [_thread_blocked, id=11100, stack(0x000000b625e00000,0x000000b625f00000)]
  0x0000020f55bca800 JavaThread "jar transforms Thread 228" [_thread_blocked, id=4348, stack(0x000000b625f00000,0x000000b626000000)]
  0x0000020f55bcb800 JavaThread "jar transforms Thread 229" [_thread_blocked, id=12172, stack(0x000000b626000000,0x000000b626100000)]
  0x0000020f55bcc800 JavaThread "jar transforms Thread 230" [_thread_blocked, id=6388, stack(0x000000b626100000,0x000000b626200000)]
  0x0000020f55bce000 JavaThread "jar transforms Thread 231" [_thread_blocked, id=6992, stack(0x000000b626200000,0x000000b626300000)]
  0x0000020f55bcd000 JavaThread "jar transforms Thread 232" [_thread_blocked, id=2972, stack(0x000000b626300000,0x000000b626400000)]
  0x0000020f56282800 JavaThread "jar transforms Thread 233" [_thread_blocked, id=5384, stack(0x000000b626400000,0x000000b626500000)]
  0x0000020f56283800 JavaThread "jar transforms Thread 234" [_thread_blocked, id=11848, stack(0x000000b626500000,0x000000b626600000)]
  0x0000020f56284000 JavaThread "jar transforms Thread 235" [_thread_blocked, id=12352, stack(0x000000b626600000,0x000000b626700000)]
  0x0000020f5627e800 JavaThread "jar transforms Thread 236" [_thread_blocked, id=7996, stack(0x000000b626700000,0x000000b626800000)]
  0x0000020f56281000 JavaThread "jar transforms Thread 237" [_thread_blocked, id=2004, stack(0x000000b626800000,0x000000b626900000)]
  0x0000020f5bca9000 JavaThread "jar transforms Thread 238" [_thread_blocked, id=11824, stack(0x000000b626900000,0x000000b626a00000)]
  0x0000020f5bca7800 JavaThread "jar transforms Thread 239" [_thread_blocked, id=2280, stack(0x000000b626a00000,0x000000b626b00000)]
  0x0000020f5bcab000 JavaThread "jar transforms Thread 240" [_thread_blocked, id=6740, stack(0x000000b626b00000,0x000000b626c00000)]
  0x0000020f5bcab800 JavaThread "jar transforms Thread 241" [_thread_blocked, id=8572, stack(0x000000b626c00000,0x000000b626d00000)]
  0x0000020f5bca8800 JavaThread "jar transforms Thread 242" [_thread_blocked, id=1216, stack(0x000000b626d00000,0x000000b626e00000)]
  0x0000020f5bca6000 JavaThread "jar transforms Thread 243" [_thread_blocked, id=2212, stack(0x000000b626e00000,0x000000b626f00000)]
  0x0000020f5bcaa000 JavaThread "jar transforms Thread 244" [_thread_blocked, id=4500, stack(0x000000b626f00000,0x000000b627000000)]
  0x0000020f5bcac800 JavaThread "jar transforms Thread 245" [_thread_blocked, id=11964, stack(0x000000b627000000,0x000000b627100000)]
  0x0000020f5bca6800 JavaThread "jar transforms Thread 246" [_thread_blocked, id=12940, stack(0x000000b627100000,0x000000b627200000)]
  0x0000020f5bcb1800 JavaThread "jar transforms Thread 247" [_thread_blocked, id=5204, stack(0x000000b627200000,0x000000b627300000)]
  0x0000020f5bcb2000 JavaThread "jar transforms Thread 248" [_thread_blocked, id=12000, stack(0x000000b627300000,0x000000b627400000)]
  0x0000020f5bcb0800 JavaThread "jar transforms Thread 249" [_thread_blocked, id=1604, stack(0x000000b627400000,0x000000b627500000)]
  0x0000020f5bcaf800 JavaThread "jar transforms Thread 250" [_thread_blocked, id=12796, stack(0x000000b627500000,0x000000b627600000)]
  0x0000020f5bcb3000 JavaThread "jar transforms Thread 251" [_thread_blocked, id=11968, stack(0x000000b627600000,0x000000b627700000)]
  0x0000020f5bcad000 JavaThread "jar transforms Thread 252" [_thread_blocked, id=12880, stack(0x000000b627700000,0x000000b627800000)]
  0x0000020f5bcaf000 JavaThread "jar transforms Thread 253" [_thread_blocked, id=12908, stack(0x000000b627800000,0x000000b627900000)]
  0x0000020f5bcae000 JavaThread "jar transforms Thread 254" [_thread_blocked, id=12884, stack(0x000000b627900000,0x000000b627a00000)]
  0x0000020f5bcb4000 JavaThread "jar transforms Thread 255" [_thread_blocked, id=12452, stack(0x000000b627a00000,0x000000b627b00000)]
  0x0000020f5bcb4800 JavaThread "jar transforms Thread 256" [_thread_blocked, id=11776, stack(0x000000b627b00000,0x000000b627c00000)]
  0x0000020f596c2000 JavaThread "jar transforms Thread 257" [_thread_blocked, id=12436, stack(0x000000b627c00000,0x000000b627d00000)]
  0x0000020f596c4800 JavaThread "jar transforms Thread 258" [_thread_blocked, id=10608, stack(0x000000b627d00000,0x000000b627e00000)]
  0x0000020f596c3000 JavaThread "jar transforms Thread 259" [_thread_blocked, id=4384, stack(0x000000b627e00000,0x000000b627f00000)]
  0x0000020f596c3800 JavaThread "jar transforms Thread 260" [_thread_blocked, id=11132, stack(0x000000b627f00000,0x000000b628000000)]
  0x0000020f596c5000 JavaThread "jar transforms Thread 261" [_thread_blocked, id=2980, stack(0x000000b628000000,0x000000b628100000)]
  0x0000020f596c1000 JavaThread "jar transforms Thread 262" [_thread_blocked, id=12536, stack(0x000000b628100000,0x000000b628200000)]
  0x0000020f596c6000 JavaThread "jar transforms Thread 263" [_thread_blocked, id=8672, stack(0x000000b628200000,0x000000b628300000)]
  0x0000020f596c0800 JavaThread "jar transforms Thread 264" [_thread_blocked, id=12808, stack(0x000000b628300000,0x000000b628400000)]
  0x0000020f596ca000 JavaThread "jar transforms Thread 265" [_thread_blocked, id=7328, stack(0x000000b628400000,0x000000b628500000)]
  0x0000020f596c8800 JavaThread "jar transforms Thread 266" [_thread_blocked, id=12688, stack(0x000000b628500000,0x000000b628600000)]
  0x0000020f596c7000 JavaThread "jar transforms Thread 267" [_thread_blocked, id=7140, stack(0x000000b628600000,0x000000b628700000)]
  0x0000020f596cc800 JavaThread "jar transforms Thread 268" [_thread_blocked, id=11676, stack(0x000000b628700000,0x000000b628800000)]
  0x0000020f596c9800 JavaThread "jar transforms Thread 269" [_thread_blocked, id=12764, stack(0x000000b628800000,0x000000b628900000)]
  0x0000020f596cb000 JavaThread "jar transforms Thread 270" [_thread_blocked, id=12924, stack(0x000000b628900000,0x000000b628a00000)]
  0x0000020f596cd800 JavaThread "jar transforms Thread 271" [_thread_blocked, id=6436, stack(0x000000b628a00000,0x000000b628b00000)]
  0x0000020f596cb800 JavaThread "jar transforms Thread 272" [_thread_blocked, id=12324, stack(0x000000b628b00000,0x000000b628c00000)]
  0x0000020f596c7800 JavaThread "jar transforms Thread 273" [_thread_blocked, id=6188, stack(0x000000b628c00000,0x000000b628d00000)]
  0x0000020f596ce000 JavaThread "jar transforms Thread 274" [_thread_blocked, id=11904, stack(0x000000b628d00000,0x000000b628e00000)]
  0x0000020f596cf000 JavaThread "jar transforms Thread 275" [_thread_blocked, id=11088, stack(0x000000b628e00000,0x000000b628f00000)]
  0x0000020f5de0c800 JavaThread "jar transforms Thread 276" [_thread_blocked, id=11796, stack(0x000000b628f00000,0x000000b629000000)]
  0x0000020f5de07000 JavaThread "jar transforms Thread 277" [_thread_blocked, id=12156, stack(0x000000b629000000,0x000000b629100000)]
  0x0000020f5de09800 JavaThread "jar transforms Thread 278" [_thread_blocked, id=11888, stack(0x000000b629100000,0x000000b629200000)]
  0x0000020f5de0a000 JavaThread "jar transforms Thread 279" [_thread_blocked, id=13084, stack(0x000000b629200000,0x000000b629300000)]
  0x0000020f5de0c000 JavaThread "jar transforms Thread 280" [_thread_blocked, id=2876, stack(0x000000b629300000,0x000000b629400000)]
  0x0000020f5de08000 JavaThread "jar transforms Thread 281" [_thread_blocked, id=3684, stack(0x000000b629400000,0x000000b629500000)]
  0x0000020f5de0b000 JavaThread "jar transforms Thread 282" [_thread_blocked, id=12824, stack(0x000000b629500000,0x000000b629600000)]
  0x0000020f5de0d800 JavaThread "jar transforms Thread 283" [_thread_blocked, id=8308, stack(0x000000b629600000,0x000000b629700000)]
  0x0000020f5de0e800 JavaThread "jar transforms Thread 284" [_thread_blocked, id=4996, stack(0x000000b629700000,0x000000b629800000)]
  0x0000020f5de08800 JavaThread "jar transforms Thread 285" [_thread_blocked, id=11392, stack(0x000000b629800000,0x000000b629900000)]
  0x0000020f5de14000 JavaThread "jar transforms Thread 286" [_thread_blocked, id=6940, stack(0x000000b629900000,0x000000b629a00000)]
  0x0000020f5de11800 JavaThread "jar transforms Thread 287" [_thread_blocked, id=5944, stack(0x000000b629a00000,0x000000b629b00000)]
  0x0000020f5de15000 JavaThread "jar transforms Thread 288" [_thread_blocked, id=1360, stack(0x000000b629b00000,0x000000b629c00000)]
  0x0000020f5de13000 JavaThread "jar transforms Thread 289" [_thread_blocked, id=12872, stack(0x000000b629c00000,0x000000b629d00000)]
  0x0000020f5de0f000 JavaThread "jar transforms Thread 290" [_thread_blocked, id=2712, stack(0x000000b629d00000,0x000000b629e00000)]
  0x0000020f5de12800 JavaThread "jar transforms Thread 291" [_thread_blocked, id=3400, stack(0x000000b629e00000,0x000000b629f00000)]
  0x0000020f5de10000 JavaThread "jar transforms Thread 292" [_thread_blocked, id=7268, stack(0x000000b629f00000,0x000000b62a000000)]
  0x0000020f5de10800 JavaThread "jar transforms Thread 293" [_thread_blocked, id=11488, stack(0x000000b62a000000,0x000000b62a100000)]
  0x0000020f5de15800 JavaThread "jar transforms Thread 294" [_thread_blocked, id=6708, stack(0x000000b62a100000,0x000000b62a200000)]
  0x0000020f5a011800 JavaThread "jar transforms Thread 295" [_thread_blocked, id=5184, stack(0x000000b62a200000,0x000000b62a300000)]
  0x0000020f5a013000 JavaThread "jar transforms Thread 296" [_thread_blocked, id=11616, stack(0x000000b62a300000,0x000000b62a400000)]
  0x0000020f5a014000 JavaThread "jar transforms Thread 297" [_thread_blocked, id=11544, stack(0x000000b62a400000,0x000000b62a500000)]
  0x0000020f5a014800 JavaThread "build event listener" [_thread_blocked, id=11524, stack(0x000000b62a500000,0x000000b62a600000)]
  0x0000020f5a015800 JavaThread "build event listener" [_thread_blocked, id=11880, stack(0x000000b62a600000,0x000000b62a700000)]
  0x0000020f5a010000 JavaThread "Execution worker for ':'" [_thread_blocked, id=11536, stack(0x000000b62a800000,0x000000b62a900000)]
  0x0000020f5a012800 JavaThread "Execution worker for ':' Thread 2" [_thread_in_native, id=3012, stack(0x000000b62a900000,0x000000b62aa00000)]
  0x0000020f5a016800 JavaThread "Execution worker for ':' Thread 3" [_thread_blocked, id=11532, stack(0x000000b62aa00000,0x000000b62ab00000)]
  0x0000020f59e7e000 JavaThread "Cache worker for execution history cache (C:\Users\hp\AndroidStudioProjects\myPharmacy\.gradle\6.7.1\executionHistory)" [_thread_blocked, id=10724, stack(0x000000b62ab00000,0x000000b62ac00000)]
  0x0000020f59e7a800 JavaThread "Cache worker for Java compile cache (C:\Users\hp\AndroidStudioProjects\myPharmacy\.gradle\6.7.1\javaCompile)" [_thread_blocked, id=11868, stack(0x000000b62ac00000,0x000000b62ad00000)]

Other Threads:
  0x0000020f53876800 VMThread "VM Thread" [stack: 0x000000b621b00000,0x000000b621c00000] [id=4728]
  0x0000020f54373000 WatcherThread [stack: 0x000000b622500000,0x000000b622600000] [id=6480]
  0x0000020f39e1b800 GCTaskThread "GC Thread#0" [stack: 0x000000b621600000,0x000000b621700000] [id=2312]
  0x0000020f54b34800 GCTaskThread "GC Thread#1" [stack: 0x000000b622600000,0x000000b622700000] [id=2984]
  0x0000020f54b35800 GCTaskThread "GC Thread#2" [stack: 0x000000b622700000,0x000000b622800000] [id=3056]
  0x0000020f56e40000 GCTaskThread "GC Thread#3" [stack: 0x000000b623400000,0x000000b623500000] [id=4620]
  0x0000020f39e4c800 ConcurrentGCThread "G1 Main Marker" [stack: 0x000000b621700000,0x000000b621800000] [id=4740]
  0x0000020f39e4f000 ConcurrentGCThread "G1 Conc#0" [stack: 0x000000b621800000,0x000000b621900000] [id=4720]
  0x0000020f536c2800 ConcurrentGCThread "G1 Refine#0" [stack: 0x000000b621900000,0x000000b621a00000] [id=4732]
  0x0000020f536c3000 ConcurrentGCThread "G1 Young RemSet Sampling" [stack: 0x000000b621a00000,0x000000b621b00000] [id=4724]

Threads with active compile tasks:
C2 CompilerThread01216362 20252   !   4       jdk.nio.zipfs.ZipFileSystem::buildNodeTree (285 bytes)

VM state:not at safepoint (normal execution)

VM Mutex/Monitor currently owned by a thread: None

Heap address: 0x0000000080000000, size: 2048 MB, Compressed Oops mode: 32-bit
Narrow klass base: 0x0000000000000000, Narrow klass shift: 3
Compressed class space size: 1073741824 Address: 0x0000000100000000

Heap:
 garbage-first heap   total 261120K, used 158309K [0x0000000080000000, 0x0000000100000000)
  region size 1024K, 49 young (50176K), 3 survivors (3072K)
 Metaspace       used 115138K, capacity 117872K, committed 118144K, reserved 1153024K
  class space    used 14188K, capacity 15183K, committed 15232K, reserved 1048576K
Heap Regions: E=young(eden), S=young(survivor), O=old, HS=humongous(starts), HC=humongous(continues), CS=collection set, F=free, A=archive, TAMS=top-at-mark-start (previous, next)
|   0|0x0000000080000000, 0x0000000080100000, 0x0000000080100000|100%| O|  |TAMS 0x0000000080100000, 0x0000000080000000| Untracked 
|   1|0x0000000080100000, 0x0000000080200000, 0x0000000080200000|100%| O|  |TAMS 0x0000000080200000, 0x0000000080100000| Untracked 
|   2|0x0000000080200000, 0x0000000080300000, 0x0000000080300000|100%| O|  |TAMS 0x0000000080300000, 0x0000000080200000| Complete 
|   3|0x0000000080300000, 0x0000000080400000, 0x0000000080400000|100%|HS|  |TAMS 0x0000000080400000, 0x0000000080300000| Complete 
|   4|0x0000000080400000, 0x0000000080500000, 0x0000000080500000|100%|HC|  |TAMS 0x0000000080500000, 0x0000000080400000| Complete 
|   5|0x0000000080500000, 0x0000000080600000, 0x0000000080600000|100%|HC|  |TAMS 0x0000000080600000, 0x0000000080500000| Complete 
|   6|0x0000000080600000, 0x0000000080700000, 0x0000000080700000|100%| O|  |TAMS 0x0000000080700000, 0x0000000080600000| Untracked 
|   7|0x0000000080700000, 0x0000000080800000, 0x0000000080800000|100%| O|  |TAMS 0x0000000080800000, 0x0000000080700000| Untracked 
|   8|0x0000000080800000, 0x0000000080900000, 0x0000000080900000|100%| O|  |TAMS 0x0000000080900000, 0x0000000080800000| Untracked 
|   9|0x0000000080900000, 0x0000000080a00000, 0x0000000080a00000|100%| O|  |TAMS 0x0000000080a00000, 0x0000000080900000| Untracked 
|  10|0x0000000080a00000, 0x0000000080b00000, 0x0000000080b00000|100%| O|  |TAMS 0x0000000080b00000, 0x0000000080a00000| Untracked 
|  11|0x0000000080b00000, 0x0000000080c00000, 0x0000000080c00000|100%| O|  |TAMS 0x0000000080c00000, 0x0000000080b00000| Untracked 
|  12|0x0000000080c00000, 0x0000000080d00000, 0x0000000080d00000|100%| O|  |TAMS 0x0000000080d00000, 0x0000000080c00000| Untracked 
|  13|0x0000000080d00000, 0x0000000080e00000, 0x0000000080e00000|100%| O|  |TAMS 0x0000000080e00000, 0x0000000080d00000| Untracked 
|  14|0x0000000080e00000, 0x0000000080f00000, 0x0000000080f00000|100%| O|  |TAMS 0x0000000080f00000, 0x0000000080e00000| Untracked 
|  15|0x0000000080f00000, 0x0000000081000000, 0x0000000081000000|100%| O|  |TAMS 0x0000000081000000, 0x0000000080f00000| Complete 
|  16|0x0000000081000000, 0x0000000081100000, 0x0000000081100000|100%|HS|  |TAMS 0x0000000081100000, 0x0000000081000000| Complete 
|  17|0x0000000081100000, 0x0000000081200000, 0x0000000081200000|100%| O|  |TAMS 0x0000000081200000, 0x0000000081100000| Untracked 
|  18|0x0000000081200000, 0x0000000081300000, 0x0000000081300000|100%| O|  |TAMS 0x0000000081300000, 0x0000000081200000| Untracked 
|  19|0x0000000081300000, 0x0000000081400000, 0x0000000081400000|100%| O|  |TAMS 0x0000000081400000, 0x0000000081300000| Untracked 
|  20|0x0000000081400000, 0x0000000081500000, 0x0000000081500000|100%| O|  |TAMS 0x0000000081500000, 0x0000000081400000| Complete 
|  21|0x0000000081500000, 0x0000000081600000, 0x0000000081600000|100%| O|  |TAMS 0x0000000081600000, 0x0000000081500000| Complete 
|  22|0x0000000081600000, 0x0000000081600000, 0x0000000081700000|  0%| F|  |TAMS 0x0000000081600000, 0x0000000081600000| Untracked 
|  23|0x0000000081700000, 0x0000000081800000, 0x0000000081800000|100%| O|  |TAMS 0x0000000081800000, 0x0000000081700000| Complete 
|  24|0x0000000081800000, 0x0000000081900000, 0x0000000081900000|100%|HS|  |TAMS 0x0000000081900000, 0x0000000081800000| Complete 
|  25|0x0000000081900000, 0x0000000081a00000, 0x0000000081a00000|100%|HC|  |TAMS 0x0000000081a00000, 0x0000000081900000| Complete 
|  26|0x0000000081a00000, 0x0000000081b00000, 0x0000000081b00000|100%| O|  |TAMS 0x0000000081b00000, 0x0000000081a00000| Untracked 
|  27|0x0000000081b00000, 0x0000000081c00000, 0x0000000081c00000|100%| O|  |TAMS 0x0000000081c00000, 0x0000000081b00000| Untracked 
|  28|0x0000000081c00000, 0x0000000081c00000, 0x0000000081d00000|  0%| F|  |TAMS 0x0000000081c00000, 0x0000000081c00000| Untracked 
|  29|0x0000000081d00000, 0x0000000081e00000, 0x0000000081e00000|100%| O|  |TAMS 0x0000000081e00000, 0x0000000081d00000| Untracked 
|  30|0x0000000081e00000, 0x0000000081f00000, 0x0000000081f00000|100%| O|  |TAMS 0x0000000081f00000, 0x0000000081e00000| Complete 
|  31|0x0000000081f00000, 0x0000000082000000, 0x0000000082000000|100%| O|  |TAMS 0x0000000082000000, 0x0000000081f00000| Untracked 
|  32|0x0000000082000000, 0x0000000082100000, 0x0000000082100000|100%| O|  |TAMS 0x0000000082100000, 0x0000000082000000| Untracked 
|  33|0x0000000082100000, 0x0000000082200000, 0x0000000082200000|100%| O|  |TAMS 0x0000000082200000, 0x0000000082100000| Untracked 
|  34|0x0000000082200000, 0x0000000082200000, 0x0000000082300000|  0%| F|  |TAMS 0x0000000082200000, 0x0000000082200000| Untracked 
|  35|0x0000000082300000, 0x0000000082400000, 0x0000000082400000|100%| O|  |TAMS 0x0000000082400000, 0x0000000082300000| Complete 
|  36|0x0000000082400000, 0x0000000082500000, 0x0000000082500000|100%| O|  |TAMS 0x0000000082500000, 0x0000000082400000| Complete 
|  37|0x0000000082500000, 0x0000000082600000, 0x0000000082600000|100%| O|  |TAMS 0x0000000082600000, 0x0000000082500000| Untracked 
|  38|0x0000000082600000, 0x0000000082700000, 0x0000000082700000|100%| O|  |TAMS 0x0000000082700000, 0x0000000082600000| Untracked 
|  39|0x0000000082700000, 0x0000000082800000, 0x0000000082800000|100%| O|  |TAMS 0x0000000082800000, 0x0000000082700000| Untracked 
|  40|0x0000000082800000, 0x0000000082900000, 0x0000000082900000|100%| O|  |TAMS 0x0000000082900000, 0x0000000082800000| Untracked 
|  41|0x0000000082900000, 0x0000000082a00000, 0x0000000082a00000|100%| O|  |TAMS 0x0000000082a00000, 0x0000000082900000| Untracked 
|  42|0x0000000082a00000, 0x0000000082b00000, 0x0000000082b00000|100%| O|  |TAMS 0x0000000082b00000, 0x0000000082a00000| Untracked 
|  43|0x0000000082b00000, 0x0000000082c00000, 0x0000000082c00000|100%| O|  |TAMS 0x0000000082c00000, 0x0000000082b00000| Untracked 
|  44|0x0000000082c00000, 0x0000000082d00000, 0x0000000082d00000|100%| O|  |TAMS 0x0000000082d00000, 0x0000000082c00000| Untracked 
|  45|0x0000000082d00000, 0x0000000082e00000, 0x0000000082e00000|100%| O|  |TAMS 0x0000000082e00000, 0x0000000082d00000| Untracked 
|  46|0x0000000082e00000, 0x0000000082f00000, 0x0000000082f00000|100%| O|  |TAMS 0x0000000082f00000, 0x0000000082e00000| Untracked 
|  47|0x0000000082f00000, 0x0000000083000000, 0x0000000083000000|100%| O|  |TAMS 0x0000000083000000, 0x0000000082f00000| Untracked 
|  48|0x0000000083000000, 0x0000000083100000, 0x0000000083100000|100%| O|  |TAMS 0x0000000083100000, 0x0000000083000000| Complete 
|  49|0x0000000083100000, 0x0000000083200000, 0x0000000083200000|100%| O|  |TAMS 0x0000000083200000, 0x0000000083100000| Untracked 
|  50|0x0000000083200000, 0x0000000083300000, 0x0000000083300000|100%| O|  |TAMS 0x0000000083300000, 0x0000000083200000| Complete 
|  51|0x0000000083300000, 0x0000000083400000, 0x0000000083400000|100%| O|  |TAMS 0x0000000083400000, 0x0000000083300000| Untracked 
|  52|0x0000000083400000, 0x0000000083500000, 0x0000000083500000|100%| O|  |TAMS 0x0000000083500000, 0x0000000083400000| Complete 
|  53|0x0000000083500000, 0x0000000083600000, 0x0000000083600000|100%| O|  |TAMS 0x0000000083600000, 0x0000000083500000| Untracked 
|  54|0x0000000083600000, 0x0000000083700000, 0x0000000083700000|100%| O|  |TAMS 0x0000000083700000, 0x0000000083600000| Untracked 
|  55|0x0000000083700000, 0x0000000083800000, 0x0000000083800000|100%| O|  |TAMS 0x0000000083800000, 0x0000000083700000| Complete 
|  56|0x0000000083800000, 0x0000000083900000, 0x0000000083900000|100%| O|  |TAMS 0x0000000083900000, 0x0000000083800000| Complete 
|  57|0x0000000083900000, 0x0000000083a00000, 0x0000000083a00000|100%| O|  |TAMS 0x0000000083a00000, 0x0000000083900000| Complete 
|  58|0x0000000083a00000, 0x0000000083b00000, 0x0000000083b00000|100%| O|  |TAMS 0x0000000083b00000, 0x0000000083a00000| Untracked 
|  59|0x0000000083b00000, 0x0000000083c00000, 0x0000000083c00000|100%| O|  |TAMS 0x0000000083c00000, 0x0000000083b00000| Complete 
|  60|0x0000000083c00000, 0x0000000083d00000, 0x0000000083d00000|100%| O|  |TAMS 0x0000000083d00000, 0x0000000083c00000| Complete 
|  61|0x0000000083d00000, 0x0000000083e00000, 0x0000000083e00000|100%|HS|  |TAMS 0x0000000083d00000, 0x0000000083d00000| Complete 
|  62|0x0000000083e00000, 0x0000000083f00000, 0x0000000083f00000|100%|HC|  |TAMS 0x0000000083e00000, 0x0000000083e00000| Complete 
|  63|0x0000000083f00000, 0x0000000084000000, 0x0000000084000000|100%| O|  |TAMS 0x0000000084000000, 0x0000000083f00000| Complete 
|  64|0x0000000084000000, 0x0000000084100000, 0x0000000084100000|100%| O|  |TAMS 0x0000000084100000, 0x0000000084000000| Complete 
|  65|0x0000000084100000, 0x0000000084200000, 0x0000000084200000|100%| O|  |TAMS 0x0000000084200000, 0x0000000084100000| Complete 
|  66|0x0000000084200000, 0x0000000084300000, 0x0000000084300000|100%| O|  |TAMS 0x0000000084300000, 0x0000000084200000| Complete 
|  67|0x0000000084300000, 0x0000000084400000, 0x0000000084400000|100%| O|  |TAMS 0x0000000084400000, 0x0000000084300000| Complete 
|  68|0x0000000084400000, 0x0000000084500000, 0x0000000084500000|100%| O|  |TAMS 0x0000000084500000, 0x0000000084400000| Complete 
|  69|0x0000000084500000, 0x0000000084600000, 0x0000000084600000|100%| O|  |TAMS 0x0000000084600000, 0x0000000084500000| Untracked 
|  70|0x0000000084600000, 0x0000000084600000, 0x0000000084700000|  0%| F|  |TAMS 0x0000000084600000, 0x0000000084600000| Untracked 
|  71|0x0000000084700000, 0x0000000084800000, 0x0000000084800000|100%| O|  |TAMS 0x0000000084800000, 0x0000000084700000| Complete 
|  72|0x0000000084800000, 0x0000000084800000, 0x0000000084900000|  0%| F|  |TAMS 0x0000000084800000, 0x0000000084800000| Untracked 
|  73|0x0000000084900000, 0x0000000084a00000, 0x0000000084a00000|100%| O|  |TAMS 0x0000000084a00000, 0x0000000084900000| Untracked 
|  74|0x0000000084a00000, 0x0000000084b00000, 0x0000000084b00000|100%| O|  |TAMS 0x0000000084b00000, 0x0000000084a00000| Untracked 
|  75|0x0000000084b00000, 0x0000000084c00000, 0x0000000084c00000|100%| O|  |TAMS 0x0000000084c00000, 0x0000000084b00000| Untracked 
|  76|0x0000000084c00000, 0x0000000084d00000, 0x0000000084d00000|100%| O|  |TAMS 0x0000000084d00000, 0x0000000084c00000| Complete 
|  77|0x0000000084d00000, 0x0000000084d00000, 0x0000000084e00000|  0%| F|  |TAMS 0x0000000084d00000, 0x0000000084d00000| Untracked 
|  78|0x0000000084e00000, 0x0000000084f00000, 0x0000000084f00000|100%| O|  |TAMS 0x0000000084f00000, 0x0000000084e00000| Untracked 
|  79|0x0000000084f00000, 0x0000000084f00000, 0x0000000085000000|  0%| F|  |TAMS 0x0000000084f00000, 0x0000000084f00000| Untracked 
|  80|0x0000000085000000, 0x0000000085100000, 0x0000000085100000|100%| O|  |TAMS 0x0000000085100000, 0x0000000085000000| Complete 
|  81|0x0000000085100000, 0x0000000085200000, 0x0000000085200000|100%| O|  |TAMS 0x0000000085200000, 0x0000000085100000| Untracked 
|  82|0x0000000085200000, 0x0000000085300000, 0x0000000085300000|100%| O|  |TAMS 0x0000000085300000, 0x0000000085200000| Untracked 
|  83|0x0000000085300000, 0x0000000085400000, 0x0000000085400000|100%| O|  |TAMS 0x0000000085400000, 0x0000000085300000| Untracked 
|  84|0x0000000085400000, 0x0000000085500000, 0x0000000085500000|100%| O|  |TAMS 0x0000000085500000, 0x0000000085400000| Untracked 
|  85|0x0000000085500000, 0x0000000085600000, 0x0000000085600000|100%| O|  |TAMS 0x0000000085600000, 0x0000000085500000| Untracked 
|  86|0x0000000085600000, 0x0000000085700000, 0x0000000085700000|100%| O|  |TAMS 0x0000000085700000, 0x0000000085600000| Untracked 
|  87|0x0000000085700000, 0x0000000085700000, 0x0000000085800000|  0%| F|  |TAMS 0x0000000085700000, 0x0000000085700000| Untracked 
|  88|0x0000000085800000, 0x0000000085900000, 0x0000000085900000|100%| O|  |TAMS 0x0000000085900000, 0x0000000085800000| Untracked 
|  89|0x0000000085900000, 0x0000000085a00000, 0x0000000085a00000|100%| O|  |TAMS 0x0000000085a00000, 0x0000000085900000| Untracked 
|  90|0x0000000085a00000, 0x0000000085b00000, 0x0000000085b00000|100%| O|  |TAMS 0x0000000085b00000, 0x0000000085a00000| Untracked 
|  91|0x0000000085b00000, 0x0000000085c00000, 0x0000000085c00000|100%| O|  |TAMS 0x0000000085c00000, 0x0000000085b00000| Untracked 
|  92|0x0000000085c00000, 0x0000000085d00000, 0x0000000085d00000|100%| O|  |TAMS 0x0000000085d00000, 0x0000000085c00000| Complete 
|  93|0x0000000085d00000, 0x0000000085e00000, 0x0000000085e00000|100%| O|  |TAMS 0x0000000085e00000, 0x0000000085d00000| Complete 
|  94|0x0000000085e00000, 0x0000000085f00000, 0x0000000085f00000|100%| O|  |TAMS 0x0000000085f00000, 0x0000000085e00000| Complete 
|  95|0x0000000085f00000, 0x0000000085f00000, 0x0000000086000000|  0%| F|  |TAMS 0x0000000085f00000, 0x0000000085f00000| Untracked 
|  96|0x0000000086000000, 0x0000000086000000, 0x0000000086100000|  0%| F|  |TAMS 0x0000000086000000, 0x0000000086000000| Untracked 
|  97|0x0000000086100000, 0x0000000086100000, 0x0000000086200000|  0%| F|  |TAMS 0x0000000086100000, 0x0000000086100000| Untracked 
|  98|0x0000000086200000, 0x0000000086200000, 0x0000000086300000|  0%| F|  |TAMS 0x0000000086200000, 0x0000000086200000| Untracked 
|  99|0x0000000086300000, 0x0000000086300000, 0x0000000086400000|  0%| F|  |TAMS 0x0000000086300000, 0x0000000086300000| Untracked 
| 100|0x0000000086400000, 0x0000000086500000, 0x0000000086500000|100%| O|  |TAMS 0x0000000086500000, 0x0000000086400000| Complete 
| 101|0x0000000086500000, 0x0000000086600000, 0x0000000086600000|100%| O|  |TAMS 0x0000000086600000, 0x0000000086500000| Untracked 
| 102|0x0000000086600000, 0x0000000086600000, 0x0000000086700000|  0%| F|  |TAMS 0x0000000086600000, 0x0000000086600000| Untracked 
| 103|0x0000000086700000, 0x0000000086800000, 0x0000000086800000|100%| O|  |TAMS 0x0000000086800000, 0x0000000086700000| Complete 
| 104|0x0000000086800000, 0x0000000086900000, 0x0000000086900000|100%| O|  |TAMS 0x0000000086900000, 0x0000000086800000| Complete 
| 105|0x0000000086900000, 0x0000000086a00000, 0x0000000086a00000|100%| O|  |TAMS 0x0000000086a00000, 0x0000000086900000| Untracked 
| 106|0x0000000086a00000, 0x0000000086a00000, 0x0000000086b00000|  0%| F|  |TAMS 0x0000000086a00000, 0x0000000086a00000| Untracked 
| 107|0x0000000086b00000, 0x0000000086c00000, 0x0000000086c00000|100%| O|  |TAMS 0x0000000086c00000, 0x0000000086b00000| Complete 
| 108|0x0000000086c00000, 0x0000000086d00000, 0x0000000086d00000|100%| O|  |TAMS 0x0000000086d00000, 0x0000000086c00000| Complete 
| 109|0x0000000086d00000, 0x0000000086e00000, 0x0000000086e00000|100%| O|  |TAMS 0x0000000086e00000, 0x0000000086d00000| Complete 
| 110|0x0000000086e00000, 0x0000000086e00000, 0x0000000086f00000|  0%| F|  |TAMS 0x0000000086e00000, 0x0000000086e00000| Untracked 
| 111|0x0000000086f00000, 0x0000000087000000, 0x0000000087000000|100%| O|  |TAMS 0x0000000087000000, 0x0000000086f00000| Complete 
| 112|0x0000000087000000, 0x0000000087100000, 0x0000000087100000|100%| O|  |TAMS 0x0000000087100000, 0x0000000087000000| Complete 
| 113|0x0000000087100000, 0x0000000087200000, 0x0000000087200000|100%| O|  |TAMS 0x0000000087200000, 0x0000000087100000| Untracked 
| 114|0x0000000087200000, 0x0000000087300000, 0x0000000087300000|100%| O|  |TAMS 0x0000000087300000, 0x0000000087200000| Untracked 
| 115|0x0000000087300000, 0x0000000087400000, 0x0000000087400000|100%| O|  |TAMS 0x0000000087400000, 0x0000000087300000| Untracked 
| 116|0x0000000087400000, 0x0000000087454000, 0x0000000087500000| 32%| O|  |TAMS 0x0000000087454000, 0x0000000087400000| Untracked 
| 117|0x0000000087500000, 0x0000000087600000, 0x0000000087600000|100%| O|  |TAMS 0x0000000087600000, 0x0000000087500000| Complete 
| 118|0x0000000087600000, 0x0000000087600000, 0x0000000087700000|  0%| F|  |TAMS 0x0000000087600000, 0x0000000087600000| Untracked 
| 119|0x0000000087700000, 0x0000000087800000, 0x0000000087800000|100%| O|  |TAMS 0x0000000087800000, 0x0000000087700000| Complete 
| 120|0x0000000087800000, 0x0000000087900000, 0x0000000087900000|100%| O|  |TAMS 0x0000000087900000, 0x0000000087800000| Complete 
| 121|0x0000000087900000, 0x0000000087900000, 0x0000000087a00000|  0%| F|  |TAMS 0x0000000087900000, 0x0000000087900000| Untracked 
| 122|0x0000000087a00000, 0x0000000087a00000, 0x0000000087b00000|  0%| F|  |TAMS 0x0000000087a00000, 0x0000000087a00000| Untracked 
| 123|0x0000000087b00000, 0x0000000087b00000, 0x0000000087c00000|  0%| F|  |TAMS 0x0000000087b00000, 0x0000000087b00000| Untracked 
| 124|0x0000000087c00000, 0x0000000087d00000, 0x0000000087d00000|100%| O|  |TAMS 0x0000000087d00000, 0x0000000087c00000| Complete 
| 125|0x0000000087d00000, 0x0000000087d00000, 0x0000000087e00000|  0%| F|  |TAMS 0x0000000087d00000, 0x0000000087d00000| Untracked 
| 126|0x0000000087e00000, 0x0000000087e00000, 0x0000000087f00000|  0%| F|  |TAMS 0x0000000087e00000, 0x0000000087e00000| Untracked 
| 127|0x0000000087f00000, 0x0000000087f00000, 0x0000000088000000|  0%| F|  |TAMS 0x0000000087f00000, 0x0000000087f00000| Untracked 
| 128|0x0000000088000000, 0x0000000088100000, 0x0000000088100000|100%| O|  |TAMS 0x0000000088100000, 0x0000000088000000| Complete 
| 129|0x0000000088100000, 0x0000000088100000, 0x0000000088200000|  0%| F|  |TAMS 0x0000000088100000, 0x0000000088100000| Untracked 
| 130|0x0000000088200000, 0x0000000088200000, 0x0000000088300000|  0%| F|  |TAMS 0x0000000088200000, 0x0000000088200000| Untracked 
| 131|0x0000000088300000, 0x0000000088300000, 0x0000000088400000|  0%| F|  |TAMS 0x0000000088300000, 0x0000000088300000| Untracked 
| 132|0x0000000088400000, 0x0000000088400000, 0x0000000088500000|  0%| F|  |TAMS 0x0000000088400000, 0x0000000088400000| Untracked 
| 133|0x0000000088500000, 0x0000000088500000, 0x0000000088600000|  0%| F|  |TAMS 0x0000000088500000, 0x0000000088500000| Untracked 
| 134|0x0000000088600000, 0x0000000088600000, 0x0000000088700000|  0%| F|  |TAMS 0x0000000088600000, 0x0000000088600000| Untracked 
| 135|0x0000000088700000, 0x0000000088700000, 0x0000000088800000|  0%| F|  |TAMS 0x0000000088700000, 0x0000000088700000| Untracked 
| 136|0x0000000088800000, 0x0000000088900000, 0x0000000088900000|100%| O|  |TAMS 0x0000000088900000, 0x0000000088800000| Complete 
| 137|0x0000000088900000, 0x0000000088a00000, 0x0000000088a00000|100%| O|  |TAMS 0x0000000088a00000, 0x0000000088900000| Complete 
| 138|0x0000000088a00000, 0x0000000088a00000, 0x0000000088b00000|  0%| F|  |TAMS 0x0000000088a00000, 0x0000000088a00000| Untracked 
| 139|0x0000000088b00000, 0x0000000088b00000, 0x0000000088c00000|  0%| F|  |TAMS 0x0000000088b00000, 0x0000000088b00000| Untracked 
| 140|0x0000000088c00000, 0x0000000088d00000, 0x0000000088d00000|100%| O|  |TAMS 0x0000000088d00000, 0x0000000088c00000| Complete 
| 141|0x0000000088d00000, 0x0000000088d00000, 0x0000000088e00000|  0%| F|  |TAMS 0x0000000088d00000, 0x0000000088d00000| Untracked 
| 142|0x0000000088e00000, 0x0000000088e00000, 0x0000000088f00000|  0%| F|  |TAMS 0x0000000088e00000, 0x0000000088e00000| Untracked 
| 143|0x0000000088f00000, 0x0000000088f00000, 0x0000000089000000|  0%| F|  |TAMS 0x0000000088f00000, 0x0000000088f00000| Untracked 
| 144|0x0000000089000000, 0x0000000089000000, 0x0000000089100000|  0%| F|  |TAMS 0x0000000089000000, 0x0000000089000000| Untracked 
| 145|0x0000000089100000, 0x0000000089100000, 0x0000000089200000|  0%| F|  |TAMS 0x0000000089100000, 0x0000000089100000| Untracked 
| 146|0x0000000089200000, 0x0000000089200000, 0x0000000089300000|  0%| F|  |TAMS 0x0000000089200000, 0x0000000089200000| Untracked 
| 147|0x0000000089300000, 0x0000000089300000, 0x0000000089400000|  0%| F|  |TAMS 0x0000000089300000, 0x0000000089300000| Untracked 
| 148|0x0000000089400000, 0x0000000089400000, 0x0000000089500000|  0%| F|  |TAMS 0x0000000089400000, 0x0000000089400000| Untracked 
| 149|0x0000000089500000, 0x0000000089500000, 0x0000000089600000|  0%| F|  |TAMS 0x0000000089500000, 0x0000000089500000| Untracked 
| 150|0x0000000089600000, 0x0000000089600000, 0x0000000089700000|  0%| F|  |TAMS 0x0000000089600000, 0x0000000089600000| Untracked 
| 151|0x0000000089700000, 0x0000000089700000, 0x0000000089800000|  0%| F|  |TAMS 0x0000000089700000, 0x0000000089700000| Untracked 
| 152|0x0000000089800000, 0x0000000089800000, 0x0000000089900000|  0%| F|  |TAMS 0x0000000089800000, 0x0000000089800000| Untracked 
| 153|0x0000000089900000, 0x0000000089900000, 0x0000000089a00000|  0%| F|  |TAMS 0x0000000089900000, 0x0000000089900000| Untracked 
| 154|0x0000000089a00000, 0x0000000089a00000, 0x0000000089b00000|  0%| F|  |TAMS 0x0000000089a00000, 0x0000000089a00000| Untracked 
| 155|0x0000000089b00000, 0x0000000089b00000, 0x0000000089c00000|  0%| F|  |TAMS 0x0000000089b00000, 0x0000000089b00000| Untracked 
| 156|0x0000000089c00000, 0x0000000089c00000, 0x0000000089d00000|  0%| F|  |TAMS 0x0000000089c00000, 0x0000000089c00000| Untracked 
| 157|0x0000000089d00000, 0x0000000089d00000, 0x0000000089e00000|  0%| F|  |TAMS 0x0000000089d00000, 0x0000000089d00000| Untracked 
| 158|0x0000000089e00000, 0x0000000089e00000, 0x0000000089f00000|  0%| F|  |TAMS 0x0000000089e00000, 0x0000000089e00000| Untracked 
| 159|0x0000000089f00000, 0x0000000089f00000, 0x000000008a000000|  0%| F|  |TAMS 0x0000000089f00000, 0x0000000089f00000| Untracked 
| 160|0x000000008a000000, 0x000000008a000000, 0x000000008a100000|  0%| F|  |TAMS 0x000000008a000000, 0x000000008a000000| Untracked 
| 161|0x000000008a100000, 0x000000008a100000, 0x000000008a200000|  0%| F|  |TAMS 0x000000008a100000, 0x000000008a100000| Untracked 
| 162|0x000000008a200000, 0x000000008a200000, 0x000000008a300000|  0%| F|  |TAMS 0x000000008a200000, 0x000000008a200000| Untracked 
| 163|0x000000008a300000, 0x000000008a300000, 0x000000008a400000|  0%| F|  |TAMS 0x000000008a300000, 0x000000008a300000| Untracked 
| 164|0x000000008a400000, 0x000000008a400000, 0x000000008a500000|  0%| F|  |TAMS 0x000000008a400000, 0x000000008a400000| Untracked 
| 165|0x000000008a500000, 0x000000008a500000, 0x000000008a600000|  0%| F|  |TAMS 0x000000008a500000, 0x000000008a500000| Untracked 
| 166|0x000000008a600000, 0x000000008a600000, 0x000000008a700000|  0%| F|  |TAMS 0x000000008a600000, 0x000000008a600000| Untracked 
| 167|0x000000008a700000, 0x000000008a700000, 0x000000008a800000|  0%| F|  |TAMS 0x000000008a700000, 0x000000008a700000| Untracked 
| 168|0x000000008a800000, 0x000000008a800000, 0x000000008a900000|  0%| F|  |TAMS 0x000000008a800000, 0x000000008a800000| Untracked 
| 169|0x000000008a900000, 0x000000008a900000, 0x000000008aa00000|  0%| F|  |TAMS 0x000000008a900000, 0x000000008a900000| Untracked 
| 170|0x000000008aa00000, 0x000000008aa00000, 0x000000008ab00000|  0%| F|  |TAMS 0x000000008aa00000, 0x000000008aa00000| Untracked 
| 171|0x000000008ab00000, 0x000000008ab45548, 0x000000008ac00000| 27%| S|CS|TAMS 0x000000008ab00000, 0x000000008ab00000| Complete 
| 172|0x000000008ac00000, 0x000000008ad00000, 0x000000008ad00000|100%| S|CS|TAMS 0x000000008ac00000, 0x000000008ac00000| Complete 
| 173|0x000000008ad00000, 0x000000008ae00000, 0x000000008ae00000|100%| S|CS|TAMS 0x000000008ad00000, 0x000000008ad00000| Complete 
| 174|0x000000008ae00000, 0x000000008ae00000, 0x000000008af00000|  0%| F|  |TAMS 0x000000008ae00000, 0x000000008ae00000| Untracked 
| 175|0x000000008af00000, 0x000000008af00000, 0x000000008b000000|  0%| F|  |TAMS 0x000000008af00000, 0x000000008af00000| Untracked 
| 176|0x000000008b000000, 0x000000008b000000, 0x000000008b100000|  0%| F|  |TAMS 0x000000008b000000, 0x000000008b000000| Untracked 
| 177|0x000000008b100000, 0x000000008b100000, 0x000000008b200000|  0%| F|  |TAMS 0x000000008b100000, 0x000000008b100000| Untracked 
| 178|0x000000008b200000, 0x000000008b200000, 0x000000008b300000|  0%| F|  |TAMS 0x000000008b200000, 0x000000008b200000| Untracked 
| 179|0x000000008b300000, 0x000000008b300000, 0x000000008b400000|  0%| F|  |TAMS 0x000000008b300000, 0x000000008b300000| Untracked 
| 180|0x000000008b400000, 0x000000008b400000, 0x000000008b500000|  0%| F|  |TAMS 0x000000008b400000, 0x000000008b400000| Untracked 
| 181|0x000000008b500000, 0x000000008b500000, 0x000000008b600000|  0%| F|  |TAMS 0x000000008b500000, 0x000000008b500000| Untracked 
| 182|0x000000008b600000, 0x000000008b600000, 0x000000008b700000|  0%| F|  |TAMS 0x000000008b600000, 0x000000008b600000| Untracked 
| 183|0x000000008b700000, 0x000000008b700000, 0x000000008b800000|  0%| F|  |TAMS 0x000000008b700000, 0x000000008b700000| Untracked 
| 184|0x000000008b800000, 0x000000008b800000, 0x000000008b900000|  0%| F|  |TAMS 0x000000008b800000, 0x000000008b800000| Untracked 
| 185|0x000000008b900000, 0x000000008b900000, 0x000000008ba00000|  0%| F|  |TAMS 0x000000008b900000, 0x000000008b900000| Untracked 
| 186|0x000000008ba00000, 0x000000008ba00000, 0x000000008bb00000|  0%| F|  |TAMS 0x000000008ba00000, 0x000000008ba00000| Untracked 
| 187|0x000000008bb00000, 0x000000008bb00000, 0x000000008bc00000|  0%| F|  |TAMS 0x000000008bb00000, 0x000000008bb00000| Untracked 
| 188|0x000000008bc00000, 0x000000008bc00000, 0x000000008bd00000|  0%| F|  |TAMS 0x000000008bc00000, 0x000000008bc00000| Untracked 
| 189|0x000000008bd00000, 0x000000008bd00000, 0x000000008be00000|  0%| F|  |TAMS 0x000000008bd00000, 0x000000008bd00000| Untracked 
| 190|0x000000008be00000, 0x000000008be00000, 0x000000008bf00000|  0%| F|  |TAMS 0x000000008be00000, 0x000000008be00000| Untracked 
| 191|0x000000008bf00000, 0x000000008bf00000, 0x000000008c000000|  0%| F|  |TAMS 0x000000008bf00000, 0x000000008bf00000| Untracked 
| 192|0x000000008c000000, 0x000000008c000000, 0x000000008c100000|  0%| F|  |TAMS 0x000000008c000000, 0x000000008c000000| Untracked 
| 193|0x000000008c100000, 0x000000008c100000, 0x000000008c200000|  0%| F|  |TAMS 0x000000008c100000, 0x000000008c100000| Untracked 
| 194|0x000000008c200000, 0x000000008c200000, 0x000000008c300000|  0%| F|  |TAMS 0x000000008c200000, 0x000000008c200000| Untracked 
| 195|0x000000008c300000, 0x000000008c300000, 0x000000008c400000|  0%| F|  |TAMS 0x000000008c300000, 0x000000008c300000| Untracked 
| 196|0x000000008c400000, 0x000000008c400000, 0x000000008c500000|  0%| F|  |TAMS 0x000000008c400000, 0x000000008c400000| Untracked 
| 197|0x000000008c500000, 0x000000008c500000, 0x000000008c600000|  0%| F|  |TAMS 0x000000008c500000, 0x000000008c500000| Untracked 
| 198|0x000000008c600000, 0x000000008c600000, 0x000000008c700000|  0%| F|  |TAMS 0x000000008c600000, 0x000000008c600000| Untracked 
| 199|0x000000008c700000, 0x000000008c700000, 0x000000008c800000|  0%| F|  |TAMS 0x000000008c700000, 0x000000008c700000| Untracked 
| 200|0x000000008c800000, 0x000000008c800000, 0x000000008c900000|  0%| F|  |TAMS 0x000000008c800000, 0x000000008c800000| Untracked 
| 201|0x000000008c900000, 0x000000008c900000, 0x000000008ca00000|  0%| F|  |TAMS 0x000000008c900000, 0x000000008c900000| Untracked 
| 202|0x000000008ca00000, 0x000000008ca00000, 0x000000008cb00000|  0%| F|  |TAMS 0x000000008ca00000, 0x000000008ca00000| Untracked 
| 203|0x000000008cb00000, 0x000000008cb00000, 0x000000008cc00000|  0%| F|  |TAMS 0x000000008cb00000, 0x000000008cb00000| Untracked 
| 204|0x000000008cc00000, 0x000000008cc00000, 0x000000008cd00000|  0%| F|  |TAMS 0x000000008cc00000, 0x000000008cc00000| Untracked 
| 205|0x000000008cd00000, 0x000000008cd00000, 0x000000008ce00000|  0%| F|  |TAMS 0x000000008cd00000, 0x000000008cd00000| Untracked 
| 206|0x000000008ce00000, 0x000000008ce00000, 0x000000008cf00000|  0%| F|  |TAMS 0x000000008ce00000, 0x000000008ce00000| Untracked 
| 207|0x000000008cf00000, 0x000000008cf00000, 0x000000008d000000|  0%| F|  |TAMS 0x000000008cf00000, 0x000000008cf00000| Untracked 
| 208|0x000000008d000000, 0x000000008d000000, 0x000000008d100000|  0%| F|  |TAMS 0x000000008d000000, 0x000000008d000000| Untracked 
| 209|0x000000008d100000, 0x000000008d127040, 0x000000008d200000| 15%| E|  |TAMS 0x000000008d100000, 0x000000008d100000| Complete 
| 210|0x000000008d200000, 0x000000008d300000, 0x000000008d300000|100%| E|CS|TAMS 0x000000008d200000, 0x000000008d200000| Complete 
| 211|0x000000008d300000, 0x000000008d400000, 0x000000008d400000|100%| E|CS|TAMS 0x000000008d300000, 0x000000008d300000| Complete 
| 212|0x000000008d400000, 0x000000008d500000, 0x000000008d500000|100%| E|CS|TAMS 0x000000008d400000, 0x000000008d400000| Complete 
| 213|0x000000008d500000, 0x000000008d600000, 0x000000008d600000|100%| E|CS|TAMS 0x000000008d500000, 0x000000008d500000| Complete 
| 214|0x000000008d600000, 0x000000008d700000, 0x000000008d700000|100%| E|CS|TAMS 0x000000008d600000, 0x000000008d600000| Complete 
| 215|0x000000008d700000, 0x000000008d800000, 0x000000008d800000|100%| E|CS|TAMS 0x000000008d700000, 0x000000008d700000| Complete 
| 216|0x000000008d800000, 0x000000008d900000, 0x000000008d900000|100%| E|CS|TAMS 0x000000008d800000, 0x000000008d800000| Complete 
| 217|0x000000008d900000, 0x000000008da00000, 0x000000008da00000|100%| E|CS|TAMS 0x000000008d900000, 0x000000008d900000| Complete 
| 218|0x000000008da00000, 0x000000008db00000, 0x000000008db00000|100%| E|CS|TAMS 0x000000008da00000, 0x000000008da00000| Complete 
| 219|0x000000008db00000, 0x000000008dc00000, 0x000000008dc00000|100%| E|  |TAMS 0x000000008db00000, 0x000000008db00000| Complete 
| 220|0x000000008dc00000, 0x000000008dd00000, 0x000000008dd00000|100%| E|CS|TAMS 0x000000008dc00000, 0x000000008dc00000| Complete 
| 221|0x000000008dd00000, 0x000000008de00000, 0x000000008de00000|100%| E|CS|TAMS 0x000000008dd00000, 0x000000008dd00000| Complete 
| 222|0x000000008de00000, 0x000000008df00000, 0x000000008df00000|100%| E|CS|TAMS 0x000000008de00000, 0x000000008de00000| Complete 
| 223|0x000000008df00000, 0x000000008e000000, 0x000000008e000000|100%| E|CS|TAMS 0x000000008df00000, 0x000000008df00000| Complete 
| 224|0x000000008e000000, 0x000000008e100000, 0x000000008e100000|100%| E|CS|TAMS 0x000000008e000000, 0x000000008e000000| Complete 
| 225|0x000000008e100000, 0x000000008e200000, 0x000000008e200000|100%| E|CS|TAMS 0x000000008e100000, 0x000000008e100000| Complete 
| 226|0x000000008e200000, 0x000000008e300000, 0x000000008e300000|100%| E|CS|TAMS 0x000000008e200000, 0x000000008e200000| Complete 
| 227|0x000000008e300000, 0x000000008e400000, 0x000000008e400000|100%| E|CS|TAMS 0x000000008e300000, 0x000000008e300000| Complete 
| 228|0x000000008e400000, 0x000000008e500000, 0x000000008e500000|100%| E|CS|TAMS 0x000000008e400000, 0x000000008e400000| Complete 
| 229|0x000000008e500000, 0x000000008e600000, 0x000000008e600000|100%| E|CS|TAMS 0x000000008e500000, 0x000000008e500000| Complete 
| 230|0x000000008e600000, 0x000000008e700000, 0x000000008e700000|100%| E|CS|TAMS 0x000000008e600000, 0x000000008e600000| Complete 
| 231|0x000000008e700000, 0x000000008e800000, 0x000000008e800000|100%| E|CS|TAMS 0x000000008e700000, 0x000000008e700000| Complete 
| 232|0x000000008e800000, 0x000000008e900000, 0x000000008e900000|100%| E|CS|TAMS 0x000000008e800000, 0x000000008e800000| Complete 
| 233|0x000000008e900000, 0x000000008ea00000, 0x000000008ea00000|100%| E|CS|TAMS 0x000000008e900000, 0x000000008e900000| Complete 
| 234|0x000000008ea00000, 0x000000008eb00000, 0x000000008eb00000|100%| E|CS|TAMS 0x000000008ea00000, 0x000000008ea00000| Complete 
| 235|0x000000008eb00000, 0x000000008ec00000, 0x000000008ec00000|100%| E|CS|TAMS 0x000000008eb00000, 0x000000008eb00000| Complete 
| 236|0x000000008ec00000, 0x000000008ed00000, 0x000000008ed00000|100%| E|CS|TAMS 0x000000008ec00000, 0x000000008ec00000| Complete 
| 237|0x000000008ed00000, 0x000000008ee00000, 0x000000008ee00000|100%| E|CS|TAMS 0x000000008ed00000, 0x000000008ed00000| Complete 
| 238|0x000000008ee00000, 0x000000008ef00000, 0x000000008ef00000|100%| E|CS|TAMS 0x000000008ee00000, 0x000000008ee00000| Complete 
| 239|0x000000008ef00000, 0x000000008f000000, 0x000000008f000000|100%| E|CS|TAMS 0x000000008ef00000, 0x000000008ef00000| Complete 
| 240|0x000000008f000000, 0x000000008f100000, 0x000000008f100000|100%| E|CS|TAMS 0x000000008f000000, 0x000000008f000000| Complete 
| 241|0x000000008f100000, 0x000000008f200000, 0x000000008f200000|100%| E|CS|TAMS 0x000000008f100000, 0x000000008f100000| Complete 
| 242|0x000000008f200000, 0x000000008f300000, 0x000000008f300000|100%| E|CS|TAMS 0x000000008f200000, 0x000000008f200000| Complete 
| 243|0x000000008f300000, 0x000000008f400000, 0x000000008f400000|100%| E|CS|TAMS 0x000000008f300000, 0x000000008f300000| Complete 
| 244|0x000000008f400000, 0x000000008f500000, 0x000000008f500000|100%| E|CS|TAMS 0x000000008f400000, 0x000000008f400000| Complete 
| 245|0x000000008f500000, 0x000000008f600000, 0x000000008f600000|100%| E|CS|TAMS 0x000000008f500000, 0x000000008f500000| Complete 
| 246|0x000000008f600000, 0x000000008f700000, 0x000000008f700000|100%| E|CS|TAMS 0x000000008f600000, 0x000000008f600000| Complete 
| 247|0x000000008f700000, 0x000000008f800000, 0x000000008f800000|100%| E|CS|TAMS 0x000000008f700000, 0x000000008f700000| Complete 
| 248|0x000000008f800000, 0x000000008f900000, 0x000000008f900000|100%| E|CS|TAMS 0x000000008f800000, 0x000000008f800000| Complete 
| 249|0x000000008f900000, 0x000000008fa00000, 0x000000008fa00000|100%| E|CS|TAMS 0x000000008f900000, 0x000000008f900000| Complete 
| 250|0x000000008fa00000, 0x000000008fb00000, 0x000000008fb00000|100%| E|CS|TAMS 0x000000008fa00000, 0x000000008fa00000| Complete 
| 251|0x000000008fb00000, 0x000000008fc00000, 0x000000008fc00000|100%| E|CS|TAMS 0x000000008fb00000, 0x000000008fb00000| Complete 
| 252|0x000000008fc00000, 0x000000008fd00000, 0x000000008fd00000|100%| E|CS|TAMS 0x000000008fc00000, 0x000000008fc00000| Complete 
| 253|0x000000008fd00000, 0x000000008fe00000, 0x000000008fe00000|100%| E|CS|TAMS 0x000000008fd00000, 0x000000008fd00000| Complete 
| 254|0x000000008fe00000, 0x000000008ff00000, 0x000000008ff00000|100%| E|CS|TAMS 0x000000008fe00000, 0x000000008fe00000| Complete 

Card table byte_map: [0x0000020f4cb70000,0x0000020f4cf70000] _byte_map_base: 0x0000020f4c770000

Marking Bits (Prev, Next): (CMBitMap*) 0x0000020f39e43d10, (CMBitMap*) 0x0000020f39e43cd8
 Prev Bits: [0x0000020f4f370000, 0x0000020f51370000)
 Next Bits: [0x0000020f4d370000, 0x0000020f4f370000)

Polling page: 0x0000020f395d0000

Metaspace:

Usage:
  Non-class:    100.28 MB capacity,    98.58 MB ( 98%) used,     1.37 MB (  1%) free+waste,   337.63 KB ( <1%) overhead. 
      Class:     14.83 MB capacity,    13.86 MB ( 93%) used,   848.19 KB (  6%) free+waste,   146.00 KB ( <1%) overhead. 
       Both:    115.11 MB capacity,   112.44 MB ( 98%) used,     2.20 MB (  2%) free+waste,   483.63 KB ( <1%) overhead. 

Virtual space:
  Non-class space:      102.00 MB reserved,     100.50 MB ( 99%) committed 
      Class space:        1.00 GB reserved,      14.88 MB (  1%) committed 
             Both:        1.10 GB reserved,     115.38 MB ( 10%) committed 

Chunk freelists:
   Non-Class:  31.00 KB
       Class:  0 bytes
        Both:  31.00 KB

MaxMetaspaceSize: 17179869184.00 GB
CompressedClassSpaceSize: 1.00 GB

CodeHeap 'non-profiled nmethods': size=120064Kb used=13686Kb max_used=15194Kb free=106378Kb
 bounds [0x0000020f45230000, 0x0000020f46110000, 0x0000020f4c770000]
CodeHeap 'profiled nmethods': size=120000Kb used=34694Kb max_used=41290Kb free=85305Kb
 bounds [0x0000020f3dd00000, 0x0000020f40570000, 0x0000020f45230000]
CodeHeap 'non-nmethods': size=5696Kb used=2320Kb max_used=2394Kb free=3375Kb
 bounds [0x0000020f3d770000, 0x0000020f3d9e0000, 0x0000020f3dd00000]
 total_blobs=17007 nmethods=16074 adapters=843
 compilation: enabled
              stopped_count=0, restarted_count=0
 full_count=0

Compilation events (20 events):
Event: 1214.930 Thread 0x0000020f541ff000 20244   !   3       jdk.nio.zipfs.ZipFileSystemProvider::newFileSystem (83 bytes)
Event: 1214.932 Thread 0x0000020f541ff000 nmethod 20244 0x0000020f3e60e510 code [0x0000020f3e60e840, 0x0000020f3e60fa18]
Event: 1214.932 Thread 0x0000020f541ff000 20245   !   3       jdk.nio.zipfs.ZipFileSystemProvider::ensureFile (33 bytes)
Event: 1214.932 Thread 0x0000020f541ff000 nmethod 20245 0x0000020f3e577a10 code [0x0000020f3e577c40, 0x0000020f3e5782e8]
Event: 1214.932 Thread 0x0000020f541ff000 20246       3       jdk.nio.zipfs.JarFileSystem::<init> (151 bytes)
Event: 1214.933 Thread 0x0000020f541ff000 nmethod 20246 0x0000020f3e5eba10 code [0x0000020f3e5ebce0, 0x0000020f3e5ecc38]
Event: 1214.934 Thread 0x0000020f541ff000 20247       3       sun.nio.fs.WindowsFileStore::<init> (97 bytes)
Event: 1214.935 Thread 0x0000020f541ff000 nmethod 20247 0x0000020f3e584c10 code [0x0000020f3e584e60, 0x0000020f3e585608]
Event: 1214.935 Thread 0x0000020f541ff000 20248       3       java.nio.file.FileStore::<init> (5 bytes)
Event: 1214.935 Thread 0x0000020f541ff000 nmethod 20248 0x0000020f3e430a90 code [0x0000020f3e430c40, 0x0000020f3e430d98]
Event: 1214.935 Thread 0x0000020f541ff000 20249       3       sun.nio.fs.WindowsNativeDispatcher$VolumeInformation::<init> (5 bytes)
Event: 1214.935 Thread 0x0000020f541ff000 nmethod 20249 0x0000020f3e459210 code [0x0000020f3e4593c0, 0x0000020f3e459518]
Event: 1214.945 Thread 0x0000020f541ff000 20250       3       jdk.nio.zipfs.ZipPath::<init> (8 bytes)
Event: 1214.945 Thread 0x0000020f541ff000 nmethod 20250 0x0000020f3e051c90 code [0x0000020f3e051e40, 0x0000020f3e051f68]
Event: 1214.945 Thread 0x0000020f541ff000 20251       3       jdk.nio.zipfs.ZipPath::normalize (99 bytes)
Event: 1214.946 Thread 0x0000020f541ff000 nmethod 20251 0x0000020f3e589710 code [0x0000020f3e589920, 0x0000020f3e589f88]
Event: 1215.570 Thread 0x0000020f541f8000 nmethod 20242% 0x0000020f4591a690 code [0x0000020f4591aba0, 0x0000020f45923af0]
Event: 1215.570 Thread 0x0000020f541f8000 20243 % !   4       jdk.nio.zipfs.ZipFileSystem::buildNodeTree @ 102 (285 bytes)
Event: 1215.814 Thread 0x0000020f541f8000 nmethod 20243% 0x0000020f4594c310 code [0x0000020f4594c660, 0x0000020f45951400]
Event: 1216.121 Thread 0x0000020f541f8000 20252   !   4       jdk.nio.zipfs.ZipFileSystem::buildNodeTree (285 bytes)

GC Heap History (20 events):
Event: 355.252 GC heap before
{Heap before GC invocations=89 (full 0):
 garbage-first heap   total 217088K, used 173056K [0x0000000080000000, 0x0000000100000000)
  region size 1024K, 37 young (37888K), 5 survivors (5120K)
 Metaspace       used 114134K, capacity 116811K, committed 117120K, reserved 1150976K
  class space    used 14153K, capacity 15120K, committed 15232K, reserved 1048576K
}
Event: 355.267 GC heap after
{Heap after GC invocations=90 (full 0):
 garbage-first heap   total 217088K, used 141507K [0x0000000080000000, 0x0000000100000000)
  region size 1024K, 2 young (2048K), 2 survivors (2048K)
 Metaspace       used 114134K, capacity 116811K, committed 117120K, reserved 1150976K
  class space    used 14153K, capacity 15120K, committed 15232K, reserved 1048576K
}
Event: 355.610 GC heap before
{Heap before GC invocations=90 (full 0):
 garbage-first heap   total 217088K, used 149699K [0x0000000080000000, 0x0000000100000000)
  region size 1024K, 10 young (10240K), 2 survivors (2048K)
 Metaspace       used 114200K, capacity 116887K, committed 117120K, reserved 1150976K
  class space    used 14153K, capacity 15120K, committed 15232K, reserved 1048576K
}
Event: 355.631 GC heap after
{Heap after GC invocations=91 (full 0):
 garbage-first heap   total 261120K, used 133647K [0x0000000080000000, 0x0000000100000000)
  region size 1024K, 2 young (2048K), 2 survivors (2048K)
 Metaspace       used 114200K, capacity 116887K, committed 117120K, reserved 1150976K
  class space    used 14153K, capacity 15120K, committed 15232K, reserved 1048576K
}
Event: 355.939 GC heap before
{Heap before GC invocations=91 (full 0):
 garbage-first heap   total 261120K, used 143887K [0x0000000080000000, 0x0000000100000000)
  region size 1024K, 13 young (13312K), 2 survivors (2048K)
 Metaspace       used 114235K, capacity 116963K, committed 117120K, reserved 1150976K
  class space    used 14154K, capacity 15120K, committed 15232K, reserved 1048576K
}
Event: 355.945 GC heap after
{Heap after GC invocations=92 (full 0):
 garbage-first heap   total 261120K, used 131816K [0x0000000080000000, 0x0000000100000000)
  region size 1024K, 2 young (2048K), 2 survivors (2048K)
 Metaspace       used 114235K, capacity 116963K, committed 117120K, reserved 1150976K
  class space    used 14154K, capacity 15120K, committed 15232K, reserved 1048576K
}
Event: 356.579 GC heap before
{Heap before GC invocations=93 (full 0):
 garbage-first heap   total 261120K, used 135912K [0x0000000080000000, 0x0000000100000000)
  region size 1024K, 7 young (7168K), 2 survivors (2048K)
 Metaspace       used 114237K, capacity 116963K, committed 117120K, reserved 1150976K
  class space    used 14154K, capacity 15120K, committed 15232K, reserved 1048576K
}
Event: 356.586 GC heap after
{Heap after GC invocations=94 (full 0):
 garbage-first heap   total 261120K, used 134098K [0x0000000080000000, 0x0000000100000000)
  region size 1024K, 3 young (3072K), 3 survivors (3072K)
 Metaspace       used 114237K, capacity 116963K, committed 117120K, reserved 1150976K
  class space    used 14154K, capacity 15120K, committed 15232K, reserved 1048576K
}
Event: 358.925 GC heap before
{Heap before GC invocations=95 (full 0):
 garbage-first heap   total 261120K, used 224210K [0x0000000080000000, 0x0000000100000000)
  region size 1024K, 60 young (61440K), 3 survivors (3072K)
 Metaspace       used 114632K, capacity 117392K, committed 117632K, reserved 1150976K
  class space    used 14175K, capacity 15164K, committed 15232K, reserved 1048576K
}
Event: 358.937 GC heap after
{Heap after GC invocations=96 (full 0):
 garbage-first heap   total 261120K, used 135066K [0x0000000080000000, 0x0000000100000000)
  region size 1024K, 3 young (3072K), 3 survivors (3072K)
 Metaspace       used 114632K, capacity 117392K, committed 117632K, reserved 1150976K
  class space    used 14175K, capacity 15164K, committed 15232K, reserved 1048576K
}
Event: 759.460 GC heap before
{Heap before GC invocations=96 (full 0):
 garbage-first heap   total 261120K, used 143258K [0x0000000080000000, 0x0000000100000000)
  region size 1024K, 12 young (12288K), 3 survivors (3072K)
 Metaspace       used 114699K, capacity 117457K, committed 117632K, reserved 1150976K
  class space    used 14177K, capacity 15164K, committed 15232K, reserved 1048576K
}
Event: 759.465 GC heap after
{Heap after GC invocations=97 (full 0):
 garbage-first heap   total 261120K, used 134169K [0x0000000080000000, 0x0000000100000000)
  region size 1024K, 1 young (1024K), 1 survivors (1024K)
 Metaspace       used 114699K, capacity 117457K, committed 117632K, reserved 1150976K
  class space    used 14177K, capacity 15164K, committed 15232K, reserved 1048576K
}
Event: 1210.580 GC heap before
{Heap before GC invocations=97 (full 0):
 garbage-first heap   total 261120K, used 197657K [0x0000000080000000, 0x0000000100000000)
  region size 1024K, 63 young (64512K), 1 survivors (1024K)
 Metaspace       used 115032K, capacity 117788K, committed 117888K, reserved 1153024K
  class space    used 14184K, capacity 15177K, committed 15232K, reserved 1048576K
}
Event: 1210.594 GC heap after
{Heap after GC invocations=98 (full 0):
 garbage-first heap   total 261120K, used 138677K [0x0000000080000000, 0x0000000100000000)
  region size 1024K, 5 young (5120K), 5 survivors (5120K)
 Metaspace       used 115032K, capacity 117788K, committed 117888K, reserved 1153024K
  class space    used 14184K, capacity 15177K, committed 15232K, reserved 1048576K
}
Event: 1211.707 GC heap before
{Heap before GC invocations=99 (full 0):
 garbage-first heap   total 261120K, used 192949K [0x0000000080000000, 0x0000000100000000)
  region size 1024K, 67 young (68608K), 5 survivors (5120K)
 Metaspace       used 115040K, capacity 117788K, committed 117888K, reserved 1153024K
  class space    used 14184K, capacity 15177K, committed 15232K, reserved 1048576K
}
Event: 1211.719 GC heap after
{Heap after GC invocations=100 (full 0):
 garbage-first heap   total 261120K, used 130939K [0x0000000080000000, 0x0000000100000000)
  region size 1024K, 2 young (2048K), 2 survivors (2048K)
 Metaspace       used 115040K, capacity 117788K, committed 117888K, reserved 1153024K
  class space    used 14184K, capacity 15177K, committed 15232K, reserved 1048576K
}
Event: 1211.825 GC heap before
{Heap before GC invocations=100 (full 0):
 garbage-first heap   total 261120K, used 140155K [0x0000000080000000, 0x0000000100000000)
  region size 1024K, 12 young (12288K), 2 survivors (2048K)
 Metaspace       used 115042K, capacity 117788K, committed 117888K, reserved 1153024K
  class space    used 14184K, capacity 15177K, committed 15232K, reserved 1048576K
}
Event: 1211.842 GC heap after
{Heap after GC invocations=101 (full 0):
 garbage-first heap   total 261120K, used 109385K [0x0000000080000000, 0x0000000100000000)
  region size 1024K, 1 young (1024K), 1 survivors (1024K)
 Metaspace       used 115042K, capacity 117788K, committed 117888K, reserved 1153024K
  class space    used 14184K, capacity 15177K, committed 15232K, reserved 1048576K
}
Event: 1212.599 GC heap before
{Heap before GC invocations=101 (full 0):
 garbage-first heap   total 261120K, used 190281K [0x0000000080000000, 0x0000000100000000)
  region size 1024K, 81 young (82944K), 1 survivors (1024K)
 Metaspace       used 115067K, capacity 117806K, committed 117888K, reserved 1153024K
  class space    used 14188K, capacity 15183K, committed 15232K, reserved 1048576K
}
Event: 1212.607 GC heap after
{Heap after GC invocations=102 (full 0):
 garbage-first heap   total 261120K, used 111205K [0x0000000080000000, 0x0000000100000000)
  region size 1024K, 3 young (3072K), 3 survivors (3072K)
 Metaspace       used 115067K, capacity 117806K, committed 117888K, reserved 1153024K
  class space    used 14188K, capacity 15183K, committed 15232K, reserved 1048576K
}

Deoptimization events (20 events):
Event: 1213.389 Thread 0x0000020f5a012800 DEOPT PACKING pc=0x0000020f460397d0 sp=0x000000b62a9f9da0
Event: 1213.389 Thread 0x0000020f5a012800 DEOPT UNPACKING pc=0x0000020f3d7974af sp=0x000000b62a9f9d20 mode 2
Event: 1214.896 Thread 0x0000020f5a012800 Uncommon trap: trap_request=0xffffffbe fr.pc=0x0000020f45ef6158 relative=0x0000000000003c38
Event: 1214.896 Thread 0x0000020f5a012800 Uncommon trap: reason=profile_predicate action=maybe_recompile pc=0x0000020f45ef6158 method=sun.nio.fs.WindowsPath.compareTo(Ljava/nio/file/Path;)I @ 53 c2
Event: 1214.896 Thread 0x0000020f5a012800 DEOPT PACKING pc=0x0000020f45ef6158 sp=0x000000b62a9f9ca0
Event: 1214.896 Thread 0x0000020f5a012800 DEOPT UNPACKING pc=0x0000020f3d7974af sp=0x000000b62a9f9b98 mode 2
Event: 1214.930 Thread 0x0000020f5a012800 Uncommon trap: trap_request=0xffffffbe fr.pc=0x0000020f45ef6158 relative=0x0000000000003c38
Event: 1214.930 Thread 0x0000020f5a012800 Uncommon trap: reason=profile_predicate action=maybe_recompile pc=0x0000020f45ef6158 method=sun.nio.fs.WindowsPath.compareTo(Ljava/nio/file/Path;)I @ 53 c2
Event: 1214.930 Thread 0x0000020f5a012800 DEOPT PACKING pc=0x0000020f45ef6158 sp=0x000000b62a9f9ca0
Event: 1214.930 Thread 0x0000020f5a012800 DEOPT UNPACKING pc=0x0000020f3d7974af sp=0x000000b62a9f9b98 mode 2
Event: 1214.940 Thread 0x0000020f5a012800 Uncommon trap: trap_request=0xffffffbe fr.pc=0x0000020f45ef6158 relative=0x0000000000003c38
Event: 1214.940 Thread 0x0000020f5a012800 Uncommon trap: reason=profile_predicate action=maybe_recompile pc=0x0000020f45ef6158 method=sun.nio.fs.WindowsPath.compareTo(Ljava/nio/file/Path;)I @ 53 c2
Event: 1214.940 Thread 0x0000020f5a012800 DEOPT PACKING pc=0x0000020f45ef6158 sp=0x000000b62a9f9c40
Event: 1214.940 Thread 0x0000020f5a012800 DEOPT UNPACKING pc=0x0000020f3d7974af sp=0x000000b62a9f9b38 mode 2
Event: 1214.947 Thread 0x0000020f5a012800 Uncommon trap: trap_request=0xffffffbe fr.pc=0x0000020f45ef6158 relative=0x0000000000003c38
Event: 1214.947 Thread 0x0000020f5a012800 Uncommon trap: reason=profile_predicate action=maybe_recompile pc=0x0000020f45ef6158 method=sun.nio.fs.WindowsPath.compareTo(Ljava/nio/file/Path;)I @ 53 c2
Event: 1214.947 Thread 0x0000020f5a012800 DEOPT PACKING pc=0x0000020f45ef6158 sp=0x000000b62a9f9c40
Event: 1214.947 Thread 0x0000020f5a012800 DEOPT UNPACKING pc=0x0000020f3d7974af sp=0x000000b62a9f9b38 mode 2
Event: 1216.121 Thread 0x0000020f5a012800 DEOPT PACKING pc=0x0000020f3f25ef5f sp=0x000000b62a9f9600
Event: 1216.121 Thread 0x0000020f5a012800 DEOPT UNPACKING pc=0x0000020f3d7972ce sp=0x000000b62a9f8b60 mode 0

Classes redefined (0 events):
No events

Internal exceptions (20 events):
Event: 352.027 Thread 0x0000020f5dcd5800 Exception <a 'sun/nio/fs/WindowsException'{0x000000008d37f198}> (0x000000008d37f198) thrown at [./src/hotspot/share/prims/jni.cpp, line 615]
Event: 352.069 Thread 0x0000020f55bc5000 Exception <a 'sun/nio/fs/WindowsException'{0x000000008d124fe0}> (0x000000008d124fe0) thrown at [./src/hotspot/share/prims/jni.cpp, line 615]
Event: 352.157 Thread 0x0000020f55bc5000 Exception <a 'sun/nio/fs/WindowsException'{0x000000008cfdb718}> (0x000000008cfdb718) thrown at [./src/hotspot/share/prims/jni.cpp, line 615]
Event: 357.019 Thread 0x0000020f55bc5000 Exception <a 'sun/nio/fs/WindowsException'{0x000000008fbf2168}> (0x000000008fbf2168) thrown at [./src/hotspot/share/prims/jni.cpp, line 615]
Event: 357.021 Thread 0x0000020f5dcd9000 Exception <a 'sun/nio/fs/WindowsException'{0x000000008fcb7460}> (0x000000008fcb7460) thrown at [./src/hotspot/share/prims/jni.cpp, line 615]
Event: 357.137 Thread 0x0000020f5dcd7000 Exception <a 'sun/nio/fs/WindowsException'{0x000000008fa531b8}> (0x000000008fa531b8) thrown at [./src/hotspot/share/prims/jni.cpp, line 615]
Event: 357.222 Thread 0x0000020f5dcd9000 Exception <a 'sun/nio/fs/WindowsException'{0x000000008f36c030}> (0x000000008f36c030) thrown at [./src/hotspot/share/prims/jni.cpp, line 615]
Event: 357.294 Thread 0x0000020f5dcd7000 Exception <a 'sun/nio/fs/WindowsException'{0x000000008eca4a90}> (0x000000008eca4a90) thrown at [./src/hotspot/share/prims/jni.cpp, line 615]
Event: 358.108 Thread 0x0000020f55bc5000 Exception <a 'sun/nio/fs/WindowsException'{0x000000008d526450}> (0x000000008d526450) thrown at [./src/hotspot/share/prims/jni.cpp, line 615]
Event: 1209.362 Thread 0x0000020f56b49800 Implicit null exception at 0x0000020f45be4c94 to 0x0000020f45becf44
Event: 1209.985 Thread 0x0000020f56b49800 Exception <a 'sun/nio/fs/WindowsException'{0x000000008d2ae850}> (0x000000008d2ae850) thrown at [./src/hotspot/share/prims/jni.cpp, line 615]
Event: 1213.217 Thread 0x0000020f5a012800 Exception <a 'sun/nio/fs/WindowsException'{0x000000008e27c6e8}> (0x000000008e27c6e8) thrown at [./src/hotspot/share/prims/jni.cpp, line 615]
Event: 1213.218 Thread 0x0000020f5a012800 Exception <a 'sun/nio/fs/WindowsException'{0x000000008e27d5d0}> (0x000000008e27d5d0) thrown at [./src/hotspot/share/prims/jni.cpp, line 615]
Event: 1213.219 Thread 0x0000020f5a012800 Exception <a 'sun/nio/fs/WindowsException'{0x000000008e2819c0}> (0x000000008e2819c0) thrown at [./src/hotspot/share/prims/jni.cpp, line 615]
Event: 1213.219 Thread 0x0000020f5a012800 Exception <a 'sun/nio/fs/WindowsException'{0x000000008e2828f0}> (0x000000008e2828f0) thrown at [./src/hotspot/share/prims/jni.cpp, line 615]
Event: 1213.220 Thread 0x0000020f5a012800 Exception <a 'sun/nio/fs/WindowsException'{0x000000008e284be8}> (0x000000008e284be8) thrown at [./src/hotspot/share/prims/jni.cpp, line 615]
Event: 1213.220 Thread 0x0000020f5a012800 Exception <a 'sun/nio/fs/WindowsException'{0x000000008e285b28}> (0x000000008e285b28) thrown at [./src/hotspot/share/prims/jni.cpp, line 615]
Event: 1214.873 Thread 0x0000020f5a012800 Exception <a 'sun/nio/fs/WindowsException'{0x000000008dbb1a10}> (0x000000008dbb1a10) thrown at [./src/hotspot/share/prims/jni.cpp, line 615]
Event: 1214.895 Thread 0x0000020f5a012800 Exception <a 'sun/nio/fs/WindowsException'{0x000000008daba3b0}> (0x000000008daba3b0) thrown at [./src/hotspot/share/prims/jni.cpp, line 615]
Event: 1214.895 Thread 0x0000020f5a012800 Exception <a 'sun/nio/fs/WindowsException'{0x000000008daba4b8}> (0x000000008daba4b8) thrown at [./src/hotspot/share/prims/jni.cpp, line 615]

Events (20 events):
Event: 1212.337 loading class org/gradle/internal/execution/steps/ValidateStep$1 done
Event: 1212.594 loading class org/gradle/internal/typeconversion/NotationConverterToNotationParserAdapter$1
Event: 1212.594 loading class org/gradle/internal/typeconversion/NotationConverterToNotationParserAdapter$1 done
Event: 1212.599 Executing VM operation: G1CollectForAllocation
Event: 1212.607 Executing VM operation: G1CollectForAllocation done
Event: 1212.676 Thread 0x0000020f59e78800 Thread added: 0x0000020f59e78800
Event: 1212.763 Executing VM operation: RevokeBias
Event: 1212.764 Executing VM operation: RevokeBias done
Event: 1212.911 Executing VM operation: CGC_Operation
Event: 1212.931 Executing VM operation: CGC_Operation done
Event: 1213.084 Executing VM operation: CGC_Operation
Event: 1213.084 Executing VM operation: CGC_Operation done
Event: 1213.208 Executing VM operation: RevokeBias
Event: 1213.209 Executing VM operation: RevokeBias done
Event: 1213.211 Executing VM operation: RevokeBias
Event: 1213.212 Executing VM operation: RevokeBias done
Event: 1213.241 Thread 0x0000020f59e7a800 Thread added: 0x0000020f59e7a800
Event: 1213.618 Thread 0x0000020f59e78800 Thread exited: 0x0000020f59e78800
Event: 1214.896 Executing VM operation: RevokeBias
Event: 1214.896 Executing VM operation: RevokeBias done


Dynamic libraries:
0x00007ff649430000 - 0x00007ff64943a000 	E:\Program Files\Android\Android Studio\jre\bin\java.exe
0x00007ffd04d40000 - 0x00007ffd04f30000 	C:\Windows\SYSTEM32\ntdll.dll
0x00007ffcdc100000 - 0x00007ffcdc134000 	C:\Program Files\AVAST Software\Avast\x64\aswhooka.dll
0x00007ffd04050000 - 0x00007ffd04102000 	C:\Windows\System32\KERNEL32.DLL
0x00007ffd02910000 - 0x00007ffd02bb5000 	C:\Windows\System32\KERNELBASE.dll
0x00007ffd01f30000 - 0x00007ffd0202a000 	C:\Windows\System32\ucrtbase.dll
0x00007ffca6e50000 - 0x00007ffca6e69000 	E:\Program Files\Android\Android Studio\jre\bin\jli.dll
0x00007ffd04600000 - 0x00007ffd04794000 	C:\Windows\System32\USER32.dll
0x00007ffd02130000 - 0x00007ffd02151000 	C:\Windows\System32\win32u.dll
0x00007ffd02e90000 - 0x00007ffd02eb6000 	C:\Windows\System32\GDI32.dll
0x00007ffd02c50000 - 0x00007ffd02de6000 	C:\Windows\System32\gdi32full.dll
0x00007ffd02030000 - 0x00007ffd020ce000 	C:\Windows\System32\msvcp_win.dll
0x00007ffca6e30000 - 0x00007ffca6e47000 	E:\Program Files\Android\Android Studio\jre\bin\VCRUNTIME140.dll
0x00007ffcf1070000 - 0x00007ffcf12f4000 	C:\Windows\WinSxS\amd64_microsoft.windows.common-controls_6595b64144ccf1df_6.0.18362.1256_none_9e7e379be45e40e2\COMCTL32.dll
0x00007ffd032f0000 - 0x00007ffd0338e000 	C:\Windows\System32\msvcrt.dll
0x00007ffd048e0000 - 0x00007ffd04c16000 	C:\Windows\System32\combase.dll
0x00007ffd03560000 - 0x00007ffd03680000 	C:\Windows\System32\RPCRT4.dll
0x00007ffd02bc0000 - 0x00007ffd02c41000 	C:\Windows\System32\bcryptPrimitives.dll
0x00007ffd03680000 - 0x00007ffd036ae000 	C:\Windows\System32\IMM32.DLL
0x00007ffca6d90000 - 0x00007ffca6e2d000 	E:\Program Files\Android\Android Studio\jre\bin\msvcp140.dll
0x00007ffcc8050000 - 0x00007ffcc8b0c000 	E:\Program Files\Android\Android Studio\jre\bin\server\jvm.dll
0x00007ffd03390000 - 0x00007ffd03433000 	C:\Windows\System32\ADVAPI32.dll
0x00007ffd02df0000 - 0x00007ffd02e87000 	C:\Windows\System32\sechost.dll
0x00007ffd02f90000 - 0x00007ffd02f98000 	C:\Windows\System32\PSAPI.DLL
0x00007ffcdc380000 - 0x00007ffcdc389000 	C:\Windows\SYSTEM32\WSOCK32.dll
0x00007ffd034f0000 - 0x00007ffd0355f000 	C:\Windows\System32\WS2_32.dll
0x00007ffcffa50000 - 0x00007ffcffa74000 	C:\Windows\SYSTEM32\WINMM.dll
0x00007ffcfa1b0000 - 0x00007ffcfa1ba000 	C:\Windows\SYSTEM32\VERSION.dll
0x00007ffcff8a0000 - 0x00007ffcff8cd000 	C:\Windows\SYSTEM32\WINMMBASE.dll
0x00007ffd01d90000 - 0x00007ffd01dda000 	C:\Windows\System32\cfgmgr32.dll
0x00007ffd01bf0000 - 0x00007ffd01c01000 	C:\Windows\System32\kernel.appcore.dll
0x00007ffcd2af0000 - 0x00007ffcd2b01000 	E:\Program Files\Android\Android Studio\jre\bin\verify.dll
0x00007ffd00480000 - 0x00007ffd00674000 	C:\Windows\SYSTEM32\DBGHELP.DLL
0x00007ffceefb0000 - 0x00007ffceefda000 	C:\Windows\SYSTEM32\dbgcore.DLL
0x00007ffcc8020000 - 0x00007ffcc8049000 	E:\Program Files\Android\Android Studio\jre\bin\java.dll
0x00007ffce7fd0000 - 0x00007ffce7fdb000 	E:\Program Files\Android\Android Studio\jre\bin\jimage.dll
0x00007ffcc8000000 - 0x00007ffcc8018000 	E:\Program Files\Android\Android Studio\jre\bin\zip.dll
0x00007ffd036b0000 - 0x00007ffd03d97000 	C:\Windows\System32\SHELL32.dll
0x00007ffd03440000 - 0x00007ffd034e9000 	C:\Windows\System32\shcore.dll
0x00007ffd02160000 - 0x00007ffd028e1000 	C:\Windows\System32\windows.storage.dll
0x00007ffd01c10000 - 0x00007ffd01c33000 	C:\Windows\System32\profapi.dll
0x00007ffd01c60000 - 0x00007ffd01caa000 	C:\Windows\System32\powrprof.dll
0x00007ffd01be0000 - 0x00007ffd01bf0000 	C:\Windows\System32\UMPDC.dll
0x00007ffd04c20000 - 0x00007ffd04c72000 	C:\Windows\System32\shlwapi.dll
0x00007ffd028f0000 - 0x00007ffd02907000 	C:\Windows\System32\cryptsp.dll
0x00007ffcc7fb0000 - 0x00007ffcc7fca000 	E:\Program Files\Android\Android Studio\jre\bin\net.dll
0x00007ffcf21c0000 - 0x00007ffcf22b0000 	C:\Windows\SYSTEM32\WINHTTP.dll
0x00007ffd013d0000 - 0x00007ffd01437000 	C:\Windows\system32\mswsock.dll
0x00007ffcc7f90000 - 0x00007ffcc7fa4000 	E:\Program Files\Android\Android Studio\jre\bin\nio.dll
0x00007ffca8c60000 - 0x00007ffca8c87000 	C:\Users\hp\.gradle\native\fdc75f09e3144964f2cf3f50f0aa648679c211496f362492102eb8c894070792\windows-amd64\native-platform.dll
0x00007ffca8ac0000 - 0x00007ffca8c56000 	C:\Users\hp\.gradle\native\12488b8bf47d2d4c9fbf2f6322a914ad602e24e48041cd04a747c6da556b65c4\windows-amd64\native-platform-file-events.dll
0x00007ffce4dd0000 - 0x00007ffce4dda000 	E:\Program Files\Android\Android Studio\jre\bin\management.dll
0x00007ffce4670000 - 0x00007ffce467c000 	E:\Program Files\Android\Android Studio\jre\bin\management_ext.dll
0x00007ffd00f40000 - 0x00007ffd00f73000 	C:\Windows\system32\rsaenh.dll
0x00007ffd01cb0000 - 0x00007ffd01cd6000 	C:\Windows\System32\bcrypt.dll
0x00007ffd01b00000 - 0x00007ffd01b25000 	C:\Windows\SYSTEM32\USERENV.dll
0x00007ffd015a0000 - 0x00007ffd015ac000 	C:\Windows\SYSTEM32\CRYPTBASE.dll
0x00007ffd010e0000 - 0x00007ffd0111a000 	C:\Windows\SYSTEM32\IPHLPAPI.DLL
0x00007ffd03e20000 - 0x00007ffd03e28000 	C:\Windows\System32\NSI.dll
0x00007ffcf2d50000 - 0x00007ffcf2d66000 	C:\Windows\SYSTEM32\dhcpcsvc6.DLL
0x00007ffcf3280000 - 0x00007ffcf329c000 	C:\Windows\SYSTEM32\dhcpcsvc.DLL
0x00007ffd01130000 - 0x00007ffd011fb000 	C:\Windows\SYSTEM32\DNSAPI.dll
0x00007ffcf6f60000 - 0x00007ffcf6f6b000 	C:\Windows\SYSTEM32\WINNSI.DLL
0x00007ffcc2720000 - 0x00007ffcc2747000 	E:\Program Files\Android\Android Studio\jre\bin\sunec.dll

dbghelp: loaded successfully - version: 4.0.5 - missing functions: none
symbol engine: initialized successfully - sym options: 0x614 - pdb path: .;E:\Program Files\Android\Android Studio\jre\bin;C:\Windows\SYSTEM32;C:\Program Files\AVAST Software\Avast\x64;C:\Windows\WinSxS\amd64_microsoft.windows.common-controls_6595b64144ccf1df_6.0.18362.1256_none_9e7e379be45e40e2;E:\Program Files\Android\Android Studio\jre\bin\server;C:\Users\hp\.gradle\native\fdc75f09e3144964f2cf3f50f0aa648679c211496f362492102eb8c894070792\windows-amd64;C:\Users\hp\.gradle\native\12488b8bf47d2d4c9fbf2f6322a914ad602e24e48041cd04a747c6da556b65c4\windows-amd64

VM Arguments:
jvm_args: --add-opens=java.base/java.util=ALL-UNNAMED --add-opens=java.base/java.lang=ALL-UNNAMED --add-opens=java.base/java.lang.invoke=ALL-UNNAMED --add-opens=java.prefs/java.util.prefs=ALL-UNNAMED -Xmx2048m -Dfile.encoding=UTF-8 -Duser.country=US -Duser.language=en -Duser.variant 
java_command: org.gradle.launcher.daemon.bootstrap.GradleDaemon 6.7.1
java_class_path (initial): C:\Users\hp\.gradle\wrapper\dists\gradle-6.7.1-bin\bwlcbys1h7rz3272sye1xwiv6\gradle-6.7.1\lib\gradle-launcher-6.7.1.jar
Launcher Type: SUN_STANDARD

[Global flags]
     intx CICompilerCount                          = 3                                         {product} {ergonomic}
     uint ConcGCThreads                            = 1                                         {product} {ergonomic}
     uint G1ConcRefinementThreads                  = 4                                         {product} {ergonomic}
   size_t G1HeapRegionSize                         = 1048576                                   {product} {ergonomic}
    uintx GCDrainStackTargetSize                   = 64                                        {product} {ergonomic}
   size_t InitialHeapSize                          = 134217728                                 {product} {ergonomic}
   size_t MarkStackSize                            = 4194304                                   {product} {ergonomic}
   size_t MaxHeapSize                              = 2147483648                                {product} {command line}
   size_t MaxNewSize                               = 1287651328                                {product} {ergonomic}
   size_t MinHeapDeltaBytes                        = 1048576                                   {product} {ergonomic}
    uintx NonNMethodCodeHeapSize                   = 5830732                                {pd product} {ergonomic}
    uintx NonProfiledCodeHeapSize                  = 122913754                              {pd product} {ergonomic}
    uintx ProfiledCodeHeapSize                     = 122913754                              {pd product} {ergonomic}
    uintx ReservedCodeCacheSize                    = 251658240                              {pd product} {ergonomic}
     bool SegmentedCodeCache                       = true                                      {product} {ergonomic}
     bool UseCompressedClassPointers               = true                                 {lp64_product} {ergonomic}
     bool UseCompressedOops                        = true                                 {lp64_product} {ergonomic}
     bool UseG1GC                                  = true                                      {product} {ergonomic}
     bool UseLargePagesIndividualAllocation        = false                                  {pd product} {ergonomic}

Logging:
Log output configuration:
 #0: stdout all=warning uptime,level,tags
 #1: stderr all=off uptime,level,tags

Environment Variables:
JAVA_HOME=C:\Program Files\Java\jdk-17.0.1
PATH=C:\ffmpeg\bin;C:\Program Files\Common Files\Oracle\Java\javapath;C:\Python310\Scripts\;C:\Python310\;C:\ProgramData\Oracle\Java\javapath;C:\Windows\system32;C:\Windows;C:\Windows\System32\Wbem;C:\Windows\System32\WindowsPowerShell\v1.0\;C:\Windows\System32\OpenSSH\;C:\Program Files\Java\jdk-17\bin;C:\Program Files\Microsoft SQL Server\Client SDK\ODBC\110\Tools\Binn\;C:\Program Files\Microsoft SQL Server\Client SDK\ODBC\170\Tools\Binn\;C:\ProgramData\chocolatey\bin;C:\Program Files\Java\jdk-17.0.1\bin;C:\Program Files\Azure Data Studio\bin;C:\Program Files\dotnet\;C:\Program Files\Git\cmd;C:\Program Files\nodejs\;C:\Users\hp\AppData\Local\Microsoft\WindowsApps;D:\Microsoft VS Code\bin;C:\Users\hp\AppData\Local\Android\Sdk\platform-tools;C:\Users\hp\AppData\Local\Microsoft\WindowsApps;D:\Microsoft VS Code\bin;C:\Program Files\Azure Data Studio\bin;C:\Users\hp\AppData\Local\Android\Sdk\platform-tools;;C:\Users\hp\AppData\Local\Programs\Microsoft VS Code\bin;C:\Users\hp\.dotnet\tools;C:\Users\hp\AppData\Roaming\npm
USERNAME=hp
OS=Windows_NT
PROCESSOR_IDENTIFIER=Intel64 Family 6 Model 142 Stepping 9, GenuineIntel



---------------  S Y S T E M  ---------------

OS: Windows 10 , 64 bit Build 18362 (10.0.18362.1110)
OS uptime: 0 days 0:22 hours

CPU:total 4 (initial active 4) (2 cores per cpu, 2 threads per core) family 6 model 142 stepping 9, cmov, cx8, fxsr, mmx, sse, sse2, sse3, ssse3, sse4.1, sse4.2, popcnt, avx, avx2, aes, clmul, erms, 3dnowpref, lzcnt, ht, tsc, tscinvbit, bmi1, bmi2, adx, fma

Memory: 4k page, system-wide physical 8078M (404M free)
TotalPageFile size 8078M (AvailPageFile size 861M)
current process WorkingSet (physical memory assigned to process): 481M, peak: 586M
current process commit charge ("private bytes"): 614M, peak: 619M

vm_info: OpenJDK 64-Bit Server VM (11.0.8+10-b944.6842174) for windows-amd64 JRE (11.0.8+10-b944.6842174), built on Sep 19 2020 01:11:42 by "builder" with MS VC++ 14.0 (VS2015)

END.
