#
# There is insufficient memory for the Java Runtime Environment to continue.
# Native memory allocation (malloc) failed to allocate 32744 bytes for ChunkPool::allocate
# Possible reasons:
#   The system is out of physical RAM or swap space
#   The process is running with CompressedOops enabled, and the Java Heap may be blocking the growth of the native heap
# Possible solutions:
#   Reduce memory load on the system
#   Increase physical memory or swap space
#   Check if swap backing store is full
#   Decrease Java heap size (-Xmx/-Xms)
#   Decrease number of Java threads
#   Decrease Java thread stack sizes (-Xss)
#   Set larger code cache with -XX:ReservedCodeCacheSize=
#   JVM is running with Unscaled Compressed Oops mode in which the Java heap is
#     placed in the first 4GB address space. The Java Heap base address is the
#     maximum limit for the native heap growth. Please use -XX:HeapBaseMinAddress
#     to set the Java Heap base and to place the Java Heap above 4GB virtual address.
# This output file may be truncated or incomplete.
#
#  Out of Memory Error (./src/hotspot/share/memory/arena.cpp:81), pid=9108, tid=4900
#
# JRE version: OpenJDK Runtime Environment (11.0.8+10) (build 11.0.8+10-b944.6842174)
# Java VM: OpenJDK 64-Bit Server VM (11.0.8+10-b944.6842174, mixed mode, tiered, compressed oops, g1 gc, windows-amd64)
# No core dump will be written. Minidumps are not enabled by default on client versions of Windows
#

---------------  S U M M A R Y ------------

Command Line: --add-opens=java.base/java.util=ALL-UNNAMED --add-opens=java.base/java.lang=ALL-UNNAMED --add-opens=java.base/java.lang.invoke=ALL-UNNAMED --add-opens=java.prefs/java.util.prefs=ALL-UNNAMED -Xmx2048m -Dfile.encoding=UTF-8 -Duser.country=US -Duser.language=en -Duser.variant org.gradle.launcher.daemon.bootstrap.GradleDaemon 6.7.1

Host: Intel(R) Core(TM) i5-7200U CPU @ 2.50GHz, 4 cores, 7G,  Windows 10 , 64 bit Build 18362 (10.0.18362.1110)
Time: Mon May 23 18:19:47 2022 Morocco Daylight Time elapsed time: 8 seconds (0d 0h 0m 8s)

---------------  T H R E A D  ---------------

Current thread (0x00000190fdeb7800):  JavaThread "C2 CompilerThread1" daemon [_thread_in_native, id=4900, stack(0x0000003127d00000,0x0000003127e00000)]


Current CompileTask:
C2:   8872 5027       4       org.objectweb.asm.Frame::execute (2318 bytes)

Stack: [0x0000003127d00000,0x0000003127e00000]
Native frames: (J=compiled Java code, j=interpreted, Vv=VM code, C=native code)
V  [jvm.dll+0x5de50a]
V  [jvm.dll+0x7122f5]
V  [jvm.dll+0x71384d]
V  [jvm.dll+0x713f03]
V  [jvm.dll+0x23e728]
V  [jvm.dll+0xb8beb]
V  [jvm.dll+0xb8e9c]
V  [jvm.dll+0xb8a98]
V  [jvm.dll+0x5be3b0]
V  [jvm.dll+0x60ea9e]
V  [jvm.dll+0x193f88]
V  [jvm.dll+0x1f780e]
V  [jvm.dll+0x1f68d4]
V  [jvm.dll+0x17f32c]
V  [jvm.dll+0x205047]
V  [jvm.dll+0x203891]
V  [jvm.dll+0x6dad3f]
V  [jvm.dll+0x6d3895]
V  [jvm.dll+0x5dd4a6]
C  [ucrtbase.dll+0x210b2]
C  [KERNEL32.DLL+0x17c24]
C  [ntdll.dll+0x6d4d1]


---------------  P R O C E S S  ---------------

Threads class SMR info:
_java_thread_list=0x000001908114b0f0, length=134, elements={
0x00000190e16af800, 0x00000190fb11d000, 0x00000190fb11e000, 0x00000190fba92800,
0x00000190fba93000, 0x00000190fba95000, 0x00000190fb140800, 0x00000190fb142000,
0x00000190fbc0c000, 0x00000190fbc1e800, 0x00000190fd99a800, 0x00000190fbdba000,
0x00000190fd3ec800, 0x00000190fd619800, 0x00000190fcd0d000, 0x00000190fd532800,
0x00000190fd55c800, 0x00000190fd9d8000, 0x00000190fdc67000, 0x00000190fd957800,
0x00000190fce85000, 0x00000190fce83000, 0x00000190fce84000, 0x00000190fdeb7800,
0x00000190fce85800, 0x00000190fe2a1000, 0x00000190fe29f000, 0x00000190fe2a0000,
0x00000190fe29d800, 0x00000190fe2a1800, 0x00000190fe29c000, 0x00000190fe2a2800,
0x00000190fe29c800, 0x00000190fe29e800, 0x00000190fe304800, 0x00000190fe307800,
0x00000190fe303000, 0x00000190fe307000, 0x00000190fe305800, 0x00000190fe306000,
0x00000190fe309800, 0x00000190fe308800, 0x00000190fe303800, 0x00000190fe30c800,
0x00000190fe30e800, 0x00000190fe30f000, 0x00000190fe30b000, 0x00000190fe310000,
0x00000190fe30a000, 0x00000190fe310800, 0x00000190fe30d800, 0x00000190fe64b800,
0x00000190fe647800, 0x00000190fe649000, 0x00000190fe64a000, 0x00000190fe64e000,
0x00000190fe64c800, 0x00000190fe64d800, 0x00000190fe648800, 0x00000190fe653000,
0x00000190fe64f000, 0x00000190fe654800, 0x00000190fe655800, 0x00000190fe650800,
0x00000190fe654000, 0x00000190fe650000, 0x00000190fe656800, 0x00000190fe651800,
0x00000190fe652000, 0x00000190fc2c3800, 0x00000190fc2c6800, 0x00000190fc2c4800,
0x00000190fc2c2800, 0x00000190fc2c7800, 0x00000190fc2c5000, 0x00000190fc2c6000,
0x00000190fc2c2000, 0x00000190fc2c9000, 0x00000190fc2c8800, 0x00000190fc2cd000,
0x00000190fc2cf000, 0x00000190fc2cb800, 0x00000190fc2cf800, 0x00000190fc2ca000,
0x00000190fc2ce000, 0x00000190fc2d0800, 0x00000190fc2cc800, 0x00000190fc2cb000,
0x00000190fbd69000, 0x00000190fbd6a800, 0x00000190fbd65000, 0x00000190fbd6b800,
0x00000190fbd66000, 0x00000190fbd6c800, 0x00000190fbd6a000, 0x00000190fbd66800,
0x00000190fbd6d000, 0x00000190fbd68000, 0x00000190fbd67800, 0x00000190fbd71000,
0x00000190fbd72000, 0x00000190fbd6f800, 0x00000190fbd73800, 0x00000190fbd70800,
0x00000190fbd73000, 0x00000190fbd6e000, 0x00000190fbd6f000, 0x00000190fd830800,
0x00000190fd835000, 0x00000190fd831000, 0x00000190fd837800, 0x00000190fd832000,
0x00000190fd838800, 0x00000190fd833000, 0x00000190fd839800, 0x00000190fd833800,
0x00000190fd83a000, 0x00000190fd836000, 0x00000190fd834800, 0x00000190fd83b000,
0x00000190fd83b800, 0x00000190fd837000, 0x00000190fd83f000, 0x00000190fd83c800,
0x00000190fd83d800, 0x00000190fd83e000, 0x0000019081400000, 0x00000190813fc000,
0x00000190813fc800, 0x00000190813fd800, 0x00000190813fe800, 0x00000190813ff000,
0x00000190813fa000, 0x0000019081400800
}

Java Threads: ( => current thread )
  0x00000190e16af800 JavaThread "main" [_thread_blocked, id=8816, stack(0x0000003125a00000,0x0000003125b00000)]
  0x00000190fb11d000 JavaThread "Reference Handler" daemon [_thread_blocked, id=9972, stack(0x0000003126100000,0x0000003126200000)]
  0x00000190fb11e000 JavaThread "Finalizer" daemon [_thread_blocked, id=4324, stack(0x0000003126200000,0x0000003126300000)]
  0x00000190fba92800 JavaThread "Signal Dispatcher" daemon [_thread_blocked, id=1076, stack(0x0000003126300000,0x0000003126400000)]
  0x00000190fba93000 JavaThread "Attach Listener" daemon [_thread_blocked, id=10996, stack(0x0000003126400000,0x0000003126500000)]
  0x00000190fba95000 JavaThread "C2 CompilerThread0" daemon [_thread_in_native, id=8880, stack(0x0000003126500000,0x0000003126600000)]
  0x00000190fb140800 JavaThread "C1 CompilerThread0" daemon [_thread_in_native, id=5504, stack(0x0000003126600000,0x0000003126700000)]
  0x00000190fb142000 JavaThread "Sweeper thread" daemon [_thread_blocked, id=4548, stack(0x0000003126700000,0x0000003126800000)]
  0x00000190fbc0c000 JavaThread "Common-Cleaner" daemon [_thread_blocked, id=7320, stack(0x0000003126800000,0x0000003126900000)]
  0x00000190fbc1e800 JavaThread "Service Thread" daemon [_thread_blocked, id=4924, stack(0x0000003126900000,0x0000003126a00000)]
  0x00000190fd99a800 JavaThread "Daemon health stats" [_thread_blocked, id=3376, stack(0x0000003126e00000,0x0000003126f00000)]
  0x00000190fbdba000 JavaThread "Incoming local TCP Connector on port 51140" [_thread_in_native, id=1516, stack(0x0000003127000000,0x0000003127100000)]
  0x00000190fd3ec800 JavaThread "Daemon periodic checks" [_thread_blocked, id=11884, stack(0x0000003127100000,0x0000003127200000)]
  0x00000190fd619800 JavaThread "Daemon" [_thread_blocked, id=5864, stack(0x0000003127200000,0x0000003127300000)]
  0x00000190fcd0d000 JavaThread "Handler for socket connection from /127.0.0.1:51140 to /127.0.0.1:51141" [_thread_in_native, id=1360, stack(0x0000003127300000,0x0000003127400000)]
  0x00000190fd532800 JavaThread "Cancel handler" [_thread_blocked, id=7416, stack(0x0000003127400000,0x0000003127500000)]
  0x00000190fd55c800 JavaThread "Daemon worker" [_thread_in_vm, id=3064, stack(0x0000003127500000,0x0000003127600000)]
  0x00000190fd9d8000 JavaThread "Asynchronous log dispatcher for DefaultDaemonConnection: socket connection from /127.0.0.1:51140 to /127.0.0.1:51141" [_thread_blocked, id=7952, stack(0x0000003127600000,0x0000003127700000)]
  0x00000190fdc67000 JavaThread "Stdin handler" [_thread_blocked, id=5996, stack(0x0000003127700000,0x0000003127800000)]
  0x00000190fd957800 JavaThread "Thread-8" [_thread_blocked, id=8472, stack(0x0000003127800000,0x0000003127900000)]
  0x00000190fce85000 JavaThread "Cache worker for file hash cache (C:\Users\hp\.gradle\caches\6.7.1\fileHashes)" [_thread_blocked, id=4452, stack(0x0000003127a00000,0x0000003127b00000)]
  0x00000190fce83000 JavaThread "File lock request listener" [_thread_in_native, id=7296, stack(0x0000003127b00000,0x0000003127c00000)]
  0x00000190fce84000 JavaThread "Cache worker for journal cache (C:\Users\hp\.gradle\caches\journal-1)" [_thread_blocked, id=1440, stack(0x0000003127c00000,0x0000003127d00000)]
=>0x00000190fdeb7800 JavaThread "C2 CompilerThread1" daemon [_thread_in_native, id=4900, stack(0x0000003127d00000,0x0000003127e00000)]
  0x00000190fce85800 JavaThread "Cache worker for file hash cache (C:\Users\hp\AndroidStudioProjects\myPharmacy\.gradle\6.7.1\fileHashes)" [_thread_blocked, id=4960, stack(0x0000003127e00000,0x0000003127f00000)]
  0x00000190fe2a1000 JavaThread "jar transforms" [_thread_blocked, id=11192, stack(0x0000003127f00000,0x0000003128000000)]
  0x00000190fe29f000 JavaThread "jar transforms Thread 2" [_thread_blocked, id=8996, stack(0x0000003128000000,0x0000003128100000)]
  0x00000190fe2a0000 JavaThread "jar transforms Thread 3" [_thread_blocked, id=8096, stack(0x0000003128100000,0x0000003128200000)]
  0x00000190fe29d800 JavaThread "jar transforms Thread 4" [_thread_blocked, id=9424, stack(0x0000003128200000,0x0000003128300000)]
  0x00000190fe2a1800 JavaThread "jar transforms Thread 5" [_thread_blocked, id=7888, stack(0x0000003128300000,0x0000003128400000)]
  0x00000190fe29c000 JavaThread "jar transforms Thread 6" [_thread_blocked, id=9952, stack(0x0000003128400000,0x0000003128500000)]
  0x00000190fe2a2800 JavaThread "jar transforms Thread 7" [_thread_blocked, id=3416, stack(0x0000003128500000,0x0000003128600000)]
  0x00000190fe29c800 JavaThread "jar transforms Thread 8" [_thread_blocked, id=3716, stack(0x0000003128600000,0x0000003128700000)]
  0x00000190fe29e800 JavaThread "jar transforms Thread 9" [_thread_blocked, id=5184, stack(0x0000003128700000,0x0000003128800000)]
  0x00000190fe304800 JavaThread "jar transforms Thread 10" [_thread_blocked, id=7192, stack(0x0000003128800000,0x0000003128900000)]
  0x00000190fe307800 JavaThread "jar transforms Thread 11" [_thread_blocked, id=7856, stack(0x0000003128900000,0x0000003128a00000)]
  0x00000190fe303000 JavaThread "jar transforms Thread 12" [_thread_blocked, id=9784, stack(0x0000003128a00000,0x0000003128b00000)]
  0x00000190fe307000 JavaThread "jar transforms Thread 13" [_thread_blocked, id=6884, stack(0x0000003128b00000,0x0000003128c00000)]
  0x00000190fe305800 JavaThread "jar transforms Thread 14" [_thread_blocked, id=10648, stack(0x0000003128c00000,0x0000003128d00000)]
  0x00000190fe306000 JavaThread "jar transforms Thread 15" [_thread_blocked, id=4360, stack(0x0000003128d00000,0x0000003128e00000)]
  0x00000190fe309800 JavaThread "jar transforms Thread 16" [_thread_blocked, id=7668, stack(0x0000003128e00000,0x0000003128f00000)]
  0x00000190fe308800 JavaThread "jar transforms Thread 17" [_thread_blocked, id=6524, stack(0x0000003128f00000,0x0000003129000000)]
  0x00000190fe303800 JavaThread "jar transforms Thread 18" [_thread_blocked, id=1940, stack(0x0000003129000000,0x0000003129100000)]
  0x00000190fe30c800 JavaThread "jar transforms Thread 19" [_thread_blocked, id=4044, stack(0x0000003129100000,0x0000003129200000)]
  0x00000190fe30e800 JavaThread "jar transforms Thread 20" [_thread_blocked, id=3988, stack(0x0000003129200000,0x0000003129300000)]
  0x00000190fe30f000 JavaThread "jar transforms Thread 21" [_thread_blocked, id=2896, stack(0x0000003129300000,0x0000003129400000)]
  0x00000190fe30b000 JavaThread "Cache worker for checksums cache (C:\Users\hp\AndroidStudioProjects\myPharmacy\.gradle\checksums)" [_thread_blocked, id=6984, stack(0x0000003129400000,0x0000003129500000)]
  0x00000190fe310000 JavaThread "Cache worker for cache directory md-supplier (C:\Users\hp\.gradle\caches\6.7.1\md-supplier)" [_thread_blocked, id=8964, stack(0x0000003129500000,0x0000003129600000)]
  0x00000190fe30a000 JavaThread "Cache worker for cache directory md-rule (C:\Users\hp\.gradle\caches\6.7.1\md-rule)" [_thread_blocked, id=976, stack(0x0000003129600000,0x0000003129700000)]
  0x00000190fe310800 JavaThread "Cache worker for execution history cache (C:\Users\hp\.gradle\caches\6.7.1\executionHistory)" [_thread_blocked, id=8468, stack(0x0000003129700000,0x0000003129800000)]
  0x00000190fe30d800 JavaThread "Cache worker for file content cache (C:\Users\hp\.gradle\caches\6.7.1\fileContent)" [_thread_blocked, id=4344, stack(0x0000003129800000,0x0000003129900000)]
  0x00000190fe64b800 JavaThread "Cache worker for Build Output Cleanup Cache (C:\Users\hp\AndroidStudioProjects\myPharmacy\.gradle\buildOutputCleanup)" [_thread_blocked, id=2460, stack(0x0000003129900000,0x0000003129a00000)]
  0x00000190fe647800 JavaThread "Build operations" [_thread_blocked, id=8972, stack(0x0000003129a00000,0x0000003129b00000)]
  0x00000190fe649000 JavaThread "Build operations Thread 2" [_thread_blocked, id=7976, stack(0x0000003129b00000,0x0000003129c00000)]
  0x00000190fe64a000 JavaThread "Build operations Thread 3" [_thread_blocked, id=8672, stack(0x0000003129c00000,0x0000003129d00000)]
  0x00000190fe64e000 JavaThread "Build operations Thread 4" [_thread_blocked, id=9428, stack(0x0000003129d00000,0x0000003129e00000)]
  0x00000190fe64c800 JavaThread "jar transforms Thread 22" [_thread_blocked, id=5896, stack(0x0000003129e00000,0x0000003129f00000)]
  0x00000190fe64d800 JavaThread "jar transforms Thread 23" [_thread_blocked, id=1668, stack(0x0000003129f00000,0x000000312a000000)]
  0x00000190fe648800 JavaThread "jar transforms Thread 24" [_thread_blocked, id=4480, stack(0x000000312a000000,0x000000312a100000)]
  0x00000190fe653000 JavaThread "jar transforms Thread 25" [_thread_blocked, id=10372, stack(0x000000312a100000,0x000000312a200000)]
  0x00000190fe64f000 JavaThread "jar transforms Thread 26" [_thread_blocked, id=256, stack(0x000000312a200000,0x000000312a300000)]
  0x00000190fe654800 JavaThread "jar transforms Thread 27" [_thread_blocked, id=2284, stack(0x000000312a300000,0x000000312a400000)]
  0x00000190fe655800 JavaThread "jar transforms Thread 28" [_thread_blocked, id=7788, stack(0x000000312a400000,0x000000312a500000)]
  0x00000190fe650800 JavaThread "jar transforms Thread 29" [_thread_blocked, id=248, stack(0x000000312a500000,0x000000312a600000)]
  0x00000190fe654000 JavaThread "jar transforms Thread 30" [_thread_blocked, id=9336, stack(0x000000312a600000,0x000000312a700000)]
  0x00000190fe650000 JavaThread "jar transforms Thread 31" [_thread_blocked, id=11408, stack(0x000000312a700000,0x000000312a800000)]
  0x00000190fe656800 JavaThread "jar transforms Thread 32" [_thread_blocked, id=4852, stack(0x000000312a800000,0x000000312a900000)]
  0x00000190fe651800 JavaThread "jar transforms Thread 33" [_thread_blocked, id=8308, stack(0x000000312a900000,0x000000312aa00000)]
  0x00000190fe652000 JavaThread "jar transforms Thread 34" [_thread_blocked, id=6628, stack(0x000000312aa00000,0x000000312ab00000)]
  0x00000190fc2c3800 JavaThread "jar transforms Thread 35" [_thread_blocked, id=6676, stack(0x000000312ab00000,0x000000312ac00000)]
  0x00000190fc2c6800 JavaThread "jar transforms Thread 36" [_thread_blocked, id=2676, stack(0x000000312ac00000,0x000000312ad00000)]
  0x00000190fc2c4800 JavaThread "jar transforms Thread 37" [_thread_blocked, id=3524, stack(0x000000312ad00000,0x000000312ae00000)]
  0x00000190fc2c2800 JavaThread "jar transforms Thread 38" [_thread_blocked, id=4948, stack(0x000000312ae00000,0x000000312af00000)]
  0x00000190fc2c7800 JavaThread "jar transforms Thread 39" [_thread_blocked, id=8240, stack(0x000000312af00000,0x000000312b000000)]
  0x00000190fc2c5000 JavaThread "jar transforms Thread 40" [_thread_blocked, id=9044, stack(0x000000312b000000,0x000000312b100000)]
  0x00000190fc2c6000 JavaThread "jar transforms Thread 41" [_thread_blocked, id=9340, stack(0x000000312b100000,0x000000312b200000)]
  0x00000190fc2c2000 JavaThread "jar transforms Thread 42" [_thread_blocked, id=12236, stack(0x000000312b200000,0x000000312b300000)]
  0x00000190fc2c9000 JavaThread "jar transforms Thread 43" [_thread_blocked, id=6820, stack(0x000000312b300000,0x000000312b400000)]
  0x00000190fc2c8800 JavaThread "jar transforms Thread 44" [_thread_blocked, id=8256, stack(0x000000312b400000,0x000000312b500000)]
  0x00000190fc2cd000 JavaThread "jar transforms Thread 45" [_thread_blocked, id=7272, stack(0x000000312b500000,0x000000312b600000)]
  0x00000190fc2cf000 JavaThread "jar transforms Thread 46" [_thread_blocked, id=4220, stack(0x000000312b600000,0x000000312b700000)]
  0x00000190fc2cb800 JavaThread "jar transforms Thread 47" [_thread_blocked, id=8644, stack(0x000000312b700000,0x000000312b800000)]
  0x00000190fc2cf800 JavaThread "jar transforms Thread 48" [_thread_blocked, id=7992, stack(0x000000312b800000,0x000000312b900000)]
  0x00000190fc2ca000 JavaThread "jar transforms Thread 49" [_thread_blocked, id=3060, stack(0x000000312b900000,0x000000312ba00000)]
  0x00000190fc2ce000 JavaThread "jar transforms Thread 50" [_thread_blocked, id=11240, stack(0x000000312ba00000,0x000000312bb00000)]
  0x00000190fc2d0800 JavaThread "jar transforms Thread 51" [_thread_blocked, id=9804, stack(0x000000312bb00000,0x000000312bc00000)]
  0x00000190fc2cc800 JavaThread "jar transforms Thread 52" [_thread_blocked, id=10140, stack(0x000000312bc00000,0x000000312bd00000)]
  0x00000190fc2cb000 JavaThread "jar transforms Thread 53" [_thread_blocked, id=5084, stack(0x000000312bd00000,0x000000312be00000)]
  0x00000190fbd69000 JavaThread "jar transforms Thread 54" [_thread_blocked, id=8044, stack(0x000000312be00000,0x000000312bf00000)]
  0x00000190fbd6a800 JavaThread "jar transforms Thread 55" [_thread_blocked, id=6616, stack(0x000000312bf00000,0x000000312c000000)]
  0x00000190fbd65000 JavaThread "jar transforms Thread 56" [_thread_blocked, id=5000, stack(0x000000312c000000,0x000000312c100000)]
  0x00000190fbd6b800 JavaThread "jar transforms Thread 57" [_thread_blocked, id=7040, stack(0x000000312c100000,0x000000312c200000)]
  0x00000190fbd66000 JavaThread "jar transforms Thread 58" [_thread_blocked, id=4364, stack(0x000000312c200000,0x000000312c300000)]
  0x00000190fbd6c800 JavaThread "jar transforms Thread 59" [_thread_blocked, id=8920, stack(0x000000312c300000,0x000000312c400000)]
  0x00000190fbd6a000 JavaThread "jar transforms Thread 60" [_thread_blocked, id=10988, stack(0x000000312c400000,0x000000312c500000)]
  0x00000190fbd66800 JavaThread "jar transforms Thread 61" [_thread_blocked, id=6632, stack(0x000000312c500000,0x000000312c600000)]
  0x00000190fbd6d000 JavaThread "jar transforms Thread 62" [_thread_blocked, id=6160, stack(0x000000312c600000,0x000000312c700000)]
  0x00000190fbd68000 JavaThread "jar transforms Thread 63" [_thread_blocked, id=9508, stack(0x000000312c700000,0x000000312c800000)]
  0x00000190fbd67800 JavaThread "jar transforms Thread 64" [_thread_blocked, id=11664, stack(0x000000312c800000,0x000000312c900000)]
  0x00000190fbd71000 JavaThread "jar transforms Thread 65" [_thread_blocked, id=4356, stack(0x000000312c900000,0x000000312ca00000)]
  0x00000190fbd72000 JavaThread "jar transforms Thread 66" [_thread_blocked, id=1804, stack(0x000000312ca00000,0x000000312cb00000)]
  0x00000190fbd6f800 JavaThread "jar transforms Thread 67" [_thread_blocked, id=7392, stack(0x000000312cb00000,0x000000312cc00000)]
  0x00000190fbd73800 JavaThread "jar transforms Thread 68" [_thread_blocked, id=8264, stack(0x000000312cc00000,0x000000312cd00000)]
  0x00000190fbd70800 JavaThread "jar transforms Thread 69" [_thread_blocked, id=7744, stack(0x000000312cd00000,0x000000312ce00000)]
  0x00000190fbd73000 JavaThread "jar transforms Thread 70" [_thread_blocked, id=3808, stack(0x000000312ce00000,0x000000312cf00000)]
  0x00000190fbd6e000 JavaThread "jar transforms Thread 71" [_thread_blocked, id=11620, stack(0x000000312cf00000,0x000000312d000000)]
  0x00000190fbd6f000 JavaThread "jar transforms Thread 72" [_thread_blocked, id=5860, stack(0x000000312d000000,0x000000312d100000)]
  0x00000190fd830800 JavaThread "jar transforms Thread 73" [_thread_blocked, id=8092, stack(0x000000312d100000,0x000000312d200000)]
  0x00000190fd835000 JavaThread "jar transforms Thread 74" [_thread_blocked, id=9408, stack(0x000000312d200000,0x000000312d300000)]
  0x00000190fd831000 JavaThread "jar transforms Thread 75" [_thread_blocked, id=6480, stack(0x000000312d300000,0x000000312d400000)]
  0x00000190fd837800 JavaThread "jar transforms Thread 76" [_thread_blocked, id=9956, stack(0x000000312d400000,0x000000312d500000)]
  0x00000190fd832000 JavaThread "jar transforms Thread 77" [_thread_blocked, id=7332, stack(0x000000312d500000,0x000000312d600000)]
  0x00000190fd838800 JavaThread "jar transforms Thread 78" [_thread_blocked, id=4036, stack(0x000000312d600000,0x000000312d700000)]
  0x00000190fd833000 JavaThread "jar transforms Thread 79" [_thread_blocked, id=716, stack(0x000000312d700000,0x000000312d800000)]
  0x00000190fd839800 JavaThread "jar transforms Thread 80" [_thread_blocked, id=2772, stack(0x000000312d800000,0x000000312d900000)]
  0x00000190fd833800 JavaThread "jar transforms Thread 81" [_thread_blocked, id=6448, stack(0x000000312d900000,0x000000312da00000)]
  0x00000190fd83a000 JavaThread "jar transforms Thread 82" [_thread_blocked, id=4404, stack(0x000000312da00000,0x000000312db00000)]
  0x00000190fd836000 JavaThread "jar transforms Thread 83" [_thread_blocked, id=3056, stack(0x000000312db00000,0x000000312dc00000)]
  0x00000190fd834800 JavaThread "jar transforms Thread 84" [_thread_blocked, id=9412, stack(0x000000312dc00000,0x000000312dd00000)]
  0x00000190fd83b000 JavaThread "jar transforms Thread 85" [_thread_blocked, id=7796, stack(0x000000312dd00000,0x000000312de00000)]
  0x00000190fd83b800 JavaThread "jar transforms Thread 86" [_thread_blocked, id=6400, stack(0x000000312de00000,0x000000312df00000)]
  0x00000190fd837000 JavaThread "jar transforms Thread 87" [_thread_blocked, id=11820, stack(0x000000312df00000,0x000000312e000000)]
  0x00000190fd83f000 JavaThread "jar transforms Thread 88" [_thread_blocked, id=8444, stack(0x000000312e000000,0x000000312e100000)]
  0x00000190fd83c800 JavaThread "jar transforms Thread 89" [_thread_blocked, id=2904, stack(0x000000312e100000,0x000000312e200000)]
  0x00000190fd83d800 JavaThread "jar transforms Thread 90" [_thread_blocked, id=6240, stack(0x000000312e200000,0x000000312e300000)]
  0x00000190fd83e000 JavaThread "jar transforms Thread 91" [_thread_blocked, id=4736, stack(0x000000312e300000,0x000000312e400000)]
  0x0000019081400000 JavaThread "jar transforms Thread 92" [_thread_blocked, id=10216, stack(0x000000312e400000,0x000000312e500000)]
  0x00000190813fc000 JavaThread "jar transforms Thread 93" [_thread_blocked, id=7764, stack(0x000000312e500000,0x000000312e600000)]
  0x00000190813fc800 JavaThread "jar transforms Thread 94" [_thread_blocked, id=5704, stack(0x000000312e600000,0x000000312e700000)]
  0x00000190813fd800 JavaThread "jar transforms Thread 95" [_thread_blocked, id=3704, stack(0x000000312e700000,0x000000312e800000)]
  0x00000190813fe800 JavaThread "jar transforms Thread 96" [_thread_blocked, id=4496, stack(0x000000312e800000,0x000000312e900000)]
  0x00000190813ff000 JavaThread "jar transforms Thread 97" [_thread_blocked, id=7588, stack(0x000000312e900000,0x000000312ea00000)]
  0x00000190813fa000 JavaThread "jar transforms Thread 98" [_thread_blocked, id=7228, stack(0x000000312ea00000,0x000000312eb00000)]
  0x0000019081400800 JavaThread "jar transforms Thread 99" [_thread_blocked, id=4168, stack(0x000000312eb00000,0x000000312ec00000)]

Other Threads:
  0x00000190fb119000 VMThread "VM Thread" [stack: 0x0000003126000000,0x0000003126100000] [id=5384]
  0x00000190fbc2d800 WatcherThread [stack: 0x0000003126a00000,0x0000003126b00000] [id=2656]
  0x00000190e16c9000 GCTaskThread "GC Thread#0" [stack: 0x0000003125b00000,0x0000003125c00000] [id=4572]
  0x00000190fc0d7800 GCTaskThread "GC Thread#1" [stack: 0x0000003126c00000,0x0000003126d00000] [id=4012]
  0x00000190fbf0e000 GCTaskThread "GC Thread#2" [stack: 0x0000003126d00000,0x0000003126e00000] [id=2748]
  0x00000190fd41e000 GCTaskThread "GC Thread#3" [stack: 0x0000003127900000,0x0000003127a00000] [id=736]
  0x00000190e16fe000 ConcurrentGCThread "G1 Main Marker" [stack: 0x0000003125c00000,0x0000003125d00000] [id=11032]
  0x00000190e1700000 ConcurrentGCThread "G1 Conc#0" [stack: 0x0000003125d00000,0x0000003125e00000] [id=5612]
  0x00000190e177e000 ConcurrentGCThread "G1 Refine#0" [stack: 0x0000003125e00000,0x0000003125f00000] [id=3184]
  0x00000190faf68800 ConcurrentGCThread "G1 Young RemSet Sampling" [stack: 0x0000003125f00000,0x0000003126000000] [id=8312]

Threads with active compile tasks:
C2 CompilerThread0   8904 5145   !   4       com.google.common.reflect.TypeVisitor::visit (225 bytes)
C1 CompilerThread0   8904 5222       1       sun.management.MemoryPoolImpl::getName (5 bytes)
C2 CompilerThread1   8904 5027       4       org.objectweb.asm.Frame::execute (2318 bytes)

VM state:not at safepoint (normal execution)

VM Mutex/Monitor currently owned by a thread: None

Heap address: 0x0000000080000000, size: 2048 MB, Compressed Oops mode: 32-bit
Narrow klass base: 0x0000000000000000, Narrow klass shift: 3
Compressed class space size: 1073741824 Address: 0x0000000100000000

Heap:
 garbage-first heap   total 157696K, used 73001K [0x0000000080000000, 0x0000000100000000)
  region size 1024K, 22 young (22528K), 10 survivors (10240K)
 Metaspace       used 55298K, capacity 56853K, committed 57036K, reserved 1099776K
  class space    used 7053K, capacity 7523K, committed 7628K, reserved 1048576K
Heap Regions: E=young(eden), S=young(survivor), O=old, HS=humongous(starts), HC=humongous(continues), CS=collection set, F=free, A=archive, TAMS=top-at-mark-start (previous, next)
|   0|0x0000000080000000, 0x0000000080100000, 0x0000000080100000|100%| O|  |TAMS 0x0000000080100000, 0x0000000080000000| Untracked 
|   1|0x0000000080100000, 0x0000000080200000, 0x0000000080200000|100%| O|  |TAMS 0x0000000080200000, 0x0000000080100000| Untracked 
|   2|0x0000000080200000, 0x0000000080300000, 0x0000000080300000|100%| O|  |TAMS 0x0000000080300000, 0x0000000080200000| Untracked 
|   3|0x0000000080300000, 0x0000000080400000, 0x0000000080400000|100%|HS|  |TAMS 0x0000000080400000, 0x0000000080300000| Complete 
|   4|0x0000000080400000, 0x0000000080500000, 0x0000000080500000|100%|HC|  |TAMS 0x0000000080500000, 0x0000000080400000| Complete 
|   5|0x0000000080500000, 0x0000000080600000, 0x0000000080600000|100%|HC|  |TAMS 0x0000000080600000, 0x0000000080500000| Complete 
|   6|0x0000000080600000, 0x0000000080700000, 0x0000000080700000|100%| O|  |TAMS 0x0000000080700000, 0x0000000080600000| Untracked 
|   7|0x0000000080700000, 0x0000000080800000, 0x0000000080800000|100%| O|  |TAMS 0x0000000080800000, 0x0000000080700000| Untracked 
|   8|0x0000000080800000, 0x0000000080900000, 0x0000000080900000|100%| O|  |TAMS 0x0000000080900000, 0x0000000080800000| Untracked 
|   9|0x0000000080900000, 0x0000000080a00000, 0x0000000080a00000|100%| O|  |TAMS 0x0000000080a00000, 0x0000000080900000| Untracked 
|  10|0x0000000080a00000, 0x0000000080b00000, 0x0000000080b00000|100%| O|  |TAMS 0x0000000080b00000, 0x0000000080a00000| Untracked 
|  11|0x0000000080b00000, 0x0000000080c00000, 0x0000000080c00000|100%| O|  |TAMS 0x0000000080c00000, 0x0000000080b00000| Untracked 
|  12|0x0000000080c00000, 0x0000000080d00000, 0x0000000080d00000|100%| O|  |TAMS 0x0000000080d00000, 0x0000000080c00000| Untracked 
|  13|0x0000000080d00000, 0x0000000080e00000, 0x0000000080e00000|100%|HS|  |TAMS 0x0000000080e00000, 0x0000000080d00000| Complete 
|  14|0x0000000080e00000, 0x0000000080f00000, 0x0000000080f00000|100%|HC|  |TAMS 0x0000000080f00000, 0x0000000080e00000| Complete 
|  15|0x0000000080f00000, 0x0000000081000000, 0x0000000081000000|100%|HS|  |TAMS 0x0000000081000000, 0x0000000080f00000| Complete 
|  16|0x0000000081000000, 0x0000000081100000, 0x0000000081100000|100%|HC|  |TAMS 0x0000000081100000, 0x0000000081000000| Complete 
|  17|0x0000000081100000, 0x0000000081200000, 0x0000000081200000|100%|HC|  |TAMS 0x0000000081200000, 0x0000000081100000| Complete 
|  18|0x0000000081200000, 0x0000000081300000, 0x0000000081300000|100%|HS|  |TAMS 0x0000000081300000, 0x0000000081200000| Complete 
|  19|0x0000000081300000, 0x0000000081400000, 0x0000000081400000|100%|HC|  |TAMS 0x0000000081400000, 0x0000000081300000| Complete 
|  20|0x0000000081400000, 0x0000000081500000, 0x0000000081500000|100%|HC|  |TAMS 0x0000000081500000, 0x0000000081400000| Complete 
|  21|0x0000000081500000, 0x0000000081600000, 0x0000000081600000|100%|HC|  |TAMS 0x0000000081600000, 0x0000000081500000| Complete 
|  22|0x0000000081600000, 0x0000000081700000, 0x0000000081700000|100%| O|  |TAMS 0x0000000081700000, 0x0000000081600000| Untracked 
|  23|0x0000000081700000, 0x0000000081800000, 0x0000000081800000|100%| O|  |TAMS 0x0000000081800000, 0x0000000081700000| Untracked 
|  24|0x0000000081800000, 0x0000000081900000, 0x0000000081900000|100%| O|  |TAMS 0x000000008184ca00, 0x0000000081800000| Untracked 
|  25|0x0000000081900000, 0x0000000081a00000, 0x0000000081a00000|100%| O|  |TAMS 0x0000000081900000, 0x0000000081900000| Untracked 
|  26|0x0000000081a00000, 0x0000000081b00000, 0x0000000081b00000|100%| O|  |TAMS 0x0000000081a00000, 0x0000000081a00000| Untracked 
|  27|0x0000000081b00000, 0x0000000081c00000, 0x0000000081c00000|100%| O|  |TAMS 0x0000000081b00000, 0x0000000081b00000| Untracked 
|  28|0x0000000081c00000, 0x0000000081d00000, 0x0000000081d00000|100%|HS|  |TAMS 0x0000000081c00000, 0x0000000081c00000| Complete 
|  29|0x0000000081d00000, 0x0000000081e00000, 0x0000000081e00000|100%|HC|  |TAMS 0x0000000081d00000, 0x0000000081d00000| Complete 
|  30|0x0000000081e00000, 0x0000000081f00000, 0x0000000081f00000|100%|HC|  |TAMS 0x0000000081e00000, 0x0000000081e00000| Complete 
|  31|0x0000000081f00000, 0x0000000082000000, 0x0000000082000000|100%|HC|  |TAMS 0x0000000081f00000, 0x0000000081f00000| Complete 
|  32|0x0000000082000000, 0x0000000082100000, 0x0000000082100000|100%|HS|  |TAMS 0x0000000082000000, 0x0000000082000000| Complete 
|  33|0x0000000082100000, 0x0000000082200000, 0x0000000082200000|100%|HC|  |TAMS 0x0000000082100000, 0x0000000082100000| Complete 
|  34|0x0000000082200000, 0x0000000082300000, 0x0000000082300000|100%|HC|  |TAMS 0x0000000082200000, 0x0000000082200000| Complete 
|  35|0x0000000082300000, 0x0000000082400000, 0x0000000082400000|100%| O|  |TAMS 0x0000000082300000, 0x0000000082300000| Untracked 
|  36|0x0000000082400000, 0x0000000082500000, 0x0000000082500000|100%| O|  |TAMS 0x0000000082400000, 0x0000000082400000| Untracked 
|  37|0x0000000082500000, 0x0000000082600000, 0x0000000082600000|100%| O|  |TAMS 0x0000000082500000, 0x0000000082500000| Untracked 
|  38|0x0000000082600000, 0x0000000082700000, 0x0000000082700000|100%| O|  |TAMS 0x0000000082600000, 0x0000000082600000| Untracked 
|  39|0x0000000082700000, 0x0000000082800000, 0x0000000082800000|100%| O|  |TAMS 0x0000000082700000, 0x0000000082700000| Untracked 
|  40|0x0000000082800000, 0x0000000082900000, 0x0000000082900000|100%| O|  |TAMS 0x0000000082800000, 0x0000000082800000| Untracked 
|  41|0x0000000082900000, 0x0000000082a00000, 0x0000000082a00000|100%| O|  |TAMS 0x0000000082900000, 0x0000000082900000| Untracked 
|  42|0x0000000082a00000, 0x0000000082b00000, 0x0000000082b00000|100%| O|  |TAMS 0x0000000082a00000, 0x0000000082a00000| Untracked 
|  43|0x0000000082b00000, 0x0000000082c00000, 0x0000000082c00000|100%| O|  |TAMS 0x0000000082b00000, 0x0000000082b00000| Untracked 
|  44|0x0000000082c00000, 0x0000000082d00000, 0x0000000082d00000|100%| O|  |TAMS 0x0000000082c00000, 0x0000000082c00000| Untracked 
|  45|0x0000000082d00000, 0x0000000082e00000, 0x0000000082e00000|100%| O|  |TAMS 0x0000000082d00000, 0x0000000082d00000| Untracked 
|  46|0x0000000082e00000, 0x0000000082f00000, 0x0000000082f00000|100%|HS|  |TAMS 0x0000000082e00000, 0x0000000082e00000| Complete 
|  47|0x0000000082f00000, 0x0000000083000000, 0x0000000083000000|100%|HS|  |TAMS 0x0000000082f00000, 0x0000000082f00000| Complete 
|  48|0x0000000083000000, 0x0000000083100000, 0x0000000083100000|100%|HC|  |TAMS 0x0000000083000000, 0x0000000083000000| Complete 
|  49|0x0000000083100000, 0x0000000083200000, 0x0000000083200000|100%| O|  |TAMS 0x0000000083100000, 0x0000000083100000| Untracked 
|  50|0x0000000083200000, 0x000000008324a600, 0x0000000083300000| 29%| O|  |TAMS 0x0000000083200000, 0x0000000083200000| Untracked 
|  51|0x0000000083300000, 0x0000000083300000, 0x0000000083400000|  0%| F|  |TAMS 0x0000000083300000, 0x0000000083300000| Untracked 
|  52|0x0000000083400000, 0x0000000083400000, 0x0000000083500000|  0%| F|  |TAMS 0x0000000083400000, 0x0000000083400000| Untracked 
|  53|0x0000000083500000, 0x0000000083500000, 0x0000000083600000|  0%| F|  |TAMS 0x0000000083500000, 0x0000000083500000| Untracked 
|  54|0x0000000083600000, 0x0000000083600000, 0x0000000083700000|  0%| F|  |TAMS 0x0000000083600000, 0x0000000083600000| Untracked 
|  55|0x0000000083700000, 0x0000000083700000, 0x0000000083800000|  0%| F|  |TAMS 0x0000000083700000, 0x0000000083700000| Untracked 
|  56|0x0000000083800000, 0x0000000083800000, 0x0000000083900000|  0%| F|  |TAMS 0x0000000083800000, 0x0000000083800000| Untracked 
|  57|0x0000000083900000, 0x0000000083900000, 0x0000000083a00000|  0%| F|  |TAMS 0x0000000083900000, 0x0000000083900000| Untracked 
|  58|0x0000000083a00000, 0x0000000083a00000, 0x0000000083b00000|  0%| F|  |TAMS 0x0000000083a00000, 0x0000000083a00000| Untracked 
|  59|0x0000000083b00000, 0x0000000083b00000, 0x0000000083c00000|  0%| F|  |TAMS 0x0000000083b00000, 0x0000000083b00000| Untracked 
|  60|0x0000000083c00000, 0x0000000083c00000, 0x0000000083d00000|  0%| F|  |TAMS 0x0000000083c00000, 0x0000000083c00000| Untracked 
|  61|0x0000000083d00000, 0x0000000083d00000, 0x0000000083e00000|  0%| F|  |TAMS 0x0000000083d00000, 0x0000000083d00000| Untracked 
|  62|0x0000000083e00000, 0x0000000083e00000, 0x0000000083f00000|  0%| F|  |TAMS 0x0000000083e00000, 0x0000000083e00000| Untracked 
|  63|0x0000000083f00000, 0x0000000083f00000, 0x0000000084000000|  0%| F|  |TAMS 0x0000000083f00000, 0x0000000083f00000| Untracked 
|  64|0x0000000084000000, 0x0000000084000000, 0x0000000084100000|  0%| F|  |TAMS 0x0000000084000000, 0x0000000084000000| Untracked 
|  65|0x0000000084100000, 0x0000000084100000, 0x0000000084200000|  0%| F|  |TAMS 0x0000000084100000, 0x0000000084100000| Untracked 
|  66|0x0000000084200000, 0x0000000084200000, 0x0000000084300000|  0%| F|  |TAMS 0x0000000084200000, 0x0000000084200000| Untracked 
|  67|0x0000000084300000, 0x0000000084300000, 0x0000000084400000|  0%| F|  |TAMS 0x0000000084300000, 0x0000000084300000| Untracked 
|  68|0x0000000084400000, 0x0000000084400000, 0x0000000084500000|  0%| F|  |TAMS 0x0000000084400000, 0x0000000084400000| Untracked 
|  69|0x0000000084500000, 0x0000000084500000, 0x0000000084600000|  0%| F|  |TAMS 0x0000000084500000, 0x0000000084500000| Untracked 
|  70|0x0000000084600000, 0x0000000084600000, 0x0000000084700000|  0%| F|  |TAMS 0x0000000084600000, 0x0000000084600000| Untracked 
|  71|0x0000000084700000, 0x0000000084700000, 0x0000000084800000|  0%| F|  |TAMS 0x0000000084700000, 0x0000000084700000| Untracked 
|  72|0x0000000084800000, 0x0000000084800000, 0x0000000084900000|  0%| F|  |TAMS 0x0000000084800000, 0x0000000084800000| Untracked 
|  73|0x0000000084900000, 0x0000000084900000, 0x0000000084a00000|  0%| F|  |TAMS 0x0000000084900000, 0x0000000084900000| Untracked 
|  74|0x0000000084a00000, 0x0000000084a00000, 0x0000000084b00000|  0%| F|  |TAMS 0x0000000084a00000, 0x0000000084a00000| Untracked 
|  75|0x0000000084b00000, 0x0000000084b00000, 0x0000000084c00000|  0%| F|  |TAMS 0x0000000084b00000, 0x0000000084b00000| Untracked 
|  76|0x0000000084c00000, 0x0000000084d00000, 0x0000000084d00000|100%| S|CS|TAMS 0x0000000084c00000, 0x0000000084c00000| Complete 
|  77|0x0000000084d00000, 0x0000000084e00000, 0x0000000084e00000|100%| S|CS|TAMS 0x0000000084d00000, 0x0000000084d00000| Complete 
|  78|0x0000000084e00000, 0x0000000084f00000, 0x0000000084f00000|100%| S|CS|TAMS 0x0000000084e00000, 0x0000000084e00000| Complete 
|  79|0x0000000084f00000, 0x0000000085000000, 0x0000000085000000|100%| S|CS|TAMS 0x0000000084f00000, 0x0000000084f00000| Complete 
|  80|0x0000000085000000, 0x0000000085100000, 0x0000000085100000|100%| S|CS|TAMS 0x0000000085000000, 0x0000000085000000| Complete 
|  81|0x0000000085100000, 0x0000000085200000, 0x0000000085200000|100%| S|CS|TAMS 0x0000000085100000, 0x0000000085100000| Complete 
|  82|0x0000000085200000, 0x0000000085300000, 0x0000000085300000|100%| S|CS|TAMS 0x0000000085200000, 0x0000000085200000| Complete 
|  83|0x0000000085300000, 0x0000000085400000, 0x0000000085400000|100%| S|CS|TAMS 0x0000000085300000, 0x0000000085300000| Complete 
|  84|0x0000000085400000, 0x0000000085500000, 0x0000000085500000|100%| S|CS|TAMS 0x0000000085400000, 0x0000000085400000| Complete 
|  85|0x0000000085500000, 0x0000000085600000, 0x0000000085600000|100%| S|CS|TAMS 0x0000000085500000, 0x0000000085500000| Complete 
|  86|0x0000000085600000, 0x0000000085600000, 0x0000000085700000|  0%| F|  |TAMS 0x0000000085600000, 0x0000000085600000| Untracked 
|  87|0x0000000085700000, 0x0000000085700000, 0x0000000085800000|  0%| F|  |TAMS 0x0000000085700000, 0x0000000085700000| Untracked 
|  88|0x0000000085800000, 0x0000000085800000, 0x0000000085900000|  0%| F|  |TAMS 0x0000000085800000, 0x0000000085800000| Untracked 
|  89|0x0000000085900000, 0x0000000085900000, 0x0000000085a00000|  0%| F|  |TAMS 0x0000000085900000, 0x0000000085900000| Untracked 
|  90|0x0000000085a00000, 0x0000000085a00000, 0x0000000085b00000|  0%| F|  |TAMS 0x0000000085a00000, 0x0000000085a00000| Untracked 
|  91|0x0000000085b00000, 0x0000000085b00000, 0x0000000085c00000|  0%| F|  |TAMS 0x0000000085b00000, 0x0000000085b00000| Untracked 
|  92|0x0000000085c00000, 0x0000000085c00000, 0x0000000085d00000|  0%| F|  |TAMS 0x0000000085c00000, 0x0000000085c00000| Untracked 
|  93|0x0000000085d00000, 0x0000000085d00000, 0x0000000085e00000|  0%| F|  |TAMS 0x0000000085d00000, 0x0000000085d00000| Untracked 
|  94|0x0000000085e00000, 0x0000000085e00000, 0x0000000085f00000|  0%| F|  |TAMS 0x0000000085e00000, 0x0000000085e00000| Untracked 
|  95|0x0000000085f00000, 0x0000000085f00000, 0x0000000086000000|  0%| F|  |TAMS 0x0000000085f00000, 0x0000000085f00000| Untracked 
|  96|0x0000000086000000, 0x0000000086000000, 0x0000000086100000|  0%| F|  |TAMS 0x0000000086000000, 0x0000000086000000| Untracked 
|  97|0x0000000086100000, 0x0000000086100000, 0x0000000086200000|  0%| F|  |TAMS 0x0000000086100000, 0x0000000086100000| Untracked 
|  98|0x0000000086200000, 0x0000000086200000, 0x0000000086300000|  0%| F|  |TAMS 0x0000000086200000, 0x0000000086200000| Untracked 
|  99|0x0000000086300000, 0x0000000086300000, 0x0000000086400000|  0%| F|  |TAMS 0x0000000086300000, 0x0000000086300000| Untracked 
| 100|0x0000000086400000, 0x0000000086400000, 0x0000000086500000|  0%| F|  |TAMS 0x0000000086400000, 0x0000000086400000| Untracked 
| 101|0x0000000086500000, 0x0000000086500000, 0x0000000086600000|  0%| F|  |TAMS 0x0000000086500000, 0x0000000086500000| Untracked 
| 102|0x0000000086600000, 0x0000000086600000, 0x0000000086700000|  0%| F|  |TAMS 0x0000000086600000, 0x0000000086600000| Untracked 
| 103|0x0000000086700000, 0x0000000086700000, 0x0000000086800000|  0%| F|  |TAMS 0x0000000086700000, 0x0000000086700000| Untracked 
| 104|0x0000000086800000, 0x0000000086800000, 0x0000000086900000|  0%| F|  |TAMS 0x0000000086800000, 0x0000000086800000| Untracked 
| 105|0x0000000086900000, 0x0000000086900000, 0x0000000086a00000|  0%| F|  |TAMS 0x0000000086900000, 0x0000000086900000| Untracked 
| 106|0x0000000086a00000, 0x0000000086a00000, 0x0000000086b00000|  0%| F|  |TAMS 0x0000000086a00000, 0x0000000086a00000| Untracked 
| 107|0x0000000086b00000, 0x0000000086b00000, 0x0000000086c00000|  0%| F|  |TAMS 0x0000000086b00000, 0x0000000086b00000| Untracked 
| 108|0x0000000086c00000, 0x0000000086c00000, 0x0000000086d00000|  0%| F|  |TAMS 0x0000000086c00000, 0x0000000086c00000| Untracked 
| 109|0x0000000086d00000, 0x0000000086d00000, 0x0000000086e00000|  0%| F|  |TAMS 0x0000000086d00000, 0x0000000086d00000| Untracked 
| 110|0x0000000086e00000, 0x0000000086e00000, 0x0000000086f00000|  0%| F|  |TAMS 0x0000000086e00000, 0x0000000086e00000| Untracked 
| 111|0x0000000086f00000, 0x0000000086f00000, 0x0000000087000000|  0%| F|  |TAMS 0x0000000086f00000, 0x0000000086f00000| Untracked 
| 112|0x0000000087000000, 0x0000000087000000, 0x0000000087100000|  0%| F|  |TAMS 0x0000000087000000, 0x0000000087000000| Untracked 
| 113|0x0000000087100000, 0x0000000087100000, 0x0000000087200000|  0%| F|  |TAMS 0x0000000087100000, 0x0000000087100000| Untracked 
| 114|0x0000000087200000, 0x0000000087200000, 0x0000000087300000|  0%| F|  |TAMS 0x0000000087200000, 0x0000000087200000| Untracked 
| 115|0x0000000087300000, 0x0000000087300000, 0x0000000087400000|  0%| F|  |TAMS 0x0000000087300000, 0x0000000087300000| Untracked 
| 116|0x0000000087400000, 0x0000000087400000, 0x0000000087500000|  0%| F|  |TAMS 0x0000000087400000, 0x0000000087400000| Untracked 
| 117|0x0000000087500000, 0x0000000087500000, 0x0000000087600000|  0%| F|  |TAMS 0x0000000087500000, 0x0000000087500000| Untracked 
| 118|0x0000000087600000, 0x0000000087600000, 0x0000000087700000|  0%| F|  |TAMS 0x0000000087600000, 0x0000000087600000| Untracked 
| 119|0x0000000087700000, 0x0000000087700000, 0x0000000087800000|  0%| F|  |TAMS 0x0000000087700000, 0x0000000087700000| Untracked 
| 120|0x0000000087800000, 0x0000000087800000, 0x0000000087900000|  0%| F|  |TAMS 0x0000000087800000, 0x0000000087800000| Untracked 
| 121|0x0000000087900000, 0x0000000087900000, 0x0000000087a00000|  0%| F|  |TAMS 0x0000000087900000, 0x0000000087900000| Untracked 
| 122|0x0000000087a00000, 0x0000000087a00000, 0x0000000087b00000|  0%| F|  |TAMS 0x0000000087a00000, 0x0000000087a00000| Untracked 
| 123|0x0000000087b00000, 0x0000000087b00000, 0x0000000087c00000|  0%| F|  |TAMS 0x0000000087b00000, 0x0000000087b00000| Untracked 
| 124|0x0000000087c00000, 0x0000000087c00000, 0x0000000087d00000|  0%| F|  |TAMS 0x0000000087c00000, 0x0000000087c00000| Untracked 
| 125|0x0000000087d00000, 0x0000000087d00000, 0x0000000087e00000|  0%| F|  |TAMS 0x0000000087d00000, 0x0000000087d00000| Untracked 
| 126|0x0000000087e00000, 0x0000000087e00000, 0x0000000087f00000|  0%| F|  |TAMS 0x0000000087e00000, 0x0000000087e00000| Untracked 
| 127|0x0000000087f00000, 0x0000000087f00000, 0x0000000088000000|  0%| F|  |TAMS 0x0000000087f00000, 0x0000000087f00000| Untracked 
| 128|0x0000000088000000, 0x0000000088000000, 0x0000000088100000|  0%| F|  |TAMS 0x0000000088000000, 0x0000000088000000| Untracked 
| 129|0x0000000088100000, 0x0000000088100000, 0x0000000088200000|  0%| F|  |TAMS 0x0000000088100000, 0x0000000088100000| Untracked 
| 130|0x0000000088200000, 0x0000000088200000, 0x0000000088300000|  0%| F|  |TAMS 0x0000000088200000, 0x0000000088200000| Untracked 
| 131|0x0000000088300000, 0x0000000088300000, 0x0000000088400000|  0%| F|  |TAMS 0x0000000088300000, 0x0000000088300000| Untracked 
| 132|0x0000000088400000, 0x0000000088400000, 0x0000000088500000|  0%| F|  |TAMS 0x0000000088400000, 0x0000000088400000| Untracked 
| 133|0x0000000088500000, 0x0000000088500000, 0x0000000088600000|  0%| F|  |TAMS 0x0000000088500000, 0x0000000088500000| Untracked 
| 134|0x0000000088600000, 0x0000000088600000, 0x0000000088700000|  0%| F|  |TAMS 0x0000000088600000, 0x0000000088600000| Untracked 
| 135|0x0000000088700000, 0x0000000088700000, 0x0000000088800000|  0%| F|  |TAMS 0x0000000088700000, 0x0000000088700000| Untracked 
| 136|0x0000000088800000, 0x0000000088800000, 0x0000000088900000|  0%| F|  |TAMS 0x0000000088800000, 0x0000000088800000| Untracked 
| 137|0x0000000088900000, 0x0000000088900000, 0x0000000088a00000|  0%| F|  |TAMS 0x0000000088900000, 0x0000000088900000| Untracked 
| 138|0x0000000088a00000, 0x0000000088a00000, 0x0000000088b00000|  0%| F|  |TAMS 0x0000000088a00000, 0x0000000088a00000| Untracked 
| 139|0x0000000088b00000, 0x0000000088b00000, 0x0000000088c00000|  0%| F|  |TAMS 0x0000000088b00000, 0x0000000088b00000| Untracked 
| 140|0x0000000088c00000, 0x0000000088c00000, 0x0000000088d00000|  0%| F|  |TAMS 0x0000000088c00000, 0x0000000088c00000| Untracked 
| 141|0x0000000088d00000, 0x0000000088d00000, 0x0000000088e00000|  0%| F|  |TAMS 0x0000000088d00000, 0x0000000088d00000| Untracked 
| 142|0x0000000088e00000, 0x0000000088e932b8, 0x0000000088f00000| 57%| E|  |TAMS 0x0000000088e00000, 0x0000000088e00000| Complete 
| 143|0x0000000088f00000, 0x0000000089000000, 0x0000000089000000|100%| E|CS|TAMS 0x0000000088f00000, 0x0000000088f00000| Complete 
| 144|0x0000000089000000, 0x0000000089100000, 0x0000000089100000|100%| E|CS|TAMS 0x0000000089000000, 0x0000000089000000| Complete 
| 145|0x0000000089100000, 0x0000000089200000, 0x0000000089200000|100%| E|CS|TAMS 0x0000000089100000, 0x0000000089100000| Complete 
| 146|0x0000000089200000, 0x0000000089300000, 0x0000000089300000|100%| E|CS|TAMS 0x0000000089200000, 0x0000000089200000| Complete 
| 147|0x0000000089300000, 0x0000000089400000, 0x0000000089400000|100%| E|CS|TAMS 0x0000000089300000, 0x0000000089300000| Complete 
| 148|0x0000000089400000, 0x0000000089500000, 0x0000000089500000|100%| E|CS|TAMS 0x0000000089400000, 0x0000000089400000| Complete 
| 149|0x0000000089500000, 0x0000000089600000, 0x0000000089600000|100%| E|CS|TAMS 0x0000000089500000, 0x0000000089500000| Complete 
| 150|0x0000000089600000, 0x0000000089700000, 0x0000000089700000|100%| E|CS|TAMS 0x0000000089600000, 0x0000000089600000| Complete 
| 151|0x0000000089700000, 0x0000000089800000, 0x0000000089800000|100%| E|CS|TAMS 0x0000000089700000, 0x0000000089700000| Complete 
| 152|0x0000000089800000, 0x0000000089900000, 0x0000000089900000|100%| E|CS|TAMS 0x0000000089800000, 0x0000000089800000| Complete 
| 153|0x0000000089900000, 0x0000000089a00000, 0x0000000089a00000|100%| E|CS|TAMS 0x0000000089900000, 0x0000000089900000| Complete 

Card table byte_map: [0x00000190f4420000,0x00000190f4820000] _byte_map_base: 0x00000190f4020000

Marking Bits (Prev, Next): (CMBitMap*) 0x00000190e16f4f28, (CMBitMap*) 0x00000190e16f4f60
 Prev Bits: [0x00000190f4c20000, 0x00000190f6c20000)
 Next Bits: [0x00000190f6c20000, 0x00000190f8c20000)

Polling page: 0x00000190df4d0000

Metaspace:

Usage:
  Non-class:     48.17 MB capacity,    47.11 MB ( 98%) used,   959.78 KB (  2%) free+waste,   125.31 KB ( <1%) overhead. 
      Class:      7.35 MB capacity,     6.89 MB ( 94%) used,   409.26 KB (  5%) free+waste,    60.13 KB ( <1%) overhead. 
       Both:     55.52 MB capacity,    54.00 MB ( 97%) used,     1.34 MB (  2%) free+waste,   185.44 KB ( <1%) overhead. 

Virtual space:
  Non-class space:       50.00 MB reserved,      48.25 MB ( 97%) committed 
      Class space:        1.00 GB reserved,       7.45 MB ( <1%) committed 
             Both:        1.05 GB reserved,      55.70 MB (  5%) committed 

Chunk freelists:
   Non-Class:  14.00 KB
       Class:  29.00 KB
        Both:  43.00 KB

MaxMetaspaceSize: 17179869184.00 GB
CompressedClassSpaceSize: 1.00 GB

CodeHeap 'non-profiled nmethods': size=120064Kb used=2712Kb max_used=2712Kb free=117351Kb
 bounds [0x00000190ecae0000, 0x00000190ecd90000, 0x00000190f4020000]
CodeHeap 'profiled nmethods': size=120000Kb used=10790Kb max_used=10790Kb free=109209Kb
 bounds [0x00000190e55b0000, 0x00000190e6040000, 0x00000190ecae0000]
CodeHeap 'non-nmethods': size=5696Kb used=2219Kb max_used=2273Kb free=3476Kb
 bounds [0x00000190e5020000, 0x00000190e5290000, 0x00000190e55b0000]
 total_blobs=5783 nmethods=4988 adapters=706
 compilation: enabled
              stopped_count=0, restarted_count=0
 full_count=0

Compilation events (20 events):
Event: 8.864 Thread 0x00000190fb140800 nmethod 5212% 0x00000190e6031010 code [0x00000190e6031840, 0x00000190e6036ce8]
Event: 8.864 Thread 0x00000190fb140800 5213       3       com.google.common.collect.AbstractMapBasedMultimap$WrappedCollection::iterator (13 bytes)
Event: 8.865 Thread 0x00000190fb140800 nmethod 5213 0x00000190e6038690 code [0x00000190e60388c0, 0x00000190e6039128]
Event: 8.865 Thread 0x00000190fb140800 5214       3       com.google.common.collect.AbstractMapBasedMultimap$WrappedCollection$WrappedIterator::<init> (32 bytes)
Event: 8.865 Thread 0x00000190fb140800 nmethod 5214 0x00000190e6039310 code [0x00000190e6039520, 0x00000190e6039c38]
Event: 8.865 Thread 0x00000190fb140800 5215       3       com.google.common.collect.AbstractMapBasedMultimap::access$100 (5 bytes)
Event: 8.865 Thread 0x00000190fb140800 nmethod 5215 0x00000190e6039e10 code [0x00000190e603a000, 0x00000190e603a518]
Event: 8.865 Thread 0x00000190fb140800 5216       3       com.google.common.collect.AbstractMapBasedMultimap::iteratorOrListIterator (26 bytes)
Event: 8.866 Thread 0x00000190fb140800 nmethod 5216 0x00000190e603a690 code [0x00000190e603a880, 0x00000190e603ad38]
Event: 8.868 Thread 0x00000190fb140800 5217       1       java.util.stream.FindOps$FindSink::cancellationRequested (5 bytes)
Event: 8.868 Thread 0x00000190fb140800 nmethod 5217 0x00000190ecd85d90 code [0x00000190ecd85f40, 0x00000190ecd85ff8]
Event: 8.868 Thread 0x00000190fb140800 5218       1       javax.management.ObjectName$Property::setKeyIndex (6 bytes)
Event: 8.868 Thread 0x00000190fb140800 nmethod 5218 0x00000190ecd86090 code [0x00000190ecd86240, 0x00000190ecd862f8]
Event: 8.868 Thread 0x00000190fb140800 5219       3       jdk.internal.misc.Unsafe::allocateUninitializedArray0 (90 bytes)
Event: 8.869 Thread 0x00000190fb140800 nmethod 5219 0x00000190e603ae90 code [0x00000190e603b080, 0x00000190e603b8d8]
Event: 8.869 Thread 0x00000190fb140800 5220       3       java.lang.invoke.DirectMethodHandle$Holder::invokeStatic (18 bytes)
Event: 8.869 Thread 0x00000190fb140800 nmethod 5220 0x00000190e603ba10 code [0x00000190e603bbe0, 0x00000190e603c0d8]
Event: 8.869 Thread 0x00000190fb140800 5221       3       java.lang.StringConcatHelper::newString (46 bytes)
Event: 8.870 Thread 0x00000190fb140800 nmethod 5221 0x00000190e603c210 code [0x00000190e603c4a0, 0x00000190e603cf28]
Event: 8.870 Thread 0x00000190fb140800 5222       1       sun.management.MemoryPoolImpl::getName (5 bytes)

GC Heap History (20 events):
Event: 0.665 GC heap before
{Heap before GC invocations=0 (full 0):
 garbage-first heap   total 131072K, used 19456K [0x0000000080000000, 0x0000000100000000)
  region size 1024K, 14 young (14336K), 0 survivors (0K)
 Metaspace       used 7481K, capacity 7679K, committed 7936K, reserved 1056768K
  class space    used 688K, capacity 748K, committed 768K, reserved 1048576K
}
Event: 0.674 GC heap after
{Heap after GC invocations=1 (full 0):
 garbage-first heap   total 131072K, used 7728K [0x0000000080000000, 0x0000000100000000)
  region size 1024K, 2 young (2048K), 2 survivors (2048K)
 Metaspace       used 7481K, capacity 7679K, committed 7936K, reserved 1056768K
  class space    used 688K, capacity 748K, committed 768K, reserved 1048576K
}
Event: 1.056 GC heap before
{Heap before GC invocations=1 (full 0):
 garbage-first heap   total 131072K, used 18992K [0x0000000080000000, 0x0000000100000000)
  region size 1024K, 13 young (13312K), 2 survivors (2048K)
 Metaspace       used 10440K, capacity 10644K, committed 11008K, reserved 1058816K
  class space    used 1100K, capacity 1164K, committed 1280K, reserved 1048576K
}
Event: 1.059 GC heap after
{Heap after GC invocations=2 (full 0):
 garbage-first heap   total 131072K, used 8504K [0x0000000080000000, 0x0000000100000000)
  region size 1024K, 1 young (1024K), 1 survivors (1024K)
 Metaspace       used 10440K, capacity 10644K, committed 11008K, reserved 1058816K
  class space    used 1100K, capacity 1164K, committed 1280K, reserved 1048576K
}
Event: 1.522 GC heap before
{Heap before GC invocations=2 (full 0):
 garbage-first heap   total 131072K, used 35128K [0x0000000080000000, 0x0000000100000000)
  region size 1024K, 28 young (28672K), 1 survivors (1024K)
 Metaspace       used 10614K, capacity 10773K, committed 11008K, reserved 1058816K
  class space    used 1101K, capacity 1164K, committed 1280K, reserved 1048576K
}
Event: 1.526 GC heap after
{Heap after GC invocations=3 (full 0):
 garbage-first heap   total 131072K, used 12491K [0x0000000080000000, 0x0000000100000000)
  region size 1024K, 4 young (4096K), 4 survivors (4096K)
 Metaspace       used 10614K, capacity 10773K, committed 11008K, reserved 1058816K
  class space    used 1101K, capacity 1164K, committed 1280K, reserved 1048576K
}
Event: 2.945 GC heap before
{Heap before GC invocations=3 (full 0):
 garbage-first heap   total 131072K, used 52427K [0x0000000080000000, 0x0000000100000000)
  region size 1024K, 43 young (44032K), 4 survivors (4096K)
 Metaspace       used 18416K, capacity 18821K, committed 19072K, reserved 1067008K
  class space    used 2205K, capacity 2337K, committed 2432K, reserved 1048576K
}
Event: 2.957 GC heap after
{Heap after GC invocations=4 (full 0):
 garbage-first heap   total 131072K, used 15526K [0x0000000080000000, 0x0000000100000000)
  region size 1024K, 4 young (4096K), 4 survivors (4096K)
 Metaspace       used 18416K, capacity 18821K, committed 19072K, reserved 1067008K
  class space    used 2205K, capacity 2337K, committed 2432K, reserved 1048576K
}
Event: 3.164 GC heap before
{Heap before GC invocations=4 (full 0):
 garbage-first heap   total 131072K, used 30886K [0x0000000080000000, 0x0000000100000000)
  region size 1024K, 20 young (20480K), 4 survivors (4096K)
 Metaspace       used 20622K, capacity 21108K, committed 21248K, reserved 1067008K
  class space    used 2530K, capacity 2721K, committed 2816K, reserved 1048576K
}
Event: 3.169 GC heap after
{Heap after GC invocations=5 (full 0):
 garbage-first heap   total 131072K, used 16079K [0x0000000080000000, 0x0000000100000000)
  region size 1024K, 4 young (4096K), 4 survivors (4096K)
 Metaspace       used 20622K, capacity 21108K, committed 21248K, reserved 1067008K
  class space    used 2530K, capacity 2721K, committed 2816K, reserved 1048576K
}
Event: 3.952 GC heap before
{Heap before GC invocations=6 (full 0):
 garbage-first heap   total 131072K, used 78543K [0x0000000080000000, 0x0000000100000000)
  region size 1024K, 57 young (58368K), 4 survivors (4096K)
 Metaspace       used 26179K, capacity 26880K, committed 27008K, reserved 1073152K
  class space    used 3415K, capacity 3651K, committed 3712K, reserved 1048576K
}
Event: 3.965 GC heap after
{Heap after GC invocations=7 (full 0):
 garbage-first heap   total 131072K, used 29392K [0x0000000080000000, 0x0000000100000000)
  region size 1024K, 8 young (8192K), 8 survivors (8192K)
 Metaspace       used 26179K, capacity 26880K, committed 27008K, reserved 1073152K
  class space    used 3415K, capacity 3651K, committed 3712K, reserved 1048576K
}
Event: 4.859 GC heap before
{Heap before GC invocations=7 (full 0):
 garbage-first heap   total 131072K, used 79568K [0x0000000080000000, 0x0000000100000000)
  region size 1024K, 59 young (60416K), 8 survivors (8192K)
 Metaspace       used 35060K, capacity 35835K, committed 35840K, reserved 1081344K
  class space    used 4547K, capacity 4862K, committed 4864K, reserved 1048576K
}
Event: 4.872 GC heap after
{Heap after GC invocations=8 (full 0):
 garbage-first heap   total 157696K, used 33347K [0x0000000080000000, 0x0000000100000000)
  region size 1024K, 9 young (9216K), 9 survivors (9216K)
 Metaspace       used 35060K, capacity 35835K, committed 35840K, reserved 1081344K
  class space    used 4547K, capacity 4862K, committed 4864K, reserved 1048576K
}
Event: 6.222 GC heap before
{Heap before GC invocations=9 (full 0):
 garbage-first heap   total 157696K, used 112195K [0x0000000080000000, 0x0000000100000000)
  region size 1024K, 76 young (77824K), 9 survivors (9216K)
 Metaspace       used 42147K, capacity 43209K, committed 43340K, reserved 1087488K
  class space    used 5316K, capacity 5673K, committed 5708K, reserved 1048576K
}
Event: 6.238 GC heap after
{Heap after GC invocations=10 (full 0):
 garbage-first heap   total 157696K, used 46720K [0x0000000080000000, 0x0000000100000000)
  region size 1024K, 10 young (10240K), 10 survivors (10240K)
 Metaspace       used 42147K, capacity 43209K, committed 43340K, reserved 1087488K
  class space    used 5316K, capacity 5673K, committed 5708K, reserved 1048576K
}
Event: 7.415 GC heap before
{Heap before GC invocations=10 (full 0):
 garbage-first heap   total 157696K, used 119424K [0x0000000080000000, 0x0000000100000000)
  region size 1024K, 81 young (82944K), 10 survivors (10240K)
 Metaspace       used 46724K, capacity 48029K, committed 48204K, reserved 1091584K
  class space    used 5990K, capacity 6401K, committed 6476K, reserved 1048576K
}
Event: 7.432 GC heap after
{Heap after GC invocations=11 (full 0):
 garbage-first heap   total 157696K, used 51775K [0x0000000080000000, 0x0000000100000000)
  region size 1024K, 5 young (5120K), 5 survivors (5120K)
 Metaspace       used 46724K, capacity 48029K, committed 48204K, reserved 1091584K
  class space    used 5990K, capacity 6401K, committed 6476K, reserved 1048576K
}
Event: 8.568 GC heap before
{Heap before GC invocations=11 (full 0):
 garbage-first heap   total 157696K, used 123455K [0x0000000080000000, 0x0000000100000000)
  region size 1024K, 73 young (74752K), 5 survivors (5120K)
 Metaspace       used 53896K, capacity 55391K, committed 55500K, reserved 1097728K
  class space    used 6868K, capacity 7336K, committed 7372K, reserved 1048576K
}
Event: 8.579 GC heap after
{Heap after GC invocations=12 (full 0):
 garbage-first heap   total 157696K, used 61737K [0x0000000080000000, 0x0000000100000000)
  region size 1024K, 10 young (10240K), 10 survivors (10240K)
 Metaspace       used 53896K, capacity 55391K, committed 55500K, reserved 1097728K
  class space    used 6868K, capacity 7336K, committed 7372K, reserved 1048576K
}

Deoptimization events (20 events):
Event: 8.393 Thread 0x00000190fd55c800 DEOPT PACKING pc=0x00000190e5832c17 sp=0x00000031275f6980
Event: 8.393 Thread 0x00000190fd55c800 DEOPT UNPACKING pc=0x00000190e50472ce sp=0x00000031275f5f08 mode 0
Event: 8.396 Thread 0x00000190fd55c800 DEOPT PACKING pc=0x00000190e5832c17 sp=0x00000031275f6980
Event: 8.396 Thread 0x00000190fd55c800 DEOPT UNPACKING pc=0x00000190e50472ce sp=0x00000031275f5f08 mode 0
Event: 8.398 Thread 0x00000190fd55c800 DEOPT PACKING pc=0x00000190e5832c17 sp=0x00000031275f6bd0
Event: 8.398 Thread 0x00000190fd55c800 DEOPT UNPACKING pc=0x00000190e50472ce sp=0x00000031275f6158 mode 0
Event: 8.399 Thread 0x00000190fd55c800 DEOPT PACKING pc=0x00000190e5832c17 sp=0x00000031275f6980
Event: 8.399 Thread 0x00000190fd55c800 DEOPT UNPACKING pc=0x00000190e50472ce sp=0x00000031275f5f08 mode 0
Event: 8.401 Thread 0x00000190fd55c800 DEOPT PACKING pc=0x00000190e5832c17 sp=0x00000031275f6a80
Event: 8.401 Thread 0x00000190fd55c800 DEOPT UNPACKING pc=0x00000190e50472ce sp=0x00000031275f6008 mode 0
Event: 8.543 Thread 0x00000190fd55c800 Uncommon trap: trap_request=0xffffffc6 fr.pc=0x00000190ecc815a4 relative=0x0000000000003c24
Event: 8.543 Thread 0x00000190fd55c800 Uncommon trap: reason=bimorphic_or_optimized_type_check action=maybe_recompile pc=0x00000190ecc815a4 method=java.util.AbstractCollection.addAll(Ljava/util/Collection;)Z @ 29 c2
Event: 8.543 Thread 0x00000190fd55c800 DEOPT PACKING pc=0x00000190ecc815a4 sp=0x00000031275f89c0
Event: 8.543 Thread 0x00000190fd55c800 DEOPT UNPACKING pc=0x00000190e50474af sp=0x00000031275f89c0 mode 2
Event: 8.698 Thread 0x00000190fd55c800 Uncommon trap: trap_request=0xffffffde fr.pc=0x00000190ecca55f0 relative=0x00000000000014d0
Event: 8.698 Thread 0x00000190fd55c800 Uncommon trap: reason=class_check action=maybe_recompile pc=0x00000190ecca55f0 method=jdk.internal.loader.BuiltinClassLoader.loadClassOrNull(Ljava/lang/String;Z)Ljava/lang/Class; @ 86 c2
Event: 8.698 Thread 0x00000190fd55c800 DEOPT PACKING pc=0x00000190ecca55f0 sp=0x00000031275f62f0
Event: 8.698 Thread 0x00000190fd55c800 DEOPT UNPACKING pc=0x00000190e50474af sp=0x00000031275f6258 mode 2
Event: 8.795 Thread 0x00000190fd55c800 DEOPT PACKING pc=0x00000190e5ee8a71 sp=0x00000031275f4110
Event: 8.795 Thread 0x00000190fd55c800 DEOPT UNPACKING pc=0x00000190e50472ce sp=0x00000031275f3608 mode 0

Classes redefined (0 events):
No events

Internal exceptions (20 events):
Event: 7.746 Thread 0x00000190fd55c800 Exception <a 'java/lang/ClassNotFoundException'{0x000000008862bd40}: org/gradle/api/internal/ConventionTaskBeanInfo> (0x000000008862bd40) thrown at [./src/hotspot/share/classfile/systemDictionary.cpp, line 231]
Event: 7.747 Thread 0x00000190fd55c800 Exception <a 'java/lang/ClassNotFoundException'{0x000000008864e5f0}: org/gradle/api/DefaultTaskBeanInfo> (0x000000008864e5f0) thrown at [./src/hotspot/share/classfile/systemDictionary.cpp, line 231]
Event: 7.748 Thread 0x00000190fd55c800 Exception <a 'java/lang/ClassNotFoundException'{0x00000000886743c0}: org/gradle/api/internal/AbstractTaskBeanInfo> (0x00000000886743c0) thrown at [./src/hotspot/share/classfile/systemDictionary.cpp, line 231]
Event: 7.749 Thread 0x00000190fd55c800 Exception <a 'java/lang/ClassNotFoundException'{0x000000008869a110}: org/gradle/api/internal/AbstractTaskCustomizer> (0x000000008869a110) thrown at [./src/hotspot/share/classfile/systemDictionary.cpp, line 231]
Event: 7.753 Thread 0x00000190fd55c800 Exception <a 'java/lang/ClassNotFoundException'{0x00000000886fefc8}: org/gradle/api/DefaultTaskCustomizer> (0x00000000886fefc8) thrown at [./src/hotspot/share/classfile/systemDictionary.cpp, line 231]
Event: 7.756 Thread 0x00000190fd55c800 Exception <a 'java/lang/ClassNotFoundException'{0x0000000088579558}: org/gradle/api/internal/ConventionTaskCustomizer> (0x0000000088579558) thrown at [./src/hotspot/share/classfile/systemDictionary.cpp, line 231]
Event: 7.758 Thread 0x00000190fd55c800 Exception <a 'java/lang/ClassNotFoundException'{0x00000000885ab218}: org/gradle/api/tasks/DeleteCustomizer> (0x00000000885ab218) thrown at [./src/hotspot/share/classfile/systemDictionary.cpp, line 231]
Event: 7.761 Thread 0x00000190fd55c800 Exception <a 'java/lang/ClassNotFoundException'{0x00000000885e33b8}: org/gradle/api/tasks/Delete_DecoratedCustomizer> (0x00000000885e33b8) thrown at [./src/hotspot/share/classfile/systemDictionary.cpp, line 231]
Event: 7.788 Thread 0x00000190fd55c800 Exception <a 'java/lang/ClassNotFoundException'{0x000000008830e998}: build_eno2p63z4qkzy7o2fyg5xpjpkBeanInfo> (0x000000008830e998) thrown at [./src/hotspot/share/classfile/systemDictionary.cpp, line 231]
Event: 7.789 Thread 0x00000190fd55c800 Exception <a 'java/lang/ClassNotFoundException'{0x00000000883177a0}: build_eno2p63z4qkzy7o2fyg5xpjpkCustomizer> (0x00000000883177a0) thrown at [./src/hotspot/share/classfile/systemDictionary.cpp, line 231]
Event: 7.797 Thread 0x00000190fd55c800 Exception <a 'java/lang/ClassNotFoundException'{0x000000008838b0d0}: org/gradle/plugin/use/internal/PluginRequestCollector$PluginDependenciesSpecImplBeanInfo> (0x000000008838b0d0) thrown at [./src/hotspot/share/classfile/systemDictionary.cpp, line 231]
Event: 7.798 Thread 0x00000190fd55c800 Exception <a 'java/lang/ClassNotFoundException'{0x00000000883b0e40}: org/gradle/plugin/use/internal/PluginRequestCollector$PluginDependenciesSpecImplCustomizer> (0x00000000883b0e40) thrown at [./src/hotspot/share/classfile/systemDictionary.cpp, line 231]
Event: 7.804 Thread 0x00000190fd55c800 Exception <a 'java/lang/NoSuchMethodError'{0x00000000882294b8}: 'void java.lang.invoke.DirectMethodHandle$Holder.invokeInterface(java.lang.Object, java.lang.Object)'> (0x00000000882294b8) thrown at [./src/hotspot/share/interpreter/linkResolver.cpp, line 773]
Event: 7.953 Thread 0x00000190fd55c800 Exception <a 'java/lang/NoSuchMethodError'{0x0000000087894240}: 'java.lang.Object java.lang.invoke.DirectMethodHandle$Holder.invokeStatic(java.lang.Object, java.lang.Object, java.lang.Object, java.lang.Object, int)'> (0x0000000087894240) thrown at [./src/hotspot/share/interpreter/linkResolver.cpp, line 773]
Event: 7.954 Thread 0x00000190fd55c800 Exception <a 'java/lang/NoSuchMethodError'{0x0000000087898c38}: 'java.lang.Object java.lang.invoke.DirectMethodHandle$Holder.invokeSpecial(java.lang.Object, java.lang.Object, java.lang.Object, java.lang.Object, java.lang.Object, int)'> (0x0000000087898c38) thrown at [./src/hotspot/share/interpreter/linkResolver.cpp, line 773]
Event: 7.954 Thread 0x00000190fd55c800 Exception <a 'java/lang/NoSuchMethodError'{0x000000008789d278}: 'java.lang.Object java.lang.invoke.Invokers$Holder.linkToTargetMethod(java.lang.Object, java.lang.Object, java.lang.Object, int, java.lang.Object)'> (0x000000008789d278) thrown at [./src/hotspot/share/interpreter/linkResolver.cpp, line 773]
Event: 8.226 Thread 0x00000190fd55c800 Exception <a 'java/lang/NoSuchMethodError'{0x00000000865d1498}: 'java.lang.Object java.lang.invoke.DirectMethodHandle$Holder.invokeSpecial(java.lang.Object, java.lang.Object, int, int, java.lang.Object, java.lang.Object, java.lang.Object)'> (0x00000000865d1498) thrown at [./src/hotspot/share/interpreter/linkResolver.cpp, line 773]
Event: 8.227 Thread 0x00000190fd55c800 Exception <a 'java/lang/NoSuchMethodError'{0x00000000865d5a18}: 'java.lang.Object java.lang.invoke.DelegatingMethodHandle$Holder.reinvoke_L(java.lang.Object, int, int, java.lang.Object, java.lang.Object, java.lang.Object)'> (0x00000000865d5a18) thrown at [./src/hotspot/share/interpreter/linkResolver.cpp, line 773]
Event: 8.505 Thread 0x00000190fd55c800 Exception <a 'java/lang/NoSuchMethodError'{0x0000000085805110}: 'int java.lang.invoke.DirectMethodHandle$Holder.invokeInterface(java.lang.Object, java.lang.Object, java.lang.Object, java.lang.Object)'> (0x0000000085805110) thrown at [./src/hotspot/share/interpreter/linkResolver.cpp, line 773]
Event: 8.750 Thread 0x00000190fd55c800 Exception <a 'java/lang/NoSuchMethodError'{0x00000000894ea360}: 'void java.lang.invoke.DirectMethodHandle$Holder.invokeInterface(java.lang.Object, java.lang.Object, java.lang.Object, java.lang.Object)'> (0x00000000894ea360) thrown at [./src/hotspot/share/interpreter/linkResolver.cpp, line 773]

Events (20 events):
Event: 8.835 loading class org/gradle/api/Task
Event: 8.835 loading class org/gradle/api/Task done
Event: 8.836 loading class org/gradle/api/Task
Event: 8.836 loading class org/gradle/api/Task done
Event: 8.836 loading class org/gradle/api/Action
Event: 8.836 loading class org/gradle/api/Action done
Event: 8.837 loading class org/gradle/api/plugins/JvmEcosystemPlugin
Event: 8.837 loading class org/gradle/api/plugins/JvmEcosystemPlugin done
Event: 8.840 loading class org/gradle/api/internal/tasks/DefaultSourceSetContainer
Event: 8.840 loading class org/gradle/api/internal/tasks/DefaultSourceSetContainer done
Event: 8.854 loading class org/gradle/api/internal/tasks/DefaultSourceSetContainer$1
Event: 8.854 loading class org/gradle/api/internal/tasks/DefaultSourceSetContainer$1 done
Event: 8.855 loading class org/gradle/api/internal/artifacts/type/DefaultArtifactTypeContainer
Event: 8.855 loading class org/gradle/api/internal/artifacts/type/DefaultArtifactTypeContainer done
Event: 8.857 loading class org/gradle/api/artifacts/type/ArtifactTypeDefinition
Event: 8.857 loading class org/gradle/api/artifacts/type/ArtifactTypeDefinition done
Event: 8.866 loading class org/gradle/api/internal/artifacts/type/DefaultArtifactTypeContainer$DefaultArtifactTypeDefinition
Event: 8.866 loading class org/gradle/api/internal/artifacts/type/DefaultArtifactTypeContainer$DefaultArtifactTypeDefinition done
Event: 8.868 loading class org/gradle/api/plugins/ReportingBasePlugin
Event: 8.868 loading class org/gradle/api/plugins/ReportingBasePlugin done


Dynamic libraries:
0x00007ff67d5b0000 - 0x00007ff67d5ba000 	E:\Program Files\Android\Android Studio\jre\bin\java.exe
0x00007fff18340000 - 0x00007fff18530000 	C:\Windows\SYSTEM32\ntdll.dll
0x00007ffecbad0000 - 0x00007ffecbb04000 	C:\Program Files\AVAST Software\Avast\x64\aswhooka.dll
0x00007fff16530000 - 0x00007fff165e2000 	C:\Windows\System32\KERNEL32.DLL
0x00007fff15490000 - 0x00007fff15735000 	C:\Windows\System32\KERNELBASE.dll
0x00007fff162f0000 - 0x00007fff163ea000 	C:\Windows\System32\ucrtbase.dll
0x00007ffefe8a0000 - 0x00007ffefe8b9000 	E:\Program Files\Android\Android Studio\jre\bin\jli.dll
0x00007fff165f0000 - 0x00007fff16784000 	C:\Windows\System32\USER32.dll
0x00007fff15a40000 - 0x00007fff15a61000 	C:\Windows\System32\win32u.dll
0x00007fff18130000 - 0x00007fff18156000 	C:\Windows\System32\GDI32.dll
0x00007fff15850000 - 0x00007fff159e6000 	C:\Windows\System32\gdi32full.dll
0x00007fff16200000 - 0x00007fff1629e000 	C:\Windows\System32\msvcp_win.dll
0x00007ffefce20000 - 0x00007ffefce37000 	E:\Program Files\Android\Android Studio\jre\bin\VCRUNTIME140.dll
0x00007fff02ec0000 - 0x00007fff03144000 	C:\Windows\WinSxS\amd64_microsoft.windows.common-controls_6595b64144ccf1df_6.0.18362.1256_none_9e7e379be45e40e2\COMCTL32.dll
0x00007fff167f0000 - 0x00007fff1688e000 	C:\Windows\System32\msvcrt.dll
0x00007fff179c0000 - 0x00007fff17cf6000 	C:\Windows\System32\combase.dll
0x00007fff17730000 - 0x00007fff17850000 	C:\Windows\System32\RPCRT4.dll
0x00007fff15400000 - 0x00007fff15481000 	C:\Windows\System32\bcryptPrimitives.dll
0x00007fff17d60000 - 0x00007fff17d8e000 	C:\Windows\System32\IMM32.DLL
0x00007ffef7030000 - 0x00007ffef70cd000 	E:\Program Files\Android\Android Studio\jre\bin\msvcp140.dll
0x00007ffeae6b0000 - 0x00007ffeaf16c000 	E:\Program Files\Android\Android Studio\jre\bin\server\jvm.dll
0x00007fff17ed0000 - 0x00007fff17f73000 	C:\Windows\System32\ADVAPI32.dll
0x00007fff17920000 - 0x00007fff179b7000 	C:\Windows\System32\sechost.dll
0x00007fff17230000 - 0x00007fff17238000 	C:\Windows\System32\PSAPI.DLL
0x00007ffee8170000 - 0x00007ffee8179000 	C:\Windows\SYSTEM32\WSOCK32.dll
0x00007fff17d90000 - 0x00007fff17dff000 	C:\Windows\System32\WS2_32.dll
0x00007fff12da0000 - 0x00007fff12dc4000 	C:\Windows\SYSTEM32\WINMM.dll
0x00007fff0d990000 - 0x00007fff0d99a000 	C:\Windows\SYSTEM32\VERSION.dll
0x00007fff12920000 - 0x00007fff1294d000 	C:\Windows\SYSTEM32\WINMMBASE.dll
0x00007fff159f0000 - 0x00007fff15a3a000 	C:\Windows\System32\cfgmgr32.dll
0x00007fff151f0000 - 0x00007fff15201000 	C:\Windows\System32\kernel.appcore.dll
0x00007fff12fb0000 - 0x00007fff12fc1000 	E:\Program Files\Android\Android Studio\jre\bin\verify.dll
0x00007fff13a80000 - 0x00007fff13c74000 	C:\Windows\SYSTEM32\DBGHELP.DLL
0x00007fff029b0000 - 0x00007fff029da000 	C:\Windows\SYSTEM32\dbgcore.DLL
0x00007fff12f80000 - 0x00007fff12fa9000 	E:\Program Files\Android\Android Studio\jre\bin\java.dll
0x00007fff12f70000 - 0x00007fff12f7b000 	E:\Program Files\Android\Android Studio\jre\bin\jimage.dll
0x00007fff12f50000 - 0x00007fff12f68000 	E:\Program Files\Android\Android Studio\jre\bin\zip.dll
0x00007fff169e0000 - 0x00007fff170c7000 	C:\Windows\System32\SHELL32.dll
0x00007fff18250000 - 0x00007fff182f9000 	C:\Windows\System32\shcore.dll
0x00007fff15a70000 - 0x00007fff161f1000 	C:\Windows\System32\windows.storage.dll
0x00007fff15230000 - 0x00007fff15253000 	C:\Windows\System32\profapi.dll
0x00007fff15260000 - 0x00007fff152aa000 	C:\Windows\System32\powrprof.dll
0x00007fff151e0000 - 0x00007fff151f0000 	C:\Windows\System32\UMPDC.dll
0x00007fff17d00000 - 0x00007fff17d52000 	C:\Windows\System32\shlwapi.dll
0x00007fff162d0000 - 0x00007fff162e7000 	C:\Windows\System32\cryptsp.dll
0x00007fff12f30000 - 0x00007fff12f4a000 	E:\Program Files\Android\Android Studio\jre\bin\net.dll
0x00007fff057a0000 - 0x00007fff05890000 	C:\Windows\SYSTEM32\WINHTTP.dll
0x00007fff149d0000 - 0x00007fff14a37000 	C:\Windows\system32\mswsock.dll
0x00007fff12f10000 - 0x00007fff12f24000 	E:\Program Files\Android\Android Studio\jre\bin\nio.dll
0x00007ffeff7c0000 - 0x00007ffeff7e7000 	C:\Users\hp\.gradle\native\fdc75f09e3144964f2cf3f50f0aa648679c211496f362492102eb8c894070792\windows-amd64\native-platform.dll
0x00007ffefa9c0000 - 0x00007ffefab56000 	C:\Users\hp\.gradle\native\12488b8bf47d2d4c9fbf2f6322a914ad602e24e48041cd04a747c6da556b65c4\windows-amd64\native-platform-file-events.dll
0x00007fff12f00000 - 0x00007fff12f0a000 	E:\Program Files\Android\Android Studio\jre\bin\management.dll
0x00007fff0f3e0000 - 0x00007fff0f3ec000 	E:\Program Files\Android\Android Studio\jre\bin\management_ext.dll
0x00007fff14540000 - 0x00007fff14573000 	C:\Windows\system32\rsaenh.dll
0x00007fff162a0000 - 0x00007fff162c6000 	C:\Windows\System32\bcrypt.dll
0x00007fff15100000 - 0x00007fff15125000 	C:\Windows\SYSTEM32\USERENV.dll
0x00007fff14ba0000 - 0x00007fff14bac000 	C:\Windows\SYSTEM32\CRYPTBASE.dll
0x00007fff146e0000 - 0x00007fff1471a000 	C:\Windows\SYSTEM32\IPHLPAPI.DLL
0x00007fff16520000 - 0x00007fff16528000 	C:\Windows\System32\NSI.dll
0x00007fff05f50000 - 0x00007fff05f66000 	C:\Windows\SYSTEM32\dhcpcsvc6.DLL
0x00007fff05fa0000 - 0x00007fff05fbc000 	C:\Windows\SYSTEM32\dhcpcsvc.DLL
0x00007fff14720000 - 0x00007fff147eb000 	C:\Windows\SYSTEM32\DNSAPI.dll
0x00007fff066d0000 - 0x00007fff066db000 	C:\Windows\SYSTEM32\WINNSI.DLL

dbghelp: loaded successfully - version: 4.0.5 - missing functions: none
symbol engine: initialized successfully - sym options: 0x614 - pdb path: .;E:\Program Files\Android\Android Studio\jre\bin;C:\Windows\SYSTEM32;C:\Program Files\AVAST Software\Avast\x64;C:\Windows\WinSxS\amd64_microsoft.windows.common-controls_6595b64144ccf1df_6.0.18362.1256_none_9e7e379be45e40e2;E:\Program Files\Android\Android Studio\jre\bin\server;C:\Users\hp\.gradle\native\fdc75f09e3144964f2cf3f50f0aa648679c211496f362492102eb8c894070792\windows-amd64;C:\Users\hp\.gradle\native\12488b8bf47d2d4c9fbf2f6322a914ad602e24e48041cd04a747c6da556b65c4\windows-amd64

VM Arguments:
jvm_args: --add-opens=java.base/java.util=ALL-UNNAMED --add-opens=java.base/java.lang=ALL-UNNAMED --add-opens=java.base/java.lang.invoke=ALL-UNNAMED --add-opens=java.prefs/java.util.prefs=ALL-UNNAMED -Xmx2048m -Dfile.encoding=UTF-8 -Duser.country=US -Duser.language=en -Duser.variant 
java_command: org.gradle.launcher.daemon.bootstrap.GradleDaemon 6.7.1
java_class_path (initial): C:\Users\hp\.gradle\wrapper\dists\gradle-6.7.1-bin\bwlcbys1h7rz3272sye1xwiv6\gradle-6.7.1\lib\gradle-launcher-6.7.1.jar
Launcher Type: SUN_STANDARD

[Global flags]
     intx CICompilerCount                          = 3                                         {product} {ergonomic}
     uint ConcGCThreads                            = 1                                         {product} {ergonomic}
     uint G1ConcRefinementThreads                  = 4                                         {product} {ergonomic}
   size_t G1HeapRegionSize                         = 1048576                                   {product} {ergonomic}
    uintx GCDrainStackTargetSize                   = 64                                        {product} {ergonomic}
   size_t InitialHeapSize                          = 134217728                                 {product} {ergonomic}
   size_t MarkStackSize                            = 4194304                                   {product} {ergonomic}
   size_t MaxHeapSize                              = 2147483648                                {product} {command line}
   size_t MaxNewSize                               = 1287651328                                {product} {ergonomic}
   size_t MinHeapDeltaBytes                        = 1048576                                   {product} {ergonomic}
    uintx NonNMethodCodeHeapSize                   = 5830732                                {pd product} {ergonomic}
    uintx NonProfiledCodeHeapSize                  = 122913754                              {pd product} {ergonomic}
    uintx ProfiledCodeHeapSize                     = 122913754                              {pd product} {ergonomic}
    uintx ReservedCodeCacheSize                    = 251658240                              {pd product} {ergonomic}
     bool SegmentedCodeCache                       = true                                      {product} {ergonomic}
     bool UseCompressedClassPointers               = true                                 {lp64_product} {ergonomic}
     bool UseCompressedOops                        = true                                 {lp64_product} {ergonomic}
     bool UseG1GC                                  = true                                      {product} {ergonomic}
     bool UseLargePagesIndividualAllocation        = false                                  {pd product} {ergonomic}

Logging:
Log output configuration:
 #0: stdout all=warning uptime,level,tags
 #1: stderr all=off uptime,level,tags

Environment Variables:
JAVA_HOME=C:\Program Files\Java\jdk-17.0.1
PATH=C:\ffmpeg\bin;C:\Program Files\Common Files\Oracle\Java\javapath;C:\Python310\Scripts\;C:\Python310\;C:\ProgramData\Oracle\Java\javapath;C:\Windows\system32;C:\Windows;C:\Windows\System32\Wbem;C:\Windows\System32\WindowsPowerShell\v1.0\;C:\Windows\System32\OpenSSH\;C:\Program Files\Java\jdk-17\bin;C:\Program Files\Microsoft SQL Server\Client SDK\ODBC\110\Tools\Binn\;C:\Program Files\Microsoft SQL Server\Client SDK\ODBC\170\Tools\Binn\;C:\ProgramData\chocolatey\bin;C:\Program Files\Java\jdk-17.0.1\bin;C:\Program Files\Azure Data Studio\bin;C:\Program Files\dotnet\;C:\Program Files\Git\cmd;C:\Program Files\nodejs\;C:\Users\hp\AppData\Local\Microsoft\WindowsApps;D:\Microsoft VS Code\bin;C:\Users\hp\AppData\Local\Android\Sdk\platform-tools;C:\Program Files (x86)\Microsoft SQL Server\150\DTS\Binn\;C:\Program Files (x86)\Microsoft SQL Server\150\Tools\Binn\;C:\Program Files\Microsoft SQL Server\150\Tools\Binn\;C:\Program Files\Microsoft SQL Server\150\DTS\Binn\;C:\Users\hp\AppData\Local\Microsoft\WindowsApps;D:\Microsoft VS Code\bin;C:\Program Files\Azure Data Studio\bin;C:\Users\hp\AppData\Local\Android\Sdk\platform-tools;;C:\Users\hp\AppData\Local\Programs\Microsoft VS Code\bin;C:\Users\hp\.dotnet\tools;C:\Users\hp\AppData\Roaming\npm
USERNAME=hp
OS=Windows_NT
PROCESSOR_IDENTIFIER=Intel64 Family 6 Model 142 Stepping 9, GenuineIntel



---------------  S Y S T E M  ---------------

OS: Windows 10 , 64 bit Build 18362 (10.0.18362.1110)
OS uptime: 0 days 0:34 hours

CPU:total 4 (initial active 4) (2 cores per cpu, 2 threads per core) family 6 model 142 stepping 9, cmov, cx8, fxsr, mmx, sse, sse2, sse3, ssse3, sse4.1, sse4.2, popcnt, avx, avx2, aes, clmul, erms, 3dnowpref, lzcnt, ht, tsc, tscinvbit, bmi1, bmi2, adx, fma

Memory: 4k page, system-wide physical 8078M (562M free)
TotalPageFile size 8078M (AvailPageFile size 3M)
current process WorkingSet (physical memory assigned to process): 333M, peak: 333M
current process commit charge ("private bytes"): 379M, peak: 379M

vm_info: OpenJDK 64-Bit Server VM (11.0.8+10-b944.6842174) for windows-amd64 JRE (11.0.8+10-b944.6842174), built on Sep 19 2020 01:11:42 by "builder" with MS VC++ 14.0 (VS2015)

END.
