#
# There is insufficient memory for the Java Runtime Environment to continue.
# Native memory allocation (malloc) failed to allocate 944256 bytes for Chunk::new
# Possible reasons:
#   The system is out of physical RAM or swap space
#   The process is running with CompressedOops enabled, and the Java Heap may be blocking the growth of the native heap
# Possible solutions:
#   Reduce memory load on the system
#   Increase physical memory or swap space
#   Check if swap backing store is full
#   Decrease Java heap size (-Xmx/-Xms)
#   Decrease number of Java threads
#   Decrease Java thread stack sizes (-Xss)
#   Set larger code cache with -XX:ReservedCodeCacheSize=
#   JVM is running with Unscaled Compressed Oops mode in which the Java heap is
#     placed in the first 4GB address space. The Java Heap base address is the
#     maximum limit for the native heap growth. Please use -XX:HeapBaseMinAddress
#     to set the Java Heap base and to place the Java Heap above 4GB virtual address.
# This output file may be truncated or incomplete.
#
#  Out of Memory Error (./src/hotspot/share/memory/arena.cpp:197), pid=204, tid=6856
#
# JRE version: OpenJDK Runtime Environment (11.0.8+10) (build 11.0.8+10-b944.6842174)
# Java VM: OpenJDK 64-Bit Server VM (11.0.8+10-b944.6842174, mixed mode, tiered, compressed oops, g1 gc, windows-amd64)
# No core dump will be written. Minidumps are not enabled by default on client versions of Windows
#

---------------  S U M M A R Y ------------

Command Line: --add-opens=java.base/java.util=ALL-UNNAMED --add-opens=java.base/java.lang=ALL-UNNAMED --add-opens=java.base/java.lang.invoke=ALL-UNNAMED --add-opens=java.prefs/java.util.prefs=ALL-UNNAMED -Xmx2048m -Dfile.encoding=UTF-8 -Duser.country=US -Duser.language=en -Duser.variant org.gradle.launcher.daemon.bootstrap.GradleDaemon 6.7.1

Host: Intel(R) Core(TM) i5-7200U CPU @ 2.50GHz, 4 cores, 7G,  Windows 10 , 64 bit Build 18362 (10.0.18362.1110)
Time: Sat May 28 00:51:40 2022 Morocco Daylight Time elapsed time: 12 seconds (0d 0h 0m 12s)

---------------  T H R E A D  ---------------

Current thread (0x000001c7223aa800):  JavaThread "C2 CompilerThread0" daemon [_thread_in_native, id=6856, stack(0x0000007491f00000,0x0000007492000000)]


Current CompileTask:
C2:  12456 2044   !   4       java.net.URLClassLoader$1::run (63 bytes)

Stack: [0x0000007491f00000,0x0000007492000000]
Native frames: (J=compiled Java code, j=interpreted, Vv=VM code, C=native code)
V  [jvm.dll+0x5de50a]
V  [jvm.dll+0x7122f5]
V  [jvm.dll+0x71384d]
V  [jvm.dll+0x713f03]
V  [jvm.dll+0x23e728]
V  [jvm.dll+0xb899c]
V  [jvm.dll+0xb8e9c]
V  [jvm.dll+0x2b20e4]
V  [jvm.dll+0x502098]
V  [jvm.dll+0x1ff393]
V  [jvm.dll+0x1f917c]
V  [jvm.dll+0x1f685f]
V  [jvm.dll+0x17f32c]
V  [jvm.dll+0x205047]
V  [jvm.dll+0x203891]
V  [jvm.dll+0x6dad3f]
V  [jvm.dll+0x6d3895]
V  [jvm.dll+0x5dd4a6]
C  [ucrtbase.dll+0x210b2]
C  [KERNEL32.DLL+0x17c24]
C  [ntdll.dll+0x6d4d1]


---------------  P R O C E S S  ---------------

Threads class SMR info:
_java_thread_list=0x000001c723e4f0b0, length=23, elements={
0x000001c707fc0000, 0x000001c721a2c000, 0x000001c721a38000, 0x000001c7223a5800,
0x000001c7223a6800, 0x000001c7223aa800, 0x000001c7223b3000, 0x000001c721a4a800,
0x000001c7224e9800, 0x000001c7224fb800, 0x000001c723f08800, 0x000001c724210800,
0x000001c723b6b800, 0x000001c723b6c800, 0x000001c723b6d000, 0x000001c723534000,
0x000001c723535000, 0x000001c7245c3800, 0x000001c7245c4800, 0x000001c7245c5000,
0x000001c7246d1800, 0x000001c7246cd800, 0x000001c7246cf000
}

Java Threads: ( => current thread )
  0x000001c707fc0000 JavaThread "main" [_thread_blocked, id=13132, stack(0x0000007491400000,0x0000007491500000)]
  0x000001c721a2c000 JavaThread "Reference Handler" daemon [_thread_blocked, id=3324, stack(0x0000007491b00000,0x0000007491c00000)]
  0x000001c721a38000 JavaThread "Finalizer" daemon [_thread_blocked, id=9952, stack(0x0000007491c00000,0x0000007491d00000)]
  0x000001c7223a5800 JavaThread "Signal Dispatcher" daemon [_thread_blocked, id=10572, stack(0x0000007491d00000,0x0000007491e00000)]
  0x000001c7223a6800 JavaThread "Attach Listener" daemon [_thread_blocked, id=868, stack(0x0000007491e00000,0x0000007491f00000)]
=>0x000001c7223aa800 JavaThread "C2 CompilerThread0" daemon [_thread_in_native, id=6856, stack(0x0000007491f00000,0x0000007492000000)]
  0x000001c7223b3000 JavaThread "C1 CompilerThread0" daemon [_thread_blocked, id=6456, stack(0x0000007492000000,0x0000007492100000)]
  0x000001c721a4a800 JavaThread "Sweeper thread" daemon [_thread_blocked, id=8716, stack(0x0000007492100000,0x0000007492200000)]
  0x000001c7224e9800 JavaThread "Common-Cleaner" daemon [_thread_blocked, id=13284, stack(0x0000007492200000,0x0000007492300000)]
  0x000001c7224fb800 JavaThread "Service Thread" daemon [_thread_blocked, id=2724, stack(0x0000007492300000,0x0000007492400000)]
  0x000001c723f08800 JavaThread "Daemon health stats" [_thread_blocked, id=13016, stack(0x0000007492800000,0x0000007492900000)]
  0x000001c724210800 JavaThread "Incoming local TCP Connector on port 50517" [_thread_in_native, id=7576, stack(0x0000007492a00000,0x0000007492b00000)]
  0x000001c723b6b800 JavaThread "Daemon" [_thread_blocked, id=9444, stack(0x0000007492b00000,0x0000007492c00000)]
  0x000001c723b6c800 JavaThread "Daemon periodic checks" [_thread_blocked, id=10712, stack(0x0000007492c00000,0x0000007492d00000)]
  0x000001c723b6d000 JavaThread "Handler for socket connection from /127.0.0.1:50517 to /127.0.0.1:50518" [_thread_in_native, id=8884, stack(0x0000007492d00000,0x0000007492e00000)]
  0x000001c723534000 JavaThread "Cancel handler" [_thread_blocked, id=7644, stack(0x0000007492e00000,0x0000007492f00000)]
  0x000001c723535000 JavaThread "Daemon worker" [_thread_in_Java, id=12168, stack(0x0000007492f00000,0x0000007493000000)]
  0x000001c7245c3800 JavaThread "Asynchronous log dispatcher for DefaultDaemonConnection: socket connection from /127.0.0.1:50517 to /127.0.0.1:50518" [_thread_blocked, id=7476, stack(0x0000007493000000,0x0000007493100000)]
  0x000001c7245c4800 JavaThread "Stdin handler" [_thread_blocked, id=12920, stack(0x0000007493100000,0x0000007493200000)]
  0x000001c7245c5000 JavaThread "Thread-8" [_thread_blocked, id=4952, stack(0x0000007493200000,0x0000007493300000)]
  0x000001c7246d1800 JavaThread "Cache worker for file hash cache (C:\Users\hp\.gradle\caches\6.7.1\fileHashes)" [_thread_blocked, id=10880, stack(0x0000007493400000,0x0000007493500000)]
  0x000001c7246cd800 JavaThread "File lock request listener" [_thread_in_native, id=3888, stack(0x0000007493500000,0x0000007493600000)]
  0x000001c7246cf000 JavaThread "Cache worker for journal cache (C:\Users\hp\.gradle\caches\journal-1)" [_thread_blocked, id=512, stack(0x0000007493600000,0x0000007493700000)]

Other Threads:
  0x000001c721a27800 VMThread "VM Thread" [stack: 0x0000007491a00000,0x0000007491b00000] [id=10864]
  0x000001c722517800 WatcherThread [stack: 0x0000007492400000,0x0000007492500000] [id=2572]
  0x000001c707fdb800 GCTaskThread "GC Thread#0" [stack: 0x0000007491500000,0x0000007491600000] [id=4164]
  0x000001c7228c0000 GCTaskThread "GC Thread#1" [stack: 0x0000007492500000,0x0000007492600000] [id=7568]
  0x000001c722821000 GCTaskThread "GC Thread#2" [stack: 0x0000007492600000,0x0000007492700000] [id=10856]
  0x000001c7238b3800 GCTaskThread "GC Thread#3" [stack: 0x0000007493300000,0x0000007493400000] [id=9656]
  0x000001c70800d000 ConcurrentGCThread "G1 Main Marker" [stack: 0x0000007491600000,0x0000007491700000] [id=13136]
  0x000001c70800f800 ConcurrentGCThread "G1 Conc#0" [stack: 0x0000007491700000,0x0000007491800000] [id=12564]
  0x000001c70808e800 ConcurrentGCThread "G1 Refine#0" [stack: 0x0000007491800000,0x0000007491900000] [id=11472]
  0x000001c721874800 ConcurrentGCThread "G1 Young RemSet Sampling" [stack: 0x0000007491900000,0x0000007491a00000] [id=7016]

Threads with active compile tasks:
C2 CompilerThread0  12522 2044   !   4       java.net.URLClassLoader$1::run (63 bytes)

VM state:not at safepoint (normal execution)

VM Mutex/Monitor currently owned by a thread: None

Heap address: 0x0000000080000000, size: 2048 MB, Compressed Oops mode: 32-bit
Narrow klass base: 0x0000000000000000, Narrow klass shift: 3
Compressed class space size: 1073741824 Address: 0x0000000100000000

Heap:
 garbage-first heap   total 131072K, used 39073K [0x0000000080000000, 0x0000000100000000)
  region size 1024K, 27 young (27648K), 4 survivors (4096K)
 Metaspace       used 22916K, capacity 23502K, committed 23680K, reserved 1069056K
  class space    used 2913K, capacity 3110K, committed 3200K, reserved 1048576K
Heap Regions: E=young(eden), S=young(survivor), O=old, HS=humongous(starts), HC=humongous(continues), CS=collection set, F=free, A=archive, TAMS=top-at-mark-start (previous, next)
|   0|0x0000000080000000, 0x0000000080100000, 0x0000000080100000|100%| O|  |TAMS 0x0000000080100000, 0x0000000080000000| Untracked 
|   1|0x0000000080100000, 0x0000000080200000, 0x0000000080200000|100%| O|  |TAMS 0x0000000080200000, 0x0000000080100000| Untracked 
|   2|0x0000000080200000, 0x0000000080300000, 0x0000000080300000|100%| O|  |TAMS 0x0000000080300000, 0x0000000080200000| Untracked 
|   3|0x0000000080300000, 0x0000000080400000, 0x0000000080400000|100%|HS|  |TAMS 0x0000000080400000, 0x0000000080300000| Complete 
|   4|0x0000000080400000, 0x0000000080500000, 0x0000000080500000|100%|HC|  |TAMS 0x0000000080500000, 0x0000000080400000| Complete 
|   5|0x0000000080500000, 0x0000000080600000, 0x0000000080600000|100%|HC|  |TAMS 0x0000000080600000, 0x0000000080500000| Complete 
|   6|0x0000000080600000, 0x0000000080700000, 0x0000000080700000|100%| O|  |TAMS 0x0000000080700000, 0x0000000080600000| Untracked 
|   7|0x0000000080700000, 0x0000000080800000, 0x0000000080800000|100%| O|  |TAMS 0x0000000080800000, 0x0000000080700000| Untracked 
|   8|0x0000000080800000, 0x0000000080900000, 0x0000000080900000|100%| O|  |TAMS 0x0000000080900000, 0x0000000080800000| Untracked 
|   9|0x0000000080900000, 0x0000000080a00000, 0x0000000080a00000|100%| O|  |TAMS 0x0000000080a00000, 0x0000000080900000| Untracked 
|  10|0x0000000080a00000, 0x0000000080b00000, 0x0000000080b00000|100%| O|  |TAMS 0x0000000080b00000, 0x0000000080a00000| Untracked 
|  11|0x0000000080b00000, 0x0000000080c00000, 0x0000000080c00000|100%| O|  |TAMS 0x0000000080c00000, 0x0000000080b00000| Untracked 
|  12|0x0000000080c00000, 0x0000000080c97600, 0x0000000080d00000| 59%| O|  |TAMS 0x0000000080c97600, 0x0000000080c00000| Untracked 
|  13|0x0000000080d00000, 0x0000000080d00000, 0x0000000080e00000|  0%| F|  |TAMS 0x0000000080d00000, 0x0000000080d00000| Untracked 
|  14|0x0000000080e00000, 0x0000000080e00000, 0x0000000080f00000|  0%| F|  |TAMS 0x0000000080e00000, 0x0000000080e00000| Untracked 
|  15|0x0000000080f00000, 0x0000000080f00000, 0x0000000081000000|  0%| F|  |TAMS 0x0000000080f00000, 0x0000000080f00000| Untracked 
|  16|0x0000000081000000, 0x0000000081000000, 0x0000000081100000|  0%| F|  |TAMS 0x0000000081000000, 0x0000000081000000| Untracked 
|  17|0x0000000081100000, 0x0000000081100000, 0x0000000081200000|  0%| F|  |TAMS 0x0000000081100000, 0x0000000081100000| Untracked 
|  18|0x0000000081200000, 0x0000000081200000, 0x0000000081300000|  0%| F|  |TAMS 0x0000000081200000, 0x0000000081200000| Untracked 
|  19|0x0000000081300000, 0x0000000081300000, 0x0000000081400000|  0%| F|  |TAMS 0x0000000081300000, 0x0000000081300000| Untracked 
|  20|0x0000000081400000, 0x0000000081400000, 0x0000000081500000|  0%| F|  |TAMS 0x0000000081400000, 0x0000000081400000| Untracked 
|  21|0x0000000081500000, 0x0000000081500000, 0x0000000081600000|  0%| F|  |TAMS 0x0000000081500000, 0x0000000081500000| Untracked 
|  22|0x0000000081600000, 0x0000000081600000, 0x0000000081700000|  0%| F|  |TAMS 0x0000000081600000, 0x0000000081600000| Untracked 
|  23|0x0000000081700000, 0x0000000081700000, 0x0000000081800000|  0%| F|  |TAMS 0x0000000081700000, 0x0000000081700000| Untracked 
|  24|0x0000000081800000, 0x0000000081800000, 0x0000000081900000|  0%| F|  |TAMS 0x0000000081800000, 0x0000000081800000| Untracked 
|  25|0x0000000081900000, 0x0000000081900000, 0x0000000081a00000|  0%| F|  |TAMS 0x0000000081900000, 0x0000000081900000| Untracked 
|  26|0x0000000081a00000, 0x0000000081a00000, 0x0000000081b00000|  0%| F|  |TAMS 0x0000000081a00000, 0x0000000081a00000| Untracked 
|  27|0x0000000081b00000, 0x0000000081b00000, 0x0000000081c00000|  0%| F|  |TAMS 0x0000000081b00000, 0x0000000081b00000| Untracked 
|  28|0x0000000081c00000, 0x0000000081c00000, 0x0000000081d00000|  0%| F|  |TAMS 0x0000000081c00000, 0x0000000081c00000| Untracked 
|  29|0x0000000081d00000, 0x0000000081d00000, 0x0000000081e00000|  0%| F|  |TAMS 0x0000000081d00000, 0x0000000081d00000| Untracked 
|  30|0x0000000081e00000, 0x0000000081e00000, 0x0000000081f00000|  0%| F|  |TAMS 0x0000000081e00000, 0x0000000081e00000| Untracked 
|  31|0x0000000081f00000, 0x0000000081f00000, 0x0000000082000000|  0%| F|  |TAMS 0x0000000081f00000, 0x0000000081f00000| Untracked 
|  32|0x0000000082000000, 0x0000000082000000, 0x0000000082100000|  0%| F|  |TAMS 0x0000000082000000, 0x0000000082000000| Untracked 
|  33|0x0000000082100000, 0x0000000082100000, 0x0000000082200000|  0%| F|  |TAMS 0x0000000082100000, 0x0000000082100000| Untracked 
|  34|0x0000000082200000, 0x0000000082200000, 0x0000000082300000|  0%| F|  |TAMS 0x0000000082200000, 0x0000000082200000| Untracked 
|  35|0x0000000082300000, 0x0000000082300000, 0x0000000082400000|  0%| F|  |TAMS 0x0000000082300000, 0x0000000082300000| Untracked 
|  36|0x0000000082400000, 0x0000000082400000, 0x0000000082500000|  0%| F|  |TAMS 0x0000000082400000, 0x0000000082400000| Untracked 
|  37|0x0000000082500000, 0x0000000082500000, 0x0000000082600000|  0%| F|  |TAMS 0x0000000082500000, 0x0000000082500000| Untracked 
|  38|0x0000000082600000, 0x0000000082600000, 0x0000000082700000|  0%| F|  |TAMS 0x0000000082600000, 0x0000000082600000| Untracked 
|  39|0x0000000082700000, 0x0000000082700000, 0x0000000082800000|  0%| F|  |TAMS 0x0000000082700000, 0x0000000082700000| Untracked 
|  40|0x0000000082800000, 0x0000000082800000, 0x0000000082900000|  0%| F|  |TAMS 0x0000000082800000, 0x0000000082800000| Untracked 
|  41|0x0000000082900000, 0x0000000082900000, 0x0000000082a00000|  0%| F|  |TAMS 0x0000000082900000, 0x0000000082900000| Untracked 
|  42|0x0000000082a00000, 0x0000000082a00000, 0x0000000082b00000|  0%| F|  |TAMS 0x0000000082a00000, 0x0000000082a00000| Untracked 
|  43|0x0000000082b00000, 0x0000000082b00000, 0x0000000082c00000|  0%| F|  |TAMS 0x0000000082b00000, 0x0000000082b00000| Untracked 
|  44|0x0000000082c00000, 0x0000000082c00000, 0x0000000082d00000|  0%| F|  |TAMS 0x0000000082c00000, 0x0000000082c00000| Untracked 
|  45|0x0000000082d00000, 0x0000000082d00000, 0x0000000082e00000|  0%| F|  |TAMS 0x0000000082d00000, 0x0000000082d00000| Untracked 
|  46|0x0000000082e00000, 0x0000000082e00000, 0x0000000082f00000|  0%| F|  |TAMS 0x0000000082e00000, 0x0000000082e00000| Untracked 
|  47|0x0000000082f00000, 0x0000000082f00000, 0x0000000083000000|  0%| F|  |TAMS 0x0000000082f00000, 0x0000000082f00000| Untracked 
|  48|0x0000000083000000, 0x0000000083000000, 0x0000000083100000|  0%| F|  |TAMS 0x0000000083000000, 0x0000000083000000| Untracked 
|  49|0x0000000083100000, 0x0000000083100000, 0x0000000083200000|  0%| F|  |TAMS 0x0000000083100000, 0x0000000083100000| Untracked 
|  50|0x0000000083200000, 0x0000000083200000, 0x0000000083300000|  0%| F|  |TAMS 0x0000000083200000, 0x0000000083200000| Untracked 
|  51|0x0000000083300000, 0x0000000083300000, 0x0000000083400000|  0%| F|  |TAMS 0x0000000083300000, 0x0000000083300000| Untracked 
|  52|0x0000000083400000, 0x0000000083400000, 0x0000000083500000|  0%| F|  |TAMS 0x0000000083400000, 0x0000000083400000| Untracked 
|  53|0x0000000083500000, 0x0000000083500000, 0x0000000083600000|  0%| F|  |TAMS 0x0000000083500000, 0x0000000083500000| Untracked 
|  54|0x0000000083600000, 0x0000000083600000, 0x0000000083700000|  0%| F|  |TAMS 0x0000000083600000, 0x0000000083600000| Untracked 
|  55|0x0000000083700000, 0x0000000083700000, 0x0000000083800000|  0%| F|  |TAMS 0x0000000083700000, 0x0000000083700000| Untracked 
|  56|0x0000000083800000, 0x0000000083800000, 0x0000000083900000|  0%| F|  |TAMS 0x0000000083800000, 0x0000000083800000| Untracked 
|  57|0x0000000083900000, 0x0000000083900000, 0x0000000083a00000|  0%| F|  |TAMS 0x0000000083900000, 0x0000000083900000| Untracked 
|  58|0x0000000083a00000, 0x0000000083a00000, 0x0000000083b00000|  0%| F|  |TAMS 0x0000000083a00000, 0x0000000083a00000| Untracked 
|  59|0x0000000083b00000, 0x0000000083b00000, 0x0000000083c00000|  0%| F|  |TAMS 0x0000000083b00000, 0x0000000083b00000| Untracked 
|  60|0x0000000083c00000, 0x0000000083c00000, 0x0000000083d00000|  0%| F|  |TAMS 0x0000000083c00000, 0x0000000083c00000| Untracked 
|  61|0x0000000083d00000, 0x0000000083d00000, 0x0000000083e00000|  0%| F|  |TAMS 0x0000000083d00000, 0x0000000083d00000| Untracked 
|  62|0x0000000083e00000, 0x0000000083e00000, 0x0000000083f00000|  0%| F|  |TAMS 0x0000000083e00000, 0x0000000083e00000| Untracked 
|  63|0x0000000083f00000, 0x0000000083f00000, 0x0000000084000000|  0%| F|  |TAMS 0x0000000083f00000, 0x0000000083f00000| Untracked 
|  64|0x0000000084000000, 0x0000000084000000, 0x0000000084100000|  0%| F|  |TAMS 0x0000000084000000, 0x0000000084000000| Untracked 
|  65|0x0000000084100000, 0x0000000084100000, 0x0000000084200000|  0%| F|  |TAMS 0x0000000084100000, 0x0000000084100000| Untracked 
|  66|0x0000000084200000, 0x0000000084200000, 0x0000000084300000|  0%| F|  |TAMS 0x0000000084200000, 0x0000000084200000| Untracked 
|  67|0x0000000084300000, 0x0000000084300000, 0x0000000084400000|  0%| F|  |TAMS 0x0000000084300000, 0x0000000084300000| Untracked 
|  68|0x0000000084400000, 0x0000000084400000, 0x0000000084500000|  0%| F|  |TAMS 0x0000000084400000, 0x0000000084400000| Untracked 
|  69|0x0000000084500000, 0x0000000084500000, 0x0000000084600000|  0%| F|  |TAMS 0x0000000084500000, 0x0000000084500000| Untracked 
|  70|0x0000000084600000, 0x0000000084600000, 0x0000000084700000|  0%| F|  |TAMS 0x0000000084600000, 0x0000000084600000| Untracked 
|  71|0x0000000084700000, 0x0000000084700000, 0x0000000084800000|  0%| F|  |TAMS 0x0000000084700000, 0x0000000084700000| Untracked 
|  72|0x0000000084800000, 0x0000000084800000, 0x0000000084900000|  0%| F|  |TAMS 0x0000000084800000, 0x0000000084800000| Untracked 
|  73|0x0000000084900000, 0x0000000084900000, 0x0000000084a00000|  0%| F|  |TAMS 0x0000000084900000, 0x0000000084900000| Untracked 
|  74|0x0000000084a00000, 0x0000000084a00000, 0x0000000084b00000|  0%| F|  |TAMS 0x0000000084a00000, 0x0000000084a00000| Untracked 
|  75|0x0000000084b00000, 0x0000000084b00000, 0x0000000084c00000|  0%| F|  |TAMS 0x0000000084b00000, 0x0000000084b00000| Untracked 
|  76|0x0000000084c00000, 0x0000000084c00000, 0x0000000084d00000|  0%| F|  |TAMS 0x0000000084c00000, 0x0000000084c00000| Untracked 
|  77|0x0000000084d00000, 0x0000000084d00000, 0x0000000084e00000|  0%| F|  |TAMS 0x0000000084d00000, 0x0000000084d00000| Untracked 
|  78|0x0000000084e00000, 0x0000000084e00000, 0x0000000084f00000|  0%| F|  |TAMS 0x0000000084e00000, 0x0000000084e00000| Untracked 
|  79|0x0000000084f00000, 0x0000000084f00000, 0x0000000085000000|  0%| F|  |TAMS 0x0000000084f00000, 0x0000000084f00000| Untracked 
|  80|0x0000000085000000, 0x0000000085000000, 0x0000000085100000|  0%| F|  |TAMS 0x0000000085000000, 0x0000000085000000| Untracked 
|  81|0x0000000085100000, 0x0000000085100000, 0x0000000085200000|  0%| F|  |TAMS 0x0000000085100000, 0x0000000085100000| Untracked 
|  82|0x0000000085200000, 0x0000000085200000, 0x0000000085300000|  0%| F|  |TAMS 0x0000000085200000, 0x0000000085200000| Untracked 
|  83|0x0000000085300000, 0x0000000085300000, 0x0000000085400000|  0%| F|  |TAMS 0x0000000085300000, 0x0000000085300000| Untracked 
|  84|0x0000000085400000, 0x0000000085400000, 0x0000000085500000|  0%| F|  |TAMS 0x0000000085400000, 0x0000000085400000| Untracked 
|  85|0x0000000085500000, 0x0000000085500000, 0x0000000085600000|  0%| F|  |TAMS 0x0000000085500000, 0x0000000085500000| Untracked 
|  86|0x0000000085600000, 0x0000000085600000, 0x0000000085700000|  0%| F|  |TAMS 0x0000000085600000, 0x0000000085600000| Untracked 
|  87|0x0000000085700000, 0x0000000085700000, 0x0000000085800000|  0%| F|  |TAMS 0x0000000085700000, 0x0000000085700000| Untracked 
|  88|0x0000000085800000, 0x0000000085800000, 0x0000000085900000|  0%| F|  |TAMS 0x0000000085800000, 0x0000000085800000| Untracked 
|  89|0x0000000085900000, 0x0000000085900000, 0x0000000085a00000|  0%| F|  |TAMS 0x0000000085900000, 0x0000000085900000| Untracked 
|  90|0x0000000085a00000, 0x0000000085a00000, 0x0000000085b00000|  0%| F|  |TAMS 0x0000000085a00000, 0x0000000085a00000| Untracked 
|  91|0x0000000085b00000, 0x0000000085b00000, 0x0000000085c00000|  0%| F|  |TAMS 0x0000000085b00000, 0x0000000085b00000| Untracked 
|  92|0x0000000085c00000, 0x0000000085c00000, 0x0000000085d00000|  0%| F|  |TAMS 0x0000000085c00000, 0x0000000085c00000| Untracked 
|  93|0x0000000085d00000, 0x0000000085d00000, 0x0000000085e00000|  0%| F|  |TAMS 0x0000000085d00000, 0x0000000085d00000| Untracked 
|  94|0x0000000085e00000, 0x0000000085e00000, 0x0000000085f00000|  0%| F|  |TAMS 0x0000000085e00000, 0x0000000085e00000| Untracked 
|  95|0x0000000085f00000, 0x0000000085f00000, 0x0000000086000000|  0%| F|  |TAMS 0x0000000085f00000, 0x0000000085f00000| Untracked 
|  96|0x0000000086000000, 0x0000000086000000, 0x0000000086100000|  0%| F|  |TAMS 0x0000000086000000, 0x0000000086000000| Untracked 
|  97|0x0000000086100000, 0x0000000086100000, 0x0000000086200000|  0%| F|  |TAMS 0x0000000086100000, 0x0000000086100000| Untracked 
|  98|0x0000000086200000, 0x0000000086200000, 0x0000000086300000|  0%| F|  |TAMS 0x0000000086200000, 0x0000000086200000| Untracked 
|  99|0x0000000086300000, 0x0000000086300000, 0x0000000086400000|  0%| F|  |TAMS 0x0000000086300000, 0x0000000086300000| Untracked 
| 100|0x0000000086400000, 0x0000000086400000, 0x0000000086500000|  0%| F|  |TAMS 0x0000000086400000, 0x0000000086400000| Untracked 
| 101|0x0000000086500000, 0x00000000865dfac0, 0x0000000086600000| 87%| E|  |TAMS 0x0000000086500000, 0x0000000086500000| Complete 
| 102|0x0000000086600000, 0x0000000086700000, 0x0000000086700000|100%| E|CS|TAMS 0x0000000086600000, 0x0000000086600000| Complete 
| 103|0x0000000086700000, 0x0000000086800000, 0x0000000086800000|100%| E|CS|TAMS 0x0000000086700000, 0x0000000086700000| Complete 
| 104|0x0000000086800000, 0x0000000086900000, 0x0000000086900000|100%| E|CS|TAMS 0x0000000086800000, 0x0000000086800000| Complete 
| 105|0x0000000086900000, 0x0000000086a00000, 0x0000000086a00000|100%| E|CS|TAMS 0x0000000086900000, 0x0000000086900000| Complete 
| 106|0x0000000086a00000, 0x0000000086b00000, 0x0000000086b00000|100%| E|CS|TAMS 0x0000000086a00000, 0x0000000086a00000| Complete 
| 107|0x0000000086b00000, 0x0000000086c00000, 0x0000000086c00000|100%| E|CS|TAMS 0x0000000086b00000, 0x0000000086b00000| Complete 
| 108|0x0000000086c00000, 0x0000000086c90f00, 0x0000000086d00000| 56%| S|CS|TAMS 0x0000000086c00000, 0x0000000086c00000| Complete 
| 109|0x0000000086d00000, 0x0000000086e00000, 0x0000000086e00000|100%| S|CS|TAMS 0x0000000086d00000, 0x0000000086d00000| Complete 
| 110|0x0000000086e00000, 0x0000000086f00000, 0x0000000086f00000|100%| S|CS|TAMS 0x0000000086e00000, 0x0000000086e00000| Complete 
| 111|0x0000000086f00000, 0x0000000087000000, 0x0000000087000000|100%| S|CS|TAMS 0x0000000086f00000, 0x0000000086f00000| Complete 
| 112|0x0000000087000000, 0x0000000087100000, 0x0000000087100000|100%| E|CS|TAMS 0x0000000087000000, 0x0000000087000000| Complete 
| 113|0x0000000087100000, 0x0000000087200000, 0x0000000087200000|100%| E|CS|TAMS 0x0000000087100000, 0x0000000087100000| Complete 
| 114|0x0000000087200000, 0x0000000087300000, 0x0000000087300000|100%| E|CS|TAMS 0x0000000087200000, 0x0000000087200000| Complete 
| 115|0x0000000087300000, 0x0000000087400000, 0x0000000087400000|100%| E|CS|TAMS 0x0000000087300000, 0x0000000087300000| Complete 
| 116|0x0000000087400000, 0x0000000087500000, 0x0000000087500000|100%| E|CS|TAMS 0x0000000087400000, 0x0000000087400000| Complete 
| 117|0x0000000087500000, 0x0000000087600000, 0x0000000087600000|100%| E|CS|TAMS 0x0000000087500000, 0x0000000087500000| Complete 
| 118|0x0000000087600000, 0x0000000087700000, 0x0000000087700000|100%| E|CS|TAMS 0x0000000087600000, 0x0000000087600000| Complete 
| 119|0x0000000087700000, 0x0000000087800000, 0x0000000087800000|100%| E|CS|TAMS 0x0000000087700000, 0x0000000087700000| Complete 
| 120|0x0000000087800000, 0x0000000087900000, 0x0000000087900000|100%| E|CS|TAMS 0x0000000087800000, 0x0000000087800000| Complete 
| 121|0x0000000087900000, 0x0000000087a00000, 0x0000000087a00000|100%| E|CS|TAMS 0x0000000087900000, 0x0000000087900000| Complete 
| 122|0x0000000087a00000, 0x0000000087b00000, 0x0000000087b00000|100%| E|CS|TAMS 0x0000000087a00000, 0x0000000087a00000| Complete 
| 123|0x0000000087b00000, 0x0000000087c00000, 0x0000000087c00000|100%| E|CS|TAMS 0x0000000087b00000, 0x0000000087b00000| Complete 
| 124|0x0000000087c00000, 0x0000000087d00000, 0x0000000087d00000|100%| E|CS|TAMS 0x0000000087c00000, 0x0000000087c00000| Complete 
| 125|0x0000000087d00000, 0x0000000087e00000, 0x0000000087e00000|100%| E|CS|TAMS 0x0000000087d00000, 0x0000000087d00000| Complete 
| 126|0x0000000087e00000, 0x0000000087f00000, 0x0000000087f00000|100%| E|CS|TAMS 0x0000000087e00000, 0x0000000087e00000| Complete 
| 127|0x0000000087f00000, 0x0000000088000000, 0x0000000088000000|100%| E|CS|TAMS 0x0000000087f00000, 0x0000000087f00000| Complete 

Card table byte_map: [0x000001c71ad30000,0x000001c71b130000] _byte_map_base: 0x000001c71a930000

Marking Bits (Prev, Next): (CMBitMap*) 0x000001c7080044b0, (CMBitMap*) 0x000001c708004478
 Prev Bits: [0x000001c71d530000, 0x000001c71f530000)
 Next Bits: [0x000001c71b530000, 0x000001c71d530000)

Polling page: 0x000001c707790000

Metaspace:

Usage:
  Non-class:     19.91 MB capacity,    19.53 MB ( 98%) used,   348.97 KB (  2%) free+waste,    40.00 KB ( <1%) overhead. 
      Class:      3.04 MB capacity,     2.85 MB ( 94%) used,   176.20 KB (  6%) free+waste,    19.94 KB ( <1%) overhead. 
       Both:     22.95 MB capacity,    22.38 MB ( 98%) used,   525.16 KB (  2%) free+waste,    59.94 KB ( <1%) overhead. 

Virtual space:
  Non-class space:       20.00 MB reserved,      20.00 MB (100%) committed 
      Class space:        1.00 GB reserved,       3.13 MB ( <1%) committed 
             Both:        1.02 GB reserved,      23.13 MB (  2%) committed 

Chunk freelists:
   Non-Class:  24.00 KB
       Class:  26.00 KB
        Both:  50.00 KB

MaxMetaspaceSize: 17179869184.00 GB
CompressedClassSpaceSize: 1.00 GB

CodeHeap 'non-profiled nmethods': size=120064Kb used=898Kb max_used=898Kb free=119165Kb
 bounds [0x000001c7133f0000, 0x000001c713660000, 0x000001c71a930000]
CodeHeap 'profiled nmethods': size=120000Kb used=4139Kb max_used=4139Kb free=115860Kb
 bounds [0x000001c70bec0000, 0x000001c70c2d0000, 0x000001c7133f0000]
CodeHeap 'non-nmethods': size=5696Kb used=1126Kb max_used=1163Kb free=4569Kb
 bounds [0x000001c70b930000, 0x000001c70bba0000, 0x000001c70bec0000]
 total_blobs=2427 nmethods=1963 adapters=375
 compilation: enabled
              stopped_count=0, restarted_count=0
 full_count=0

Compilation events (20 events):
Event: 12.370 Thread 0x000001c7223b3000 2092       3       com.google.common.base.Splitter::omitEmptyStrings (21 bytes)
Event: 12.371 Thread 0x000001c7223b3000 nmethod 2092 0x000001c70c2c0c90 code [0x000001c70c2c0e60, 0x000001c70c2c1138]
Event: 12.371 Thread 0x000001c7223b3000 2094       3       com.google.common.base.Splitter::splittingIterator (12 bytes)
Event: 12.372 Thread 0x000001c7223b3000 nmethod 2094 0x000001c70c2c1210 code [0x000001c70c2c13e0, 0x000001c70c2c1748]
Event: 12.372 Thread 0x000001c7223b3000 2095       3       com.google.common.base.Splitter$1::iterator (7 bytes)
Event: 12.372 Thread 0x000001c7223b3000 nmethod 2095 0x000001c70c2c1910 code [0x000001c70c2c1ae0, 0x000001c70c2c1da8]
Event: 12.372 Thread 0x000001c7223b3000 2096       3       com.google.common.base.Splitter$1::iterator (11 bytes)
Event: 12.372 Thread 0x000001c7223b3000 nmethod 2096 0x000001c70c2c1f10 code [0x000001c70c2c20e0, 0x000001c70c2c2348]
Event: 12.372 Thread 0x000001c7223b3000 2098       3       com.google.common.base.Splitter$1$1::<init> (12 bytes)
Event: 12.373 Thread 0x000001c7223b3000 nmethod 2098 0x000001c70c2c2490 code [0x000001c70c2c2640, 0x000001c70c2c27c8]
Event: 12.394 Thread 0x000001c7223b3000 2102       3       sun.reflect.generics.tree.ClassTypeSignature::accept (8 bytes)
Event: 12.394 Thread 0x000001c7223b3000 nmethod 2102 0x000001c70c2c2890 code [0x000001c70c2c2a60, 0x000001c70c2c2be8]
Event: 12.394 Thread 0x000001c7223b3000 2103       3       sun.reflect.generics.visitor.Reifier::visitClassTypeSignature (381 bytes)
Event: 12.399 Thread 0x000001c7223b3000 nmethod 2103 0x000001c70c2c2d10 code [0x000001c70c2c3200, 0x000001c70c2c55b8]
Event: 12.399 Thread 0x000001c7223b3000 2104   !   3       sun.reflect.generics.factory.CoreReflectionFactory::makeNamedType (21 bytes)
Event: 12.399 Thread 0x000001c7223b3000 nmethod 2104 0x000001c70c2c6390 code [0x000001c70c2c6560, 0x000001c70c2c6768]
Event: 12.419 Thread 0x000001c7223b3000 2105       3       java.util.HashMap$ValueIterator::next (8 bytes)
Event: 12.419 Thread 0x000001c7223b3000 nmethod 2105 0x000001c70c2c6890 code [0x000001c70c2c6a40, 0x000001c70c2c6b68]
Event: 12.427 Thread 0x000001c7223b3000 2106       3       java.util.concurrent.locks.ReentrantLock$Sync::isHeldExclusively (16 bytes)
Event: 12.428 Thread 0x000001c7223b3000 nmethod 2106 0x000001c70c2c6c10 code [0x000001c70c2c6dc0, 0x000001c70c2c6f58]

GC Heap History (10 events):
Event: 1.672 GC heap before
{Heap before GC invocations=0 (full 0):
 garbage-first heap   total 131072K, used 19456K [0x0000000080000000, 0x0000000100000000)
  region size 1024K, 14 young (14336K), 0 survivors (0K)
 Metaspace       used 7484K, capacity 7663K, committed 7936K, reserved 1056768K
  class space    used 687K, capacity 748K, committed 768K, reserved 1048576K
}
Event: 1.783 GC heap after
{Heap after GC invocations=1 (full 0):
 garbage-first heap   total 131072K, used 7977K [0x0000000080000000, 0x0000000100000000)
  region size 1024K, 2 young (2048K), 2 survivors (2048K)
 Metaspace       used 7484K, capacity 7663K, committed 7936K, reserved 1056768K
  class space    used 687K, capacity 748K, committed 768K, reserved 1048576K
}
Event: 4.171 GC heap before
{Heap before GC invocations=1 (full 0):
 garbage-first heap   total 131072K, used 19241K [0x0000000080000000, 0x0000000100000000)
  region size 1024K, 13 young (13312K), 2 survivors (2048K)
 Metaspace       used 10534K, capacity 10693K, committed 11008K, reserved 1058816K
  class space    used 1100K, capacity 1164K, committed 1280K, reserved 1048576K
}
Event: 4.174 GC heap after
{Heap after GC invocations=2 (full 0):
 garbage-first heap   total 131072K, used 8689K [0x0000000080000000, 0x0000000100000000)
  region size 1024K, 1 young (1024K), 1 survivors (1024K)
 Metaspace       used 10534K, capacity 10693K, committed 11008K, reserved 1058816K
  class space    used 1100K, capacity 1164K, committed 1280K, reserved 1048576K
}
Event: 5.536 GC heap before
{Heap before GC invocations=2 (full 0):
 garbage-first heap   total 131072K, used 35313K [0x0000000080000000, 0x0000000100000000)
  region size 1024K, 28 young (28672K), 1 survivors (1024K)
 Metaspace       used 10674K, capacity 10821K, committed 11008K, reserved 1058816K
  class space    used 1101K, capacity 1164K, committed 1280K, reserved 1048576K
}
Event: 5.541 GC heap after
{Heap after GC invocations=3 (full 0):
 garbage-first heap   total 131072K, used 13195K [0x0000000080000000, 0x0000000100000000)
  region size 1024K, 4 young (4096K), 4 survivors (4096K)
 Metaspace       used 10674K, capacity 10821K, committed 11008K, reserved 1058816K
  class space    used 1101K, capacity 1164K, committed 1280K, reserved 1048576K
}
Event: 10.562 GC heap before
{Heap before GC invocations=3 (full 0):
 garbage-first heap   total 131072K, used 53131K [0x0000000080000000, 0x0000000100000000)
  region size 1024K, 43 young (44032K), 4 survivors (4096K)
 Metaspace       used 18504K, capacity 18873K, committed 19072K, reserved 1067008K
  class space    used 2208K, capacity 2327K, committed 2432K, reserved 1048576K
}
Event: 10.654 GC heap after
{Heap after GC invocations=4 (full 0):
 garbage-first heap   total 131072K, used 15965K [0x0000000080000000, 0x0000000100000000)
  region size 1024K, 3 young (3072K), 3 survivors (3072K)
 Metaspace       used 18504K, capacity 18873K, committed 19072K, reserved 1067008K
  class space    used 2208K, capacity 2327K, committed 2432K, reserved 1048576K
}
Event: 11.397 GC heap before
{Heap before GC invocations=4 (full 0):
 garbage-first heap   total 131072K, used 31325K [0x0000000080000000, 0x0000000100000000)
  region size 1024K, 19 young (19456K), 3 survivors (3072K)
 Metaspace       used 20621K, capacity 21093K, committed 21248K, reserved 1067008K
  class space    used 2520K, capacity 2710K, committed 2816K, reserved 1048576K
}
Event: 11.406 GC heap after
{Heap after GC invocations=5 (full 0):
 garbage-first heap   total 131072K, used 16545K [0x0000000080000000, 0x0000000100000000)
  region size 1024K, 4 young (4096K), 4 survivors (4096K)
 Metaspace       used 20621K, capacity 21093K, committed 21248K, reserved 1067008K
  class space    used 2520K, capacity 2710K, committed 2816K, reserved 1048576K
}

Deoptimization events (20 events):
Event: 12.244 Thread 0x000001c723535000 Uncommon trap: trap_request=0xffffff4d fr.pc=0x000001c713433f08 relative=0x0000000000000148
Event: 12.244 Thread 0x000001c723535000 Uncommon trap: reason=unstable_if action=reinterpret pc=0x000001c713433f08 method=java.util.HashMap.getNode(ILjava/lang/Object;)Ljava/util/HashMap$Node; @ 129 c2
Event: 12.244 Thread 0x000001c723535000 DEOPT PACKING pc=0x000001c713433f08 sp=0x0000007492ffa160
Event: 12.244 Thread 0x000001c723535000 DEOPT UNPACKING pc=0x000001c70b9574af sp=0x0000007492ffa060 mode 2
Event: 12.244 Thread 0x000001c723535000 Uncommon trap: trap_request=0xffffffc6 fr.pc=0x000001c7134ac108 relative=0x0000000000000ec8
Event: 12.244 Thread 0x000001c723535000 Uncommon trap: reason=bimorphic_or_optimized_type_check action=maybe_recompile pc=0x000001c7134ac108 method=java.util.HashMap.putVal(ILjava/lang/Object;Ljava/lang/Object;ZZ)Ljava/lang/Object; @ 203 c2
Event: 12.244 Thread 0x000001c723535000 DEOPT PACKING pc=0x000001c7134ac108 sp=0x0000007492ffa090
Event: 12.244 Thread 0x000001c723535000 DEOPT UNPACKING pc=0x000001c70b9574af sp=0x0000007492ffa060 mode 2
Event: 12.244 Thread 0x000001c723535000 Uncommon trap: trap_request=0xffffff4d fr.pc=0x000001c713432328 relative=0x00000000000001e8
Event: 12.244 Thread 0x000001c723535000 Uncommon trap: reason=unstable_if action=reinterpret pc=0x000001c713432328 method=java.util.HashMap.getNode(ILjava/lang/Object;)Ljava/util/HashMap$Node; @ 129 c2
Event: 12.244 Thread 0x000001c723535000 DEOPT PACKING pc=0x000001c713432328 sp=0x0000007492ffa0c0
Event: 12.244 Thread 0x000001c723535000 DEOPT UNPACKING pc=0x000001c70b9574af sp=0x0000007492ffa048 mode 2
Event: 12.245 Thread 0x000001c723535000 Uncommon trap: trap_request=0xffffffc6 fr.pc=0x000001c7134ac108 relative=0x0000000000000ec8
Event: 12.245 Thread 0x000001c723535000 Uncommon trap: reason=bimorphic_or_optimized_type_check action=maybe_recompile pc=0x000001c7134ac108 method=java.util.HashMap.putVal(ILjava/lang/Object;Ljava/lang/Object;ZZ)Ljava/lang/Object; @ 203 c2
Event: 12.245 Thread 0x000001c723535000 DEOPT PACKING pc=0x000001c7134ac108 sp=0x0000007492ffa070
Event: 12.245 Thread 0x000001c723535000 DEOPT UNPACKING pc=0x000001c70b9574af sp=0x0000007492ffa040 mode 2
Event: 12.263 Thread 0x000001c723535000 Uncommon trap: trap_request=0xffffffcc fr.pc=0x000001c7134bf678 relative=0x00000000000002b8
Event: 12.263 Thread 0x000001c723535000 Uncommon trap: reason=intrinsic_or_type_checked_inlining action=make_not_entrant pc=0x000001c7134bf678 method=java.util.Arrays.copyOf([Ljava/lang/Object;ILjava/lang/Class;)[Ljava/lang/Object; @ 35 c2
Event: 12.263 Thread 0x000001c723535000 DEOPT PACKING pc=0x000001c7134bf678 sp=0x0000007492ffc480
Event: 12.263 Thread 0x000001c723535000 DEOPT UNPACKING pc=0x000001c70b9574af sp=0x0000007492ffc410 mode 2

Classes redefined (0 events):
No events

Internal exceptions (20 events):
Event: 6.652 Thread 0x000001c707fc0000 Exception <a 'java/lang/NoSuchMethodError'{0x0000000086c89dc8}: 'void java.lang.invoke.DelegatingMethodHandle$Holder.delegate(java.lang.Object, java.lang.Object, int, java.lang.Object)'> (0x0000000086c89dc8) thrown at [./src/hotspot/share/interpreter/linkResolver.cpp, line 773]
Event: 6.725 Thread 0x000001c707fc0000 Exception <a 'java/lang/NoSuchMethodError'{0x0000000086b459d0}: 'java.lang.Object java.lang.invoke.DirectMethodHandle$Holder.invokeStaticInit(java.lang.Object, int, int, int, int)'> (0x0000000086b459d0) thrown at [./src/hotspot/share/interpreter/linkResolver.cpp, line 773]
Event: 7.721 Thread 0x000001c707fc0000 Exception <a 'java/lang/NoSuchMethodError'{0x0000000086bb6080}: 'java.lang.Object java.lang.invoke.DirectMethodHandle$Holder.invokeStaticInit(java.lang.Object, java.lang.Object, int, int, int, int)'> (0x0000000086bb6080) thrown at [./src/hotspot/share/interpreter/linkResolver.cpp, line 773]
Event: 8.771 Thread 0x000001c707fc0000 Exception <a 'java/io/IOException'{0x00000000869d5128}> (0x00000000869d5128) thrown at [./src/hotspot/share/prims/jni.cpp, line 615]
Event: 9.510 Thread 0x000001c723b6d000 Exception <a 'java/lang/NoSuchMethodError'{0x00000000867e8340}: <clinit>> (0x00000000867e8340) thrown at [./src/hotspot/share/prims/jni.cpp, line 1362]
Event: 9.513 Thread 0x000001c723b6d000 Exception <a 'java/lang/NoSuchMethodError'{0x00000000867f0bd8}: <clinit>> (0x00000000867f0bd8) thrown at [./src/hotspot/share/prims/jni.cpp, line 1362]
Event: 9.521 Thread 0x000001c723b6d000 Exception <a 'java/lang/NoSuchMethodError'{0x00000000866041f8}: <clinit>> (0x00000000866041f8) thrown at [./src/hotspot/share/prims/jni.cpp, line 1362]
Event: 9.553 Thread 0x000001c723b6d000 Exception <a 'java/lang/NoSuchMethodError'{0x0000000086651f88}: <clinit>> (0x0000000086651f88) thrown at [./src/hotspot/share/prims/jni.cpp, line 1362]
Event: 9.573 Thread 0x000001c723b6d000 Exception <a 'java/lang/NoSuchMethodError'{0x000000008668d680}: <clinit>> (0x000000008668d680) thrown at [./src/hotspot/share/prims/jni.cpp, line 1362]
Event: 9.618 Thread 0x000001c723b6d000 Exception <a 'java/lang/NoSuchMethodError'{0x00000000866c0038}: <clinit>> (0x00000000866c0038) thrown at [./src/hotspot/share/prims/jni.cpp, line 1362]
Event: 10.007 Thread 0x000001c723535000 Exception <a 'java/lang/NoSuchMethodError'{0x0000000085fc7398}: 'void java.lang.invoke.DelegatingMethodHandle$Holder.reinvoke_L(java.lang.Object, java.lang.Object, java.lang.Object, java.lang.Object)'> (0x0000000085fc7398) thrown at [./src/hotspot/share/interpreter/linkResolver.cpp, line 773]
Event: 10.030 Thread 0x000001c723535000 Exception <a 'java/lang/NoSuchMethodError'{0x0000000085ffe268}: 'long java.lang.invoke.DirectMethodHandle$Holder.invokeInterface(java.lang.Object, java.lang.Object)'> (0x0000000085ffe268) thrown at [./src/hotspot/share/interpreter/linkResolver.cpp, line 773]
Event: 10.034 Thread 0x000001c723535000 Exception <a 'java/lang/NoSuchMethodError'{0x0000000085e1ff00}: 'void java.lang.invoke.DelegatingMethodHandle$Holder.reinvoke_L(java.lang.Object, java.lang.Object, java.lang.Object, java.lang.Object, java.lang.Object, java.lang.Object, java.lang.Object)'> (0x0000000085e1ff00) thrown at [./src/hotspot/share/interpreter/linkResolver.cpp, line 773]
Event: 10.800 Thread 0x000001c723535000 Exception <a 'java/lang/NoSuchMethodError'{0x0000000087a0c8e8}: 'java.lang.Object java.lang.invoke.DirectMethodHandle$Holder.invokeVirtual(java.lang.Object, java.lang.Object, java.lang.Object)'> (0x0000000087a0c8e8) thrown at [./src/hotspot/share/interpreter/linkResolver.cpp, line 773]
Event: 10.902 Thread 0x000001c723535000 Exception <a 'java/lang/NoSuchMethodError'{0x0000000087789030}: 'void java.lang.invoke.DirectMethodHandle$Holder.invokeStaticInit(java.lang.Object)'> (0x0000000087789030) thrown at [./src/hotspot/share/interpreter/linkResolver.cpp, line 773]
Event: 11.346 Thread 0x000001c723535000 Exception <a 'java/lang/NoSuchMethodError'{0x00000000871e4338}: 'int java.lang.invoke.DirectMethodHandle$Holder.invokeSpecialIFC(java.lang.Object, java.lang.Object, java.lang.Object, java.lang.Object)'> (0x00000000871e4338) thrown at [./src/hotspot/share/interpreter/linkResolver.cpp, line 773]
Event: 11.351 Thread 0x000001c723535000 Exception <a 'java/lang/NoSuchMethodError'{0x00000000871f20f8}: 'java.lang.Object java.lang.invoke.DirectMethodHandle$Holder.invokeInterface(java.lang.Object, java.lang.Object, java.lang.Object)'> (0x00000000871f20f8) thrown at [./src/hotspot/share/interpreter/linkResolver.cpp, line 773]
Event: 11.351 Thread 0x000001c723535000 Exception <a 'java/lang/IncompatibleClassChangeError'{0x00000000871f55d0}: Found class java.lang.Object, but interface was expected> (0x00000000871f55d0) thrown at [./src/hotspot/share/interpreter/linkResolver.cpp, line 839]
Event: 11.680 Thread 0x000001c723535000 Exception <a 'java/lang/NoSuchMethodError'{0x0000000087b2c2b8}: 'void java.lang.invoke.DirectMethodHandle$Holder.invokeSpecial(java.lang.Object, java.lang.Object)'> (0x0000000087b2c2b8) thrown at [./src/hotspot/share/interpreter/linkResolver.cpp, line 773]
Event: 12.168 Thread 0x000001c723535000 Exception <a 'java/lang/NoSuchMethodError'{0x00000000872d7bc0}: 'java.lang.Object java.lang.invoke.DirectMethodHandle$Holder.invokeVirtual(java.lang.Object, java.lang.Object, java.lang.Object, java.lang.Object)'> (0x00000000872d7bc0) thrown at [./src/hotspot/share/interpreter/linkResolver.cpp, line 773]

Events (20 events):
Event: 12.442 loading class org/gradle/api/internal/file/AbstractBaseDirFileResolver
Event: 12.442 loading class org/gradle/api/internal/file/AbstractBaseDirFileResolver done
Event: 12.443 loading class org/gradle/api/PathValidation
Event: 12.443 loading class org/gradle/api/PathValidation done
Event: 12.444 loading class org/gradle/util/DeferredUtil
Event: 12.444 loading class org/gradle/util/DeferredUtil done
Event: 12.444 loading class org/gradle/internal/typeconversion/NotationConverterToNotationParserAdapter$ResultImpl
Event: 12.444 loading class org/gradle/internal/typeconversion/NotationConverterToNotationParserAdapter$ResultImpl done
Event: 12.445 loading class org/apache/commons/io/FilenameUtils
Event: 12.445 loading class org/apache/commons/io/FilenameUtils done
Event: 12.446 loading class org/gradle/api/internal/file/AbstractFileResolver$2
Event: 12.446 loading class org/gradle/api/internal/file/AbstractFileResolver$2 done
Event: 12.447 loading class org/gradle/api/internal/artifacts/DefaultDependencyManagementServices
Event: 12.447 loading class org/gradle/api/internal/artifacts/DefaultDependencyManagementServices done
Event: 12.451 loading class org/gradle/internal/service/scopes/BuildScopeServices$DependencyMetaDataProviderImpl
Event: 12.451 loading class org/gradle/internal/service/scopes/BuildScopeServices$DependencyMetaDataProviderImpl done
Event: 12.451 loading class org/gradle/api/internal/artifacts/Module
Event: 12.451 loading class org/gradle/api/internal/artifacts/Module done
Event: 12.453 loading class org/gradle/plugin/internal/PluginUsePluginServiceRegistry$BuildScopeServices$1
Event: 12.453 loading class org/gradle/plugin/internal/PluginUsePluginServiceRegistry$BuildScopeServices$1 done


Dynamic libraries:
0x00007ff7558f0000 - 0x00007ff7558fa000 	E:\Program Files\Android\Android Studio\jre\bin\java.exe
0x00007ffa2d9a0000 - 0x00007ffa2db90000 	C:\Windows\SYSTEM32\ntdll.dll
0x00007ff9ea530000 - 0x00007ff9ea564000 	C:\Program Files\AVAST Software\Avast\x64\aswhooka.dll
0x00007ffa2bb00000 - 0x00007ffa2bbb2000 	C:\Windows\System32\KERNEL32.DLL
0x00007ffa2b100000 - 0x00007ffa2b3a5000 	C:\Windows\System32\KERNELBASE.dll
0x00007ffa2b900000 - 0x00007ffa2b9fa000 	C:\Windows\System32\ucrtbase.dll
0x00007ff9f76f0000 - 0x00007ff9f7709000 	E:\Program Files\Android\Android Studio\jre\bin\jli.dll
0x00007ffa2c4d0000 - 0x00007ffa2c664000 	C:\Windows\System32\USER32.dll
0x00007ffa2b460000 - 0x00007ffa2b481000 	C:\Windows\System32\win32u.dll
0x00007ffa2be40000 - 0x00007ffa2be66000 	C:\Windows\System32\GDI32.dll
0x00007ffa2b690000 - 0x00007ffa2b826000 	C:\Windows\System32\gdi32full.dll
0x00007ffa2b830000 - 0x00007ffa2b8ce000 	C:\Windows\System32\msvcp_win.dll
0x00007ff9f76d0000 - 0x00007ff9f76e7000 	E:\Program Files\Android\Android Studio\jre\bin\VCRUNTIME140.dll
0x00007ffa17da0000 - 0x00007ffa18024000 	C:\Windows\WinSxS\amd64_microsoft.windows.common-controls_6595b64144ccf1df_6.0.18362.1256_none_9e7e379be45e40e2\COMCTL32.dll
0x00007ffa2d2a0000 - 0x00007ffa2d33e000 	C:\Windows\System32\msvcrt.dll
0x00007ffa2d410000 - 0x00007ffa2d746000 	C:\Windows\System32\combase.dll
0x00007ffa2cf80000 - 0x00007ffa2d0a0000 	C:\Windows\System32\RPCRT4.dll
0x00007ffa2b3b0000 - 0x00007ffa2b431000 	C:\Windows\System32\bcryptPrimitives.dll
0x00007ffa2bd40000 - 0x00007ffa2bd6e000 	C:\Windows\System32\IMM32.DLL
0x00007ff9f1b90000 - 0x00007ff9f1c2d000 	E:\Program Files\Android\Android Studio\jre\bin\msvcp140.dll
0x00007ff9f10c0000 - 0x00007ff9f1b7c000 	E:\Program Files\Android\Android Studio\jre\bin\server\jvm.dll
0x00007ffa2bc30000 - 0x00007ffa2bcd3000 	C:\Windows\System32\ADVAPI32.dll
0x00007ffa2d0a0000 - 0x00007ffa2d137000 	C:\Windows\System32\sechost.dll
0x00007ffa2c670000 - 0x00007ffa2c678000 	C:\Windows\System32\PSAPI.DLL
0x00007ffa09070000 - 0x00007ffa09079000 	C:\Windows\SYSTEM32\WSOCK32.dll
0x00007ffa2d150000 - 0x00007ffa2d1bf000 	C:\Windows\System32\WS2_32.dll
0x00007ffa27ee0000 - 0x00007ffa27f04000 	C:\Windows\SYSTEM32\WINMM.dll
0x00007ffa22fe0000 - 0x00007ffa22fea000 	C:\Windows\SYSTEM32\VERSION.dll
0x00007ffa27eb0000 - 0x00007ffa27edd000 	C:\Windows\SYSTEM32\WINMMBASE.dll
0x00007ffa2ba00000 - 0x00007ffa2ba4a000 	C:\Windows\System32\cfgmgr32.dll
0x00007ffa2a850000 - 0x00007ffa2a861000 	C:\Windows\System32\kernel.appcore.dll
0x00007ffa23fa0000 - 0x00007ffa23fb1000 	E:\Program Files\Android\Android Studio\jre\bin\verify.dll
0x00007ffa290e0000 - 0x00007ffa292d4000 	C:\Windows\SYSTEM32\DBGHELP.DLL
0x00007ffa18980000 - 0x00007ffa189aa000 	C:\Windows\SYSTEM32\dbgcore.DLL
0x00007ffa23f70000 - 0x00007ffa23f99000 	E:\Program Files\Android\Android Studio\jre\bin\java.dll
0x00007ffa23f60000 - 0x00007ffa23f6b000 	E:\Program Files\Android\Android Studio\jre\bin\jimage.dll
0x00007ffa23f40000 - 0x00007ffa23f58000 	E:\Program Files\Android\Android Studio\jre\bin\zip.dll
0x00007ffa2c680000 - 0x00007ffa2cd67000 	C:\Windows\System32\SHELL32.dll
0x00007ffa2ba50000 - 0x00007ffa2baf9000 	C:\Windows\System32\shcore.dll
0x00007ffa2a910000 - 0x00007ffa2b091000 	C:\Windows\System32\windows.storage.dll
0x00007ffa2a8e0000 - 0x00007ffa2a903000 	C:\Windows\System32\profapi.dll
0x00007ffa2a890000 - 0x00007ffa2a8da000 	C:\Windows\System32\powrprof.dll
0x00007ffa2a840000 - 0x00007ffa2a850000 	C:\Windows\System32\UMPDC.dll
0x00007ffa2d240000 - 0x00007ffa2d292000 	C:\Windows\System32\shlwapi.dll
0x00007ffa2b440000 - 0x00007ffa2b457000 	C:\Windows\System32\cryptsp.dll
0x00007ffa23f20000 - 0x00007ffa23f3a000 	E:\Program Files\Android\Android Studio\jre\bin\net.dll
0x00007ffa19c30000 - 0x00007ffa19d20000 	C:\Windows\SYSTEM32\WINHTTP.dll
0x00007ffa2a030000 - 0x00007ffa2a097000 	C:\Windows\system32\mswsock.dll
0x00007ffa23f00000 - 0x00007ffa23f14000 	E:\Program Files\Android\Android Studio\jre\bin\nio.dll
0x00007ffa0d6b0000 - 0x00007ffa0d6d7000 	C:\Users\hp\.gradle\native\fdc75f09e3144964f2cf3f50f0aa648679c211496f362492102eb8c894070792\windows-amd64\native-platform.dll
0x00007ff9efd10000 - 0x00007ff9efea6000 	C:\Users\hp\.gradle\native\12488b8bf47d2d4c9fbf2f6322a914ad602e24e48041cd04a747c6da556b65c4\windows-amd64\native-platform-file-events.dll
0x00007ffa23ef0000 - 0x00007ffa23efa000 	E:\Program Files\Android\Android Studio\jre\bin\management.dll
0x00007ffa23ee0000 - 0x00007ffa23eec000 	E:\Program Files\Android\Android Studio\jre\bin\management_ext.dll
0x00007ffa29ba0000 - 0x00007ffa29bd3000 	C:\Windows\system32\rsaenh.dll
0x00007ffa2b8d0000 - 0x00007ffa2b8f6000 	C:\Windows\System32\bcrypt.dll
0x00007ffa2a760000 - 0x00007ffa2a785000 	C:\Windows\SYSTEM32\USERENV.dll
0x00007ffa2a200000 - 0x00007ffa2a20c000 	C:\Windows\SYSTEM32\CRYPTBASE.dll
0x00007ffa29d40000 - 0x00007ffa29d7a000 	C:\Windows\SYSTEM32\IPHLPAPI.DLL
0x00007ffa2d140000 - 0x00007ffa2d148000 	C:\Windows\System32\NSI.dll
0x00007ffa1be60000 - 0x00007ffa1be76000 	C:\Windows\SYSTEM32\dhcpcsvc6.DLL
0x00007ffa1c080000 - 0x00007ffa1c09c000 	C:\Windows\SYSTEM32\dhcpcsvc.DLL
0x00007ffa29d90000 - 0x00007ffa29e5b000 	C:\Windows\SYSTEM32\DNSAPI.dll
0x00007ffa1fe50000 - 0x00007ffa1fe5b000 	C:\Windows\SYSTEM32\WINNSI.DLL

dbghelp: loaded successfully - version: 4.0.5 - missing functions: none
symbol engine: initialized successfully - sym options: 0x614 - pdb path: .;E:\Program Files\Android\Android Studio\jre\bin;C:\Windows\SYSTEM32;C:\Program Files\AVAST Software\Avast\x64;C:\Windows\WinSxS\amd64_microsoft.windows.common-controls_6595b64144ccf1df_6.0.18362.1256_none_9e7e379be45e40e2;E:\Program Files\Android\Android Studio\jre\bin\server;C:\Users\hp\.gradle\native\fdc75f09e3144964f2cf3f50f0aa648679c211496f362492102eb8c894070792\windows-amd64;C:\Users\hp\.gradle\native\12488b8bf47d2d4c9fbf2f6322a914ad602e24e48041cd04a747c6da556b65c4\windows-amd64

VM Arguments:
jvm_args: --add-opens=java.base/java.util=ALL-UNNAMED --add-opens=java.base/java.lang=ALL-UNNAMED --add-opens=java.base/java.lang.invoke=ALL-UNNAMED --add-opens=java.prefs/java.util.prefs=ALL-UNNAMED -Xmx2048m -Dfile.encoding=UTF-8 -Duser.country=US -Duser.language=en -Duser.variant 
java_command: org.gradle.launcher.daemon.bootstrap.GradleDaemon 6.7.1
java_class_path (initial): C:\Users\hp\.gradle\wrapper\dists\gradle-6.7.1-bin\bwlcbys1h7rz3272sye1xwiv6\gradle-6.7.1\lib\gradle-launcher-6.7.1.jar
Launcher Type: SUN_STANDARD

[Global flags]
     intx CICompilerCount                          = 3                                         {product} {ergonomic}
     uint ConcGCThreads                            = 1                                         {product} {ergonomic}
     uint G1ConcRefinementThreads                  = 4                                         {product} {ergonomic}
   size_t G1HeapRegionSize                         = 1048576                                   {product} {ergonomic}
    uintx GCDrainStackTargetSize                   = 64                                        {product} {ergonomic}
   size_t InitialHeapSize                          = 134217728                                 {product} {ergonomic}
   size_t MarkStackSize                            = 4194304                                   {product} {ergonomic}
   size_t MaxHeapSize                              = 2147483648                                {product} {command line}
   size_t MaxNewSize                               = 1287651328                                {product} {ergonomic}
   size_t MinHeapDeltaBytes                        = 1048576                                   {product} {ergonomic}
    uintx NonNMethodCodeHeapSize                   = 5830732                                {pd product} {ergonomic}
    uintx NonProfiledCodeHeapSize                  = 122913754                              {pd product} {ergonomic}
    uintx ProfiledCodeHeapSize                     = 122913754                              {pd product} {ergonomic}
    uintx ReservedCodeCacheSize                    = 251658240                              {pd product} {ergonomic}
     bool SegmentedCodeCache                       = true                                      {product} {ergonomic}
     bool UseCompressedClassPointers               = true                                 {lp64_product} {ergonomic}
     bool UseCompressedOops                        = true                                 {lp64_product} {ergonomic}
     bool UseG1GC                                  = true                                      {product} {ergonomic}
     bool UseLargePagesIndividualAllocation        = false                                  {pd product} {ergonomic}

Logging:
Log output configuration:
 #0: stdout all=warning uptime,level,tags
 #1: stderr all=off uptime,level,tags

Environment Variables:
JAVA_HOME=C:\Program Files\Java\jdk-17.0.1
PATH=C:\ffmpeg\bin;C:\Program Files\Common Files\Oracle\Java\javapath;C:\Python310\Scripts\;C:\Python310\;C:\ProgramData\Oracle\Java\javapath;C:\Windows\system32;C:\Windows;C:\Windows\System32\Wbem;C:\Windows\System32\WindowsPowerShell\v1.0\;C:\Windows\System32\OpenSSH\;C:\Program Files\Java\jdk-17\bin;C:\Program Files\Microsoft SQL Server\Client SDK\ODBC\110\Tools\Binn\;C:\Program Files\Microsoft SQL Server\Client SDK\ODBC\170\Tools\Binn\;C:\ProgramData\chocolatey\bin;C:\Program Files\Java\jdk-17.0.1\bin;C:\Program Files\Azure Data Studio\bin;C:\Program Files\dotnet\;C:\Program Files\Git\cmd;C:\Program Files\nodejs\;C:\Users\hp\AppData\Local\Microsoft\WindowsApps;D:\Microsoft VS Code\bin;C:\Users\hp\AppData\Local\Android\Sdk\platform-tools;C:\Users\hp\AppData\Local\Microsoft\WindowsApps;D:\Microsoft VS Code\bin;C:\Program Files\Azure Data Studio\bin;C:\Users\hp\AppData\Local\Android\Sdk\platform-tools;;C:\Users\hp\AppData\Local\Programs\Microsoft VS Code\bin;C:\Users\hp\.dotnet\tools;C:\Users\hp\AppData\Roaming\npm
USERNAME=hp
OS=Windows_NT
PROCESSOR_IDENTIFIER=Intel64 Family 6 Model 142 Stepping 9, GenuineIntel



---------------  S Y S T E M  ---------------

OS: Windows 10 , 64 bit Build 18362 (10.0.18362.1110)
OS uptime: 0 days 0:19 hours

CPU:total 4 (initial active 4) (2 cores per cpu, 2 threads per core) family 6 model 142 stepping 9, cmov, cx8, fxsr, mmx, sse, sse2, sse3, ssse3, sse4.1, sse4.2, popcnt, avx, avx2, aes, clmul, erms, 3dnowpref, lzcnt, ht, tsc, tscinvbit, bmi1, bmi2, adx, fma

Memory: 4k page, system-wide physical 8078M (353M free)
TotalPageFile size 8078M (AvailPageFile size 3M)
current process WorkingSet (physical memory assigned to process): 158M, peak: 158M
current process commit charge ("private bytes"): 259M, peak: 259M

vm_info: OpenJDK 64-Bit Server VM (11.0.8+10-b944.6842174) for windows-amd64 JRE (11.0.8+10-b944.6842174), built on Sep 19 2020 01:11:42 by "builder" with MS VC++ 14.0 (VS2015)

END.
