#
# There is insufficient memory for the Java Runtime Environment to continue.
# Native memory allocation (malloc) failed to allocate 958976 bytes for Chunk::new
# Possible reasons:
#   The system is out of physical RAM or swap space
#   The process is running with CompressedOops enabled, and the Java Heap may be blocking the growth of the native heap
# Possible solutions:
#   Reduce memory load on the system
#   Increase physical memory or swap space
#   Check if swap backing store is full
#   Decrease Java heap size (-Xmx/-Xms)
#   Decrease number of Java threads
#   Decrease Java thread stack sizes (-Xss)
#   Set larger code cache with -XX:ReservedCodeCacheSize=
#   JVM is running with Unscaled Compressed Oops mode in which the Java heap is
#     placed in the first 4GB address space. The Java Heap base address is the
#     maximum limit for the native heap growth. Please use -XX:HeapBaseMinAddress
#     to set the Java Heap base and to place the Java Heap above 4GB virtual address.
# This output file may be truncated or incomplete.
#
#  Out of Memory Error (./src/hotspot/share/memory/arena.cpp:197), pid=12204, tid=6644
#
# JRE version: OpenJDK Runtime Environment (11.0.8+10) (build 11.0.8+10-b944.6842174)
# Java VM: OpenJDK 64-Bit Server VM (11.0.8+10-b944.6842174, mixed mode, tiered, compressed oops, g1 gc, windows-amd64)
# No core dump will be written. Minidumps are not enabled by default on client versions of Windows
#

---------------  S U M M A R Y ------------

Command Line: --add-opens=java.base/java.util=ALL-UNNAMED --add-opens=java.base/java.lang=ALL-UNNAMED --add-opens=java.base/java.lang.invoke=ALL-UNNAMED --add-opens=java.prefs/java.util.prefs=ALL-UNNAMED -Xmx2048m -Dfile.encoding=UTF-8 -Duser.country=US -Duser.language=en -Duser.variant org.gradle.launcher.daemon.bootstrap.GradleDaemon 6.7.1

Host: Intel(R) Core(TM) i5-7200U CPU @ 2.50GHz, 4 cores, 7G,  Windows 10 , 64 bit Build 18362 (10.0.18362.1110)
Time: Fri May 27 23:03:16 2022 Morocco Daylight Time elapsed time: 681 seconds (0d 0h 11m 21s)

---------------  T H R E A D  ---------------

Current thread (0x000001e3e82e9800):  JavaThread "C2 CompilerThread1" daemon [_thread_in_native, id=6644, stack(0x0000001136c00000,0x0000001136d00000)]


Current CompileTask:
C2: 681639 14962       4       org.gradle.internal.instantiation.generator.AbstractClassGenerator$PropertyMetadata::hasAnnotation (40 bytes)

Stack: [0x0000001136c00000,0x0000001136d00000]
Native frames: (J=compiled Java code, j=interpreted, Vv=VM code, C=native code)
V  [jvm.dll+0x5de50a]
V  [jvm.dll+0x7122f5]
V  [jvm.dll+0x71384d]
V  [jvm.dll+0x713f03]
V  [jvm.dll+0x23e728]
V  [jvm.dll+0xb899c]
V  [jvm.dll+0xb8e9c]
V  [jvm.dll+0x2b20e4]
V  [jvm.dll+0x502098]
V  [jvm.dll+0x1ff393]
V  [jvm.dll+0x1f917c]
V  [jvm.dll+0x1f685f]
V  [jvm.dll+0x17f32c]
V  [jvm.dll+0x205047]
V  [jvm.dll+0x203891]
V  [jvm.dll+0x6dad3f]
V  [jvm.dll+0x6d3895]
V  [jvm.dll+0x5dd4a6]
C  [ucrtbase.dll+0x210b2]
C  [KERNEL32.DLL+0x17c24]
C  [ntdll.dll+0x6d4d1]


---------------  P R O C E S S  ---------------

Threads class SMR info:
_java_thread_list=0x000001e3eba4df90, length=146, elements={
0x000001e3cb420000, 0x000001e3e4e9c000, 0x000001e3e4e9d800, 0x000001e3e4ea3000,
0x000001e3e5813800, 0x000001e3e5814000, 0x000001e3e581b800, 0x000001e3e5868000,
0x000001e3e5968800, 0x000001e3e5973000, 0x000001e3e71ef800, 0x000001e3e62e8800,
0x000001e3e6fd7800, 0x000001e3e7848000, 0x000001e3e7844800, 0x000001e3e7842800,
0x000001e3e7847000, 0x000001e3e5d60000, 0x000001e3eb48e000, 0x000001e3eb434000,
0x000001e3eb43e000, 0x000001e3eb48b800, 0x000001e3eb487800, 0x000001e3eb48a800,
0x000001e3eb48c000, 0x000001e3eb489000, 0x000001e3eb488000, 0x000001e3eb48d000,
0x000001e3eb48a000, 0x000001e3eb493000, 0x000001e3eb490800, 0x000001e3eb494800,
0x000001e3eb493800, 0x000001e3eb495000, 0x000001e3eb48f800, 0x000001e3eb496000,
0x000001e3e5d65000, 0x000001e3e5d5f800, 0x000001e3e5d66000, 0x000001e3e5d66800,
0x000001e3e5d67800, 0x000001e3e5d62000, 0x000001e3e5d68800, 0x000001e3e5d62800,
0x000001e3e5d6d000, 0x000001e3e5d69000, 0x000001e3e5d6a000, 0x000001e3e5d6e000,
0x000001e3e5d6a800, 0x000001e3e5d6c800, 0x000001e3e5d6b800, 0x000001e3eb432800,
0x000001e3eb436000, 0x000001e3eb435000, 0x000001e3eb437800, 0x000001e3eb432000,
0x000001e3eb43c800, 0x000001e3eb43b000, 0x000001e3eb43d000, 0x000001e3eb43f000,
0x000001e3eb439000, 0x000001e3eb43a000, 0x000001e3eb43b800, 0x000001e3e7844000,
0x000001e3e7843000, 0x000001e3e7845800, 0x000001e3e7846800, 0x000001e3e7849000,
0x000001e3e5ea0000, 0x000001e3e5ea1800, 0x000001e3e5e9e000, 0x000001e3e5e9c800,
0x000001e3e5ea0800, 0x000001e3e5e9d800, 0x000001e3e5e9f000, 0x000001e3e5e9c000,
0x000001e3e5ea7000, 0x000001e3e5ea8000, 0x000001e3e5ea5800, 0x000001e3e5ea4000,
0x000001e3e5ea2800, 0x000001e3e5ea6800, 0x000001e3e5ea4800, 0x000001e3e5ea9000,
0x000001e3e5ea3000, 0x000001e3e5eaa800, 0x000001e3e5ea9800, 0x000001e3ea3d2000,
0x000001e3ea3d0800, 0x000001e3ea3d3000, 0x000001e3ea3d1800, 0x000001e3ea3cd800,
0x000001e3ea3cf800, 0x000001e3ea3d4000, 0x000001e3ea3cf000, 0x000001e3ea3ce000,
0x000001e3ea3d8800, 0x000001e3ea3d6800, 0x000001e3ea3d4800, 0x000001e3ea3d9800,
0x000001e3ea3d7000, 0x000001e3ea3d8000, 0x000001e3ea3da800, 0x000001e3ea3db000,
0x000001e3ea3d5800, 0x000001e3ea3dc000, 0x000001e3ef115000, 0x000001e3ef118000,
0x000001e3ef113800, 0x000001e3ef117800, 0x000001e3ef112800, 0x000001e3ef114000,
0x000001e3ef119000, 0x000001e3ef115800, 0x000001e3ef11a000, 0x000001e3ef11a800,
0x000001e3ef11c000, 0x000001e3ef11b800, 0x000001e3ef116800, 0x000001e3ef11d000,
0x000001e3ef121000, 0x000001e3ef11e800, 0x000001e3ef11e000, 0x000001e3ef11f800,
0x000001e3ef120800, 0x000001e3e9dc3800, 0x000001e3e9dc0000, 0x000001e3e9dc4000,
0x000001e3e9dbf800, 0x000001e3e9dc5000, 0x000001e3e9dc6800, 0x000001e3e9dc6000,
0x000001e3e9dc1000, 0x000001e3e9dc7800, 0x000001e3e9dc1800, 0x000001e3e9dc8000,
0x000001e3e9dc2800, 0x000001e3e9dce000, 0x000001e3e9dcd000, 0x000001e3e9dcb800,
0x000001e3e9dc9000, 0x000001e3e9dca000, 0x000001e3e9dca800, 0x000001e3e82e9800,
0x000001e3e9dcc800, 0x000001e3eb430000
}

Java Threads: ( => current thread )
  0x000001e3cb420000 JavaThread "main" [_thread_blocked, id=11912, stack(0x0000001134600000,0x0000001134700000)]
  0x000001e3e4e9c000 JavaThread "Reference Handler" daemon [_thread_blocked, id=12168, stack(0x0000001134d00000,0x0000001134e00000)]
  0x000001e3e4e9d800 JavaThread "Finalizer" daemon [_thread_blocked, id=12172, stack(0x0000001134e00000,0x0000001134f00000)]
  0x000001e3e4ea3000 JavaThread "Signal Dispatcher" daemon [_thread_blocked, id=10016, stack(0x0000001134f00000,0x0000001135000000)]
  0x000001e3e5813800 JavaThread "Attach Listener" daemon [_thread_blocked, id=12180, stack(0x0000001135000000,0x0000001135100000)]
  0x000001e3e5814000 JavaThread "C2 CompilerThread0" daemon [_thread_in_native, id=10136, stack(0x0000001135100000,0x0000001135200000)]
  0x000001e3e581b800 JavaThread "C1 CompilerThread0" daemon [_thread_blocked, id=11968, stack(0x0000001135200000,0x0000001135300000)]
  0x000001e3e5868000 JavaThread "Sweeper thread" daemon [_thread_blocked, id=12000, stack(0x0000001135300000,0x0000001135400000)]
  0x000001e3e5968800 JavaThread "Common-Cleaner" daemon [_thread_blocked, id=12128, stack(0x0000001135400000,0x0000001135500000)]
  0x000001e3e5973000 JavaThread "Service Thread" daemon [_thread_blocked, id=616, stack(0x0000001135500000,0x0000001135600000)]
  0x000001e3e71ef800 JavaThread "Daemon health stats" [_thread_blocked, id=1112, stack(0x0000001135a00000,0x0000001135b00000)]
  0x000001e3e62e8800 JavaThread "Incoming local TCP Connector on port 49842" [_thread_in_native, id=2124, stack(0x0000001135c00000,0x0000001135d00000)]
  0x000001e3e6fd7800 JavaThread "Daemon periodic checks" [_thread_blocked, id=2112, stack(0x0000001135d00000,0x0000001135e00000)]
  0x000001e3e7848000 JavaThread "Cache worker for file hash cache (C:\Users\hp\.gradle\caches\6.7.1\fileHashes)" [_thread_blocked, id=9336, stack(0x0000001136600000,0x0000001136700000)]
  0x000001e3e7844800 JavaThread "File lock request listener" [_thread_in_native, id=3856, stack(0x0000001136700000,0x0000001136800000)]
  0x000001e3e7842800 JavaThread "Cache worker for journal cache (C:\Users\hp\.gradle\caches\journal-1)" [_thread_blocked, id=11284, stack(0x0000001136800000,0x0000001136900000)]
  0x000001e3e7847000 JavaThread "Cache worker for execution history cache (C:\Users\hp\.gradle\caches\6.7.1\executionHistory)" [_thread_blocked, id=8648, stack(0x0000001136e00000,0x0000001136f00000)]
  0x000001e3e5d60000 JavaThread "Cache worker for file content cache (C:\Users\hp\.gradle\caches\6.7.1\fileContent)" [_thread_blocked, id=3840, stack(0x0000001137000000,0x0000001137100000)]
  0x000001e3eb48e000 JavaThread "Memory manager" [_thread_blocked, id=10916, stack(0x000000113d800000,0x000000113d900000)]
  0x000001e3eb434000 JavaThread "Cache worker for Java compile cache (C:\Users\hp\.gradle\caches\6.7.1\javaCompile)" [_thread_blocked, id=10160, stack(0x000000113df00000,0x000000113e000000)]
  0x000001e3eb43e000 JavaThread "ForkJoinPool.commonPool-worker-7" daemon [_thread_blocked, id=3396, stack(0x000000113e600000,0x000000113e700000)]
  0x000001e3eb48b800 JavaThread "Daemon Thread 2" [_thread_blocked, id=2448, stack(0x0000001135700000,0x0000001135800000)]
  0x000001e3eb487800 JavaThread "Handler for socket connection from /127.0.0.1:49842 to /127.0.0.1:50605" [_thread_in_native, id=6648, stack(0x0000001135b00000,0x0000001135c00000)]
  0x000001e3eb48a800 JavaThread "Cancel handler" [_thread_blocked, id=6820, stack(0x0000001135e00000,0x0000001135f00000)]
  0x000001e3eb48c000 JavaThread "Daemon worker Thread 2" [_thread_blocked, id=2032, stack(0x0000001135f00000,0x0000001136000000)]
  0x000001e3eb489000 JavaThread "Asynchronous log dispatcher for DefaultDaemonConnection: socket connection from /127.0.0.1:49842 to /127.0.0.1:50605" [_thread_blocked, id=4608, stack(0x0000001136000000,0x0000001136100000)]
  0x000001e3eb488000 JavaThread "Stdin handler" [_thread_blocked, id=3036, stack(0x0000001136100000,0x0000001136200000)]
  0x000001e3eb48d000 JavaThread "Thread-141" [_thread_blocked, id=7864, stack(0x0000001136200000,0x0000001136300000)]
  0x000001e3eb48a000 JavaThread "Cache worker for file hash cache (C:\Users\hp\AndroidStudioProjects\myPharmacy\.gradle\6.7.1\fileHashes)" [_thread_blocked, id=9156, stack(0x0000001136300000,0x0000001136400000)]
  0x000001e3eb493000 JavaThread "Cache worker for checksums cache (C:\Users\hp\AndroidStudioProjects\myPharmacy\.gradle\checksums)" [_thread_blocked, id=10120, stack(0x0000001136400000,0x0000001136500000)]
  0x000001e3eb490800 JavaThread "Cache worker for cache directory md-supplier (C:\Users\hp\.gradle\caches\6.7.1\md-supplier)" [_thread_blocked, id=3492, stack(0x0000001136900000,0x0000001136a00000)]
  0x000001e3eb494800 JavaThread "Cache worker for cache directory md-rule (C:\Users\hp\.gradle\caches\6.7.1\md-rule)" [_thread_blocked, id=8044, stack(0x0000001136a00000,0x0000001136b00000)]
  0x000001e3eb493800 JavaThread "Cache worker for Build Output Cleanup Cache (C:\Users\hp\AndroidStudioProjects\myPharmacy\.gradle\buildOutputCleanup)" [_thread_blocked, id=8272, stack(0x0000001136b00000,0x0000001136c00000)]
  0x000001e3eb495000 JavaThread "Build operations" [_thread_blocked, id=4640, stack(0x0000001136d00000,0x0000001136e00000)]
  0x000001e3eb48f800 JavaThread "Build operations Thread 2" [_thread_blocked, id=7004, stack(0x0000001136f00000,0x0000001137000000)]
  0x000001e3eb496000 JavaThread "Build operations Thread 3" [_thread_in_Java, id=1060, stack(0x0000001137100000,0x0000001137200000)]
  0x000001e3e5d65000 JavaThread "Build operations Thread 4" [_thread_in_native, id=11804, stack(0x0000001137200000,0x0000001137300000)]
  0x000001e3e5d5f800 JavaThread "jar transforms Thread 100" [_thread_blocked, id=2864, stack(0x0000001137300000,0x0000001137400000)]
  0x000001e3e5d66000 JavaThread "jar transforms Thread 101" [_thread_blocked, id=11368, stack(0x0000001137400000,0x0000001137500000)]
  0x000001e3e5d66800 JavaThread "jar transforms Thread 102" [_thread_blocked, id=10640, stack(0x0000001137500000,0x0000001137600000)]
  0x000001e3e5d67800 JavaThread "jar transforms Thread 103" [_thread_blocked, id=8624, stack(0x0000001137600000,0x0000001137700000)]
  0x000001e3e5d62000 JavaThread "jar transforms Thread 104" [_thread_blocked, id=9564, stack(0x0000001137700000,0x0000001137800000)]
  0x000001e3e5d68800 JavaThread "jar transforms Thread 105" [_thread_blocked, id=4656, stack(0x0000001137800000,0x0000001137900000)]
  0x000001e3e5d62800 JavaThread "jar transforms Thread 106" [_thread_blocked, id=9832, stack(0x0000001137900000,0x0000001137a00000)]
  0x000001e3e5d6d000 JavaThread "jar transforms Thread 107" [_thread_blocked, id=10084, stack(0x0000001137a00000,0x0000001137b00000)]
  0x000001e3e5d69000 JavaThread "jar transforms Thread 108" [_thread_blocked, id=10232, stack(0x0000001137b00000,0x0000001137c00000)]
  0x000001e3e5d6a000 JavaThread "jar transforms Thread 109" [_thread_blocked, id=7324, stack(0x0000001137c00000,0x0000001137d00000)]
  0x000001e3e5d6e000 JavaThread "jar transforms Thread 110" [_thread_blocked, id=6300, stack(0x0000001137d00000,0x0000001137e00000)]
  0x000001e3e5d6a800 JavaThread "jar transforms Thread 111" [_thread_blocked, id=1808, stack(0x0000001137e00000,0x0000001137f00000)]
  0x000001e3e5d6c800 JavaThread "jar transforms Thread 112" [_thread_blocked, id=4324, stack(0x0000001137f00000,0x0000001138000000)]
  0x000001e3e5d6b800 JavaThread "jar transforms Thread 113" [_thread_blocked, id=7136, stack(0x0000001138000000,0x0000001138100000)]
  0x000001e3eb432800 JavaThread "jar transforms Thread 114" [_thread_blocked, id=9908, stack(0x0000001138100000,0x0000001138200000)]
  0x000001e3eb436000 JavaThread "jar transforms Thread 115" [_thread_blocked, id=7072, stack(0x0000001138200000,0x0000001138300000)]
  0x000001e3eb435000 JavaThread "jar transforms Thread 116" [_thread_blocked, id=9128, stack(0x0000001138300000,0x0000001138400000)]
  0x000001e3eb437800 JavaThread "jar transforms Thread 117" [_thread_blocked, id=3812, stack(0x0000001138400000,0x0000001138500000)]
  0x000001e3eb432000 JavaThread "jar transforms Thread 118" [_thread_blocked, id=8000, stack(0x0000001138500000,0x0000001138600000)]
  0x000001e3eb43c800 JavaThread "jar transforms Thread 119" [_thread_blocked, id=3932, stack(0x0000001138600000,0x0000001138700000)]
  0x000001e3eb43b000 JavaThread "jar transforms Thread 120" [_thread_blocked, id=3248, stack(0x0000001138700000,0x0000001138800000)]
  0x000001e3eb43d000 JavaThread "jar transforms Thread 121" [_thread_blocked, id=3372, stack(0x0000001138800000,0x0000001138900000)]
  0x000001e3eb43f000 JavaThread "jar transforms Thread 122" [_thread_blocked, id=2612, stack(0x0000001138900000,0x0000001138a00000)]
  0x000001e3eb439000 JavaThread "jar transforms Thread 123" [_thread_blocked, id=4428, stack(0x0000001138a00000,0x0000001138b00000)]
  0x000001e3eb43a000 JavaThread "jar transforms Thread 124" [_thread_blocked, id=5172, stack(0x0000001138b00000,0x0000001138c00000)]
  0x000001e3eb43b800 JavaThread "jar transforms Thread 125" [_thread_blocked, id=6452, stack(0x0000001138c00000,0x0000001138d00000)]
  0x000001e3e7844000 JavaThread "jar transforms Thread 126" [_thread_blocked, id=3432, stack(0x0000001138d00000,0x0000001138e00000)]
  0x000001e3e7843000 JavaThread "jar transforms Thread 127" [_thread_blocked, id=1688, stack(0x0000001138e00000,0x0000001138f00000)]
  0x000001e3e7845800 JavaThread "jar transforms Thread 128" [_thread_blocked, id=9952, stack(0x0000001138f00000,0x0000001139000000)]
  0x000001e3e7846800 JavaThread "jar transforms Thread 129" [_thread_blocked, id=6984, stack(0x0000001139000000,0x0000001139100000)]
  0x000001e3e7849000 JavaThread "jar transforms Thread 130" [_thread_blocked, id=11120, stack(0x0000001139100000,0x0000001139200000)]
  0x000001e3e5ea0000 JavaThread "jar transforms Thread 131" [_thread_blocked, id=5480, stack(0x0000001139200000,0x0000001139300000)]
  0x000001e3e5ea1800 JavaThread "jar transforms Thread 132" [_thread_blocked, id=2280, stack(0x0000001139300000,0x0000001139400000)]
  0x000001e3e5e9e000 JavaThread "jar transforms Thread 133" [_thread_blocked, id=972, stack(0x0000001139400000,0x0000001139500000)]
  0x000001e3e5e9c800 JavaThread "jar transforms Thread 134" [_thread_blocked, id=11852, stack(0x0000001139500000,0x0000001139600000)]
  0x000001e3e5ea0800 JavaThread "jar transforms Thread 135" [_thread_blocked, id=3548, stack(0x0000001139600000,0x0000001139700000)]
  0x000001e3e5e9d800 JavaThread "jar transforms Thread 136" [_thread_blocked, id=532, stack(0x0000001139700000,0x0000001139800000)]
  0x000001e3e5e9f000 JavaThread "jar transforms Thread 137" [_thread_blocked, id=3740, stack(0x0000001139800000,0x0000001139900000)]
  0x000001e3e5e9c000 JavaThread "jar transforms Thread 138" [_thread_blocked, id=1464, stack(0x0000001139900000,0x0000001139a00000)]
  0x000001e3e5ea7000 JavaThread "jar transforms Thread 139" [_thread_blocked, id=6912, stack(0x0000001139a00000,0x0000001139b00000)]
  0x000001e3e5ea8000 JavaThread "jar transforms Thread 140" [_thread_blocked, id=6524, stack(0x0000001139b00000,0x0000001139c00000)]
  0x000001e3e5ea5800 JavaThread "jar transforms Thread 141" [_thread_blocked, id=6888, stack(0x0000001139c00000,0x0000001139d00000)]
  0x000001e3e5ea4000 JavaThread "jar transforms Thread 142" [_thread_blocked, id=9856, stack(0x0000001139d00000,0x0000001139e00000)]
  0x000001e3e5ea2800 JavaThread "jar transforms Thread 143" [_thread_blocked, id=1872, stack(0x0000001139e00000,0x0000001139f00000)]
  0x000001e3e5ea6800 JavaThread "jar transforms Thread 144" [_thread_blocked, id=6640, stack(0x0000001139f00000,0x000000113a000000)]
  0x000001e3e5ea4800 JavaThread "jar transforms Thread 145" [_thread_blocked, id=2264, stack(0x000000113a000000,0x000000113a100000)]
  0x000001e3e5ea9000 JavaThread "jar transforms Thread 146" [_thread_blocked, id=7232, stack(0x000000113a100000,0x000000113a200000)]
  0x000001e3e5ea3000 JavaThread "jar transforms Thread 147" [_thread_blocked, id=12264, stack(0x000000113a200000,0x000000113a300000)]
  0x000001e3e5eaa800 JavaThread "jar transforms Thread 148" [_thread_blocked, id=6428, stack(0x000000113a300000,0x000000113a400000)]
  0x000001e3e5ea9800 JavaThread "jar transforms Thread 149" [_thread_blocked, id=6148, stack(0x000000113a400000,0x000000113a500000)]
  0x000001e3ea3d2000 JavaThread "jar transforms Thread 150" [_thread_blocked, id=12252, stack(0x000000113a500000,0x000000113a600000)]
  0x000001e3ea3d0800 JavaThread "jar transforms Thread 151" [_thread_blocked, id=10624, stack(0x000000113a600000,0x000000113a700000)]
  0x000001e3ea3d3000 JavaThread "jar transforms Thread 152" [_thread_blocked, id=6516, stack(0x000000113a700000,0x000000113a800000)]
  0x000001e3ea3d1800 JavaThread "jar transforms Thread 153" [_thread_blocked, id=4280, stack(0x000000113a800000,0x000000113a900000)]
  0x000001e3ea3cd800 JavaThread "jar transforms Thread 154" [_thread_blocked, id=4256, stack(0x000000113a900000,0x000000113aa00000)]
  0x000001e3ea3cf800 JavaThread "jar transforms Thread 155" [_thread_blocked, id=4252, stack(0x000000113aa00000,0x000000113ab00000)]
  0x000001e3ea3d4000 JavaThread "jar transforms Thread 156" [_thread_blocked, id=10492, stack(0x000000113ab00000,0x000000113ac00000)]
  0x000001e3ea3cf000 JavaThread "jar transforms Thread 157" [_thread_blocked, id=6128, stack(0x000000113ac00000,0x000000113ad00000)]
  0x000001e3ea3ce000 JavaThread "jar transforms Thread 158" [_thread_blocked, id=5596, stack(0x000000113ad00000,0x000000113ae00000)]
  0x000001e3ea3d8800 JavaThread "jar transforms Thread 159" [_thread_blocked, id=6124, stack(0x000000113ae00000,0x000000113af00000)]
  0x000001e3ea3d6800 JavaThread "jar transforms Thread 160" [_thread_blocked, id=11620, stack(0x000000113af00000,0x000000113b000000)]
  0x000001e3ea3d4800 JavaThread "jar transforms Thread 161" [_thread_blocked, id=6868, stack(0x000000113b000000,0x000000113b100000)]
  0x000001e3ea3d9800 JavaThread "jar transforms Thread 162" [_thread_blocked, id=6192, stack(0x000000113b100000,0x000000113b200000)]
  0x000001e3ea3d7000 JavaThread "jar transforms Thread 163" [_thread_blocked, id=11776, stack(0x000000113b200000,0x000000113b300000)]
  0x000001e3ea3d8000 JavaThread "jar transforms Thread 164" [_thread_blocked, id=11484, stack(0x000000113b300000,0x000000113b400000)]
  0x000001e3ea3da800 JavaThread "jar transforms Thread 165" [_thread_blocked, id=3444, stack(0x000000113b400000,0x000000113b500000)]
  0x000001e3ea3db000 JavaThread "jar transforms Thread 166" [_thread_blocked, id=6560, stack(0x000000113b500000,0x000000113b600000)]
  0x000001e3ea3d5800 JavaThread "jar transforms Thread 167" [_thread_blocked, id=868, stack(0x000000113b600000,0x000000113b700000)]
  0x000001e3ea3dc000 JavaThread "jar transforms Thread 168" [_thread_blocked, id=6916, stack(0x000000113b700000,0x000000113b800000)]
  0x000001e3ef115000 JavaThread "jar transforms Thread 169" [_thread_blocked, id=6196, stack(0x000000113b800000,0x000000113b900000)]
  0x000001e3ef118000 JavaThread "jar transforms Thread 170" [_thread_blocked, id=10816, stack(0x000000113b900000,0x000000113ba00000)]
  0x000001e3ef113800 JavaThread "jar transforms Thread 171" [_thread_blocked, id=7812, stack(0x000000113ba00000,0x000000113bb00000)]
  0x000001e3ef117800 JavaThread "jar transforms Thread 172" [_thread_blocked, id=4180, stack(0x000000113bb00000,0x000000113bc00000)]
  0x000001e3ef112800 JavaThread "jar transforms Thread 173" [_thread_blocked, id=12096, stack(0x000000113bc00000,0x000000113bd00000)]
  0x000001e3ef114000 JavaThread "jar transforms Thread 174" [_thread_blocked, id=9724, stack(0x000000113bd00000,0x000000113be00000)]
  0x000001e3ef119000 JavaThread "jar transforms Thread 175" [_thread_blocked, id=1576, stack(0x000000113be00000,0x000000113bf00000)]
  0x000001e3ef115800 JavaThread "jar transforms Thread 176" [_thread_blocked, id=624, stack(0x000000113bf00000,0x000000113c000000)]
  0x000001e3ef11a000 JavaThread "jar transforms Thread 177" [_thread_blocked, id=9640, stack(0x000000113c000000,0x000000113c100000)]
  0x000001e3ef11a800 JavaThread "jar transforms Thread 178" [_thread_blocked, id=2680, stack(0x000000113c100000,0x000000113c200000)]
  0x000001e3ef11c000 JavaThread "jar transforms Thread 179" [_thread_blocked, id=11408, stack(0x000000113c200000,0x000000113c300000)]
  0x000001e3ef11b800 JavaThread "jar transforms Thread 180" [_thread_blocked, id=3420, stack(0x000000113c300000,0x000000113c400000)]
  0x000001e3ef116800 JavaThread "jar transforms Thread 181" [_thread_blocked, id=8676, stack(0x000000113c400000,0x000000113c500000)]
  0x000001e3ef11d000 JavaThread "jar transforms Thread 182" [_thread_blocked, id=1832, stack(0x000000113c500000,0x000000113c600000)]
  0x000001e3ef121000 JavaThread "jar transforms Thread 183" [_thread_blocked, id=600, stack(0x000000113c600000,0x000000113c700000)]
  0x000001e3ef11e800 JavaThread "jar transforms Thread 184" [_thread_blocked, id=4648, stack(0x000000113c700000,0x000000113c800000)]
  0x000001e3ef11e000 JavaThread "jar transforms Thread 185" [_thread_blocked, id=9140, stack(0x000000113c800000,0x000000113c900000)]
  0x000001e3ef11f800 JavaThread "jar transforms Thread 186" [_thread_blocked, id=1116, stack(0x000000113c900000,0x000000113ca00000)]
  0x000001e3ef120800 JavaThread "jar transforms Thread 187" [_thread_blocked, id=12076, stack(0x000000113ca00000,0x000000113cb00000)]
  0x000001e3e9dc3800 JavaThread "jar transforms Thread 188" [_thread_blocked, id=10740, stack(0x000000113cb00000,0x000000113cc00000)]
  0x000001e3e9dc0000 JavaThread "jar transforms Thread 189" [_thread_blocked, id=1752, stack(0x000000113cc00000,0x000000113cd00000)]
  0x000001e3e9dc4000 JavaThread "jar transforms Thread 190" [_thread_blocked, id=11148, stack(0x000000113cd00000,0x000000113ce00000)]
  0x000001e3e9dbf800 JavaThread "jar transforms Thread 191" [_thread_blocked, id=12072, stack(0x000000113ce00000,0x000000113cf00000)]
  0x000001e3e9dc5000 JavaThread "jar transforms Thread 192" [_thread_blocked, id=6480, stack(0x000000113cf00000,0x000000113d000000)]
  0x000001e3e9dc6800 JavaThread "jar transforms Thread 193" [_thread_blocked, id=6876, stack(0x000000113d000000,0x000000113d100000)]
  0x000001e3e9dc6000 JavaThread "jar transforms Thread 194" [_thread_blocked, id=7800, stack(0x000000113d100000,0x000000113d200000)]
  0x000001e3e9dc1000 JavaThread "jar transforms Thread 195" [_thread_blocked, id=8652, stack(0x000000113d200000,0x000000113d300000)]
  0x000001e3e9dc7800 JavaThread "jar transforms Thread 196" [_thread_blocked, id=5876, stack(0x000000113d300000,0x000000113d400000)]
  0x000001e3e9dc1800 JavaThread "jar transforms Thread 197" [_thread_blocked, id=5252, stack(0x000000113d400000,0x000000113d500000)]
  0x000001e3e9dc8000 JavaThread "jar transforms Thread 198" [_thread_blocked, id=8360, stack(0x000000113d500000,0x000000113d600000)]
  0x000001e3e9dc2800 JavaThread "build event listener" [_thread_blocked, id=10236, stack(0x000000113d600000,0x000000113d700000)]
  0x000001e3e9dce000 JavaThread "build event listener" [_thread_blocked, id=9380, stack(0x000000113d700000,0x000000113d800000)]
  0x000001e3e9dcd000 JavaThread "Execution worker for ':'" [_thread_blocked, id=10104, stack(0x000000113d900000,0x000000113da00000)]
  0x000001e3e9dcb800 JavaThread "Execution worker for ':' Thread 2" [_thread_blocked, id=2948, stack(0x000000113da00000,0x000000113db00000)]
  0x000001e3e9dc9000 JavaThread "Execution worker for ':' Thread 3" [_thread_blocked, id=1344, stack(0x000000113db00000,0x000000113dc00000)]
  0x000001e3e9dca000 JavaThread "Cache worker for execution history cache (C:\Users\hp\AndroidStudioProjects\myPharmacy\.gradle\6.7.1\executionHistory)" [_thread_blocked, id=3020, stack(0x000000113dc00000,0x000000113dd00000)]
  0x000001e3e9dca800 JavaThread "WorkerExecutor Queue" [_thread_in_vm, id=2324, stack(0x000000113dd00000,0x000000113de00000)]
=>0x000001e3e82e9800 JavaThread "C2 CompilerThread1" daemon [_thread_in_native, id=6644, stack(0x0000001136c00000,0x0000001136d00000)]
  0x000001e3e9dcc800 JavaThread "WorkerExecutor Queue Thread 2" [_thread_blocked, id=5144, stack(0x000000113de00000,0x000000113df00000)]
  0x000001e3eb430000 JavaThread "pool-8-thread-1" [_thread_new, id=10128, stack(0x0000000000000000,0x0000000000000000)]

Other Threads:
  0x000001e3e4e97800 VMThread "VM Thread" [stack: 0x0000001134c00000,0x0000001134d00000] [id=6672]
  0x000001e3e5984800 WatcherThread [stack: 0x0000001135600000,0x0000001135700000] [id=11544]
  0x000001e3cb43b800 GCTaskThread "GC Thread#0" [stack: 0x0000001134700000,0x0000001134800000] [id=10900]
  0x000001e3e5df3000 GCTaskThread "GC Thread#1" [stack: 0x0000001135800000,0x0000001135900000] [id=11992]
  0x000001e3e5ce2800 GCTaskThread "GC Thread#2" [stack: 0x0000001135900000,0x0000001135a00000] [id=12004]
  0x000001e3e5bb9800 GCTaskThread "GC Thread#3" [stack: 0x0000001136500000,0x0000001136600000] [id=2872]
  0x000001e3cb46c800 ConcurrentGCThread "G1 Main Marker" [stack: 0x0000001134800000,0x0000001134900000] [id=10868]
  0x000001e3cb46f000 ConcurrentGCThread "G1 Conc#0" [stack: 0x0000001134900000,0x0000001134a00000] [id=10820]
  0x000001e3e4ce4800 ConcurrentGCThread "G1 Refine#0" [stack: 0x0000001134a00000,0x0000001134b00000] [id=4716]
  0x000001e3cb4ed800 ConcurrentGCThread "G1 Young RemSet Sampling" [stack: 0x0000001134b00000,0x0000001134c00000] [id=12164]

Threads with active compile tasks:
C2 CompilerThread0 681690 14988       4       java.util.TimSort::sort (229 bytes)
C2 CompilerThread1 681691 14962       4       org.gradle.internal.instantiation.generator.AbstractClassGenerator$PropertyMetadata::hasAnnotation (40 bytes)

VM state:not at safepoint (normal execution)

VM Mutex/Monitor currently owned by a thread: None

Heap address: 0x0000000080000000, size: 2048 MB, Compressed Oops mode: 32-bit
Narrow klass base: 0x0000000000000000, Narrow klass shift: 3
Compressed class space size: 1073741824 Address: 0x0000000100000000

Heap:
 garbage-first heap   total 178176K, used 143834K [0x0000000080000000, 0x0000000100000000)
  region size 1024K, 12 young (12288K), 3 survivors (3072K)
 Metaspace       used 109408K, capacity 112162K, committed 112384K, reserved 1146880K
  class space    used 13960K, capacity 14982K, committed 15104K, reserved 1048576K
Heap Regions: E=young(eden), S=young(survivor), O=old, HS=humongous(starts), HC=humongous(continues), CS=collection set, F=free, A=archive, TAMS=top-at-mark-start (previous, next)
|   0|0x0000000080000000, 0x0000000080100000, 0x0000000080100000|100%| O|  |TAMS 0x0000000080100000, 0x0000000080000000| Untracked 
|   1|0x0000000080100000, 0x00000000801dbe00, 0x0000000080200000| 85%| O|  |TAMS 0x0000000080100000, 0x0000000080100000| Untracked 
|   2|0x0000000080200000, 0x0000000080300000, 0x0000000080300000|100%| O|  |TAMS 0x0000000080300000, 0x0000000080200000| Untracked 
|   3|0x0000000080300000, 0x0000000080400000, 0x0000000080400000|100%|HS|  |TAMS 0x0000000080400000, 0x0000000080300000| Complete 
|   4|0x0000000080400000, 0x0000000080500000, 0x0000000080500000|100%|HC|  |TAMS 0x0000000080500000, 0x0000000080400000| Complete 
|   5|0x0000000080500000, 0x0000000080600000, 0x0000000080600000|100%|HC|  |TAMS 0x0000000080600000, 0x0000000080500000| Complete 
|   6|0x0000000080600000, 0x0000000080700000, 0x0000000080700000|100%| O|  |TAMS 0x0000000080700000, 0x0000000080600000| Untracked 
|   7|0x0000000080700000, 0x0000000080800000, 0x0000000080800000|100%| O|  |TAMS 0x0000000080800000, 0x0000000080700000| Untracked 
|   8|0x0000000080800000, 0x0000000080900000, 0x0000000080900000|100%| O|  |TAMS 0x0000000080900000, 0x0000000080800000| Untracked 
|   9|0x0000000080900000, 0x0000000080a00000, 0x0000000080a00000|100%| O|  |TAMS 0x0000000080a00000, 0x0000000080900000| Untracked 
|  10|0x0000000080a00000, 0x0000000080b00000, 0x0000000080b00000|100%| O|  |TAMS 0x0000000080b00000, 0x0000000080a00000| Untracked 
|  11|0x0000000080b00000, 0x0000000080c00000, 0x0000000080c00000|100%| O|  |TAMS 0x0000000080c00000, 0x0000000080b00000| Untracked 
|  12|0x0000000080c00000, 0x0000000080d00000, 0x0000000080d00000|100%| O|  |TAMS 0x0000000080d00000, 0x0000000080c00000| Untracked 
|  13|0x0000000080d00000, 0x0000000080e00000, 0x0000000080e00000|100%| O|  |TAMS 0x0000000080e00000, 0x0000000080d00000| Untracked 
|  14|0x0000000080e00000, 0x0000000080f00000, 0x0000000080f00000|100%| O|  |TAMS 0x0000000080f00000, 0x0000000080e00000| Untracked 
|  15|0x0000000080f00000, 0x0000000081000000, 0x0000000081000000|100%| O|  |TAMS 0x0000000081000000, 0x0000000080f00000| Untracked 
|  16|0x0000000081000000, 0x0000000081100000, 0x0000000081100000|100%| O|  |TAMS 0x0000000081100000, 0x0000000081000000| Untracked 
|  17|0x0000000081100000, 0x0000000081200000, 0x0000000081200000|100%| O|  |TAMS 0x0000000081200000, 0x0000000081100000| Untracked 
|  18|0x0000000081200000, 0x0000000081300000, 0x0000000081300000|100%| O|  |TAMS 0x0000000081300000, 0x0000000081200000| Untracked 
|  19|0x0000000081300000, 0x0000000081400000, 0x0000000081400000|100%| O|  |TAMS 0x0000000081400000, 0x0000000081300000| Untracked 
|  20|0x0000000081400000, 0x0000000081500000, 0x0000000081500000|100%| O|  |TAMS 0x0000000081500000, 0x0000000081400000| Untracked 
|  21|0x0000000081500000, 0x0000000081600000, 0x0000000081600000|100%| O|  |TAMS 0x0000000081600000, 0x0000000081500000| Untracked 
|  22|0x0000000081600000, 0x0000000081700000, 0x0000000081700000|100%|HS|  |TAMS 0x0000000081700000, 0x0000000081600000| Complete 
|  23|0x0000000081700000, 0x0000000081800000, 0x0000000081800000|100%|HS|  |TAMS 0x0000000081800000, 0x0000000081700000| Complete 
|  24|0x0000000081800000, 0x0000000081900000, 0x0000000081900000|100%|HC|  |TAMS 0x0000000081900000, 0x0000000081800000| Complete 
|  25|0x0000000081900000, 0x0000000081a00000, 0x0000000081a00000|100%| O|  |TAMS 0x0000000081a00000, 0x0000000081900000| Untracked 
|  26|0x0000000081a00000, 0x0000000081b00000, 0x0000000081b00000|100%| O|  |TAMS 0x0000000081b00000, 0x0000000081a00000| Untracked 
|  27|0x0000000081b00000, 0x0000000081c00000, 0x0000000081c00000|100%| O|  |TAMS 0x0000000081c00000, 0x0000000081b00000| Untracked 
|  28|0x0000000081c00000, 0x0000000081d00000, 0x0000000081d00000|100%| O|  |TAMS 0x0000000081d00000, 0x0000000081c00000| Untracked 
|  29|0x0000000081d00000, 0x0000000081e00000, 0x0000000081e00000|100%| O|  |TAMS 0x0000000081e00000, 0x0000000081d00000| Untracked 
|  30|0x0000000081e00000, 0x0000000081f00000, 0x0000000081f00000|100%| O|  |TAMS 0x0000000081f00000, 0x0000000081e00000| Untracked 
|  31|0x0000000081f00000, 0x0000000082000000, 0x0000000082000000|100%| O|  |TAMS 0x0000000082000000, 0x0000000081f00000| Untracked 
|  32|0x0000000082000000, 0x0000000082100000, 0x0000000082100000|100%| O|  |TAMS 0x0000000082100000, 0x0000000082000000| Untracked 
|  33|0x0000000082100000, 0x0000000082200000, 0x0000000082200000|100%| O|  |TAMS 0x0000000082200000, 0x0000000082100000| Untracked 
|  34|0x0000000082200000, 0x0000000082300000, 0x0000000082300000|100%| O|  |TAMS 0x0000000082300000, 0x0000000082200000| Untracked 
|  35|0x0000000082300000, 0x0000000082400000, 0x0000000082400000|100%| O|  |TAMS 0x0000000082400000, 0x0000000082300000| Untracked 
|  36|0x0000000082400000, 0x0000000082500000, 0x0000000082500000|100%| O|  |TAMS 0x0000000082500000, 0x0000000082400000| Untracked 
|  37|0x0000000082500000, 0x0000000082600000, 0x0000000082600000|100%| O|  |TAMS 0x0000000082600000, 0x0000000082500000| Untracked 
|  38|0x0000000082600000, 0x0000000082700000, 0x0000000082700000|100%| O|  |TAMS 0x0000000082600000, 0x0000000082600000| Untracked 
|  39|0x0000000082700000, 0x0000000082800000, 0x0000000082800000|100%| O|  |TAMS 0x0000000082800000, 0x0000000082700000| Untracked 
|  40|0x0000000082800000, 0x0000000082900000, 0x0000000082900000|100%| O|  |TAMS 0x0000000082900000, 0x0000000082800000| Untracked 
|  41|0x0000000082900000, 0x0000000082a00000, 0x0000000082a00000|100%| O|  |TAMS 0x0000000082a00000, 0x0000000082900000| Untracked 
|  42|0x0000000082a00000, 0x0000000082b00000, 0x0000000082b00000|100%| O|  |TAMS 0x0000000082b00000, 0x0000000082a00000| Untracked 
|  43|0x0000000082b00000, 0x0000000082c00000, 0x0000000082c00000|100%| O|  |TAMS 0x0000000082c00000, 0x0000000082b00000| Untracked 
|  44|0x0000000082c00000, 0x0000000082d00000, 0x0000000082d00000|100%| O|  |TAMS 0x0000000082d00000, 0x0000000082c00000| Untracked 
|  45|0x0000000082d00000, 0x0000000082e00000, 0x0000000082e00000|100%| O|  |TAMS 0x0000000082e00000, 0x0000000082d00000| Untracked 
|  46|0x0000000082e00000, 0x0000000082f00000, 0x0000000082f00000|100%| O|  |TAMS 0x0000000082f00000, 0x0000000082e00000| Untracked 
|  47|0x0000000082f00000, 0x0000000083000000, 0x0000000083000000|100%| O|  |TAMS 0x0000000083000000, 0x0000000082f00000| Untracked 
|  48|0x0000000083000000, 0x0000000083100000, 0x0000000083100000|100%| O|  |TAMS 0x0000000083000000, 0x0000000083000000| Untracked 
|  49|0x0000000083100000, 0x0000000083200000, 0x0000000083200000|100%| O|  |TAMS 0x0000000083200000, 0x0000000083100000| Untracked 
|  50|0x0000000083200000, 0x0000000083300000, 0x0000000083300000|100%| O|  |TAMS 0x0000000083300000, 0x0000000083200000| Untracked 
|  51|0x0000000083300000, 0x0000000083400000, 0x0000000083400000|100%| O|  |TAMS 0x0000000083400000, 0x0000000083300000| Untracked 
|  52|0x0000000083400000, 0x0000000083500000, 0x0000000083500000|100%| O|  |TAMS 0x0000000083500000, 0x0000000083400000| Untracked 
|  53|0x0000000083500000, 0x0000000083500000, 0x0000000083600000|  0%| F|  |TAMS 0x0000000083500000, 0x0000000083500000| Untracked 
|  54|0x0000000083600000, 0x0000000083700000, 0x0000000083700000|100%| O|  |TAMS 0x0000000083700000, 0x0000000083600000| Untracked 
|  55|0x0000000083700000, 0x0000000083800000, 0x0000000083800000|100%| O|  |TAMS 0x0000000083800000, 0x0000000083700000| Untracked 
|  56|0x0000000083800000, 0x0000000083900000, 0x0000000083900000|100%| O|  |TAMS 0x0000000083900000, 0x0000000083800000| Untracked 
|  57|0x0000000083900000, 0x0000000083a00000, 0x0000000083a00000|100%| O|  |TAMS 0x0000000083a00000, 0x0000000083900000| Untracked 
|  58|0x0000000083a00000, 0x0000000083a00000, 0x0000000083b00000|  0%| F|  |TAMS 0x0000000083a00000, 0x0000000083a00000| Untracked 
|  59|0x0000000083b00000, 0x0000000083b00000, 0x0000000083c00000|  0%| F|  |TAMS 0x0000000083b00000, 0x0000000083b00000| Untracked 
|  60|0x0000000083c00000, 0x0000000083d00000, 0x0000000083d00000|100%| O|  |TAMS 0x0000000083d00000, 0x0000000083c00000| Untracked 
|  61|0x0000000083d00000, 0x0000000083e00000, 0x0000000083e00000|100%| O|  |TAMS 0x0000000083e00000, 0x0000000083d00000| Untracked 
|  62|0x0000000083e00000, 0x0000000083f00000, 0x0000000083f00000|100%| O|  |TAMS 0x0000000083f00000, 0x0000000083e00000| Untracked 
|  63|0x0000000083f00000, 0x0000000084000000, 0x0000000084000000|100%| O|  |TAMS 0x0000000084000000, 0x0000000083f00000| Untracked 
|  64|0x0000000084000000, 0x0000000084100000, 0x0000000084100000|100%| O|  |TAMS 0x0000000084100000, 0x0000000084000000| Untracked 
|  65|0x0000000084100000, 0x0000000084200000, 0x0000000084200000|100%| O|  |TAMS 0x0000000084200000, 0x0000000084100000| Untracked 
|  66|0x0000000084200000, 0x0000000084300000, 0x0000000084300000|100%| O|  |TAMS 0x0000000084300000, 0x0000000084200000| Untracked 
|  67|0x0000000084300000, 0x0000000084300000, 0x0000000084400000|  0%| F|  |TAMS 0x0000000084300000, 0x0000000084300000| Untracked 
|  68|0x0000000084400000, 0x0000000084500000, 0x0000000084500000|100%| O|  |TAMS 0x0000000084500000, 0x0000000084400000| Untracked 
|  69|0x0000000084500000, 0x0000000084600000, 0x0000000084600000|100%| O|  |TAMS 0x0000000084600000, 0x0000000084500000| Untracked 
|  70|0x0000000084600000, 0x0000000084600000, 0x0000000084700000|  0%| F|  |TAMS 0x0000000084600000, 0x0000000084600000| Untracked 
|  71|0x0000000084700000, 0x0000000084700000, 0x0000000084800000|  0%| F|  |TAMS 0x0000000084700000, 0x0000000084700000| Untracked 
|  72|0x0000000084800000, 0x0000000084900000, 0x0000000084900000|100%| O|  |TAMS 0x0000000084900000, 0x0000000084800000| Untracked 
|  73|0x0000000084900000, 0x0000000084a00000, 0x0000000084a00000|100%| O|  |TAMS 0x0000000084a00000, 0x0000000084900000| Untracked 
|  74|0x0000000084a00000, 0x0000000084a00000, 0x0000000084b00000|  0%| F|  |TAMS 0x0000000084a00000, 0x0000000084a00000| Untracked 
|  75|0x0000000084b00000, 0x0000000084c00000, 0x0000000084c00000|100%| O|  |TAMS 0x0000000084c00000, 0x0000000084b00000| Untracked 
|  76|0x0000000084c00000, 0x0000000084c00000, 0x0000000084d00000|  0%| F|  |TAMS 0x0000000084c00000, 0x0000000084c00000| Untracked 
|  77|0x0000000084d00000, 0x0000000084e00000, 0x0000000084e00000|100%| O|  |TAMS 0x0000000084e00000, 0x0000000084d00000| Untracked 
|  78|0x0000000084e00000, 0x0000000084f00000, 0x0000000084f00000|100%| O|  |TAMS 0x0000000084f00000, 0x0000000084e00000| Untracked 
|  79|0x0000000084f00000, 0x0000000085000000, 0x0000000085000000|100%| O|  |TAMS 0x0000000085000000, 0x0000000084f00000| Untracked 
|  80|0x0000000085000000, 0x0000000085100000, 0x0000000085100000|100%| O|  |TAMS 0x0000000085100000, 0x0000000085000000| Untracked 
|  81|0x0000000085100000, 0x0000000085200000, 0x0000000085200000|100%| O|  |TAMS 0x0000000085200000, 0x0000000085100000| Untracked 
|  82|0x0000000085200000, 0x0000000085300000, 0x0000000085300000|100%| O|  |TAMS 0x0000000085300000, 0x0000000085200000| Untracked 
|  83|0x0000000085300000, 0x0000000085400000, 0x0000000085400000|100%| O|  |TAMS 0x0000000085400000, 0x0000000085300000| Untracked 
|  84|0x0000000085400000, 0x0000000085500000, 0x0000000085500000|100%| O|  |TAMS 0x0000000085500000, 0x0000000085400000| Untracked 
|  85|0x0000000085500000, 0x0000000085600000, 0x0000000085600000|100%| O|  |TAMS 0x0000000085600000, 0x0000000085500000| Untracked 
|  86|0x0000000085600000, 0x0000000085700000, 0x0000000085700000|100%| O|  |TAMS 0x0000000085700000, 0x0000000085600000| Untracked 
|  87|0x0000000085700000, 0x0000000085800000, 0x0000000085800000|100%| O|  |TAMS 0x0000000085800000, 0x0000000085700000| Untracked 
|  88|0x0000000085800000, 0x0000000085900000, 0x0000000085900000|100%| O|  |TAMS 0x0000000085900000, 0x0000000085800000| Untracked 
|  89|0x0000000085900000, 0x0000000085a00000, 0x0000000085a00000|100%| O|  |TAMS 0x0000000085a00000, 0x0000000085900000| Untracked 
|  90|0x0000000085a00000, 0x0000000085b00000, 0x0000000085b00000|100%| O|  |TAMS 0x0000000085b00000, 0x0000000085a00000| Untracked 
|  91|0x0000000085b00000, 0x0000000085c00000, 0x0000000085c00000|100%| O|  |TAMS 0x0000000085c00000, 0x0000000085b00000| Untracked 
|  92|0x0000000085c00000, 0x0000000085d00000, 0x0000000085d00000|100%| O|  |TAMS 0x0000000085d00000, 0x0000000085c00000| Untracked 
|  93|0x0000000085d00000, 0x0000000085d00000, 0x0000000085e00000|  0%| F|  |TAMS 0x0000000085d00000, 0x0000000085d00000| Untracked 
|  94|0x0000000085e00000, 0x0000000085f00000, 0x0000000085f00000|100%| O|  |TAMS 0x0000000085f00000, 0x0000000085e00000| Untracked 
|  95|0x0000000085f00000, 0x0000000086000000, 0x0000000086000000|100%| O|  |TAMS 0x0000000086000000, 0x0000000085f00000| Untracked 
|  96|0x0000000086000000, 0x0000000086100000, 0x0000000086100000|100%| O|  |TAMS 0x0000000086100000, 0x0000000086000000| Untracked 
|  97|0x0000000086100000, 0x0000000086100000, 0x0000000086200000|  0%| F|  |TAMS 0x0000000086100000, 0x0000000086100000| Untracked 
|  98|0x0000000086200000, 0x0000000086200000, 0x0000000086300000|  0%| F|  |TAMS 0x0000000086200000, 0x0000000086200000| Untracked 
|  99|0x0000000086300000, 0x0000000086300000, 0x0000000086400000|  0%| F|  |TAMS 0x0000000086300000, 0x0000000086300000| Untracked 
| 100|0x0000000086400000, 0x0000000086500000, 0x0000000086500000|100%| O|  |TAMS 0x0000000086500000, 0x0000000086400000| Untracked 
| 101|0x0000000086500000, 0x0000000086500000, 0x0000000086600000|  0%| F|  |TAMS 0x0000000086500000, 0x0000000086500000| Untracked 
| 102|0x0000000086600000, 0x0000000086700000, 0x0000000086700000|100%| O|  |TAMS 0x0000000086700000, 0x0000000086600000| Untracked 
| 103|0x0000000086700000, 0x0000000086800000, 0x0000000086800000|100%| O|  |TAMS 0x0000000086800000, 0x0000000086700000| Untracked 
| 104|0x0000000086800000, 0x0000000086900000, 0x0000000086900000|100%| O|  |TAMS 0x0000000086900000, 0x0000000086800000| Untracked 
| 105|0x0000000086900000, 0x0000000086a00000, 0x0000000086a00000|100%| O|  |TAMS 0x0000000086a00000, 0x0000000086900000| Untracked 
| 106|0x0000000086a00000, 0x0000000086b00000, 0x0000000086b00000|100%| O|  |TAMS 0x0000000086b00000, 0x0000000086a00000| Untracked 
| 107|0x0000000086b00000, 0x0000000086c00000, 0x0000000086c00000|100%| O|  |TAMS 0x0000000086c00000, 0x0000000086b00000| Untracked 
| 108|0x0000000086c00000, 0x0000000086d00000, 0x0000000086d00000|100%| O|  |TAMS 0x0000000086d00000, 0x0000000086c00000| Untracked 
| 109|0x0000000086d00000, 0x0000000086e00000, 0x0000000086e00000|100%| O|  |TAMS 0x0000000086e00000, 0x0000000086d00000| Untracked 
| 110|0x0000000086e00000, 0x0000000086f00000, 0x0000000086f00000|100%| O|  |TAMS 0x0000000086f00000, 0x0000000086e00000| Untracked 
| 111|0x0000000086f00000, 0x0000000087000000, 0x0000000087000000|100%| O|  |TAMS 0x0000000087000000, 0x0000000086f00000| Untracked 
| 112|0x0000000087000000, 0x0000000087100000, 0x0000000087100000|100%| O|  |TAMS 0x0000000087100000, 0x0000000087000000| Untracked 
| 113|0x0000000087100000, 0x0000000087200000, 0x0000000087200000|100%| O|  |TAMS 0x0000000087200000, 0x0000000087100000| Untracked 
| 114|0x0000000087200000, 0x0000000087300000, 0x0000000087300000|100%| O|  |TAMS 0x0000000087300000, 0x0000000087200000| Untracked 
| 115|0x0000000087300000, 0x0000000087400000, 0x0000000087400000|100%| O|  |TAMS 0x0000000087400000, 0x0000000087300000| Untracked 
| 116|0x0000000087400000, 0x0000000087500000, 0x0000000087500000|100%| O|  |TAMS 0x0000000087500000, 0x0000000087400000| Untracked 
| 117|0x0000000087500000, 0x0000000087600000, 0x0000000087600000|100%| O|  |TAMS 0x0000000087600000, 0x0000000087500000| Untracked 
| 118|0x0000000087600000, 0x0000000087700000, 0x0000000087700000|100%| O|  |TAMS 0x0000000087700000, 0x0000000087600000| Untracked 
| 119|0x0000000087700000, 0x0000000087800000, 0x0000000087800000|100%| O|  |TAMS 0x0000000087800000, 0x0000000087700000| Untracked 
| 120|0x0000000087800000, 0x0000000087900000, 0x0000000087900000|100%| O|  |TAMS 0x0000000087900000, 0x0000000087800000| Untracked 
| 121|0x0000000087900000, 0x0000000087a00000, 0x0000000087a00000|100%| O|  |TAMS 0x0000000087a00000, 0x0000000087900000| Untracked 
| 122|0x0000000087a00000, 0x0000000087b00000, 0x0000000087b00000|100%| O|  |TAMS 0x0000000087b00000, 0x0000000087a00000| Untracked 
| 123|0x0000000087b00000, 0x0000000087c00000, 0x0000000087c00000|100%| O|  |TAMS 0x0000000087c00000, 0x0000000087b00000| Untracked 
| 124|0x0000000087c00000, 0x0000000087d00000, 0x0000000087d00000|100%| O|  |TAMS 0x0000000087c00000, 0x0000000087c00000| Untracked 
| 125|0x0000000087d00000, 0x0000000087e00000, 0x0000000087e00000|100%| O|  |TAMS 0x0000000087d00000, 0x0000000087d00000| Untracked 
| 126|0x0000000087e00000, 0x0000000087f00000, 0x0000000087f00000|100%| O|  |TAMS 0x0000000087e00000, 0x0000000087e00000| Untracked 
| 127|0x0000000087f00000, 0x0000000087f00000, 0x0000000088000000|  0%| F|  |TAMS 0x0000000087f00000, 0x0000000087f00000| Untracked 
| 128|0x0000000088000000, 0x0000000088100000, 0x0000000088100000|100%| O|  |TAMS 0x0000000088000000, 0x0000000088000000| Untracked 
| 129|0x0000000088100000, 0x0000000088200000, 0x0000000088200000|100%| O|  |TAMS 0x0000000088100000, 0x0000000088100000| Untracked 
| 130|0x0000000088200000, 0x0000000088300000, 0x0000000088300000|100%| O|  |TAMS 0x0000000088200000, 0x0000000088200000| Untracked 
| 131|0x0000000088300000, 0x0000000088400000, 0x0000000088400000|100%| O|  |TAMS 0x0000000088300000, 0x0000000088300000| Untracked 
| 132|0x0000000088400000, 0x0000000088500000, 0x0000000088500000|100%| O|  |TAMS 0x0000000088400000, 0x0000000088400000| Untracked 
| 133|0x0000000088500000, 0x0000000088600000, 0x0000000088600000|100%| O|  |TAMS 0x0000000088500000, 0x0000000088500000| Untracked 
| 134|0x0000000088600000, 0x0000000088700000, 0x0000000088700000|100%| O|  |TAMS 0x0000000088600000, 0x0000000088600000| Untracked 
| 135|0x0000000088700000, 0x0000000088800000, 0x0000000088800000|100%| O|  |TAMS 0x0000000088700000, 0x0000000088700000| Untracked 
| 136|0x0000000088800000, 0x0000000088900000, 0x0000000088900000|100%| O|  |TAMS 0x0000000088800000, 0x0000000088800000| Untracked 
| 137|0x0000000088900000, 0x0000000088a00000, 0x0000000088a00000|100%| O|  |TAMS 0x0000000088900000, 0x0000000088900000| Untracked 
| 138|0x0000000088a00000, 0x0000000088b00000, 0x0000000088b00000|100%| O|  |TAMS 0x0000000088a00000, 0x0000000088a00000| Untracked 
| 139|0x0000000088b00000, 0x0000000088c00000, 0x0000000088c00000|100%| O|  |TAMS 0x0000000088b00000, 0x0000000088b00000| Untracked 
| 140|0x0000000088c00000, 0x0000000088d00000, 0x0000000088d00000|100%| O|  |TAMS 0x0000000088c00000, 0x0000000088c00000| Untracked 
| 141|0x0000000088d00000, 0x0000000088e00000, 0x0000000088e00000|100%| O|  |TAMS 0x0000000088d00000, 0x0000000088d00000| Untracked 
| 142|0x0000000088e00000, 0x0000000088f00000, 0x0000000088f00000|100%| O|  |TAMS 0x0000000088e00000, 0x0000000088e00000| Untracked 
| 143|0x0000000088f00000, 0x0000000089000000, 0x0000000089000000|100%| O|  |TAMS 0x0000000088f00000, 0x0000000088f00000| Untracked 
| 144|0x0000000089000000, 0x0000000089100000, 0x0000000089100000|100%| O|  |TAMS 0x0000000089000000, 0x0000000089000000| Untracked 
| 145|0x0000000089100000, 0x0000000089100000, 0x0000000089200000|  0%| F|  |TAMS 0x0000000089100000, 0x0000000089100000| Untracked 
| 146|0x0000000089200000, 0x0000000089200000, 0x0000000089300000|  0%| F|  |TAMS 0x0000000089200000, 0x0000000089200000| Untracked 
| 147|0x0000000089300000, 0x0000000089300000, 0x0000000089400000|  0%| F|  |TAMS 0x0000000089300000, 0x0000000089300000| Untracked 
| 148|0x0000000089400000, 0x0000000089400000, 0x0000000089500000|  0%| F|  |TAMS 0x0000000089400000, 0x0000000089400000| Untracked 
| 149|0x0000000089500000, 0x0000000089500000, 0x0000000089600000|  0%| F|  |TAMS 0x0000000089500000, 0x0000000089500000| Untracked 
| 150|0x0000000089600000, 0x0000000089600000, 0x0000000089700000|  0%| F|  |TAMS 0x0000000089600000, 0x0000000089600000| Untracked 
| 151|0x0000000089700000, 0x0000000089700000, 0x0000000089800000|  0%| F|  |TAMS 0x0000000089700000, 0x0000000089700000| Untracked 
| 152|0x0000000089800000, 0x000000008989ac00, 0x0000000089900000| 60%| S|CS|TAMS 0x0000000089800000, 0x0000000089800000| Complete 
| 153|0x0000000089900000, 0x0000000089a00000, 0x0000000089a00000|100%| S|CS|TAMS 0x0000000089900000, 0x0000000089900000| Complete 
| 154|0x0000000089a00000, 0x0000000089a00000, 0x0000000089b00000|  0%| F|  |TAMS 0x0000000089a00000, 0x0000000089a00000| Untracked 
| 155|0x0000000089b00000, 0x0000000089c00000, 0x0000000089c00000|100%| S|CS|TAMS 0x0000000089b00000, 0x0000000089b00000| Complete 
| 156|0x0000000089c00000, 0x0000000089c00000, 0x0000000089d00000|  0%| F|  |TAMS 0x0000000089c00000, 0x0000000089c00000| Untracked 
| 157|0x0000000089d00000, 0x0000000089d00000, 0x0000000089e00000|  0%| F|  |TAMS 0x0000000089d00000, 0x0000000089d00000| Untracked 
| 158|0x0000000089e00000, 0x0000000089e00000, 0x0000000089f00000|  0%| F|  |TAMS 0x0000000089e00000, 0x0000000089e00000| Untracked 
| 159|0x0000000089f00000, 0x0000000089f00000, 0x000000008a000000|  0%| F|  |TAMS 0x0000000089f00000, 0x0000000089f00000| Untracked 
| 160|0x000000008a000000, 0x000000008a000000, 0x000000008a100000|  0%| F|  |TAMS 0x000000008a000000, 0x000000008a000000| Untracked 
| 161|0x000000008a100000, 0x000000008a100000, 0x000000008a200000|  0%| F|  |TAMS 0x000000008a100000, 0x000000008a100000| Untracked 
| 162|0x000000008a200000, 0x000000008a200000, 0x000000008a300000|  0%| F|  |TAMS 0x000000008a200000, 0x000000008a200000| Untracked 
| 163|0x000000008a300000, 0x000000008a300000, 0x000000008a400000|  0%| F|  |TAMS 0x000000008a300000, 0x000000008a300000| Untracked 
| 164|0x000000008a400000, 0x000000008a45cc40, 0x000000008a500000| 36%| E|  |TAMS 0x000000008a400000, 0x000000008a400000| Complete 
| 165|0x000000008a500000, 0x000000008a600000, 0x000000008a600000|100%| E|CS|TAMS 0x000000008a500000, 0x000000008a500000| Complete 
| 166|0x000000008a600000, 0x000000008a700000, 0x000000008a700000|100%| E|CS|TAMS 0x000000008a600000, 0x000000008a600000| Complete 
| 167|0x000000008a700000, 0x000000008a800000, 0x000000008a800000|100%| E|CS|TAMS 0x000000008a700000, 0x000000008a700000| Complete 
| 168|0x000000008a800000, 0x000000008a900000, 0x000000008a900000|100%| E|  |TAMS 0x000000008a800000, 0x000000008a800000| Complete 
| 169|0x000000008a900000, 0x000000008aa00000, 0x000000008aa00000|100%| E|CS|TAMS 0x000000008a900000, 0x000000008a900000| Complete 
| 170|0x000000008aa00000, 0x000000008ab00000, 0x000000008ab00000|100%| E|CS|TAMS 0x000000008aa00000, 0x000000008aa00000| Complete 
| 171|0x000000008ab00000, 0x000000008ac00000, 0x000000008ac00000|100%| E|CS|TAMS 0x000000008ab00000, 0x000000008ab00000| Complete 
| 172|0x000000008ac00000, 0x000000008ad00000, 0x000000008ad00000|100%| E|CS|TAMS 0x000000008ac00000, 0x000000008ac00000| Complete 
| 173|0x000000008ad00000, 0x000000008ae00000, 0x000000008ae00000|100%| E|CS|TAMS 0x000000008ad00000, 0x000000008ad00000| Complete 

Card table byte_map: [0x000001e3de190000,0x000001e3de590000] _byte_map_base: 0x000001e3ddd90000

Marking Bits (Prev, Next): (CMBitMap*) 0x000001e3cb463cd8, (CMBitMap*) 0x000001e3cb463d10
 Prev Bits: [0x000001e3de990000, 0x000001e3e0990000)
 Next Bits: [0x000001e3e0990000, 0x000001e3e2990000)

Polling page: 0x000001e3c93a0000

Metaspace:

Usage:
  Non-class:     94.90 MB capacity,    93.21 MB ( 98%) used,     1.39 MB (  1%) free+waste,   312.25 KB ( <1%) overhead. 
      Class:     14.63 MB capacity,    13.63 MB ( 93%) used,   879.96 KB (  6%) free+waste,   141.19 KB ( <1%) overhead. 
       Both:    109.53 MB capacity,   106.84 MB ( 98%) used,     2.25 MB (  2%) free+waste,   453.44 KB ( <1%) overhead. 

Virtual space:
  Non-class space:       96.00 MB reserved,      95.00 MB ( 99%) committed 
      Class space:        1.00 GB reserved,      14.75 MB (  1%) committed 
             Both:        1.09 GB reserved,     109.75 MB ( 10%) committed 

Chunk freelists:
   Non-Class:  36.00 KB
       Class:  26.00 KB
        Both:  62.00 KB

MaxMetaspaceSize: 17179869184.00 GB
CompressedClassSpaceSize: 1.00 GB

CodeHeap 'non-profiled nmethods': size=120064Kb used=9925Kb max_used=11024Kb free=110138Kb
 bounds [0x000001e3d6850000, 0x000001e3d7320000, 0x000001e3ddd90000]
CodeHeap 'profiled nmethods': size=120000Kb used=26058Kb max_used=31502Kb free=93941Kb
 bounds [0x000001e3cf320000, 0x000001e3d11f0000, 0x000001e3d6850000]
CodeHeap 'non-nmethods': size=5696Kb used=2315Kb max_used=2370Kb free=3381Kb
 bounds [0x000001e3ced90000, 0x000001e3cf000000, 0x000001e3cf320000]
 total_blobs=13733 nmethods=12810 adapters=833
 compilation: enabled
              stopped_count=0, restarted_count=0
 full_count=0

Compilation events (20 events):
Event: 681.480 Thread 0x000001e3e581b800 14974       1       org.gradle.internal.build.event.types.AbstractProgressEvent::getEventTime (5 bytes)
Event: 681.480 Thread 0x000001e3e581b800 nmethod 14974 0x000001e3d6931390 code [0x000001e3d6931540, 0x000001e3d69315f8]
Event: 681.484 Thread 0x000001e3e82e9800 nmethod 14963 0x000001e3d6955390 code [0x000001e3d6955540, 0x000001e3d6955c98]
Event: 681.484 Thread 0x000001e3e82e9800 14962       4       org.gradle.internal.instantiation.generator.AbstractClassGenerator$PropertyMetadata::hasAnnotation (40 bytes)
Event: 681.490 Thread 0x000001e3e581b800 14975       3       java.util.TimSort::gallopLeft (335 bytes)
Event: 681.491 Thread 0x000001e3e581b800 nmethod 14975 0x000001e3cf426590 code [0x000001e3cf4267e0, 0x000001e3cf4272b8]
Event: 681.530 Thread 0x000001e3e581b800 14982       3       com.esotericsoftware.kryo.io.Output::writeVarLong (1304 bytes)
Event: 681.532 Thread 0x000001e3e581b800 nmethod 14982 0x000001e3cf432510 code [0x000001e3cf4327e0, 0x000001e3cf4339a8]
Event: 681.534 Thread 0x000001e3e5814000 nmethod 14944 0x000001e3d6a70c90 code [0x000001e3d6a70f60, 0x000001e3d6a73c80]
Event: 681.534 Thread 0x000001e3e5814000 14976   !   4       org.gradle.internal.action.InstantiatingAction::execute (154 bytes)
Event: 681.561 Thread 0x000001e3e581b800 14983       3       com.google.common.collect.ObjectArrays::checkElementNotNull (33 bytes)
Event: 681.562 Thread 0x000001e3e581b800 nmethod 14983 0x000001e3cf421e10 code [0x000001e3cf422080, 0x000001e3cf4228d8]
Event: 681.595 Thread 0x000001e3e581b800 14984       3       com.google.common.collect.ImmutableList$Builder::getReadyToExpandTo (66 bytes)
Event: 681.595 Thread 0x000001e3e581b800 nmethod 14984 0x000001e3cf3f4010 code [0x000001e3cf3f4200, 0x000001e3cf3f4628]
Event: 681.596 Thread 0x000001e3e581b800 14985       3       com.google.common.collect.ImmutableList$Builder::add (34 bytes)
Event: 681.597 Thread 0x000001e3e581b800 nmethod 14985 0x000001e3cf419910 code [0x000001e3cf419b00, 0x000001e3cf419f38]
Event: 681.601 Thread 0x000001e3e581b800 14986       3       org.gradle.api.internal.file.IdentityFileResolver::doResolve (61 bytes)
Event: 681.603 Thread 0x000001e3e581b800 nmethod 14986 0x000001e3cf430310 code [0x000001e3cf4306a0, 0x000001e3cf431d78]
Event: 681.603 Thread 0x000001e3e581b800 14987       3       com.google.common.collect.ImmutableSet$RegularSetBuilderImpl::add (122 bytes)
Event: 681.604 Thread 0x000001e3e581b800 nmethod 14987 0x000001e3cf44be90 code [0x000001e3cf44c120, 0x000001e3cf44cda8]

GC Heap History (20 events):
Event: 677.459 GC heap before
{Heap before GC invocations=50 (full 0):
 garbage-first heap   total 167936K, used 141845K [0x0000000080000000, 0x0000000100000000)
  region size 1024K, 11 young (11264K), 2 survivors (2048K)
 Metaspace       used 107453K, capacity 110082K, committed 110336K, reserved 1144832K
  class space    used 13781K, capacity 14746K, committed 14848K, reserved 1048576K
}
Event: 677.469 GC heap after
{Heap after GC invocations=51 (full 0):
 garbage-first heap   total 167936K, used 136178K [0x0000000080000000, 0x0000000100000000)
  region size 1024K, 2 young (2048K), 2 survivors (2048K)
 Metaspace       used 107453K, capacity 110082K, committed 110336K, reserved 1144832K
  class space    used 13781K, capacity 14746K, committed 14848K, reserved 1048576K
}
Event: 677.613 GC heap before
{Heap before GC invocations=51 (full 0):
 garbage-first heap   total 167936K, used 141298K [0x0000000080000000, 0x0000000100000000)
  region size 1024K, 8 young (8192K), 2 survivors (2048K)
 Metaspace       used 107465K, capacity 110146K, committed 110336K, reserved 1144832K
  class space    used 13781K, capacity 14746K, committed 14848K, reserved 1048576K
}
Event: 677.643 GC heap after
{Heap after GC invocations=52 (full 0):
 garbage-first heap   total 167936K, used 132008K [0x0000000080000000, 0x0000000100000000)
  region size 1024K, 1 young (1024K), 1 survivors (1024K)
 Metaspace       used 107465K, capacity 110146K, committed 110336K, reserved 1144832K
  class space    used 13781K, capacity 14746K, committed 14848K, reserved 1048576K
}
Event: 678.034 GC heap before
{Heap before GC invocations=52 (full 0):
 garbage-first heap   total 178176K, used 167848K [0x0000000080000000, 0x0000000100000000)
  region size 1024K, 8 young (8192K), 1 survivors (1024K)
 Metaspace       used 107871K, capacity 110631K, committed 110848K, reserved 1144832K
  class space    used 13817K, capacity 14817K, committed 14848K, reserved 1048576K
}
Event: 678.043 GC heap after
{Heap after GC invocations=53 (full 0):
 garbage-first heap   total 178176K, used 133595K [0x0000000080000000, 0x0000000100000000)
  region size 1024K, 1 young (1024K), 1 survivors (1024K)
 Metaspace       used 107871K, capacity 110631K, committed 110848K, reserved 1144832K
  class space    used 13817K, capacity 14817K, committed 14848K, reserved 1048576K
}
Event: 678.528 GC heap before
{Heap before GC invocations=53 (full 0):
 garbage-first heap   total 178176K, used 144859K [0x0000000080000000, 0x0000000100000000)
  region size 1024K, 13 young (13312K), 1 survivors (1024K)
 Metaspace       used 108811K, capacity 111626K, committed 111744K, reserved 1146880K
  class space    used 13897K, capacity 14914K, committed 14976K, reserved 1048576K
}
Event: 678.532 GC heap after
{Heap after GC invocations=54 (full 0):
 garbage-first heap   total 178176K, used 133924K [0x0000000080000000, 0x0000000100000000)
  region size 1024K, 1 young (1024K), 1 survivors (1024K)
 Metaspace       used 108811K, capacity 111626K, committed 111744K, reserved 1146880K
  class space    used 13897K, capacity 14914K, committed 14976K, reserved 1048576K
}
Event: 679.064 GC heap before
{Heap before GC invocations=54 (full 0):
 garbage-first heap   total 178176K, used 149284K [0x0000000080000000, 0x0000000100000000)
  region size 1024K, 14 young (14336K), 1 survivors (1024K)
 Metaspace       used 108968K, capacity 111693K, committed 112000K, reserved 1146880K
  class space    used 13921K, capacity 14915K, committed 14976K, reserved 1048576K
}
Event: 679.068 GC heap after
{Heap after GC invocations=55 (full 0):
 garbage-first heap   total 178176K, used 134280K [0x0000000080000000, 0x0000000100000000)
  region size 1024K, 2 young (2048K), 2 survivors (2048K)
 Metaspace       used 108968K, capacity 111693K, committed 112000K, reserved 1146880K
  class space    used 13921K, capacity 14915K, committed 14976K, reserved 1048576K
}
Event: 679.399 GC heap before
{Heap before GC invocations=55 (full 0):
 garbage-first heap   total 178176K, used 147592K [0x0000000080000000, 0x0000000100000000)
  region size 1024K, 16 young (16384K), 2 survivors (2048K)
 Metaspace       used 108968K, capacity 111693K, committed 112000K, reserved 1146880K
  class space    used 13921K, capacity 14915K, committed 14976K, reserved 1048576K
}
Event: 679.403 GC heap after
{Heap after GC invocations=56 (full 0):
 garbage-first heap   total 178176K, used 134522K [0x0000000080000000, 0x0000000100000000)
  region size 1024K, 2 young (2048K), 2 survivors (2048K)
 Metaspace       used 108968K, capacity 111693K, committed 112000K, reserved 1146880K
  class space    used 13921K, capacity 14915K, committed 14976K, reserved 1048576K
}
Event: 679.860 GC heap before
{Heap before GC invocations=56 (full 0):
 garbage-first heap   total 178176K, used 147834K [0x0000000080000000, 0x0000000100000000)
  region size 1024K, 16 young (16384K), 2 survivors (2048K)
 Metaspace       used 108974K, capacity 111693K, committed 112000K, reserved 1146880K
  class space    used 13921K, capacity 14915K, committed 14976K, reserved 1048576K
}
Event: 679.863 GC heap after
{Heap after GC invocations=57 (full 0):
 garbage-first heap   total 178176K, used 134786K [0x0000000080000000, 0x0000000100000000)
  region size 1024K, 2 young (2048K), 2 survivors (2048K)
 Metaspace       used 108974K, capacity 111693K, committed 112000K, reserved 1146880K
  class space    used 13921K, capacity 14915K, committed 14976K, reserved 1048576K
}
Event: 680.709 GC heap before
{Heap before GC invocations=57 (full 0):
 garbage-first heap   total 178176K, used 149122K [0x0000000080000000, 0x0000000100000000)
  region size 1024K, 17 young (17408K), 2 survivors (2048K)
 Metaspace       used 108974K, capacity 111693K, committed 112000K, reserved 1146880K
  class space    used 13921K, capacity 14915K, committed 14976K, reserved 1048576K
}
Event: 680.713 GC heap after
{Heap after GC invocations=58 (full 0):
 garbage-first heap   total 178176K, used 134864K [0x0000000080000000, 0x0000000100000000)
  region size 1024K, 2 young (2048K), 2 survivors (2048K)
 Metaspace       used 108974K, capacity 111693K, committed 112000K, reserved 1146880K
  class space    used 13921K, capacity 14915K, committed 14976K, reserved 1048576K
}
Event: 681.072 GC heap before
{Heap before GC invocations=58 (full 0):
 garbage-first heap   total 178176K, used 151248K [0x0000000080000000, 0x0000000100000000)
  region size 1024K, 18 young (18432K), 2 survivors (2048K)
 Metaspace       used 108974K, capacity 111693K, committed 112000K, reserved 1146880K
  class space    used 13921K, capacity 14915K, committed 14976K, reserved 1048576K
}
Event: 681.076 GC heap after
{Heap after GC invocations=59 (full 0):
 garbage-first heap   total 178176K, used 135344K [0x0000000080000000, 0x0000000100000000)
  region size 1024K, 2 young (2048K), 2 survivors (2048K)
 Metaspace       used 108974K, capacity 111693K, committed 112000K, reserved 1146880K
  class space    used 13921K, capacity 14915K, committed 14976K, reserved 1048576K
}
Event: 681.499 GC heap before
{Heap before GC invocations=59 (full 0):
 garbage-first heap   total 178176K, used 151728K [0x0000000080000000, 0x0000000100000000)
  region size 1024K, 19 young (19456K), 2 survivors (2048K)
 Metaspace       used 109160K, capacity 111938K, committed 112000K, reserved 1146880K
  class space    used 13930K, capacity 14950K, committed 14976K, reserved 1048576K
}
Event: 681.503 GC heap after
{Heap after GC invocations=60 (full 0):
 garbage-first heap   total 178176K, used 136666K [0x0000000080000000, 0x0000000100000000)
  region size 1024K, 3 young (3072K), 3 survivors (3072K)
 Metaspace       used 109160K, capacity 111938K, committed 112000K, reserved 1146880K
  class space    used 13930K, capacity 14950K, committed 14976K, reserved 1048576K
}

Deoptimization events (20 events):
Event: 681.292 Thread 0x000001e3e9dcb800 DEOPT PACKING pc=0x000001e3d71ccecc sp=0x000000113dafae70
Event: 681.292 Thread 0x000001e3e9dcb800 DEOPT UNPACKING pc=0x000001e3cedb74af sp=0x000000113dafaed8 mode 2
Event: 681.294 Thread 0x000001e3e9dcb800 Uncommon trap: trap_request=0xffffffbe fr.pc=0x000001e3d71ccecc relative=0x0000000000002d2c
Event: 681.294 Thread 0x000001e3e9dcb800 Uncommon trap: reason=profile_predicate action=maybe_recompile pc=0x000001e3d71ccecc method=org.gradle.internal.action.InstantiatingAction.execute(Ljava/lang/Object;)V @ 27 c2
Event: 681.294 Thread 0x000001e3e9dcb800 DEOPT PACKING pc=0x000001e3d71ccecc sp=0x000000113dafacd0
Event: 681.294 Thread 0x000001e3e9dcb800 DEOPT UNPACKING pc=0x000001e3cedb74af sp=0x000000113dafad38 mode 2
Event: 681.295 Thread 0x000001e3e9dcb800 Uncommon trap: trap_request=0xffffffbe fr.pc=0x000001e3d71ccecc relative=0x0000000000002d2c
Event: 681.295 Thread 0x000001e3e9dcb800 Uncommon trap: reason=profile_predicate action=maybe_recompile pc=0x000001e3d71ccecc method=org.gradle.internal.action.InstantiatingAction.execute(Ljava/lang/Object;)V @ 27 c2
Event: 681.295 Thread 0x000001e3e9dcb800 DEOPT PACKING pc=0x000001e3d71ccecc sp=0x000000113dafacd0
Event: 681.295 Thread 0x000001e3e9dcb800 DEOPT UNPACKING pc=0x000001e3cedb74af sp=0x000000113dafad38 mode 2
Event: 681.444 Thread 0x000001e3e9dcb800 Uncommon trap: trap_request=0xffffffd6 fr.pc=0x000001e3d708a1dc relative=0x000000000000185c
Event: 681.444 Thread 0x000001e3e9dcb800 Uncommon trap: reason=array_check action=maybe_recompile pc=0x000001e3d708a1dc method=java.util.TimSort.reverseRange([Ljava/lang/Object;II)V @ 27 c2
Event: 681.444 Thread 0x000001e3e9dcb800 DEOPT PACKING pc=0x000001e3d708a1dc sp=0x000000113daf89f0
Event: 681.444 Thread 0x000001e3e9dcb800 DEOPT UNPACKING pc=0x000001e3cedb74af sp=0x000000113daf88b8 mode 2
Event: 681.454 Thread 0x000001e3e9dca800 DEOPT PACKING pc=0x000001e3cfd7ca27 sp=0x000000113ddfdd10
Event: 681.454 Thread 0x000001e3e9dca800 DEOPT UNPACKING pc=0x000001e3cedb72ce sp=0x000000113ddfd1a0 mode 0
Event: 681.516 Thread 0x000001e3eb489000 Uncommon trap: trap_request=0xffffff4d fr.pc=0x000001e3d6d1843c relative=0x000000000000075c
Event: 681.516 Thread 0x000001e3eb489000 Uncommon trap: reason=unstable_if action=reinterpret pc=0x000001e3d6d1843c method=com.esotericsoftware.kryo.io.Output.writeVarLong(JZ)I @ 55 c2
Event: 681.516 Thread 0x000001e3eb489000 DEOPT PACKING pc=0x000001e3d6d1843c sp=0x00000011360fee00
Event: 681.516 Thread 0x000001e3eb489000 DEOPT UNPACKING pc=0x000001e3cedb74af sp=0x00000011360fedd0 mode 2

Classes redefined (0 events):
No events

Internal exceptions (20 events):
Event: 39.184 Thread 0x000001e3eb43b800 Exception <a 'sun/nio/fs/WindowsException'{0x0000000089585938}> (0x0000000089585938) thrown at [./src/hotspot/share/prims/jni.cpp, line 615]
Event: 40.295 Thread 0x000001e3eb436000 Exception <a 'java/lang/NoSuchMethodError'{0x00000000896850b8}: <clinit>> (0x00000000896850b8) thrown at [./src/hotspot/share/prims/jni.cpp, line 1362]
Event: 40.386 Thread 0x000001e3eb437800 Exception <a 'sun/nio/fs/WindowsException'{0x0000000089340f10}> (0x0000000089340f10) thrown at [./src/hotspot/share/prims/jni.cpp, line 615]
Event: 40.393 Thread 0x000001e3eb437800 Implicit null exception at 0x000001e3d6968390 to 0x000001e3d696bca8
Event: 40.519 Thread 0x000001e3eb437800 Exception <a 'java/lang/NoSuchMethodError'{0x0000000088fee3a8}: 'java.lang.Object java.lang.invoke.Invokers$Holder.linkToTargetMethod(java.lang.Object, java.lang.Object, java.lang.Object, java.lang.Object, int, java.lang.Object, java.lang.Object)'> (0x0000000088fee3a8) thrown at [./src/hotspot/share/interpreter/linkResolver.cpp, line 773]
Event: 40.597 Thread 0x000001e3eb437800 Exception <a 'java/lang/NoSuchMethodError'{0x0000000088be5980}: 'java.lang.Object java.lang.invoke.DirectMethodHandle$Holder.invokeStatic(java.lang.Object, java.lang.Object, java.lang.Object, java.lang.Object, java.lang.Object, java.lang.Object, java.lang.Object, int)'> (0x0000000088be5980) thrown at [./src/hotspot/share/interpreter/linkResolver.cpp, line 773]
Event: 40.605 Thread 0x000001e3eb437800 Exception <a 'java/lang/NoSuchMethodError'{0x0000000088be9ff8}: 'java.lang.Object java.lang.invoke.DirectMethodHandle$Holder.invokeSpecial(java.lang.Object, java.lang.Object, java.lang.Object, java.lang.Object, java.lang.Object, java.lang.Object, java.lang.Object, java.lang.Object, int)'> (0x0000000088be9ff8) thrown at [./src/hotspot/share/interpreter/linkResolver.cpp, line 773]
Event: 40.607 Thread 0x000001e3eb437800 Exception <a 'java/lang/NoSuchMethodError'{0x0000000088beddb0}: 'java.lang.Object java.lang.invoke.Invokers$Holder.linkToTargetMethod(java.lang.Object, java.lang.Object, java.lang.Object, java.lang.Object, java.lang.Object, java.lang.Object, int, java.lang.Object)'> (0x0000000088beddb0) thrown at [./src/hotspot/share/interpreter/linkResolver.cpp, line 773]
Event: 41.300 Thread 0x000001e3eb437800 Implicit null exception at 0x000001e3d70f546a to 0x000001e3d70f5baf
Event: 41.332 Thread 0x000001e3eb437800 Exception <a 'java/lang/NoSuchMethodError'{0x000000008a285cd8}: 'java.lang.Object java.lang.invoke.DirectMethodHandle$Holder.invokeVirtual(java.lang.Object, java.lang.Object, int)'> (0x000000008a285cd8) thrown at [./src/hotspot/share/interpreter/linkResolver.cpp, line 773]
Event: 41.662 Thread 0x000001e3e712b800 Exception <a 'java/lang/NoSuchMethodError'{0x0000000089d61408}: 'java.lang.Object java.lang.invoke.DirectMethodHandle$Holder.invokeSpecial(java.lang.Object, java.lang.Object, java.lang.Object, int, int, java.lang.Object, java.lang.Object)'> (0x0000000089d61408) thrown at [./src/hotspot/share/interpreter/linkResolver.cpp, line 773]
Event: 41.663 Thread 0x000001e3e712b800 Exception <a 'java/lang/NoSuchMethodError'{0x0000000089d6aa90}: 'java.lang.Object java.lang.invoke.DirectMethodHandle$Holder.invokeStatic(java.lang.Object, java.lang.Object, java.lang.Object, int, int, java.lang.Object)'> (0x0000000089d6aa90) thrown at [./src/hotspot/share/interpreter/linkResolver.cpp, line 773]
Event: 41.663 Thread 0x000001e3e712b800 Exception <a 'java/lang/NoSuchMethodError'{0x0000000089d6ea08}: 'java.lang.Object java.lang.invoke.DirectMethodHandle$Holder.invokeSpecial(java.lang.Object, java.lang.Object, java.lang.Object, java.lang.Object, int, int, java.lang.Object)'> (0x0000000089d6ea08) thrown at [./src/hotspot/share/interpreter/linkResolver.cpp, line 773]
Event: 41.663 Thread 0x000001e3e712b800 Exception <a 'java/lang/NoSuchMethodError'{0x0000000089d72178}: 'java.lang.Object java.lang.invoke.Invokers$Holder.linkToTargetMethod(java.lang.Object, java.lang.Object, int, int, java.lang.Object, java.lang.Object)'> (0x0000000089d72178) thrown at [./src/hotspot/share/interpreter/linkResolver.cpp, line 773]
Event: 41.668 Thread 0x000001e3e712b800 Implicit null exception at 0x000001e3d6da9d2f to 0x000001e3d6da9d7c
Event: 671.961 Thread 0x000001e3eb48c000 Implicit null exception at 0x000001e3d6d88929 to 0x000001e3d6d88bc4
Event: 671.961 Thread 0x000001e3eb48c000 Implicit null exception at 0x000001e3d6cfd13f to 0x000001e3d6cfdb18
Event: 672.999 Thread 0x000001e3eb48c000 Exception <a 'sun/nio/fs/WindowsException'{0x0000000088fd2e58}> (0x0000000088fd2e58) thrown at [./src/hotspot/share/prims/jni.cpp, line 615]
Event: 677.928 Thread 0x000001e3e9dcd000 Exception <a 'java/lang/NoSuchMethodError'{0x000000008a063ef8}: <clinit>> (0x000000008a063ef8) thrown at [./src/hotspot/share/prims/jni.cpp, line 1362]
Event: 681.444 Thread 0x000001e3e9dcb800 Exception <a 'java/lang/NoSuchMethodError'{0x000000008a0bac20}: <clinit>> (0x000000008a0bac20) thrown at [./src/hotspot/share/prims/jni.cpp, line 1362]

Events (20 events):
Event: 681.628 loading class com/android/builder/internal/aapt/v2/Aapt2DaemonImpl$NoOutputExpected done
Event: 681.629 loading class com/android/utils/GrabProcessOutput$IProcessOutput
Event: 681.629 loading class com/android/utils/GrabProcessOutput$IProcessOutput done
Event: 681.629 loading class com/android/builder/internal/aapt/v2/Aapt2DaemonImpl$processOutput$1
Event: 681.629 loading class com/android/builder/internal/aapt/v2/Aapt2DaemonImpl$processOutput$1 done
Event: 681.629 loading class com/android/builder/internal/aapt/v2/Aapt2DaemonManager$LeasableAaptDaemon
Event: 681.629 loading class com/android/builder/internal/aapt/v2/Aapt2DaemonManager$LeasableAaptDaemon done
Event: 681.630 loading class java/util/concurrent/Executors$DelegatedScheduledExecutorService
Event: 681.630 loading class java/util/concurrent/Executors$DelegatedExecutorService
Event: 681.630 loading class java/util/concurrent/Executors$DelegatedExecutorService done
Event: 681.630 loading class java/util/concurrent/Executors$DelegatedScheduledExecutorService done
Event: 681.630 loading class com/android/build/gradle/internal/services/Aapt2DaemonManagerMaintainer$firstDaemonStarted$1
Event: 681.630 loading class com/android/build/gradle/internal/services/Aapt2DaemonManagerMaintainer$firstDaemonStarted$1 done
Event: 681.631 loading class com/android/build/gradle/internal/services/Aapt2Daemon$sam$java_lang_Runnable$0
Event: 681.631 loading class com/android/build/gradle/internal/services/Aapt2Daemon$sam$java_lang_Runnable$0 done
Event: 681.631 Thread 0x000001e3eb430000 Thread added: 0x000001e3eb430000
Event: 681.631 loading class com/android/build/gradle/internal/services/Aapt2DaemonManagerMaintainer$firstDaemonStarted$2
Event: 681.631 loading class com/android/build/gradle/internal/services/Aapt2DaemonManagerMaintainer$firstDaemonStarted$2 done
Event: 681.632 loading class com/android/builder/internal/aapt/v2/Aapt2DaemonManager$LeasedAaptDaemon
Event: 681.632 loading class com/android/builder/internal/aapt/v2/Aapt2DaemonManager$LeasedAaptDaemon done


Dynamic libraries:
0x00007ff78e1f0000 - 0x00007ff78e1fa000 	E:\Program Files\Android\Android Studio\jre\bin\java.exe
0x00007ff8b6340000 - 0x00007ff8b6530000 	C:\Windows\SYSTEM32\ntdll.dll
0x00007ff895640000 - 0x00007ff895674000 	C:\Program Files\AVAST Software\Avast\x64\aswhooka.dll
0x00007ff8b61d0000 - 0x00007ff8b6282000 	C:\Windows\System32\KERNEL32.DLL
0x00007ff8b3400000 - 0x00007ff8b36a5000 	C:\Windows\System32\KERNELBASE.dll
0x00007ff8b41f0000 - 0x00007ff8b42ea000 	C:\Windows\System32\ucrtbase.dll
0x00007ff8a1a10000 - 0x00007ff8a1a29000 	E:\Program Files\Android\Android Studio\jre\bin\jli.dll
0x00007ff8b5cd0000 - 0x00007ff8b5e64000 	C:\Windows\System32\USER32.dll
0x00007ff8b4310000 - 0x00007ff8b4331000 	C:\Windows\System32\win32u.dll
0x00007ff8b5ca0000 - 0x00007ff8b5cc6000 	C:\Windows\System32\GDI32.dll
0x00007ff8b4050000 - 0x00007ff8b41e6000 	C:\Windows\System32\gdi32full.dll
0x00007ff8b3e70000 - 0x00007ff8b3f0e000 	C:\Windows\System32\msvcp_win.dll
0x00007ff8a19f0000 - 0x00007ff8a1a07000 	E:\Program Files\Android\Android Studio\jre\bin\VCRUNTIME140.dll
0x00007ff8a1110000 - 0x00007ff8a1394000 	C:\Windows\WinSxS\amd64_microsoft.windows.common-controls_6595b64144ccf1df_6.0.18362.1256_none_9e7e379be45e40e2\COMCTL32.dll
0x00007ff8b5850000 - 0x00007ff8b58ee000 	C:\Windows\System32\msvcrt.dll
0x00007ff8b4400000 - 0x00007ff8b4736000 	C:\Windows\System32\combase.dll
0x00007ff8b49d0000 - 0x00007ff8b4af0000 	C:\Windows\System32\RPCRT4.dll
0x00007ff8b3f10000 - 0x00007ff8b3f91000 	C:\Windows\System32\bcryptPrimitives.dll
0x00007ff8b5c70000 - 0x00007ff8b5c9e000 	C:\Windows\System32\IMM32.DLL
0x00007ff859290000 - 0x00007ff85932d000 	E:\Program Files\Android\Android Studio\jre\bin\msvcp140.dll
0x00007ff8639a0000 - 0x00007ff86445c000 	E:\Program Files\Android\Android Studio\jre\bin\server\jvm.dll
0x00007ff8b4850000 - 0x00007ff8b48f3000 	C:\Windows\System32\ADVAPI32.dll
0x00007ff8b5ab0000 - 0x00007ff8b5b47000 	C:\Windows\System32\sechost.dll
0x00007ff8b43f0000 - 0x00007ff8b43f8000 	C:\Windows\System32\PSAPI.DLL
0x00007ff8901c0000 - 0x00007ff8901c9000 	C:\Windows\SYSTEM32\WSOCK32.dll
0x00007ff8b6290000 - 0x00007ff8b62ff000 	C:\Windows\System32\WS2_32.dll
0x00007ff8b0cd0000 - 0x00007ff8b0cf4000 	C:\Windows\SYSTEM32\WINMM.dll
0x00007ff8ab9d0000 - 0x00007ff8ab9da000 	C:\Windows\SYSTEM32\VERSION.dll
0x00007ff8b0850000 - 0x00007ff8b087d000 	C:\Windows\SYSTEM32\WINMMBASE.dll
0x00007ff8b3fa0000 - 0x00007ff8b3fea000 	C:\Windows\System32\cfgmgr32.dll
0x00007ff8b31f0000 - 0x00007ff8b3201000 	C:\Windows\System32\kernel.appcore.dll
0x00007ff86aad0000 - 0x00007ff86aae1000 	E:\Program Files\Android\Android Studio\jre\bin\verify.dll
0x00007ff8b1a70000 - 0x00007ff8b1c64000 	C:\Windows\SYSTEM32\DBGHELP.DLL
0x00007ff8a0cb0000 - 0x00007ff8a0cda000 	C:\Windows\SYSTEM32\dbgcore.DLL
0x00007ff86aaa0000 - 0x00007ff86aac9000 	E:\Program Files\Android\Android Studio\jre\bin\java.dll
0x00007ff863990000 - 0x00007ff86399b000 	E:\Program Files\Android\Android Studio\jre\bin\jimage.dll
0x00007ff863970000 - 0x00007ff863988000 	E:\Program Files\Android\Android Studio\jre\bin\zip.dll
0x00007ff8b4af0000 - 0x00007ff8b51d7000 	C:\Windows\System32\SHELL32.dll
0x00007ff8b5250000 - 0x00007ff8b52f9000 	C:\Windows\System32\shcore.dll
0x00007ff8b36b0000 - 0x00007ff8b3e31000 	C:\Windows\System32\windows.storage.dll
0x00007ff8b3260000 - 0x00007ff8b3283000 	C:\Windows\System32\profapi.dll
0x00007ff8b3210000 - 0x00007ff8b325a000 	C:\Windows\System32\powrprof.dll
0x00007ff8b31e0000 - 0x00007ff8b31f0000 	C:\Windows\System32\UMPDC.dll
0x00007ff8b47f0000 - 0x00007ff8b4842000 	C:\Windows\System32\shlwapi.dll
0x00007ff8b42f0000 - 0x00007ff8b4307000 	C:\Windows\System32\cryptsp.dll
0x00007ff863950000 - 0x00007ff86396a000 	E:\Program Files\Android\Android Studio\jre\bin\net.dll
0x00007ff8a39d0000 - 0x00007ff8a3ac0000 	C:\Windows\SYSTEM32\WINHTTP.dll
0x00007ff8b29d0000 - 0x00007ff8b2a37000 	C:\Windows\system32\mswsock.dll
0x00007ff863930000 - 0x00007ff863944000 	E:\Program Files\Android\Android Studio\jre\bin\nio.dll
0x00007ff8ac690000 - 0x00007ff8ac6b7000 	C:\Users\hp\.gradle\native\fdc75f09e3144964f2cf3f50f0aa648679c211496f362492102eb8c894070792\windows-amd64\native-platform.dll
0x00007ff8ac300000 - 0x00007ff8ac496000 	C:\Users\hp\.gradle\native\12488b8bf47d2d4c9fbf2f6322a914ad602e24e48041cd04a747c6da556b65c4\windows-amd64\native-platform-file-events.dll
0x00007ff8638f0000 - 0x00007ff8638fa000 	E:\Program Files\Android\Android Studio\jre\bin\management.dll
0x00007ff8638e0000 - 0x00007ff8638ec000 	E:\Program Files\Android\Android Studio\jre\bin\management_ext.dll
0x00007ff8b2540000 - 0x00007ff8b2573000 	C:\Windows\system32\rsaenh.dll
0x00007ff8b3e40000 - 0x00007ff8b3e66000 	C:\Windows\System32\bcrypt.dll
0x00007ff8b3100000 - 0x00007ff8b3125000 	C:\Windows\SYSTEM32\USERENV.dll
0x00007ff8b2ba0000 - 0x00007ff8b2bac000 	C:\Windows\SYSTEM32\CRYPTBASE.dll
0x00007ff8b26e0000 - 0x00007ff8b271a000 	C:\Windows\SYSTEM32\IPHLPAPI.DLL
0x00007ff8b6020000 - 0x00007ff8b6028000 	C:\Windows\System32\NSI.dll
0x00007ff8a42f0000 - 0x00007ff8a4306000 	C:\Windows\SYSTEM32\dhcpcsvc6.DLL
0x00007ff8a44f0000 - 0x00007ff8a450c000 	C:\Windows\SYSTEM32\dhcpcsvc.DLL
0x00007ff8b2720000 - 0x00007ff8b27eb000 	C:\Windows\SYSTEM32\DNSAPI.dll
0x00007ff8a46d0000 - 0x00007ff8a46db000 	C:\Windows\SYSTEM32\WINNSI.DLL
0x00007ff8633d0000 - 0x00007ff8633f7000 	E:\Program Files\Android\Android Studio\jre\bin\sunec.dll

dbghelp: loaded successfully - version: 4.0.5 - missing functions: none
symbol engine: initialized successfully - sym options: 0x614 - pdb path: .;E:\Program Files\Android\Android Studio\jre\bin;C:\Windows\SYSTEM32;C:\Program Files\AVAST Software\Avast\x64;C:\Windows\WinSxS\amd64_microsoft.windows.common-controls_6595b64144ccf1df_6.0.18362.1256_none_9e7e379be45e40e2;E:\Program Files\Android\Android Studio\jre\bin\server;C:\Users\hp\.gradle\native\fdc75f09e3144964f2cf3f50f0aa648679c211496f362492102eb8c894070792\windows-amd64;C:\Users\hp\.gradle\native\12488b8bf47d2d4c9fbf2f6322a914ad602e24e48041cd04a747c6da556b65c4\windows-amd64

VM Arguments:
jvm_args: --add-opens=java.base/java.util=ALL-UNNAMED --add-opens=java.base/java.lang=ALL-UNNAMED --add-opens=java.base/java.lang.invoke=ALL-UNNAMED --add-opens=java.prefs/java.util.prefs=ALL-UNNAMED -Xmx2048m -Dfile.encoding=UTF-8 -Duser.country=US -Duser.language=en -Duser.variant 
java_command: org.gradle.launcher.daemon.bootstrap.GradleDaemon 6.7.1
java_class_path (initial): C:\Users\hp\.gradle\wrapper\dists\gradle-6.7.1-bin\bwlcbys1h7rz3272sye1xwiv6\gradle-6.7.1\lib\gradle-launcher-6.7.1.jar
Launcher Type: SUN_STANDARD

[Global flags]
     intx CICompilerCount                          = 3                                         {product} {ergonomic}
     uint ConcGCThreads                            = 1                                         {product} {ergonomic}
     uint G1ConcRefinementThreads                  = 4                                         {product} {ergonomic}
   size_t G1HeapRegionSize                         = 1048576                                   {product} {ergonomic}
    uintx GCDrainStackTargetSize                   = 64                                        {product} {ergonomic}
   size_t InitialHeapSize                          = 134217728                                 {product} {ergonomic}
   size_t MarkStackSize                            = 4194304                                   {product} {ergonomic}
   size_t MaxHeapSize                              = 2147483648                                {product} {command line}
   size_t MaxNewSize                               = 1287651328                                {product} {ergonomic}
   size_t MinHeapDeltaBytes                        = 1048576                                   {product} {ergonomic}
    uintx NonNMethodCodeHeapSize                   = 5830732                                {pd product} {ergonomic}
    uintx NonProfiledCodeHeapSize                  = 122913754                              {pd product} {ergonomic}
    uintx ProfiledCodeHeapSize                     = 122913754                              {pd product} {ergonomic}
    uintx ReservedCodeCacheSize                    = 251658240                              {pd product} {ergonomic}
     bool SegmentedCodeCache                       = true                                      {product} {ergonomic}
     bool UseCompressedClassPointers               = true                                 {lp64_product} {ergonomic}
     bool UseCompressedOops                        = true                                 {lp64_product} {ergonomic}
     bool UseG1GC                                  = true                                      {product} {ergonomic}
     bool UseLargePagesIndividualAllocation        = false                                  {pd product} {ergonomic}

Logging:
Log output configuration:
 #0: stdout all=warning uptime,level,tags
 #1: stderr all=off uptime,level,tags

Environment Variables:
JAVA_HOME=C:\Program Files\Java\jdk-17.0.1
PATH=C:\ffmpeg\bin;C:\Program Files\Common Files\Oracle\Java\javapath;C:\Python310\Scripts\;C:\Python310\;C:\ProgramData\Oracle\Java\javapath;C:\Windows\system32;C:\Windows;C:\Windows\System32\Wbem;C:\Windows\System32\WindowsPowerShell\v1.0\;C:\Windows\System32\OpenSSH\;C:\Program Files\Java\jdk-17\bin;C:\Program Files\Microsoft SQL Server\Client SDK\ODBC\110\Tools\Binn\;C:\Program Files\Microsoft SQL Server\Client SDK\ODBC\170\Tools\Binn\;C:\ProgramData\chocolatey\bin;C:\Program Files\Java\jdk-17.0.1\bin;C:\Program Files\Azure Data Studio\bin;C:\Program Files\dotnet\;C:\Program Files\Git\cmd;C:\Program Files\nodejs\;C:\Users\hp\AppData\Local\Microsoft\WindowsApps;D:\Microsoft VS Code\bin;C:\Users\hp\AppData\Local\Android\Sdk\platform-tools;C:\Users\hp\AppData\Local\Microsoft\WindowsApps;D:\Microsoft VS Code\bin;C:\Program Files\Azure Data Studio\bin;C:\Users\hp\AppData\Local\Android\Sdk\platform-tools;;C:\Users\hp\AppData\Local\Programs\Microsoft VS Code\bin;C:\Users\hp\.dotnet\tools;C:\Users\hp\AppData\Roaming\npm
USERNAME=hp
OS=Windows_NT
PROCESSOR_IDENTIFIER=Intel64 Family 6 Model 142 Stepping 9, GenuineIntel



---------------  S Y S T E M  ---------------

OS: Windows 10 , 64 bit Build 18362 (10.0.18362.1110)
OS uptime: 0 days 0:13 hours

CPU:total 4 (initial active 4) (2 cores per cpu, 2 threads per core) family 6 model 142 stepping 9, cmov, cx8, fxsr, mmx, sse, sse2, sse3, ssse3, sse4.1, sse4.2, popcnt, avx, avx2, aes, clmul, erms, 3dnowpref, lzcnt, ht, tsc, tscinvbit, bmi1, bmi2, adx, fma

Memory: 4k page, system-wide physical 8078M (530M free)
TotalPageFile size 8078M (AvailPageFile size 3M)
current process WorkingSet (physical memory assigned to process): 383M, peak: 481M
current process commit charge ("private bytes"): 505M, peak: 516M

vm_info: OpenJDK 64-Bit Server VM (11.0.8+10-b944.6842174) for windows-amd64 JRE (11.0.8+10-b944.6842174), built on Sep 19 2020 01:11:42 by "builder" with MS VC++ 14.0 (VS2015)

END.
