#
# There is insufficient memory for the Java Runtime Environment to continue.
# Native memory allocation (malloc) failed to allocate 1148976 bytes for Chunk::new
# Possible reasons:
#   The system is out of physical RAM or swap space
#   The process is running with CompressedOops enabled, and the Java Heap may be blocking the growth of the native heap
# Possible solutions:
#   Reduce memory load on the system
#   Increase physical memory or swap space
#   Check if swap backing store is full
#   Decrease Java heap size (-Xmx/-Xms)
#   Decrease number of Java threads
#   Decrease Java thread stack sizes (-Xss)
#   Set larger code cache with -XX:ReservedCodeCacheSize=
#   JVM is running with Unscaled Compressed Oops mode in which the Java heap is
#     placed in the first 4GB address space. The Java Heap base address is the
#     maximum limit for the native heap growth. Please use -XX:HeapBaseMinAddress
#     to set the Java Heap base and to place the Java Heap above 4GB virtual address.
# This output file may be truncated or incomplete.
#
#  Out of Memory Error (./src/hotspot/share/memory/arena.cpp:197), pid=2120, tid=8052
#
# JRE version: OpenJDK Runtime Environment (11.0.8+10) (build 11.0.8+10-b944.6842174)
# Java VM: OpenJDK 64-Bit Server VM (11.0.8+10-b944.6842174, mixed mode, tiered, compressed oops, g1 gc, windows-amd64)
# No core dump will be written. Minidumps are not enabled by default on client versions of Windows
#

---------------  S U M M A R Y ------------

Command Line: --add-opens=java.base/java.util=ALL-UNNAMED --add-opens=java.base/java.lang=ALL-UNNAMED --add-opens=java.base/java.lang.invoke=ALL-UNNAMED --add-opens=java.prefs/java.util.prefs=ALL-UNNAMED -Xmx2048m -Dfile.encoding=UTF-8 -Duser.country=US -Duser.language=en -Duser.variant org.gradle.launcher.daemon.bootstrap.GradleDaemon 6.7.1

Host: Intel(R) Core(TM) i5-7200U CPU @ 2.50GHz, 4 cores, 7G,  Windows 10 , 64 bit Build 18362 (10.0.18362.1110)
Time: Mon May 23 18:19:24 2022 Morocco Daylight Time elapsed time: 6 seconds (0d 0h 0m 6s)

---------------  T H R E A D  ---------------

Current thread (0x000002b51aad6800):  JavaThread "C2 CompilerThread0" daemon [_thread_in_native, id=8052, stack(0x000000d9edf00000,0x000000d9ee000000)]


Current CompileTask:
C2:   6655 3240       4       java.lang.ClassLoader::defineClass (43 bytes)

Stack: [0x000000d9edf00000,0x000000d9ee000000]
Native frames: (J=compiled Java code, j=interpreted, Vv=VM code, C=native code)
V  [jvm.dll+0x5de50a]
V  [jvm.dll+0x7122f5]
V  [jvm.dll+0x71384d]
V  [jvm.dll+0x713f03]
V  [jvm.dll+0x23e728]
V  [jvm.dll+0xb899c]
V  [jvm.dll+0xb8e9c]
V  [jvm.dll+0x35020b]
V  [jvm.dll+0x31dea3]
V  [jvm.dll+0x31d39a]
V  [jvm.dll+0x1f7702]
V  [jvm.dll+0x1f68d4]
V  [jvm.dll+0x17f32c]
V  [jvm.dll+0x205047]
V  [jvm.dll+0x203891]
V  [jvm.dll+0x6dad3f]
V  [jvm.dll+0x6d3895]
V  [jvm.dll+0x5dd4a6]
C  [ucrtbase.dll+0x210b2]
C  [KERNEL32.DLL+0x17c24]
C  [ntdll.dll+0x6d4d1]


---------------  P R O C E S S  ---------------

Threads class SMR info:
_java_thread_list=0x000002b51d2a59c0, length=32, elements={
0x000002b57f67f800, 0x000002b51a149000, 0x000002b51a14a000, 0x000002b51aad2800,
0x000002b51aad4000, 0x000002b51aad6800, 0x000002b51aae1800, 0x000002b51a167800,
0x000002b51ac33800, 0x000002b51ac4f800, 0x000002b51cb1a000, 0x000002b51ae2e000,
0x000002b51bc22000, 0x000002b51c23c800, 0x000002b51c969800, 0x000002b51ca6f000,
0x000002b51beea000, 0x000002b51b995000, 0x000002b51ca6a800, 0x000002b51cb10000,
0x000002b51cb15000, 0x000002b51c8f2000, 0x000002b51c8ee800, 0x000002b51c8ec800,
0x000002b51c8ef800, 0x000002b51c8f1000, 0x000002b51c8ed000, 0x000002b51c8ee000,
0x000002b51c8f3000, 0x000002b51c8f0800, 0x000002b51d0ab000, 0x000002b51d0ad800
}

Java Threads: ( => current thread )
  0x000002b57f67f800 JavaThread "main" [_thread_blocked, id=2432, stack(0x000000d9ed400000,0x000000d9ed500000)]
  0x000002b51a149000 JavaThread "Reference Handler" daemon [_thread_blocked, id=6560, stack(0x000000d9edb00000,0x000000d9edc00000)]
  0x000002b51a14a000 JavaThread "Finalizer" daemon [_thread_blocked, id=1604, stack(0x000000d9edc00000,0x000000d9edd00000)]
  0x000002b51aad2800 JavaThread "Signal Dispatcher" daemon [_thread_blocked, id=4592, stack(0x000000d9edd00000,0x000000d9ede00000)]
  0x000002b51aad4000 JavaThread "Attach Listener" daemon [_thread_blocked, id=12084, stack(0x000000d9ede00000,0x000000d9edf00000)]
=>0x000002b51aad6800 JavaThread "C2 CompilerThread0" daemon [_thread_in_native, id=8052, stack(0x000000d9edf00000,0x000000d9ee000000)]
  0x000002b51aae1800 JavaThread "C1 CompilerThread0" daemon [_thread_blocked, id=11704, stack(0x000000d9ee000000,0x000000d9ee100000)]
  0x000002b51a167800 JavaThread "Sweeper thread" daemon [_thread_blocked, id=9052, stack(0x000000d9ee100000,0x000000d9ee200000)]
  0x000002b51ac33800 JavaThread "Common-Cleaner" daemon [_thread_blocked, id=8940, stack(0x000000d9ee200000,0x000000d9ee300000)]
  0x000002b51ac4f800 JavaThread "Service Thread" daemon [_thread_blocked, id=11084, stack(0x000000d9ee300000,0x000000d9ee400000)]
  0x000002b51cb1a000 JavaThread "Daemon health stats" [_thread_blocked, id=5288, stack(0x000000d9ee800000,0x000000d9ee900000)]
  0x000002b51ae2e000 JavaThread "Incoming local TCP Connector on port 51122" [_thread_in_native, id=632, stack(0x000000d9eea00000,0x000000d9eeb00000)]
  0x000002b51bc22000 JavaThread "Daemon periodic checks" [_thread_blocked, id=824, stack(0x000000d9eeb00000,0x000000d9eec00000)]
  0x000002b51c23c800 JavaThread "Daemon" [_thread_blocked, id=3180, stack(0x000000d9eec00000,0x000000d9eed00000)]
  0x000002b51c969800 JavaThread "Handler for socket connection from /127.0.0.1:51122 to /127.0.0.1:51123" [_thread_in_native, id=5468, stack(0x000000d9eed00000,0x000000d9eee00000)]
  0x000002b51ca6f000 JavaThread "C2 CompilerThread1" daemon [_thread_blocked, id=10252, stack(0x000000d9eee00000,0x000000d9eef00000)]
  0x000002b51beea000 JavaThread "Cancel handler" [_thread_blocked, id=6972, stack(0x000000d9eef00000,0x000000d9ef000000)]
  0x000002b51b995000 JavaThread "Daemon worker" [_thread_in_vm, id=324, stack(0x000000d9ef000000,0x000000d9ef100000)]
  0x000002b51ca6a800 JavaThread "Asynchronous log dispatcher for DefaultDaemonConnection: socket connection from /127.0.0.1:51122 to /127.0.0.1:51123" [_thread_blocked, id=7180, stack(0x000000d9ef100000,0x000000d9ef200000)]
  0x000002b51cb10000 JavaThread "Stdin handler" [_thread_blocked, id=1968, stack(0x000000d9ef200000,0x000000d9ef300000)]
  0x000002b51cb15000 JavaThread "Thread-8" [_thread_blocked, id=3052, stack(0x000000d9ef300000,0x000000d9ef400000)]
  0x000002b51c8f2000 JavaThread "Cache worker for file hash cache (C:\Users\hp\.gradle\caches\6.7.1\fileHashes)" [_thread_blocked, id=5092, stack(0x000000d9ef500000,0x000000d9ef600000)]
  0x000002b51c8ee800 JavaThread "File lock request listener" [_thread_in_native, id=1196, stack(0x000000d9ef600000,0x000000d9ef700000)]
  0x000002b51c8ec800 JavaThread "Cache worker for journal cache (C:\Users\hp\.gradle\caches\journal-1)" [_thread_blocked, id=4172, stack(0x000000d9ef700000,0x000000d9ef800000)]
  0x000002b51c8ef800 JavaThread "Cache worker for file hash cache (C:\Users\hp\AndroidStudioProjects\myPharmacy\.gradle\6.7.1\fileHashes)" [_thread_blocked, id=2448, stack(0x000000d9ef800000,0x000000d9ef900000)]
  0x000002b51c8f1000 JavaThread "Cache worker for checksums cache (C:\Users\hp\AndroidStudioProjects\myPharmacy\.gradle\checksums)" [_thread_blocked, id=9420, stack(0x000000d9ef900000,0x000000d9efa00000)]
  0x000002b51c8ed000 JavaThread "Cache worker for cache directory md-supplier (C:\Users\hp\.gradle\caches\6.7.1\md-supplier)" [_thread_blocked, id=5252, stack(0x000000d9efa00000,0x000000d9efb00000)]
  0x000002b51c8ee000 JavaThread "Cache worker for cache directory md-rule (C:\Users\hp\.gradle\caches\6.7.1\md-rule)" [_thread_blocked, id=2796, stack(0x000000d9efb00000,0x000000d9efc00000)]
  0x000002b51c8f3000 JavaThread "Cache worker for execution history cache (C:\Users\hp\.gradle\caches\6.7.1\executionHistory)" [_thread_blocked, id=11580, stack(0x000000d9efc00000,0x000000d9efd00000)]
  0x000002b51c8f0800 JavaThread "jar transforms" [_thread_blocked, id=2692, stack(0x000000d9efd00000,0x000000d9efe00000)]
  0x000002b51d0ab000 JavaThread "Cache worker for file content cache (C:\Users\hp\.gradle\caches\6.7.1\fileContent)" [_thread_blocked, id=2380, stack(0x000000d9efe00000,0x000000d9eff00000)]
  0x000002b51d0ad800 JavaThread "Cache worker for Build Output Cleanup Cache (C:\Users\hp\AndroidStudioProjects\myPharmacy\.gradle\buildOutputCleanup)" [_thread_blocked, id=8504, stack(0x000000d9eff00000,0x000000d9f0000000)]

Other Threads:
  0x000002b51a144000 VMThread "VM Thread" [stack: 0x000000d9eda00000,0x000000d9edb00000] [id=4156]
  0x000002b51ac51800 WatcherThread [stack: 0x000000d9ee400000,0x000000d9ee500000] [id=3640]
  0x000002b57f699000 GCTaskThread "GC Thread#0" [stack: 0x000000d9ed500000,0x000000d9ed600000] [id=7704]
  0x000002b51aecb000 GCTaskThread "GC Thread#1" [stack: 0x000000d9ee600000,0x000000d9ee700000] [id=5852]
  0x000002b51b0e9000 GCTaskThread "GC Thread#2" [stack: 0x000000d9ee700000,0x000000d9ee800000] [id=3560]
  0x000002b51bef9000 GCTaskThread "GC Thread#3" [stack: 0x000000d9ef400000,0x000000d9ef500000] [id=4436]
  0x000002b57f6cc000 ConcurrentGCThread "G1 Main Marker" [stack: 0x000000d9ed600000,0x000000d9ed700000] [id=3120]
  0x000002b57f6ce000 ConcurrentGCThread "G1 Conc#0" [stack: 0x000000d9ed700000,0x000000d9ed800000] [id=9456]
  0x000002b519f94800 ConcurrentGCThread "G1 Refine#0" [stack: 0x000000d9ed800000,0x000000d9ed900000] [id=5388]
  0x000002b57f74e800 ConcurrentGCThread "G1 Young RemSet Sampling" [stack: 0x000000d9ed900000,0x000000d9eda00000] [id=11776]

Threads with active compile tasks:
C2 CompilerThread0   6697 3240       4       java.lang.ClassLoader::defineClass (43 bytes)

VM state:not at safepoint (normal execution)

VM Mutex/Monitor currently owned by a thread: None

Heap address: 0x0000000080000000, size: 2048 MB, Compressed Oops mode: 32-bit
Narrow klass base: 0x0000000000000000, Narrow klass shift: 3
Compressed class space size: 1073741824 Address: 0x0000000100000000

Heap:
 garbage-first heap   total 157696K, used 25868K [0x0000000080000000, 0x0000000100000000)
  region size 1024K, 9 young (9216K), 7 survivors (7168K)
 Metaspace       used 42166K, capacity 43042K, committed 43212K, reserved 1087488K
  class space    used 5428K, capacity 5743K, committed 5836K, reserved 1048576K
Heap Regions: E=young(eden), S=young(survivor), O=old, HS=humongous(starts), HC=humongous(continues), CS=collection set, F=free, A=archive, TAMS=top-at-mark-start (previous, next)
|   0|0x0000000080000000, 0x0000000080100000, 0x0000000080100000|100%| O|  |TAMS 0x0000000080100000, 0x0000000080000000| Untracked 
|   1|0x0000000080100000, 0x0000000080200000, 0x0000000080200000|100%| O|  |TAMS 0x0000000080200000, 0x0000000080100000| Untracked 
|   2|0x0000000080200000, 0x0000000080300000, 0x0000000080300000|100%| O|  |TAMS 0x0000000080300000, 0x0000000080200000| Untracked 
|   3|0x0000000080300000, 0x0000000080400000, 0x0000000080400000|100%|HS|  |TAMS 0x0000000080400000, 0x0000000080300000| Complete 
|   4|0x0000000080400000, 0x0000000080500000, 0x0000000080500000|100%|HC|  |TAMS 0x0000000080500000, 0x0000000080400000| Complete 
|   5|0x0000000080500000, 0x0000000080600000, 0x0000000080600000|100%|HC|  |TAMS 0x0000000080600000, 0x0000000080500000| Complete 
|   6|0x0000000080600000, 0x0000000080700000, 0x0000000080700000|100%| O|  |TAMS 0x0000000080700000, 0x0000000080600000| Untracked 
|   7|0x0000000080700000, 0x0000000080800000, 0x0000000080800000|100%| O|  |TAMS 0x0000000080800000, 0x0000000080700000| Untracked 
|   8|0x0000000080800000, 0x0000000080900000, 0x0000000080900000|100%| O|  |TAMS 0x0000000080900000, 0x0000000080800000| Untracked 
|   9|0x0000000080900000, 0x0000000080a00000, 0x0000000080a00000|100%| O|  |TAMS 0x0000000080a00000, 0x0000000080900000| Untracked 
|  10|0x0000000080a00000, 0x0000000080b00000, 0x0000000080b00000|100%| O|  |TAMS 0x0000000080b00000, 0x0000000080a00000| Untracked 
|  11|0x0000000080b00000, 0x0000000080c00000, 0x0000000080c00000|100%| O|  |TAMS 0x0000000080c00000, 0x0000000080b00000| Untracked 
|  12|0x0000000080c00000, 0x0000000080d00000, 0x0000000080d00000|100%| O|  |TAMS 0x0000000080d00000, 0x0000000080c00000| Untracked 
|  13|0x0000000080d00000, 0x0000000080e00000, 0x0000000080e00000|100%| O|  |TAMS 0x0000000080e00000, 0x0000000080d00000| Untracked 
|  14|0x0000000080e00000, 0x0000000080f00000, 0x0000000080f00000|100%| O|  |TAMS 0x0000000080ed6000, 0x0000000080e00000| Untracked 
|  15|0x0000000080f00000, 0x0000000080f00000, 0x0000000081000000|  0%| F|  |TAMS 0x0000000080f00000, 0x0000000080f00000| Untracked 
|  16|0x0000000081000000, 0x0000000081000000, 0x0000000081100000|  0%| F|  |TAMS 0x0000000081000000, 0x0000000081000000| Untracked 
|  17|0x0000000081100000, 0x0000000081100000, 0x0000000081200000|  0%| F|  |TAMS 0x0000000081100000, 0x0000000081100000| Untracked 
|  18|0x0000000081200000, 0x0000000081200000, 0x0000000081300000|  0%| F|  |TAMS 0x0000000081200000, 0x0000000081200000| Untracked 
|  19|0x0000000081300000, 0x0000000081400000, 0x0000000081400000|100%| O|  |TAMS 0x0000000081300000, 0x0000000081300000| Untracked 
|  20|0x0000000081400000, 0x0000000081500000, 0x0000000081500000|100%| O|  |TAMS 0x0000000081400000, 0x0000000081400000| Untracked 
|  21|0x0000000081500000, 0x000000008157b400, 0x0000000081600000| 48%| O|  |TAMS 0x0000000081500000, 0x0000000081500000| Untracked 
|  22|0x0000000081600000, 0x0000000081600000, 0x0000000081700000|  0%| F|  |TAMS 0x0000000081600000, 0x0000000081600000| Untracked 
|  23|0x0000000081700000, 0x0000000081700000, 0x0000000081800000|  0%| F|  |TAMS 0x0000000081700000, 0x0000000081700000| Untracked 
|  24|0x0000000081800000, 0x0000000081800000, 0x0000000081900000|  0%| F|  |TAMS 0x0000000081800000, 0x0000000081800000| Untracked 
|  25|0x0000000081900000, 0x0000000081900000, 0x0000000081a00000|  0%| F|  |TAMS 0x0000000081900000, 0x0000000081900000| Untracked 
|  26|0x0000000081a00000, 0x0000000081a00000, 0x0000000081b00000|  0%| F|  |TAMS 0x0000000081a00000, 0x0000000081a00000| Untracked 
|  27|0x0000000081b00000, 0x0000000081b00000, 0x0000000081c00000|  0%| F|  |TAMS 0x0000000081b00000, 0x0000000081b00000| Untracked 
|  28|0x0000000081c00000, 0x0000000081c00000, 0x0000000081d00000|  0%| F|  |TAMS 0x0000000081c00000, 0x0000000081c00000| Untracked 
|  29|0x0000000081d00000, 0x0000000081d00000, 0x0000000081e00000|  0%| F|  |TAMS 0x0000000081d00000, 0x0000000081d00000| Untracked 
|  30|0x0000000081e00000, 0x0000000081e00000, 0x0000000081f00000|  0%| F|  |TAMS 0x0000000081e00000, 0x0000000081e00000| Untracked 
|  31|0x0000000081f00000, 0x0000000081f00000, 0x0000000082000000|  0%| F|  |TAMS 0x0000000081f00000, 0x0000000081f00000| Untracked 
|  32|0x0000000082000000, 0x0000000082000000, 0x0000000082100000|  0%| F|  |TAMS 0x0000000082000000, 0x0000000082000000| Untracked 
|  33|0x0000000082100000, 0x0000000082100000, 0x0000000082200000|  0%| F|  |TAMS 0x0000000082100000, 0x0000000082100000| Untracked 
|  34|0x0000000082200000, 0x0000000082200000, 0x0000000082300000|  0%| F|  |TAMS 0x0000000082200000, 0x0000000082200000| Untracked 
|  35|0x0000000082300000, 0x0000000082300000, 0x0000000082400000|  0%| F|  |TAMS 0x0000000082300000, 0x0000000082300000| Untracked 
|  36|0x0000000082400000, 0x0000000082400000, 0x0000000082500000|  0%| F|  |TAMS 0x0000000082400000, 0x0000000082400000| Untracked 
|  37|0x0000000082500000, 0x0000000082500000, 0x0000000082600000|  0%| F|  |TAMS 0x0000000082500000, 0x0000000082500000| Untracked 
|  38|0x0000000082600000, 0x0000000082600000, 0x0000000082700000|  0%| F|  |TAMS 0x0000000082600000, 0x0000000082600000| Untracked 
|  39|0x0000000082700000, 0x0000000082700000, 0x0000000082800000|  0%| F|  |TAMS 0x0000000082700000, 0x0000000082700000| Untracked 
|  40|0x0000000082800000, 0x0000000082800000, 0x0000000082900000|  0%| F|  |TAMS 0x0000000082800000, 0x0000000082800000| Untracked 
|  41|0x0000000082900000, 0x0000000082900000, 0x0000000082a00000|  0%| F|  |TAMS 0x0000000082900000, 0x0000000082900000| Untracked 
|  42|0x0000000082a00000, 0x0000000082a00000, 0x0000000082b00000|  0%| F|  |TAMS 0x0000000082a00000, 0x0000000082a00000| Untracked 
|  43|0x0000000082b00000, 0x0000000082b00000, 0x0000000082c00000|  0%| F|  |TAMS 0x0000000082b00000, 0x0000000082b00000| Untracked 
|  44|0x0000000082c00000, 0x0000000082c00000, 0x0000000082d00000|  0%| F|  |TAMS 0x0000000082c00000, 0x0000000082c00000| Untracked 
|  45|0x0000000082d00000, 0x0000000082d00000, 0x0000000082e00000|  0%| F|  |TAMS 0x0000000082d00000, 0x0000000082d00000| Untracked 
|  46|0x0000000082e00000, 0x0000000082e00000, 0x0000000082f00000|  0%| F|  |TAMS 0x0000000082e00000, 0x0000000082e00000| Untracked 
|  47|0x0000000082f00000, 0x0000000082f00000, 0x0000000083000000|  0%| F|  |TAMS 0x0000000082f00000, 0x0000000082f00000| Untracked 
|  48|0x0000000083000000, 0x0000000083000000, 0x0000000083100000|  0%| F|  |TAMS 0x0000000083000000, 0x0000000083000000| Untracked 
|  49|0x0000000083100000, 0x0000000083100000, 0x0000000083200000|  0%| F|  |TAMS 0x0000000083100000, 0x0000000083100000| Untracked 
|  50|0x0000000083200000, 0x0000000083200000, 0x0000000083300000|  0%| F|  |TAMS 0x0000000083200000, 0x0000000083200000| Untracked 
|  51|0x0000000083300000, 0x0000000083300000, 0x0000000083400000|  0%| F|  |TAMS 0x0000000083300000, 0x0000000083300000| Untracked 
|  52|0x0000000083400000, 0x0000000083400000, 0x0000000083500000|  0%| F|  |TAMS 0x0000000083400000, 0x0000000083400000| Untracked 
|  53|0x0000000083500000, 0x0000000083500000, 0x0000000083600000|  0%| F|  |TAMS 0x0000000083500000, 0x0000000083500000| Untracked 
|  54|0x0000000083600000, 0x0000000083600000, 0x0000000083700000|  0%| F|  |TAMS 0x0000000083600000, 0x0000000083600000| Untracked 
|  55|0x0000000083700000, 0x0000000083700000, 0x0000000083800000|  0%| F|  |TAMS 0x0000000083700000, 0x0000000083700000| Untracked 
|  56|0x0000000083800000, 0x0000000083800000, 0x0000000083900000|  0%| F|  |TAMS 0x0000000083800000, 0x0000000083800000| Untracked 
|  57|0x0000000083900000, 0x0000000083900000, 0x0000000083a00000|  0%| F|  |TAMS 0x0000000083900000, 0x0000000083900000| Untracked 
|  58|0x0000000083a00000, 0x0000000083a00000, 0x0000000083b00000|  0%| F|  |TAMS 0x0000000083a00000, 0x0000000083a00000| Untracked 
|  59|0x0000000083b00000, 0x0000000083b00000, 0x0000000083c00000|  0%| F|  |TAMS 0x0000000083b00000, 0x0000000083b00000| Untracked 
|  60|0x0000000083c00000, 0x0000000083c00000, 0x0000000083d00000|  0%| F|  |TAMS 0x0000000083c00000, 0x0000000083c00000| Untracked 
|  61|0x0000000083d00000, 0x0000000083d00000, 0x0000000083e00000|  0%| F|  |TAMS 0x0000000083d00000, 0x0000000083d00000| Untracked 
|  62|0x0000000083e00000, 0x0000000083e00000, 0x0000000083f00000|  0%| F|  |TAMS 0x0000000083e00000, 0x0000000083e00000| Untracked 
|  63|0x0000000083f00000, 0x0000000083f00000, 0x0000000084000000|  0%| F|  |TAMS 0x0000000083f00000, 0x0000000083f00000| Untracked 
|  64|0x0000000084000000, 0x0000000084000000, 0x0000000084100000|  0%| F|  |TAMS 0x0000000084000000, 0x0000000084000000| Untracked 
|  65|0x0000000084100000, 0x0000000084100000, 0x0000000084200000|  0%| F|  |TAMS 0x0000000084100000, 0x0000000084100000| Untracked 
|  66|0x0000000084200000, 0x0000000084200000, 0x0000000084300000|  0%| F|  |TAMS 0x0000000084200000, 0x0000000084200000| Untracked 
|  67|0x0000000084300000, 0x0000000084300000, 0x0000000084400000|  0%| F|  |TAMS 0x0000000084300000, 0x0000000084300000| Untracked 
|  68|0x0000000084400000, 0x0000000084400000, 0x0000000084500000|  0%| F|  |TAMS 0x0000000084400000, 0x0000000084400000| Untracked 
|  69|0x0000000084500000, 0x0000000084500000, 0x0000000084600000|  0%| F|  |TAMS 0x0000000084500000, 0x0000000084500000| Untracked 
|  70|0x0000000084600000, 0x00000000846c7c50, 0x0000000084700000| 78%| S|CS|TAMS 0x0000000084600000, 0x0000000084600000| Complete 
|  71|0x0000000084700000, 0x0000000084800000, 0x0000000084800000|100%| S|CS|TAMS 0x0000000084700000, 0x0000000084700000| Complete 
|  72|0x0000000084800000, 0x0000000084900000, 0x0000000084900000|100%| S|CS|TAMS 0x0000000084800000, 0x0000000084800000| Complete 
|  73|0x0000000084900000, 0x0000000084a00000, 0x0000000084a00000|100%| S|CS|TAMS 0x0000000084900000, 0x0000000084900000| Complete 
|  74|0x0000000084a00000, 0x0000000084b00000, 0x0000000084b00000|100%| S|CS|TAMS 0x0000000084a00000, 0x0000000084a00000| Complete 
|  75|0x0000000084b00000, 0x0000000084c00000, 0x0000000084c00000|100%| S|CS|TAMS 0x0000000084b00000, 0x0000000084b00000| Complete 
|  76|0x0000000084c00000, 0x0000000084d00000, 0x0000000084d00000|100%| S|CS|TAMS 0x0000000084c00000, 0x0000000084c00000| Complete 
|  77|0x0000000084d00000, 0x0000000084d00000, 0x0000000084e00000|  0%| F|  |TAMS 0x0000000084d00000, 0x0000000084d00000| Untracked 
|  78|0x0000000084e00000, 0x0000000084e00000, 0x0000000084f00000|  0%| F|  |TAMS 0x0000000084e00000, 0x0000000084e00000| Untracked 
|  79|0x0000000084f00000, 0x0000000084f00000, 0x0000000085000000|  0%| F|  |TAMS 0x0000000084f00000, 0x0000000084f00000| Untracked 
|  80|0x0000000085000000, 0x0000000085000000, 0x0000000085100000|  0%| F|  |TAMS 0x0000000085000000, 0x0000000085000000| Untracked 
|  81|0x0000000085100000, 0x0000000085100000, 0x0000000085200000|  0%| F|  |TAMS 0x0000000085100000, 0x0000000085100000| Untracked 
|  82|0x0000000085200000, 0x0000000085200000, 0x0000000085300000|  0%| F|  |TAMS 0x0000000085200000, 0x0000000085200000| Untracked 
|  83|0x0000000085300000, 0x0000000085300000, 0x0000000085400000|  0%| F|  |TAMS 0x0000000085300000, 0x0000000085300000| Untracked 
|  84|0x0000000085400000, 0x0000000085400000, 0x0000000085500000|  0%| F|  |TAMS 0x0000000085400000, 0x0000000085400000| Untracked 
|  85|0x0000000085500000, 0x0000000085500000, 0x0000000085600000|  0%| F|  |TAMS 0x0000000085500000, 0x0000000085500000| Untracked 
|  86|0x0000000085600000, 0x0000000085600000, 0x0000000085700000|  0%| F|  |TAMS 0x0000000085600000, 0x0000000085600000| Untracked 
|  87|0x0000000085700000, 0x0000000085700000, 0x0000000085800000|  0%| F|  |TAMS 0x0000000085700000, 0x0000000085700000| Untracked 
|  88|0x0000000085800000, 0x0000000085800000, 0x0000000085900000|  0%| F|  |TAMS 0x0000000085800000, 0x0000000085800000| Untracked 
|  89|0x0000000085900000, 0x0000000085900000, 0x0000000085a00000|  0%| F|  |TAMS 0x0000000085900000, 0x0000000085900000| Untracked 
|  90|0x0000000085a00000, 0x0000000085a00000, 0x0000000085b00000|  0%| F|  |TAMS 0x0000000085a00000, 0x0000000085a00000| Untracked 
|  91|0x0000000085b00000, 0x0000000085b00000, 0x0000000085c00000|  0%| F|  |TAMS 0x0000000085b00000, 0x0000000085b00000| Untracked 
|  92|0x0000000085c00000, 0x0000000085c00000, 0x0000000085d00000|  0%| F|  |TAMS 0x0000000085c00000, 0x0000000085c00000| Untracked 
|  93|0x0000000085d00000, 0x0000000085d00000, 0x0000000085e00000|  0%| F|  |TAMS 0x0000000085d00000, 0x0000000085d00000| Untracked 
|  94|0x0000000085e00000, 0x0000000085e00000, 0x0000000085f00000|  0%| F|  |TAMS 0x0000000085e00000, 0x0000000085e00000| Untracked 
|  95|0x0000000085f00000, 0x0000000085f00000, 0x0000000086000000|  0%| F|  |TAMS 0x0000000085f00000, 0x0000000085f00000| Untracked 
|  96|0x0000000086000000, 0x0000000086000000, 0x0000000086100000|  0%| F|  |TAMS 0x0000000086000000, 0x0000000086000000| Untracked 
|  97|0x0000000086100000, 0x0000000086100000, 0x0000000086200000|  0%| F|  |TAMS 0x0000000086100000, 0x0000000086100000| Untracked 
|  98|0x0000000086200000, 0x0000000086200000, 0x0000000086300000|  0%| F|  |TAMS 0x0000000086200000, 0x0000000086200000| Untracked 
|  99|0x0000000086300000, 0x0000000086300000, 0x0000000086400000|  0%| F|  |TAMS 0x0000000086300000, 0x0000000086300000| Untracked 
| 100|0x0000000086400000, 0x0000000086400000, 0x0000000086500000|  0%| F|  |TAMS 0x0000000086400000, 0x0000000086400000| Untracked 
| 101|0x0000000086500000, 0x0000000086500000, 0x0000000086600000|  0%| F|  |TAMS 0x0000000086500000, 0x0000000086500000| Untracked 
| 102|0x0000000086600000, 0x0000000086600000, 0x0000000086700000|  0%| F|  |TAMS 0x0000000086600000, 0x0000000086600000| Untracked 
| 103|0x0000000086700000, 0x0000000086700000, 0x0000000086800000|  0%| F|  |TAMS 0x0000000086700000, 0x0000000086700000| Untracked 
| 104|0x0000000086800000, 0x0000000086800000, 0x0000000086900000|  0%| F|  |TAMS 0x0000000086800000, 0x0000000086800000| Untracked 
| 105|0x0000000086900000, 0x0000000086900000, 0x0000000086a00000|  0%| F|  |TAMS 0x0000000086900000, 0x0000000086900000| Untracked 
| 106|0x0000000086a00000, 0x0000000086a00000, 0x0000000086b00000|  0%| F|  |TAMS 0x0000000086a00000, 0x0000000086a00000| Untracked 
| 107|0x0000000086b00000, 0x0000000086b00000, 0x0000000086c00000|  0%| F|  |TAMS 0x0000000086b00000, 0x0000000086b00000| Untracked 
| 108|0x0000000086c00000, 0x0000000086c00000, 0x0000000086d00000|  0%| F|  |TAMS 0x0000000086c00000, 0x0000000086c00000| Untracked 
| 109|0x0000000086d00000, 0x0000000086d00000, 0x0000000086e00000|  0%| F|  |TAMS 0x0000000086d00000, 0x0000000086d00000| Untracked 
| 110|0x0000000086e00000, 0x0000000086e00000, 0x0000000086f00000|  0%| F|  |TAMS 0x0000000086e00000, 0x0000000086e00000| Untracked 
| 111|0x0000000086f00000, 0x0000000086f00000, 0x0000000087000000|  0%| F|  |TAMS 0x0000000086f00000, 0x0000000086f00000| Untracked 
| 112|0x0000000087000000, 0x0000000087000000, 0x0000000087100000|  0%| F|  |TAMS 0x0000000087000000, 0x0000000087000000| Untracked 
| 113|0x0000000087100000, 0x0000000087100000, 0x0000000087200000|  0%| F|  |TAMS 0x0000000087100000, 0x0000000087100000| Untracked 
| 114|0x0000000087200000, 0x0000000087200000, 0x0000000087300000|  0%| F|  |TAMS 0x0000000087200000, 0x0000000087200000| Untracked 
| 115|0x0000000087300000, 0x0000000087300000, 0x0000000087400000|  0%| F|  |TAMS 0x0000000087300000, 0x0000000087300000| Untracked 
| 116|0x0000000087400000, 0x0000000087400000, 0x0000000087500000|  0%| F|  |TAMS 0x0000000087400000, 0x0000000087400000| Untracked 
| 117|0x0000000087500000, 0x0000000087500000, 0x0000000087600000|  0%| F|  |TAMS 0x0000000087500000, 0x0000000087500000| Untracked 
| 118|0x0000000087600000, 0x0000000087600000, 0x0000000087700000|  0%| F|  |TAMS 0x0000000087600000, 0x0000000087600000| Untracked 
| 119|0x0000000087700000, 0x0000000087700000, 0x0000000087800000|  0%| F|  |TAMS 0x0000000087700000, 0x0000000087700000| Untracked 
| 120|0x0000000087800000, 0x0000000087800000, 0x0000000087900000|  0%| F|  |TAMS 0x0000000087800000, 0x0000000087800000| Untracked 
| 121|0x0000000087900000, 0x0000000087900000, 0x0000000087a00000|  0%| F|  |TAMS 0x0000000087900000, 0x0000000087900000| Untracked 
| 122|0x0000000087a00000, 0x0000000087a00000, 0x0000000087b00000|  0%| F|  |TAMS 0x0000000087a00000, 0x0000000087a00000| Untracked 
| 123|0x0000000087b00000, 0x0000000087b00000, 0x0000000087c00000|  0%| F|  |TAMS 0x0000000087b00000, 0x0000000087b00000| Untracked 
| 124|0x0000000087c00000, 0x0000000087c00000, 0x0000000087d00000|  0%| F|  |TAMS 0x0000000087c00000, 0x0000000087c00000| Untracked 
| 125|0x0000000087d00000, 0x0000000087d00000, 0x0000000087e00000|  0%| F|  |TAMS 0x0000000087d00000, 0x0000000087d00000| Untracked 
| 126|0x0000000087e00000, 0x0000000087e00000, 0x0000000087f00000|  0%| F|  |TAMS 0x0000000087e00000, 0x0000000087e00000| Untracked 
| 127|0x0000000087f00000, 0x0000000087f00000, 0x0000000088000000|  0%| F|  |TAMS 0x0000000087f00000, 0x0000000087f00000| Untracked 
| 128|0x0000000088000000, 0x0000000088000000, 0x0000000088100000|  0%| F|  |TAMS 0x0000000088000000, 0x0000000088000000| Untracked 
| 129|0x0000000088100000, 0x0000000088100000, 0x0000000088200000|  0%| F|  |TAMS 0x0000000088100000, 0x0000000088100000| Untracked 
| 130|0x0000000088200000, 0x0000000088200000, 0x0000000088300000|  0%| F|  |TAMS 0x0000000088200000, 0x0000000088200000| Untracked 
| 131|0x0000000088300000, 0x0000000088300000, 0x0000000088400000|  0%| F|  |TAMS 0x0000000088300000, 0x0000000088300000| Untracked 
| 132|0x0000000088400000, 0x0000000088400000, 0x0000000088500000|  0%| F|  |TAMS 0x0000000088400000, 0x0000000088400000| Untracked 
| 133|0x0000000088500000, 0x0000000088500000, 0x0000000088600000|  0%| F|  |TAMS 0x0000000088500000, 0x0000000088500000| Untracked 
| 134|0x0000000088600000, 0x0000000088600000, 0x0000000088700000|  0%| F|  |TAMS 0x0000000088600000, 0x0000000088600000| Untracked 
| 135|0x0000000088700000, 0x0000000088700000, 0x0000000088800000|  0%| F|  |TAMS 0x0000000088700000, 0x0000000088700000| Untracked 
| 136|0x0000000088800000, 0x0000000088800000, 0x0000000088900000|  0%| F|  |TAMS 0x0000000088800000, 0x0000000088800000| Untracked 
| 137|0x0000000088900000, 0x0000000088900000, 0x0000000088a00000|  0%| F|  |TAMS 0x0000000088900000, 0x0000000088900000| Untracked 
| 138|0x0000000088a00000, 0x0000000088a00000, 0x0000000088b00000|  0%| F|  |TAMS 0x0000000088a00000, 0x0000000088a00000| Untracked 
| 139|0x0000000088b00000, 0x0000000088b00000, 0x0000000088c00000|  0%| F|  |TAMS 0x0000000088b00000, 0x0000000088b00000| Untracked 
| 140|0x0000000088c00000, 0x0000000088c00000, 0x0000000088d00000|  0%| F|  |TAMS 0x0000000088c00000, 0x0000000088c00000| Untracked 
| 141|0x0000000088d00000, 0x0000000088d00000, 0x0000000088e00000|  0%| F|  |TAMS 0x0000000088d00000, 0x0000000088d00000| Untracked 
| 142|0x0000000088e00000, 0x0000000088e00000, 0x0000000088f00000|  0%| F|  |TAMS 0x0000000088e00000, 0x0000000088e00000| Untracked 
| 143|0x0000000088f00000, 0x0000000088f00000, 0x0000000089000000|  0%| F|  |TAMS 0x0000000088f00000, 0x0000000088f00000| Untracked 
| 144|0x0000000089000000, 0x0000000089000000, 0x0000000089100000|  0%| F|  |TAMS 0x0000000089000000, 0x0000000089000000| Untracked 
| 145|0x0000000089100000, 0x0000000089100000, 0x0000000089200000|  0%| F|  |TAMS 0x0000000089100000, 0x0000000089100000| Untracked 
| 146|0x0000000089200000, 0x0000000089200000, 0x0000000089300000|  0%| F|  |TAMS 0x0000000089200000, 0x0000000089200000| Untracked 
| 147|0x0000000089300000, 0x0000000089300000, 0x0000000089400000|  0%| F|  |TAMS 0x0000000089300000, 0x0000000089300000| Untracked 
| 148|0x0000000089400000, 0x0000000089400000, 0x0000000089500000|  0%| F|  |TAMS 0x0000000089400000, 0x0000000089400000| Untracked 
| 149|0x0000000089500000, 0x0000000089500000, 0x0000000089600000|  0%| F|  |TAMS 0x0000000089500000, 0x0000000089500000| Untracked 
| 150|0x0000000089600000, 0x0000000089600000, 0x0000000089700000|  0%| F|  |TAMS 0x0000000089600000, 0x0000000089600000| Untracked 
| 151|0x0000000089700000, 0x0000000089780800, 0x0000000089800000| 50%| E|  |TAMS 0x0000000089700000, 0x0000000089700000| Complete 
| 152|0x0000000089800000, 0x0000000089900000, 0x0000000089900000|100%| E|CS|TAMS 0x0000000089800000, 0x0000000089800000| Complete 
| 153|0x0000000089900000, 0x0000000089a00000, 0x0000000089a00000|100%| E|CS|TAMS 0x0000000089900000, 0x0000000089900000| Complete 

Card table byte_map: [0x000002b5132f0000,0x000002b5136f0000] _byte_map_base: 0x000002b512ef0000

Marking Bits (Prev, Next): (CMBitMap*) 0x000002b57f6c2f18, (CMBitMap*) 0x000002b57f6c2f50
 Prev Bits: [0x000002b513af0000, 0x000002b515af0000)
 Next Bits: [0x000002b515af0000, 0x000002b517af0000)

Polling page: 0x000002b500000000

Metaspace:

Usage:
  Non-class:     36.49 MB capacity,    35.92 MB ( 98%) used,   501.70 KB (  1%) free+waste,    84.06 KB ( <1%) overhead. 
      Class:      5.61 MB capacity,     5.30 MB ( 95%) used,   270.23 KB (  5%) free+waste,    40.56 KB ( <1%) overhead. 
       Both:     42.10 MB capacity,    41.22 MB ( 98%) used,   771.93 KB (  2%) free+waste,   124.63 KB ( <1%) overhead. 

Virtual space:
  Non-class space:       38.00 MB reserved,      36.50 MB ( 96%) committed 
      Class space:        1.00 GB reserved,       5.70 MB ( <1%) committed 
             Both:        1.04 GB reserved,      42.20 MB (  4%) committed 

Chunk freelists:
   Non-Class:  13.00 KB
       Class:  0 bytes
        Both:  13.00 KB

MaxMetaspaceSize: 17179869184.00 GB
CompressedClassSpaceSize: 1.00 GB

CodeHeap 'non-profiled nmethods': size=120064Kb used=1619Kb max_used=1619Kb free=118444Kb
 bounds [0x000002b50b380000, 0x000002b50b5f0000, 0x000002b5128c0000]
CodeHeap 'profiled nmethods': size=120000Kb used=6352Kb max_used=6352Kb free=113648Kb
 bounds [0x000002b503e50000, 0x000002b504490000, 0x000002b50b380000]
CodeHeap 'non-nmethods': size=5696Kb used=2185Kb max_used=2224Kb free=3510Kb
 bounds [0x000002b5038c0000, 0x000002b503b30000, 0x000002b503e50000]
 total_blobs=3797 nmethods=3053 adapters=655
 compilation: enabled
              stopped_count=0, restarted_count=0
 full_count=0

Compilation events (20 events):
Event: 6.545 Thread 0x000002b51aae1800 nmethod 3237 0x000002b504475410 code [0x000002b504475880, 0x000002b504477978]
Event: 6.545 Thread 0x000002b51aae1800 3236       3       java.lang.invoke.BootstrapMethodInvoker::isLambdaMetafactoryIndyBSM (13 bytes)
Event: 6.545 Thread 0x000002b51aae1800 nmethod 3236 0x000002b504478490 code [0x000002b504478640, 0x000002b504478778]
Event: 6.550 Thread 0x000002b51aae1800 3238       3       java.lang.invoke.Invokers$Holder::invokeExact_MT (32 bytes)
Event: 6.551 Thread 0x000002b51aae1800 nmethod 3238 0x000002b504478810 code [0x000002b504478a20, 0x000002b5044792f8]
Event: 6.551 Thread 0x000002b51aae1800 3239       3       java.lang.invoke.LambdaMetafactory::metafactory (35 bytes)
Event: 6.551 Thread 0x000002b51aae1800 nmethod 3239 0x000002b504479510 code [0x000002b5044796e0, 0x000002b504479988]
Event: 6.558 Thread 0x000002b51aad6800 3240       4       java.lang.ClassLoader::defineClass (43 bytes)
Event: 6.559 Thread 0x000002b51aae1800 3242       1       org.slf4j.impl.StaticLoggerBinder::getLoggerFactory (5 bytes)
Event: 6.559 Thread 0x000002b51aae1800 nmethod 3242 0x000002b50b506410 code [0x000002b50b5065c0, 0x000002b50b506678]
Event: 6.614 Thread 0x000002b51aae1800 3243       3       java.net.URI$Parser::scan (76 bytes)
Event: 6.615 Thread 0x000002b51aae1800 nmethod 3243 0x000002b504479a90 code [0x000002b504479ce0, 0x000002b50447a5b8]
Event: 6.615 Thread 0x000002b51aae1800 3244       3       java.util.Collections::singletonIterator (9 bytes)
Event: 6.615 Thread 0x000002b51aae1800 nmethod 3244 0x000002b50447a990 code [0x000002b50447ab60, 0x000002b50447adb8]
Event: 6.615 Thread 0x000002b51aae1800 3245       3       java.util.Collections$1::<init> (15 bytes)
Event: 6.615 Thread 0x000002b51aae1800 nmethod 3245 0x000002b50447ae90 code [0x000002b50447b040, 0x000002b50447b1f8]
Event: 6.640 Thread 0x000002b51aae1800 3246       3       java.lang.invoke.BoundMethodHandle::rebind (14 bytes)
Event: 6.641 Thread 0x000002b51aae1800 nmethod 3246 0x000002b50447b290 code [0x000002b50447b4e0, 0x000002b50447be28]
Event: 6.641 Thread 0x000002b51aae1800 3247       3       java.lang.invoke.BoundMethodHandle::tooComplex (27 bytes)
Event: 6.641 Thread 0x000002b51aae1800 nmethod 3247 0x000002b50447c190 code [0x000002b50447c380, 0x000002b50447c7d8]

GC Heap History (14 events):
Event: 0.632 GC heap before
{Heap before GC invocations=0 (full 0):
 garbage-first heap   total 131072K, used 19456K [0x0000000080000000, 0x0000000100000000)
  region size 1024K, 14 young (14336K), 0 survivors (0K)
 Metaspace       used 7471K, capacity 7615K, committed 7680K, reserved 1056768K
  class space    used 687K, capacity 748K, committed 768K, reserved 1048576K
}
Event: 0.636 GC heap after
{Heap after GC invocations=1 (full 0):
 garbage-first heap   total 131072K, used 7706K [0x0000000080000000, 0x0000000100000000)
  region size 1024K, 2 young (2048K), 2 survivors (2048K)
 Metaspace       used 7471K, capacity 7615K, committed 7680K, reserved 1056768K
  class space    used 687K, capacity 748K, committed 768K, reserved 1048576K
}
Event: 1.092 GC heap before
{Heap before GC invocations=1 (full 0):
 garbage-first heap   total 131072K, used 18970K [0x0000000080000000, 0x0000000100000000)
  region size 1024K, 13 young (13312K), 2 survivors (2048K)
 Metaspace       used 10452K, capacity 10644K, committed 11008K, reserved 1058816K
  class space    used 1100K, capacity 1164K, committed 1280K, reserved 1048576K
}
Event: 1.095 GC heap after
{Heap after GC invocations=2 (full 0):
 garbage-first heap   total 131072K, used 8444K [0x0000000080000000, 0x0000000100000000)
  region size 1024K, 1 young (1024K), 1 survivors (1024K)
 Metaspace       used 10452K, capacity 10644K, committed 11008K, reserved 1058816K
  class space    used 1100K, capacity 1164K, committed 1280K, reserved 1048576K
}
Event: 1.620 GC heap before
{Heap before GC invocations=2 (full 0):
 garbage-first heap   total 131072K, used 35068K [0x0000000080000000, 0x0000000100000000)
  region size 1024K, 28 young (28672K), 1 survivors (1024K)
 Metaspace       used 10620K, capacity 10773K, committed 11008K, reserved 1058816K
  class space    used 1101K, capacity 1164K, committed 1280K, reserved 1048576K
}
Event: 1.624 GC heap after
{Heap after GC invocations=3 (full 0):
 garbage-first heap   total 131072K, used 12338K [0x0000000080000000, 0x0000000100000000)
  region size 1024K, 4 young (4096K), 4 survivors (4096K)
 Metaspace       used 10620K, capacity 10773K, committed 11008K, reserved 1058816K
  class space    used 1101K, capacity 1164K, committed 1280K, reserved 1048576K
}
Event: 3.238 GC heap before
{Heap before GC invocations=3 (full 0):
 garbage-first heap   total 131072K, used 52274K [0x0000000080000000, 0x0000000100000000)
  region size 1024K, 43 young (44032K), 4 survivors (4096K)
 Metaspace       used 18514K, capacity 18985K, committed 19072K, reserved 1067008K
  class space    used 2213K, capacity 2359K, committed 2432K, reserved 1048576K
}
Event: 3.251 GC heap after
{Heap after GC invocations=4 (full 0):
 garbage-first heap   total 131072K, used 15542K [0x0000000080000000, 0x0000000100000000)
  region size 1024K, 4 young (4096K), 4 survivors (4096K)
 Metaspace       used 18514K, capacity 18985K, committed 19072K, reserved 1067008K
  class space    used 2213K, capacity 2359K, committed 2432K, reserved 1048576K
}
Event: 3.498 GC heap before
{Heap before GC invocations=4 (full 0):
 garbage-first heap   total 131072K, used 30902K [0x0000000080000000, 0x0000000100000000)
  region size 1024K, 20 young (20480K), 4 survivors (4096K)
 Metaspace       used 20654K, capacity 21109K, committed 21248K, reserved 1067008K
  class space    used 2531K, capacity 2710K, committed 2816K, reserved 1048576K
}
Event: 3.504 GC heap after
{Heap after GC invocations=5 (full 0):
 garbage-first heap   total 131072K, used 16083K [0x0000000080000000, 0x0000000100000000)
  region size 1024K, 4 young (4096K), 4 survivors (4096K)
 Metaspace       used 20654K, capacity 21109K, committed 21248K, reserved 1067008K
  class space    used 2531K, capacity 2710K, committed 2816K, reserved 1048576K
}
Event: 4.480 GC heap before
{Heap before GC invocations=6 (full 0):
 garbage-first heap   total 131072K, used 69331K [0x0000000080000000, 0x0000000100000000)
  region size 1024K, 56 young (57344K), 4 survivors (4096K)
 Metaspace       used 26527K, capacity 27090K, committed 27264K, reserved 1073152K
  class space    used 3479K, capacity 3708K, committed 3712K, reserved 1048576K
}
Event: 4.488 GC heap after
{Heap after GC invocations=7 (full 0):
 garbage-first heap   total 131072K, used 18121K [0x0000000080000000, 0x0000000100000000)
  region size 1024K, 6 young (6144K), 6 survivors (6144K)
 Metaspace       used 26527K, capacity 27090K, committed 27264K, reserved 1073152K
  class space    used 3479K, capacity 3708K, committed 3712K, reserved 1048576K
}
Event: 5.392 GC heap before
{Heap before GC invocations=7 (full 0):
 garbage-first heap   total 131072K, used 62153K [0x0000000080000000, 0x0000000100000000)
  region size 1024K, 51 young (52224K), 6 survivors (6144K)
 Metaspace       used 35054K, capacity 35829K, committed 35840K, reserved 1081344K
  class space    used 4560K, capacity 4856K, committed 4864K, reserved 1048576K
}
Event: 5.408 GC heap after
{Heap after GC invocations=8 (full 0):
 garbage-first heap   total 157696K, used 21277K [0x0000000080000000, 0x0000000100000000)
  region size 1024K, 6 young (6144K), 6 survivors (6144K)
 Metaspace       used 35054K, capacity 35829K, committed 35840K, reserved 1081344K
  class space    used 4560K, capacity 4856K, committed 4864K, reserved 1048576K
}

Deoptimization events (20 events):
Event: 6.015 Thread 0x000002b51b995000 Uncommon trap: trap_request=0xffffff4d fr.pc=0x000002b50b48bd88 relative=0x00000000000000e8
Event: 6.015 Thread 0x000002b51b995000 Uncommon trap: reason=unstable_if action=reinterpret pc=0x000002b50b48bd88 method=org.objectweb.asm.ByteVector.putShort(I)Lorg/objectweb/asm/ByteVector; @ 13 c2
Event: 6.016 Thread 0x000002b51b995000 DEOPT PACKING pc=0x000002b50b48bd88 sp=0x000000d9ef0f93b0
Event: 6.016 Thread 0x000002b51b995000 DEOPT UNPACKING pc=0x000002b5038e74af sp=0x000000d9ef0f9348 mode 2
Event: 6.140 Thread 0x000002b51b995000 Uncommon trap: trap_request=0xffffff4d fr.pc=0x000002b50b46eff8 relative=0x0000000000005d98
Event: 6.140 Thread 0x000002b51b995000 Uncommon trap: reason=unstable_if action=reinterpret pc=0x000002b50b46eff8 method=java.net.URLClassLoader.defineClass(Ljava/lang/String;Ljdk/internal/loader/Resource;)Ljava/lang/Class; @ 21 c2
Event: 6.140 Thread 0x000002b51b995000 DEOPT PACKING pc=0x000002b50b46eff8 sp=0x000000d9ef0f8bc0
Event: 6.140 Thread 0x000002b51b995000 DEOPT UNPACKING pc=0x000002b5038e74af sp=0x000000d9ef0f8b78 mode 2
Event: 6.436 Thread 0x000002b51b995000 Uncommon trap: trap_request=0xffffff4d fr.pc=0x000002b50b3e7980 relative=0x00000000000001c0
Event: 6.436 Thread 0x000002b51b995000 Uncommon trap: reason=unstable_if action=reinterpret pc=0x000002b50b3e7980 method=java.net.URI$Parser.scan(IILjava/lang/String;)I @ 26 c2
Event: 6.436 Thread 0x000002b51b995000 DEOPT PACKING pc=0x000002b50b3e7980 sp=0x000000d9ef0f9180
Event: 6.436 Thread 0x000002b51b995000 DEOPT UNPACKING pc=0x000002b5038e74af sp=0x000000d9ef0f9110 mode 2
Event: 6.436 Thread 0x000002b51b995000 Uncommon trap: trap_request=0xffffff4d fr.pc=0x000002b50b3c635c relative=0x000000000000011c
Event: 6.436 Thread 0x000002b51b995000 Uncommon trap: reason=unstable_if action=reinterpret pc=0x000002b50b3c635c method=java.net.URI.match(CJJ)Z @ 45 c2
Event: 6.436 Thread 0x000002b51b995000 DEOPT PACKING pc=0x000002b50b3c635c sp=0x000000d9ef0f8ef0
Event: 6.436 Thread 0x000002b51b995000 DEOPT UNPACKING pc=0x000002b5038e74af sp=0x000000d9ef0f8e28 mode 2
Event: 6.436 Thread 0x000002b51b995000 Uncommon trap: trap_request=0xffffff4d fr.pc=0x000002b50b39aee8 relative=0x0000000000000048
Event: 6.436 Thread 0x000002b51b995000 Uncommon trap: reason=unstable_if action=reinterpret pc=0x000002b50b39aee8 method=java.net.URI.match(CJJ)Z @ 19 c2
Event: 6.436 Thread 0x000002b51b995000 DEOPT PACKING pc=0x000002b50b39aee8 sp=0x000000d9ef0f8f00
Event: 6.436 Thread 0x000002b51b995000 DEOPT UNPACKING pc=0x000002b5038e74af sp=0x000000d9ef0f8eb0 mode 2

Classes redefined (0 events):
No events

Internal exceptions (20 events):
Event: 6.212 Thread 0x000002b51b995000 Exception <a 'java/lang/ClassNotFoundException'{0x00000000873a57d0}: org/gradle/api/internal/initialization/DefaultScriptHandlerCustomizer> (0x00000000873a57d0) thrown at [./src/hotspot/share/classfile/systemDictionary.cpp, line 231]
Event: 6.245 Thread 0x000002b51b995000 Exception <a 'java/lang/ClassNotFoundException'{0x0000000086fd2818}: org/gradle/api/internal/artifacts/dsl/DefaultRepositoryHandler_DecoratedBeanInfo> (0x0000000086fd2818) thrown at [./src/hotspot/share/classfile/systemDictionary.cpp, line 231]
Event: 6.246 Thread 0x000002b51b995000 Exception <a 'java/lang/ClassNotFoundException'{0x0000000086e03490}: org/gradle/api/internal/artifacts/dsl/DefaultRepositoryHandlerBeanInfo> (0x0000000086e03490) thrown at [./src/hotspot/share/classfile/systemDictionary.cpp, line 231]
Event: 6.247 Thread 0x000002b51b995000 Exception <a 'java/lang/ClassNotFoundException'{0x0000000086e35ea0}: org/gradle/api/internal/artifacts/DefaultArtifactRepositoryContainerBeanInfo> (0x0000000086e35ea0) thrown at [./src/hotspot/share/classfile/systemDictionary.cpp, line 231]
Event: 6.248 Thread 0x000002b51b995000 Exception <a 'java/lang/ClassNotFoundException'{0x0000000086e58cd0}: org/gradle/api/internal/DefaultNamedDomainObjectListBeanInfo> (0x0000000086e58cd0) thrown at [./src/hotspot/share/classfile/systemDictionary.cpp, line 231]
Event: 6.249 Thread 0x000002b51b995000 Exception <a 'java/lang/ClassNotFoundException'{0x0000000086e7c898}: org/gradle/api/internal/DefaultNamedDomainObjectCollectionBeanInfo> (0x0000000086e7c898) thrown at [./src/hotspot/share/classfile/systemDictionary.cpp, line 231]
Event: 6.250 Thread 0x000002b51b995000 Exception <a 'java/lang/ClassNotFoundException'{0x0000000086e9f960}: org/gradle/api/internal/DefaultDomainObjectCollectionBeanInfo> (0x0000000086e9f960) thrown at [./src/hotspot/share/classfile/systemDictionary.cpp, line 231]
Event: 6.250 Thread 0x000002b51b995000 Exception <a 'java/lang/ClassNotFoundException'{0x0000000086ea5408}: java/util/AbstractCollectionBeanInfo> (0x0000000086ea5408) thrown at [./src/hotspot/share/classfile/systemDictionary.cpp, line 231]
Event: 6.250 Thread 0x000002b51b995000 Exception <a 'java/lang/ClassNotFoundException'{0x0000000086eaae18}: java/util/AbstractCollectionCustomizer> (0x0000000086eaae18) thrown at [./src/hotspot/share/classfile/systemDictionary.cpp, line 231]
Event: 6.253 Thread 0x000002b51b995000 Exception <a 'java/lang/ClassNotFoundException'{0x0000000086ed7020}: org/gradle/api/internal/DefaultDomainObjectCollectionCustomizer> (0x0000000086ed7020) thrown at [./src/hotspot/share/classfile/systemDictionary.cpp, line 231]
Event: 6.256 Thread 0x000002b51b995000 Exception <a 'java/lang/ClassNotFoundException'{0x0000000086d18540}: org/gradle/api/internal/DefaultNamedDomainObjectCollectionCustomizer> (0x0000000086d18540) thrown at [./src/hotspot/share/classfile/systemDictionary.cpp, line 231]
Event: 6.260 Thread 0x000002b51b995000 Exception <a 'java/lang/ClassNotFoundException'{0x0000000086d6ce10}: org/gradle/api/internal/DefaultNamedDomainObjectListCustomizer> (0x0000000086d6ce10) thrown at [./src/hotspot/share/classfile/systemDictionary.cpp, line 231]
Event: 6.262 Thread 0x000002b51b995000 Exception <a 'java/lang/ClassNotFoundException'{0x0000000086db8f30}: org/gradle/api/internal/artifacts/DefaultArtifactRepositoryContainerCustomizer> (0x0000000086db8f30) thrown at [./src/hotspot/share/classfile/systemDictionary.cpp, line 231]
Event: 6.264 Thread 0x000002b51b995000 Exception <a 'java/lang/ClassNotFoundException'{0x0000000086dfaa48}: org/gradle/api/internal/artifacts/dsl/DefaultRepositoryHandlerCustomizer> (0x0000000086dfaa48) thrown at [./src/hotspot/share/classfile/systemDictionary.cpp, line 231]
Event: 6.267 Thread 0x000002b51b995000 Exception <a 'java/lang/ClassNotFoundException'{0x0000000086c4e0a8}: org/gradle/api/internal/artifacts/dsl/DefaultRepositoryHandler_DecoratedCustomizer> (0x0000000086c4e0a8) thrown at [./src/hotspot/share/classfile/systemDictionary.cpp, line 231]
Event: 6.301 Thread 0x000002b51b995000 Exception <a 'java/lang/NoSuchMethodError'{0x00000000869a8f28}: 'int java.lang.invoke.DirectMethodHandle$Holder.invokeStaticInit(java.lang.Object, java.lang.Object, java.lang.Object, java.lang.Object)'> (0x00000000869a8f28) thrown at [./src/hotspot/share/interpreter/linkResolver.cpp, line 773]
Event: 6.405 Thread 0x000002b51b995000 Exception <a 'java/lang/ClassNotFoundException'{0x000000008622a840}: org/gradle/api/internal/artifacts/dsl/dependencies/DefaultDependencyHandler_DecoratedBeanInfo> (0x000000008622a840) thrown at [./src/hotspot/share/classfile/systemDictionary.cpp, line 231]
Event: 6.407 Thread 0x000002b51b995000 Exception <a 'java/lang/ClassNotFoundException'{0x000000008625f630}: org/gradle/api/internal/artifacts/dsl/dependencies/DefaultDependencyHandlerBeanInfo> (0x000000008625f630) thrown at [./src/hotspot/share/classfile/systemDictionary.cpp, line 231]
Event: 6.409 Thread 0x000002b51b995000 Exception <a 'java/lang/ClassNotFoundException'{0x0000000086294c20}: org/gradle/api/internal/artifacts/dsl/dependencies/DefaultDependencyHandlerCustomizer> (0x0000000086294c20) thrown at [./src/hotspot/share/classfile/systemDictionary.cpp, line 231]
Event: 6.411 Thread 0x000002b51b995000 Exception <a 'java/lang/ClassNotFoundException'{0x00000000862e8a80}: org/gradle/api/internal/artifacts/dsl/dependencies/DefaultDependencyHandler_DecoratedCustomizer> (0x00000000862e8a80) thrown at [./src/hotspot/share/classfile/systemDictionary.cpp, line 231]

Events (20 events):
Event: 6.642 loading class org/gradle/caching/internal/packaging/impl/DefaultTarPackerFileSystemSupport
Event: 6.642 loading class org/gradle/caching/internal/packaging/impl/DefaultTarPackerFileSystemSupport done
Event: 6.643 loading class org/gradle/caching/internal/packaging/impl/GZipBuildCacheEntryPacker
Event: 6.643 loading class org/gradle/caching/internal/packaging/impl/GZipBuildCacheEntryPacker done
Event: 6.643 loading class java/util/zip/GZIPOutputStream
Event: 6.643 loading class java/util/zip/DeflaterOutputStream
Event: 6.643 loading class java/util/zip/DeflaterOutputStream done
Event: 6.643 loading class java/util/zip/GZIPOutputStream done
Event: 6.643 loading class java/util/zip/GZIPInputStream
Event: 6.644 loading class java/util/zip/GZIPInputStream done
Event: 6.644 loading class org/gradle/caching/internal/packaging/impl/TarBuildCacheEntryPacker
Event: 6.644 loading class org/gradle/caching/internal/packaging/impl/TarBuildCacheEntryPacker done
Event: 6.645 loading class org/apache/commons/compress/archivers/tar/TarArchiveInputStream
Event: 6.645 loading class org/apache/commons/compress/archivers/tar/TarArchiveInputStream done
Event: 6.646 loading class org/apache/commons/compress/archivers/ArchiveInputStream
Event: 6.646 loading class org/apache/commons/compress/archivers/ArchiveInputStream done
Event: 6.647 loading class org/apache/commons/io/input/CloseShieldInputStream
Event: 6.647 loading class org/apache/commons/io/input/CloseShieldInputStream done
Event: 6.647 loading class org/apache/commons/io/input/ProxyInputStream
Event: 6.647 loading class org/apache/commons/io/input/ProxyInputStream done


Dynamic libraries:
0x00007ff67d5b0000 - 0x00007ff67d5ba000 	E:\Program Files\Android\Android Studio\jre\bin\java.exe
0x00007fff18340000 - 0x00007fff18530000 	C:\Windows\SYSTEM32\ntdll.dll
0x00007ffecbad0000 - 0x00007ffecbb04000 	C:\Program Files\AVAST Software\Avast\x64\aswhooka.dll
0x00007fff16530000 - 0x00007fff165e2000 	C:\Windows\System32\KERNEL32.DLL
0x00007fff15490000 - 0x00007fff15735000 	C:\Windows\System32\KERNELBASE.dll
0x00007fff162f0000 - 0x00007fff163ea000 	C:\Windows\System32\ucrtbase.dll
0x00007ffefce20000 - 0x00007ffefce39000 	E:\Program Files\Android\Android Studio\jre\bin\jli.dll
0x00007fff165f0000 - 0x00007fff16784000 	C:\Windows\System32\USER32.dll
0x00007fff15a40000 - 0x00007fff15a61000 	C:\Windows\System32\win32u.dll
0x00007fff18130000 - 0x00007fff18156000 	C:\Windows\System32\GDI32.dll
0x00007fff15850000 - 0x00007fff159e6000 	C:\Windows\System32\gdi32full.dll
0x00007fff16200000 - 0x00007fff1629e000 	C:\Windows\System32\msvcp_win.dll
0x00007ffefb4a0000 - 0x00007ffefb4b7000 	E:\Program Files\Android\Android Studio\jre\bin\VCRUNTIME140.dll
0x00007fff02ec0000 - 0x00007fff03144000 	C:\Windows\WinSxS\amd64_microsoft.windows.common-controls_6595b64144ccf1df_6.0.18362.1256_none_9e7e379be45e40e2\COMCTL32.dll
0x00007fff167f0000 - 0x00007fff1688e000 	C:\Windows\System32\msvcrt.dll
0x00007fff179c0000 - 0x00007fff17cf6000 	C:\Windows\System32\combase.dll
0x00007fff17730000 - 0x00007fff17850000 	C:\Windows\System32\RPCRT4.dll
0x00007fff15400000 - 0x00007fff15481000 	C:\Windows\System32\bcryptPrimitives.dll
0x00007fff17d60000 - 0x00007fff17d8e000 	C:\Windows\System32\IMM32.DLL
0x00007ffef7030000 - 0x00007ffef70cd000 	E:\Program Files\Android\Android Studio\jre\bin\msvcp140.dll
0x00007ffeae6b0000 - 0x00007ffeaf16c000 	E:\Program Files\Android\Android Studio\jre\bin\server\jvm.dll
0x00007fff17ed0000 - 0x00007fff17f73000 	C:\Windows\System32\ADVAPI32.dll
0x00007fff17920000 - 0x00007fff179b7000 	C:\Windows\System32\sechost.dll
0x00007fff17230000 - 0x00007fff17238000 	C:\Windows\System32\PSAPI.DLL
0x00007ffee8170000 - 0x00007ffee8179000 	C:\Windows\SYSTEM32\WSOCK32.dll
0x00007fff17d90000 - 0x00007fff17dff000 	C:\Windows\System32\WS2_32.dll
0x00007fff12da0000 - 0x00007fff12dc4000 	C:\Windows\SYSTEM32\WINMM.dll
0x00007fff0d990000 - 0x00007fff0d99a000 	C:\Windows\SYSTEM32\VERSION.dll
0x00007fff12920000 - 0x00007fff1294d000 	C:\Windows\SYSTEM32\WINMMBASE.dll
0x00007fff159f0000 - 0x00007fff15a3a000 	C:\Windows\System32\cfgmgr32.dll
0x00007fff151f0000 - 0x00007fff15201000 	C:\Windows\System32\kernel.appcore.dll
0x00007fff12fb0000 - 0x00007fff12fc1000 	E:\Program Files\Android\Android Studio\jre\bin\verify.dll
0x00007fff13a80000 - 0x00007fff13c74000 	C:\Windows\SYSTEM32\DBGHELP.DLL
0x00007fff029b0000 - 0x00007fff029da000 	C:\Windows\SYSTEM32\dbgcore.DLL
0x00007fff12f80000 - 0x00007fff12fa9000 	E:\Program Files\Android\Android Studio\jre\bin\java.dll
0x00007fff12f70000 - 0x00007fff12f7b000 	E:\Program Files\Android\Android Studio\jre\bin\jimage.dll
0x00007fff12f50000 - 0x00007fff12f68000 	E:\Program Files\Android\Android Studio\jre\bin\zip.dll
0x00007fff169e0000 - 0x00007fff170c7000 	C:\Windows\System32\SHELL32.dll
0x00007fff18250000 - 0x00007fff182f9000 	C:\Windows\System32\shcore.dll
0x00007fff15a70000 - 0x00007fff161f1000 	C:\Windows\System32\windows.storage.dll
0x00007fff15230000 - 0x00007fff15253000 	C:\Windows\System32\profapi.dll
0x00007fff15260000 - 0x00007fff152aa000 	C:\Windows\System32\powrprof.dll
0x00007fff151e0000 - 0x00007fff151f0000 	C:\Windows\System32\UMPDC.dll
0x00007fff17d00000 - 0x00007fff17d52000 	C:\Windows\System32\shlwapi.dll
0x00007fff162d0000 - 0x00007fff162e7000 	C:\Windows\System32\cryptsp.dll
0x00007fff12f30000 - 0x00007fff12f4a000 	E:\Program Files\Android\Android Studio\jre\bin\net.dll
0x00007fff057a0000 - 0x00007fff05890000 	C:\Windows\SYSTEM32\WINHTTP.dll
0x00007fff149d0000 - 0x00007fff14a37000 	C:\Windows\system32\mswsock.dll
0x00007fff12f10000 - 0x00007fff12f24000 	E:\Program Files\Android\Android Studio\jre\bin\nio.dll
0x00007ffeff7c0000 - 0x00007ffeff7e7000 	C:\Users\hp\.gradle\native\fdc75f09e3144964f2cf3f50f0aa648679c211496f362492102eb8c894070792\windows-amd64\native-platform.dll
0x00007ffefa9c0000 - 0x00007ffefab56000 	C:\Users\hp\.gradle\native\12488b8bf47d2d4c9fbf2f6322a914ad602e24e48041cd04a747c6da556b65c4\windows-amd64\native-platform-file-events.dll
0x00007fff12f00000 - 0x00007fff12f0a000 	E:\Program Files\Android\Android Studio\jre\bin\management.dll
0x00007fff0f3e0000 - 0x00007fff0f3ec000 	E:\Program Files\Android\Android Studio\jre\bin\management_ext.dll
0x00007fff14540000 - 0x00007fff14573000 	C:\Windows\system32\rsaenh.dll
0x00007fff162a0000 - 0x00007fff162c6000 	C:\Windows\System32\bcrypt.dll
0x00007fff15100000 - 0x00007fff15125000 	C:\Windows\SYSTEM32\USERENV.dll
0x00007fff14ba0000 - 0x00007fff14bac000 	C:\Windows\SYSTEM32\CRYPTBASE.dll
0x00007fff146e0000 - 0x00007fff1471a000 	C:\Windows\SYSTEM32\IPHLPAPI.DLL
0x00007fff16520000 - 0x00007fff16528000 	C:\Windows\System32\NSI.dll
0x00007fff05f50000 - 0x00007fff05f66000 	C:\Windows\SYSTEM32\dhcpcsvc6.DLL
0x00007fff05fa0000 - 0x00007fff05fbc000 	C:\Windows\SYSTEM32\dhcpcsvc.DLL
0x00007fff14720000 - 0x00007fff147eb000 	C:\Windows\SYSTEM32\DNSAPI.dll
0x00007fff066d0000 - 0x00007fff066db000 	C:\Windows\SYSTEM32\WINNSI.DLL

dbghelp: loaded successfully - version: 4.0.5 - missing functions: none
symbol engine: initialized successfully - sym options: 0x614 - pdb path: .;E:\Program Files\Android\Android Studio\jre\bin;C:\Windows\SYSTEM32;C:\Program Files\AVAST Software\Avast\x64;C:\Windows\WinSxS\amd64_microsoft.windows.common-controls_6595b64144ccf1df_6.0.18362.1256_none_9e7e379be45e40e2;E:\Program Files\Android\Android Studio\jre\bin\server;C:\Users\hp\.gradle\native\fdc75f09e3144964f2cf3f50f0aa648679c211496f362492102eb8c894070792\windows-amd64;C:\Users\hp\.gradle\native\12488b8bf47d2d4c9fbf2f6322a914ad602e24e48041cd04a747c6da556b65c4\windows-amd64

VM Arguments:
jvm_args: --add-opens=java.base/java.util=ALL-UNNAMED --add-opens=java.base/java.lang=ALL-UNNAMED --add-opens=java.base/java.lang.invoke=ALL-UNNAMED --add-opens=java.prefs/java.util.prefs=ALL-UNNAMED -Xmx2048m -Dfile.encoding=UTF-8 -Duser.country=US -Duser.language=en -Duser.variant 
java_command: org.gradle.launcher.daemon.bootstrap.GradleDaemon 6.7.1
java_class_path (initial): C:\Users\hp\.gradle\wrapper\dists\gradle-6.7.1-bin\bwlcbys1h7rz3272sye1xwiv6\gradle-6.7.1\lib\gradle-launcher-6.7.1.jar
Launcher Type: SUN_STANDARD

[Global flags]
     intx CICompilerCount                          = 3                                         {product} {ergonomic}
     uint ConcGCThreads                            = 1                                         {product} {ergonomic}
     uint G1ConcRefinementThreads                  = 4                                         {product} {ergonomic}
   size_t G1HeapRegionSize                         = 1048576                                   {product} {ergonomic}
    uintx GCDrainStackTargetSize                   = 64                                        {product} {ergonomic}
   size_t InitialHeapSize                          = 134217728                                 {product} {ergonomic}
   size_t MarkStackSize                            = 4194304                                   {product} {ergonomic}
   size_t MaxHeapSize                              = 2147483648                                {product} {command line}
   size_t MaxNewSize                               = 1287651328                                {product} {ergonomic}
   size_t MinHeapDeltaBytes                        = 1048576                                   {product} {ergonomic}
    uintx NonNMethodCodeHeapSize                   = 5830732                                {pd product} {ergonomic}
    uintx NonProfiledCodeHeapSize                  = 122913754                              {pd product} {ergonomic}
    uintx ProfiledCodeHeapSize                     = 122913754                              {pd product} {ergonomic}
    uintx ReservedCodeCacheSize                    = 251658240                              {pd product} {ergonomic}
     bool SegmentedCodeCache                       = true                                      {product} {ergonomic}
     bool UseCompressedClassPointers               = true                                 {lp64_product} {ergonomic}
     bool UseCompressedOops                        = true                                 {lp64_product} {ergonomic}
     bool UseG1GC                                  = true                                      {product} {ergonomic}
     bool UseLargePagesIndividualAllocation        = false                                  {pd product} {ergonomic}

Logging:
Log output configuration:
 #0: stdout all=warning uptime,level,tags
 #1: stderr all=off uptime,level,tags

Environment Variables:
JAVA_HOME=C:\Program Files\Java\jdk-17.0.1
PATH=C:\ffmpeg\bin;C:\Program Files\Common Files\Oracle\Java\javapath;C:\Python310\Scripts\;C:\Python310\;C:\ProgramData\Oracle\Java\javapath;C:\Windows\system32;C:\Windows;C:\Windows\System32\Wbem;C:\Windows\System32\WindowsPowerShell\v1.0\;C:\Windows\System32\OpenSSH\;C:\Program Files\Java\jdk-17\bin;C:\Program Files\Microsoft SQL Server\Client SDK\ODBC\110\Tools\Binn\;C:\Program Files\Microsoft SQL Server\Client SDK\ODBC\170\Tools\Binn\;C:\ProgramData\chocolatey\bin;C:\Program Files\Java\jdk-17.0.1\bin;C:\Program Files\Azure Data Studio\bin;C:\Program Files\dotnet\;C:\Program Files\Git\cmd;C:\Program Files\nodejs\;C:\Users\hp\AppData\Local\Microsoft\WindowsApps;D:\Microsoft VS Code\bin;C:\Users\hp\AppData\Local\Android\Sdk\platform-tools;C:\Program Files (x86)\Microsoft SQL Server\150\DTS\Binn\;C:\Program Files (x86)\Microsoft SQL Server\150\Tools\Binn\;C:\Program Files\Microsoft SQL Server\150\Tools\Binn\;C:\Program Files\Microsoft SQL Server\150\DTS\Binn\;C:\Users\hp\AppData\Local\Microsoft\WindowsApps;D:\Microsoft VS Code\bin;C:\Program Files\Azure Data Studio\bin;C:\Users\hp\AppData\Local\Android\Sdk\platform-tools;;C:\Users\hp\AppData\Local\Programs\Microsoft VS Code\bin;C:\Users\hp\.dotnet\tools;C:\Users\hp\AppData\Roaming\npm
USERNAME=hp
OS=Windows_NT
PROCESSOR_IDENTIFIER=Intel64 Family 6 Model 142 Stepping 9, GenuineIntel



---------------  S Y S T E M  ---------------

OS: Windows 10 , 64 bit Build 18362 (10.0.18362.1110)
OS uptime: 0 days 0:34 hours

CPU:total 4 (initial active 4) (2 cores per cpu, 2 threads per core) family 6 model 142 stepping 9, cmov, cx8, fxsr, mmx, sse, sse2, sse3, ssse3, sse4.1, sse4.2, popcnt, avx, avx2, aes, clmul, erms, 3dnowpref, lzcnt, ht, tsc, tscinvbit, bmi1, bmi2, adx, fma

Memory: 4k page, system-wide physical 8078M (618M free)
TotalPageFile size 8078M (AvailPageFile size 15M)
current process WorkingSet (physical memory assigned to process): 249M, peak: 260M
current process commit charge ("private bytes"): 324M, peak: 337M

vm_info: OpenJDK 64-Bit Server VM (11.0.8+10-b944.6842174) for windows-amd64 JRE (11.0.8+10-b944.6842174), built on Sep 19 2020 01:11:42 by "builder" with MS VC++ 14.0 (VS2015)

END.
