#
# There is insufficient memory for the Java Runtime Environment to continue.
# Native memory allocation (malloc) failed to allocate 2057136 bytes for Chunk::new
# Possible reasons:
#   The system is out of physical RAM or swap space
#   The process is running with CompressedOops enabled, and the Java Heap may be blocking the growth of the native heap
# Possible solutions:
#   Reduce memory load on the system
#   Increase physical memory or swap space
#   Check if swap backing store is full
#   Decrease Java heap size (-Xmx/-Xms)
#   Decrease number of Java threads
#   Decrease Java thread stack sizes (-Xss)
#   Set larger code cache with -XX:ReservedCodeCacheSize=
#   JVM is running with Unscaled Compressed Oops mode in which the Java heap is
#     placed in the first 4GB address space. The Java Heap base address is the
#     maximum limit for the native heap growth. Please use -XX:HeapBaseMinAddress
#     to set the Java Heap base and to place the Java Heap above 4GB virtual address.
# This output file may be truncated or incomplete.
#
#  Out of Memory Error (./src/hotspot/share/memory/arena.cpp:197), pid=1480, tid=2116
#
# JRE version: OpenJDK Runtime Environment (11.0.8+10) (build 11.0.8+10-b944.6842174)
# Java VM: OpenJDK 64-Bit Server VM (11.0.8+10-b944.6842174, mixed mode, tiered, compressed oops, g1 gc, windows-amd64)
# No core dump will be written. Minidumps are not enabled by default on client versions of Windows
#

---------------  S U M M A R Y ------------

Command Line: --add-opens=java.base/java.util=ALL-UNNAMED --add-opens=java.base/java.lang=ALL-UNNAMED --add-opens=java.base/java.lang.invoke=ALL-UNNAMED --add-opens=java.prefs/java.util.prefs=ALL-UNNAMED -Xmx2048m -Dfile.encoding=UTF-8 -Duser.country=US -Duser.language=en -Duser.variant org.gradle.launcher.daemon.bootstrap.GradleDaemon 6.7.1

Host: Intel(R) Core(TM) i5-7200U CPU @ 2.50GHz, 4 cores, 7G,  Windows 10 , 64 bit Build 18362 (10.0.18362.1110)
Time: Tue May 31 00:13:48 2022 Morocco Daylight Time elapsed time: 1496 seconds (0d 0h 24m 56s)

---------------  T H R E A D  ---------------

Current thread (0x000002405bc47000):  JavaThread "C2 CompilerThread0" daemon [_thread_in_native, id=2116, stack(0x000000634f900000,0x000000634fa00000)]


Current CompileTask:
C2:1496178 19108   !   4       jdk.nio.zipfs.ZipFileSystem::buildNodeTree (285 bytes)

Stack: [0x000000634f900000,0x000000634fa00000]
Native frames: (J=compiled Java code, j=interpreted, Vv=VM code, C=native code)
V  [jvm.dll+0x5de50a]
V  [jvm.dll+0x7122f5]
V  [jvm.dll+0x71384d]
V  [jvm.dll+0x713f03]
V  [jvm.dll+0x23e728]
V  [jvm.dll+0xb899c]
V  [jvm.dll+0xb8e9c]
V  [jvm.dll+0x35020b]
V  [jvm.dll+0x31dea3]
V  [jvm.dll+0x31d39a]
V  [jvm.dll+0x1f7702]
V  [jvm.dll+0x1f68d4]
V  [jvm.dll+0x17f32c]
V  [jvm.dll+0x205047]
V  [jvm.dll+0x203891]
V  [jvm.dll+0x6dad3f]
V  [jvm.dll+0x6d3895]
V  [jvm.dll+0x5dd4a6]
C  [ucrtbase.dll+0x210b2]
C  [KERNEL32.DLL+0x17c24]
C  [ntdll.dll+0x6d4d1]


---------------  P R O C E S S  ---------------

Threads class SMR info:
_java_thread_list=0x000002405c81d7f0, length=143, elements={
0x0000024041860000, 0x000002405b2cc800, 0x000002405b2d6800, 0x000002405bc44800,
0x000002405bc45800, 0x000002405bc47000, 0x000002405b2e1800, 0x000002405b2e2800,
0x000002405bd90000, 0x000002405bdbe000, 0x000002405e784800, 0x000002405be98800,
0x000002405d15b000, 0x000002405d616000, 0x000002405d61a000, 0x000002405d616800,
0x000002405d61b000, 0x000002405de0b800, 0x000002405fa6f800, 0x000002405fd02800,
0x0000024062d7d000, 0x0000024062d7e000, 0x0000024062d78800, 0x0000024062d7b800,
0x0000024062d7f000, 0x0000024062d7a000, 0x0000024062d7a800, 0x0000024062d7c800,
0x0000024062d79000, 0x0000024062d81800, 0x0000024062d82000, 0x0000024062d85800,
0x0000024062d7f800, 0x0000024062d86000, 0x0000024062d80800, 0x0000024062d83000,
0x0000024062d84800, 0x0000024062d83800, 0x0000024062d87000, 0x000002405fa68800,
0x000002405fa67800, 0x000002405fa69000, 0x000002405fa65000, 0x000002405fa66000,
0x000002405fa6a000, 0x000002405fa6b000, 0x000002405fa6b800, 0x000002405fa6c800,
0x000002405fa66800, 0x000002405fa70800, 0x000002405fa71800, 0x000002405fa72000,
0x000002405fa73000, 0x000002405fa6d000, 0x000002405fa73800, 0x000002405fa6e000,
0x000002405fa6f000, 0x000002405de11000, 0x000002405de12000, 0x000002405de0c000,
0x000002405de0d800, 0x000002405de10000, 0x000002405de12800, 0x000002405de0e800,
0x000002405de0d000, 0x000002405de16000, 0x000002405de18800, 0x000002405de15000,
0x000002405de16800, 0x000002405de19000, 0x000002405de13800, 0x000002405de17800,
0x000002405de1a000, 0x000002405de14800, 0x000002405fd00000, 0x000002405fcfe000,
0x000002405fcff000, 0x000002405fd01800, 0x000002405fd00800, 0x000002405fcfc000,
0x000002405fcfc800, 0x000002405fd04000, 0x000002405fd05000, 0x000002405fd05800,
0x000002405fd08000, 0x000002405fd07000, 0x000002405fd09000, 0x000002405fd09800,
0x000002405fd0a800, 0x000002405fd06800, 0x000002405d617800, 0x000002405d618800,
0x000002405d615000, 0x000002405d619000, 0x000002405d614800, 0x0000024061796000,
0x0000024061793800, 0x0000024061794800, 0x0000024061798800, 0x0000024061797000,
0x0000024061795000, 0x0000024061792800, 0x000002406179b800, 0x000002406179b000,
0x0000024061799000, 0x000002406179d800, 0x000002406179c800, 0x0000024061797800,
0x000002406179e000, 0x000002406179f800, 0x000002406179f000, 0x000002406179a000,
0x00000240617a0800, 0x00000240617a1800, 0x000002405ca59000, 0x000002405ca58800,
0x000002405ca57800, 0x000002405ca5a000, 0x000002405ca56000, 0x000002405ca5b000,
0x000002405ca55000, 0x000002405ca57000, 0x000002405ca5b800, 0x000002405ca60800,
0x000002405ca5c800, 0x000002405ca63000, 0x000002405ca5d800, 0x000002405ca61800,
0x000002405ca62000, 0x000002405ca5e000, 0x000002405ca64000, 0x000002405ca5f000,
0x000002405ca5f800, 0x00000240615c7000, 0x00000240615c8000, 0x00000240615ca800,
0x00000240615c6800, 0x00000240615cd800, 0x00000240615cd000, 0x00000240615c9800,
0x00000240615ce800, 0x00000240615cb000, 0x00000240615c8800
}

Java Threads: ( => current thread )
  0x0000024041860000 JavaThread "main" [_thread_blocked, id=2356, stack(0x000000634ee00000,0x000000634ef00000)]
  0x000002405b2cc800 JavaThread "Reference Handler" daemon [_thread_blocked, id=2780, stack(0x000000634f500000,0x000000634f600000)]
  0x000002405b2d6800 JavaThread "Finalizer" daemon [_thread_blocked, id=2772, stack(0x000000634f600000,0x000000634f700000)]
  0x000002405bc44800 JavaThread "Signal Dispatcher" daemon [_thread_blocked, id=10220, stack(0x000000634f700000,0x000000634f800000)]
  0x000002405bc45800 JavaThread "Attach Listener" daemon [_thread_blocked, id=2908, stack(0x000000634f800000,0x000000634f900000)]
=>0x000002405bc47000 JavaThread "C2 CompilerThread0" daemon [_thread_in_native, id=2116, stack(0x000000634f900000,0x000000634fa00000)]
  0x000002405b2e1800 JavaThread "C1 CompilerThread0" daemon [_thread_blocked, id=3388, stack(0x000000634fa00000,0x000000634fb00000)]
  0x000002405b2e2800 JavaThread "Sweeper thread" daemon [_thread_blocked, id=8040, stack(0x000000634fb00000,0x000000634fc00000)]
  0x000002405bd90000 JavaThread "Common-Cleaner" daemon [_thread_blocked, id=2056, stack(0x000000634fc00000,0x000000634fd00000)]
  0x000002405bdbe000 JavaThread "Service Thread" daemon [_thread_blocked, id=3036, stack(0x000000634fd00000,0x000000634fe00000)]
  0x000002405e784800 JavaThread "Daemon health stats" [_thread_blocked, id=4012, stack(0x0000006350200000,0x0000006350300000)]
  0x000002405be98800 JavaThread "Incoming local TCP Connector on port 49835" [_thread_in_native, id=9200, stack(0x0000006350400000,0x0000006350500000)]
  0x000002405d15b000 JavaThread "Daemon periodic checks" [_thread_blocked, id=2620, stack(0x0000006350500000,0x0000006350600000)]
  0x000002405d616000 JavaThread "Cache worker for file hash cache (C:\Users\hp\.gradle\caches\6.7.1\fileHashes)" [_thread_blocked, id=9380, stack(0x0000006350d00000,0x0000006350e00000)]
  0x000002405d61a000 JavaThread "File lock request listener" [_thread_in_native, id=1684, stack(0x0000006350e00000,0x0000006350f00000)]
  0x000002405d616800 JavaThread "Cache worker for journal cache (C:\Users\hp\.gradle\caches\journal-1)" [_thread_blocked, id=5124, stack(0x0000006351000000,0x0000006351100000)]
  0x000002405d61b000 JavaThread "Cache worker for execution history cache (C:\Users\hp\.gradle\caches\6.7.1\executionHistory)" [_thread_blocked, id=6000, stack(0x0000006351600000,0x0000006351700000)]
  0x000002405de0b800 JavaThread "Cache worker for file content cache (C:\Users\hp\.gradle\caches\6.7.1\fileContent)" [_thread_blocked, id=3016, stack(0x0000006351800000,0x0000006351900000)]
  0x000002405fa6f800 JavaThread "Memory manager" [_thread_blocked, id=8524, stack(0x0000006358000000,0x0000006358100000)]
  0x000002405fd02800 JavaThread "Cache worker for Java compile cache (C:\Users\hp\.gradle\caches\6.7.1\javaCompile)" [_thread_blocked, id=8860, stack(0x0000006358500000,0x0000006358600000)]
  0x0000024062d7d000 JavaThread "ForkJoinPool.commonPool-worker-5" daemon [_thread_blocked, id=1176, stack(0x0000006358d00000,0x0000006358e00000)]
  0x0000024062d7e000 JavaThread "Daemon Thread 6" [_thread_blocked, id=11636, stack(0x000000634ff00000,0x0000006350000000)]
  0x0000024062d78800 JavaThread "Handler for socket connection from /127.0.0.1:49835 to /127.0.0.1:51185" [_thread_in_native, id=8552, stack(0x0000006350600000,0x0000006350700000)]
  0x0000024062d7b800 JavaThread "Cancel handler" [_thread_blocked, id=12060, stack(0x0000006350700000,0x0000006350800000)]
  0x0000024062d7f000 JavaThread "Daemon worker Thread 6" [_thread_blocked, id=12140, stack(0x0000006350800000,0x0000006350900000)]
  0x0000024062d7a000 JavaThread "Asynchronous log dispatcher for DefaultDaemonConnection: socket connection from /127.0.0.1:49835 to /127.0.0.1:51185" [_thread_blocked, id=8068, stack(0x0000006350900000,0x0000006350a00000)]
  0x0000024062d7a800 JavaThread "Stdin handler" [_thread_blocked, id=10384, stack(0x0000006350a00000,0x0000006350b00000)]
  0x0000024062d7c800 JavaThread "Thread-646" [_thread_blocked, id=2588, stack(0x0000006350b00000,0x0000006350c00000)]
  0x0000024062d79000 JavaThread "Cache worker for file hash cache (C:\Users\hp\AndroidStudioProjects\myPharmacy\.gradle\6.7.1\fileHashes)" [_thread_blocked, id=10344, stack(0x0000006350c00000,0x0000006350d00000)]
  0x0000024062d81800 JavaThread "Cache worker for checksums cache (C:\Users\hp\AndroidStudioProjects\myPharmacy\.gradle\checksums)" [_thread_blocked, id=12048, stack(0x0000006351100000,0x0000006351200000)]
  0x0000024062d82000 JavaThread "Cache worker for cache directory md-supplier (C:\Users\hp\.gradle\caches\6.7.1\md-supplier)" [_thread_blocked, id=8544, stack(0x0000006351200000,0x0000006351300000)]
  0x0000024062d85800 JavaThread "Cache worker for cache directory md-rule (C:\Users\hp\.gradle\caches\6.7.1\md-rule)" [_thread_blocked, id=11440, stack(0x0000006351300000,0x0000006351400000)]
  0x0000024062d7f800 JavaThread "Cache worker for Build Output Cleanup Cache (C:\Users\hp\AndroidStudioProjects\myPharmacy\.gradle\buildOutputCleanup)" [_thread_blocked, id=3408, stack(0x0000006351400000,0x0000006351500000)]
  0x0000024062d86000 JavaThread "Build operations" [_thread_blocked, id=3660, stack(0x0000006351500000,0x0000006351600000)]
  0x0000024062d80800 JavaThread "Build operations Thread 2" [_thread_blocked, id=11748, stack(0x0000006351700000,0x0000006351800000)]
  0x0000024062d83000 JavaThread "Build operations Thread 3" [_thread_blocked, id=1152, stack(0x0000006351900000,0x0000006351a00000)]
  0x0000024062d84800 JavaThread "Build operations Thread 4" [_thread_blocked, id=11908, stack(0x0000006351a00000,0x0000006351b00000)]
  0x0000024062d83800 JavaThread "jar transforms Thread 496" [_thread_blocked, id=1888, stack(0x0000006351b00000,0x0000006351c00000)]
  0x0000024062d87000 JavaThread "jar transforms Thread 497" [_thread_blocked, id=11376, stack(0x0000006351c00000,0x0000006351d00000)]
  0x000002405fa68800 JavaThread "jar transforms Thread 498" [_thread_blocked, id=6464, stack(0x0000006351d00000,0x0000006351e00000)]
  0x000002405fa67800 JavaThread "jar transforms Thread 499" [_thread_blocked, id=6524, stack(0x0000006351e00000,0x0000006351f00000)]
  0x000002405fa69000 JavaThread "jar transforms Thread 500" [_thread_blocked, id=11780, stack(0x0000006351f00000,0x0000006352000000)]
  0x000002405fa65000 JavaThread "jar transforms Thread 501" [_thread_blocked, id=2168, stack(0x0000006352000000,0x0000006352100000)]
  0x000002405fa66000 JavaThread "jar transforms Thread 502" [_thread_blocked, id=12112, stack(0x0000006352100000,0x0000006352200000)]
  0x000002405fa6a000 JavaThread "jar transforms Thread 503" [_thread_blocked, id=8980, stack(0x0000006352200000,0x0000006352300000)]
  0x000002405fa6b000 JavaThread "jar transforms Thread 504" [_thread_blocked, id=6476, stack(0x0000006352300000,0x0000006352400000)]
  0x000002405fa6b800 JavaThread "jar transforms Thread 505" [_thread_blocked, id=2504, stack(0x0000006352400000,0x0000006352500000)]
  0x000002405fa6c800 JavaThread "jar transforms Thread 506" [_thread_blocked, id=12008, stack(0x0000006352500000,0x0000006352600000)]
  0x000002405fa66800 JavaThread "jar transforms Thread 507" [_thread_blocked, id=6896, stack(0x0000006352600000,0x0000006352700000)]
  0x000002405fa70800 JavaThread "jar transforms Thread 508" [_thread_blocked, id=1272, stack(0x0000006352700000,0x0000006352800000)]
  0x000002405fa71800 JavaThread "jar transforms Thread 509" [_thread_blocked, id=8540, stack(0x0000006352800000,0x0000006352900000)]
  0x000002405fa72000 JavaThread "jar transforms Thread 510" [_thread_blocked, id=7496, stack(0x0000006352900000,0x0000006352a00000)]
  0x000002405fa73000 JavaThread "jar transforms Thread 511" [_thread_blocked, id=2220, stack(0x0000006352a00000,0x0000006352b00000)]
  0x000002405fa6d000 JavaThread "jar transforms Thread 512" [_thread_blocked, id=10464, stack(0x0000006352b00000,0x0000006352c00000)]
  0x000002405fa73800 JavaThread "jar transforms Thread 513" [_thread_blocked, id=4600, stack(0x0000006352c00000,0x0000006352d00000)]
  0x000002405fa6e000 JavaThread "jar transforms Thread 514" [_thread_blocked, id=12212, stack(0x0000006352d00000,0x0000006352e00000)]
  0x000002405fa6f000 JavaThread "jar transforms Thread 515" [_thread_blocked, id=10764, stack(0x0000006352e00000,0x0000006352f00000)]
  0x000002405de11000 JavaThread "jar transforms Thread 516" [_thread_blocked, id=11568, stack(0x0000006352f00000,0x0000006353000000)]
  0x000002405de12000 JavaThread "jar transforms Thread 517" [_thread_blocked, id=11896, stack(0x0000006353000000,0x0000006353100000)]
  0x000002405de0c000 JavaThread "jar transforms Thread 518" [_thread_blocked, id=8020, stack(0x0000006353100000,0x0000006353200000)]
  0x000002405de0d800 JavaThread "jar transforms Thread 519" [_thread_blocked, id=11008, stack(0x0000006353200000,0x0000006353300000)]
  0x000002405de10000 JavaThread "jar transforms Thread 520" [_thread_blocked, id=7576, stack(0x0000006353300000,0x0000006353400000)]
  0x000002405de12800 JavaThread "jar transforms Thread 521" [_thread_blocked, id=6284, stack(0x0000006353400000,0x0000006353500000)]
  0x000002405de0e800 JavaThread "jar transforms Thread 522" [_thread_blocked, id=6184, stack(0x0000006353500000,0x0000006353600000)]
  0x000002405de0d000 JavaThread "jar transforms Thread 523" [_thread_blocked, id=11396, stack(0x0000006353600000,0x0000006353700000)]
  0x000002405de16000 JavaThread "jar transforms Thread 524" [_thread_blocked, id=8448, stack(0x0000006353700000,0x0000006353800000)]
  0x000002405de18800 JavaThread "jar transforms Thread 525" [_thread_blocked, id=2404, stack(0x0000006353800000,0x0000006353900000)]
  0x000002405de15000 JavaThread "jar transforms Thread 526" [_thread_blocked, id=1644, stack(0x0000006353900000,0x0000006353a00000)]
  0x000002405de16800 JavaThread "jar transforms Thread 527" [_thread_blocked, id=5072, stack(0x0000006353a00000,0x0000006353b00000)]
  0x000002405de19000 JavaThread "jar transforms Thread 528" [_thread_blocked, id=11880, stack(0x0000006353b00000,0x0000006353c00000)]
  0x000002405de13800 JavaThread "jar transforms Thread 529" [_thread_blocked, id=4188, stack(0x0000006353c00000,0x0000006353d00000)]
  0x000002405de17800 JavaThread "jar transforms Thread 530" [_thread_blocked, id=10036, stack(0x0000006353d00000,0x0000006353e00000)]
  0x000002405de1a000 JavaThread "jar transforms Thread 531" [_thread_blocked, id=6288, stack(0x0000006353e00000,0x0000006353f00000)]
  0x000002405de14800 JavaThread "jar transforms Thread 532" [_thread_blocked, id=1220, stack(0x0000006353f00000,0x0000006354000000)]
  0x000002405fd00000 JavaThread "jar transforms Thread 533" [_thread_blocked, id=4872, stack(0x0000006354100000,0x0000006354200000)]
  0x000002405fcfe000 JavaThread "jar transforms Thread 534" [_thread_blocked, id=10392, stack(0x0000006354200000,0x0000006354300000)]
  0x000002405fcff000 JavaThread "jar transforms Thread 535" [_thread_blocked, id=6064, stack(0x0000006354300000,0x0000006354400000)]
  0x000002405fd01800 JavaThread "jar transforms Thread 536" [_thread_blocked, id=12216, stack(0x0000006354400000,0x0000006354500000)]
  0x000002405fd00800 JavaThread "jar transforms Thread 537" [_thread_blocked, id=5180, stack(0x0000006354500000,0x0000006354600000)]
  0x000002405fcfc000 JavaThread "jar transforms Thread 538" [_thread_blocked, id=248, stack(0x0000006354600000,0x0000006354700000)]
  0x000002405fcfc800 JavaThread "jar transforms Thread 539" [_thread_blocked, id=8420, stack(0x0000006354700000,0x0000006354800000)]
  0x000002405fd04000 JavaThread "jar transforms Thread 540" [_thread_blocked, id=8376, stack(0x0000006354800000,0x0000006354900000)]
  0x000002405fd05000 JavaThread "jar transforms Thread 541" [_thread_blocked, id=8412, stack(0x0000006354900000,0x0000006354a00000)]
  0x000002405fd05800 JavaThread "jar transforms Thread 542" [_thread_blocked, id=10216, stack(0x0000006354a00000,0x0000006354b00000)]
  0x000002405fd08000 JavaThread "jar transforms Thread 543" [_thread_blocked, id=7568, stack(0x0000006354b00000,0x0000006354c00000)]
  0x000002405fd07000 JavaThread "jar transforms Thread 544" [_thread_blocked, id=2368, stack(0x0000006354c00000,0x0000006354d00000)]
  0x000002405fd09000 JavaThread "jar transforms Thread 545" [_thread_blocked, id=4880, stack(0x0000006354d00000,0x0000006354e00000)]
  0x000002405fd09800 JavaThread "jar transforms Thread 546" [_thread_blocked, id=6140, stack(0x0000006354e00000,0x0000006354f00000)]
  0x000002405fd0a800 JavaThread "jar transforms Thread 547" [_thread_blocked, id=2416, stack(0x0000006354f00000,0x0000006355000000)]
  0x000002405fd06800 JavaThread "jar transforms Thread 548" [_thread_blocked, id=10324, stack(0x0000006355000000,0x0000006355100000)]
  0x000002405d617800 JavaThread "jar transforms Thread 549" [_thread_blocked, id=7644, stack(0x0000006355100000,0x0000006355200000)]
  0x000002405d618800 JavaThread "jar transforms Thread 550" [_thread_blocked, id=352, stack(0x0000006355200000,0x0000006355300000)]
  0x000002405d615000 JavaThread "jar transforms Thread 551" [_thread_blocked, id=3956, stack(0x0000006355300000,0x0000006355400000)]
  0x000002405d619000 JavaThread "jar transforms Thread 552" [_thread_blocked, id=7224, stack(0x0000006355400000,0x0000006355500000)]
  0x000002405d614800 JavaThread "jar transforms Thread 553" [_thread_blocked, id=7848, stack(0x0000006355500000,0x0000006355600000)]
  0x0000024061796000 JavaThread "jar transforms Thread 554" [_thread_blocked, id=2352, stack(0x0000006355600000,0x0000006355700000)]
  0x0000024061793800 JavaThread "jar transforms Thread 555" [_thread_blocked, id=5352, stack(0x0000006355700000,0x0000006355800000)]
  0x0000024061794800 JavaThread "jar transforms Thread 556" [_thread_blocked, id=2244, stack(0x0000006355800000,0x0000006355900000)]
  0x0000024061798800 JavaThread "jar transforms Thread 557" [_thread_blocked, id=9520, stack(0x0000006355900000,0x0000006355a00000)]
  0x0000024061797000 JavaThread "jar transforms Thread 558" [_thread_blocked, id=4584, stack(0x0000006355a00000,0x0000006355b00000)]
  0x0000024061795000 JavaThread "jar transforms Thread 559" [_thread_blocked, id=596, stack(0x0000006355b00000,0x0000006355c00000)]
  0x0000024061792800 JavaThread "jar transforms Thread 560" [_thread_blocked, id=11972, stack(0x0000006355c00000,0x0000006355d00000)]
  0x000002406179b800 JavaThread "jar transforms Thread 561" [_thread_blocked, id=8400, stack(0x0000006355d00000,0x0000006355e00000)]
  0x000002406179b000 JavaThread "jar transforms Thread 562" [_thread_blocked, id=7876, stack(0x0000006355e00000,0x0000006355f00000)]
  0x0000024061799000 JavaThread "jar transforms Thread 563" [_thread_blocked, id=6824, stack(0x0000006355f00000,0x0000006356000000)]
  0x000002406179d800 JavaThread "jar transforms Thread 564" [_thread_blocked, id=9468, stack(0x0000006356000000,0x0000006356100000)]
  0x000002406179c800 JavaThread "jar transforms Thread 565" [_thread_blocked, id=2868, stack(0x0000006356100000,0x0000006356200000)]
  0x0000024061797800 JavaThread "jar transforms Thread 566" [_thread_blocked, id=7856, stack(0x0000006356200000,0x0000006356300000)]
  0x000002406179e000 JavaThread "jar transforms Thread 567" [_thread_blocked, id=11984, stack(0x0000006356300000,0x0000006356400000)]
  0x000002406179f800 JavaThread "jar transforms Thread 568" [_thread_blocked, id=11132, stack(0x0000006356400000,0x0000006356500000)]
  0x000002406179f000 JavaThread "jar transforms Thread 569" [_thread_blocked, id=11308, stack(0x0000006356500000,0x0000006356600000)]
  0x000002406179a000 JavaThread "jar transforms Thread 570" [_thread_blocked, id=8052, stack(0x0000006356600000,0x0000006356700000)]
  0x00000240617a0800 JavaThread "jar transforms Thread 571" [_thread_blocked, id=8772, stack(0x0000006356700000,0x0000006356800000)]
  0x00000240617a1800 JavaThread "jar transforms Thread 572" [_thread_blocked, id=11604, stack(0x0000006356800000,0x0000006356900000)]
  0x000002405ca59000 JavaThread "jar transforms Thread 573" [_thread_blocked, id=8028, stack(0x0000006356900000,0x0000006356a00000)]
  0x000002405ca58800 JavaThread "jar transforms Thread 574" [_thread_blocked, id=6628, stack(0x0000006356a00000,0x0000006356b00000)]
  0x000002405ca57800 JavaThread "jar transforms Thread 575" [_thread_blocked, id=4712, stack(0x0000006356b00000,0x0000006356c00000)]
  0x000002405ca5a000 JavaThread "jar transforms Thread 576" [_thread_blocked, id=5908, stack(0x0000006356c00000,0x0000006356d00000)]
  0x000002405ca56000 JavaThread "jar transforms Thread 577" [_thread_blocked, id=6564, stack(0x0000006356d00000,0x0000006356e00000)]
  0x000002405ca5b000 JavaThread "jar transforms Thread 578" [_thread_blocked, id=5016, stack(0x0000006356e00000,0x0000006356f00000)]
  0x000002405ca55000 JavaThread "jar transforms Thread 579" [_thread_blocked, id=11812, stack(0x0000006356f00000,0x0000006357000000)]
  0x000002405ca57000 JavaThread "jar transforms Thread 580" [_thread_blocked, id=10760, stack(0x0000006357000000,0x0000006357100000)]
  0x000002405ca5b800 JavaThread "jar transforms Thread 581" [_thread_blocked, id=4820, stack(0x0000006357100000,0x0000006357200000)]
  0x000002405ca60800 JavaThread "jar transforms Thread 582" [_thread_blocked, id=6644, stack(0x0000006357200000,0x0000006357300000)]
  0x000002405ca5c800 JavaThread "jar transforms Thread 583" [_thread_blocked, id=11324, stack(0x0000006357300000,0x0000006357400000)]
  0x000002405ca63000 JavaThread "jar transforms Thread 584" [_thread_blocked, id=8768, stack(0x0000006357400000,0x0000006357500000)]
  0x000002405ca5d800 JavaThread "jar transforms Thread 585" [_thread_blocked, id=6932, stack(0x0000006357500000,0x0000006357600000)]
  0x000002405ca61800 JavaThread "jar transforms Thread 586" [_thread_blocked, id=11628, stack(0x0000006357600000,0x0000006357700000)]
  0x000002405ca62000 JavaThread "jar transforms Thread 587" [_thread_blocked, id=1400, stack(0x0000006357700000,0x0000006357800000)]
  0x000002405ca5e000 JavaThread "jar transforms Thread 588" [_thread_blocked, id=8428, stack(0x0000006357800000,0x0000006357900000)]
  0x000002405ca64000 JavaThread "jar transforms Thread 589" [_thread_blocked, id=11428, stack(0x0000006357900000,0x0000006357a00000)]
  0x000002405ca5f000 JavaThread "jar transforms Thread 590" [_thread_blocked, id=2448, stack(0x0000006357a00000,0x0000006357b00000)]
  0x000002405ca5f800 JavaThread "jar transforms Thread 591" [_thread_blocked, id=8280, stack(0x0000006357b00000,0x0000006357c00000)]
  0x00000240615c7000 JavaThread "jar transforms Thread 592" [_thread_blocked, id=976, stack(0x0000006357c00000,0x0000006357d00000)]
  0x00000240615c8000 JavaThread "jar transforms Thread 593" [_thread_blocked, id=7204, stack(0x0000006357d00000,0x0000006357e00000)]
  0x00000240615ca800 JavaThread "jar transforms Thread 594" [_thread_blocked, id=11784, stack(0x0000006357e00000,0x0000006357f00000)]
  0x00000240615c6800 JavaThread "build event listener" [_thread_blocked, id=6424, stack(0x0000006357f00000,0x0000006358000000)]
  0x00000240615cd800 JavaThread "build event listener" [_thread_blocked, id=1712, stack(0x0000006358100000,0x0000006358200000)]
  0x00000240615cd000 JavaThread "Execution worker for ':'" [_thread_blocked, id=1228, stack(0x0000006358200000,0x0000006358300000)]
  0x00000240615c9800 JavaThread "Execution worker for ':' Thread 2" [_thread_blocked, id=8484, stack(0x0000006358300000,0x0000006358400000)]
  0x00000240615ce800 JavaThread "Execution worker for ':' Thread 3" [_thread_in_native, id=9080, stack(0x0000006358400000,0x0000006358500000)]
  0x00000240615cb000 JavaThread "Cache worker for execution history cache (C:\Users\hp\AndroidStudioProjects\myPharmacy\.gradle\6.7.1\executionHistory)" [_thread_blocked, id=5036, stack(0x0000006358600000,0x0000006358700000)]
  0x00000240615c8800 JavaThread "Cache worker for Java compile cache (C:\Users\hp\AndroidStudioProjects\myPharmacy\.gradle\6.7.1\javaCompile)" [_thread_blocked, id=6732, stack(0x0000006358700000,0x0000006358800000)]

Other Threads:
  0x000002405b2c8800 VMThread "VM Thread" [stack: 0x000000634f400000,0x000000634f500000] [id=1792]
  0x000002405bdc1000 WatcherThread [stack: 0x000000634fe00000,0x000000634ff00000] [id=7164]
  0x000002404187b800 GCTaskThread "GC Thread#0" [stack: 0x000000634ef00000,0x000000634f000000] [id=10168]
  0x000002405c316000 GCTaskThread "GC Thread#1" [stack: 0x0000006350000000,0x0000006350100000] [id=4948]
  0x000002405c07b000 GCTaskThread "GC Thread#2" [stack: 0x0000006350100000,0x0000006350200000] [id=3452]
  0x000002405cf83000 GCTaskThread "GC Thread#3" [stack: 0x0000006350f00000,0x0000006351000000] [id=1776]
  0x00000240418ad000 ConcurrentGCThread "G1 Main Marker" [stack: 0x000000634f000000,0x000000634f100000] [id=2528]
  0x00000240418af800 ConcurrentGCThread "G1 Conc#0" [stack: 0x000000634f100000,0x000000634f200000] [id=4792]
  0x000002404192e800 ConcurrentGCThread "G1 Refine#0" [stack: 0x000000634f200000,0x000000634f300000] [id=7708]
  0x000002405db4b800 ConcurrentGCThread "G1 Refine#1" [stack: 0x0000006350300000,0x0000006350400000] [id=8008]
  0x000002405b114800 ConcurrentGCThread "G1 Young RemSet Sampling" [stack: 0x000000634f300000,0x000000634f400000] [id=8784]

Threads with active compile tasks:
C2 CompilerThread01496231 19108   !   4       jdk.nio.zipfs.ZipFileSystem::buildNodeTree (285 bytes)

VM state:not at safepoint (normal execution)

VM Mutex/Monitor currently owned by a thread: None

Heap address: 0x0000000080000000, size: 2048 MB, Compressed Oops mode: 32-bit
Narrow klass base: 0x0000000000000000, Narrow klass shift: 3
Compressed class space size: 1073741824 Address: 0x0000000100000000

Heap:
 garbage-first heap   total 227328K, used 123305K [0x0000000080000000, 0x0000000100000000)
  region size 1024K, 11 young (11264K), 10 survivors (10240K)
 Metaspace       used 110540K, capacity 113568K, committed 113612K, reserved 1148928K
  class space    used 13909K, capacity 15010K, committed 15052K, reserved 1048576K
Heap Regions: E=young(eden), S=young(survivor), O=old, HS=humongous(starts), HC=humongous(continues), CS=collection set, F=free, A=archive, TAMS=top-at-mark-start (previous, next)
|   0|0x0000000080000000, 0x0000000080100000, 0x0000000080100000|100%| O|  |TAMS 0x0000000080100000, 0x0000000080000000| Untracked 
|   1|0x0000000080100000, 0x0000000080200000, 0x0000000080200000|100%| O|  |TAMS 0x0000000080200000, 0x0000000080100000| Untracked 
|   2|0x0000000080200000, 0x0000000080300000, 0x0000000080300000|100%| O|  |TAMS 0x0000000080300000, 0x0000000080200000| Untracked 
|   3|0x0000000080300000, 0x0000000080400000, 0x0000000080400000|100%|HS|  |TAMS 0x0000000080400000, 0x0000000080300000| Complete 
|   4|0x0000000080400000, 0x0000000080500000, 0x0000000080500000|100%|HC|  |TAMS 0x0000000080500000, 0x0000000080400000| Complete 
|   5|0x0000000080500000, 0x0000000080600000, 0x0000000080600000|100%|HC|  |TAMS 0x0000000080600000, 0x0000000080500000| Complete 
|   6|0x0000000080600000, 0x0000000080700000, 0x0000000080700000|100%| O|  |TAMS 0x0000000080700000, 0x0000000080600000| Untracked 
|   7|0x0000000080700000, 0x0000000080800000, 0x0000000080800000|100%| O|  |TAMS 0x0000000080800000, 0x0000000080700000| Untracked 
|   8|0x0000000080800000, 0x0000000080900000, 0x0000000080900000|100%| O|  |TAMS 0x0000000080900000, 0x0000000080800000| Untracked 
|   9|0x0000000080900000, 0x0000000080a00000, 0x0000000080a00000|100%| O|  |TAMS 0x0000000080a00000, 0x0000000080900000| Untracked 
|  10|0x0000000080a00000, 0x0000000080b00000, 0x0000000080b00000|100%| O|  |TAMS 0x0000000080b00000, 0x0000000080a00000| Untracked 
|  11|0x0000000080b00000, 0x0000000080c00000, 0x0000000080c00000|100%| O|  |TAMS 0x0000000080c00000, 0x0000000080b00000| Untracked 
|  12|0x0000000080c00000, 0x0000000080d00000, 0x0000000080d00000|100%| O|  |TAMS 0x0000000080d00000, 0x0000000080c00000| Untracked 
|  13|0x0000000080d00000, 0x0000000080e00000, 0x0000000080e00000|100%| O|  |TAMS 0x0000000080e00000, 0x0000000080d00000| Untracked 
|  14|0x0000000080e00000, 0x0000000080f00000, 0x0000000080f00000|100%| O|  |TAMS 0x0000000080f00000, 0x0000000080e00000| Untracked 
|  15|0x0000000080f00000, 0x0000000081000000, 0x0000000081000000|100%| O|  |TAMS 0x0000000081000000, 0x0000000080f00000| Untracked 
|  16|0x0000000081000000, 0x0000000081100000, 0x0000000081100000|100%|HS|  |TAMS 0x0000000081100000, 0x0000000081000000| Complete 
|  17|0x0000000081100000, 0x0000000081200000, 0x0000000081200000|100%|HS|  |TAMS 0x0000000081200000, 0x0000000081100000| Complete 
|  18|0x0000000081200000, 0x0000000081300000, 0x0000000081300000|100%|HC|  |TAMS 0x0000000081300000, 0x0000000081200000| Complete 
|  19|0x0000000081300000, 0x0000000081400000, 0x0000000081400000|100%| O|  |TAMS 0x0000000081400000, 0x0000000081300000| Untracked 
|  20|0x0000000081400000, 0x0000000081500000, 0x0000000081500000|100%| O|  |TAMS 0x0000000081500000, 0x0000000081400000| Untracked 
|  21|0x0000000081500000, 0x0000000081600000, 0x0000000081600000|100%| O|  |TAMS 0x0000000081600000, 0x0000000081500000| Untracked 
|  22|0x0000000081600000, 0x0000000081700000, 0x0000000081700000|100%| O|  |TAMS 0x0000000081700000, 0x0000000081600000| Untracked 
|  23|0x0000000081700000, 0x0000000081800000, 0x0000000081800000|100%| O|  |TAMS 0x0000000081800000, 0x0000000081700000| Untracked 
|  24|0x0000000081800000, 0x0000000081900000, 0x0000000081900000|100%| O|  |TAMS 0x0000000081900000, 0x0000000081800000| Untracked 
|  25|0x0000000081900000, 0x0000000081a00000, 0x0000000081a00000|100%| O|  |TAMS 0x0000000081a00000, 0x0000000081900000| Untracked 
|  26|0x0000000081a00000, 0x0000000081b00000, 0x0000000081b00000|100%| O|  |TAMS 0x0000000081b00000, 0x0000000081a00000| Untracked 
|  27|0x0000000081b00000, 0x0000000081c00000, 0x0000000081c00000|100%| O|  |TAMS 0x0000000081c00000, 0x0000000081b00000| Untracked 
|  28|0x0000000081c00000, 0x0000000081d00000, 0x0000000081d00000|100%| O|  |TAMS 0x0000000081d00000, 0x0000000081c00000| Untracked 
|  29|0x0000000081d00000, 0x0000000081e00000, 0x0000000081e00000|100%| O|  |TAMS 0x0000000081e00000, 0x0000000081d00000| Untracked 
|  30|0x0000000081e00000, 0x0000000081f00000, 0x0000000081f00000|100%| O|  |TAMS 0x0000000081f00000, 0x0000000081e00000| Untracked 
|  31|0x0000000081f00000, 0x0000000082000000, 0x0000000082000000|100%| O|  |TAMS 0x0000000082000000, 0x0000000081f00000| Untracked 
|  32|0x0000000082000000, 0x0000000082100000, 0x0000000082100000|100%| O|  |TAMS 0x0000000082100000, 0x0000000082000000| Untracked 
|  33|0x0000000082100000, 0x0000000082200000, 0x0000000082200000|100%| O|  |TAMS 0x0000000082200000, 0x0000000082100000| Untracked 
|  34|0x0000000082200000, 0x0000000082300000, 0x0000000082300000|100%| O|  |TAMS 0x0000000082300000, 0x0000000082200000| Untracked 
|  35|0x0000000082300000, 0x0000000082400000, 0x0000000082400000|100%| O|  |TAMS 0x0000000082400000, 0x0000000082300000| Untracked 
|  36|0x0000000082400000, 0x0000000082500000, 0x0000000082500000|100%| O|  |TAMS 0x0000000082500000, 0x0000000082400000| Untracked 
|  37|0x0000000082500000, 0x0000000082600000, 0x0000000082600000|100%| O|  |TAMS 0x0000000082600000, 0x0000000082500000| Untracked 
|  38|0x0000000082600000, 0x0000000082700000, 0x0000000082700000|100%| O|  |TAMS 0x0000000082700000, 0x0000000082600000| Untracked 
|  39|0x0000000082700000, 0x0000000082800000, 0x0000000082800000|100%| O|  |TAMS 0x0000000082800000, 0x0000000082700000| Untracked 
|  40|0x0000000082800000, 0x0000000082900000, 0x0000000082900000|100%| O|  |TAMS 0x0000000082900000, 0x0000000082800000| Untracked 
|  41|0x0000000082900000, 0x0000000082a00000, 0x0000000082a00000|100%| O|  |TAMS 0x0000000082a00000, 0x0000000082900000| Untracked 
|  42|0x0000000082a00000, 0x0000000082b00000, 0x0000000082b00000|100%| O|  |TAMS 0x0000000082b00000, 0x0000000082a00000| Untracked 
|  43|0x0000000082b00000, 0x0000000082c00000, 0x0000000082c00000|100%| O|  |TAMS 0x0000000082c00000, 0x0000000082b00000| Untracked 
|  44|0x0000000082c00000, 0x0000000082d00000, 0x0000000082d00000|100%| O|  |TAMS 0x0000000082d00000, 0x0000000082c00000| Untracked 
|  45|0x0000000082d00000, 0x0000000082e00000, 0x0000000082e00000|100%| O|  |TAMS 0x0000000082e00000, 0x0000000082d00000| Untracked 
|  46|0x0000000082e00000, 0x0000000082f00000, 0x0000000082f00000|100%| O|  |TAMS 0x0000000082f00000, 0x0000000082e00000| Untracked 
|  47|0x0000000082f00000, 0x0000000083000000, 0x0000000083000000|100%| O|  |TAMS 0x0000000083000000, 0x0000000082f00000| Untracked 
|  48|0x0000000083000000, 0x0000000083100000, 0x0000000083100000|100%| O|  |TAMS 0x0000000083100000, 0x0000000083000000| Untracked 
|  49|0x0000000083100000, 0x0000000083200000, 0x0000000083200000|100%| O|  |TAMS 0x0000000083200000, 0x0000000083100000| Untracked 
|  50|0x0000000083200000, 0x0000000083300000, 0x0000000083300000|100%| O|  |TAMS 0x0000000083300000, 0x0000000083200000| Untracked 
|  51|0x0000000083300000, 0x0000000083400000, 0x0000000083400000|100%| O|  |TAMS 0x0000000083400000, 0x0000000083300000| Untracked 
|  52|0x0000000083400000, 0x0000000083500000, 0x0000000083500000|100%| O|  |TAMS 0x0000000083500000, 0x0000000083400000| Untracked 
|  53|0x0000000083500000, 0x0000000083600000, 0x0000000083600000|100%| O|  |TAMS 0x0000000083600000, 0x0000000083500000| Untracked 
|  54|0x0000000083600000, 0x0000000083700000, 0x0000000083700000|100%| O|  |TAMS 0x0000000083600000, 0x0000000083600000| Untracked 
|  55|0x0000000083700000, 0x0000000083800000, 0x0000000083800000|100%| O|  |TAMS 0x0000000083800000, 0x0000000083700000| Untracked 
|  56|0x0000000083800000, 0x0000000083900000, 0x0000000083900000|100%| O|  |TAMS 0x0000000083900000, 0x0000000083800000| Untracked 
|  57|0x0000000083900000, 0x0000000083a00000, 0x0000000083a00000|100%| O|  |TAMS 0x0000000083a00000, 0x0000000083900000| Untracked 
|  58|0x0000000083a00000, 0x0000000083b00000, 0x0000000083b00000|100%| O|  |TAMS 0x0000000083b00000, 0x0000000083a00000| Untracked 
|  59|0x0000000083b00000, 0x0000000083c00000, 0x0000000083c00000|100%| O|  |TAMS 0x0000000083c00000, 0x0000000083b00000| Untracked 
|  60|0x0000000083c00000, 0x0000000083d00000, 0x0000000083d00000|100%| O|  |TAMS 0x0000000083d00000, 0x0000000083c00000| Untracked 
|  61|0x0000000083d00000, 0x0000000083e00000, 0x0000000083e00000|100%| O|  |TAMS 0x0000000083d00000, 0x0000000083d00000| Untracked 
|  62|0x0000000083e00000, 0x0000000083f00000, 0x0000000083f00000|100%| O|  |TAMS 0x0000000083f00000, 0x0000000083e00000| Untracked 
|  63|0x0000000083f00000, 0x0000000084000000, 0x0000000084000000|100%| O|  |TAMS 0x0000000084000000, 0x0000000083f00000| Untracked 
|  64|0x0000000084000000, 0x0000000084100000, 0x0000000084100000|100%| O|  |TAMS 0x0000000084000000, 0x0000000084000000| Untracked 
|  65|0x0000000084100000, 0x0000000084200000, 0x0000000084200000|100%| O|  |TAMS 0x0000000084200000, 0x0000000084100000| Untracked 
|  66|0x0000000084200000, 0x0000000084300000, 0x0000000084300000|100%| O|  |TAMS 0x0000000084300000, 0x0000000084200000| Untracked 
|  67|0x0000000084300000, 0x0000000084400000, 0x0000000084400000|100%| O|  |TAMS 0x0000000084300000, 0x0000000084300000| Untracked 
|  68|0x0000000084400000, 0x0000000084500000, 0x0000000084500000|100%| O|  |TAMS 0x0000000084500000, 0x0000000084400000| Untracked 
|  69|0x0000000084500000, 0x0000000084600000, 0x0000000084600000|100%| O|  |TAMS 0x0000000084600000, 0x0000000084500000| Untracked 
|  70|0x0000000084600000, 0x0000000084700000, 0x0000000084700000|100%| O|  |TAMS 0x0000000084700000, 0x0000000084600000| Untracked 
|  71|0x0000000084700000, 0x0000000084800000, 0x0000000084800000|100%| O|  |TAMS 0x0000000084800000, 0x0000000084700000| Untracked 
|  72|0x0000000084800000, 0x0000000084900000, 0x0000000084900000|100%| O|  |TAMS 0x0000000084900000, 0x0000000084800000| Untracked 
|  73|0x0000000084900000, 0x0000000084a00000, 0x0000000084a00000|100%| O|  |TAMS 0x0000000084a00000, 0x0000000084900000| Untracked 
|  74|0x0000000084a00000, 0x0000000084b00000, 0x0000000084b00000|100%| O|  |TAMS 0x0000000084b00000, 0x0000000084a00000| Untracked 
|  75|0x0000000084b00000, 0x0000000084c00000, 0x0000000084c00000|100%| O|  |TAMS 0x0000000084c00000, 0x0000000084b00000| Untracked 
|  76|0x0000000084c00000, 0x0000000084d00000, 0x0000000084d00000|100%| O|  |TAMS 0x0000000084d00000, 0x0000000084c00000| Untracked 
|  77|0x0000000084d00000, 0x0000000084e00000, 0x0000000084e00000|100%| O|  |TAMS 0x0000000084e00000, 0x0000000084d00000| Untracked 
|  78|0x0000000084e00000, 0x0000000084f00000, 0x0000000084f00000|100%| O|  |TAMS 0x0000000084f00000, 0x0000000084e00000| Untracked 
|  79|0x0000000084f00000, 0x0000000085000000, 0x0000000085000000|100%| O|  |TAMS 0x0000000085000000, 0x0000000084f00000| Untracked 
|  80|0x0000000085000000, 0x0000000085100000, 0x0000000085100000|100%| O|  |TAMS 0x0000000085100000, 0x0000000085000000| Untracked 
|  81|0x0000000085100000, 0x0000000085200000, 0x0000000085200000|100%| O|  |TAMS 0x0000000085200000, 0x0000000085100000| Untracked 
|  82|0x0000000085200000, 0x0000000085300000, 0x0000000085300000|100%| O|  |TAMS 0x0000000085300000, 0x0000000085200000| Untracked 
|  83|0x0000000085300000, 0x0000000085400000, 0x0000000085400000|100%| O|  |TAMS 0x0000000085400000, 0x0000000085300000| Untracked 
|  84|0x0000000085400000, 0x0000000085500000, 0x0000000085500000|100%| O|  |TAMS 0x0000000085500000, 0x0000000085400000| Untracked 
|  85|0x0000000085500000, 0x0000000085600000, 0x0000000085600000|100%| O|  |TAMS 0x0000000085600000, 0x0000000085500000| Untracked 
|  86|0x0000000085600000, 0x0000000085700000, 0x0000000085700000|100%| O|  |TAMS 0x0000000085700000, 0x0000000085600000| Untracked 
|  87|0x0000000085700000, 0x0000000085800000, 0x0000000085800000|100%| O|  |TAMS 0x0000000085800000, 0x0000000085700000| Untracked 
|  88|0x0000000085800000, 0x0000000085900000, 0x0000000085900000|100%| O|  |TAMS 0x0000000085900000, 0x0000000085800000| Untracked 
|  89|0x0000000085900000, 0x0000000085a00000, 0x0000000085a00000|100%| O|  |TAMS 0x0000000085a00000, 0x0000000085900000| Untracked 
|  90|0x0000000085a00000, 0x0000000085b00000, 0x0000000085b00000|100%| O|  |TAMS 0x0000000085b00000, 0x0000000085a00000| Untracked 
|  91|0x0000000085b00000, 0x0000000085c00000, 0x0000000085c00000|100%| O|  |TAMS 0x0000000085b00000, 0x0000000085b00000| Untracked 
|  92|0x0000000085c00000, 0x0000000085d00000, 0x0000000085d00000|100%| O|  |TAMS 0x0000000085d00000, 0x0000000085c00000| Untracked 
|  93|0x0000000085d00000, 0x0000000085e00000, 0x0000000085e00000|100%| O|  |TAMS 0x0000000085e00000, 0x0000000085d00000| Untracked 
|  94|0x0000000085e00000, 0x0000000085f00000, 0x0000000085f00000|100%| O|  |TAMS 0x0000000085f00000, 0x0000000085e00000| Untracked 
|  95|0x0000000085f00000, 0x0000000086000000, 0x0000000086000000|100%| O|  |TAMS 0x0000000086000000, 0x0000000085f00000| Untracked 
|  96|0x0000000086000000, 0x0000000086100000, 0x0000000086100000|100%| O|  |TAMS 0x0000000086100000, 0x0000000086000000| Untracked 
|  97|0x0000000086100000, 0x0000000086200000, 0x0000000086200000|100%|HS|  |TAMS 0x0000000086100000, 0x0000000086100000| Complete 
|  98|0x0000000086200000, 0x0000000086300000, 0x0000000086300000|100%|HC|  |TAMS 0x0000000086200000, 0x0000000086200000| Complete 
|  99|0x0000000086300000, 0x0000000086400000, 0x0000000086400000|100%| O|  |TAMS 0x0000000086400000, 0x0000000086300000| Untracked 
| 100|0x0000000086400000, 0x0000000086500000, 0x0000000086500000|100%| O|  |TAMS 0x0000000086400000, 0x0000000086400000| Untracked 
| 101|0x0000000086500000, 0x0000000086600000, 0x0000000086600000|100%| O|  |TAMS 0x0000000086500000, 0x0000000086500000| Untracked 
| 102|0x0000000086600000, 0x0000000086675600, 0x0000000086700000| 45%| O|  |TAMS 0x0000000086600000, 0x0000000086600000| Untracked 
| 103|0x0000000086700000, 0x0000000086700000, 0x0000000086800000|  0%| F|  |TAMS 0x0000000086700000, 0x0000000086700000| Untracked 
| 104|0x0000000086800000, 0x0000000086800000, 0x0000000086900000|  0%| F|  |TAMS 0x0000000086800000, 0x0000000086800000| Untracked 
| 105|0x0000000086900000, 0x0000000086900000, 0x0000000086a00000|  0%| F|  |TAMS 0x0000000086900000, 0x0000000086900000| Untracked 
| 106|0x0000000086a00000, 0x0000000086b00000, 0x0000000086b00000|100%| O|  |TAMS 0x0000000086b00000, 0x0000000086a00000| Untracked 
| 107|0x0000000086b00000, 0x0000000086c00000, 0x0000000086c00000|100%| O|  |TAMS 0x0000000086c00000, 0x0000000086b00000| Untracked 
| 108|0x0000000086c00000, 0x0000000086c00000, 0x0000000086d00000|  0%| F|  |TAMS 0x0000000086c00000, 0x0000000086c00000| Untracked 
| 109|0x0000000086d00000, 0x0000000086e00000, 0x0000000086e00000|100%| O|  |TAMS 0x0000000086e00000, 0x0000000086d00000| Untracked 
| 110|0x0000000086e00000, 0x0000000086f00000, 0x0000000086f00000|100%| O|  |TAMS 0x0000000086f00000, 0x0000000086e00000| Untracked 
| 111|0x0000000086f00000, 0x0000000086f00000, 0x0000000087000000|  0%| F|  |TAMS 0x0000000086f00000, 0x0000000086f00000| Untracked 
| 112|0x0000000087000000, 0x0000000087100000, 0x0000000087100000|100%| O|  |TAMS 0x0000000087100000, 0x0000000087000000| Untracked 
| 113|0x0000000087100000, 0x0000000087200000, 0x0000000087200000|100%| O|  |TAMS 0x0000000087200000, 0x0000000087100000| Untracked 
| 114|0x0000000087200000, 0x0000000087300000, 0x0000000087300000|100%| O|  |TAMS 0x0000000087300000, 0x0000000087200000| Untracked 
| 115|0x0000000087300000, 0x0000000087400000, 0x0000000087400000|100%| O|  |TAMS 0x0000000087333800, 0x0000000087300000| Untracked 
| 116|0x0000000087400000, 0x0000000087400000, 0x0000000087500000|  0%| F|  |TAMS 0x0000000087400000, 0x0000000087400000| Untracked 
| 117|0x0000000087500000, 0x0000000087500000, 0x0000000087600000|  0%| F|  |TAMS 0x0000000087500000, 0x0000000087500000| Untracked 
| 118|0x0000000087600000, 0x0000000087600000, 0x0000000087700000|  0%| F|  |TAMS 0x0000000087600000, 0x0000000087600000| Untracked 
| 119|0x0000000087700000, 0x0000000087700000, 0x0000000087800000|  0%| F|  |TAMS 0x0000000087700000, 0x0000000087700000| Untracked 
| 120|0x0000000087800000, 0x0000000087800000, 0x0000000087900000|  0%| F|  |TAMS 0x0000000087800000, 0x0000000087800000| Untracked 
| 121|0x0000000087900000, 0x0000000087900000, 0x0000000087a00000|  0%| F|  |TAMS 0x0000000087900000, 0x0000000087900000| Untracked 
| 122|0x0000000087a00000, 0x0000000087a00000, 0x0000000087b00000|  0%| F|  |TAMS 0x0000000087a00000, 0x0000000087a00000| Untracked 
| 123|0x0000000087b00000, 0x0000000087b00000, 0x0000000087c00000|  0%| F|  |TAMS 0x0000000087b00000, 0x0000000087b00000| Untracked 
| 124|0x0000000087c00000, 0x0000000087c00000, 0x0000000087d00000|  0%| F|  |TAMS 0x0000000087c00000, 0x0000000087c00000| Untracked 
| 125|0x0000000087d00000, 0x0000000087d00000, 0x0000000087e00000|  0%| F|  |TAMS 0x0000000087d00000, 0x0000000087d00000| Untracked 
| 126|0x0000000087e00000, 0x0000000087e00000, 0x0000000087f00000|  0%| F|  |TAMS 0x0000000087e00000, 0x0000000087e00000| Untracked 
| 127|0x0000000087f00000, 0x0000000087f00000, 0x0000000088000000|  0%| F|  |TAMS 0x0000000087f00000, 0x0000000087f00000| Untracked 
| 128|0x0000000088000000, 0x00000000880f5060, 0x0000000088100000| 95%| S|CS|TAMS 0x0000000088000000, 0x0000000088000000| Complete 
| 129|0x0000000088100000, 0x0000000088200000, 0x0000000088200000|100%| S|CS|TAMS 0x0000000088100000, 0x0000000088100000| Complete 
| 130|0x0000000088200000, 0x0000000088300000, 0x0000000088300000|100%| S|CS|TAMS 0x0000000088200000, 0x0000000088200000| Complete 
| 131|0x0000000088300000, 0x0000000088400000, 0x0000000088400000|100%| S|CS|TAMS 0x0000000088300000, 0x0000000088300000| Complete 
| 132|0x0000000088400000, 0x0000000088400000, 0x0000000088500000|  0%| F|  |TAMS 0x0000000088400000, 0x0000000088400000| Untracked 
| 133|0x0000000088500000, 0x0000000088600000, 0x0000000088600000|100%| S|CS|TAMS 0x0000000088500000, 0x0000000088500000| Complete 
| 134|0x0000000088600000, 0x0000000088700000, 0x0000000088700000|100%| S|CS|TAMS 0x0000000088600000, 0x0000000088600000| Complete 
| 135|0x0000000088700000, 0x0000000088800000, 0x0000000088800000|100%| S|CS|TAMS 0x0000000088700000, 0x0000000088700000| Complete 
| 136|0x0000000088800000, 0x0000000088900000, 0x0000000088900000|100%| S|CS|TAMS 0x0000000088800000, 0x0000000088800000| Complete 
| 137|0x0000000088900000, 0x0000000088a00000, 0x0000000088a00000|100%| S|CS|TAMS 0x0000000088900000, 0x0000000088900000| Complete 
| 138|0x0000000088a00000, 0x0000000088b00000, 0x0000000088b00000|100%| S|CS|TAMS 0x0000000088a00000, 0x0000000088a00000| Complete 
| 139|0x0000000088b00000, 0x0000000088b00000, 0x0000000088c00000|  0%| F|  |TAMS 0x0000000088b00000, 0x0000000088b00000| Untracked 
| 140|0x0000000088c00000, 0x0000000088c00000, 0x0000000088d00000|  0%| F|  |TAMS 0x0000000088c00000, 0x0000000088c00000| Untracked 
| 141|0x0000000088d00000, 0x0000000088d00000, 0x0000000088e00000|  0%| F|  |TAMS 0x0000000088d00000, 0x0000000088d00000| Untracked 
| 142|0x0000000088e00000, 0x0000000088e00000, 0x0000000088f00000|  0%| F|  |TAMS 0x0000000088e00000, 0x0000000088e00000| Untracked 
| 143|0x0000000088f00000, 0x0000000088f00000, 0x0000000089000000|  0%| F|  |TAMS 0x0000000088f00000, 0x0000000088f00000| Untracked 
| 144|0x0000000089000000, 0x0000000089000000, 0x0000000089100000|  0%| F|  |TAMS 0x0000000089000000, 0x0000000089000000| Untracked 
| 145|0x0000000089100000, 0x0000000089100000, 0x0000000089200000|  0%| F|  |TAMS 0x0000000089100000, 0x0000000089100000| Untracked 
| 146|0x0000000089200000, 0x0000000089200000, 0x0000000089300000|  0%| F|  |TAMS 0x0000000089200000, 0x0000000089200000| Untracked 
| 147|0x0000000089300000, 0x0000000089300000, 0x0000000089400000|  0%| F|  |TAMS 0x0000000089300000, 0x0000000089300000| Untracked 
| 148|0x0000000089400000, 0x0000000089400000, 0x0000000089500000|  0%| F|  |TAMS 0x0000000089400000, 0x0000000089400000| Untracked 
| 149|0x0000000089500000, 0x0000000089500000, 0x0000000089600000|  0%| F|  |TAMS 0x0000000089500000, 0x0000000089500000| Untracked 
| 150|0x0000000089600000, 0x0000000089600000, 0x0000000089700000|  0%| F|  |TAMS 0x0000000089600000, 0x0000000089600000| Untracked 
| 151|0x0000000089700000, 0x0000000089700000, 0x0000000089800000|  0%| F|  |TAMS 0x0000000089700000, 0x0000000089700000| Untracked 
| 152|0x0000000089800000, 0x0000000089800000, 0x0000000089900000|  0%| F|  |TAMS 0x0000000089800000, 0x0000000089800000| Untracked 
| 153|0x0000000089900000, 0x0000000089900000, 0x0000000089a00000|  0%| F|  |TAMS 0x0000000089900000, 0x0000000089900000| Untracked 
| 154|0x0000000089a00000, 0x0000000089a00000, 0x0000000089b00000|  0%| F|  |TAMS 0x0000000089a00000, 0x0000000089a00000| Untracked 
| 155|0x0000000089b00000, 0x0000000089b00000, 0x0000000089c00000|  0%| F|  |TAMS 0x0000000089b00000, 0x0000000089b00000| Untracked 
| 156|0x0000000089c00000, 0x0000000089c00000, 0x0000000089d00000|  0%| F|  |TAMS 0x0000000089c00000, 0x0000000089c00000| Untracked 
| 157|0x0000000089d00000, 0x0000000089d00000, 0x0000000089e00000|  0%| F|  |TAMS 0x0000000089d00000, 0x0000000089d00000| Untracked 
| 158|0x0000000089e00000, 0x0000000089e00000, 0x0000000089f00000|  0%| F|  |TAMS 0x0000000089e00000, 0x0000000089e00000| Untracked 
| 159|0x0000000089f00000, 0x0000000089f00000, 0x000000008a000000|  0%| F|  |TAMS 0x0000000089f00000, 0x0000000089f00000| Untracked 
| 160|0x000000008a000000, 0x000000008a000000, 0x000000008a100000|  0%| F|  |TAMS 0x000000008a000000, 0x000000008a000000| Untracked 
| 161|0x000000008a100000, 0x000000008a100000, 0x000000008a200000|  0%| F|  |TAMS 0x000000008a100000, 0x000000008a100000| Untracked 
| 162|0x000000008a200000, 0x000000008a200000, 0x000000008a300000|  0%| F|  |TAMS 0x000000008a200000, 0x000000008a200000| Untracked 
| 163|0x000000008a300000, 0x000000008a300000, 0x000000008a400000|  0%| F|  |TAMS 0x000000008a300000, 0x000000008a300000| Untracked 
| 164|0x000000008a400000, 0x000000008a400000, 0x000000008a500000|  0%| F|  |TAMS 0x000000008a400000, 0x000000008a400000| Untracked 
| 165|0x000000008a500000, 0x000000008a500000, 0x000000008a600000|  0%| F|  |TAMS 0x000000008a500000, 0x000000008a500000| Untracked 
| 166|0x000000008a600000, 0x000000008a600000, 0x000000008a700000|  0%| F|  |TAMS 0x000000008a600000, 0x000000008a600000| Untracked 
| 167|0x000000008a700000, 0x000000008a700000, 0x000000008a800000|  0%| F|  |TAMS 0x000000008a700000, 0x000000008a700000| Untracked 
| 168|0x000000008a800000, 0x000000008a800000, 0x000000008a900000|  0%| F|  |TAMS 0x000000008a800000, 0x000000008a800000| Untracked 
| 169|0x000000008a900000, 0x000000008a900000, 0x000000008aa00000|  0%| F|  |TAMS 0x000000008a900000, 0x000000008a900000| Untracked 
| 170|0x000000008aa00000, 0x000000008aa00000, 0x000000008ab00000|  0%| F|  |TAMS 0x000000008aa00000, 0x000000008aa00000| Untracked 
| 171|0x000000008ab00000, 0x000000008ab00000, 0x000000008ac00000|  0%| F|  |TAMS 0x000000008ab00000, 0x000000008ab00000| Untracked 
| 172|0x000000008ac00000, 0x000000008ac00000, 0x000000008ad00000|  0%| F|  |TAMS 0x000000008ac00000, 0x000000008ac00000| Untracked 
| 173|0x000000008ad00000, 0x000000008ad00000, 0x000000008ae00000|  0%| F|  |TAMS 0x000000008ad00000, 0x000000008ad00000| Untracked 
| 174|0x000000008ae00000, 0x000000008ae00000, 0x000000008af00000|  0%| F|  |TAMS 0x000000008ae00000, 0x000000008ae00000| Untracked 
| 175|0x000000008af00000, 0x000000008af00000, 0x000000008b000000|  0%| F|  |TAMS 0x000000008af00000, 0x000000008af00000| Untracked 
| 176|0x000000008b000000, 0x000000008b000000, 0x000000008b100000|  0%| F|  |TAMS 0x000000008b000000, 0x000000008b000000| Untracked 
| 177|0x000000008b100000, 0x000000008b100000, 0x000000008b200000|  0%| F|  |TAMS 0x000000008b100000, 0x000000008b100000| Untracked 
| 178|0x000000008b200000, 0x000000008b200000, 0x000000008b300000|  0%| F|  |TAMS 0x000000008b200000, 0x000000008b200000| Untracked 
| 179|0x000000008b300000, 0x000000008b300000, 0x000000008b400000|  0%| F|  |TAMS 0x000000008b300000, 0x000000008b300000| Untracked 
| 180|0x000000008b400000, 0x000000008b400000, 0x000000008b500000|  0%| F|  |TAMS 0x000000008b400000, 0x000000008b400000| Untracked 
| 181|0x000000008b500000, 0x000000008b500000, 0x000000008b600000|  0%| F|  |TAMS 0x000000008b500000, 0x000000008b500000| Untracked 
| 182|0x000000008b600000, 0x000000008b600000, 0x000000008b700000|  0%| F|  |TAMS 0x000000008b600000, 0x000000008b600000| Untracked 
| 183|0x000000008b700000, 0x000000008b700000, 0x000000008b800000|  0%| F|  |TAMS 0x000000008b700000, 0x000000008b700000| Untracked 
| 184|0x000000008b800000, 0x000000008b800000, 0x000000008b900000|  0%| F|  |TAMS 0x000000008b800000, 0x000000008b800000| Untracked 
| 185|0x000000008b900000, 0x000000008b900000, 0x000000008ba00000|  0%| F|  |TAMS 0x000000008b900000, 0x000000008b900000| Untracked 
| 186|0x000000008ba00000, 0x000000008ba00000, 0x000000008bb00000|  0%| F|  |TAMS 0x000000008ba00000, 0x000000008ba00000| Untracked 
| 187|0x000000008bb00000, 0x000000008bb00000, 0x000000008bc00000|  0%| F|  |TAMS 0x000000008bb00000, 0x000000008bb00000| Untracked 
| 188|0x000000008bc00000, 0x000000008bc00000, 0x000000008bd00000|  0%| F|  |TAMS 0x000000008bc00000, 0x000000008bc00000| Untracked 
| 189|0x000000008bd00000, 0x000000008bd00000, 0x000000008be00000|  0%| F|  |TAMS 0x000000008bd00000, 0x000000008bd00000| Untracked 
| 190|0x000000008be00000, 0x000000008be00000, 0x000000008bf00000|  0%| F|  |TAMS 0x000000008be00000, 0x000000008be00000| Untracked 
| 191|0x000000008bf00000, 0x000000008bf00000, 0x000000008c000000|  0%| F|  |TAMS 0x000000008bf00000, 0x000000008bf00000| Untracked 
| 192|0x000000008c000000, 0x000000008c000000, 0x000000008c100000|  0%| F|  |TAMS 0x000000008c000000, 0x000000008c000000| Untracked 
| 193|0x000000008c100000, 0x000000008c100000, 0x000000008c200000|  0%| F|  |TAMS 0x000000008c100000, 0x000000008c100000| Untracked 
| 194|0x000000008c200000, 0x000000008c200000, 0x000000008c300000|  0%| F|  |TAMS 0x000000008c200000, 0x000000008c200000| Untracked 
| 195|0x000000008c300000, 0x000000008c300000, 0x000000008c400000|  0%| F|  |TAMS 0x000000008c300000, 0x000000008c300000| Untracked 
| 196|0x000000008c400000, 0x000000008c400000, 0x000000008c500000|  0%| F|  |TAMS 0x000000008c400000, 0x000000008c400000| Untracked 
| 197|0x000000008c500000, 0x000000008c500000, 0x000000008c600000|  0%| F|  |TAMS 0x000000008c500000, 0x000000008c500000| Untracked 
| 198|0x000000008c600000, 0x000000008c600000, 0x000000008c700000|  0%| F|  |TAMS 0x000000008c600000, 0x000000008c600000| Untracked 
| 199|0x000000008c700000, 0x000000008c700000, 0x000000008c800000|  0%| F|  |TAMS 0x000000008c700000, 0x000000008c700000| Untracked 
| 200|0x000000008c800000, 0x000000008c800000, 0x000000008c900000|  0%| F|  |TAMS 0x000000008c800000, 0x000000008c800000| Untracked 
| 201|0x000000008c900000, 0x000000008c900000, 0x000000008ca00000|  0%| F|  |TAMS 0x000000008c900000, 0x000000008c900000| Untracked 
| 202|0x000000008ca00000, 0x000000008ca00000, 0x000000008cb00000|  0%| F|  |TAMS 0x000000008ca00000, 0x000000008ca00000| Untracked 
| 203|0x000000008cb00000, 0x000000008cb00000, 0x000000008cc00000|  0%| F|  |TAMS 0x000000008cb00000, 0x000000008cb00000| Untracked 
| 204|0x000000008cc00000, 0x000000008cc00000, 0x000000008cd00000|  0%| F|  |TAMS 0x000000008cc00000, 0x000000008cc00000| Untracked 
| 205|0x000000008cd00000, 0x000000008cd00000, 0x000000008ce00000|  0%| F|  |TAMS 0x000000008cd00000, 0x000000008cd00000| Untracked 
| 206|0x000000008ce00000, 0x000000008ce00000, 0x000000008cf00000|  0%| F|  |TAMS 0x000000008ce00000, 0x000000008ce00000| Untracked 
| 207|0x000000008cf00000, 0x000000008cf00000, 0x000000008d000000|  0%| F|  |TAMS 0x000000008cf00000, 0x000000008cf00000| Untracked 
| 208|0x000000008d000000, 0x000000008d000000, 0x000000008d100000|  0%| F|  |TAMS 0x000000008d000000, 0x000000008d000000| Untracked 
| 209|0x000000008d100000, 0x000000008d100000, 0x000000008d200000|  0%| F|  |TAMS 0x000000008d100000, 0x000000008d100000| Untracked 
| 210|0x000000008d200000, 0x000000008d200000, 0x000000008d300000|  0%| F|  |TAMS 0x000000008d200000, 0x000000008d200000| Untracked 
| 211|0x000000008d300000, 0x000000008d300000, 0x000000008d400000|  0%| F|  |TAMS 0x000000008d300000, 0x000000008d300000| Untracked 
| 212|0x000000008d400000, 0x000000008d400000, 0x000000008d500000|  0%| F|  |TAMS 0x000000008d400000, 0x000000008d400000| Untracked 
| 213|0x000000008d500000, 0x000000008d500000, 0x000000008d600000|  0%| F|  |TAMS 0x000000008d500000, 0x000000008d500000| Untracked 
| 214|0x000000008d600000, 0x000000008d600000, 0x000000008d700000|  0%| F|  |TAMS 0x000000008d600000, 0x000000008d600000| Untracked 
| 215|0x000000008d700000, 0x000000008d700000, 0x000000008d800000|  0%| F|  |TAMS 0x000000008d700000, 0x000000008d700000| Untracked 
| 216|0x000000008d800000, 0x000000008d800000, 0x000000008d900000|  0%| F|  |TAMS 0x000000008d800000, 0x000000008d800000| Untracked 
| 217|0x000000008d900000, 0x000000008d900000, 0x000000008da00000|  0%| F|  |TAMS 0x000000008d900000, 0x000000008d900000| Untracked 
| 218|0x000000008da00000, 0x000000008da00000, 0x000000008db00000|  0%| F|  |TAMS 0x000000008da00000, 0x000000008da00000| Untracked 
| 219|0x000000008db00000, 0x000000008db00000, 0x000000008dc00000|  0%| F|  |TAMS 0x000000008db00000, 0x000000008db00000| Untracked 
| 220|0x000000008dc00000, 0x000000008dc00000, 0x000000008dd00000|  0%| F|  |TAMS 0x000000008dc00000, 0x000000008dc00000| Untracked 
| 221|0x000000008dd00000, 0x000000008dda13b0, 0x000000008de00000| 62%| E|  |TAMS 0x000000008dd00000, 0x000000008dd00000| Complete 

Card table byte_map: [0x00000240545d0000,0x00000240549d0000] _byte_map_base: 0x00000240541d0000

Marking Bits (Prev, Next): (CMBitMap*) 0x00000240418a4478, (CMBitMap*) 0x00000240418a44b0
 Prev Bits: [0x0000024054dd0000, 0x0000024056dd0000)
 Next Bits: [0x0000024056dd0000, 0x0000024058dd0000)

Polling page: 0x000002403f7f0000

Metaspace:

Usage:
  Non-class:     96.25 MB capacity,    94.37 MB ( 98%) used,     1.55 MB (  2%) free+waste,   341.94 KB ( <1%) overhead. 
      Class:     14.66 MB capacity,    13.58 MB ( 93%) used,   948.10 KB (  6%) free+waste,   152.63 KB (  1%) overhead. 
       Both:    110.91 MB capacity,   107.95 MB ( 97%) used,     2.47 MB (  2%) free+waste,   494.56 KB ( <1%) overhead. 

Virtual space:
  Non-class space:       98.00 MB reserved,      96.25 MB ( 98%) committed 
      Class space:        1.00 GB reserved,      14.70 MB (  1%) committed 
             Both:        1.10 GB reserved,     110.95 MB ( 10%) committed 

Chunk freelists:
   Non-Class:  2.00 KB
       Class:  0 bytes
        Both:  2.00 KB

MaxMetaspaceSize: 17179869184.00 GB
CompressedClassSpaceSize: 1.00 GB

CodeHeap 'non-profiled nmethods': size=120064Kb used=13669Kb max_used=13669Kb free=106395Kb
 bounds [0x000002404cc90000, 0x000002404d9f0000, 0x00000240541d0000]
CodeHeap 'profiled nmethods': size=120000Kb used=34153Kb max_used=34153Kb free=85846Kb
 bounds [0x0000024045760000, 0x00000240478f0000, 0x000002404cc90000]
CodeHeap 'non-nmethods': size=5696Kb used=2301Kb max_used=2369Kb free=3394Kb
 bounds [0x00000240451d0000, 0x0000024045440000, 0x0000024045760000]
 total_blobs=17313 nmethods=16401 adapters=821
 compilation: enabled
              stopped_count=0, restarted_count=0
 full_count=0

Compilation events (20 events):
Event: 1495.970 Thread 0x000002405b2e1800 nmethod 19098 0x00000240478db210 code [0x00000240478db540, 0x00000240478dc718]
Event: 1495.970 Thread 0x000002405b2e1800 19099   !   3       jdk.nio.zipfs.ZipFileSystemProvider::ensureFile (33 bytes)
Event: 1495.971 Thread 0x000002405b2e1800 nmethod 19099 0x00000240478dcf90 code [0x00000240478dd1c0, 0x00000240478dd868]
Event: 1495.971 Thread 0x000002405b2e1800 19100       3       jdk.nio.zipfs.JarFileSystem::<init> (151 bytes)
Event: 1495.972 Thread 0x000002405b2e1800 nmethod 19100 0x00000240478ddc10 code [0x00000240478ddf00, 0x00000240478dee68]
Event: 1495.972 Thread 0x000002405b2e1800 19101       3       sun.nio.fs.WindowsFileStore::createFromPath (14 bytes)
Event: 1495.972 Thread 0x000002405b2e1800 nmethod 19101 0x00000240478df210 code [0x00000240478df420, 0x00000240478df808]
Event: 1495.973 Thread 0x000002405b2e1800 19102       3       java.nio.file.FileStore::<init> (5 bytes)
Event: 1495.973 Thread 0x000002405b2e1800 nmethod 19102 0x00000240478dfa90 code [0x00000240478dfc40, 0x00000240478dfd98]
Event: 1495.973 Thread 0x000002405b2e1800 19103   !   3       sun.nio.fs.WindowsNativeDispatcher::GetVolumeInformation (38 bytes)
Event: 1495.974 Thread 0x000002405b2e1800 nmethod 19103 0x00000240478dfe90 code [0x00000240478e00a0, 0x00000240478e04b8]
Event: 1495.974 Thread 0x000002405b2e1800 19104   !   3       sun.nio.fs.WindowsNativeDispatcher::GetDriveType (26 bytes)
Event: 1495.974 Thread 0x000002405b2e1800 nmethod 19104 0x00000240478e0710 code [0x00000240478e0900, 0x00000240478e0bf8]
Event: 1495.974 Thread 0x000002405b2e1800 19105       3       jdk.nio.zipfs.ZipFileSystem::getBytes (9 bytes)
Event: 1495.974 Thread 0x000002405b2e1800 nmethod 19105 0x00000240478e0e10 code [0x00000240478e0fc0, 0x00000240478e1188]
Event: 1495.983 Thread 0x000002405b2e1800 19106       3       jdk.nio.zipfs.ZipPath::<init> (8 bytes)
Event: 1495.983 Thread 0x000002405b2e1800 nmethod 19106 0x00000240478e1290 code [0x00000240478e1440, 0x00000240478e1568]
Event: 1495.983 Thread 0x000002405b2e1800 19107       3       jdk.nio.zipfs.ZipPath::normalize (99 bytes)
Event: 1495.984 Thread 0x000002405b2e1800 nmethod 19107 0x00000240478e1610 code [0x00000240478e1820, 0x00000240478e1e88]
Event: 1495.991 Thread 0x000002405bc47000 19108   !   4       jdk.nio.zipfs.ZipFileSystem::buildNodeTree (285 bytes)

GC Heap History (20 events):
Event: 1172.099 GC heap before
{Heap before GC invocations=46 (full 0):
 garbage-first heap   total 227328K, used 202712K [0x0000000080000000, 0x0000000100000000)
  region size 1024K, 81 young (82944K), 4 survivors (4096K)
 Metaspace       used 109358K, capacity 112349K, committed 112588K, reserved 1146880K
  class space    used 13901K, capacity 15005K, committed 15052K, reserved 1048576K
}
Event: 1172.117 GC heap after
{Heap after GC invocations=47 (full 0):
 garbage-first heap   total 227328K, used 110560K [0x0000000080000000, 0x0000000100000000)
  region size 1024K, 9 young (9216K), 9 survivors (9216K)
 Metaspace       used 109358K, capacity 112349K, committed 112588K, reserved 1146880K
  class space    used 13901K, capacity 15005K, committed 15052K, reserved 1048576K
}
Event: 1172.833 GC heap before
{Heap before GC invocations=47 (full 0):
 garbage-first heap   total 227328K, used 185312K [0x0000000080000000, 0x0000000100000000)
  region size 1024K, 83 young (84992K), 9 survivors (9216K)
 Metaspace       used 109374K, capacity 112349K, committed 112588K, reserved 1146880K
  class space    used 13901K, capacity 15005K, committed 15052K, reserved 1048576K
}
Event: 1172.852 GC heap after
{Heap after GC invocations=48 (full 0):
 garbage-first heap   total 227328K, used 112300K [0x0000000080000000, 0x0000000100000000)
  region size 1024K, 7 young (7168K), 7 survivors (7168K)
 Metaspace       used 109374K, capacity 112349K, committed 112588K, reserved 1146880K
  class space    used 13901K, capacity 15005K, committed 15052K, reserved 1048576K
}
Event: 1173.699 GC heap before
{Heap before GC invocations=49 (full 0):
 garbage-first heap   total 227328K, used 188076K [0x0000000080000000, 0x0000000100000000)
  region size 1024K, 82 young (83968K), 7 survivors (7168K)
 Metaspace       used 109397K, capacity 112358K, committed 112588K, reserved 1146880K
  class space    used 13902K, capacity 15007K, committed 15052K, reserved 1048576K
}
Event: 1173.722 GC heap after
{Heap after GC invocations=50 (full 0):
 garbage-first heap   total 227328K, used 114206K [0x0000000080000000, 0x0000000100000000)
  region size 1024K, 4 young (4096K), 4 survivors (4096K)
 Metaspace       used 109397K, capacity 112358K, committed 112588K, reserved 1146880K
  class space    used 13902K, capacity 15007K, committed 15052K, reserved 1048576K
}
Event: 1173.942 GC heap before
{Heap before GC invocations=50 (full 0):
 garbage-first heap   total 227328K, used 121374K [0x0000000080000000, 0x0000000100000000)
  region size 1024K, 11 young (11264K), 4 survivors (4096K)
 Metaspace       used 109450K, capacity 112428K, committed 112588K, reserved 1146880K
  class space    used 13907K, capacity 15008K, committed 15052K, reserved 1048576K
}
Event: 1173.966 GC heap after
{Heap after GC invocations=51 (full 0):
 garbage-first heap   total 227328K, used 110660K [0x0000000080000000, 0x0000000100000000)
  region size 1024K, 1 young (1024K), 1 survivors (1024K)
 Metaspace       used 109450K, capacity 112428K, committed 112588K, reserved 1146880K
  class space    used 13907K, capacity 15008K, committed 15052K, reserved 1048576K
}
Event: 1176.836 GC heap before
{Heap before GC invocations=51 (full 0):
 garbage-first heap   total 227328K, used 189508K [0x0000000080000000, 0x0000000100000000)
  region size 1024K, 77 young (78848K), 1 survivors (1024K)
 Metaspace       used 109832K, capacity 112821K, committed 113100K, reserved 1146880K
  class space    used 13907K, capacity 15008K, committed 15052K, reserved 1048576K
}
Event: 1176.847 GC heap after
{Heap after GC invocations=52 (full 0):
 garbage-first heap   total 227328K, used 114620K [0x0000000080000000, 0x0000000100000000)
  region size 1024K, 3 young (3072K), 3 survivors (3072K)
 Metaspace       used 109832K, capacity 112821K, committed 113100K, reserved 1146880K
  class space    used 13907K, capacity 15008K, committed 15052K, reserved 1048576K
}
Event: 1177.431 GC heap before
{Heap before GC invocations=53 (full 0):
 garbage-first heap   total 227328K, used 188348K [0x0000000080000000, 0x0000000100000000)
  region size 1024K, 77 young (78848K), 3 survivors (3072K)
 Metaspace       used 109853K, capacity 112822K, committed 113100K, reserved 1146880K
  class space    used 13907K, capacity 15008K, committed 15052K, reserved 1048576K
}
Event: 1177.439 GC heap after
{Heap after GC invocations=54 (full 0):
 garbage-first heap   total 227328K, used 110798K [0x0000000080000000, 0x0000000100000000)
  region size 1024K, 2 young (2048K), 2 survivors (2048K)
 Metaspace       used 109853K, capacity 112822K, committed 113100K, reserved 1146880K
  class space    used 13907K, capacity 15008K, committed 15052K, reserved 1048576K
}
Event: 1177.496 GC heap before
{Heap before GC invocations=54 (full 0):
 garbage-first heap   total 227328K, used 118990K [0x0000000080000000, 0x0000000100000000)
  region size 1024K, 11 young (11264K), 2 survivors (2048K)
 Metaspace       used 109853K, capacity 112822K, committed 113100K, reserved 1146880K
  class space    used 13907K, capacity 15008K, committed 15052K, reserved 1048576K
}
Event: 1177.503 GC heap after
{Heap after GC invocations=55 (full 0):
 garbage-first heap   total 227328K, used 106072K [0x0000000080000000, 0x0000000100000000)
  region size 1024K, 1 young (1024K), 1 survivors (1024K)
 Metaspace       used 109853K, capacity 112822K, committed 113100K, reserved 1146880K
  class space    used 13907K, capacity 15008K, committed 15052K, reserved 1048576K
}
Event: 1443.683 GC heap before
{Heap before GC invocations=55 (full 0):
 garbage-first heap   total 227328K, used 206424K [0x0000000080000000, 0x0000000100000000)
  region size 1024K, 81 young (82944K), 1 survivors (1024K)
 Metaspace       used 110315K, capacity 113300K, committed 113356K, reserved 1146880K
  class space    used 13907K, capacity 15009K, committed 15052K, reserved 1048576K
}
Event: 1443.687 GC heap after
{Heap after GC invocations=56 (full 0):
 garbage-first heap   total 227328K, used 106309K [0x0000000080000000, 0x0000000100000000)
  region size 1024K, 1 young (1024K), 1 survivors (1024K)
 Metaspace       used 110315K, capacity 113300K, committed 113356K, reserved 1146880K
  class space    used 13907K, capacity 15009K, committed 15052K, reserved 1048576K
}
Event: 1494.632 GC heap before
{Heap before GC invocations=56 (full 0):
 garbage-first heap   total 227328K, used 190277K [0x0000000080000000, 0x0000000100000000)
  region size 1024K, 83 young (84992K), 1 survivors (1024K)
 Metaspace       used 110440K, capacity 113437K, committed 113612K, reserved 1148928K
  class space    used 13909K, capacity 15010K, committed 15052K, reserved 1048576K
}
Event: 1494.642 GC heap after
{Heap after GC invocations=57 (full 0):
 garbage-first heap   total 227328K, used 111734K [0x0000000080000000, 0x0000000100000000)
  region size 1024K, 6 young (6144K), 6 survivors (6144K)
 Metaspace       used 110440K, capacity 113437K, committed 113612K, reserved 1148928K
  class space    used 13909K, capacity 15010K, committed 15052K, reserved 1048576K
}
Event: 1495.063 GC heap before
{Heap before GC invocations=57 (full 0):
 garbage-first heap   total 227328K, used 189558K [0x0000000080000000, 0x0000000100000000)
  region size 1024K, 83 young (84992K), 6 survivors (6144K)
 Metaspace       used 110449K, capacity 113437K, committed 113612K, reserved 1148928K
  class space    used 13909K, capacity 15010K, committed 15052K, reserved 1048576K
}
Event: 1495.074 GC heap after
{Heap after GC invocations=58 (full 0):
 garbage-first heap   total 227328K, used 113292K [0x0000000080000000, 0x0000000100000000)
  region size 1024K, 7 young (7168K), 7 survivors (7168K)
 Metaspace       used 110449K, capacity 113437K, committed 113612K, reserved 1148928K
  class space    used 13909K, capacity 15010K, committed 15052K, reserved 1048576K
}

Deoptimization events (20 events):
Event: 1494.148 Thread 0x00000240615cd000 Uncommon trap: trap_request=0xffffffdc fr.pc=0x000002404d980880 relative=0x0000000000000220
Event: 1494.148 Thread 0x00000240615cd000 Uncommon trap: reason=class_check action=make_not_entrant pc=0x000002404d980880 method=com.google.common.collect.Platform.copy([Ljava/lang/Object;II[Ljava/lang/Object;)[Ljava/lang/Object; @ 7 c2
Event: 1494.148 Thread 0x00000240615cd000 DEOPT PACKING pc=0x000002404d980880 sp=0x00000063582fc060
Event: 1494.148 Thread 0x00000240615cd000 DEOPT UNPACKING pc=0x00000240451f74af sp=0x00000063582fbf80 mode 2
Event: 1495.218 Thread 0x00000240615cd000 DEOPT PACKING pc=0x0000024046f182df sp=0x00000063582fb6c0
Event: 1495.218 Thread 0x00000240615cd000 DEOPT UNPACKING pc=0x00000240451f72ce sp=0x00000063582fab10 mode 0
Event: 1495.397 Thread 0x00000240615ce800 Uncommon trap: trap_request=0xffffff4d fr.pc=0x000002404d25cd2c relative=0x000000000000052c
Event: 1495.397 Thread 0x00000240615ce800 Uncommon trap: reason=unstable_if action=reinterpret pc=0x000002404d25cd2c method=org.gradle.api.internal.file.pattern.FixedStepPathMatcher.matches([Ljava/lang/String;I)Z @ 10 c2
Event: 1495.397 Thread 0x00000240615ce800 DEOPT PACKING pc=0x000002404d25cd2c sp=0x00000063584fa430
Event: 1495.397 Thread 0x00000240615ce800 DEOPT UNPACKING pc=0x00000240451f74af sp=0x00000063584fa368 mode 2
Event: 1495.397 Thread 0x00000240615ce800 Uncommon trap: trap_request=0xffffff4d fr.pc=0x000002404d25e46c relative=0x00000000000001ec
Event: 1495.397 Thread 0x00000240615ce800 Uncommon trap: reason=unstable_if action=reinterpret pc=0x000002404d25e46c method=org.gradle.api.internal.file.pattern.FixedStepPathMatcher.matches([Ljava/lang/String;I)Z @ 10 c2
Event: 1495.397 Thread 0x00000240615ce800 DEOPT PACKING pc=0x000002404d25e46c sp=0x00000063584fa3c0
Event: 1495.397 Thread 0x00000240615ce800 DEOPT UNPACKING pc=0x00000240451f74af sp=0x00000063584fa360 mode 2
Event: 1495.415 Thread 0x00000240615ce800 Uncommon trap: trap_request=0xffffffde fr.pc=0x000002404d632b68 relative=0x0000000000000108
Event: 1495.415 Thread 0x00000240615ce800 Uncommon trap: reason=class_check action=maybe_recompile pc=0x000002404d632b68 method=com.google.common.collect.Iterables.isEmpty(Ljava/lang/Iterable;)Z @ 18 c2
Event: 1495.415 Thread 0x00000240615ce800 DEOPT PACKING pc=0x000002404d632b68 sp=0x00000063584fb500
Event: 1495.415 Thread 0x00000240615ce800 DEOPT UNPACKING pc=0x00000240451f74af sp=0x00000063584fb490 mode 2
Event: 1495.991 Thread 0x00000240615ce800 DEOPT PACKING pc=0x0000024047542e5f sp=0x00000063584f9ae0
Event: 1495.991 Thread 0x00000240615ce800 DEOPT UNPACKING pc=0x00000240451f72ce sp=0x00000063584f9040 mode 0

Classes redefined (0 events):
No events

Internal exceptions (20 events):
Event: 1176.475 Thread 0x000002406179f000 Exception <a 'sun/nio/fs/WindowsException'{0x000000008aed8e58}> (0x000000008aed8e58) thrown at [./src/hotspot/share/prims/jni.cpp, line 615]
Event: 1176.496 Thread 0x000002406179f000 Exception <a 'sun/nio/fs/WindowsException'{0x000000008acd78c8}> (0x000000008acd78c8) thrown at [./src/hotspot/share/prims/jni.cpp, line 615]
Event: 1176.499 Thread 0x000002406179f000 Exception <a 'sun/nio/fs/WindowsException'{0x000000008acde3d0}> (0x000000008acde3d0) thrown at [./src/hotspot/share/prims/jni.cpp, line 615]
Event: 1177.027 Thread 0x000002406179f000 Exception <a 'sun/nio/fs/WindowsException'{0x000000008c70d638}> (0x000000008c70d638) thrown at [./src/hotspot/share/prims/jni.cpp, line 615]
Event: 1177.027 Thread 0x000002406179f000 Exception <a 'sun/nio/fs/WindowsException'{0x000000008c70e2a8}> (0x000000008c70e2a8) thrown at [./src/hotspot/share/prims/jni.cpp, line 615]
Event: 1177.645 Thread 0x0000024062d79000 Exception <a 'sun/nio/fs/WindowsException'{0x000000008ca6a4b8}> (0x000000008ca6a4b8) thrown at [./src/hotspot/share/prims/jni.cpp, line 615]
Event: 1177.895 Thread 0x0000024062d79000 Exception <a 'sun/nio/fs/WindowsException'{0x000000008c4db6a0}> (0x000000008c4db6a0) thrown at [./src/hotspot/share/prims/jni.cpp, line 615]
Event: 1178.003 Thread 0x0000024062d7b800 Exception <a 'sun/nio/fs/WindowsException'{0x000000008bbe35b0}> (0x000000008bbe35b0) thrown at [./src/hotspot/share/prims/jni.cpp, line 615]
Event: 1178.109 Thread 0x0000024062d7b800 Exception <a 'sun/nio/fs/WindowsException'{0x000000008ae3cd48}> (0x000000008ae3cd48) thrown at [./src/hotspot/share/prims/jni.cpp, line 615]
Event: 1178.603 Thread 0x0000024062d7e000 Implicit null exception at 0x000002404d8257ea to 0x000002404d825f2f
Event: 1493.868 Thread 0x0000024062d7f000 Exception <a 'sun/nio/fs/WindowsException'{0x000000008bb4ad98}> (0x000000008bb4ad98) thrown at [./src/hotspot/share/prims/jni.cpp, line 615]
Event: 1495.363 Thread 0x00000240615ce800 Exception <a 'sun/nio/fs/WindowsException'{0x000000008aaab530}> (0x000000008aaab530) thrown at [./src/hotspot/share/prims/jni.cpp, line 615]
Event: 1495.364 Thread 0x00000240615ce800 Exception <a 'sun/nio/fs/WindowsException'{0x000000008aaac418}> (0x000000008aaac418) thrown at [./src/hotspot/share/prims/jni.cpp, line 615]
Event: 1495.365 Thread 0x00000240615ce800 Exception <a 'sun/nio/fs/WindowsException'{0x000000008aab04d0}> (0x000000008aab04d0) thrown at [./src/hotspot/share/prims/jni.cpp, line 615]
Event: 1495.366 Thread 0x00000240615ce800 Exception <a 'sun/nio/fs/WindowsException'{0x000000008aac1a48}> (0x000000008aac1a48) thrown at [./src/hotspot/share/prims/jni.cpp, line 615]
Event: 1495.366 Thread 0x00000240615ce800 Exception <a 'sun/nio/fs/WindowsException'{0x000000008aac3d40}> (0x000000008aac3d40) thrown at [./src/hotspot/share/prims/jni.cpp, line 615]
Event: 1495.366 Thread 0x00000240615ce800 Exception <a 'sun/nio/fs/WindowsException'{0x000000008aac4c80}> (0x000000008aac4c80) thrown at [./src/hotspot/share/prims/jni.cpp, line 615]
Event: 1495.610 Thread 0x00000240615ce800 Exception <a 'sun/nio/fs/WindowsException'{0x000000008a4fd538}> (0x000000008a4fd538) thrown at [./src/hotspot/share/prims/jni.cpp, line 615]
Event: 1495.626 Thread 0x00000240615ce800 Exception <a 'sun/nio/fs/WindowsException'{0x000000008a3eddd8}> (0x000000008a3eddd8) thrown at [./src/hotspot/share/prims/jni.cpp, line 615]
Event: 1495.626 Thread 0x00000240615ce800 Exception <a 'sun/nio/fs/WindowsException'{0x000000008a3edee0}> (0x000000008a3edee0) thrown at [./src/hotspot/share/prims/jni.cpp, line 615]

Events (20 events):
Event: 1494.904 Executing VM operation: RevokeBias done
Event: 1494.904 Executing VM operation: RevokeBias
Event: 1494.904 Executing VM operation: RevokeBias done
Event: 1495.001 Executing VM operation: RevokeBias
Event: 1495.001 Executing VM operation: RevokeBias done
Event: 1495.063 Executing VM operation: G1CollectForAllocation
Event: 1495.074 Executing VM operation: G1CollectForAllocation done
Event: 1495.100 Thread 0x00000240615cc000 Thread exited: 0x00000240615cc000
Event: 1495.218 Thread 0x00000240615cc000 Thread added: 0x00000240615cc000
Event: 1495.257 Executing VM operation: RevokeBias
Event: 1495.257 Executing VM operation: RevokeBias done
Event: 1495.358 Executing VM operation: RevokeBias
Event: 1495.358 Executing VM operation: RevokeBias done
Event: 1495.359 Executing VM operation: RevokeBias
Event: 1495.359 Executing VM operation: RevokeBias done
Event: 1495.359 Executing VM operation: RevokeBias
Event: 1495.359 Executing VM operation: RevokeBias done
Event: 1495.377 Thread 0x00000240615c8800 Thread added: 0x00000240615c8800
Event: 1495.474 Thread 0x000002405b2e2800 flushing nmethod 0x0000024046542890
Event: 1495.946 Thread 0x00000240615cc000 Thread exited: 0x00000240615cc000


Dynamic libraries:
0x00007ff723150000 - 0x00007ff72315a000 	E:\Program Files\Android\Android Studio\jre\bin\java.exe
0x00007ffc3d5c0000 - 0x00007ffc3d7b0000 	C:\Windows\SYSTEM32\ntdll.dll
0x00007ffbfba10000 - 0x00007ffbfba44000 	C:\Program Files\AVAST Software\Avast\x64\aswhooka.dll
0x00007ffc3c5b0000 - 0x00007ffc3c662000 	C:\Windows\System32\KERNEL32.DLL
0x00007ffc3b390000 - 0x00007ffc3b635000 	C:\Windows\System32\KERNELBASE.dll
0x00007ffc3b270000 - 0x00007ffc3b36a000 	C:\Windows\System32\ucrtbase.dll
0x00007ffbf8fd0000 - 0x00007ffbf8fe9000 	E:\Program Files\Android\Android Studio\jre\bin\jli.dll
0x00007ffc3d2a0000 - 0x00007ffc3d434000 	C:\Windows\System32\USER32.dll
0x00007ffc3b640000 - 0x00007ffc3b661000 	C:\Windows\System32\win32u.dll
0x00007ffc3d110000 - 0x00007ffc3d136000 	C:\Windows\System32\GDI32.dll
0x00007ffc3a680000 - 0x00007ffc3a816000 	C:\Windows\System32\gdi32full.dll
0x00007ffc3b0f0000 - 0x00007ffc3b18e000 	C:\Windows\System32\msvcp_win.dll
0x00007ffbf8fb0000 - 0x00007ffbf8fc7000 	E:\Program Files\Android\Android Studio\jre\bin\VCRUNTIME140.dll
0x00007ffc29960000 - 0x00007ffc29be4000 	C:\Windows\WinSxS\amd64_microsoft.windows.common-controls_6595b64144ccf1df_6.0.18362.1256_none_9e7e379be45e40e2\COMCTL32.dll
0x00007ffc3c310000 - 0x00007ffc3c3ae000 	C:\Windows\System32\msvcrt.dll
0x00007ffc3bfd0000 - 0x00007ffc3c306000 	C:\Windows\System32\combase.dll
0x00007ffc3beb0000 - 0x00007ffc3bfd0000 	C:\Windows\System32\RPCRT4.dll
0x00007ffc3b060000 - 0x00007ffc3b0e1000 	C:\Windows\System32\bcryptPrimitives.dll
0x00007ffc3c7b0000 - 0x00007ffc3c7de000 	C:\Windows\System32\IMM32.DLL
0x00007ffbe3370000 - 0x00007ffbe340d000 	E:\Program Files\Android\Android Studio\jre\bin\msvcp140.dll
0x00007ffbfcae0000 - 0x00007ffbfd59c000 	E:\Program Files\Android\Android Studio\jre\bin\server\jvm.dll
0x00007ffc3be00000 - 0x00007ffc3bea3000 	C:\Windows\System32\ADVAPI32.dll
0x00007ffc3d070000 - 0x00007ffc3d107000 	C:\Windows\System32\sechost.dll
0x00007ffc3ceb0000 - 0x00007ffc3ceb8000 	C:\Windows\System32\PSAPI.DLL
0x00007ffc16a20000 - 0x00007ffc16a29000 	C:\Windows\SYSTEM32\WSOCK32.dll
0x00007ffc3d510000 - 0x00007ffc3d57f000 	C:\Windows\System32\WS2_32.dll
0x00007ffc37f40000 - 0x00007ffc37f64000 	C:\Windows\SYSTEM32\WINMM.dll
0x00007ffc322a0000 - 0x00007ffc322aa000 	C:\Windows\SYSTEM32\VERSION.dll
0x00007ffc37ba0000 - 0x00007ffc37bcd000 	C:\Windows\SYSTEM32\WINMMBASE.dll
0x00007ffc3b220000 - 0x00007ffc3b26a000 	C:\Windows\System32\cfgmgr32.dll
0x00007ffc3a510000 - 0x00007ffc3a521000 	C:\Windows\System32\kernel.appcore.dll
0x00007ffc381c0000 - 0x00007ffc381d1000 	E:\Program Files\Android\Android Studio\jre\bin\verify.dll
0x00007ffc38d00000 - 0x00007ffc38ef4000 	C:\Windows\SYSTEM32\DBGHELP.DLL
0x00007ffc26e40000 - 0x00007ffc26e6a000 	C:\Windows\SYSTEM32\dbgcore.DLL
0x00007ffc38190000 - 0x00007ffc381b9000 	E:\Program Files\Android\Android Studio\jre\bin\java.dll
0x00007ffc38180000 - 0x00007ffc3818b000 	E:\Program Files\Android\Android Studio\jre\bin\jimage.dll
0x00007ffc36ac0000 - 0x00007ffc36ad8000 	E:\Program Files\Android\Android Studio\jre\bin\zip.dll
0x00007ffc3b690000 - 0x00007ffc3bd77000 	C:\Windows\System32\SHELL32.dll
0x00007ffc3c670000 - 0x00007ffc3c719000 	C:\Windows\System32\shcore.dll
0x00007ffc3a820000 - 0x00007ffc3afa1000 	C:\Windows\System32\windows.storage.dll
0x00007ffc3a4c0000 - 0x00007ffc3a4e3000 	C:\Windows\System32\profapi.dll
0x00007ffc3a470000 - 0x00007ffc3a4ba000 	C:\Windows\System32\powrprof.dll
0x00007ffc3a460000 - 0x00007ffc3a470000 	C:\Windows\System32\UMPDC.dll
0x00007ffc3c410000 - 0x00007ffc3c462000 	C:\Windows\System32\shlwapi.dll
0x00007ffc3b370000 - 0x00007ffc3b387000 	C:\Windows\System32\cryptsp.dll
0x00007ffc34670000 - 0x00007ffc3468a000 	E:\Program Files\Android\Android Studio\jre\bin\net.dll
0x00007ffc29ce0000 - 0x00007ffc29dd0000 	C:\Windows\SYSTEM32\WINHTTP.dll
0x00007ffc39c50000 - 0x00007ffc39cb7000 	C:\Windows\system32\mswsock.dll
0x00007ffc34650000 - 0x00007ffc34664000 	E:\Program Files\Android\Android Studio\jre\bin\nio.dll
0x00007ffc20bc0000 - 0x00007ffc20be7000 	C:\Users\hp\.gradle\native\fdc75f09e3144964f2cf3f50f0aa648679c211496f362492102eb8c894070792\windows-amd64\native-platform.dll
0x00007ffbe5530000 - 0x00007ffbe56c6000 	C:\Users\hp\.gradle\native\12488b8bf47d2d4c9fbf2f6322a914ad602e24e48041cd04a747c6da556b65c4\windows-amd64\native-platform-file-events.dll
0x00007ffc36ab0000 - 0x00007ffc36aba000 	E:\Program Files\Android\Android Studio\jre\bin\management.dll
0x00007ffc34640000 - 0x00007ffc3464c000 	E:\Program Files\Android\Android Studio\jre\bin\management_ext.dll
0x00007ffc397c0000 - 0x00007ffc397f3000 	C:\Windows\system32\rsaenh.dll
0x00007ffc3b1f0000 - 0x00007ffc3b216000 	C:\Windows\System32\bcrypt.dll
0x00007ffc3a380000 - 0x00007ffc3a3a5000 	C:\Windows\SYSTEM32\USERENV.dll
0x00007ffc39e20000 - 0x00007ffc39e2c000 	C:\Windows\SYSTEM32\CRYPTBASE.dll
0x00007ffc39960000 - 0x00007ffc3999a000 	C:\Windows\SYSTEM32\IPHLPAPI.DLL
0x00007ffc3bd80000 - 0x00007ffc3bd88000 	C:\Windows\System32\NSI.dll
0x00007ffc30fc0000 - 0x00007ffc30fd6000 	C:\Windows\SYSTEM32\dhcpcsvc6.DLL
0x00007ffc31250000 - 0x00007ffc3126c000 	C:\Windows\SYSTEM32\dhcpcsvc.DLL
0x00007ffc399a0000 - 0x00007ffc39a6b000 	C:\Windows\SYSTEM32\DNSAPI.dll
0x00007ffc31120000 - 0x00007ffc3112b000 	C:\Windows\SYSTEM32\WINNSI.DLL
0x00007ffc330c0000 - 0x00007ffc330e7000 	E:\Program Files\Android\Android Studio\jre\bin\sunec.dll

dbghelp: loaded successfully - version: 4.0.5 - missing functions: none
symbol engine: initialized successfully - sym options: 0x614 - pdb path: .;E:\Program Files\Android\Android Studio\jre\bin;C:\Windows\SYSTEM32;C:\Program Files\AVAST Software\Avast\x64;C:\Windows\WinSxS\amd64_microsoft.windows.common-controls_6595b64144ccf1df_6.0.18362.1256_none_9e7e379be45e40e2;E:\Program Files\Android\Android Studio\jre\bin\server;C:\Users\hp\.gradle\native\fdc75f09e3144964f2cf3f50f0aa648679c211496f362492102eb8c894070792\windows-amd64;C:\Users\hp\.gradle\native\12488b8bf47d2d4c9fbf2f6322a914ad602e24e48041cd04a747c6da556b65c4\windows-amd64

VM Arguments:
jvm_args: --add-opens=java.base/java.util=ALL-UNNAMED --add-opens=java.base/java.lang=ALL-UNNAMED --add-opens=java.base/java.lang.invoke=ALL-UNNAMED --add-opens=java.prefs/java.util.prefs=ALL-UNNAMED -Xmx2048m -Dfile.encoding=UTF-8 -Duser.country=US -Duser.language=en -Duser.variant 
java_command: org.gradle.launcher.daemon.bootstrap.GradleDaemon 6.7.1
java_class_path (initial): C:\Users\hp\.gradle\wrapper\dists\gradle-6.7.1-bin\bwlcbys1h7rz3272sye1xwiv6\gradle-6.7.1\lib\gradle-launcher-6.7.1.jar
Launcher Type: SUN_STANDARD

[Global flags]
     intx CICompilerCount                          = 3                                         {product} {ergonomic}
     uint ConcGCThreads                            = 1                                         {product} {ergonomic}
     uint G1ConcRefinementThreads                  = 4                                         {product} {ergonomic}
   size_t G1HeapRegionSize                         = 1048576                                   {product} {ergonomic}
    uintx GCDrainStackTargetSize                   = 64                                        {product} {ergonomic}
   size_t InitialHeapSize                          = 134217728                                 {product} {ergonomic}
   size_t MarkStackSize                            = 4194304                                   {product} {ergonomic}
   size_t MaxHeapSize                              = 2147483648                                {product} {command line}
   size_t MaxNewSize                               = 1287651328                                {product} {ergonomic}
   size_t MinHeapDeltaBytes                        = 1048576                                   {product} {ergonomic}
    uintx NonNMethodCodeHeapSize                   = 5830732                                {pd product} {ergonomic}
    uintx NonProfiledCodeHeapSize                  = 122913754                              {pd product} {ergonomic}
    uintx ProfiledCodeHeapSize                     = 122913754                              {pd product} {ergonomic}
    uintx ReservedCodeCacheSize                    = 251658240                              {pd product} {ergonomic}
     bool SegmentedCodeCache                       = true                                      {product} {ergonomic}
     bool UseCompressedClassPointers               = true                                 {lp64_product} {ergonomic}
     bool UseCompressedOops                        = true                                 {lp64_product} {ergonomic}
     bool UseG1GC                                  = true                                      {product} {ergonomic}
     bool UseLargePagesIndividualAllocation        = false                                  {pd product} {ergonomic}

Logging:
Log output configuration:
 #0: stdout all=warning uptime,level,tags
 #1: stderr all=off uptime,level,tags

Environment Variables:
JAVA_HOME=C:\Program Files\Java\jdk-17.0.1
PATH=C:\ffmpeg\bin;C:\Program Files\Common Files\Oracle\Java\javapath;C:\Python310\Scripts\;C:\Python310\;C:\ProgramData\Oracle\Java\javapath;C:\Windows\system32;C:\Windows;C:\Windows\System32\Wbem;C:\Windows\System32\WindowsPowerShell\v1.0\;C:\Windows\System32\OpenSSH\;C:\Program Files\Java\jdk-17\bin;C:\Program Files\Microsoft SQL Server\Client SDK\ODBC\110\Tools\Binn\;C:\Program Files\Microsoft SQL Server\Client SDK\ODBC\170\Tools\Binn\;C:\ProgramData\chocolatey\bin;C:\Program Files\Java\jdk-17.0.1\bin;C:\Program Files\Azure Data Studio\bin;C:\Program Files\dotnet\;C:\Program Files\Git\cmd;C:\Program Files\nodejs\;C:\Users\hp\AppData\Local\Microsoft\WindowsApps;D:\Microsoft VS Code\bin;C:\Users\hp\AppData\Local\Android\Sdk\platform-tools;C:\Users\hp\AppData\Local\Microsoft\WindowsApps;D:\Microsoft VS Code\bin;C:\Program Files\Azure Data Studio\bin;C:\Users\hp\AppData\Local\Android\Sdk\platform-tools;;C:\Users\hp\AppData\Local\Programs\Microsoft VS Code\bin;C:\Users\hp\.dotnet\tools;C:\Users\hp\AppData\Roaming\npm
USERNAME=hp
OS=Windows_NT
PROCESSOR_IDENTIFIER=Intel64 Family 6 Model 142 Stepping 9, GenuineIntel



---------------  S Y S T E M  ---------------

OS: Windows 10 , 64 bit Build 18362 (10.0.18362.1110)
OS uptime: 0 days 0:31 hours

CPU:total 4 (initial active 4) (2 cores per cpu, 2 threads per core) family 6 model 142 stepping 9, cmov, cx8, fxsr, mmx, sse, sse2, sse3, ssse3, sse4.1, sse4.2, popcnt, avx, avx2, aes, clmul, erms, 3dnowpref, lzcnt, ht, tsc, tscinvbit, bmi1, bmi2, adx, fma

Memory: 4k page, system-wide physical 8078M (592M free)
TotalPageFile size 8078M (AvailPageFile size 5M)
current process WorkingSet (physical memory assigned to process): 502M, peak: 504M
current process commit charge ("private bytes"): 571M, peak: 574M

vm_info: OpenJDK 64-Bit Server VM (11.0.8+10-b944.6842174) for windows-amd64 JRE (11.0.8+10-b944.6842174), built on Sep 19 2020 01:11:42 by "builder" with MS VC++ 14.0 (VS2015)

END.
