#
# There is insufficient memory for the Java Runtime Environment to continue.
# Native memory allocation (malloc) failed to allocate 1955856 bytes for Chunk::new
# Possible reasons:
#   The system is out of physical RAM or swap space
#   The process is running with CompressedOops enabled, and the Java Heap may be blocking the growth of the native heap
# Possible solutions:
#   Reduce memory load on the system
#   Increase physical memory or swap space
#   Check if swap backing store is full
#   Decrease Java heap size (-Xmx/-Xms)
#   Decrease number of Java threads
#   Decrease Java thread stack sizes (-Xss)
#   Set larger code cache with -XX:ReservedCodeCacheSize=
#   JVM is running with Unscaled Compressed Oops mode in which the Java heap is
#     placed in the first 4GB address space. The Java Heap base address is the
#     maximum limit for the native heap growth. Please use -XX:HeapBaseMinAddress
#     to set the Java Heap base and to place the Java Heap above 4GB virtual address.
# This output file may be truncated or incomplete.
#
#  Out of Memory Error (./src/hotspot/share/memory/arena.cpp:197), pid=7372, tid=4548
#
# JRE version: OpenJDK Runtime Environment (11.0.8+10) (build 11.0.8+10-b944.6842174)
# Java VM: OpenJDK 64-Bit Server VM (11.0.8+10-b944.6842174, mixed mode, tiered, compressed oops, g1 gc, windows-amd64)
# No core dump will be written. Minidumps are not enabled by default on client versions of Windows
#

---------------  S U M M A R Y ------------

Command Line: --add-opens=java.base/java.util=ALL-UNNAMED --add-opens=java.base/java.lang=ALL-UNNAMED --add-opens=java.base/java.lang.invoke=ALL-UNNAMED --add-opens=java.prefs/java.util.prefs=ALL-UNNAMED -Xmx2048m -Dfile.encoding=UTF-8 -Duser.country=US -Duser.language=en -Duser.variant org.gradle.launcher.daemon.bootstrap.GradleDaemon 6.7.1

Host: Intel(R) Core(TM) i5-7200U CPU @ 2.50GHz, 4 cores, 7G,  Windows 10 , 64 bit Build 18362 (10.0.18362.1110)
Time: Fri Jun  3 19:07:20 2022 Morocco Daylight Time elapsed time: 8581 seconds (0d 2h 23m 1s)

---------------  T H R E A D  ---------------

Current thread (0x0000012970432800):  JavaThread "C2 CompilerThread0" daemon [_thread_in_native, id=4548, stack(0x0000001d6f100000,0x0000001d6f200000)]


Current CompileTask:
C2:8581429 17724   !   4       com.google.common.reflect.TypeVisitor::visit (225 bytes)

Stack: [0x0000001d6f100000,0x0000001d6f200000]
Native frames: (J=compiled Java code, j=interpreted, Vv=VM code, C=native code)
V  [jvm.dll+0x5de50a]
V  [jvm.dll+0x7122f5]
V  [jvm.dll+0x71384d]
V  [jvm.dll+0x713f03]
V  [jvm.dll+0x23e728]
V  [jvm.dll+0xb899c]
V  [jvm.dll+0xb8e9c]
V  [jvm.dll+0x35020b]
V  [jvm.dll+0x31dea3]
V  [jvm.dll+0x31d39a]
V  [jvm.dll+0x1f7702]
V  [jvm.dll+0x1f68d4]
V  [jvm.dll+0x17f32c]
V  [jvm.dll+0x205047]
V  [jvm.dll+0x203891]
V  [jvm.dll+0x6dad3f]
V  [jvm.dll+0x6d3895]
V  [jvm.dll+0x5dd4a6]
C  [ucrtbase.dll+0x210b2]
C  [KERNEL32.DLL+0x17c24]
C  [ntdll.dll+0x6d4d1]


---------------  P R O C E S S  ---------------

Threads class SMR info:
_java_thread_list=0x00000129770895b0, length=146, elements={
0x0000012956050000, 0x000001296fabc000, 0x000001296fabd800, 0x000001296fac6800,
0x000001296fac7800, 0x0000012970432800, 0x000001296faee000, 0x000001297047f000,
0x0000012970577800, 0x0000012970595800, 0x00000129722a0000, 0x0000012973b77800,
0x0000012971e67800, 0x00000129709c2800, 0x00000129709c5000, 0x00000129709c4000,
0x00000129709c0000, 0x0000012973de8800, 0x0000012973b30000, 0x0000012972c85000,
0x0000012972c88000, 0x0000012972c83800, 0x0000012972c86800, 0x0000012972c8a000,
0x0000012972c89000, 0x0000012972c85800, 0x0000012972c87800, 0x0000012972c84000,
0x0000012972c8e800, 0x0000012972c8d000, 0x0000012972c8c000, 0x0000012972c8e000,
0x0000012972c8f800, 0x0000012972c90800, 0x0000012972c8a800, 0x0000012972c91000,
0x0000012972c8b800, 0x0000012972c92000, 0x0000012973b27800, 0x0000012973b26000,
0x0000012973b28800, 0x0000012973b25800, 0x0000012973b29800, 0x0000012973b2c000,
0x0000012973b2a000, 0x0000012973b2b000, 0x0000012973b2c800, 0x0000012973b27000,
0x0000012973b2e800, 0x0000012973b2f000, 0x0000012973b30800, 0x0000012973b33000,
0x0000012973b2d800, 0x0000012973b34000, 0x0000012973b32800, 0x0000012973de5000,
0x0000012973de7800, 0x0000012973de6000, 0x0000012973de2800, 0x0000012973de9000,
0x0000012973deb000, 0x0000012973deb800, 0x0000012973dec800, 0x0000012973df0000,
0x0000012973dea000, 0x0000012973def000, 0x0000012973ded800, 0x0000012973dee000,
0x0000012973df1800, 0x0000012973df0800, 0x00000129709c1000, 0x00000129709bf000,
0x00000129709c1800, 0x00000129709c3800, 0x00000129709c6000, 0x000001297674e000,
0x000001297674f000, 0x0000012976749800, 0x000001297674d800, 0x000001297674a000,
0x0000012976750000, 0x0000012976750800, 0x000001297674b800, 0x000001297674b000,
0x000001297674c800, 0x0000012976755800, 0x0000012976754800, 0x0000012976751800,
0x0000012976756800, 0x0000012976752000, 0x0000012976757000, 0x0000012976758000,
0x0000012976754000, 0x0000012976753000, 0x0000012972ae5000, 0x0000012972ae6000,
0x0000012972ae3800, 0x0000012972ae7000, 0x0000012972ae7800, 0x0000012972ae4800,
0x0000012972ae8800, 0x0000012972ae2800, 0x0000012972aeb000, 0x0000012972aea000,
0x0000012972aec800, 0x0000012972aeb800, 0x0000012972aef000, 0x0000012972aed800,
0x0000012972ae9800, 0x0000012972aee000, 0x0000012972af0000, 0x0000012972af0800,
0x0000012972af1800, 0x000001297a210000, 0x000001297a20c800, 0x000001297a20d800,
0x000001297a211000, 0x000001297a20c000, 0x000001297a211800, 0x000001297a20e800,
0x000001297a20f000, 0x000001297a212800, 0x0000012976fef800, 0x0000012976ff1800,
0x0000012976ff0800, 0x0000012976ff2000, 0x0000012976ff3000, 0x0000012976fef000,
0x0000012976fed000, 0x0000012976fee000, 0x0000012976ff9800, 0x0000012976ff6000,
0x0000012976ff7000, 0x0000012976ff8000, 0x0000012976ff4800, 0x0000012976ff8800,
0x0000012976ffa800, 0x0000012976ffb000, 0x0000012976ffc000, 0x000001297c5bb000,
0x000001297c5bc800, 0x000001297c5bd800, 0x000001297c5be800, 0x000001297c5ba000,
0x000001297c5c0800, 0x000001297c5c0000
}

Java Threads: ( => current thread )
  0x0000012956050000 JavaThread "main" [_thread_blocked, id=4388, stack(0x0000001d6e600000,0x0000001d6e700000)]
  0x000001296fabc000 JavaThread "Reference Handler" daemon [_thread_blocked, id=4516, stack(0x0000001d6ed00000,0x0000001d6ee00000)]
  0x000001296fabd800 JavaThread "Finalizer" daemon [_thread_blocked, id=4660, stack(0x0000001d6ee00000,0x0000001d6ef00000)]
  0x000001296fac6800 JavaThread "Signal Dispatcher" daemon [_thread_blocked, id=9276, stack(0x0000001d6ef00000,0x0000001d6f000000)]
  0x000001296fac7800 JavaThread "Attach Listener" daemon [_thread_blocked, id=4556, stack(0x0000001d6f000000,0x0000001d6f100000)]
=>0x0000012970432800 JavaThread "C2 CompilerThread0" daemon [_thread_in_native, id=4548, stack(0x0000001d6f100000,0x0000001d6f200000)]
  0x000001296faee000 JavaThread "C1 CompilerThread0" daemon [_thread_blocked, id=2928, stack(0x0000001d6f200000,0x0000001d6f300000)]
  0x000001297047f000 JavaThread "Sweeper thread" daemon [_thread_blocked, id=10252, stack(0x0000001d6f300000,0x0000001d6f400000)]
  0x0000012970577800 JavaThread "Common-Cleaner" daemon [_thread_blocked, id=11060, stack(0x0000001d6f400000,0x0000001d6f500000)]
  0x0000012970595800 JavaThread "Service Thread" daemon [_thread_blocked, id=10256, stack(0x0000001d6f500000,0x0000001d6f600000)]
  0x00000129722a0000 JavaThread "Daemon health stats" [_thread_blocked, id=9512, stack(0x0000001d6fa00000,0x0000001d6fb00000)]
  0x0000012973b77800 JavaThread "Incoming local TCP Connector on port 49855" [_thread_in_native, id=5704, stack(0x0000001d6fc00000,0x0000001d6fd00000)]
  0x0000012971e67800 JavaThread "Daemon periodic checks" [_thread_blocked, id=9564, stack(0x0000001d6fd00000,0x0000001d6fe00000)]
  0x00000129709c2800 JavaThread "Cache worker for file hash cache (C:\Users\hp\.gradle\caches\6.7.1\fileHashes)" [_thread_blocked, id=7960, stack(0x0000001d70600000,0x0000001d70700000)]
  0x00000129709c5000 JavaThread "File lock request listener" [_thread_in_native, id=6052, stack(0x0000001d70700000,0x0000001d70800000)]
  0x00000129709c4000 JavaThread "Cache worker for journal cache (C:\Users\hp\.gradle\caches\journal-1)" [_thread_blocked, id=6008, stack(0x0000001d70800000,0x0000001d70900000)]
  0x00000129709c0000 JavaThread "Cache worker for execution history cache (C:\Users\hp\.gradle\caches\6.7.1\executionHistory)" [_thread_blocked, id=872, stack(0x0000001d70d00000,0x0000001d70e00000)]
  0x0000012973de8800 JavaThread "Cache worker for file content cache (C:\Users\hp\.gradle\caches\6.7.1\fileContent)" [_thread_blocked, id=3332, stack(0x0000001d71000000,0x0000001d71100000)]
  0x0000012973b30000 JavaThread "Memory manager" [_thread_blocked, id=7196, stack(0x0000001d77800000,0x0000001d77900000)]
  0x0000012972c85000 JavaThread "ForkJoinPool.commonPool-worker-5" daemon [_thread_blocked, id=10304, stack(0x0000001d78800000,0x0000001d78900000)]
  0x0000012972c88000 JavaThread "Daemon Thread 3" [_thread_blocked, id=12456, stack(0x0000001d6f700000,0x0000001d6f800000)]
  0x0000012972c83800 JavaThread "Handler for socket connection from /127.0.0.1:49855 to /127.0.0.1:53482" [_thread_in_native, id=12804, stack(0x0000001d6fb00000,0x0000001d6fc00000)]
  0x0000012972c86800 JavaThread "Cancel handler" [_thread_blocked, id=12268, stack(0x0000001d6fe00000,0x0000001d6ff00000)]
  0x0000012972c8a000 JavaThread "Daemon worker Thread 3" [_thread_blocked, id=824, stack(0x0000001d6ff00000,0x0000001d70000000)]
  0x0000012972c89000 JavaThread "Asynchronous log dispatcher for DefaultDaemonConnection: socket connection from /127.0.0.1:49855 to /127.0.0.1:53482" [_thread_in_native, id=1260, stack(0x0000001d70000000,0x0000001d70100000)]
  0x0000012972c85800 JavaThread "Stdin handler" [_thread_blocked, id=7872, stack(0x0000001d70100000,0x0000001d70200000)]
  0x0000012972c87800 JavaThread "Thread-255" [_thread_blocked, id=12420, stack(0x0000001d70200000,0x0000001d70300000)]
  0x0000012972c84000 JavaThread "Cache worker for file hash cache (C:\Users\hp\AndroidStudioProjects\myPharmacy\.gradle\6.7.1\fileHashes)" [_thread_blocked, id=11364, stack(0x0000001d70300000,0x0000001d70400000)]
  0x0000012972c8e800 JavaThread "Cache worker for checksums cache (C:\Users\hp\AndroidStudioProjects\myPharmacy\.gradle\checksums)" [_thread_blocked, id=2892, stack(0x0000001d70400000,0x0000001d70500000)]
  0x0000012972c8d000 JavaThread "Cache worker for cache directory md-supplier (C:\Users\hp\.gradle\caches\6.7.1\md-supplier)" [_thread_blocked, id=13080, stack(0x0000001d70900000,0x0000001d70a00000)]
  0x0000012972c8c000 JavaThread "Cache worker for cache directory md-rule (C:\Users\hp\.gradle\caches\6.7.1\md-rule)" [_thread_blocked, id=8664, stack(0x0000001d70a00000,0x0000001d70b00000)]
  0x0000012972c8e000 JavaThread "Cache worker for Build Output Cleanup Cache (C:\Users\hp\AndroidStudioProjects\myPharmacy\.gradle\buildOutputCleanup)" [_thread_blocked, id=11868, stack(0x0000001d70b00000,0x0000001d70c00000)]
  0x0000012972c8f800 JavaThread "Build operations" [_thread_in_Java, id=5008, stack(0x0000001d70c00000,0x0000001d70d00000)]
  0x0000012972c90800 JavaThread "Build operations Thread 2" [_thread_in_native, id=11292, stack(0x0000001d70e00000,0x0000001d70f00000)]
  0x0000012972c8a800 JavaThread "Build operations Thread 3" [_thread_blocked, id=7172, stack(0x0000001d70f00000,0x0000001d71000000)]
  0x0000012972c91000 JavaThread "Build operations Thread 4" [_thread_in_Java, id=8132, stack(0x0000001d71100000,0x0000001d71200000)]
  0x0000012972c8b800 JavaThread "jar transforms Thread 199" [_thread_blocked, id=12616, stack(0x0000001d71200000,0x0000001d71300000)]
  0x0000012972c92000 JavaThread "jar transforms Thread 200" [_thread_blocked, id=12624, stack(0x0000001d71300000,0x0000001d71400000)]
  0x0000012973b27800 JavaThread "jar transforms Thread 201" [_thread_blocked, id=6732, stack(0x0000001d71400000,0x0000001d71500000)]
  0x0000012973b26000 JavaThread "jar transforms Thread 202" [_thread_blocked, id=5004, stack(0x0000001d71500000,0x0000001d71600000)]
  0x0000012973b28800 JavaThread "jar transforms Thread 203" [_thread_blocked, id=4456, stack(0x0000001d71600000,0x0000001d71700000)]
  0x0000012973b25800 JavaThread "jar transforms Thread 204" [_thread_blocked, id=6380, stack(0x0000001d71700000,0x0000001d71800000)]
  0x0000012973b29800 JavaThread "jar transforms Thread 205" [_thread_blocked, id=8388, stack(0x0000001d71800000,0x0000001d71900000)]
  0x0000012973b2c000 JavaThread "jar transforms Thread 206" [_thread_blocked, id=11740, stack(0x0000001d71900000,0x0000001d71a00000)]
  0x0000012973b2a000 JavaThread "jar transforms Thread 207" [_thread_blocked, id=1132, stack(0x0000001d71a00000,0x0000001d71b00000)]
  0x0000012973b2b000 JavaThread "jar transforms Thread 208" [_thread_blocked, id=11692, stack(0x0000001d71b00000,0x0000001d71c00000)]
  0x0000012973b2c800 JavaThread "jar transforms Thread 209" [_thread_blocked, id=11696, stack(0x0000001d71c00000,0x0000001d71d00000)]
  0x0000012973b27000 JavaThread "jar transforms Thread 210" [_thread_blocked, id=11660, stack(0x0000001d71d00000,0x0000001d71e00000)]
  0x0000012973b2e800 JavaThread "jar transforms Thread 211" [_thread_blocked, id=6336, stack(0x0000001d71e00000,0x0000001d71f00000)]
  0x0000012973b2f000 JavaThread "jar transforms Thread 212" [_thread_blocked, id=5296, stack(0x0000001d71f00000,0x0000001d72000000)]
  0x0000012973b30800 JavaThread "jar transforms Thread 213" [_thread_blocked, id=11420, stack(0x0000001d72000000,0x0000001d72100000)]
  0x0000012973b33000 JavaThread "jar transforms Thread 214" [_thread_blocked, id=3104, stack(0x0000001d72100000,0x0000001d72200000)]
  0x0000012973b2d800 JavaThread "jar transforms Thread 215" [_thread_blocked, id=12972, stack(0x0000001d72200000,0x0000001d72300000)]
  0x0000012973b34000 JavaThread "jar transforms Thread 216" [_thread_blocked, id=12180, stack(0x0000001d72300000,0x0000001d72400000)]
  0x0000012973b32800 JavaThread "jar transforms Thread 217" [_thread_blocked, id=9500, stack(0x0000001d72400000,0x0000001d72500000)]
  0x0000012973de5000 JavaThread "jar transforms Thread 218" [_thread_blocked, id=1712, stack(0x0000001d72500000,0x0000001d72600000)]
  0x0000012973de7800 JavaThread "jar transforms Thread 219" [_thread_blocked, id=4468, stack(0x0000001d72600000,0x0000001d72700000)]
  0x0000012973de6000 JavaThread "jar transforms Thread 220" [_thread_blocked, id=12140, stack(0x0000001d72700000,0x0000001d72800000)]
  0x0000012973de2800 JavaThread "jar transforms Thread 221" [_thread_blocked, id=7104, stack(0x0000001d72800000,0x0000001d72900000)]
  0x0000012973de9000 JavaThread "jar transforms Thread 222" [_thread_blocked, id=12696, stack(0x0000001d72900000,0x0000001d72a00000)]
  0x0000012973deb000 JavaThread "jar transforms Thread 223" [_thread_blocked, id=5868, stack(0x0000001d72a00000,0x0000001d72b00000)]
  0x0000012973deb800 JavaThread "jar transforms Thread 224" [_thread_blocked, id=12620, stack(0x0000001d72b00000,0x0000001d72c00000)]
  0x0000012973dec800 JavaThread "jar transforms Thread 225" [_thread_blocked, id=124, stack(0x0000001d72c00000,0x0000001d72d00000)]
  0x0000012973df0000 JavaThread "jar transforms Thread 226" [_thread_blocked, id=12200, stack(0x0000001d72d00000,0x0000001d72e00000)]
  0x0000012973dea000 JavaThread "jar transforms Thread 227" [_thread_blocked, id=11048, stack(0x0000001d72e00000,0x0000001d72f00000)]
  0x0000012973def000 JavaThread "jar transforms Thread 228" [_thread_blocked, id=6224, stack(0x0000001d72f00000,0x0000001d73000000)]
  0x0000012973ded800 JavaThread "jar transforms Thread 229" [_thread_blocked, id=11700, stack(0x0000001d73000000,0x0000001d73100000)]
  0x0000012973dee000 JavaThread "jar transforms Thread 230" [_thread_blocked, id=10452, stack(0x0000001d73100000,0x0000001d73200000)]
  0x0000012973df1800 JavaThread "jar transforms Thread 231" [_thread_blocked, id=4856, stack(0x0000001d73200000,0x0000001d73300000)]
  0x0000012973df0800 JavaThread "jar transforms Thread 232" [_thread_blocked, id=5020, stack(0x0000001d73300000,0x0000001d73400000)]
  0x00000129709c1000 JavaThread "jar transforms Thread 233" [_thread_blocked, id=7912, stack(0x0000001d73400000,0x0000001d73500000)]
  0x00000129709bf000 JavaThread "jar transforms Thread 234" [_thread_blocked, id=12700, stack(0x0000001d73500000,0x0000001d73600000)]
  0x00000129709c1800 JavaThread "jar transforms Thread 235" [_thread_blocked, id=13284, stack(0x0000001d73600000,0x0000001d73700000)]
  0x00000129709c3800 JavaThread "jar transforms Thread 236" [_thread_blocked, id=3932, stack(0x0000001d73700000,0x0000001d73800000)]
  0x00000129709c6000 JavaThread "jar transforms Thread 237" [_thread_blocked, id=9616, stack(0x0000001d73800000,0x0000001d73900000)]
  0x000001297674e000 JavaThread "jar transforms Thread 238" [_thread_blocked, id=9904, stack(0x0000001d73900000,0x0000001d73a00000)]
  0x000001297674f000 JavaThread "jar transforms Thread 239" [_thread_blocked, id=9224, stack(0x0000001d73a00000,0x0000001d73b00000)]
  0x0000012976749800 JavaThread "jar transforms Thread 240" [_thread_blocked, id=11768, stack(0x0000001d73b00000,0x0000001d73c00000)]
  0x000001297674d800 JavaThread "jar transforms Thread 241" [_thread_blocked, id=2184, stack(0x0000001d73c00000,0x0000001d73d00000)]
  0x000001297674a000 JavaThread "jar transforms Thread 242" [_thread_blocked, id=10908, stack(0x0000001d73d00000,0x0000001d73e00000)]
  0x0000012976750000 JavaThread "jar transforms Thread 243" [_thread_blocked, id=12116, stack(0x0000001d73e00000,0x0000001d73f00000)]
  0x0000012976750800 JavaThread "jar transforms Thread 244" [_thread_blocked, id=11428, stack(0x0000001d73f00000,0x0000001d74000000)]
  0x000001297674b800 JavaThread "jar transforms Thread 245" [_thread_blocked, id=10116, stack(0x0000001d74000000,0x0000001d74100000)]
  0x000001297674b000 JavaThread "jar transforms Thread 246" [_thread_blocked, id=5796, stack(0x0000001d74100000,0x0000001d74200000)]
  0x000001297674c800 JavaThread "jar transforms Thread 247" [_thread_blocked, id=13288, stack(0x0000001d74200000,0x0000001d74300000)]
  0x0000012976755800 JavaThread "jar transforms Thread 248" [_thread_blocked, id=7228, stack(0x0000001d74300000,0x0000001d74400000)]
  0x0000012976754800 JavaThread "jar transforms Thread 249" [_thread_blocked, id=12104, stack(0x0000001d74400000,0x0000001d74500000)]
  0x0000012976751800 JavaThread "jar transforms Thread 250" [_thread_blocked, id=5908, stack(0x0000001d74500000,0x0000001d74600000)]
  0x0000012976756800 JavaThread "jar transforms Thread 251" [_thread_blocked, id=2896, stack(0x0000001d74600000,0x0000001d74700000)]
  0x0000012976752000 JavaThread "jar transforms Thread 252" [_thread_blocked, id=13112, stack(0x0000001d74700000,0x0000001d74800000)]
  0x0000012976757000 JavaThread "jar transforms Thread 253" [_thread_blocked, id=11920, stack(0x0000001d74800000,0x0000001d74900000)]
  0x0000012976758000 JavaThread "jar transforms Thread 254" [_thread_blocked, id=11680, stack(0x0000001d74900000,0x0000001d74a00000)]
  0x0000012976754000 JavaThread "jar transforms Thread 255" [_thread_blocked, id=11668, stack(0x0000001d74a00000,0x0000001d74b00000)]
  0x0000012976753000 JavaThread "jar transforms Thread 256" [_thread_blocked, id=6076, stack(0x0000001d74b00000,0x0000001d74c00000)]
  0x0000012972ae5000 JavaThread "jar transforms Thread 257" [_thread_blocked, id=2160, stack(0x0000001d74c00000,0x0000001d74d00000)]
  0x0000012972ae6000 JavaThread "jar transforms Thread 258" [_thread_blocked, id=3308, stack(0x0000001d74d00000,0x0000001d74e00000)]
  0x0000012972ae3800 JavaThread "jar transforms Thread 259" [_thread_blocked, id=5944, stack(0x0000001d74e00000,0x0000001d74f00000)]
  0x0000012972ae7000 JavaThread "jar transforms Thread 260" [_thread_blocked, id=3448, stack(0x0000001d74f00000,0x0000001d75000000)]
  0x0000012972ae7800 JavaThread "jar transforms Thread 261" [_thread_blocked, id=12464, stack(0x0000001d75000000,0x0000001d75100000)]
  0x0000012972ae4800 JavaThread "jar transforms Thread 262" [_thread_blocked, id=612, stack(0x0000001d75100000,0x0000001d75200000)]
  0x0000012972ae8800 JavaThread "jar transforms Thread 263" [_thread_blocked, id=5028, stack(0x0000001d75200000,0x0000001d75300000)]
  0x0000012972ae2800 JavaThread "jar transforms Thread 264" [_thread_blocked, id=248, stack(0x0000001d75300000,0x0000001d75400000)]
  0x0000012972aeb000 JavaThread "jar transforms Thread 265" [_thread_blocked, id=4332, stack(0x0000001d75400000,0x0000001d75500000)]
  0x0000012972aea000 JavaThread "jar transforms Thread 266" [_thread_blocked, id=11964, stack(0x0000001d75500000,0x0000001d75600000)]
  0x0000012972aec800 JavaThread "jar transforms Thread 267" [_thread_blocked, id=5928, stack(0x0000001d75600000,0x0000001d75700000)]
  0x0000012972aeb800 JavaThread "jar transforms Thread 268" [_thread_blocked, id=1340, stack(0x0000001d75700000,0x0000001d75800000)]
  0x0000012972aef000 JavaThread "jar transforms Thread 269" [_thread_blocked, id=13272, stack(0x0000001d75800000,0x0000001d75900000)]
  0x0000012972aed800 JavaThread "jar transforms Thread 270" [_thread_blocked, id=2840, stack(0x0000001d75900000,0x0000001d75a00000)]
  0x0000012972ae9800 JavaThread "jar transforms Thread 271" [_thread_blocked, id=6112, stack(0x0000001d75a00000,0x0000001d75b00000)]
  0x0000012972aee000 JavaThread "jar transforms Thread 272" [_thread_blocked, id=9524, stack(0x0000001d75b00000,0x0000001d75c00000)]
  0x0000012972af0000 JavaThread "jar transforms Thread 273" [_thread_blocked, id=11956, stack(0x0000001d75c00000,0x0000001d75d00000)]
  0x0000012972af0800 JavaThread "jar transforms Thread 274" [_thread_blocked, id=6044, stack(0x0000001d75d00000,0x0000001d75e00000)]
  0x0000012972af1800 JavaThread "jar transforms Thread 275" [_thread_blocked, id=2992, stack(0x0000001d75e00000,0x0000001d75f00000)]
  0x000001297a210000 JavaThread "jar transforms Thread 276" [_thread_blocked, id=9384, stack(0x0000001d75f00000,0x0000001d76000000)]
  0x000001297a20c800 JavaThread "jar transforms Thread 277" [_thread_blocked, id=4588, stack(0x0000001d76000000,0x0000001d76100000)]
  0x000001297a20d800 JavaThread "jar transforms Thread 278" [_thread_blocked, id=12176, stack(0x0000001d76100000,0x0000001d76200000)]
  0x000001297a211000 JavaThread "jar transforms Thread 279" [_thread_blocked, id=12400, stack(0x0000001d76200000,0x0000001d76300000)]
  0x000001297a20c000 JavaThread "jar transforms Thread 280" [_thread_blocked, id=8040, stack(0x0000001d76300000,0x0000001d76400000)]
  0x000001297a211800 JavaThread "jar transforms Thread 281" [_thread_blocked, id=10244, stack(0x0000001d76400000,0x0000001d76500000)]
  0x000001297a20e800 JavaThread "jar transforms Thread 282" [_thread_blocked, id=7136, stack(0x0000001d76500000,0x0000001d76600000)]
  0x000001297a20f000 JavaThread "jar transforms Thread 283" [_thread_blocked, id=4144, stack(0x0000001d76600000,0x0000001d76700000)]
  0x000001297a212800 JavaThread "jar transforms Thread 284" [_thread_blocked, id=2296, stack(0x0000001d76700000,0x0000001d76800000)]
  0x0000012976fef800 JavaThread "jar transforms Thread 285" [_thread_blocked, id=11664, stack(0x0000001d76800000,0x0000001d76900000)]
  0x0000012976ff1800 JavaThread "jar transforms Thread 286" [_thread_blocked, id=12880, stack(0x0000001d76900000,0x0000001d76a00000)]
  0x0000012976ff0800 JavaThread "jar transforms Thread 287" [_thread_blocked, id=2392, stack(0x0000001d76a00000,0x0000001d76b00000)]
  0x0000012976ff2000 JavaThread "jar transforms Thread 288" [_thread_blocked, id=7396, stack(0x0000001d76b00000,0x0000001d76c00000)]
  0x0000012976ff3000 JavaThread "jar transforms Thread 289" [_thread_blocked, id=11616, stack(0x0000001d76c00000,0x0000001d76d00000)]
  0x0000012976fef000 JavaThread "jar transforms Thread 290" [_thread_blocked, id=11672, stack(0x0000001d76d00000,0x0000001d76e00000)]
  0x0000012976fed000 JavaThread "jar transforms Thread 291" [_thread_blocked, id=11312, stack(0x0000001d76e00000,0x0000001d76f00000)]
  0x0000012976fee000 JavaThread "jar transforms Thread 292" [_thread_blocked, id=3800, stack(0x0000001d76f00000,0x0000001d77000000)]
  0x0000012976ff9800 JavaThread "jar transforms Thread 293" [_thread_blocked, id=2108, stack(0x0000001d77000000,0x0000001d77100000)]
  0x0000012976ff6000 JavaThread "jar transforms Thread 294" [_thread_blocked, id=12876, stack(0x0000001d77100000,0x0000001d77200000)]
  0x0000012976ff7000 JavaThread "jar transforms Thread 295" [_thread_blocked, id=12216, stack(0x0000001d77200000,0x0000001d77300000)]
  0x0000012976ff8000 JavaThread "jar transforms Thread 296" [_thread_blocked, id=11844, stack(0x0000001d77300000,0x0000001d77400000)]
  0x0000012976ff4800 JavaThread "jar transforms Thread 297" [_thread_blocked, id=11528, stack(0x0000001d77400000,0x0000001d77500000)]
  0x0000012976ff8800 JavaThread "build event listener" [_thread_blocked, id=6056, stack(0x0000001d77600000,0x0000001d77700000)]
  0x0000012976ffa800 JavaThread "build event listener" [_thread_blocked, id=5200, stack(0x0000001d77700000,0x0000001d77800000)]
  0x0000012976ffb000 JavaThread "Execution worker for ':'" [_thread_blocked, id=4272, stack(0x0000001d77900000,0x0000001d77a00000)]
  0x0000012976ffc000 JavaThread "Execution worker for ':' Thread 2" [_thread_blocked, id=8884, stack(0x0000001d77a00000,0x0000001d77b00000)]
  0x000001297c5bb000 JavaThread "Execution worker for ':' Thread 3" [_thread_blocked, id=12232, stack(0x0000001d77b00000,0x0000001d77c00000)]
  0x000001297c5bc800 JavaThread "Cache worker for execution history cache (C:\Users\hp\AndroidStudioProjects\myPharmacy\.gradle\6.7.1\executionHistory)" [_thread_blocked, id=10688, stack(0x0000001d77c00000,0x0000001d77d00000)]
  0x000001297c5bd800 JavaThread "WorkerExecutor Queue" [_thread_blocked, id=9152, stack(0x0000001d77d00000,0x0000001d77e00000)]
  0x000001297c5be800 JavaThread "WorkerExecutor Queue Thread 2" [_thread_blocked, id=7772, stack(0x0000001d77e00000,0x0000001d77f00000)]
  0x000001297c5ba000 JavaThread "WorkerExecutor Queue Thread 5" [_thread_blocked, id=2708, stack(0x0000001d78400000,0x0000001d78500000)]
  0x000001297c5c0800 JavaThread "Java2D Disposer" daemon [_thread_blocked, id=11864, stack(0x0000001d78500000,0x0000001d78600000)]
  0x000001297c5c0000 JavaThread "WorkerExecutor Queue Thread 6" [_thread_blocked, id=11068, stack(0x0000001d77500000,0x0000001d77600000)]

Other Threads:
  0x000001296fab7800 VMThread "VM Thread" [stack: 0x0000001d6ec00000,0x0000001d6ed00000] [id=4924]
  0x0000012970596800 WatcherThread [stack: 0x0000001d6f600000,0x0000001d6f700000] [id=1576]
  0x000001295606b800 GCTaskThread "GC Thread#0" [stack: 0x0000001d6e700000,0x0000001d6e800000] [id=4944]
  0x0000012970907000 GCTaskThread "GC Thread#1" [stack: 0x0000001d6f800000,0x0000001d6f900000] [id=6728]
  0x0000012970907800 GCTaskThread "GC Thread#2" [stack: 0x0000001d6f900000,0x0000001d6fa00000] [id=6700]
  0x0000012972c30000 GCTaskThread "GC Thread#3" [stack: 0x0000001d70500000,0x0000001d70600000] [id=6760]
  0x000001295609c800 ConcurrentGCThread "G1 Main Marker" [stack: 0x0000001d6e800000,0x0000001d6e900000] [id=4940]
  0x000001295609f000 ConcurrentGCThread "G1 Conc#0" [stack: 0x0000001d6e900000,0x0000001d6ea00000] [id=7844]
  0x000001296f902800 ConcurrentGCThread "G1 Refine#0" [stack: 0x0000001d6ea00000,0x0000001d6eb00000] [id=10920]
  0x000001297646c800 ConcurrentGCThread "G1 Refine#1" [stack: 0x0000001d78000000,0x0000001d78100000] [id=6764]
  0x00000129724b1000 ConcurrentGCThread "G1 Refine#2" [stack: 0x0000001d78100000,0x0000001d78200000] [id=6448]
  0x0000012975a9c000 ConcurrentGCThread "G1 Refine#3" [stack: 0x0000001d78200000,0x0000001d78300000] [id=10380]
  0x000001296f903000 ConcurrentGCThread "G1 Young RemSet Sampling" [stack: 0x0000001d6eb00000,0x0000001d6ec00000] [id=4920]

Threads with active compile tasks:
C2 CompilerThread08581486 17724   !   4       com.google.common.reflect.TypeVisitor::visit (225 bytes)

VM state:not at safepoint (normal execution)

VM Mutex/Monitor currently owned by a thread: None

Heap address: 0x0000000080000000, size: 2048 MB, Compressed Oops mode: 32-bit
Narrow klass base: 0x0000000000000000, Narrow klass shift: 3
Compressed class space size: 1073741824 Address: 0x0000000100000000

Heap:
 garbage-first heap   total 227328K, used 184509K [0x0000000080000000, 0x0000000100000000)
  region size 1024K, 29 young (29696K), 3 survivors (3072K)
 Metaspace       used 118836K, capacity 121886K, committed 121984K, reserved 1155072K
  class space    used 14706K, capacity 15731K, committed 15744K, reserved 1048576K
Heap Regions: E=young(eden), S=young(survivor), O=old, HS=humongous(starts), HC=humongous(continues), CS=collection set, F=free, A=archive, TAMS=top-at-mark-start (previous, next)
|   0|0x0000000080000000, 0x0000000080100000, 0x0000000080100000|100%| O|  |TAMS 0x0000000080100000, 0x0000000080000000| Untracked 
|   1|0x0000000080100000, 0x0000000080200000, 0x0000000080200000|100%| O|  |TAMS 0x0000000080200000, 0x0000000080100000| Untracked 
|   2|0x0000000080200000, 0x0000000080300000, 0x0000000080300000|100%| O|  |TAMS 0x0000000080300000, 0x0000000080200000| Untracked 
|   3|0x0000000080300000, 0x0000000080400000, 0x0000000080400000|100%|HS|  |TAMS 0x0000000080400000, 0x0000000080300000| Complete 
|   4|0x0000000080400000, 0x0000000080500000, 0x0000000080500000|100%|HC|  |TAMS 0x0000000080500000, 0x0000000080400000| Complete 
|   5|0x0000000080500000, 0x0000000080600000, 0x0000000080600000|100%|HC|  |TAMS 0x0000000080600000, 0x0000000080500000| Complete 
|   6|0x0000000080600000, 0x0000000080700000, 0x0000000080700000|100%| O|  |TAMS 0x0000000080600000, 0x0000000080600000| Untracked 
|   7|0x0000000080700000, 0x0000000080800000, 0x0000000080800000|100%| O|  |TAMS 0x0000000080800000, 0x0000000080700000| Untracked 
|   8|0x0000000080800000, 0x0000000080900000, 0x0000000080900000|100%| O|  |TAMS 0x0000000080900000, 0x0000000080800000| Untracked 
|   9|0x0000000080900000, 0x0000000080a00000, 0x0000000080a00000|100%| O|  |TAMS 0x0000000080a00000, 0x0000000080900000| Untracked 
|  10|0x0000000080a00000, 0x0000000080b00000, 0x0000000080b00000|100%| O|  |TAMS 0x0000000080b00000, 0x0000000080a00000| Untracked 
|  11|0x0000000080b00000, 0x0000000080c00000, 0x0000000080c00000|100%| O|  |TAMS 0x0000000080c00000, 0x0000000080b00000| Untracked 
|  12|0x0000000080c00000, 0x0000000080d00000, 0x0000000080d00000|100%| O|  |TAMS 0x0000000080d00000, 0x0000000080c00000| Untracked 
|  13|0x0000000080d00000, 0x0000000080e00000, 0x0000000080e00000|100%| O|  |TAMS 0x0000000080e00000, 0x0000000080d00000| Untracked 
|  14|0x0000000080e00000, 0x0000000080f00000, 0x0000000080f00000|100%| O|  |TAMS 0x0000000080f00000, 0x0000000080e00000| Untracked 
|  15|0x0000000080f00000, 0x0000000081000000, 0x0000000081000000|100%| O|  |TAMS 0x0000000081000000, 0x0000000080f00000| Untracked 
|  16|0x0000000081000000, 0x0000000081100000, 0x0000000081100000|100%| O|  |TAMS 0x0000000081100000, 0x0000000081000000| Untracked 
|  17|0x0000000081100000, 0x0000000081200000, 0x0000000081200000|100%| O|  |TAMS 0x0000000081200000, 0x0000000081100000| Untracked 
|  18|0x0000000081200000, 0x0000000081300000, 0x0000000081300000|100%| O|  |TAMS 0x0000000081300000, 0x0000000081200000| Untracked 
|  19|0x0000000081300000, 0x0000000081400000, 0x0000000081400000|100%|HS|  |TAMS 0x0000000081400000, 0x0000000081300000| Complete 
|  20|0x0000000081400000, 0x0000000081500000, 0x0000000081500000|100%| O|  |TAMS 0x0000000081500000, 0x0000000081400000| Untracked 
|  21|0x0000000081500000, 0x0000000081600000, 0x0000000081600000|100%| O|  |TAMS 0x0000000081600000, 0x0000000081500000| Untracked 
|  22|0x0000000081600000, 0x0000000081700000, 0x0000000081700000|100%| O|  |TAMS 0x0000000081700000, 0x0000000081600000| Untracked 
|  23|0x0000000081700000, 0x0000000081800000, 0x0000000081800000|100%|HS|  |TAMS 0x0000000081800000, 0x0000000081700000| Complete 
|  24|0x0000000081800000, 0x0000000081900000, 0x0000000081900000|100%|HC|  |TAMS 0x0000000081900000, 0x0000000081800000| Complete 
|  25|0x0000000081900000, 0x0000000081a00000, 0x0000000081a00000|100%| O|  |TAMS 0x0000000081a00000, 0x0000000081900000| Untracked 
|  26|0x0000000081a00000, 0x0000000081b00000, 0x0000000081b00000|100%| O|  |TAMS 0x0000000081b00000, 0x0000000081a00000| Untracked 
|  27|0x0000000081b00000, 0x0000000081c00000, 0x0000000081c00000|100%| O|  |TAMS 0x0000000081c00000, 0x0000000081b00000| Untracked 
|  28|0x0000000081c00000, 0x0000000081d00000, 0x0000000081d00000|100%| O|  |TAMS 0x0000000081d00000, 0x0000000081c00000| Untracked 
|  29|0x0000000081d00000, 0x0000000081e00000, 0x0000000081e00000|100%| O|  |TAMS 0x0000000081e00000, 0x0000000081d00000| Untracked 
|  30|0x0000000081e00000, 0x0000000081f00000, 0x0000000081f00000|100%| O|  |TAMS 0x0000000081f00000, 0x0000000081e00000| Untracked 
|  31|0x0000000081f00000, 0x0000000082000000, 0x0000000082000000|100%| O|  |TAMS 0x0000000082000000, 0x0000000081f00000| Untracked 
|  32|0x0000000082000000, 0x0000000082100000, 0x0000000082100000|100%| O|  |TAMS 0x0000000082100000, 0x0000000082000000| Untracked 
|  33|0x0000000082100000, 0x0000000082200000, 0x0000000082200000|100%| O|  |TAMS 0x0000000082100000, 0x0000000082100000| Untracked 
|  34|0x0000000082200000, 0x0000000082300000, 0x0000000082300000|100%| O|  |TAMS 0x0000000082300000, 0x0000000082200000| Untracked 
|  35|0x0000000082300000, 0x0000000082400000, 0x0000000082400000|100%| O|  |TAMS 0x0000000082400000, 0x0000000082300000| Untracked 
|  36|0x0000000082400000, 0x0000000082500000, 0x0000000082500000|100%| O|  |TAMS 0x0000000082500000, 0x0000000082400000| Untracked 
|  37|0x0000000082500000, 0x0000000082600000, 0x0000000082600000|100%| O|  |TAMS 0x0000000082600000, 0x0000000082500000| Untracked 
|  38|0x0000000082600000, 0x0000000082654c00, 0x0000000082700000| 33%| O|  |TAMS 0x0000000082600000, 0x0000000082600000| Untracked 
|  39|0x0000000082700000, 0x0000000082800000, 0x0000000082800000|100%| O|  |TAMS 0x0000000082800000, 0x0000000082700000| Untracked 
|  40|0x0000000082800000, 0x0000000082900000, 0x0000000082900000|100%| O|  |TAMS 0x0000000082900000, 0x0000000082800000| Untracked 
|  41|0x0000000082900000, 0x0000000082a00000, 0x0000000082a00000|100%| O|  |TAMS 0x0000000082a00000, 0x0000000082900000| Untracked 
|  42|0x0000000082a00000, 0x0000000082b00000, 0x0000000082b00000|100%| O|  |TAMS 0x0000000082b00000, 0x0000000082a00000| Untracked 
|  43|0x0000000082b00000, 0x0000000082c00000, 0x0000000082c00000|100%| O|  |TAMS 0x0000000082c00000, 0x0000000082b00000| Untracked 
|  44|0x0000000082c00000, 0x0000000082d00000, 0x0000000082d00000|100%| O|  |TAMS 0x0000000082d00000, 0x0000000082c00000| Untracked 
|  45|0x0000000082d00000, 0x0000000082e00000, 0x0000000082e00000|100%| O|  |TAMS 0x0000000082d00000, 0x0000000082d00000| Untracked 
|  46|0x0000000082e00000, 0x0000000082f00000, 0x0000000082f00000|100%| O|  |TAMS 0x0000000082e00000, 0x0000000082e00000| Untracked 
|  47|0x0000000082f00000, 0x0000000083000000, 0x0000000083000000|100%| O|  |TAMS 0x0000000082f00000, 0x0000000082f00000| Untracked 
|  48|0x0000000083000000, 0x0000000083100000, 0x0000000083100000|100%| O|  |TAMS 0x0000000083100000, 0x0000000083000000| Untracked 
|  49|0x0000000083100000, 0x0000000083100000, 0x0000000083200000|  0%| F|  |TAMS 0x0000000083100000, 0x0000000083100000| Untracked 
|  50|0x0000000083200000, 0x0000000083300000, 0x0000000083300000|100%| O|  |TAMS 0x0000000083200000, 0x0000000083200000| Untracked 
|  51|0x0000000083300000, 0x0000000083400000, 0x0000000083400000|100%| O|  |TAMS 0x0000000083300000, 0x0000000083300000| Untracked 
|  52|0x0000000083400000, 0x0000000083500000, 0x0000000083500000|100%| O|  |TAMS 0x0000000083500000, 0x0000000083400000| Untracked 
|  53|0x0000000083500000, 0x0000000083500000, 0x0000000083600000|  0%| F|  |TAMS 0x0000000083500000, 0x0000000083500000| Untracked 
|  54|0x0000000083600000, 0x0000000083700000, 0x0000000083700000|100%| O|  |TAMS 0x0000000083700000, 0x0000000083600000| Untracked 
|  55|0x0000000083700000, 0x0000000083700000, 0x0000000083800000|  0%| F|  |TAMS 0x0000000083700000, 0x0000000083700000| Untracked 
|  56|0x0000000083800000, 0x0000000083900000, 0x0000000083900000|100%| O|  |TAMS 0x0000000083800000, 0x0000000083800000| Untracked 
|  57|0x0000000083900000, 0x0000000083a00000, 0x0000000083a00000|100%| O|  |TAMS 0x0000000083900000, 0x0000000083900000| Untracked 
|  58|0x0000000083a00000, 0x0000000083a00000, 0x0000000083b00000|  0%| F|  |TAMS 0x0000000083a00000, 0x0000000083a00000| Untracked 
|  59|0x0000000083b00000, 0x0000000083c00000, 0x0000000083c00000|100%| O|  |TAMS 0x0000000083c00000, 0x0000000083b00000| Untracked 
|  60|0x0000000083c00000, 0x0000000083c00000, 0x0000000083d00000|  0%| F|  |TAMS 0x0000000083c00000, 0x0000000083c00000| Untracked 
|  61|0x0000000083d00000, 0x0000000083e00000, 0x0000000083e00000|100%| O|  |TAMS 0x0000000083e00000, 0x0000000083d00000| Untracked 
|  62|0x0000000083e00000, 0x0000000083f00000, 0x0000000083f00000|100%| O|  |TAMS 0x0000000083f00000, 0x0000000083e00000| Untracked 
|  63|0x0000000083f00000, 0x0000000084000000, 0x0000000084000000|100%| O|  |TAMS 0x0000000084000000, 0x0000000083f00000| Untracked 
|  64|0x0000000084000000, 0x0000000084100000, 0x0000000084100000|100%| O|  |TAMS 0x0000000084100000, 0x0000000084000000| Untracked 
|  65|0x0000000084100000, 0x0000000084200000, 0x0000000084200000|100%| O|  |TAMS 0x0000000084200000, 0x0000000084100000| Untracked 
|  66|0x0000000084200000, 0x0000000084200000, 0x0000000084300000|  0%| F|  |TAMS 0x0000000084200000, 0x0000000084200000| Untracked 
|  67|0x0000000084300000, 0x0000000084400000, 0x0000000084400000|100%| O|  |TAMS 0x0000000084400000, 0x0000000084300000| Untracked 
|  68|0x0000000084400000, 0x0000000084500000, 0x0000000084500000|100%| O|  |TAMS 0x0000000084500000, 0x0000000084400000| Untracked 
|  69|0x0000000084500000, 0x0000000084600000, 0x0000000084600000|100%| O|  |TAMS 0x0000000084600000, 0x0000000084500000| Untracked 
|  70|0x0000000084600000, 0x0000000084600000, 0x0000000084700000|  0%| F|  |TAMS 0x0000000084600000, 0x0000000084600000| Untracked 
|  71|0x0000000084700000, 0x0000000084800000, 0x0000000084800000|100%| O|  |TAMS 0x0000000084800000, 0x0000000084700000| Untracked 
|  72|0x0000000084800000, 0x0000000084800000, 0x0000000084900000|  0%| F|  |TAMS 0x0000000084800000, 0x0000000084800000| Untracked 
|  73|0x0000000084900000, 0x0000000084900000, 0x0000000084a00000|  0%| F|  |TAMS 0x0000000084900000, 0x0000000084900000| Untracked 
|  74|0x0000000084a00000, 0x0000000084b00000, 0x0000000084b00000|100%| O|  |TAMS 0x0000000084b00000, 0x0000000084a00000| Untracked 
|  75|0x0000000084b00000, 0x0000000084c00000, 0x0000000084c00000|100%| O|  |TAMS 0x0000000084c00000, 0x0000000084b00000| Untracked 
|  76|0x0000000084c00000, 0x0000000084c00000, 0x0000000084d00000|  0%| F|  |TAMS 0x0000000084c00000, 0x0000000084c00000| Untracked 
|  77|0x0000000084d00000, 0x0000000084e00000, 0x0000000084e00000|100%| O|  |TAMS 0x0000000084e00000, 0x0000000084d00000| Untracked 
|  78|0x0000000084e00000, 0x0000000084f00000, 0x0000000084f00000|100%| O|  |TAMS 0x0000000084f00000, 0x0000000084e00000| Untracked 
|  79|0x0000000084f00000, 0x0000000084f00000, 0x0000000085000000|  0%| F|  |TAMS 0x0000000084f00000, 0x0000000084f00000| Untracked 
|  80|0x0000000085000000, 0x0000000085000000, 0x0000000085100000|  0%| F|  |TAMS 0x0000000085000000, 0x0000000085000000| Untracked 
|  81|0x0000000085100000, 0x0000000085200000, 0x0000000085200000|100%|HS|  |TAMS 0x0000000085200000, 0x0000000085100000| Complete 
|  82|0x0000000085200000, 0x0000000085300000, 0x0000000085300000|100%|HC|  |TAMS 0x0000000085300000, 0x0000000085200000| Complete 
|  83|0x0000000085300000, 0x0000000085400000, 0x0000000085400000|100%|HS|  |TAMS 0x0000000085400000, 0x0000000085300000| Complete 
|  84|0x0000000085400000, 0x0000000085500000, 0x0000000085500000|100%|HC|  |TAMS 0x0000000085500000, 0x0000000085400000| Complete 
|  85|0x0000000085500000, 0x0000000085600000, 0x0000000085600000|100%|HC|  |TAMS 0x0000000085600000, 0x0000000085500000| Complete 
|  86|0x0000000085600000, 0x0000000085700000, 0x0000000085700000|100%| O|  |TAMS 0x0000000085700000, 0x0000000085600000| Untracked 
|  87|0x0000000085700000, 0x0000000085800000, 0x0000000085800000|100%| O|  |TAMS 0x0000000085800000, 0x0000000085700000| Untracked 
|  88|0x0000000085800000, 0x0000000085800000, 0x0000000085900000|  0%| F|  |TAMS 0x0000000085800000, 0x0000000085800000| Untracked 
|  89|0x0000000085900000, 0x0000000085900000, 0x0000000085a00000|  0%| F|  |TAMS 0x0000000085900000, 0x0000000085900000| Untracked 
|  90|0x0000000085a00000, 0x0000000085b00000, 0x0000000085b00000|100%| O|  |TAMS 0x0000000085b00000, 0x0000000085a00000| Untracked 
|  91|0x0000000085b00000, 0x0000000085c00000, 0x0000000085c00000|100%| O|  |TAMS 0x0000000085c00000, 0x0000000085b00000| Untracked 
|  92|0x0000000085c00000, 0x0000000085c00000, 0x0000000085d00000|  0%| F|  |TAMS 0x0000000085c00000, 0x0000000085c00000| Untracked 
|  93|0x0000000085d00000, 0x0000000085e00000, 0x0000000085e00000|100%| O|  |TAMS 0x0000000085e00000, 0x0000000085d00000| Untracked 
|  94|0x0000000085e00000, 0x0000000085f00000, 0x0000000085f00000|100%| O|  |TAMS 0x0000000085f00000, 0x0000000085e00000| Untracked 
|  95|0x0000000085f00000, 0x0000000086000000, 0x0000000086000000|100%| O|  |TAMS 0x0000000086000000, 0x0000000085f00000| Untracked 
|  96|0x0000000086000000, 0x0000000086100000, 0x0000000086100000|100%| O|  |TAMS 0x0000000086100000, 0x0000000086000000| Untracked 
|  97|0x0000000086100000, 0x0000000086200000, 0x0000000086200000|100%| O|  |TAMS 0x0000000086200000, 0x0000000086100000| Untracked 
|  98|0x0000000086200000, 0x0000000086200000, 0x0000000086300000|  0%| F|  |TAMS 0x0000000086200000, 0x0000000086200000| Untracked 
|  99|0x0000000086300000, 0x0000000086400000, 0x0000000086400000|100%| O|  |TAMS 0x0000000086400000, 0x0000000086300000| Untracked 
| 100|0x0000000086400000, 0x0000000086500000, 0x0000000086500000|100%| O|  |TAMS 0x0000000086500000, 0x0000000086400000| Untracked 
| 101|0x0000000086500000, 0x0000000086600000, 0x0000000086600000|100%| O|  |TAMS 0x0000000086600000, 0x0000000086500000| Untracked 
| 102|0x0000000086600000, 0x0000000086700000, 0x0000000086700000|100%|HS|  |TAMS 0x0000000086700000, 0x0000000086600000| Complete 
| 103|0x0000000086700000, 0x0000000086800000, 0x0000000086800000|100%|HC|  |TAMS 0x0000000086800000, 0x0000000086700000| Complete 
| 104|0x0000000086800000, 0x0000000086900000, 0x0000000086900000|100%|HC|  |TAMS 0x0000000086900000, 0x0000000086800000| Complete 
| 105|0x0000000086900000, 0x0000000086900000, 0x0000000086a00000|  0%| F|  |TAMS 0x0000000086900000, 0x0000000086900000| Untracked 
| 106|0x0000000086a00000, 0x0000000086a00000, 0x0000000086b00000|  0%| F|  |TAMS 0x0000000086a00000, 0x0000000086a00000| Untracked 
| 107|0x0000000086b00000, 0x0000000086c00000, 0x0000000086c00000|100%| O|  |TAMS 0x0000000086c00000, 0x0000000086b00000| Untracked 
| 108|0x0000000086c00000, 0x0000000086d00000, 0x0000000086d00000|100%| O|  |TAMS 0x0000000086d00000, 0x0000000086c00000| Untracked 
| 109|0x0000000086d00000, 0x0000000086e00000, 0x0000000086e00000|100%|HS|  |TAMS 0x0000000086e00000, 0x0000000086d00000| Complete 
| 110|0x0000000086e00000, 0x0000000086f00000, 0x0000000086f00000|100%|HC|  |TAMS 0x0000000086f00000, 0x0000000086e00000| Complete 
| 111|0x0000000086f00000, 0x0000000087000000, 0x0000000087000000|100%|HC|  |TAMS 0x0000000087000000, 0x0000000086f00000| Complete 
| 112|0x0000000087000000, 0x0000000087100000, 0x0000000087100000|100%|HC|  |TAMS 0x0000000087100000, 0x0000000087000000| Complete 
| 113|0x0000000087100000, 0x0000000087200000, 0x0000000087200000|100%|HS|  |TAMS 0x0000000087200000, 0x0000000087100000| Complete 
| 114|0x0000000087200000, 0x0000000087300000, 0x0000000087300000|100%|HC|  |TAMS 0x0000000087300000, 0x0000000087200000| Complete 
| 115|0x0000000087300000, 0x0000000087400000, 0x0000000087400000|100%|HC|  |TAMS 0x0000000087400000, 0x0000000087300000| Complete 
| 116|0x0000000087400000, 0x0000000087500000, 0x0000000087500000|100%|HC|  |TAMS 0x0000000087500000, 0x0000000087400000| Complete 
| 117|0x0000000087500000, 0x0000000087600000, 0x0000000087600000|100%| O|  |TAMS 0x0000000087600000, 0x0000000087500000| Untracked 
| 118|0x0000000087600000, 0x0000000087600000, 0x0000000087700000|  0%| F|  |TAMS 0x0000000087600000, 0x0000000087600000| Untracked 
| 119|0x0000000087700000, 0x0000000087800000, 0x0000000087800000|100%| O|  |TAMS 0x0000000087800000, 0x0000000087700000| Untracked 
| 120|0x0000000087800000, 0x0000000087800000, 0x0000000087900000|  0%| F|  |TAMS 0x0000000087800000, 0x0000000087800000| Untracked 
| 121|0x0000000087900000, 0x0000000087900000, 0x0000000087a00000|  0%| F|  |TAMS 0x0000000087900000, 0x0000000087900000| Untracked 
| 122|0x0000000087a00000, 0x0000000087a00000, 0x0000000087b00000|  0%| F|  |TAMS 0x0000000087a00000, 0x0000000087a00000| Untracked 
| 123|0x0000000087b00000, 0x0000000087c00000, 0x0000000087c00000|100%| O|  |TAMS 0x0000000087c00000, 0x0000000087b00000| Untracked 
| 124|0x0000000087c00000, 0x0000000087c00000, 0x0000000087d00000|  0%| F|  |TAMS 0x0000000087c00000, 0x0000000087c00000| Untracked 
| 125|0x0000000087d00000, 0x0000000087e00000, 0x0000000087e00000|100%| O|  |TAMS 0x0000000087e00000, 0x0000000087d00000| Untracked 
| 126|0x0000000087e00000, 0x0000000087f00000, 0x0000000087f00000|100%| O|  |TAMS 0x0000000087f00000, 0x0000000087e00000| Untracked 
| 127|0x0000000087f00000, 0x0000000088000000, 0x0000000088000000|100%| O|  |TAMS 0x0000000088000000, 0x0000000087f00000| Untracked 
| 128|0x0000000088000000, 0x0000000088100000, 0x0000000088100000|100%| O|  |TAMS 0x0000000088000000, 0x0000000088000000| Untracked 
| 129|0x0000000088100000, 0x0000000088100000, 0x0000000088200000|  0%| F|  |TAMS 0x0000000088100000, 0x0000000088100000| Untracked 
| 130|0x0000000088200000, 0x0000000088300000, 0x0000000088300000|100%| O|  |TAMS 0x0000000088200000, 0x0000000088200000| Untracked 
| 131|0x0000000088300000, 0x0000000088400000, 0x0000000088400000|100%| O|  |TAMS 0x0000000088400000, 0x0000000088300000| Untracked 
| 132|0x0000000088400000, 0x0000000088500000, 0x0000000088500000|100%| O|  |TAMS 0x0000000088500000, 0x0000000088400000| Untracked 
| 133|0x0000000088500000, 0x0000000088600000, 0x0000000088600000|100%| O|  |TAMS 0x0000000088600000, 0x0000000088500000| Untracked 
| 134|0x0000000088600000, 0x0000000088700000, 0x0000000088700000|100%| O|  |TAMS 0x0000000088700000, 0x0000000088600000| Untracked 
| 135|0x0000000088700000, 0x0000000088800000, 0x0000000088800000|100%| O|  |TAMS 0x0000000088800000, 0x0000000088700000| Untracked 
| 136|0x0000000088800000, 0x0000000088900000, 0x0000000088900000|100%| O|  |TAMS 0x0000000088900000, 0x0000000088800000| Untracked 
| 137|0x0000000088900000, 0x0000000088a00000, 0x0000000088a00000|100%| O|  |TAMS 0x0000000088a00000, 0x0000000088900000| Untracked 
| 138|0x0000000088a00000, 0x0000000088b00000, 0x0000000088b00000|100%| O|  |TAMS 0x0000000088b00000, 0x0000000088a00000| Untracked 
| 139|0x0000000088b00000, 0x0000000088c00000, 0x0000000088c00000|100%| O|  |TAMS 0x0000000088c00000, 0x0000000088b00000| Untracked 
| 140|0x0000000088c00000, 0x0000000088d00000, 0x0000000088d00000|100%| O|  |TAMS 0x0000000088d00000, 0x0000000088c00000| Untracked 
| 141|0x0000000088d00000, 0x0000000088e00000, 0x0000000088e00000|100%| O|  |TAMS 0x0000000088e00000, 0x0000000088d00000| Untracked 
| 142|0x0000000088e00000, 0x0000000088f00000, 0x0000000088f00000|100%| O|  |TAMS 0x0000000088f00000, 0x0000000088e00000| Untracked 
| 143|0x0000000088f00000, 0x0000000088f00000, 0x0000000089000000|  0%| F|  |TAMS 0x0000000088f00000, 0x0000000088f00000| Untracked 
| 144|0x0000000089000000, 0x0000000089000000, 0x0000000089100000|  0%| F|  |TAMS 0x0000000089000000, 0x0000000089000000| Untracked 
| 145|0x0000000089100000, 0x0000000089200000, 0x0000000089200000|100%| O|  |TAMS 0x0000000089200000, 0x0000000089100000| Untracked 
| 146|0x0000000089200000, 0x0000000089300000, 0x0000000089300000|100%| O|  |TAMS 0x0000000089300000, 0x0000000089200000| Untracked 
| 147|0x0000000089300000, 0x0000000089400000, 0x0000000089400000|100%| O|  |TAMS 0x0000000089400000, 0x0000000089300000| Untracked 
| 148|0x0000000089400000, 0x0000000089500000, 0x0000000089500000|100%| O|  |TAMS 0x0000000089500000, 0x0000000089400000| Untracked 
| 149|0x0000000089500000, 0x0000000089600000, 0x0000000089600000|100%| O|  |TAMS 0x0000000089600000, 0x0000000089500000| Untracked 
| 150|0x0000000089600000, 0x0000000089700000, 0x0000000089700000|100%| O|  |TAMS 0x0000000089700000, 0x0000000089600000| Untracked 
| 151|0x0000000089700000, 0x0000000089800000, 0x0000000089800000|100%| O|  |TAMS 0x0000000089800000, 0x0000000089700000| Untracked 
| 152|0x0000000089800000, 0x0000000089900000, 0x0000000089900000|100%| O|  |TAMS 0x0000000089900000, 0x0000000089800000| Untracked 
| 153|0x0000000089900000, 0x0000000089a00000, 0x0000000089a00000|100%| O|  |TAMS 0x0000000089a00000, 0x0000000089900000| Untracked 
| 154|0x0000000089a00000, 0x0000000089b00000, 0x0000000089b00000|100%| O|  |TAMS 0x0000000089b00000, 0x0000000089a00000| Untracked 
| 155|0x0000000089b00000, 0x0000000089c00000, 0x0000000089c00000|100%| O|  |TAMS 0x0000000089c00000, 0x0000000089b00000| Untracked 
| 156|0x0000000089c00000, 0x0000000089d00000, 0x0000000089d00000|100%| O|  |TAMS 0x0000000089d00000, 0x0000000089c00000| Untracked 
| 157|0x0000000089d00000, 0x0000000089d00000, 0x0000000089e00000|  0%| F|  |TAMS 0x0000000089d00000, 0x0000000089d00000| Untracked 
| 158|0x0000000089e00000, 0x0000000089e00000, 0x0000000089f00000|  0%| F|  |TAMS 0x0000000089e00000, 0x0000000089e00000| Untracked 
| 159|0x0000000089f00000, 0x000000008a000000, 0x000000008a000000|100%| O|  |TAMS 0x0000000089f00000, 0x0000000089f00000| Untracked 
| 160|0x000000008a000000, 0x000000008a100000, 0x000000008a100000|100%| O|  |TAMS 0x000000008a000000, 0x000000008a000000| Untracked 
| 161|0x000000008a100000, 0x000000008a200000, 0x000000008a200000|100%| O|  |TAMS 0x000000008a100000, 0x000000008a100000| Untracked 
| 162|0x000000008a200000, 0x000000008a300000, 0x000000008a300000|100%| O|  |TAMS 0x000000008a200000, 0x000000008a200000| Untracked 
| 163|0x000000008a300000, 0x000000008a400000, 0x000000008a400000|100%| O|  |TAMS 0x000000008a300000, 0x000000008a300000| Untracked 
| 164|0x000000008a400000, 0x000000008a500000, 0x000000008a500000|100%| O|  |TAMS 0x000000008a400000, 0x000000008a400000| Untracked 
| 165|0x000000008a500000, 0x000000008a600000, 0x000000008a600000|100%| O|  |TAMS 0x000000008a600000, 0x000000008a500000| Untracked 
| 166|0x000000008a600000, 0x000000008a700000, 0x000000008a700000|100%| O|  |TAMS 0x000000008a700000, 0x000000008a600000| Untracked 
| 167|0x000000008a700000, 0x000000008a800000, 0x000000008a800000|100%| O|  |TAMS 0x000000008a800000, 0x000000008a700000| Untracked 
| 168|0x000000008a800000, 0x000000008a900000, 0x000000008a900000|100%| O|  |TAMS 0x000000008a900000, 0x000000008a800000| Untracked 
| 169|0x000000008a900000, 0x000000008aa00000, 0x000000008aa00000|100%| O|  |TAMS 0x000000008aa00000, 0x000000008a900000| Untracked 
| 170|0x000000008aa00000, 0x000000008ab00000, 0x000000008ab00000|100%| O|  |TAMS 0x000000008ab00000, 0x000000008aa00000| Untracked 
| 171|0x000000008ab00000, 0x000000008ab00000, 0x000000008ac00000|  0%| F|  |TAMS 0x000000008ab00000, 0x000000008ab00000| Untracked 
| 172|0x000000008ac00000, 0x000000008ad00000, 0x000000008ad00000|100%| O|  |TAMS 0x000000008ad00000, 0x000000008ac00000| Untracked 
| 173|0x000000008ad00000, 0x000000008ae00000, 0x000000008ae00000|100%| O|  |TAMS 0x000000008ae00000, 0x000000008ad00000| Untracked 
| 174|0x000000008ae00000, 0x000000008af00000, 0x000000008af00000|100%| O|  |TAMS 0x000000008af00000, 0x000000008ae00000| Untracked 
| 175|0x000000008af00000, 0x000000008b000000, 0x000000008b000000|100%| O|  |TAMS 0x000000008af00000, 0x000000008af00000| Untracked 
| 176|0x000000008b000000, 0x000000008b100000, 0x000000008b100000|100%| O|  |TAMS 0x000000008b000000, 0x000000008b000000| Untracked 
| 177|0x000000008b100000, 0x000000008b200000, 0x000000008b200000|100%| O|  |TAMS 0x000000008b100000, 0x000000008b100000| Untracked 
| 178|0x000000008b200000, 0x000000008b300000, 0x000000008b300000|100%| O|  |TAMS 0x000000008b200000, 0x000000008b200000| Untracked 
| 179|0x000000008b300000, 0x000000008b300000, 0x000000008b400000|  0%| F|  |TAMS 0x000000008b300000, 0x000000008b300000| Untracked 
| 180|0x000000008b400000, 0x000000008b400000, 0x000000008b500000|  0%| F|  |TAMS 0x000000008b400000, 0x000000008b400000| Untracked 
| 181|0x000000008b500000, 0x000000008b5daa40, 0x000000008b600000| 85%| S|CS|TAMS 0x000000008b500000, 0x000000008b500000| Complete 
| 182|0x000000008b600000, 0x000000008b600000, 0x000000008b700000|  0%| F|  |TAMS 0x000000008b600000, 0x000000008b600000| Untracked 
| 183|0x000000008b700000, 0x000000008b700000, 0x000000008b800000|  0%| F|  |TAMS 0x000000008b700000, 0x000000008b700000| Untracked 
| 184|0x000000008b800000, 0x000000008b900000, 0x000000008b900000|100%| S|CS|TAMS 0x000000008b800000, 0x000000008b800000| Complete 
| 185|0x000000008b900000, 0x000000008ba00000, 0x000000008ba00000|100%| S|CS|TAMS 0x000000008b900000, 0x000000008b900000| Complete 
| 186|0x000000008ba00000, 0x000000008ba00000, 0x000000008bb00000|  0%| F|  |TAMS 0x000000008ba00000, 0x000000008ba00000| Untracked 
| 187|0x000000008bb00000, 0x000000008bb00000, 0x000000008bc00000|  0%| F|  |TAMS 0x000000008bb00000, 0x000000008bb00000| Untracked 
| 188|0x000000008bc00000, 0x000000008bc00000, 0x000000008bd00000|  0%| F|  |TAMS 0x000000008bc00000, 0x000000008bc00000| Untracked 
| 189|0x000000008bd00000, 0x000000008be00000, 0x000000008be00000|100%| O|  |TAMS 0x000000008bd00000, 0x000000008bd00000| Untracked 
| 190|0x000000008be00000, 0x000000008bf00000, 0x000000008bf00000|100%| O|  |TAMS 0x000000008be00000, 0x000000008be00000| Untracked 
| 191|0x000000008bf00000, 0x000000008c000000, 0x000000008c000000|100%| O|  |TAMS 0x000000008bf00000, 0x000000008bf00000| Untracked 
| 192|0x000000008c000000, 0x000000008c000000, 0x000000008c100000|  0%| F|  |TAMS 0x000000008c000000, 0x000000008c000000| Untracked 
| 193|0x000000008c100000, 0x000000008c100000, 0x000000008c200000|  0%| F|  |TAMS 0x000000008c100000, 0x000000008c100000| Untracked 
| 194|0x000000008c200000, 0x000000008c21bbe0, 0x000000008c300000| 10%| E|  |TAMS 0x000000008c200000, 0x000000008c200000| Complete 
| 195|0x000000008c300000, 0x000000008c400000, 0x000000008c400000|100%| E|CS|TAMS 0x000000008c300000, 0x000000008c300000| Complete 
| 196|0x000000008c400000, 0x000000008c500000, 0x000000008c500000|100%| E|  |TAMS 0x000000008c400000, 0x000000008c400000| Complete 
| 197|0x000000008c500000, 0x000000008c600000, 0x000000008c600000|100%| E|CS|TAMS 0x000000008c500000, 0x000000008c500000| Complete 
| 198|0x000000008c600000, 0x000000008c700000, 0x000000008c700000|100%| E|CS|TAMS 0x000000008c600000, 0x000000008c600000| Complete 
| 199|0x000000008c700000, 0x000000008c800000, 0x000000008c800000|100%| E|CS|TAMS 0x000000008c700000, 0x000000008c700000| Complete 
| 200|0x000000008c800000, 0x000000008c900000, 0x000000008c900000|100%| E|CS|TAMS 0x000000008c800000, 0x000000008c800000| Complete 
| 201|0x000000008c900000, 0x000000008ca00000, 0x000000008ca00000|100%| E|CS|TAMS 0x000000008c900000, 0x000000008c900000| Complete 
| 202|0x000000008ca00000, 0x000000008cb00000, 0x000000008cb00000|100%| E|CS|TAMS 0x000000008ca00000, 0x000000008ca00000| Complete 
| 203|0x000000008cb00000, 0x000000008cc00000, 0x000000008cc00000|100%| O|  |TAMS 0x000000008cb00000, 0x000000008cb00000| Untracked 
| 204|0x000000008cc00000, 0x000000008cd00000, 0x000000008cd00000|100%| E|CS|TAMS 0x000000008cc00000, 0x000000008cc00000| Complete 
| 205|0x000000008cd00000, 0x000000008ce00000, 0x000000008ce00000|100%| E|CS|TAMS 0x000000008cd00000, 0x000000008cd00000| Complete 
| 206|0x000000008ce00000, 0x000000008cf00000, 0x000000008cf00000|100%| E|CS|TAMS 0x000000008ce00000, 0x000000008ce00000| Complete 
| 207|0x000000008cf00000, 0x000000008d000000, 0x000000008d000000|100%| E|CS|TAMS 0x000000008cf00000, 0x000000008cf00000| Complete 
| 208|0x000000008d000000, 0x000000008d100000, 0x000000008d100000|100%| E|CS|TAMS 0x000000008d000000, 0x000000008d000000| Complete 
| 209|0x000000008d100000, 0x000000008d200000, 0x000000008d200000|100%| E|CS|TAMS 0x000000008d100000, 0x000000008d100000| Complete 
| 210|0x000000008d200000, 0x000000008d300000, 0x000000008d300000|100%| E|CS|TAMS 0x000000008d200000, 0x000000008d200000| Complete 
| 211|0x000000008d300000, 0x000000008d400000, 0x000000008d400000|100%| E|CS|TAMS 0x000000008d300000, 0x000000008d300000| Complete 
| 212|0x000000008d400000, 0x000000008d500000, 0x000000008d500000|100%| E|CS|TAMS 0x000000008d400000, 0x000000008d400000| Complete 
| 213|0x000000008d500000, 0x000000008d600000, 0x000000008d600000|100%| E|CS|TAMS 0x000000008d500000, 0x000000008d500000| Complete 
| 214|0x000000008d600000, 0x000000008d700000, 0x000000008d700000|100%| E|CS|TAMS 0x000000008d600000, 0x000000008d600000| Complete 
| 215|0x000000008d700000, 0x000000008d800000, 0x000000008d800000|100%| E|CS|TAMS 0x000000008d700000, 0x000000008d700000| Complete 
| 216|0x000000008d800000, 0x000000008d900000, 0x000000008d900000|100%| E|CS|TAMS 0x000000008d800000, 0x000000008d800000| Complete 
| 217|0x000000008d900000, 0x000000008da00000, 0x000000008da00000|100%| E|CS|TAMS 0x000000008d900000, 0x000000008d900000| Complete 
| 218|0x000000008da00000, 0x000000008db00000, 0x000000008db00000|100%| E|CS|TAMS 0x000000008da00000, 0x000000008da00000| Complete 
| 219|0x000000008db00000, 0x000000008dc00000, 0x000000008dc00000|100%| E|CS|TAMS 0x000000008db00000, 0x000000008db00000| Complete 
| 220|0x000000008dc00000, 0x000000008dd00000, 0x000000008dd00000|100%| E|CS|TAMS 0x000000008dc00000, 0x000000008dc00000| Complete 
| 221|0x000000008dd00000, 0x000000008de00000, 0x000000008de00000|100%| E|CS|TAMS 0x000000008dd00000, 0x000000008dd00000| Complete 

Card table byte_map: [0x0000012968dc0000,0x00000129691c0000] _byte_map_base: 0x00000129689c0000

Marking Bits (Prev, Next): (CMBitMap*) 0x0000012956093cd8, (CMBitMap*) 0x0000012956093d10
 Prev Bits: [0x00000129695c0000, 0x000001296b5c0000)
 Next Bits: [0x000001296b5c0000, 0x000001296d5c0000)

Polling page: 0x0000012953fe0000

Metaspace:

Usage:
  Non-class:    103.67 MB capacity,   101.69 MB ( 98%) used,     1.67 MB (  2%) free+waste,   318.00 KB ( <1%) overhead. 
      Class:     15.36 MB capacity,    14.36 MB ( 93%) used,   881.83 KB (  6%) free+waste,   142.75 KB ( <1%) overhead. 
       Both:    119.03 MB capacity,   116.05 MB ( 97%) used,     2.53 MB (  2%) free+waste,   460.75 KB ( <1%) overhead. 

Virtual space:
  Non-class space:      104.00 MB reserved,     103.75 MB (>99%) committed 
      Class space:        1.00 GB reserved,      15.38 MB (  2%) committed 
             Both:        1.10 GB reserved,     119.13 MB ( 11%) committed 

Chunk freelists:
   Non-Class:  21.00 KB
       Class:  13.00 KB
        Both:  34.00 KB

MaxMetaspaceSize: 17179869184.00 GB
CompressedClassSpaceSize: 1.00 GB

CodeHeap 'non-profiled nmethods': size=120064Kb used=14569Kb max_used=14569Kb free=105494Kb
 bounds [0x0000012961480000, 0x00000129622e0000, 0x00000129689c0000]
CodeHeap 'profiled nmethods': size=120000Kb used=32251Kb max_used=32251Kb free=87748Kb
 bounds [0x0000012959f50000, 0x000001295bf00000, 0x0000012961480000]
CodeHeap 'non-nmethods': size=5696Kb used=2417Kb max_used=2469Kb free=3278Kb
 bounds [0x00000129599c0000, 0x0000012959c40000, 0x0000012959f50000]
 total_blobs=15902 nmethods=14831 adapters=981
 compilation: enabled
              stopped_count=0, restarted_count=0
 full_count=0

Compilation events (20 events):
Event: 8581.166 Thread 0x000001296faee000 nmethod 17719 0x000001295beef210 code [0x000001295beef3c0, 0x000001295beef578]
Event: 8581.166 Thread 0x000001296faee000 17720       3       org.gradle.internal.execution.history.changes.DefaultIncrementalInputProperties::<init> (10 bytes)
Event: 8581.166 Thread 0x000001296faee000 nmethod 17720 0x000001295beef610 code [0x000001295beef7c0, 0x000001295beef978]
Event: 8581.166 Thread 0x000001296faee000 17721       3       org.gradle.internal.execution.history.changes.DefaultIncrementalInputProperties$$Lambda$737/0x0000000100b7f040::<init> (10 bytes)
Event: 8581.166 Thread 0x000001296faee000 nmethod 17721 0x000001295beefa10 code [0x000001295beefbc0, 0x000001295beefd78]
Event: 8581.167 Thread 0x000001296faee000 17722       3       org.gradle.internal.execution.history.changes.DefaultIncrementalInputProperties::nonIncrementalChanges (28 bytes)
Event: 8581.169 Thread 0x000001296faee000 nmethod 17722 0x000001295beefe10 code [0x000001295bef0120, 0x000001295bef1258]
Event: 8581.169 Thread 0x000001296faee000 17723       3       org.gradle.internal.execution.history.changes.DefaultIncrementalInputProperties$$Lambda$737/0x0000000100b7f040::get$Lambda (9 bytes)
Event: 8581.169 Thread 0x000001296faee000 nmethod 17723 0x000001295bef1910 code [0x000001295bef1ae0, 0x000001295bef1d38]
Event: 8581.225 Thread 0x0000012970432800 17724   !   4       com.google.common.reflect.TypeVisitor::visit (225 bytes)
Event: 8581.312 Thread 0x000001296faee000 17725       3       org.gradle.api.DefaultTask::getInputs (5 bytes)
Event: 8581.312 Thread 0x000001296faee000 nmethod 17725 0x000001295bef1e10 code [0x000001295bef1fc0, 0x000001295bef20d8]
Event: 8581.312 Thread 0x000001296faee000 17726       1       org.gradle.api.internal.tasks.properties.DefaultTaskProperties::getOutputFileProperties (5 bytes)
Event: 8581.312 Thread 0x000001296faee000 nmethod 17726 0x0000012961da5f10 code [0x0000012961da60c0, 0x0000012961da6178]
Event: 8581.325 Thread 0x000001296faee000 17727       3       org.gradle.tooling.internal.provider.runner.OperationDependenciesResolver$$Lambda$569/0x00000001009fbc40::test (8 bytes)
Event: 8581.326 Thread 0x000001296faee000 nmethod 17727 0x000001295bef2190 code [0x000001295bef2360, 0x000001295bef2618]
Event: 8581.326 Thread 0x000001296faee000 17729       3       org.gradle.api.internal.tasks.properties.FileParameterUtils::resolveInputFileValue (28 bytes)
Event: 8581.326 Thread 0x000001296faee000 nmethod 17729 0x000001295bef2710 code [0x000001295bef2900, 0x000001295bef2be8]
Event: 8581.326 Thread 0x000001296faee000 17728       3       org.gradle.tooling.internal.provider.runner.OperationDependenciesResolver$$Lambda$563/0x00000001009ff040::test (8 bytes)
Event: 8581.326 Thread 0x000001296faee000 nmethod 17728 0x000001295bef2d90 code [0x000001295bef2f60, 0x000001295bef3218]

GC Heap History (20 events):
Event: 8575.823 GC heap before
{Heap before GC invocations=61 (full 0):
 garbage-first heap   total 227328K, used 217088K [0x0000000080000000, 0x0000000100000000)
  region size 1024K, 20 young (20480K), 5 survivors (5120K)
 Metaspace       used 117599K, capacity 120550K, committed 120704K, reserved 1155072K
  class space    used 14602K, capacity 15642K, committed 15744K, reserved 1048576K
}
Event: 8575.849 GC heap after
{Heap after GC invocations=62 (full 0):
 garbage-first heap   total 227328K, used 174592K [0x0000000080000000, 0x0000000100000000)
  region size 1024K, 1 young (1024K), 1 survivors (1024K)
 Metaspace       used 117599K, capacity 120550K, committed 120704K, reserved 1155072K
  class space    used 14602K, capacity 15642K, committed 15744K, reserved 1048576K
}
Event: 8575.974 GC heap before
{Heap before GC invocations=62 (full 0):
 garbage-first heap   total 227328K, used 186879K [0x0000000080000000, 0x0000000100000000)
  region size 1024K, 11 young (11264K), 1 survivors (1024K)
 Metaspace       used 117614K, capacity 120574K, committed 120704K, reserved 1155072K
  class space    used 14604K, capacity 15646K, committed 15744K, reserved 1048576K
}
Event: 8576.007 GC heap after
{Heap after GC invocations=63 (full 0):
 garbage-first heap   total 227328K, used 161792K [0x0000000080000000, 0x0000000100000000)
  region size 1024K, 1 young (1024K), 1 survivors (1024K)
 Metaspace       used 117614K, capacity 120574K, committed 120704K, reserved 1155072K
  class space    used 14604K, capacity 15646K, committed 15744K, reserved 1048576K
}
Event: 8576.267 GC heap before
{Heap before GC invocations=63 (full 0):
 garbage-first heap   total 227328K, used 171008K [0x0000000080000000, 0x0000000100000000)
  region size 1024K, 11 young (11264K), 1 survivors (1024K)
 Metaspace       used 118036K, capacity 120953K, committed 121216K, reserved 1155072K
  class space    used 14659K, capacity 15685K, committed 15744K, reserved 1048576K
}
Event: 8576.295 GC heap after
{Heap after GC invocations=64 (full 0):
 garbage-first heap   total 227328K, used 157813K [0x0000000080000000, 0x0000000100000000)
  region size 1024K, 2 young (2048K), 2 survivors (2048K)
 Metaspace       used 118036K, capacity 120953K, committed 121216K, reserved 1155072K
  class space    used 14659K, capacity 15685K, committed 15744K, reserved 1048576K
}
Event: 8576.962 GC heap before
{Heap before GC invocations=64 (full 0):
 garbage-first heap   total 227328K, used 181365K [0x0000000080000000, 0x0000000100000000)
  region size 1024K, 25 young (25600K), 2 survivors (2048K)
 Metaspace       used 118247K, capacity 121210K, committed 121472K, reserved 1155072K
  class space    used 14661K, capacity 15685K, committed 15744K, reserved 1048576K
}
Event: 8576.970 GC heap after
{Heap after GC invocations=65 (full 0):
 garbage-first heap   total 227328K, used 158443K [0x0000000080000000, 0x0000000100000000)
  region size 1024K, 2 young (2048K), 2 survivors (2048K)
 Metaspace       used 118247K, capacity 121210K, committed 121472K, reserved 1155072K
  class space    used 14661K, capacity 15685K, committed 15744K, reserved 1048576K
}
Event: 8577.537 GC heap before
{Heap before GC invocations=65 (full 0):
 garbage-first heap   total 227328K, used 184043K [0x0000000080000000, 0x0000000100000000)
  region size 1024K, 27 young (27648K), 2 survivors (2048K)
 Metaspace       used 118449K, capacity 121426K, committed 121728K, reserved 1155072K
  class space    used 14676K, capacity 15692K, committed 15744K, reserved 1048576K
}
Event: 8577.542 GC heap after
{Heap after GC invocations=66 (full 0):
 garbage-first heap   total 227328K, used 158942K [0x0000000080000000, 0x0000000100000000)
  region size 1024K, 3 young (3072K), 3 survivors (3072K)
 Metaspace       used 118449K, capacity 121426K, committed 121728K, reserved 1155072K
  class space    used 14676K, capacity 15692K, committed 15744K, reserved 1048576K
}
Event: 8578.256 GC heap before
{Heap before GC invocations=66 (full 0):
 garbage-first heap   total 227328K, used 184542K [0x0000000080000000, 0x0000000100000000)
  region size 1024K, 29 young (29696K), 3 survivors (3072K)
 Metaspace       used 118809K, capacity 121811K, committed 121984K, reserved 1155072K
  class space    used 14705K, capacity 15730K, committed 15744K, reserved 1048576K
}
Event: 8578.261 GC heap after
{Heap after GC invocations=67 (full 0):
 garbage-first heap   total 227328K, used 158423K [0x0000000080000000, 0x0000000100000000)
  region size 1024K, 2 young (2048K), 2 survivors (2048K)
 Metaspace       used 118809K, capacity 121811K, committed 121984K, reserved 1155072K
  class space    used 14705K, capacity 15730K, committed 15744K, reserved 1048576K
}
Event: 8579.124 GC heap before
{Heap before GC invocations=67 (full 0):
 garbage-first heap   total 227328K, used 186071K [0x0000000080000000, 0x0000000100000000)
  region size 1024K, 30 young (30720K), 2 survivors (2048K)
 Metaspace       used 118813K, capacity 121812K, committed 121984K, reserved 1155072K
  class space    used 14705K, capacity 15730K, committed 15744K, reserved 1048576K
}
Event: 8579.128 GC heap after
{Heap after GC invocations=68 (full 0):
 garbage-first heap   total 227328K, used 158752K [0x0000000080000000, 0x0000000100000000)
  region size 1024K, 2 young (2048K), 2 survivors (2048K)
 Metaspace       used 118813K, capacity 121812K, committed 121984K, reserved 1155072K
  class space    used 14705K, capacity 15730K, committed 15744K, reserved 1048576K
}
Event: 8579.817 GC heap before
{Heap before GC invocations=68 (full 0):
 garbage-first heap   total 227328K, used 187424K [0x0000000080000000, 0x0000000100000000)
  region size 1024K, 31 young (31744K), 2 survivors (2048K)
 Metaspace       used 118816K, capacity 121812K, committed 121984K, reserved 1155072K
  class space    used 14705K, capacity 15730K, committed 15744K, reserved 1048576K
}
Event: 8579.821 GC heap after
{Heap after GC invocations=69 (full 0):
 garbage-first heap   total 227328K, used 159135K [0x0000000080000000, 0x0000000100000000)
  region size 1024K, 3 young (3072K), 3 survivors (3072K)
 Metaspace       used 118816K, capacity 121812K, committed 121984K, reserved 1155072K
  class space    used 14705K, capacity 15730K, committed 15744K, reserved 1048576K
}
Event: 8580.206 GC heap before
{Heap before GC invocations=69 (full 0):
 garbage-first heap   total 227328K, used 188831K [0x0000000080000000, 0x0000000100000000)
  region size 1024K, 33 young (33792K), 3 survivors (3072K)
 Metaspace       used 118816K, capacity 121812K, committed 121984K, reserved 1155072K
  class space    used 14705K, capacity 15730K, committed 15744K, reserved 1048576K
}
Event: 8580.211 GC heap after
{Heap after GC invocations=70 (full 0):
 garbage-first heap   total 227328K, used 159430K [0x0000000080000000, 0x0000000100000000)
  region size 1024K, 3 young (3072K), 3 survivors (3072K)
 Metaspace       used 118816K, capacity 121812K, committed 121984K, reserved 1155072K
  class space    used 14705K, capacity 15730K, committed 15744K, reserved 1048576K
}
Event: 8581.020 GC heap before
{Heap before GC invocations=70 (full 0):
 garbage-first heap   total 227328K, used 190150K [0x0000000080000000, 0x0000000100000000)
  region size 1024K, 34 young (34816K), 3 survivors (3072K)
 Metaspace       used 118829K, capacity 121880K, committed 121984K, reserved 1155072K
  class space    used 14705K, capacity 15730K, committed 15744K, reserved 1048576K
}
Event: 8581.026 GC heap after
{Heap after GC invocations=71 (full 0):
 garbage-first heap   total 227328K, used 159933K [0x0000000080000000, 0x0000000100000000)
  region size 1024K, 3 young (3072K), 3 survivors (3072K)
 Metaspace       used 118829K, capacity 121880K, committed 121984K, reserved 1155072K
  class space    used 14705K, capacity 15730K, committed 15744K, reserved 1048576K
}

Deoptimization events (20 events):
Event: 8578.364 Thread 0x000001297c5bd800 Uncommon trap: trap_request=0xffffff4d fr.pc=0x0000012961b6c828 relative=0x0000000000000468
Event: 8578.364 Thread 0x000001297c5bd800 Uncommon trap: reason=unstable_if action=reinterpret pc=0x0000012961b6c828 method=org.apache.xerces.dom.ParentNode.nodeListItem(I)Lorg/w3c/dom/Node; @ 26 c2
Event: 8578.364 Thread 0x000001297c5bd800 DEOPT PACKING pc=0x0000012961b6c828 sp=0x0000001d77dfdef0
Event: 8578.364 Thread 0x000001297c5bd800 DEOPT UNPACKING pc=0x00000129599e74af sp=0x0000001d77dfde28 mode 2
Event: 8578.364 Thread 0x000001297c5bd800 Uncommon trap: trap_request=0xffffff4d fr.pc=0x0000012961b6bea8 relative=0x0000000000000468
Event: 8578.364 Thread 0x000001297c5bd800 Uncommon trap: reason=unstable_if action=reinterpret pc=0x0000012961b6bea8 method=org.apache.xerces.dom.ParentNode.nodeListItem(I)Lorg/w3c/dom/Node; @ 26 c2
Event: 8578.364 Thread 0x000001297c5bd800 DEOPT PACKING pc=0x0000012961b6bea8 sp=0x0000001d77dfdec0
Event: 8578.364 Thread 0x000001297c5bd800 DEOPT UNPACKING pc=0x00000129599e74af sp=0x0000001d77dfde70 mode 2
Event: 8578.417 Thread 0x0000012972c91000 Uncommon trap: trap_request=0xffffff4d fr.pc=0x0000012961a69a9c relative=0x0000000000000d7c
Event: 8578.417 Thread 0x0000012972c91000 Uncommon trap: reason=unstable_if action=reinterpret pc=0x0000012961a69a9c method=java.util.concurrent.locks.AbstractQueuedSynchronizer.hasQueuedPredecessors()Z @ 34 c2
Event: 8578.417 Thread 0x0000012972c91000 DEOPT PACKING pc=0x0000012961a69a9c sp=0x0000001d711fe560
Event: 8578.417 Thread 0x0000012972c91000 DEOPT UNPACKING pc=0x00000129599e74af sp=0x0000001d711fe3f0 mode 2
Event: 8578.951 Thread 0x0000012972c8a000 Uncommon trap: trap_request=0xffffffde fr.pc=0x0000012961caeb44 relative=0x0000000000002704
Event: 8578.951 Thread 0x0000012972c8a000 Uncommon trap: reason=class_check action=maybe_recompile pc=0x0000012961caeb44 method=org.gradle.internal.snapshot.SnapshotUtil$2.handleDescendant()Lorg/gradle/internal/snapshot/FileSystemNode; @ 12 c2
Event: 8578.951 Thread 0x0000012972c8a000 DEOPT PACKING pc=0x0000012961caeb44 sp=0x0000001d6fff9460
Event: 8578.951 Thread 0x0000012972c8a000 DEOPT UNPACKING pc=0x00000129599e74af sp=0x0000001d6fff9120 mode 2
Event: 8581.315 Thread 0x0000012972c8a000 Uncommon trap: trap_request=0xffffffde fr.pc=0x0000012961caeb44 relative=0x0000000000002704
Event: 8581.315 Thread 0x0000012972c8a000 Uncommon trap: reason=class_check action=maybe_recompile pc=0x0000012961caeb44 method=org.gradle.internal.snapshot.SnapshotUtil$2.handleDescendant()Lorg/gradle/internal/snapshot/FileSystemNode; @ 12 c2
Event: 8581.315 Thread 0x0000012972c8a000 DEOPT PACKING pc=0x0000012961caeb44 sp=0x0000001d6fff95f0
Event: 8581.315 Thread 0x0000012972c8a000 DEOPT UNPACKING pc=0x00000129599e74af sp=0x0000001d6fff92b0 mode 2

Classes redefined (0 events):
No events

Internal exceptions (20 events):
Event: 8573.915 Thread 0x0000012976ffb000 Exception <a 'java/lang/NoSuchMethodError'{0x000000008dd66e20}: <clinit>> (0x000000008dd66e20) thrown at [./src/hotspot/share/prims/jni.cpp, line 1362]
Event: 8573.915 Thread 0x0000012976ffb000 Exception <a 'java/lang/NoSuchMethodError'{0x000000008dd69a90}: <clinit>> (0x000000008dd69a90) thrown at [./src/hotspot/share/prims/jni.cpp, line 1362]
Event: 8573.916 Thread 0x0000012976ffb000 Exception <a 'java/lang/NoSuchMethodError'{0x000000008dd7f818}: <clinit>> (0x000000008dd7f818) thrown at [./src/hotspot/share/prims/jni.cpp, line 1362]
Event: 8573.936 Thread 0x0000012976ffb000 Exception <a 'java/lang/NoSuchMethodError'{0x000000008dd94b08}: <clinit>> (0x000000008dd94b08) thrown at [./src/hotspot/share/prims/jni.cpp, line 1362]
Event: 8573.952 Thread 0x0000012976ffb000 Exception <a 'java/lang/NoSuchMethodError'{0x000000008ddb30b0}: <clinit>> (0x000000008ddb30b0) thrown at [./src/hotspot/share/prims/jni.cpp, line 1362]
Event: 8573.953 Thread 0x0000012976ffb000 Exception <a 'java/lang/NoSuchMethodError'{0x000000008ddc40a0}: <clinit>> (0x000000008ddc40a0) thrown at [./src/hotspot/share/prims/jni.cpp, line 1362]
Event: 8574.178 Thread 0x000001297c5be800 Exception <a 'java/lang/ClassNotFoundException'{0x000000008d601f10}: sun/awt/resources/spi/awtProvider> (0x000000008d601f10) thrown at [./src/hotspot/share/classfile/systemDictionary.cpp, line 231]
Event: 8574.197 Thread 0x000001297c5be800 Exception <a 'java/io/FileNotFoundException'{0x000000008d65e940}> (0x000000008d65e940) thrown at [./src/hotspot/share/prims/jni.cpp, line 615]
Event: 8574.208 Thread 0x000001297c5be800 Exception <a 'java/lang/NoSuchMethodError'{0x000000008d6c1668}: 'java.lang.Object java.lang.invoke.DelegatingMethodHandle$Holder.reinvoke_L(java.lang.Object, int, int, java.lang.Object, java.lang.Object, java.lang.Object)'> (0x000000008d6c1668) thrown at [./src/hotspot/share/interpreter/linkResolver.cpp, line 773]
Event: 8574.222 Thread 0x000001297c5be800 Exception <a 'java/io/FileNotFoundException'{0x000000008d6db580}> (0x000000008d6db580) thrown at [./src/hotspot/share/prims/jni.cpp, line 615]
Event: 8574.527 Thread 0x000001297c5ba000 Implicit null exception at 0x000001296223ed65 to 0x000001296223ee4c
Event: 8574.528 Thread 0x000001297c5bd800 Implicit null exception at 0x000001296223ed65 to 0x000001296223ee4c
Event: 8575.279 Thread 0x0000012976ffb000 Exception <a 'java/lang/NoSuchMethodError'{0x000000008dca24c8}: <clinit>> (0x000000008dca24c8) thrown at [./src/hotspot/share/prims/jni.cpp, line 1362]
Event: 8575.282 Thread 0x0000012976ffb000 Exception <a 'java/lang/NoSuchMethodError'{0x000000008dccbae0}: <clinit>> (0x000000008dccbae0) thrown at [./src/hotspot/share/prims/jni.cpp, line 1362]
Event: 8575.284 Thread 0x000001297c5be800 Implicit null exception at 0x000001296223f3f4 to 0x000001296223f465
Event: 8575.358 Thread 0x0000012976ffc000 Exception <a 'java/lang/NoSuchMethodError'{0x000000008db93d50}: <clinit>> (0x000000008db93d50) thrown at [./src/hotspot/share/prims/jni.cpp, line 1362]
Event: 8577.459 Thread 0x0000012976ffc000 Implicit null exception at 0x0000012961e15eec to 0x0000012961e168ac
Event: 8577.461 Thread 0x0000012976ffc000 Implicit null exception at 0x00000129617a3d94 to 0x00000129617a4358
Event: 8579.629 Thread 0x0000012972c8a000 Exception <a 'sun/nio/fs/WindowsException'{0x000000008ca71850}> (0x000000008ca71850) thrown at [./src/hotspot/share/prims/jni.cpp, line 615]
Event: 8579.629 Thread 0x0000012972c8a000 Exception <a 'sun/nio/fs/WindowsException'{0x000000008ca72cb8}> (0x000000008ca72cb8) thrown at [./src/hotspot/share/prims/jni.cpp, line 615]

Events (20 events):
Event: 8578.196 loading class com/android/build/gradle/tasks/XmlDocumentUtilsKt
Event: 8578.196 loading class com/android/build/gradle/tasks/XmlDocumentUtilsKt done
Event: 8578.219 loading class org/gradle/internal/operations/DefaultBuildOperationQueue$1
Event: 8578.219 loading class org/gradle/internal/operations/DefaultBuildOperationQueue$1 done
Event: 8578.226 Thread 0x000001297c5bc000 Thread added: 0x000001297c5bc000
Event: 8578.256 Executing VM operation: G1CollectForAllocation
Event: 8578.261 Executing VM operation: G1CollectForAllocation done
Event: 8579.124 Executing VM operation: G1CollectForAllocation
Event: 8579.128 Executing VM operation: G1CollectForAllocation done
Event: 8579.816 Executing VM operation: G1CollectForAllocation
Event: 8579.821 Executing VM operation: G1CollectForAllocation done
Event: 8580.206 Executing VM operation: G1CollectForAllocation
Event: 8580.211 Executing VM operation: G1CollectForAllocation done
Event: 8580.217 Thread 0x000001297c5bc000 Thread exited: 0x000001297c5bc000
Event: 8580.296 loading class org/gradle/internal/fingerprint/impl/DefaultFileCollectionSnapshotter$1
Event: 8580.296 loading class org/gradle/internal/fingerprint/impl/DefaultFileCollectionSnapshotter$1 done
Event: 8580.374 Thread 0x000001297c5bf000 Thread added: 0x000001297c5bf000
Event: 8580.674 Thread 0x000001297c5bf000 Thread exited: 0x000001297c5bf000
Event: 8581.020 Executing VM operation: G1CollectForAllocation
Event: 8581.026 Executing VM operation: G1CollectForAllocation done


Dynamic libraries:
0x00007ff652710000 - 0x00007ff65271a000 	E:\Program Files\Android\Android Studio\jre\bin\java.exe
0x00007ff986800000 - 0x00007ff9869f0000 	C:\Windows\SYSTEM32\ntdll.dll
0x00007ff945790000 - 0x00007ff9457c4000 	C:\Program Files\AVAST Software\Avast\x64\aswhooka.dll
0x00007ff9858f0000 - 0x00007ff9859a2000 	C:\Windows\System32\KERNEL32.DLL
0x00007ff9843d0000 - 0x00007ff984675000 	C:\Windows\System32\KERNELBASE.dll
0x00007ff984680000 - 0x00007ff98477a000 	C:\Windows\System32\ucrtbase.dll
0x00007ff945de0000 - 0x00007ff945df9000 	E:\Program Files\Android\Android Studio\jre\bin\jli.dll
0x00007ff985750000 - 0x00007ff9858e4000 	C:\Windows\System32\USER32.dll
0x00007ff984780000 - 0x00007ff9847a1000 	C:\Windows\System32\win32u.dll
0x00007ff9850f0000 - 0x00007ff985116000 	C:\Windows\System32\GDI32.dll
0x00007ff984230000 - 0x00007ff9843c6000 	C:\Windows\System32\gdi32full.dll
0x00007ff983950000 - 0x00007ff9839ee000 	C:\Windows\System32\msvcp_win.dll
0x00007ff945dc0000 - 0x00007ff945dd7000 	E:\Program Files\Android\Android Studio\jre\bin\VCRUNTIME140.dll
0x00007ff9727a0000 - 0x00007ff972a24000 	C:\Windows\WinSxS\amd64_microsoft.windows.common-controls_6595b64144ccf1df_6.0.18362.1256_none_9e7e379be45e40e2\COMCTL32.dll
0x00007ff985ea0000 - 0x00007ff985f3e000 	C:\Windows\System32\msvcrt.dll
0x00007ff985370000 - 0x00007ff9856a6000 	C:\Windows\System32\combase.dll
0x00007ff985250000 - 0x00007ff985370000 	C:\Windows\System32\RPCRT4.dll
0x00007ff9839f0000 - 0x00007ff983a71000 	C:\Windows\System32\bcryptPrimitives.dll
0x00007ff986550000 - 0x00007ff98657e000 	C:\Windows\System32\IMM32.DLL
0x00007ff945d20000 - 0x00007ff945dbd000 	E:\Program Files\Android\Android Studio\jre\bin\msvcp140.dll
0x00007ff92e280000 - 0x00007ff92ed3c000 	E:\Program Files\Android\Android Studio\jre\bin\server\jvm.dll
0x00007ff986630000 - 0x00007ff9866d3000 	C:\Windows\System32\ADVAPI32.dll
0x00007ff9856b0000 - 0x00007ff985747000 	C:\Windows\System32\sechost.dll
0x00007ff9848b0000 - 0x00007ff9848b8000 	C:\Windows\System32\PSAPI.DLL
0x00007ff962f40000 - 0x00007ff962f49000 	C:\Windows\SYSTEM32\WSOCK32.dll
0x00007ff9851e0000 - 0x00007ff98524f000 	C:\Windows\System32\WS2_32.dll
0x00007ff981420000 - 0x00007ff981444000 	C:\Windows\SYSTEM32\WINMM.dll
0x00007ff97bba0000 - 0x00007ff97bbaa000 	C:\Windows\SYSTEM32\VERSION.dll
0x00007ff9813f0000 - 0x00007ff98141d000 	C:\Windows\SYSTEM32\WINMMBASE.dll
0x00007ff9847b0000 - 0x00007ff9847fa000 	C:\Windows\System32\cfgmgr32.dll
0x00007ff983700000 - 0x00007ff983711000 	C:\Windows\System32\kernel.appcore.dll
0x00007ff92e260000 - 0x00007ff92e271000 	E:\Program Files\Android\Android Studio\jre\bin\verify.dll
0x00007ff981f40000 - 0x00007ff982134000 	C:\Windows\SYSTEM32\DBGHELP.DLL
0x00007ff971d80000 - 0x00007ff971daa000 	C:\Windows\SYSTEM32\dbgcore.DLL
0x00007ff92e1c0000 - 0x00007ff92e1e9000 	E:\Program Files\Android\Android Studio\jre\bin\java.dll
0x00007ff92f520000 - 0x00007ff92f52b000 	E:\Program Files\Android\Android Studio\jre\bin\jimage.dll
0x00007ff92e240000 - 0x00007ff92e258000 	E:\Program Files\Android\Android Studio\jre\bin\zip.dll
0x00007ff9848c0000 - 0x00007ff984fa7000 	C:\Windows\System32\SHELL32.dll
0x00007ff986580000 - 0x00007ff986629000 	C:\Windows\System32\shcore.dll
0x00007ff983aa0000 - 0x00007ff984221000 	C:\Windows\System32\windows.storage.dll
0x00007ff983720000 - 0x00007ff983743000 	C:\Windows\System32\profapi.dll
0x00007ff9836b0000 - 0x00007ff9836fa000 	C:\Windows\System32\powrprof.dll
0x00007ff9836a0000 - 0x00007ff9836b0000 	C:\Windows\System32\UMPDC.dll
0x00007ff9864f0000 - 0x00007ff986542000 	C:\Windows\System32\shlwapi.dll
0x00007ff983a80000 - 0x00007ff983a97000 	C:\Windows\System32\cryptsp.dll
0x00007ff92e220000 - 0x00007ff92e23a000 	E:\Program Files\Android\Android Studio\jre\bin\net.dll
0x00007ff972b40000 - 0x00007ff972c30000 	C:\Windows\SYSTEM32\WINHTTP.dll
0x00007ff982e90000 - 0x00007ff982ef7000 	C:\Windows\system32\mswsock.dll
0x00007ff92e200000 - 0x00007ff92e214000 	E:\Program Files\Android\Android Studio\jre\bin\nio.dll
0x00007ff97d720000 - 0x00007ff97d747000 	C:\Users\hp\.gradle\native\fdc75f09e3144964f2cf3f50f0aa648679c211496f362492102eb8c894070792\windows-amd64\native-platform.dll
0x00007ff94a370000 - 0x00007ff94a506000 	C:\Users\hp\.gradle\native\12488b8bf47d2d4c9fbf2f6322a914ad602e24e48041cd04a747c6da556b65c4\windows-amd64\native-platform-file-events.dll
0x00007ff92e1f0000 - 0x00007ff92e1fa000 	E:\Program Files\Android\Android Studio\jre\bin\management.dll
0x00007ff92e1b0000 - 0x00007ff92e1bc000 	E:\Program Files\Android\Android Studio\jre\bin\management_ext.dll
0x00007ff982a00000 - 0x00007ff982a33000 	C:\Windows\system32\rsaenh.dll
0x00007ff9838c0000 - 0x00007ff9838e6000 	C:\Windows\System32\bcrypt.dll
0x00007ff9835c0000 - 0x00007ff9835e5000 	C:\Windows\SYSTEM32\USERENV.dll
0x00007ff9834d0000 - 0x00007ff9834dc000 	C:\Windows\SYSTEM32\CRYPTBASE.dll
0x00007ff982ba0000 - 0x00007ff982bda000 	C:\Windows\SYSTEM32\IPHLPAPI.DLL
0x00007ff985120000 - 0x00007ff985128000 	C:\Windows\System32\NSI.dll
0x00007ff974e40000 - 0x00007ff974e56000 	C:\Windows\SYSTEM32\dhcpcsvc6.DLL
0x00007ff97ac40000 - 0x00007ff97ac5c000 	C:\Windows\SYSTEM32\dhcpcsvc.DLL
0x00007ff982bf0000 - 0x00007ff982cbb000 	C:\Windows\SYSTEM32\DNSAPI.dll
0x00007ff97b440000 - 0x00007ff97b44b000 	C:\Windows\SYSTEM32\WINNSI.DLL
0x00007ff943a40000 - 0x00007ff943a67000 	E:\Program Files\Android\Android Studio\jre\bin\sunec.dll
0x00007ff9725a0000 - 0x00007ff9725aa000 	C:\Windows\System32\rasadhlp.dll
0x00007ff974b80000 - 0x00007ff974bf7000 	C:\Windows\System32\fwpuclnt.dll
0x00007ff94b590000 - 0x00007ff94b732000 	E:\Program Files\Android\Android Studio\jre\bin\awt.dll
0x00007ff986200000 - 0x00007ff9862c5000 	C:\Windows\System32\OLEAUT32.dll
0x00007ff9819c0000 - 0x00007ff9819ed000 	C:\Windows\SYSTEM32\dwmapi.dll
0x00007ff981310000 - 0x00007ff98139f000 	C:\Windows\SYSTEM32\apphelp.dll
0x00007ff981590000 - 0x00007ff981629000 	C:\Windows\system32\uxtheme.dll

dbghelp: loaded successfully - version: 4.0.5 - missing functions: none
symbol engine: initialized successfully - sym options: 0x614 - pdb path: .;E:\Program Files\Android\Android Studio\jre\bin;C:\Windows\SYSTEM32;C:\Program Files\AVAST Software\Avast\x64;C:\Windows\WinSxS\amd64_microsoft.windows.common-controls_6595b64144ccf1df_6.0.18362.1256_none_9e7e379be45e40e2;E:\Program Files\Android\Android Studio\jre\bin\server;C:\Users\hp\.gradle\native\fdc75f09e3144964f2cf3f50f0aa648679c211496f362492102eb8c894070792\windows-amd64;C:\Users\hp\.gradle\native\12488b8bf47d2d4c9fbf2f6322a914ad602e24e48041cd04a747c6da556b65c4\windows-amd64

VM Arguments:
jvm_args: --add-opens=java.base/java.util=ALL-UNNAMED --add-opens=java.base/java.lang=ALL-UNNAMED --add-opens=java.base/java.lang.invoke=ALL-UNNAMED --add-opens=java.prefs/java.util.prefs=ALL-UNNAMED -Xmx2048m -Dfile.encoding=UTF-8 -Duser.country=US -Duser.language=en -Duser.variant 
java_command: org.gradle.launcher.daemon.bootstrap.GradleDaemon 6.7.1
java_class_path (initial): C:\Users\hp\.gradle\wrapper\dists\gradle-6.7.1-bin\bwlcbys1h7rz3272sye1xwiv6\gradle-6.7.1\lib\gradle-launcher-6.7.1.jar
Launcher Type: SUN_STANDARD

[Global flags]
     intx CICompilerCount                          = 3                                         {product} {ergonomic}
     uint ConcGCThreads                            = 1                                         {product} {ergonomic}
     uint G1ConcRefinementThreads                  = 4                                         {product} {ergonomic}
   size_t G1HeapRegionSize                         = 1048576                                   {product} {ergonomic}
    uintx GCDrainStackTargetSize                   = 64                                        {product} {ergonomic}
   size_t InitialHeapSize                          = 134217728                                 {product} {ergonomic}
   size_t MarkStackSize                            = 4194304                                   {product} {ergonomic}
   size_t MaxHeapSize                              = 2147483648                                {product} {command line}
   size_t MaxNewSize                               = 1287651328                                {product} {ergonomic}
   size_t MinHeapDeltaBytes                        = 1048576                                   {product} {ergonomic}
    uintx NonNMethodCodeHeapSize                   = 5830732                                {pd product} {ergonomic}
    uintx NonProfiledCodeHeapSize                  = 122913754                              {pd product} {ergonomic}
    uintx ProfiledCodeHeapSize                     = 122913754                              {pd product} {ergonomic}
    uintx ReservedCodeCacheSize                    = 251658240                              {pd product} {ergonomic}
     bool SegmentedCodeCache                       = true                                      {product} {ergonomic}
     bool UseCompressedClassPointers               = true                                 {lp64_product} {ergonomic}
     bool UseCompressedOops                        = true                                 {lp64_product} {ergonomic}
     bool UseG1GC                                  = true                                      {product} {ergonomic}
     bool UseLargePagesIndividualAllocation        = false                                  {pd product} {ergonomic}

Logging:
Log output configuration:
 #0: stdout all=warning uptime,level,tags
 #1: stderr all=off uptime,level,tags

Environment Variables:
JAVA_HOME=C:\Program Files\Java\jdk-17.0.1
PATH=C:\ffmpeg\bin;C:\Program Files\Common Files\Oracle\Java\javapath;C:\Python310\Scripts\;C:\Python310\;C:\ProgramData\Oracle\Java\javapath;C:\Windows\system32;C:\Windows;C:\Windows\System32\Wbem;C:\Windows\System32\WindowsPowerShell\v1.0\;C:\Windows\System32\OpenSSH\;C:\Program Files\Java\jdk-17\bin;C:\Program Files\Microsoft SQL Server\Client SDK\ODBC\110\Tools\Binn\;C:\Program Files\Microsoft SQL Server\Client SDK\ODBC\170\Tools\Binn\;C:\ProgramData\chocolatey\bin;C:\Program Files\Java\jdk-17.0.1\bin;C:\Program Files\Azure Data Studio\bin;C:\Program Files\dotnet\;C:\Program Files\Git\cmd;C:\Program Files\nodejs\;C:\Users\hp\AppData\Local\Microsoft\WindowsApps;D:\Microsoft VS Code\bin;C:\Users\hp\AppData\Local\Android\Sdk\platform-tools;C:\Users\hp\AppData\Local\Microsoft\WindowsApps;D:\Microsoft VS Code\bin;C:\Program Files\Azure Data Studio\bin;C:\Users\hp\AppData\Local\Android\Sdk\platform-tools;;C:\Users\hp\AppData\Local\Programs\Microsoft VS Code\bin;C:\Users\hp\.dotnet\tools;C:\Users\hp\AppData\Roaming\npm
USERNAME=hp
OS=Windows_NT
PROCESSOR_IDENTIFIER=Intel64 Family 6 Model 142 Stepping 9, GenuineIntel



---------------  S Y S T E M  ---------------

OS: Windows 10 , 64 bit Build 18362 (10.0.18362.1110)
OS uptime: 0 days 2:25 hours

CPU:total 4 (initial active 4) (2 cores per cpu, 2 threads per core) family 6 model 142 stepping 9, cmov, cx8, fxsr, mmx, sse, sse2, sse3, ssse3, sse4.1, sse4.2, popcnt, avx, avx2, aes, clmul, erms, 3dnowpref, lzcnt, ht, tsc, tscinvbit, bmi1, bmi2, adx, fma

Memory: 4k page, system-wide physical 8078M (855M free)
TotalPageFile size 8078M (AvailPageFile size 0M)
current process WorkingSet (physical memory assigned to process): 462M, peak: 497M
current process commit charge ("private bytes"): 579M, peak: 583M

vm_info: OpenJDK 64-Bit Server VM (11.0.8+10-b944.6842174) for windows-amd64 JRE (11.0.8+10-b944.6842174), built on Sep 19 2020 01:11:42 by "builder" with MS VC++ 14.0 (VS2015)

END.
